<?xml version="1.0" encoding="UTF-8"?>
<testsuite xmlns:xsi="http://www.w3.org/2001/XMLSchema-instance" xsi:noNamespaceSchemaLocation="https://maven.apache.org/surefire/maven-surefire-plugin/xsd/surefire-test-report-3.0.xsd" version="3.0" name="com.charlessun.javaplcadapter.worker.ConsumerWorkerTest" time="1.2" tests="2" errors="0" skipped="0" failures="0">
  <properties>
    <property name="java.specification.version" value="21"/>
    <property name="sun.cpu.isalist" value="amd64"/>
    <property name="sun.jnu.encoding" value="MS950"/>
    <property name="java.class.path" value="C:\java\java_plc_kafka_adapter\target\test-classes;C:\java\java_plc_kafka_adapter\target\classes;C:\Users\Administrator\.m2\repository\org\springframework\boot\spring-boot-starter\3.3.4\spring-boot-starter-3.3.4.jar;C:\Users\Administrator\.m2\repository\org\springframework\boot\spring-boot\3.3.4\spring-boot-3.3.4.jar;C:\Users\Administrator\.m2\repository\org\springframework\boot\spring-boot-autoconfigure\3.3.4\spring-boot-autoconfigure-3.3.4.jar;C:\Users\Administrator\.m2\repository\org\springframework\boot\spring-boot-starter-logging\3.3.4\spring-boot-starter-logging-3.3.4.jar;C:\Users\Administrator\.m2\repository\org\apache\logging\log4j\log4j-to-slf4j\2.23.1\log4j-to-slf4j-2.23.1.jar;C:\Users\Administrator\.m2\repository\org\apache\logging\log4j\log4j-api\2.23.1\log4j-api-2.23.1.jar;C:\Users\Administrator\.m2\repository\org\slf4j\jul-to-slf4j\2.0.16\jul-to-slf4j-2.0.16.jar;C:\Users\Administrator\.m2\repository\jakarta\annotation\jakarta.annotation-api\2.1.1\jakarta.annotation-api-2.1.1.jar;C:\Users\Administrator\.m2\repository\org\springframework\spring-core\6.1.13\spring-core-6.1.13.jar;C:\Users\Administrator\.m2\repository\org\springframework\spring-jcl\6.1.13\spring-jcl-6.1.13.jar;C:\Users\Administrator\.m2\repository\org\yaml\snakeyaml\2.2\snakeyaml-2.2.jar;C:\Users\Administrator\.m2\repository\org\springframework\kafka\spring-kafka\3.3.4\spring-kafka-3.3.4.jar;C:\Users\Administrator\.m2\repository\org\springframework\spring-context\6.2.4\spring-context-6.2.4.jar;C:\Users\Administrator\.m2\repository\org\springframework\spring-aop\6.2.4\spring-aop-6.2.4.jar;C:\Users\Administrator\.m2\repository\org\springframework\spring-beans\6.2.4\spring-beans-6.2.4.jar;C:\Users\Administrator\.m2\repository\org\springframework\spring-expression\6.2.4\spring-expression-6.2.4.jar;C:\Users\Administrator\.m2\repository\org\springframework\spring-messaging\6.2.4\spring-messaging-6.2.4.jar;C:\Users\Administrator\.m2\repository\org\springframework\spring-tx\6.2.4\spring-tx-6.2.4.jar;C:\Users\Administrator\.m2\repository\org\springframework\retry\spring-retry\2.0.11\spring-retry-2.0.11.jar;C:\Users\Administrator\.m2\repository\org\apache\kafka\kafka-clients\3.8.1\kafka-clients-3.8.1.jar;C:\Users\Administrator\.m2\repository\com\github\luben\zstd-jni\1.5.6-4\zstd-jni-1.5.6-4.jar;C:\Users\Administrator\.m2\repository\org\lz4\lz4-java\1.8.0\lz4-java-1.8.0.jar;C:\Users\Administrator\.m2\repository\org\xerial\snappy\snappy-java\1.1.10.5\snappy-java-1.1.10.5.jar;C:\Users\Administrator\.m2\repository\io\micrometer\micrometer-observation\1.14.5\micrometer-observation-1.14.5.jar;C:\Users\Administrator\.m2\repository\io\micrometer\micrometer-commons\1.14.5\micrometer-commons-1.14.5.jar;C:\Users\Administrator\.m2\repository\org\projectlombok\lombok\1.18.34\lombok-1.18.34.jar;C:\Users\Administrator\.m2\repository\org\springframework\boot\spring-boot-starter-test\3.3.4\spring-boot-starter-test-3.3.4.jar;C:\Users\Administrator\.m2\repository\org\springframework\boot\spring-boot-test\3.3.4\spring-boot-test-3.3.4.jar;C:\Users\Administrator\.m2\repository\org\springframework\boot\spring-boot-test-autoconfigure\3.3.4\spring-boot-test-autoconfigure-3.3.4.jar;C:\Users\Administrator\.m2\repository\com\jayway\jsonpath\json-path\2.9.0\json-path-2.9.0.jar;C:\Users\Administrator\.m2\repository\jakarta\xml\bind\jakarta.xml.bind-api\4.0.2\jakarta.xml.bind-api-4.0.2.jar;C:\Users\Administrator\.m2\repository\jakarta\activation\jakarta.activation-api\2.1.3\jakarta.activation-api-2.1.3.jar;C:\Users\Administrator\.m2\repository\net\minidev\json-smart\2.5.1\json-smart-2.5.1.jar;C:\Users\Administrator\.m2\repository\net\minidev\accessors-smart\2.5.1\accessors-smart-2.5.1.jar;C:\Users\Administrator\.m2\repository\org\ow2\asm\asm\9.6\asm-9.6.jar;C:\Users\Administrator\.m2\repository\org\assertj\assertj-core\3.25.3\assertj-core-3.25.3.jar;C:\Users\Administrator\.m2\repository\net\bytebuddy\byte-buddy\1.14.11\byte-buddy-1.14.11.jar;C:\Users\Administrator\.m2\repository\org\awaitility\awaitility\4.2.2\awaitility-4.2.2.jar;C:\Users\Administrator\.m2\repository\org\hamcrest\hamcrest\2.2\hamcrest-2.2.jar;C:\Users\Administrator\.m2\repository\org\mockito\mockito-core\5.11.0\mockito-core-5.11.0.jar;C:\Users\Administrator\.m2\repository\net\bytebuddy\byte-buddy-agent\1.14.12\byte-buddy-agent-1.14.12.jar;C:\Users\Administrator\.m2\repository\org\objenesis\objenesis\3.3\objenesis-3.3.jar;C:\Users\Administrator\.m2\repository\org\skyscreamer\jsonassert\1.5.3\jsonassert-1.5.3.jar;C:\Users\Administrator\.m2\repository\com\vaadin\external\google\android-json\0.0.20131108.vaadin1\android-json-0.0.20131108.vaadin1.jar;C:\Users\Administrator\.m2\repository\org\springframework\spring-test\6.1.13\spring-test-6.1.13.jar;C:\Users\Administrator\.m2\repository\org\xmlunit\xmlunit-core\2.9.1\xmlunit-core-2.9.1.jar;C:\Users\Administrator\.m2\repository\org\junit\jupiter\junit-jupiter\5.11.0\junit-jupiter-5.11.0.jar;C:\Users\Administrator\.m2\repository\org\junit\jupiter\junit-jupiter-api\5.11.0\junit-jupiter-api-5.11.0.jar;C:\Users\Administrator\.m2\repository\org\opentest4j\opentest4j\1.3.0\opentest4j-1.3.0.jar;C:\Users\Administrator\.m2\repository\org\junit\platform\junit-platform-commons\1.11.0\junit-platform-commons-1.11.0.jar;C:\Users\Administrator\.m2\repository\org\apiguardian\apiguardian-api\1.1.2\apiguardian-api-1.1.2.jar;C:\Users\Administrator\.m2\repository\org\junit\jupiter\junit-jupiter-params\5.11.0\junit-jupiter-params-5.11.0.jar;C:\Users\Administrator\.m2\repository\org\junit\jupiter\junit-jupiter-engine\5.11.0\junit-jupiter-engine-5.11.0.jar;C:\Users\Administrator\.m2\repository\org\junit\platform\junit-platform-engine\1.11.0\junit-platform-engine-1.11.0.jar;C:\Users\Administrator\.m2\repository\org\mockito\mockito-junit-jupiter\5.13.0\mockito-junit-jupiter-5.13.0.jar;C:\Users\Administrator\.m2\repository\org\slf4j\slf4j-api\2.0.9\slf4j-api-2.0.9.jar;C:\Users\Administrator\.m2\repository\ch\qos\logback\logback-classic\1.4.11\logback-classic-1.4.11.jar;C:\Users\Administrator\.m2\repository\ch\qos\logback\logback-core\1.4.11\logback-core-1.4.11.jar;"/>
    <property name="java.vm.vendor" value="Oracle Corporation"/>
    <property name="sun.arch.data.model" value="64"/>
    <property name="user.variant" value=""/>
    <property name="java.vendor.url" value="https://java.oracle.com/"/>
    <property name="user.timezone" value="Asia/Taipei"/>
    <property name="os.name" value="Windows 10"/>
    <property name="java.vm.specification.version" value="21"/>
    <property name="sun.java.launcher" value="SUN_STANDARD"/>
    <property name="user.country" value="TW"/>
    <property name="sun.boot.library.path" value="C:\Program Files\Java\jdk-21\bin"/>
    <property name="sun.java.command" value="C:\Users\Administrator\AppData\Local\Temp\surefire7473469183549508458\surefirebooter-20251009114749110_3.jar C:\Users\Administrator\AppData\Local\Temp\surefire7473469183549508458 2025-10-09T11-47-48_948-jvmRun1 surefire-20251009114749110_1tmp surefire_0-20251009114749110_2tmp"/>
    <property name="jdk.debug" value="release"/>
    <property name="surefire.test.class.path" value="C:\java\java_plc_kafka_adapter\target\test-classes;C:\java\java_plc_kafka_adapter\target\classes;C:\Users\Administrator\.m2\repository\org\springframework\boot\spring-boot-starter\3.3.4\spring-boot-starter-3.3.4.jar;C:\Users\Administrator\.m2\repository\org\springframework\boot\spring-boot\3.3.4\spring-boot-3.3.4.jar;C:\Users\Administrator\.m2\repository\org\springframework\boot\spring-boot-autoconfigure\3.3.4\spring-boot-autoconfigure-3.3.4.jar;C:\Users\Administrator\.m2\repository\org\springframework\boot\spring-boot-starter-logging\3.3.4\spring-boot-starter-logging-3.3.4.jar;C:\Users\Administrator\.m2\repository\org\apache\logging\log4j\log4j-to-slf4j\2.23.1\log4j-to-slf4j-2.23.1.jar;C:\Users\Administrator\.m2\repository\org\apache\logging\log4j\log4j-api\2.23.1\log4j-api-2.23.1.jar;C:\Users\Administrator\.m2\repository\org\slf4j\jul-to-slf4j\2.0.16\jul-to-slf4j-2.0.16.jar;C:\Users\Administrator\.m2\repository\jakarta\annotation\jakarta.annotation-api\2.1.1\jakarta.annotation-api-2.1.1.jar;C:\Users\Administrator\.m2\repository\org\springframework\spring-core\6.1.13\spring-core-6.1.13.jar;C:\Users\Administrator\.m2\repository\org\springframework\spring-jcl\6.1.13\spring-jcl-6.1.13.jar;C:\Users\Administrator\.m2\repository\org\yaml\snakeyaml\2.2\snakeyaml-2.2.jar;C:\Users\Administrator\.m2\repository\org\springframework\kafka\spring-kafka\3.3.4\spring-kafka-3.3.4.jar;C:\Users\Administrator\.m2\repository\org\springframework\spring-context\6.2.4\spring-context-6.2.4.jar;C:\Users\Administrator\.m2\repository\org\springframework\spring-aop\6.2.4\spring-aop-6.2.4.jar;C:\Users\Administrator\.m2\repository\org\springframework\spring-beans\6.2.4\spring-beans-6.2.4.jar;C:\Users\Administrator\.m2\repository\org\springframework\spring-expression\6.2.4\spring-expression-6.2.4.jar;C:\Users\Administrator\.m2\repository\org\springframework\spring-messaging\6.2.4\spring-messaging-6.2.4.jar;C:\Users\Administrator\.m2\repository\org\springframework\spring-tx\6.2.4\spring-tx-6.2.4.jar;C:\Users\Administrator\.m2\repository\org\springframework\retry\spring-retry\2.0.11\spring-retry-2.0.11.jar;C:\Users\Administrator\.m2\repository\org\apache\kafka\kafka-clients\3.8.1\kafka-clients-3.8.1.jar;C:\Users\Administrator\.m2\repository\com\github\luben\zstd-jni\1.5.6-4\zstd-jni-1.5.6-4.jar;C:\Users\Administrator\.m2\repository\org\lz4\lz4-java\1.8.0\lz4-java-1.8.0.jar;C:\Users\Administrator\.m2\repository\org\xerial\snappy\snappy-java\1.1.10.5\snappy-java-1.1.10.5.jar;C:\Users\Administrator\.m2\repository\io\micrometer\micrometer-observation\1.14.5\micrometer-observation-1.14.5.jar;C:\Users\Administrator\.m2\repository\io\micrometer\micrometer-commons\1.14.5\micrometer-commons-1.14.5.jar;C:\Users\Administrator\.m2\repository\org\projectlombok\lombok\1.18.34\lombok-1.18.34.jar;C:\Users\Administrator\.m2\repository\org\springframework\boot\spring-boot-starter-test\3.3.4\spring-boot-starter-test-3.3.4.jar;C:\Users\Administrator\.m2\repository\org\springframework\boot\spring-boot-test\3.3.4\spring-boot-test-3.3.4.jar;C:\Users\Administrator\.m2\repository\org\springframework\boot\spring-boot-test-autoconfigure\3.3.4\spring-boot-test-autoconfigure-3.3.4.jar;C:\Users\Administrator\.m2\repository\com\jayway\jsonpath\json-path\2.9.0\json-path-2.9.0.jar;C:\Users\Administrator\.m2\repository\jakarta\xml\bind\jakarta.xml.bind-api\4.0.2\jakarta.xml.bind-api-4.0.2.jar;C:\Users\Administrator\.m2\repository\jakarta\activation\jakarta.activation-api\2.1.3\jakarta.activation-api-2.1.3.jar;C:\Users\Administrator\.m2\repository\net\minidev\json-smart\2.5.1\json-smart-2.5.1.jar;C:\Users\Administrator\.m2\repository\net\minidev\accessors-smart\2.5.1\accessors-smart-2.5.1.jar;C:\Users\Administrator\.m2\repository\org\ow2\asm\asm\9.6\asm-9.6.jar;C:\Users\Administrator\.m2\repository\org\assertj\assertj-core\3.25.3\assertj-core-3.25.3.jar;C:\Users\Administrator\.m2\repository\net\bytebuddy\byte-buddy\1.14.11\byte-buddy-1.14.11.jar;C:\Users\Administrator\.m2\repository\org\awaitility\awaitility\4.2.2\awaitility-4.2.2.jar;C:\Users\Administrator\.m2\repository\org\hamcrest\hamcrest\2.2\hamcrest-2.2.jar;C:\Users\Administrator\.m2\repository\org\mockito\mockito-core\5.11.0\mockito-core-5.11.0.jar;C:\Users\Administrator\.m2\repository\net\bytebuddy\byte-buddy-agent\1.14.12\byte-buddy-agent-1.14.12.jar;C:\Users\Administrator\.m2\repository\org\objenesis\objenesis\3.3\objenesis-3.3.jar;C:\Users\Administrator\.m2\repository\org\skyscreamer\jsonassert\1.5.3\jsonassert-1.5.3.jar;C:\Users\Administrator\.m2\repository\com\vaadin\external\google\android-json\0.0.20131108.vaadin1\android-json-0.0.20131108.vaadin1.jar;C:\Users\Administrator\.m2\repository\org\springframework\spring-test\6.1.13\spring-test-6.1.13.jar;C:\Users\Administrator\.m2\repository\org\xmlunit\xmlunit-core\2.9.1\xmlunit-core-2.9.1.jar;C:\Users\Administrator\.m2\repository\org\junit\jupiter\junit-jupiter\5.11.0\junit-jupiter-5.11.0.jar;C:\Users\Administrator\.m2\repository\org\junit\jupiter\junit-jupiter-api\5.11.0\junit-jupiter-api-5.11.0.jar;C:\Users\Administrator\.m2\repository\org\opentest4j\opentest4j\1.3.0\opentest4j-1.3.0.jar;C:\Users\Administrator\.m2\repository\org\junit\platform\junit-platform-commons\1.11.0\junit-platform-commons-1.11.0.jar;C:\Users\Administrator\.m2\repository\org\apiguardian\apiguardian-api\1.1.2\apiguardian-api-1.1.2.jar;C:\Users\Administrator\.m2\repository\org\junit\jupiter\junit-jupiter-params\5.11.0\junit-jupiter-params-5.11.0.jar;C:\Users\Administrator\.m2\repository\org\junit\jupiter\junit-jupiter-engine\5.11.0\junit-jupiter-engine-5.11.0.jar;C:\Users\Administrator\.m2\repository\org\junit\platform\junit-platform-engine\1.11.0\junit-platform-engine-1.11.0.jar;C:\Users\Administrator\.m2\repository\org\mockito\mockito-junit-jupiter\5.13.0\mockito-junit-jupiter-5.13.0.jar;C:\Users\Administrator\.m2\repository\org\slf4j\slf4j-api\2.0.9\slf4j-api-2.0.9.jar;C:\Users\Administrator\.m2\repository\ch\qos\logback\logback-classic\1.4.11\logback-classic-1.4.11.jar;C:\Users\Administrator\.m2\repository\ch\qos\logback\logback-core\1.4.11\logback-core-1.4.11.jar;"/>
    <property name="sun.cpu.endian" value="little"/>
    <property name="user.home" value="C:\Users\Administrator"/>
    <property name="user.language" value="zh"/>
    <property name="java.specification.vendor" value="Oracle Corporation"/>
    <property name="java.version.date" value="2025-07-15"/>
    <property name="java.home" value="C:\Program Files\Java\jdk-21"/>
    <property name="file.separator" value="\"/>
    <property name="basedir" value="C:\java\java_plc_kafka_adapter"/>
    <property name="java.vm.compressedOopsMode" value="Zero based"/>
    <property name="line.separator" value="&#10;"/>
    <property name="java.vm.specification.vendor" value="Oracle Corporation"/>
    <property name="java.specification.name" value="Java Platform API Specification"/>
    <property name="surefire.real.class.path" value="C:\Users\Administrator\AppData\Local\Temp\surefire7473469183549508458\surefirebooter-20251009114749110_3.jar"/>
    <property name="user.script" value=""/>
    <property name="sun.management.compiler" value="HotSpot 64-Bit Tiered Compilers"/>
    <property name="java.runtime.version" value="21.0.8+12-LTS-250"/>
    <property name="user.name" value="Administrator"/>
    <property name="stdout.encoding" value="MS950"/>
    <property name="path.separator" value=";"/>
    <property name="os.version" value="10.0"/>
    <property name="java.runtime.name" value="Java(TM) SE Runtime Environment"/>
    <property name="file.encoding" value="UTF-8"/>
    <property name="java.vm.name" value="Java HotSpot(TM) 64-Bit Server VM"/>
    <property name="localRepository" value="C:\Users\Administrator\.m2\repository"/>
    <property name="java.vendor.url.bug" value="https://bugreport.java.com/bugreport/"/>
    <property name="java.io.tmpdir" value="C:\Users\ADMINI~1\AppData\Local\Temp\"/>
    <property name="java.version" value="21.0.8"/>
    <property name="user.dir" value="C:\java\java_plc_kafka_adapter"/>
    <property name="os.arch" value="amd64"/>
    <property name="java.vm.specification.name" value="Java Virtual Machine Specification"/>
    <property name="sun.os.patch.level" value=""/>
    <property name="native.encoding" value="MS950"/>
    <property name="java.library.path" value="C:\Program Files\Java\jdk-21\bin;C:\Windows\Sun\Java\bin;C:\Windows\system32;C:\Windows;C:\Program Files\Common Files\Oracle\Java\javapath;C:\Program Files\Eclipse Adoptium\jdk-11.0.28.6-hotspot\bin;C:\Program Files (x86)\Common Files\Intel\Shared Libraries\redist\intel64\compiler;C:\Windows\system32;C:\Windows;C:\Windows\System32\Wbem;C:\Windows\System32\WindowsPowerShell\v1.0\;C:\Windows\System32\OpenSSH\;C:\Program Files (x86)\QuickTime\QTSystem\;C:\Program Files (x86)\Windows Live\Shared;C:\Program Files\NVIDIA Corporation\NVIDIA app\NvDLISR;C:\Program Files (x86)\NVIDIA Corporation\PhysX\Common;C:\Program Files\nodejs\;C:\Program Files (x86)\Windows Kits\8.1\Windows Performance Toolkit\;C:\Program Files\Microsoft SQL Server\120\Tools\Binn\;C:\Program Files\Common Files\Autodesk Shared\;C:\Program Files\dotnet\;C:\Program Files\Go\bin;C:\Program Files\Git\cmd;C:\Program Files\Docker\Docker\resources\bin;C:\Users\Administrator\AppData\Local\Programs\Python\Python313\Scripts\;C:\Users\Administrator\AppData\Local\Programs\Python\Python313\;C:\Users\Administrator\AppData\Local\Microsoft\WindowsApps;C:\Users\Administrator\AppData\Roaming\npm;C:\Users\Administrator\AppData\Local\Programs\Microsoft VS Code\bin;C:\Program Files\JetBrains\IntelliJ IDEA Community Edition 2025.2\bin;C:\Users\Administrator\go\bin;C:\msys64\ucrt64\bin;C:\Program Files (x86)\Microsoft Visual Studio\2022\BuildTools\VC\Tools\MSVC\14.44.35207\bin\Hostx64\x64;C:\msys64\mingw64\bin;C:\apache-maven\bin;;."/>
    <property name="java.vm.info" value="mixed mode, sharing"/>
    <property name="stderr.encoding" value="MS950"/>
    <property name="java.vendor" value="Oracle Corporation"/>
    <property name="java.vm.version" value="21.0.8+12-LTS-250"/>
    <property name="sun.io.unicode.encoding" value="UnicodeLittle"/>
    <property name="java.class.version" value="65.0"/>
  </properties>
  <testcase name="testWorkerHandlesProcessingExceptionGracefully" classname="com.charlessun.javaplcadapter.worker.ConsumerWorkerTest" time="0.618">
    <system-out><![CDATA[11:47:51.653 [Thread-4] ERROR com.charlessun.javaplcadapter.worker.impl.ConsumerWorkerImpl -- processingStrategy.process(record) 處理失敗: Processing failed
java.lang.RuntimeException: Processing failed
	at com.charlessun.javaplcadapter.worker.impl.ConsumerWorkerImpl.pollLoop(ConsumerWorkerImpl.java:53)
	at java.base/java.lang.Thread.run(Thread.java:1583)
11:47:51.658 [Thread-4] ERROR com.charlessun.javaplcadapter.worker.impl.ConsumerWorkerImpl -- processingStrategy.process(record) 處理失敗: Processing failed
java.lang.RuntimeException: Processing failed
	at com.charlessun.javaplcadapter.worker.impl.ConsumerWorkerImpl.pollLoop(ConsumerWorkerImpl.java:53)
	at java.base/java.lang.Thread.run(Thread.java:1583)
11:47:51.659 [Thread-4] ERROR com.charlessun.javaplcadapter.worker.impl.ConsumerWorkerImpl -- processingStrategy.process(record) 處理失敗: Processing failed
java.lang.RuntimeException: Processing failed
	at com.charlessun.javaplcadapter.worker.impl.ConsumerWorkerImpl.pollLoop(ConsumerWorkerImpl.java:53)
	at java.base/java.lang.Thread.run(Thread.java:1583)
11:47:51.659 [Thread-4] ERROR com.charlessun.javaplcadapter.worker.impl.ConsumerWorkerImpl -- processingStrategy.process(record) 處理失敗: Processing failed
java.lang.RuntimeException: Processing failed
	at com.charlessun.javaplcadapter.worker.impl.ConsumerWorkerImpl.pollLoop(ConsumerWorkerImpl.java:53)
	at java.base/java.lang.Thread.run(Thread.java:1583)
11:47:51.660 [Thread-4] ERROR com.charlessun.javaplcadapter.worker.impl.ConsumerWorkerImpl -- processingStrategy.process(record) 處理失敗: Processing failed
java.lang.RuntimeException: Processing failed
	at com.charlessun.javaplcadapter.worker.impl.ConsumerWorkerImpl.pollLoop(ConsumerWorkerImpl.java:53)
	at java.base/java.lang.Thread.run(Thread.java:1583)
11:47:51.660 [Thread-4] ERROR com.charlessun.javaplcadapter.worker.impl.ConsumerWorkerImpl -- processingStrategy.process(record) 處理失敗: Processing failed
java.lang.RuntimeException: Processing failed
	at com.charlessun.javaplcadapter.worker.impl.ConsumerWorkerImpl.pollLoop(ConsumerWorkerImpl.java:53)
	at java.base/java.lang.Thread.run(Thread.java:1583)
11:47:51.661 [Thread-4] ERROR com.charlessun.javaplcadapter.worker.impl.ConsumerWorkerImpl -- processingStrategy.process(record) 處理失敗: Processing failed
java.lang.RuntimeException: Processing failed
	at com.charlessun.javaplcadapter.worker.impl.ConsumerWorkerImpl.pollLoop(ConsumerWorkerImpl.java:53)
	at java.base/java.lang.Thread.run(Thread.java:1583)
11:47:51.662 [Thread-4] ERROR com.charlessun.javaplcadapter.worker.impl.ConsumerWorkerImpl -- processingStrategy.process(record) 處理失敗: Processing failed
java.lang.RuntimeException: Processing failed
	at com.charlessun.javaplcadapter.worker.impl.ConsumerWorkerImpl.pollLoop(ConsumerWorkerImpl.java:53)
	at java.base/java.lang.Thread.run(Thread.java:1583)
11:47:51.662 [Thread-4] ERROR com.charlessun.javaplcadapter.worker.impl.ConsumerWorkerImpl -- processingStrategy.process(record) 處理失敗: Processing failed
java.lang.RuntimeException: Processing failed
	at com.charlessun.javaplcadapter.worker.impl.ConsumerWorkerImpl.pollLoop(ConsumerWorkerImpl.java:53)
	at java.base/java.lang.Thread.run(Thread.java:1583)
11:47:51.663 [Thread-4] ERROR com.charlessun.javaplcadapter.worker.impl.ConsumerWorkerImpl -- processingStrategy.process(record) 處理失敗: Processing failed
java.lang.RuntimeException: Processing failed
	at com.charlessun.javaplcadapter.worker.impl.ConsumerWorkerImpl.pollLoop(ConsumerWorkerImpl.java:53)
	at java.base/java.lang.Thread.run(Thread.java:1583)
11:47:51.664 [Thread-4] ERROR com.charlessun.javaplcadapter.worker.impl.ConsumerWorkerImpl -- processingStrategy.process(record) 處理失敗: Processing failed
java.lang.RuntimeException: Processing failed
	at com.charlessun.javaplcadapter.worker.impl.ConsumerWorkerImpl.pollLoop(ConsumerWorkerImpl.java:53)
	at java.base/java.lang.Thread.run(Thread.java:1583)
11:47:51.664 [Thread-4] ERROR com.charlessun.javaplcadapter.worker.impl.ConsumerWorkerImpl -- processingStrategy.process(record) 處理失敗: Processing failed
java.lang.RuntimeException: Processing failed
	at com.charlessun.javaplcadapter.worker.impl.ConsumerWorkerImpl.pollLoop(ConsumerWorkerImpl.java:53)
	at java.base/java.lang.Thread.run(Thread.java:1583)
11:47:51.665 [Thread-4] ERROR com.charlessun.javaplcadapter.worker.impl.ConsumerWorkerImpl -- processingStrategy.process(record) 處理失敗: Processing failed
java.lang.RuntimeException: Processing failed
	at com.charlessun.javaplcadapter.worker.impl.ConsumerWorkerImpl.pollLoop(ConsumerWorkerImpl.java:53)
	at java.base/java.lang.Thread.run(Thread.java:1583)
11:47:51.665 [Thread-4] ERROR com.charlessun.javaplcadapter.worker.impl.ConsumerWorkerImpl -- processingStrategy.process(record) 處理失敗: Processing failed
java.lang.RuntimeException: Processing failed
	at com.charlessun.javaplcadapter.worker.impl.ConsumerWorkerImpl.pollLoop(ConsumerWorkerImpl.java:53)
	at java.base/java.lang.Thread.run(Thread.java:1583)
11:47:51.666 [Thread-4] ERROR com.charlessun.javaplcadapter.worker.impl.ConsumerWorkerImpl -- processingStrategy.process(record) 處理失敗: Processing failed
java.lang.RuntimeException: Processing failed
	at com.charlessun.javaplcadapter.worker.impl.ConsumerWorkerImpl.pollLoop(ConsumerWorkerImpl.java:53)
	at java.base/java.lang.Thread.run(Thread.java:1583)
11:47:51.666 [Thread-4] ERROR com.charlessun.javaplcadapter.worker.impl.ConsumerWorkerImpl -- processingStrategy.process(record) 處理失敗: Processing failed
java.lang.RuntimeException: Processing failed
	at com.charlessun.javaplcadapter.worker.impl.ConsumerWorkerImpl.pollLoop(ConsumerWorkerImpl.java:53)
	at java.base/java.lang.Thread.run(Thread.java:1583)
11:47:51.667 [Thread-4] ERROR com.charlessun.javaplcadapter.worker.impl.ConsumerWorkerImpl -- processingStrategy.process(record) 處理失敗: Processing failed
java.lang.RuntimeException: Processing failed
	at com.charlessun.javaplcadapter.worker.impl.ConsumerWorkerImpl.pollLoop(ConsumerWorkerImpl.java:53)
	at java.base/java.lang.Thread.run(Thread.java:1583)
11:47:51.667 [Thread-4] ERROR com.charlessun.javaplcadapter.worker.impl.ConsumerWorkerImpl -- processingStrategy.process(record) 處理失敗: Processing failed
java.lang.RuntimeException: Processing failed
	at com.charlessun.javaplcadapter.worker.impl.ConsumerWorkerImpl.pollLoop(ConsumerWorkerImpl.java:53)
	at java.base/java.lang.Thread.run(Thread.java:1583)
11:47:51.667 [Thread-4] ERROR com.charlessun.javaplcadapter.worker.impl.ConsumerWorkerImpl -- processingStrategy.process(record) 處理失敗: Processing failed
java.lang.RuntimeException: Processing failed
	at com.charlessun.javaplcadapter.worker.impl.ConsumerWorkerImpl.pollLoop(ConsumerWorkerImpl.java:53)
	at java.base/java.lang.Thread.run(Thread.java:1583)
11:47:51.668 [Thread-4] ERROR com.charlessun.javaplcadapter.worker.impl.ConsumerWorkerImpl -- processingStrategy.process(record) 處理失敗: Processing failed
java.lang.RuntimeException: Processing failed
	at com.charlessun.javaplcadapter.worker.impl.ConsumerWorkerImpl.pollLoop(ConsumerWorkerImpl.java:53)
	at java.base/java.lang.Thread.run(Thread.java:1583)
11:47:51.668 [Thread-4] ERROR com.charlessun.javaplcadapter.worker.impl.ConsumerWorkerImpl -- processingStrategy.process(record) 處理失敗: Processing failed
java.lang.RuntimeException: Processing failed
	at com.charlessun.javaplcadapter.worker.impl.ConsumerWorkerImpl.pollLoop(ConsumerWorkerImpl.java:53)
	at java.base/java.lang.Thread.run(Thread.java:1583)
11:47:51.668 [Thread-4] ERROR com.charlessun.javaplcadapter.worker.impl.ConsumerWorkerImpl -- processingStrategy.process(record) 處理失敗: Processing failed
java.lang.RuntimeException: Processing failed
	at com.charlessun.javaplcadapter.worker.impl.ConsumerWorkerImpl.pollLoop(ConsumerWorkerImpl.java:53)
	at java.base/java.lang.Thread.run(Thread.java:1583)
11:47:51.669 [Thread-4] ERROR com.charlessun.javaplcadapter.worker.impl.ConsumerWorkerImpl -- processingStrategy.process(record) 處理失敗: Processing failed
java.lang.RuntimeException: Processing failed
	at com.charlessun.javaplcadapter.worker.impl.ConsumerWorkerImpl.pollLoop(ConsumerWorkerImpl.java:53)
	at java.base/java.lang.Thread.run(Thread.java:1583)
11:47:51.669 [Thread-4] ERROR com.charlessun.javaplcadapter.worker.impl.ConsumerWorkerImpl -- processingStrategy.process(record) 處理失敗: Processing failed
java.lang.RuntimeException: Processing failed
	at com.charlessun.javaplcadapter.worker.impl.ConsumerWorkerImpl.pollLoop(ConsumerWorkerImpl.java:53)
	at java.base/java.lang.Thread.run(Thread.java:1583)
11:47:51.670 [Thread-4] ERROR com.charlessun.javaplcadapter.worker.impl.ConsumerWorkerImpl -- processingStrategy.process(record) 處理失敗: Processing failed
java.lang.RuntimeException: Processing failed
	at com.charlessun.javaplcadapter.worker.impl.ConsumerWorkerImpl.pollLoop(ConsumerWorkerImpl.java:53)
	at java.base/java.lang.Thread.run(Thread.java:1583)
11:47:51.670 [Thread-4] ERROR com.charlessun.javaplcadapter.worker.impl.ConsumerWorkerImpl -- processingStrategy.process(record) 處理失敗: Processing failed
java.lang.RuntimeException: Processing failed
	at com.charlessun.javaplcadapter.worker.impl.ConsumerWorkerImpl.pollLoop(ConsumerWorkerImpl.java:53)
	at java.base/java.lang.Thread.run(Thread.java:1583)
11:47:51.670 [Thread-4] ERROR com.charlessun.javaplcadapter.worker.impl.ConsumerWorkerImpl -- processingStrategy.process(record) 處理失敗: Processing failed
java.lang.RuntimeException: Processing failed
	at com.charlessun.javaplcadapter.worker.impl.ConsumerWorkerImpl.pollLoop(ConsumerWorkerImpl.java:53)
	at java.base/java.lang.Thread.run(Thread.java:1583)
11:47:51.671 [Thread-4] ERROR com.charlessun.javaplcadapter.worker.impl.ConsumerWorkerImpl -- processingStrategy.process(record) 處理失敗: Processing failed
java.lang.RuntimeException: Processing failed
	at com.charlessun.javaplcadapter.worker.impl.ConsumerWorkerImpl.pollLoop(ConsumerWorkerImpl.java:53)
	at java.base/java.lang.Thread.run(Thread.java:1583)
11:47:51.671 [Thread-4] ERROR com.charlessun.javaplcadapter.worker.impl.ConsumerWorkerImpl -- processingStrategy.process(record) 處理失敗: Processing failed
java.lang.RuntimeException: Processing failed
	at com.charlessun.javaplcadapter.worker.impl.ConsumerWorkerImpl.pollLoop(ConsumerWorkerImpl.java:53)
	at java.base/java.lang.Thread.run(Thread.java:1583)
11:47:51.672 [Thread-4] ERROR com.charlessun.javaplcadapter.worker.impl.ConsumerWorkerImpl -- processingStrategy.process(record) 處理失敗: Processing failed
java.lang.RuntimeException: Processing failed
	at com.charlessun.javaplcadapter.worker.impl.ConsumerWorkerImpl.pollLoop(ConsumerWorkerImpl.java:53)
	at java.base/java.lang.Thread.run(Thread.java:1583)
11:47:51.672 [Thread-4] ERROR com.charlessun.javaplcadapter.worker.impl.ConsumerWorkerImpl -- processingStrategy.process(record) 處理失敗: Processing failed
java.lang.RuntimeException: Processing failed
	at com.charlessun.javaplcadapter.worker.impl.ConsumerWorkerImpl.pollLoop(ConsumerWorkerImpl.java:53)
	at java.base/java.lang.Thread.run(Thread.java:1583)
11:47:51.672 [Thread-4] ERROR com.charlessun.javaplcadapter.worker.impl.ConsumerWorkerImpl -- processingStrategy.process(record) 處理失敗: Processing failed
java.lang.RuntimeException: Processing failed
	at com.charlessun.javaplcadapter.worker.impl.ConsumerWorkerImpl.pollLoop(ConsumerWorkerImpl.java:53)
	at java.base/java.lang.Thread.run(Thread.java:1583)
11:47:51.673 [Thread-4] ERROR com.charlessun.javaplcadapter.worker.impl.ConsumerWorkerImpl -- processingStrategy.process(record) 處理失敗: Processing failed
java.lang.RuntimeException: Processing failed
	at com.charlessun.javaplcadapter.worker.impl.ConsumerWorkerImpl.pollLoop(ConsumerWorkerImpl.java:53)
	at java.base/java.lang.Thread.run(Thread.java:1583)
11:47:51.673 [Thread-4] ERROR com.charlessun.javaplcadapter.worker.impl.ConsumerWorkerImpl -- processingStrategy.process(record) 處理失敗: Processing failed
java.lang.RuntimeException: Processing failed
	at com.charlessun.javaplcadapter.worker.impl.ConsumerWorkerImpl.pollLoop(ConsumerWorkerImpl.java:53)
	at java.base/java.lang.Thread.run(Thread.java:1583)
11:47:51.673 [Thread-4] ERROR com.charlessun.javaplcadapter.worker.impl.ConsumerWorkerImpl -- processingStrategy.process(record) 處理失敗: Processing failed
java.lang.RuntimeException: Processing failed
	at com.charlessun.javaplcadapter.worker.impl.ConsumerWorkerImpl.pollLoop(ConsumerWorkerImpl.java:53)
	at java.base/java.lang.Thread.run(Thread.java:1583)
11:47:51.674 [Thread-4] ERROR com.charlessun.javaplcadapter.worker.impl.ConsumerWorkerImpl -- processingStrategy.process(record) 處理失敗: Processing failed
java.lang.RuntimeException: Processing failed
	at com.charlessun.javaplcadapter.worker.impl.ConsumerWorkerImpl.pollLoop(ConsumerWorkerImpl.java:53)
	at java.base/java.lang.Thread.run(Thread.java:1583)
11:47:51.674 [Thread-4] ERROR com.charlessun.javaplcadapter.worker.impl.ConsumerWorkerImpl -- processingStrategy.process(record) 處理失敗: Processing failed
java.lang.RuntimeException: Processing failed
	at com.charlessun.javaplcadapter.worker.impl.ConsumerWorkerImpl.pollLoop(ConsumerWorkerImpl.java:53)
	at java.base/java.lang.Thread.run(Thread.java:1583)
11:47:51.675 [Thread-4] ERROR com.charlessun.javaplcadapter.worker.impl.ConsumerWorkerImpl -- processingStrategy.process(record) 處理失敗: Processing failed
java.lang.RuntimeException: Processing failed
	at com.charlessun.javaplcadapter.worker.impl.ConsumerWorkerImpl.pollLoop(ConsumerWorkerImpl.java:53)
	at java.base/java.lang.Thread.run(Thread.java:1583)
11:47:51.675 [Thread-4] ERROR com.charlessun.javaplcadapter.worker.impl.ConsumerWorkerImpl -- processingStrategy.process(record) 處理失敗: Processing failed
java.lang.RuntimeException: Processing failed
	at com.charlessun.javaplcadapter.worker.impl.ConsumerWorkerImpl.pollLoop(ConsumerWorkerImpl.java:53)
	at java.base/java.lang.Thread.run(Thread.java:1583)
11:47:51.675 [Thread-4] ERROR com.charlessun.javaplcadapter.worker.impl.ConsumerWorkerImpl -- processingStrategy.process(record) 處理失敗: Processing failed
java.lang.RuntimeException: Processing failed
	at com.charlessun.javaplcadapter.worker.impl.ConsumerWorkerImpl.pollLoop(ConsumerWorkerImpl.java:53)
	at java.base/java.lang.Thread.run(Thread.java:1583)
11:47:51.675 [Thread-4] ERROR com.charlessun.javaplcadapter.worker.impl.ConsumerWorkerImpl -- processingStrategy.process(record) 處理失敗: Processing failed
java.lang.RuntimeException: Processing failed
	at com.charlessun.javaplcadapter.worker.impl.ConsumerWorkerImpl.pollLoop(ConsumerWorkerImpl.java:53)
	at java.base/java.lang.Thread.run(Thread.java:1583)
11:47:51.676 [Thread-4] ERROR com.charlessun.javaplcadapter.worker.impl.ConsumerWorkerImpl -- processingStrategy.process(record) 處理失敗: Processing failed
java.lang.RuntimeException: Processing failed
	at com.charlessun.javaplcadapter.worker.impl.ConsumerWorkerImpl.pollLoop(ConsumerWorkerImpl.java:53)
	at java.base/java.lang.Thread.run(Thread.java:1583)
11:47:51.676 [Thread-4] ERROR com.charlessun.javaplcadapter.worker.impl.ConsumerWorkerImpl -- processingStrategy.process(record) 處理失敗: Processing failed
java.lang.RuntimeException: Processing failed
	at com.charlessun.javaplcadapter.worker.impl.ConsumerWorkerImpl.pollLoop(ConsumerWorkerImpl.java:53)
	at java.base/java.lang.Thread.run(Thread.java:1583)
11:47:51.677 [Thread-4] ERROR com.charlessun.javaplcadapter.worker.impl.ConsumerWorkerImpl -- processingStrategy.process(record) 處理失敗: Processing failed
java.lang.RuntimeException: Processing failed
	at com.charlessun.javaplcadapter.worker.impl.ConsumerWorkerImpl.pollLoop(ConsumerWorkerImpl.java:53)
	at java.base/java.lang.Thread.run(Thread.java:1583)
11:47:51.677 [Thread-4] ERROR com.charlessun.javaplcadapter.worker.impl.ConsumerWorkerImpl -- processingStrategy.process(record) 處理失敗: Processing failed
java.lang.RuntimeException: Processing failed
	at com.charlessun.javaplcadapter.worker.impl.ConsumerWorkerImpl.pollLoop(ConsumerWorkerImpl.java:53)
	at java.base/java.lang.Thread.run(Thread.java:1583)
11:47:51.677 [Thread-4] ERROR com.charlessun.javaplcadapter.worker.impl.ConsumerWorkerImpl -- processingStrategy.process(record) 處理失敗: Processing failed
java.lang.RuntimeException: Processing failed
	at com.charlessun.javaplcadapter.worker.impl.ConsumerWorkerImpl.pollLoop(ConsumerWorkerImpl.java:53)
	at java.base/java.lang.Thread.run(Thread.java:1583)
11:47:51.677 [Thread-4] ERROR com.charlessun.javaplcadapter.worker.impl.ConsumerWorkerImpl -- processingStrategy.process(record) 處理失敗: Processing failed
java.lang.RuntimeException: Processing failed
	at com.charlessun.javaplcadapter.worker.impl.ConsumerWorkerImpl.pollLoop(ConsumerWorkerImpl.java:53)
	at java.base/java.lang.Thread.run(Thread.java:1583)
11:47:51.678 [Thread-4] ERROR com.charlessun.javaplcadapter.worker.impl.ConsumerWorkerImpl -- processingStrategy.process(record) 處理失敗: Processing failed
java.lang.RuntimeException: Processing failed
	at com.charlessun.javaplcadapter.worker.impl.ConsumerWorkerImpl.pollLoop(ConsumerWorkerImpl.java:53)
	at java.base/java.lang.Thread.run(Thread.java:1583)
11:47:51.678 [Thread-4] ERROR com.charlessun.javaplcadapter.worker.impl.ConsumerWorkerImpl -- processingStrategy.process(record) 處理失敗: Processing failed
java.lang.RuntimeException: Processing failed
	at com.charlessun.javaplcadapter.worker.impl.ConsumerWorkerImpl.pollLoop(ConsumerWorkerImpl.java:53)
	at java.base/java.lang.Thread.run(Thread.java:1583)
11:47:51.678 [Thread-4] ERROR com.charlessun.javaplcadapter.worker.impl.ConsumerWorkerImpl -- processingStrategy.process(record) 處理失敗: Processing failed
java.lang.RuntimeException: Processing failed
	at com.charlessun.javaplcadapter.worker.impl.ConsumerWorkerImpl.pollLoop(ConsumerWorkerImpl.java:53)
	at java.base/java.lang.Thread.run(Thread.java:1583)
11:47:51.679 [Thread-4] ERROR com.charlessun.javaplcadapter.worker.impl.ConsumerWorkerImpl -- processingStrategy.process(record) 處理失敗: Processing failed
java.lang.RuntimeException: Processing failed
	at com.charlessun.javaplcadapter.worker.impl.ConsumerWorkerImpl.pollLoop(ConsumerWorkerImpl.java:53)
	at java.base/java.lang.Thread.run(Thread.java:1583)
11:47:51.679 [Thread-4] ERROR com.charlessun.javaplcadapter.worker.impl.ConsumerWorkerImpl -- processingStrategy.process(record) 處理失敗: Processing failed
java.lang.RuntimeException: Processing failed
	at com.charlessun.javaplcadapter.worker.impl.ConsumerWorkerImpl.pollLoop(ConsumerWorkerImpl.java:53)
	at java.base/java.lang.Thread.run(Thread.java:1583)
11:47:51.679 [Thread-4] ERROR com.charlessun.javaplcadapter.worker.impl.ConsumerWorkerImpl -- processingStrategy.process(record) 處理失敗: Processing failed
java.lang.RuntimeException: Processing failed
	at com.charlessun.javaplcadapter.worker.impl.ConsumerWorkerImpl.pollLoop(ConsumerWorkerImpl.java:53)
	at java.base/java.lang.Thread.run(Thread.java:1583)
11:47:51.679 [Thread-4] ERROR com.charlessun.javaplcadapter.worker.impl.ConsumerWorkerImpl -- processingStrategy.process(record) 處理失敗: Processing failed
java.lang.RuntimeException: Processing failed
	at com.charlessun.javaplcadapter.worker.impl.ConsumerWorkerImpl.pollLoop(ConsumerWorkerImpl.java:53)
	at java.base/java.lang.Thread.run(Thread.java:1583)
11:47:51.679 [Thread-4] ERROR com.charlessun.javaplcadapter.worker.impl.ConsumerWorkerImpl -- processingStrategy.process(record) 處理失敗: Processing failed
java.lang.RuntimeException: Processing failed
	at com.charlessun.javaplcadapter.worker.impl.ConsumerWorkerImpl.pollLoop(ConsumerWorkerImpl.java:53)
	at java.base/java.lang.Thread.run(Thread.java:1583)
11:47:51.679 [Thread-4] ERROR com.charlessun.javaplcadapter.worker.impl.ConsumerWorkerImpl -- processingStrategy.process(record) 處理失敗: Processing failed
java.lang.RuntimeException: Processing failed
	at com.charlessun.javaplcadapter.worker.impl.ConsumerWorkerImpl.pollLoop(ConsumerWorkerImpl.java:53)
	at java.base/java.lang.Thread.run(Thread.java:1583)
11:47:51.680 [Thread-4] ERROR com.charlessun.javaplcadapter.worker.impl.ConsumerWorkerImpl -- processingStrategy.process(record) 處理失敗: Processing failed
java.lang.RuntimeException: Processing failed
	at com.charlessun.javaplcadapter.worker.impl.ConsumerWorkerImpl.pollLoop(ConsumerWorkerImpl.java:53)
	at java.base/java.lang.Thread.run(Thread.java:1583)
11:47:51.680 [Thread-4] ERROR com.charlessun.javaplcadapter.worker.impl.ConsumerWorkerImpl -- processingStrategy.process(record) 處理失敗: Processing failed
java.lang.RuntimeException: Processing failed
	at com.charlessun.javaplcadapter.worker.impl.ConsumerWorkerImpl.pollLoop(ConsumerWorkerImpl.java:53)
	at java.base/java.lang.Thread.run(Thread.java:1583)
11:47:51.680 [Thread-4] ERROR com.charlessun.javaplcadapter.worker.impl.ConsumerWorkerImpl -- processingStrategy.process(record) 處理失敗: Processing failed
java.lang.RuntimeException: Processing failed
	at com.charlessun.javaplcadapter.worker.impl.ConsumerWorkerImpl.pollLoop(ConsumerWorkerImpl.java:53)
	at java.base/java.lang.Thread.run(Thread.java:1583)
11:47:51.680 [Thread-4] ERROR com.charlessun.javaplcadapter.worker.impl.ConsumerWorkerImpl -- processingStrategy.process(record) 處理失敗: Processing failed
java.lang.RuntimeException: Processing failed
	at com.charlessun.javaplcadapter.worker.impl.ConsumerWorkerImpl.pollLoop(ConsumerWorkerImpl.java:53)
	at java.base/java.lang.Thread.run(Thread.java:1583)
11:47:51.681 [Thread-4] ERROR com.charlessun.javaplcadapter.worker.impl.ConsumerWorkerImpl -- processingStrategy.process(record) 處理失敗: Processing failed
java.lang.RuntimeException: Processing failed
	at com.charlessun.javaplcadapter.worker.impl.ConsumerWorkerImpl.pollLoop(ConsumerWorkerImpl.java:53)
	at java.base/java.lang.Thread.run(Thread.java:1583)
11:47:51.681 [Thread-4] ERROR com.charlessun.javaplcadapter.worker.impl.ConsumerWorkerImpl -- processingStrategy.process(record) 處理失敗: Processing failed
java.lang.RuntimeException: Processing failed
	at com.charlessun.javaplcadapter.worker.impl.ConsumerWorkerImpl.pollLoop(ConsumerWorkerImpl.java:53)
	at java.base/java.lang.Thread.run(Thread.java:1583)
11:47:51.682 [Thread-4] ERROR com.charlessun.javaplcadapter.worker.impl.ConsumerWorkerImpl -- processingStrategy.process(record) 處理失敗: Processing failed
java.lang.RuntimeException: Processing failed
	at com.charlessun.javaplcadapter.worker.impl.ConsumerWorkerImpl.pollLoop(ConsumerWorkerImpl.java:53)
	at java.base/java.lang.Thread.run(Thread.java:1583)
11:47:51.682 [Thread-4] ERROR com.charlessun.javaplcadapter.worker.impl.ConsumerWorkerImpl -- processingStrategy.process(record) 處理失敗: Processing failed
java.lang.RuntimeException: Processing failed
	at com.charlessun.javaplcadapter.worker.impl.ConsumerWorkerImpl.pollLoop(ConsumerWorkerImpl.java:53)
	at java.base/java.lang.Thread.run(Thread.java:1583)
11:47:51.683 [Thread-4] ERROR com.charlessun.javaplcadapter.worker.impl.ConsumerWorkerImpl -- processingStrategy.process(record) 處理失敗: Processing failed
java.lang.RuntimeException: Processing failed
	at com.charlessun.javaplcadapter.worker.impl.ConsumerWorkerImpl.pollLoop(ConsumerWorkerImpl.java:53)
	at java.base/java.lang.Thread.run(Thread.java:1583)
11:47:51.683 [Thread-4] ERROR com.charlessun.javaplcadapter.worker.impl.ConsumerWorkerImpl -- processingStrategy.process(record) 處理失敗: Processing failed
java.lang.RuntimeException: Processing failed
	at com.charlessun.javaplcadapter.worker.impl.ConsumerWorkerImpl.pollLoop(ConsumerWorkerImpl.java:53)
	at java.base/java.lang.Thread.run(Thread.java:1583)
11:47:51.683 [Thread-4] ERROR com.charlessun.javaplcadapter.worker.impl.ConsumerWorkerImpl -- processingStrategy.process(record) 處理失敗: Processing failed
java.lang.RuntimeException: Processing failed
	at com.charlessun.javaplcadapter.worker.impl.ConsumerWorkerImpl.pollLoop(ConsumerWorkerImpl.java:53)
	at java.base/java.lang.Thread.run(Thread.java:1583)
11:47:51.683 [Thread-4] ERROR com.charlessun.javaplcadapter.worker.impl.ConsumerWorkerImpl -- processingStrategy.process(record) 處理失敗: Processing failed
java.lang.RuntimeException: Processing failed
	at com.charlessun.javaplcadapter.worker.impl.ConsumerWorkerImpl.pollLoop(ConsumerWorkerImpl.java:53)
	at java.base/java.lang.Thread.run(Thread.java:1583)
11:47:51.684 [Thread-4] ERROR com.charlessun.javaplcadapter.worker.impl.ConsumerWorkerImpl -- processingStrategy.process(record) 處理失敗: Processing failed
java.lang.RuntimeException: Processing failed
	at com.charlessun.javaplcadapter.worker.impl.ConsumerWorkerImpl.pollLoop(ConsumerWorkerImpl.java:53)
	at java.base/java.lang.Thread.run(Thread.java:1583)
11:47:51.684 [Thread-4] ERROR com.charlessun.javaplcadapter.worker.impl.ConsumerWorkerImpl -- processingStrategy.process(record) 處理失敗: Processing failed
java.lang.RuntimeException: Processing failed
	at com.charlessun.javaplcadapter.worker.impl.ConsumerWorkerImpl.pollLoop(ConsumerWorkerImpl.java:53)
	at java.base/java.lang.Thread.run(Thread.java:1583)
11:47:51.684 [Thread-4] ERROR com.charlessun.javaplcadapter.worker.impl.ConsumerWorkerImpl -- processingStrategy.process(record) 處理失敗: Processing failed
java.lang.RuntimeException: Processing failed
	at com.charlessun.javaplcadapter.worker.impl.ConsumerWorkerImpl.pollLoop(ConsumerWorkerImpl.java:53)
	at java.base/java.lang.Thread.run(Thread.java:1583)
11:47:51.684 [Thread-4] ERROR com.charlessun.javaplcadapter.worker.impl.ConsumerWorkerImpl -- processingStrategy.process(record) 處理失敗: Processing failed
java.lang.RuntimeException: Processing failed
	at com.charlessun.javaplcadapter.worker.impl.ConsumerWorkerImpl.pollLoop(ConsumerWorkerImpl.java:53)
	at java.base/java.lang.Thread.run(Thread.java:1583)
11:47:51.685 [Thread-4] ERROR com.charlessun.javaplcadapter.worker.impl.ConsumerWorkerImpl -- processingStrategy.process(record) 處理失敗: Processing failed
java.lang.RuntimeException: Processing failed
	at com.charlessun.javaplcadapter.worker.impl.ConsumerWorkerImpl.pollLoop(ConsumerWorkerImpl.java:53)
	at java.base/java.lang.Thread.run(Thread.java:1583)
11:47:51.685 [Thread-4] ERROR com.charlessun.javaplcadapter.worker.impl.ConsumerWorkerImpl -- processingStrategy.process(record) 處理失敗: Processing failed
java.lang.RuntimeException: Processing failed
	at com.charlessun.javaplcadapter.worker.impl.ConsumerWorkerImpl.pollLoop(ConsumerWorkerImpl.java:53)
	at java.base/java.lang.Thread.run(Thread.java:1583)
11:47:51.685 [Thread-4] ERROR com.charlessun.javaplcadapter.worker.impl.ConsumerWorkerImpl -- processingStrategy.process(record) 處理失敗: Processing failed
java.lang.RuntimeException: Processing failed
	at com.charlessun.javaplcadapter.worker.impl.ConsumerWorkerImpl.pollLoop(ConsumerWorkerImpl.java:53)
	at java.base/java.lang.Thread.run(Thread.java:1583)
11:47:51.685 [Thread-4] ERROR com.charlessun.javaplcadapter.worker.impl.ConsumerWorkerImpl -- processingStrategy.process(record) 處理失敗: Processing failed
java.lang.RuntimeException: Processing failed
	at com.charlessun.javaplcadapter.worker.impl.ConsumerWorkerImpl.pollLoop(ConsumerWorkerImpl.java:53)
	at java.base/java.lang.Thread.run(Thread.java:1583)
11:47:51.686 [Thread-4] ERROR com.charlessun.javaplcadapter.worker.impl.ConsumerWorkerImpl -- processingStrategy.process(record) 處理失敗: Processing failed
java.lang.RuntimeException: Processing failed
	at com.charlessun.javaplcadapter.worker.impl.ConsumerWorkerImpl.pollLoop(ConsumerWorkerImpl.java:53)
	at java.base/java.lang.Thread.run(Thread.java:1583)
11:47:51.686 [Thread-4] ERROR com.charlessun.javaplcadapter.worker.impl.ConsumerWorkerImpl -- processingStrategy.process(record) 處理失敗: Processing failed
java.lang.RuntimeException: Processing failed
	at com.charlessun.javaplcadapter.worker.impl.ConsumerWorkerImpl.pollLoop(ConsumerWorkerImpl.java:53)
	at java.base/java.lang.Thread.run(Thread.java:1583)
11:47:51.686 [Thread-4] ERROR com.charlessun.javaplcadapter.worker.impl.ConsumerWorkerImpl -- processingStrategy.process(record) 處理失敗: Processing failed
java.lang.RuntimeException: Processing failed
	at com.charlessun.javaplcadapter.worker.impl.ConsumerWorkerImpl.pollLoop(ConsumerWorkerImpl.java:53)
	at java.base/java.lang.Thread.run(Thread.java:1583)
11:47:51.686 [Thread-4] ERROR com.charlessun.javaplcadapter.worker.impl.ConsumerWorkerImpl -- processingStrategy.process(record) 處理失敗: Processing failed
java.lang.RuntimeException: Processing failed
	at com.charlessun.javaplcadapter.worker.impl.ConsumerWorkerImpl.pollLoop(ConsumerWorkerImpl.java:53)
	at java.base/java.lang.Thread.run(Thread.java:1583)
11:47:51.687 [Thread-4] ERROR com.charlessun.javaplcadapter.worker.impl.ConsumerWorkerImpl -- processingStrategy.process(record) 處理失敗: Processing failed
java.lang.RuntimeException: Processing failed
	at com.charlessun.javaplcadapter.worker.impl.ConsumerWorkerImpl.pollLoop(ConsumerWorkerImpl.java:53)
	at java.base/java.lang.Thread.run(Thread.java:1583)
11:47:51.687 [Thread-4] ERROR com.charlessun.javaplcadapter.worker.impl.ConsumerWorkerImpl -- processingStrategy.process(record) 處理失敗: Processing failed
java.lang.RuntimeException: Processing failed
	at com.charlessun.javaplcadapter.worker.impl.ConsumerWorkerImpl.pollLoop(ConsumerWorkerImpl.java:53)
	at java.base/java.lang.Thread.run(Thread.java:1583)
11:47:51.687 [Thread-4] ERROR com.charlessun.javaplcadapter.worker.impl.ConsumerWorkerImpl -- processingStrategy.process(record) 處理失敗: Processing failed
java.lang.RuntimeException: Processing failed
	at com.charlessun.javaplcadapter.worker.impl.ConsumerWorkerImpl.pollLoop(ConsumerWorkerImpl.java:53)
	at java.base/java.lang.Thread.run(Thread.java:1583)
11:47:51.687 [Thread-4] ERROR com.charlessun.javaplcadapter.worker.impl.ConsumerWorkerImpl -- processingStrategy.process(record) 處理失敗: Processing failed
java.lang.RuntimeException: Processing failed
	at com.charlessun.javaplcadapter.worker.impl.ConsumerWorkerImpl.pollLoop(ConsumerWorkerImpl.java:53)
	at java.base/java.lang.Thread.run(Thread.java:1583)
11:47:51.688 [Thread-4] ERROR com.charlessun.javaplcadapter.worker.impl.ConsumerWorkerImpl -- processingStrategy.process(record) 處理失敗: Processing failed
java.lang.RuntimeException: Processing failed
	at com.charlessun.javaplcadapter.worker.impl.ConsumerWorkerImpl.pollLoop(ConsumerWorkerImpl.java:53)
	at java.base/java.lang.Thread.run(Thread.java:1583)
11:47:51.688 [Thread-4] ERROR com.charlessun.javaplcadapter.worker.impl.ConsumerWorkerImpl -- processingStrategy.process(record) 處理失敗: Processing failed
java.lang.RuntimeException: Processing failed
	at com.charlessun.javaplcadapter.worker.impl.ConsumerWorkerImpl.pollLoop(ConsumerWorkerImpl.java:53)
	at java.base/java.lang.Thread.run(Thread.java:1583)
11:47:51.688 [Thread-4] ERROR com.charlessun.javaplcadapter.worker.impl.ConsumerWorkerImpl -- processingStrategy.process(record) 處理失敗: Processing failed
java.lang.RuntimeException: Processing failed
	at com.charlessun.javaplcadapter.worker.impl.ConsumerWorkerImpl.pollLoop(ConsumerWorkerImpl.java:53)
	at java.base/java.lang.Thread.run(Thread.java:1583)
11:47:51.688 [Thread-4] ERROR com.charlessun.javaplcadapter.worker.impl.ConsumerWorkerImpl -- processingStrategy.process(record) 處理失敗: Processing failed
java.lang.RuntimeException: Processing failed
	at com.charlessun.javaplcadapter.worker.impl.ConsumerWorkerImpl.pollLoop(ConsumerWorkerImpl.java:53)
	at java.base/java.lang.Thread.run(Thread.java:1583)
11:47:51.689 [Thread-4] ERROR com.charlessun.javaplcadapter.worker.impl.ConsumerWorkerImpl -- processingStrategy.process(record) 處理失敗: Processing failed
java.lang.RuntimeException: Processing failed
	at com.charlessun.javaplcadapter.worker.impl.ConsumerWorkerImpl.pollLoop(ConsumerWorkerImpl.java:53)
	at java.base/java.lang.Thread.run(Thread.java:1583)
11:47:51.689 [Thread-4] ERROR com.charlessun.javaplcadapter.worker.impl.ConsumerWorkerImpl -- processingStrategy.process(record) 處理失敗: Processing failed
java.lang.RuntimeException: Processing failed
	at com.charlessun.javaplcadapter.worker.impl.ConsumerWorkerImpl.pollLoop(ConsumerWorkerImpl.java:53)
	at java.base/java.lang.Thread.run(Thread.java:1583)
11:47:51.689 [Thread-4] ERROR com.charlessun.javaplcadapter.worker.impl.ConsumerWorkerImpl -- processingStrategy.process(record) 處理失敗: Processing failed
java.lang.RuntimeException: Processing failed
	at com.charlessun.javaplcadapter.worker.impl.ConsumerWorkerImpl.pollLoop(ConsumerWorkerImpl.java:53)
	at java.base/java.lang.Thread.run(Thread.java:1583)
11:47:51.690 [Thread-4] ERROR com.charlessun.javaplcadapter.worker.impl.ConsumerWorkerImpl -- processingStrategy.process(record) 處理失敗: Processing failed
java.lang.RuntimeException: Processing failed
	at com.charlessun.javaplcadapter.worker.impl.ConsumerWorkerImpl.pollLoop(ConsumerWorkerImpl.java:53)
	at java.base/java.lang.Thread.run(Thread.java:1583)
11:47:51.690 [Thread-4] ERROR com.charlessun.javaplcadapter.worker.impl.ConsumerWorkerImpl -- processingStrategy.process(record) 處理失敗: Processing failed
java.lang.RuntimeException: Processing failed
	at com.charlessun.javaplcadapter.worker.impl.ConsumerWorkerImpl.pollLoop(ConsumerWorkerImpl.java:53)
	at java.base/java.lang.Thread.run(Thread.java:1583)
11:47:51.690 [Thread-4] ERROR com.charlessun.javaplcadapter.worker.impl.ConsumerWorkerImpl -- processingStrategy.process(record) 處理失敗: Processing failed
java.lang.RuntimeException: Processing failed
	at com.charlessun.javaplcadapter.worker.impl.ConsumerWorkerImpl.pollLoop(ConsumerWorkerImpl.java:53)
	at java.base/java.lang.Thread.run(Thread.java:1583)
11:47:51.690 [Thread-4] ERROR com.charlessun.javaplcadapter.worker.impl.ConsumerWorkerImpl -- processingStrategy.process(record) 處理失敗: Processing failed
java.lang.RuntimeException: Processing failed
	at com.charlessun.javaplcadapter.worker.impl.ConsumerWorkerImpl.pollLoop(ConsumerWorkerImpl.java:53)
	at java.base/java.lang.Thread.run(Thread.java:1583)
11:47:51.691 [Thread-4] ERROR com.charlessun.javaplcadapter.worker.impl.ConsumerWorkerImpl -- processingStrategy.process(record) 處理失敗: Processing failed
java.lang.RuntimeException: Processing failed
	at com.charlessun.javaplcadapter.worker.impl.ConsumerWorkerImpl.pollLoop(ConsumerWorkerImpl.java:53)
	at java.base/java.lang.Thread.run(Thread.java:1583)
11:47:51.691 [Thread-4] ERROR com.charlessun.javaplcadapter.worker.impl.ConsumerWorkerImpl -- processingStrategy.process(record) 處理失敗: Processing failed
java.lang.RuntimeException: Processing failed
	at com.charlessun.javaplcadapter.worker.impl.ConsumerWorkerImpl.pollLoop(ConsumerWorkerImpl.java:53)
	at java.base/java.lang.Thread.run(Thread.java:1583)
11:47:51.691 [Thread-4] ERROR com.charlessun.javaplcadapter.worker.impl.ConsumerWorkerImpl -- processingStrategy.process(record) 處理失敗: Processing failed
java.lang.RuntimeException: Processing failed
	at com.charlessun.javaplcadapter.worker.impl.ConsumerWorkerImpl.pollLoop(ConsumerWorkerImpl.java:53)
	at java.base/java.lang.Thread.run(Thread.java:1583)
11:47:51.692 [Thread-4] ERROR com.charlessun.javaplcadapter.worker.impl.ConsumerWorkerImpl -- processingStrategy.process(record) 處理失敗: Processing failed
java.lang.RuntimeException: Processing failed
	at com.charlessun.javaplcadapter.worker.impl.ConsumerWorkerImpl.pollLoop(ConsumerWorkerImpl.java:53)
	at java.base/java.lang.Thread.run(Thread.java:1583)
11:47:51.692 [Thread-4] ERROR com.charlessun.javaplcadapter.worker.impl.ConsumerWorkerImpl -- processingStrategy.process(record) 處理失敗: Processing failed
java.lang.RuntimeException: Processing failed
	at com.charlessun.javaplcadapter.worker.impl.ConsumerWorkerImpl.pollLoop(ConsumerWorkerImpl.java:53)
	at java.base/java.lang.Thread.run(Thread.java:1583)
11:47:51.692 [Thread-4] ERROR com.charlessun.javaplcadapter.worker.impl.ConsumerWorkerImpl -- processingStrategy.process(record) 處理失敗: Processing failed
java.lang.RuntimeException: Processing failed
	at com.charlessun.javaplcadapter.worker.impl.ConsumerWorkerImpl.pollLoop(ConsumerWorkerImpl.java:53)
	at java.base/java.lang.Thread.run(Thread.java:1583)
11:47:51.692 [Thread-4] ERROR com.charlessun.javaplcadapter.worker.impl.ConsumerWorkerImpl -- processingStrategy.process(record) 處理失敗: Processing failed
java.lang.RuntimeException: Processing failed
	at com.charlessun.javaplcadapter.worker.impl.ConsumerWorkerImpl.pollLoop(ConsumerWorkerImpl.java:53)
	at java.base/java.lang.Thread.run(Thread.java:1583)
11:47:51.693 [Thread-4] ERROR com.charlessun.javaplcadapter.worker.impl.ConsumerWorkerImpl -- processingStrategy.process(record) 處理失敗: Processing failed
java.lang.RuntimeException: Processing failed
	at com.charlessun.javaplcadapter.worker.impl.ConsumerWorkerImpl.pollLoop(ConsumerWorkerImpl.java:53)
	at java.base/java.lang.Thread.run(Thread.java:1583)
11:47:51.693 [Thread-4] ERROR com.charlessun.javaplcadapter.worker.impl.ConsumerWorkerImpl -- processingStrategy.process(record) 處理失敗: Processing failed
java.lang.RuntimeException: Processing failed
	at com.charlessun.javaplcadapter.worker.impl.ConsumerWorkerImpl.pollLoop(ConsumerWorkerImpl.java:53)
	at java.base/java.lang.Thread.run(Thread.java:1583)
11:47:51.693 [Thread-4] ERROR com.charlessun.javaplcadapter.worker.impl.ConsumerWorkerImpl -- processingStrategy.process(record) 處理失敗: Processing failed
java.lang.RuntimeException: Processing failed
	at com.charlessun.javaplcadapter.worker.impl.ConsumerWorkerImpl.pollLoop(ConsumerWorkerImpl.java:53)
	at java.base/java.lang.Thread.run(Thread.java:1583)
11:47:51.693 [Thread-4] ERROR com.charlessun.javaplcadapter.worker.impl.ConsumerWorkerImpl -- processingStrategy.process(record) 處理失敗: Processing failed
java.lang.RuntimeException: Processing failed
	at com.charlessun.javaplcadapter.worker.impl.ConsumerWorkerImpl.pollLoop(ConsumerWorkerImpl.java:53)
	at java.base/java.lang.Thread.run(Thread.java:1583)
11:47:51.694 [Thread-4] ERROR com.charlessun.javaplcadapter.worker.impl.ConsumerWorkerImpl -- processingStrategy.process(record) 處理失敗: Processing failed
java.lang.RuntimeException: Processing failed
	at com.charlessun.javaplcadapter.worker.impl.ConsumerWorkerImpl.pollLoop(ConsumerWorkerImpl.java:53)
	at java.base/java.lang.Thread.run(Thread.java:1583)
11:47:51.694 [Thread-4] ERROR com.charlessun.javaplcadapter.worker.impl.ConsumerWorkerImpl -- processingStrategy.process(record) 處理失敗: Processing failed
java.lang.RuntimeException: Processing failed
	at com.charlessun.javaplcadapter.worker.impl.ConsumerWorkerImpl.pollLoop(ConsumerWorkerImpl.java:53)
	at java.base/java.lang.Thread.run(Thread.java:1583)
11:47:51.695 [Thread-4] ERROR com.charlessun.javaplcadapter.worker.impl.ConsumerWorkerImpl -- processingStrategy.process(record) 處理失敗: Processing failed
java.lang.RuntimeException: Processing failed
	at com.charlessun.javaplcadapter.worker.impl.ConsumerWorkerImpl.pollLoop(ConsumerWorkerImpl.java:53)
	at java.base/java.lang.Thread.run(Thread.java:1583)
11:47:51.695 [Thread-4] ERROR com.charlessun.javaplcadapter.worker.impl.ConsumerWorkerImpl -- processingStrategy.process(record) 處理失敗: Processing failed
java.lang.RuntimeException: Processing failed
	at com.charlessun.javaplcadapter.worker.impl.ConsumerWorkerImpl.pollLoop(ConsumerWorkerImpl.java:53)
	at java.base/java.lang.Thread.run(Thread.java:1583)
11:47:51.695 [Thread-4] ERROR com.charlessun.javaplcadapter.worker.impl.ConsumerWorkerImpl -- processingStrategy.process(record) 處理失敗: Processing failed
java.lang.RuntimeException: Processing failed
	at com.charlessun.javaplcadapter.worker.impl.ConsumerWorkerImpl.pollLoop(ConsumerWorkerImpl.java:53)
	at java.base/java.lang.Thread.run(Thread.java:1583)
11:47:51.695 [Thread-4] ERROR com.charlessun.javaplcadapter.worker.impl.ConsumerWorkerImpl -- processingStrategy.process(record) 處理失敗: Processing failed
java.lang.RuntimeException: Processing failed
	at com.charlessun.javaplcadapter.worker.impl.ConsumerWorkerImpl.pollLoop(ConsumerWorkerImpl.java:53)
	at java.base/java.lang.Thread.run(Thread.java:1583)
11:47:51.696 [Thread-4] ERROR com.charlessun.javaplcadapter.worker.impl.ConsumerWorkerImpl -- processingStrategy.process(record) 處理失敗: Processing failed
java.lang.RuntimeException: Processing failed
	at com.charlessun.javaplcadapter.worker.impl.ConsumerWorkerImpl.pollLoop(ConsumerWorkerImpl.java:53)
	at java.base/java.lang.Thread.run(Thread.java:1583)
11:47:51.696 [Thread-4] ERROR com.charlessun.javaplcadapter.worker.impl.ConsumerWorkerImpl -- processingStrategy.process(record) 處理失敗: Processing failed
java.lang.RuntimeException: Processing failed
	at com.charlessun.javaplcadapter.worker.impl.ConsumerWorkerImpl.pollLoop(ConsumerWorkerImpl.java:53)
	at java.base/java.lang.Thread.run(Thread.java:1583)
11:47:51.696 [Thread-4] ERROR com.charlessun.javaplcadapter.worker.impl.ConsumerWorkerImpl -- processingStrategy.process(record) 處理失敗: Processing failed
java.lang.RuntimeException: Processing failed
	at com.charlessun.javaplcadapter.worker.impl.ConsumerWorkerImpl.pollLoop(ConsumerWorkerImpl.java:53)
	at java.base/java.lang.Thread.run(Thread.java:1583)
11:47:51.697 [Thread-4] ERROR com.charlessun.javaplcadapter.worker.impl.ConsumerWorkerImpl -- processingStrategy.process(record) 處理失敗: Processing failed
java.lang.RuntimeException: Processing failed
	at com.charlessun.javaplcadapter.worker.impl.ConsumerWorkerImpl.pollLoop(ConsumerWorkerImpl.java:53)
	at java.base/java.lang.Thread.run(Thread.java:1583)
11:47:51.697 [Thread-4] ERROR com.charlessun.javaplcadapter.worker.impl.ConsumerWorkerImpl -- processingStrategy.process(record) 處理失敗: Processing failed
java.lang.RuntimeException: Processing failed
	at com.charlessun.javaplcadapter.worker.impl.ConsumerWorkerImpl.pollLoop(ConsumerWorkerImpl.java:53)
	at java.base/java.lang.Thread.run(Thread.java:1583)
11:47:51.697 [Thread-4] ERROR com.charlessun.javaplcadapter.worker.impl.ConsumerWorkerImpl -- processingStrategy.process(record) 處理失敗: Processing failed
java.lang.RuntimeException: Processing failed
	at com.charlessun.javaplcadapter.worker.impl.ConsumerWorkerImpl.pollLoop(ConsumerWorkerImpl.java:53)
	at java.base/java.lang.Thread.run(Thread.java:1583)
11:47:51.697 [Thread-4] ERROR com.charlessun.javaplcadapter.worker.impl.ConsumerWorkerImpl -- processingStrategy.process(record) 處理失敗: Processing failed
java.lang.RuntimeException: Processing failed
	at com.charlessun.javaplcadapter.worker.impl.ConsumerWorkerImpl.pollLoop(ConsumerWorkerImpl.java:53)
	at java.base/java.lang.Thread.run(Thread.java:1583)
11:47:51.698 [Thread-4] ERROR com.charlessun.javaplcadapter.worker.impl.ConsumerWorkerImpl -- processingStrategy.process(record) 處理失敗: Processing failed
java.lang.RuntimeException: Processing failed
	at com.charlessun.javaplcadapter.worker.impl.ConsumerWorkerImpl.pollLoop(ConsumerWorkerImpl.java:53)
	at java.base/java.lang.Thread.run(Thread.java:1583)
11:47:51.698 [Thread-4] ERROR com.charlessun.javaplcadapter.worker.impl.ConsumerWorkerImpl -- processingStrategy.process(record) 處理失敗: Processing failed
java.lang.RuntimeException: Processing failed
	at com.charlessun.javaplcadapter.worker.impl.ConsumerWorkerImpl.pollLoop(ConsumerWorkerImpl.java:53)
	at java.base/java.lang.Thread.run(Thread.java:1583)
11:47:51.698 [Thread-4] ERROR com.charlessun.javaplcadapter.worker.impl.ConsumerWorkerImpl -- processingStrategy.process(record) 處理失敗: Processing failed
java.lang.RuntimeException: Processing failed
	at com.charlessun.javaplcadapter.worker.impl.ConsumerWorkerImpl.pollLoop(ConsumerWorkerImpl.java:53)
	at java.base/java.lang.Thread.run(Thread.java:1583)
11:47:51.698 [Thread-4] ERROR com.charlessun.javaplcadapter.worker.impl.ConsumerWorkerImpl -- processingStrategy.process(record) 處理失敗: Processing failed
java.lang.RuntimeException: Processing failed
	at com.charlessun.javaplcadapter.worker.impl.ConsumerWorkerImpl.pollLoop(ConsumerWorkerImpl.java:53)
	at java.base/java.lang.Thread.run(Thread.java:1583)
11:47:51.699 [Thread-4] ERROR com.charlessun.javaplcadapter.worker.impl.ConsumerWorkerImpl -- processingStrategy.process(record) 處理失敗: Processing failed
java.lang.RuntimeException: Processing failed
	at com.charlessun.javaplcadapter.worker.impl.ConsumerWorkerImpl.pollLoop(ConsumerWorkerImpl.java:53)
	at java.base/java.lang.Thread.run(Thread.java:1583)
11:47:51.699 [Thread-4] ERROR com.charlessun.javaplcadapter.worker.impl.ConsumerWorkerImpl -- processingStrategy.process(record) 處理失敗: Processing failed
java.lang.RuntimeException: Processing failed
	at com.charlessun.javaplcadapter.worker.impl.ConsumerWorkerImpl.pollLoop(ConsumerWorkerImpl.java:53)
	at java.base/java.lang.Thread.run(Thread.java:1583)
11:47:51.699 [Thread-4] ERROR com.charlessun.javaplcadapter.worker.impl.ConsumerWorkerImpl -- processingStrategy.process(record) 處理失敗: Processing failed
java.lang.RuntimeException: Processing failed
	at com.charlessun.javaplcadapter.worker.impl.ConsumerWorkerImpl.pollLoop(ConsumerWorkerImpl.java:53)
	at java.base/java.lang.Thread.run(Thread.java:1583)
11:47:51.699 [Thread-4] ERROR com.charlessun.javaplcadapter.worker.impl.ConsumerWorkerImpl -- processingStrategy.process(record) 處理失敗: Processing failed
java.lang.RuntimeException: Processing failed
	at com.charlessun.javaplcadapter.worker.impl.ConsumerWorkerImpl.pollLoop(ConsumerWorkerImpl.java:53)
	at java.base/java.lang.Thread.run(Thread.java:1583)
11:47:51.700 [Thread-4] ERROR com.charlessun.javaplcadapter.worker.impl.ConsumerWorkerImpl -- processingStrategy.process(record) 處理失敗: Processing failed
java.lang.RuntimeException: Processing failed
	at com.charlessun.javaplcadapter.worker.impl.ConsumerWorkerImpl.pollLoop(ConsumerWorkerImpl.java:53)
	at java.base/java.lang.Thread.run(Thread.java:1583)
11:47:51.700 [Thread-4] ERROR com.charlessun.javaplcadapter.worker.impl.ConsumerWorkerImpl -- processingStrategy.process(record) 處理失敗: Processing failed
java.lang.RuntimeException: Processing failed
	at com.charlessun.javaplcadapter.worker.impl.ConsumerWorkerImpl.pollLoop(ConsumerWorkerImpl.java:53)
	at java.base/java.lang.Thread.run(Thread.java:1583)
11:47:51.700 [Thread-4] ERROR com.charlessun.javaplcadapter.worker.impl.ConsumerWorkerImpl -- processingStrategy.process(record) 處理失敗: Processing failed
java.lang.RuntimeException: Processing failed
	at com.charlessun.javaplcadapter.worker.impl.ConsumerWorkerImpl.pollLoop(ConsumerWorkerImpl.java:53)
	at java.base/java.lang.Thread.run(Thread.java:1583)
11:47:51.701 [Thread-4] ERROR com.charlessun.javaplcadapter.worker.impl.ConsumerWorkerImpl -- processingStrategy.process(record) 處理失敗: Processing failed
java.lang.RuntimeException: Processing failed
	at com.charlessun.javaplcadapter.worker.impl.ConsumerWorkerImpl.pollLoop(ConsumerWorkerImpl.java:53)
	at java.base/java.lang.Thread.run(Thread.java:1583)
11:47:51.701 [Thread-4] ERROR com.charlessun.javaplcadapter.worker.impl.ConsumerWorkerImpl -- processingStrategy.process(record) 處理失敗: Processing failed
java.lang.RuntimeException: Processing failed
	at com.charlessun.javaplcadapter.worker.impl.ConsumerWorkerImpl.pollLoop(ConsumerWorkerImpl.java:53)
	at java.base/java.lang.Thread.run(Thread.java:1583)
11:47:51.701 [Thread-4] ERROR com.charlessun.javaplcadapter.worker.impl.ConsumerWorkerImpl -- processingStrategy.process(record) 處理失敗: Processing failed
java.lang.RuntimeException: Processing failed
	at com.charlessun.javaplcadapter.worker.impl.ConsumerWorkerImpl.pollLoop(ConsumerWorkerImpl.java:53)
	at java.base/java.lang.Thread.run(Thread.java:1583)
11:47:51.701 [Thread-4] ERROR com.charlessun.javaplcadapter.worker.impl.ConsumerWorkerImpl -- processingStrategy.process(record) 處理失敗: Processing failed
java.lang.RuntimeException: Processing failed
	at com.charlessun.javaplcadapter.worker.impl.ConsumerWorkerImpl.pollLoop(ConsumerWorkerImpl.java:53)
	at java.base/java.lang.Thread.run(Thread.java:1583)
11:47:51.702 [Thread-4] ERROR com.charlessun.javaplcadapter.worker.impl.ConsumerWorkerImpl -- processingStrategy.process(record) 處理失敗: Processing failed
java.lang.RuntimeException: Processing failed
	at com.charlessun.javaplcadapter.worker.impl.ConsumerWorkerImpl.pollLoop(ConsumerWorkerImpl.java:53)
	at java.base/java.lang.Thread.run(Thread.java:1583)
11:47:51.702 [Thread-4] ERROR com.charlessun.javaplcadapter.worker.impl.ConsumerWorkerImpl -- processingStrategy.process(record) 處理失敗: Processing failed
java.lang.RuntimeException: Processing failed
	at com.charlessun.javaplcadapter.worker.impl.ConsumerWorkerImpl.pollLoop(ConsumerWorkerImpl.java:53)
	at java.base/java.lang.Thread.run(Thread.java:1583)
11:47:51.702 [Thread-4] ERROR com.charlessun.javaplcadapter.worker.impl.ConsumerWorkerImpl -- processingStrategy.process(record) 處理失敗: Processing failed
java.lang.RuntimeException: Processing failed
	at com.charlessun.javaplcadapter.worker.impl.ConsumerWorkerImpl.pollLoop(ConsumerWorkerImpl.java:53)
	at java.base/java.lang.Thread.run(Thread.java:1583)
11:47:51.702 [Thread-4] ERROR com.charlessun.javaplcadapter.worker.impl.ConsumerWorkerImpl -- processingStrategy.process(record) 處理失敗: Processing failed
java.lang.RuntimeException: Processing failed
	at com.charlessun.javaplcadapter.worker.impl.ConsumerWorkerImpl.pollLoop(ConsumerWorkerImpl.java:53)
	at java.base/java.lang.Thread.run(Thread.java:1583)
11:47:51.703 [Thread-4] ERROR com.charlessun.javaplcadapter.worker.impl.ConsumerWorkerImpl -- processingStrategy.process(record) 處理失敗: Processing failed
java.lang.RuntimeException: Processing failed
	at com.charlessun.javaplcadapter.worker.impl.ConsumerWorkerImpl.pollLoop(ConsumerWorkerImpl.java:53)
	at java.base/java.lang.Thread.run(Thread.java:1583)
11:47:51.703 [Thread-4] ERROR com.charlessun.javaplcadapter.worker.impl.ConsumerWorkerImpl -- processingStrategy.process(record) 處理失敗: Processing failed
java.lang.RuntimeException: Processing failed
	at com.charlessun.javaplcadapter.worker.impl.ConsumerWorkerImpl.pollLoop(ConsumerWorkerImpl.java:53)
	at java.base/java.lang.Thread.run(Thread.java:1583)
11:47:51.703 [Thread-4] ERROR com.charlessun.javaplcadapter.worker.impl.ConsumerWorkerImpl -- processingStrategy.process(record) 處理失敗: Processing failed
java.lang.RuntimeException: Processing failed
	at com.charlessun.javaplcadapter.worker.impl.ConsumerWorkerImpl.pollLoop(ConsumerWorkerImpl.java:53)
	at java.base/java.lang.Thread.run(Thread.java:1583)
11:47:51.703 [Thread-4] ERROR com.charlessun.javaplcadapter.worker.impl.ConsumerWorkerImpl -- processingStrategy.process(record) 處理失敗: Processing failed
java.lang.RuntimeException: Processing failed
	at com.charlessun.javaplcadapter.worker.impl.ConsumerWorkerImpl.pollLoop(ConsumerWorkerImpl.java:53)
	at java.base/java.lang.Thread.run(Thread.java:1583)
11:47:51.704 [Thread-4] ERROR com.charlessun.javaplcadapter.worker.impl.ConsumerWorkerImpl -- processingStrategy.process(record) 處理失敗: Processing failed
java.lang.RuntimeException: Processing failed
	at com.charlessun.javaplcadapter.worker.impl.ConsumerWorkerImpl.pollLoop(ConsumerWorkerImpl.java:53)
	at java.base/java.lang.Thread.run(Thread.java:1583)
11:47:51.704 [Thread-4] ERROR com.charlessun.javaplcadapter.worker.impl.ConsumerWorkerImpl -- processingStrategy.process(record) 處理失敗: Processing failed
java.lang.RuntimeException: Processing failed
	at com.charlessun.javaplcadapter.worker.impl.ConsumerWorkerImpl.pollLoop(ConsumerWorkerImpl.java:53)
	at java.base/java.lang.Thread.run(Thread.java:1583)
11:47:51.704 [Thread-4] ERROR com.charlessun.javaplcadapter.worker.impl.ConsumerWorkerImpl -- processingStrategy.process(record) 處理失敗: Processing failed
java.lang.RuntimeException: Processing failed
	at com.charlessun.javaplcadapter.worker.impl.ConsumerWorkerImpl.pollLoop(ConsumerWorkerImpl.java:53)
	at java.base/java.lang.Thread.run(Thread.java:1583)
11:47:51.704 [Thread-4] ERROR com.charlessun.javaplcadapter.worker.impl.ConsumerWorkerImpl -- processingStrategy.process(record) 處理失敗: Processing failed
java.lang.RuntimeException: Processing failed
	at com.charlessun.javaplcadapter.worker.impl.ConsumerWorkerImpl.pollLoop(ConsumerWorkerImpl.java:53)
	at java.base/java.lang.Thread.run(Thread.java:1583)
11:47:51.705 [Thread-4] ERROR com.charlessun.javaplcadapter.worker.impl.ConsumerWorkerImpl -- processingStrategy.process(record) 處理失敗: Processing failed
java.lang.RuntimeException: Processing failed
	at com.charlessun.javaplcadapter.worker.impl.ConsumerWorkerImpl.pollLoop(ConsumerWorkerImpl.java:53)
	at java.base/java.lang.Thread.run(Thread.java:1583)
11:47:51.705 [Thread-4] ERROR com.charlessun.javaplcadapter.worker.impl.ConsumerWorkerImpl -- processingStrategy.process(record) 處理失敗: Processing failed
java.lang.RuntimeException: Processing failed
	at com.charlessun.javaplcadapter.worker.impl.ConsumerWorkerImpl.pollLoop(ConsumerWorkerImpl.java:53)
	at java.base/java.lang.Thread.run(Thread.java:1583)
11:47:51.705 [Thread-4] ERROR com.charlessun.javaplcadapter.worker.impl.ConsumerWorkerImpl -- processingStrategy.process(record) 處理失敗: Processing failed
java.lang.RuntimeException: Processing failed
	at com.charlessun.javaplcadapter.worker.impl.ConsumerWorkerImpl.pollLoop(ConsumerWorkerImpl.java:53)
	at java.base/java.lang.Thread.run(Thread.java:1583)
11:47:51.705 [Thread-4] ERROR com.charlessun.javaplcadapter.worker.impl.ConsumerWorkerImpl -- processingStrategy.process(record) 處理失敗: Processing failed
java.lang.RuntimeException: Processing failed
	at com.charlessun.javaplcadapter.worker.impl.ConsumerWorkerImpl.pollLoop(ConsumerWorkerImpl.java:53)
	at java.base/java.lang.Thread.run(Thread.java:1583)
11:47:51.706 [Thread-4] ERROR com.charlessun.javaplcadapter.worker.impl.ConsumerWorkerImpl -- processingStrategy.process(record) 處理失敗: Processing failed
java.lang.RuntimeException: Processing failed
	at com.charlessun.javaplcadapter.worker.impl.ConsumerWorkerImpl.pollLoop(ConsumerWorkerImpl.java:53)
	at java.base/java.lang.Thread.run(Thread.java:1583)
11:47:51.706 [Thread-4] ERROR com.charlessun.javaplcadapter.worker.impl.ConsumerWorkerImpl -- processingStrategy.process(record) 處理失敗: Processing failed
java.lang.RuntimeException: Processing failed
	at com.charlessun.javaplcadapter.worker.impl.ConsumerWorkerImpl.pollLoop(ConsumerWorkerImpl.java:53)
	at java.base/java.lang.Thread.run(Thread.java:1583)
11:47:51.706 [Thread-4] ERROR com.charlessun.javaplcadapter.worker.impl.ConsumerWorkerImpl -- processingStrategy.process(record) 處理失敗: Processing failed
java.lang.RuntimeException: Processing failed
	at com.charlessun.javaplcadapter.worker.impl.ConsumerWorkerImpl.pollLoop(ConsumerWorkerImpl.java:53)
	at java.base/java.lang.Thread.run(Thread.java:1583)
11:47:51.707 [Thread-4] ERROR com.charlessun.javaplcadapter.worker.impl.ConsumerWorkerImpl -- processingStrategy.process(record) 處理失敗: Processing failed
java.lang.RuntimeException: Processing failed
	at com.charlessun.javaplcadapter.worker.impl.ConsumerWorkerImpl.pollLoop(ConsumerWorkerImpl.java:53)
	at java.base/java.lang.Thread.run(Thread.java:1583)
11:47:51.707 [Thread-4] ERROR com.charlessun.javaplcadapter.worker.impl.ConsumerWorkerImpl -- processingStrategy.process(record) 處理失敗: Processing failed
java.lang.RuntimeException: Processing failed
	at com.charlessun.javaplcadapter.worker.impl.ConsumerWorkerImpl.pollLoop(ConsumerWorkerImpl.java:53)
	at java.base/java.lang.Thread.run(Thread.java:1583)
11:47:51.708 [Thread-4] ERROR com.charlessun.javaplcadapter.worker.impl.ConsumerWorkerImpl -- processingStrategy.process(record) 處理失敗: Processing failed
java.lang.RuntimeException: Processing failed
	at com.charlessun.javaplcadapter.worker.impl.ConsumerWorkerImpl.pollLoop(ConsumerWorkerImpl.java:53)
	at java.base/java.lang.Thread.run(Thread.java:1583)
11:47:51.708 [Thread-4] ERROR com.charlessun.javaplcadapter.worker.impl.ConsumerWorkerImpl -- processingStrategy.process(record) 處理失敗: Processing failed
java.lang.RuntimeException: Processing failed
	at com.charlessun.javaplcadapter.worker.impl.ConsumerWorkerImpl.pollLoop(ConsumerWorkerImpl.java:53)
	at java.base/java.lang.Thread.run(Thread.java:1583)
11:47:51.708 [Thread-4] ERROR com.charlessun.javaplcadapter.worker.impl.ConsumerWorkerImpl -- processingStrategy.process(record) 處理失敗: Processing failed
java.lang.RuntimeException: Processing failed
	at com.charlessun.javaplcadapter.worker.impl.ConsumerWorkerImpl.pollLoop(ConsumerWorkerImpl.java:53)
	at java.base/java.lang.Thread.run(Thread.java:1583)
11:47:51.709 [Thread-4] ERROR com.charlessun.javaplcadapter.worker.impl.ConsumerWorkerImpl -- processingStrategy.process(record) 處理失敗: Processing failed
java.lang.RuntimeException: Processing failed
	at com.charlessun.javaplcadapter.worker.impl.ConsumerWorkerImpl.pollLoop(ConsumerWorkerImpl.java:53)
	at java.base/java.lang.Thread.run(Thread.java:1583)
11:47:51.709 [Thread-4] ERROR com.charlessun.javaplcadapter.worker.impl.ConsumerWorkerImpl -- processingStrategy.process(record) 處理失敗: Processing failed
java.lang.RuntimeException: Processing failed
	at com.charlessun.javaplcadapter.worker.impl.ConsumerWorkerImpl.pollLoop(ConsumerWorkerImpl.java:53)
	at java.base/java.lang.Thread.run(Thread.java:1583)
11:47:51.709 [Thread-4] ERROR com.charlessun.javaplcadapter.worker.impl.ConsumerWorkerImpl -- processingStrategy.process(record) 處理失敗: Processing failed
java.lang.RuntimeException: Processing failed
	at com.charlessun.javaplcadapter.worker.impl.ConsumerWorkerImpl.pollLoop(ConsumerWorkerImpl.java:53)
	at java.base/java.lang.Thread.run(Thread.java:1583)
11:47:51.710 [Thread-4] ERROR com.charlessun.javaplcadapter.worker.impl.ConsumerWorkerImpl -- processingStrategy.process(record) 處理失敗: Processing failed
java.lang.RuntimeException: Processing failed
	at com.charlessun.javaplcadapter.worker.impl.ConsumerWorkerImpl.pollLoop(ConsumerWorkerImpl.java:53)
	at java.base/java.lang.Thread.run(Thread.java:1583)
11:47:51.710 [Thread-4] ERROR com.charlessun.javaplcadapter.worker.impl.ConsumerWorkerImpl -- processingStrategy.process(record) 處理失敗: Processing failed
java.lang.RuntimeException: Processing failed
	at com.charlessun.javaplcadapter.worker.impl.ConsumerWorkerImpl.pollLoop(ConsumerWorkerImpl.java:53)
	at java.base/java.lang.Thread.run(Thread.java:1583)
11:47:51.710 [Thread-4] ERROR com.charlessun.javaplcadapter.worker.impl.ConsumerWorkerImpl -- processingStrategy.process(record) 處理失敗: Processing failed
java.lang.RuntimeException: Processing failed
	at com.charlessun.javaplcadapter.worker.impl.ConsumerWorkerImpl.pollLoop(ConsumerWorkerImpl.java:53)
	at java.base/java.lang.Thread.run(Thread.java:1583)
11:47:51.711 [Thread-4] ERROR com.charlessun.javaplcadapter.worker.impl.ConsumerWorkerImpl -- processingStrategy.process(record) 處理失敗: Processing failed
java.lang.RuntimeException: Processing failed
	at com.charlessun.javaplcadapter.worker.impl.ConsumerWorkerImpl.pollLoop(ConsumerWorkerImpl.java:53)
	at java.base/java.lang.Thread.run(Thread.java:1583)
11:47:51.711 [Thread-4] ERROR com.charlessun.javaplcadapter.worker.impl.ConsumerWorkerImpl -- processingStrategy.process(record) 處理失敗: Processing failed
java.lang.RuntimeException: Processing failed
	at com.charlessun.javaplcadapter.worker.impl.ConsumerWorkerImpl.pollLoop(ConsumerWorkerImpl.java:53)
	at java.base/java.lang.Thread.run(Thread.java:1583)
11:47:51.711 [Thread-4] ERROR com.charlessun.javaplcadapter.worker.impl.ConsumerWorkerImpl -- processingStrategy.process(record) 處理失敗: Processing failed
java.lang.RuntimeException: Processing failed
	at com.charlessun.javaplcadapter.worker.impl.ConsumerWorkerImpl.pollLoop(ConsumerWorkerImpl.java:53)
	at java.base/java.lang.Thread.run(Thread.java:1583)
11:47:51.711 [Thread-4] ERROR com.charlessun.javaplcadapter.worker.impl.ConsumerWorkerImpl -- processingStrategy.process(record) 處理失敗: Processing failed
java.lang.RuntimeException: Processing failed
	at com.charlessun.javaplcadapter.worker.impl.ConsumerWorkerImpl.pollLoop(ConsumerWorkerImpl.java:53)
	at java.base/java.lang.Thread.run(Thread.java:1583)
11:47:51.712 [Thread-4] ERROR com.charlessun.javaplcadapter.worker.impl.ConsumerWorkerImpl -- processingStrategy.process(record) 處理失敗: Processing failed
java.lang.RuntimeException: Processing failed
	at com.charlessun.javaplcadapter.worker.impl.ConsumerWorkerImpl.pollLoop(ConsumerWorkerImpl.java:53)
	at java.base/java.lang.Thread.run(Thread.java:1583)
11:47:51.712 [Thread-4] ERROR com.charlessun.javaplcadapter.worker.impl.ConsumerWorkerImpl -- processingStrategy.process(record) 處理失敗: Processing failed
java.lang.RuntimeException: Processing failed
	at com.charlessun.javaplcadapter.worker.impl.ConsumerWorkerImpl.pollLoop(ConsumerWorkerImpl.java:53)
	at java.base/java.lang.Thread.run(Thread.java:1583)
11:47:51.713 [Thread-4] ERROR com.charlessun.javaplcadapter.worker.impl.ConsumerWorkerImpl -- processingStrategy.process(record) 處理失敗: Processing failed
java.lang.RuntimeException: Processing failed
	at com.charlessun.javaplcadapter.worker.impl.ConsumerWorkerImpl.pollLoop(ConsumerWorkerImpl.java:53)
	at java.base/java.lang.Thread.run(Thread.java:1583)
11:47:51.713 [Thread-4] ERROR com.charlessun.javaplcadapter.worker.impl.ConsumerWorkerImpl -- processingStrategy.process(record) 處理失敗: Processing failed
java.lang.RuntimeException: Processing failed
	at com.charlessun.javaplcadapter.worker.impl.ConsumerWorkerImpl.pollLoop(ConsumerWorkerImpl.java:53)
	at java.base/java.lang.Thread.run(Thread.java:1583)
11:47:51.713 [Thread-4] ERROR com.charlessun.javaplcadapter.worker.impl.ConsumerWorkerImpl -- processingStrategy.process(record) 處理失敗: Processing failed
java.lang.RuntimeException: Processing failed
	at com.charlessun.javaplcadapter.worker.impl.ConsumerWorkerImpl.pollLoop(ConsumerWorkerImpl.java:53)
	at java.base/java.lang.Thread.run(Thread.java:1583)
11:47:51.714 [Thread-4] ERROR com.charlessun.javaplcadapter.worker.impl.ConsumerWorkerImpl -- processingStrategy.process(record) 處理失敗: Processing failed
java.lang.RuntimeException: Processing failed
	at com.charlessun.javaplcadapter.worker.impl.ConsumerWorkerImpl.pollLoop(ConsumerWorkerImpl.java:53)
	at java.base/java.lang.Thread.run(Thread.java:1583)
11:47:51.714 [Thread-4] ERROR com.charlessun.javaplcadapter.worker.impl.ConsumerWorkerImpl -- processingStrategy.process(record) 處理失敗: Processing failed
java.lang.RuntimeException: Processing failed
	at com.charlessun.javaplcadapter.worker.impl.ConsumerWorkerImpl.pollLoop(ConsumerWorkerImpl.java:53)
	at java.base/java.lang.Thread.run(Thread.java:1583)
11:47:51.714 [Thread-4] ERROR com.charlessun.javaplcadapter.worker.impl.ConsumerWorkerImpl -- processingStrategy.process(record) 處理失敗: Processing failed
java.lang.RuntimeException: Processing failed
	at com.charlessun.javaplcadapter.worker.impl.ConsumerWorkerImpl.pollLoop(ConsumerWorkerImpl.java:53)
	at java.base/java.lang.Thread.run(Thread.java:1583)
11:47:51.714 [Thread-4] ERROR com.charlessun.javaplcadapter.worker.impl.ConsumerWorkerImpl -- processingStrategy.process(record) 處理失敗: Processing failed
java.lang.RuntimeException: Processing failed
	at com.charlessun.javaplcadapter.worker.impl.ConsumerWorkerImpl.pollLoop(ConsumerWorkerImpl.java:53)
	at java.base/java.lang.Thread.run(Thread.java:1583)
11:47:51.715 [Thread-4] ERROR com.charlessun.javaplcadapter.worker.impl.ConsumerWorkerImpl -- processingStrategy.process(record) 處理失敗: Processing failed
java.lang.RuntimeException: Processing failed
	at com.charlessun.javaplcadapter.worker.impl.ConsumerWorkerImpl.pollLoop(ConsumerWorkerImpl.java:53)
	at java.base/java.lang.Thread.run(Thread.java:1583)
11:47:51.715 [Thread-4] ERROR com.charlessun.javaplcadapter.worker.impl.ConsumerWorkerImpl -- processingStrategy.process(record) 處理失敗: Processing failed
java.lang.RuntimeException: Processing failed
	at com.charlessun.javaplcadapter.worker.impl.ConsumerWorkerImpl.pollLoop(ConsumerWorkerImpl.java:53)
	at java.base/java.lang.Thread.run(Thread.java:1583)
11:47:51.715 [Thread-4] ERROR com.charlessun.javaplcadapter.worker.impl.ConsumerWorkerImpl -- processingStrategy.process(record) 處理失敗: Processing failed
java.lang.RuntimeException: Processing failed
	at com.charlessun.javaplcadapter.worker.impl.ConsumerWorkerImpl.pollLoop(ConsumerWorkerImpl.java:53)
	at java.base/java.lang.Thread.run(Thread.java:1583)
11:47:51.716 [Thread-4] ERROR com.charlessun.javaplcadapter.worker.impl.ConsumerWorkerImpl -- processingStrategy.process(record) 處理失敗: Processing failed
java.lang.RuntimeException: Processing failed
	at com.charlessun.javaplcadapter.worker.impl.ConsumerWorkerImpl.pollLoop(ConsumerWorkerImpl.java:53)
	at java.base/java.lang.Thread.run(Thread.java:1583)
11:47:51.716 [Thread-4] ERROR com.charlessun.javaplcadapter.worker.impl.ConsumerWorkerImpl -- processingStrategy.process(record) 處理失敗: Processing failed
java.lang.RuntimeException: Processing failed
	at com.charlessun.javaplcadapter.worker.impl.ConsumerWorkerImpl.pollLoop(ConsumerWorkerImpl.java:53)
	at java.base/java.lang.Thread.run(Thread.java:1583)
11:47:51.716 [Thread-4] ERROR com.charlessun.javaplcadapter.worker.impl.ConsumerWorkerImpl -- processingStrategy.process(record) 處理失敗: Processing failed
java.lang.RuntimeException: Processing failed
	at com.charlessun.javaplcadapter.worker.impl.ConsumerWorkerImpl.pollLoop(ConsumerWorkerImpl.java:53)
	at java.base/java.lang.Thread.run(Thread.java:1583)
11:47:51.717 [Thread-4] ERROR com.charlessun.javaplcadapter.worker.impl.ConsumerWorkerImpl -- processingStrategy.process(record) 處理失敗: Processing failed
java.lang.RuntimeException: Processing failed
	at com.charlessun.javaplcadapter.worker.impl.ConsumerWorkerImpl.pollLoop(ConsumerWorkerImpl.java:53)
	at java.base/java.lang.Thread.run(Thread.java:1583)
11:47:51.717 [Thread-4] ERROR com.charlessun.javaplcadapter.worker.impl.ConsumerWorkerImpl -- processingStrategy.process(record) 處理失敗: Processing failed
java.lang.RuntimeException: Processing failed
	at com.charlessun.javaplcadapter.worker.impl.ConsumerWorkerImpl.pollLoop(ConsumerWorkerImpl.java:53)
	at java.base/java.lang.Thread.run(Thread.java:1583)
11:47:51.717 [Thread-4] ERROR com.charlessun.javaplcadapter.worker.impl.ConsumerWorkerImpl -- processingStrategy.process(record) 處理失敗: Processing failed
java.lang.RuntimeException: Processing failed
	at com.charlessun.javaplcadapter.worker.impl.ConsumerWorkerImpl.pollLoop(ConsumerWorkerImpl.java:53)
	at java.base/java.lang.Thread.run(Thread.java:1583)
11:47:51.718 [Thread-4] ERROR com.charlessun.javaplcadapter.worker.impl.ConsumerWorkerImpl -- processingStrategy.process(record) 處理失敗: Processing failed
java.lang.RuntimeException: Processing failed
	at com.charlessun.javaplcadapter.worker.impl.ConsumerWorkerImpl.pollLoop(ConsumerWorkerImpl.java:53)
	at java.base/java.lang.Thread.run(Thread.java:1583)
11:47:51.718 [Thread-4] ERROR com.charlessun.javaplcadapter.worker.impl.ConsumerWorkerImpl -- processingStrategy.process(record) 處理失敗: Processing failed
java.lang.RuntimeException: Processing failed
	at com.charlessun.javaplcadapter.worker.impl.ConsumerWorkerImpl.pollLoop(ConsumerWorkerImpl.java:53)
	at java.base/java.lang.Thread.run(Thread.java:1583)
11:47:51.719 [Thread-4] ERROR com.charlessun.javaplcadapter.worker.impl.ConsumerWorkerImpl -- processingStrategy.process(record) 處理失敗: Processing failed
java.lang.RuntimeException: Processing failed
	at com.charlessun.javaplcadapter.worker.impl.ConsumerWorkerImpl.pollLoop(ConsumerWorkerImpl.java:53)
	at java.base/java.lang.Thread.run(Thread.java:1583)
11:47:51.719 [Thread-4] ERROR com.charlessun.javaplcadapter.worker.impl.ConsumerWorkerImpl -- processingStrategy.process(record) 處理失敗: Processing failed
java.lang.RuntimeException: Processing failed
	at com.charlessun.javaplcadapter.worker.impl.ConsumerWorkerImpl.pollLoop(ConsumerWorkerImpl.java:53)
	at java.base/java.lang.Thread.run(Thread.java:1583)
11:47:51.719 [Thread-4] ERROR com.charlessun.javaplcadapter.worker.impl.ConsumerWorkerImpl -- processingStrategy.process(record) 處理失敗: Processing failed
java.lang.RuntimeException: Processing failed
	at com.charlessun.javaplcadapter.worker.impl.ConsumerWorkerImpl.pollLoop(ConsumerWorkerImpl.java:53)
	at java.base/java.lang.Thread.run(Thread.java:1583)
11:47:51.720 [Thread-4] ERROR com.charlessun.javaplcadapter.worker.impl.ConsumerWorkerImpl -- processingStrategy.process(record) 處理失敗: Processing failed
java.lang.RuntimeException: Processing failed
	at com.charlessun.javaplcadapter.worker.impl.ConsumerWorkerImpl.pollLoop(ConsumerWorkerImpl.java:53)
	at java.base/java.lang.Thread.run(Thread.java:1583)
11:47:51.720 [Thread-4] ERROR com.charlessun.javaplcadapter.worker.impl.ConsumerWorkerImpl -- processingStrategy.process(record) 處理失敗: Processing failed
java.lang.RuntimeException: Processing failed
	at com.charlessun.javaplcadapter.worker.impl.ConsumerWorkerImpl.pollLoop(ConsumerWorkerImpl.java:53)
	at java.base/java.lang.Thread.run(Thread.java:1583)
11:47:51.721 [Thread-4] ERROR com.charlessun.javaplcadapter.worker.impl.ConsumerWorkerImpl -- processingStrategy.process(record) 處理失敗: Processing failed
java.lang.RuntimeException: Processing failed
	at com.charlessun.javaplcadapter.worker.impl.ConsumerWorkerImpl.pollLoop(ConsumerWorkerImpl.java:53)
	at java.base/java.lang.Thread.run(Thread.java:1583)
11:47:51.722 [Thread-4] ERROR com.charlessun.javaplcadapter.worker.impl.ConsumerWorkerImpl -- processingStrategy.process(record) 處理失敗: Processing failed
java.lang.RuntimeException: Processing failed
	at com.charlessun.javaplcadapter.worker.impl.ConsumerWorkerImpl.pollLoop(ConsumerWorkerImpl.java:53)
	at java.base/java.lang.Thread.run(Thread.java:1583)
11:47:51.723 [Thread-4] ERROR com.charlessun.javaplcadapter.worker.impl.ConsumerWorkerImpl -- processingStrategy.process(record) 處理失敗: Processing failed
java.lang.RuntimeException: Processing failed
	at com.charlessun.javaplcadapter.worker.impl.ConsumerWorkerImpl.pollLoop(ConsumerWorkerImpl.java:53)
	at java.base/java.lang.Thread.run(Thread.java:1583)
11:47:51.723 [Thread-4] ERROR com.charlessun.javaplcadapter.worker.impl.ConsumerWorkerImpl -- processingStrategy.process(record) 處理失敗: Processing failed
java.lang.RuntimeException: Processing failed
	at com.charlessun.javaplcadapter.worker.impl.ConsumerWorkerImpl.pollLoop(ConsumerWorkerImpl.java:53)
	at java.base/java.lang.Thread.run(Thread.java:1583)
11:47:51.723 [Thread-4] ERROR com.charlessun.javaplcadapter.worker.impl.ConsumerWorkerImpl -- processingStrategy.process(record) 處理失敗: Processing failed
java.lang.RuntimeException: Processing failed
	at com.charlessun.javaplcadapter.worker.impl.ConsumerWorkerImpl.pollLoop(ConsumerWorkerImpl.java:53)
	at java.base/java.lang.Thread.run(Thread.java:1583)
11:47:51.724 [Thread-4] ERROR com.charlessun.javaplcadapter.worker.impl.ConsumerWorkerImpl -- processingStrategy.process(record) 處理失敗: Processing failed
java.lang.RuntimeException: Processing failed
	at com.charlessun.javaplcadapter.worker.impl.ConsumerWorkerImpl.pollLoop(ConsumerWorkerImpl.java:53)
	at java.base/java.lang.Thread.run(Thread.java:1583)
11:47:51.725 [Thread-4] ERROR com.charlessun.javaplcadapter.worker.impl.ConsumerWorkerImpl -- processingStrategy.process(record) 處理失敗: Processing failed
java.lang.RuntimeException: Processing failed
	at com.charlessun.javaplcadapter.worker.impl.ConsumerWorkerImpl.pollLoop(ConsumerWorkerImpl.java:53)
	at java.base/java.lang.Thread.run(Thread.java:1583)
11:47:51.725 [Thread-4] ERROR com.charlessun.javaplcadapter.worker.impl.ConsumerWorkerImpl -- processingStrategy.process(record) 處理失敗: Processing failed
java.lang.RuntimeException: Processing failed
	at com.charlessun.javaplcadapter.worker.impl.ConsumerWorkerImpl.pollLoop(ConsumerWorkerImpl.java:53)
	at java.base/java.lang.Thread.run(Thread.java:1583)
11:47:51.726 [Thread-4] ERROR com.charlessun.javaplcadapter.worker.impl.ConsumerWorkerImpl -- processingStrategy.process(record) 處理失敗: Processing failed
java.lang.RuntimeException: Processing failed
	at com.charlessun.javaplcadapter.worker.impl.ConsumerWorkerImpl.pollLoop(ConsumerWorkerImpl.java:53)
	at java.base/java.lang.Thread.run(Thread.java:1583)
11:47:51.728 [Thread-4] ERROR com.charlessun.javaplcadapter.worker.impl.ConsumerWorkerImpl -- processingStrategy.process(record) 處理失敗: Processing failed
java.lang.RuntimeException: Processing failed
	at com.charlessun.javaplcadapter.worker.impl.ConsumerWorkerImpl.pollLoop(ConsumerWorkerImpl.java:53)
	at java.base/java.lang.Thread.run(Thread.java:1583)
11:47:51.729 [Thread-4] ERROR com.charlessun.javaplcadapter.worker.impl.ConsumerWorkerImpl -- processingStrategy.process(record) 處理失敗: Processing failed
java.lang.RuntimeException: Processing failed
	at com.charlessun.javaplcadapter.worker.impl.ConsumerWorkerImpl.pollLoop(ConsumerWorkerImpl.java:53)
	at java.base/java.lang.Thread.run(Thread.java:1583)
11:47:51.729 [Thread-4] ERROR com.charlessun.javaplcadapter.worker.impl.ConsumerWorkerImpl -- processingStrategy.process(record) 處理失敗: Processing failed
java.lang.RuntimeException: Processing failed
	at com.charlessun.javaplcadapter.worker.impl.ConsumerWorkerImpl.pollLoop(ConsumerWorkerImpl.java:53)
	at java.base/java.lang.Thread.run(Thread.java:1583)
11:47:51.730 [Thread-4] ERROR com.charlessun.javaplcadapter.worker.impl.ConsumerWorkerImpl -- processingStrategy.process(record) 處理失敗: Processing failed
java.lang.RuntimeException: Processing failed
	at com.charlessun.javaplcadapter.worker.impl.ConsumerWorkerImpl.pollLoop(ConsumerWorkerImpl.java:53)
	at java.base/java.lang.Thread.run(Thread.java:1583)
11:47:51.736 [Thread-4] ERROR com.charlessun.javaplcadapter.worker.impl.ConsumerWorkerImpl -- processingStrategy.process(record) 處理失敗: Processing failed
java.lang.RuntimeException: Processing failed
	at com.charlessun.javaplcadapter.worker.impl.ConsumerWorkerImpl.pollLoop(ConsumerWorkerImpl.java:53)
	at java.base/java.lang.Thread.run(Thread.java:1583)
11:47:51.737 [Thread-4] ERROR com.charlessun.javaplcadapter.worker.impl.ConsumerWorkerImpl -- processingStrategy.process(record) 處理失敗: Processing failed
java.lang.RuntimeException: Processing failed
	at com.charlessun.javaplcadapter.worker.impl.ConsumerWorkerImpl.pollLoop(ConsumerWorkerImpl.java:53)
	at java.base/java.lang.Thread.run(Thread.java:1583)
11:47:51.737 [Thread-4] ERROR com.charlessun.javaplcadapter.worker.impl.ConsumerWorkerImpl -- processingStrategy.process(record) 處理失敗: Processing failed
java.lang.RuntimeException: Processing failed
	at com.charlessun.javaplcadapter.worker.impl.ConsumerWorkerImpl.pollLoop(ConsumerWorkerImpl.java:53)
	at java.base/java.lang.Thread.run(Thread.java:1583)
11:47:51.738 [Thread-4] ERROR com.charlessun.javaplcadapter.worker.impl.ConsumerWorkerImpl -- processingStrategy.process(record) 處理失敗: Processing failed
java.lang.RuntimeException: Processing failed
	at com.charlessun.javaplcadapter.worker.impl.ConsumerWorkerImpl.pollLoop(ConsumerWorkerImpl.java:53)
	at java.base/java.lang.Thread.run(Thread.java:1583)
11:47:51.740 [Thread-4] ERROR com.charlessun.javaplcadapter.worker.impl.ConsumerWorkerImpl -- processingStrategy.process(record) 處理失敗: Processing failed
java.lang.RuntimeException: Processing failed
	at com.charlessun.javaplcadapter.worker.impl.ConsumerWorkerImpl.pollLoop(ConsumerWorkerImpl.java:53)
	at java.base/java.lang.Thread.run(Thread.java:1583)
11:47:51.742 [Thread-4] ERROR com.charlessun.javaplcadapter.worker.impl.ConsumerWorkerImpl -- processingStrategy.process(record) 處理失敗: Processing failed
java.lang.RuntimeException: Processing failed
	at com.charlessun.javaplcadapter.worker.impl.ConsumerWorkerImpl.pollLoop(ConsumerWorkerImpl.java:53)
	at java.base/java.lang.Thread.run(Thread.java:1583)
11:47:51.743 [Thread-4] ERROR com.charlessun.javaplcadapter.worker.impl.ConsumerWorkerImpl -- processingStrategy.process(record) 處理失敗: Processing failed
java.lang.RuntimeException: Processing failed
	at com.charlessun.javaplcadapter.worker.impl.ConsumerWorkerImpl.pollLoop(ConsumerWorkerImpl.java:53)
	at java.base/java.lang.Thread.run(Thread.java:1583)
11:47:51.744 [Thread-4] ERROR com.charlessun.javaplcadapter.worker.impl.ConsumerWorkerImpl -- processingStrategy.process(record) 處理失敗: Processing failed
java.lang.RuntimeException: Processing failed
	at com.charlessun.javaplcadapter.worker.impl.ConsumerWorkerImpl.pollLoop(ConsumerWorkerImpl.java:53)
	at java.base/java.lang.Thread.run(Thread.java:1583)
11:47:51.744 [Thread-4] ERROR com.charlessun.javaplcadapter.worker.impl.ConsumerWorkerImpl -- processingStrategy.process(record) 處理失敗: Processing failed
java.lang.RuntimeException: Processing failed
	at com.charlessun.javaplcadapter.worker.impl.ConsumerWorkerImpl.pollLoop(ConsumerWorkerImpl.java:53)
	at java.base/java.lang.Thread.run(Thread.java:1583)
11:47:51.745 [Thread-4] ERROR com.charlessun.javaplcadapter.worker.impl.ConsumerWorkerImpl -- processingStrategy.process(record) 處理失敗: Processing failed
java.lang.RuntimeException: Processing failed
	at com.charlessun.javaplcadapter.worker.impl.ConsumerWorkerImpl.pollLoop(ConsumerWorkerImpl.java:53)
	at java.base/java.lang.Thread.run(Thread.java:1583)
11:47:51.745 [Thread-4] ERROR com.charlessun.javaplcadapter.worker.impl.ConsumerWorkerImpl -- processingStrategy.process(record) 處理失敗: Processing failed
java.lang.RuntimeException: Processing failed
	at com.charlessun.javaplcadapter.worker.impl.ConsumerWorkerImpl.pollLoop(ConsumerWorkerImpl.java:53)
	at java.base/java.lang.Thread.run(Thread.java:1583)
11:47:51.746 [Thread-4] ERROR com.charlessun.javaplcadapter.worker.impl.ConsumerWorkerImpl -- processingStrategy.process(record) 處理失敗: Processing failed
java.lang.RuntimeException: Processing failed
	at com.charlessun.javaplcadapter.worker.impl.ConsumerWorkerImpl.pollLoop(ConsumerWorkerImpl.java:53)
	at java.base/java.lang.Thread.run(Thread.java:1583)
11:47:51.746 [Thread-4] ERROR com.charlessun.javaplcadapter.worker.impl.ConsumerWorkerImpl -- processingStrategy.process(record) 處理失敗: Processing failed
java.lang.RuntimeException: Processing failed
	at com.charlessun.javaplcadapter.worker.impl.ConsumerWorkerImpl.pollLoop(ConsumerWorkerImpl.java:53)
	at java.base/java.lang.Thread.run(Thread.java:1583)
11:47:51.746 [Thread-4] ERROR com.charlessun.javaplcadapter.worker.impl.ConsumerWorkerImpl -- processingStrategy.process(record) 處理失敗: Processing failed
java.lang.RuntimeException: Processing failed
	at com.charlessun.javaplcadapter.worker.impl.ConsumerWorkerImpl.pollLoop(ConsumerWorkerImpl.java:53)
	at java.base/java.lang.Thread.run(Thread.java:1583)
11:47:51.747 [Thread-4] ERROR com.charlessun.javaplcadapter.worker.impl.ConsumerWorkerImpl -- processingStrategy.process(record) 處理失敗: Processing failed
java.lang.RuntimeException: Processing failed
	at com.charlessun.javaplcadapter.worker.impl.ConsumerWorkerImpl.pollLoop(ConsumerWorkerImpl.java:53)
	at java.base/java.lang.Thread.run(Thread.java:1583)
11:47:51.747 [Thread-4] ERROR com.charlessun.javaplcadapter.worker.impl.ConsumerWorkerImpl -- processingStrategy.process(record) 處理失敗: Processing failed
java.lang.RuntimeException: Processing failed
	at com.charlessun.javaplcadapter.worker.impl.ConsumerWorkerImpl.pollLoop(ConsumerWorkerImpl.java:53)
	at java.base/java.lang.Thread.run(Thread.java:1583)
11:47:51.748 [Thread-4] ERROR com.charlessun.javaplcadapter.worker.impl.ConsumerWorkerImpl -- processingStrategy.process(record) 處理失敗: Processing failed
java.lang.RuntimeException: Processing failed
	at com.charlessun.javaplcadapter.worker.impl.ConsumerWorkerImpl.pollLoop(ConsumerWorkerImpl.java:53)
	at java.base/java.lang.Thread.run(Thread.java:1583)
11:47:51.748 [Thread-4] ERROR com.charlessun.javaplcadapter.worker.impl.ConsumerWorkerImpl -- processingStrategy.process(record) 處理失敗: Processing failed
java.lang.RuntimeException: Processing failed
	at com.charlessun.javaplcadapter.worker.impl.ConsumerWorkerImpl.pollLoop(ConsumerWorkerImpl.java:53)
	at java.base/java.lang.Thread.run(Thread.java:1583)
11:47:51.748 [Thread-4] ERROR com.charlessun.javaplcadapter.worker.impl.ConsumerWorkerImpl -- processingStrategy.process(record) 處理失敗: Processing failed
java.lang.RuntimeException: Processing failed
	at com.charlessun.javaplcadapter.worker.impl.ConsumerWorkerImpl.pollLoop(ConsumerWorkerImpl.java:53)
	at java.base/java.lang.Thread.run(Thread.java:1583)
11:47:51.749 [Thread-4] ERROR com.charlessun.javaplcadapter.worker.impl.ConsumerWorkerImpl -- processingStrategy.process(record) 處理失敗: Processing failed
java.lang.RuntimeException: Processing failed
	at com.charlessun.javaplcadapter.worker.impl.ConsumerWorkerImpl.pollLoop(ConsumerWorkerImpl.java:53)
	at java.base/java.lang.Thread.run(Thread.java:1583)
11:47:51.749 [Thread-4] ERROR com.charlessun.javaplcadapter.worker.impl.ConsumerWorkerImpl -- processingStrategy.process(record) 處理失敗: Processing failed
java.lang.RuntimeException: Processing failed
	at com.charlessun.javaplcadapter.worker.impl.ConsumerWorkerImpl.pollLoop(ConsumerWorkerImpl.java:53)
	at java.base/java.lang.Thread.run(Thread.java:1583)
11:47:51.750 [Thread-4] ERROR com.charlessun.javaplcadapter.worker.impl.ConsumerWorkerImpl -- processingStrategy.process(record) 處理失敗: Processing failed
java.lang.RuntimeException: Processing failed
	at com.charlessun.javaplcadapter.worker.impl.ConsumerWorkerImpl.pollLoop(ConsumerWorkerImpl.java:53)
	at java.base/java.lang.Thread.run(Thread.java:1583)
11:47:51.750 [Thread-4] ERROR com.charlessun.javaplcadapter.worker.impl.ConsumerWorkerImpl -- processingStrategy.process(record) 處理失敗: Processing failed
java.lang.RuntimeException: Processing failed
	at com.charlessun.javaplcadapter.worker.impl.ConsumerWorkerImpl.pollLoop(ConsumerWorkerImpl.java:53)
	at java.base/java.lang.Thread.run(Thread.java:1583)
11:47:51.750 [Thread-4] ERROR com.charlessun.javaplcadapter.worker.impl.ConsumerWorkerImpl -- processingStrategy.process(record) 處理失敗: Processing failed
java.lang.RuntimeException: Processing failed
	at com.charlessun.javaplcadapter.worker.impl.ConsumerWorkerImpl.pollLoop(ConsumerWorkerImpl.java:53)
	at java.base/java.lang.Thread.run(Thread.java:1583)
11:47:51.751 [Thread-4] ERROR com.charlessun.javaplcadapter.worker.impl.ConsumerWorkerImpl -- processingStrategy.process(record) 處理失敗: Processing failed
java.lang.RuntimeException: Processing failed
	at com.charlessun.javaplcadapter.worker.impl.ConsumerWorkerImpl.pollLoop(ConsumerWorkerImpl.java:53)
	at java.base/java.lang.Thread.run(Thread.java:1583)
11:47:51.752 [Thread-4] ERROR com.charlessun.javaplcadapter.worker.impl.ConsumerWorkerImpl -- processingStrategy.process(record) 處理失敗: Processing failed
java.lang.RuntimeException: Processing failed
	at com.charlessun.javaplcadapter.worker.impl.ConsumerWorkerImpl.pollLoop(ConsumerWorkerImpl.java:53)
	at java.base/java.lang.Thread.run(Thread.java:1583)
11:47:51.753 [Thread-4] ERROR com.charlessun.javaplcadapter.worker.impl.ConsumerWorkerImpl -- processingStrategy.process(record) 處理失敗: Processing failed
java.lang.RuntimeException: Processing failed
	at com.charlessun.javaplcadapter.worker.impl.ConsumerWorkerImpl.pollLoop(ConsumerWorkerImpl.java:53)
	at java.base/java.lang.Thread.run(Thread.java:1583)
11:47:51.753 [Thread-4] ERROR com.charlessun.javaplcadapter.worker.impl.ConsumerWorkerImpl -- processingStrategy.process(record) 處理失敗: Processing failed
java.lang.RuntimeException: Processing failed
	at com.charlessun.javaplcadapter.worker.impl.ConsumerWorkerImpl.pollLoop(ConsumerWorkerImpl.java:53)
	at java.base/java.lang.Thread.run(Thread.java:1583)
11:47:51.753 [Thread-4] ERROR com.charlessun.javaplcadapter.worker.impl.ConsumerWorkerImpl -- processingStrategy.process(record) 處理失敗: Processing failed
java.lang.RuntimeException: Processing failed
	at com.charlessun.javaplcadapter.worker.impl.ConsumerWorkerImpl.pollLoop(ConsumerWorkerImpl.java:53)
	at java.base/java.lang.Thread.run(Thread.java:1583)
11:47:51.754 [Thread-4] ERROR com.charlessun.javaplcadapter.worker.impl.ConsumerWorkerImpl -- processingStrategy.process(record) 處理失敗: Processing failed
java.lang.RuntimeException: Processing failed
	at com.charlessun.javaplcadapter.worker.impl.ConsumerWorkerImpl.pollLoop(ConsumerWorkerImpl.java:53)
	at java.base/java.lang.Thread.run(Thread.java:1583)
11:47:51.754 [Thread-4] ERROR com.charlessun.javaplcadapter.worker.impl.ConsumerWorkerImpl -- processingStrategy.process(record) 處理失敗: Processing failed
java.lang.RuntimeException: Processing failed
	at com.charlessun.javaplcadapter.worker.impl.ConsumerWorkerImpl.pollLoop(ConsumerWorkerImpl.java:53)
	at java.base/java.lang.Thread.run(Thread.java:1583)
11:47:51.754 [Thread-4] ERROR com.charlessun.javaplcadapter.worker.impl.ConsumerWorkerImpl -- processingStrategy.process(record) 處理失敗: Processing failed
java.lang.RuntimeException: Processing failed
	at com.charlessun.javaplcadapter.worker.impl.ConsumerWorkerImpl.pollLoop(ConsumerWorkerImpl.java:53)
	at java.base/java.lang.Thread.run(Thread.java:1583)
11:47:51.755 [Thread-4] ERROR com.charlessun.javaplcadapter.worker.impl.ConsumerWorkerImpl -- processingStrategy.process(record) 處理失敗: Processing failed
java.lang.RuntimeException: Processing failed
	at com.charlessun.javaplcadapter.worker.impl.ConsumerWorkerImpl.pollLoop(ConsumerWorkerImpl.java:53)
	at java.base/java.lang.Thread.run(Thread.java:1583)
11:47:51.755 [Thread-4] ERROR com.charlessun.javaplcadapter.worker.impl.ConsumerWorkerImpl -- processingStrategy.process(record) 處理失敗: Processing failed
java.lang.RuntimeException: Processing failed
	at com.charlessun.javaplcadapter.worker.impl.ConsumerWorkerImpl.pollLoop(ConsumerWorkerImpl.java:53)
	at java.base/java.lang.Thread.run(Thread.java:1583)
11:47:51.755 [Thread-4] ERROR com.charlessun.javaplcadapter.worker.impl.ConsumerWorkerImpl -- processingStrategy.process(record) 處理失敗: Processing failed
java.lang.RuntimeException: Processing failed
	at com.charlessun.javaplcadapter.worker.impl.ConsumerWorkerImpl.pollLoop(ConsumerWorkerImpl.java:53)
	at java.base/java.lang.Thread.run(Thread.java:1583)
11:47:51.756 [Thread-4] ERROR com.charlessun.javaplcadapter.worker.impl.ConsumerWorkerImpl -- processingStrategy.process(record) 處理失敗: Processing failed
java.lang.RuntimeException: Processing failed
	at com.charlessun.javaplcadapter.worker.impl.ConsumerWorkerImpl.pollLoop(ConsumerWorkerImpl.java:53)
	at java.base/java.lang.Thread.run(Thread.java:1583)
11:47:51.756 [Thread-4] ERROR com.charlessun.javaplcadapter.worker.impl.ConsumerWorkerImpl -- processingStrategy.process(record) 處理失敗: Processing failed
java.lang.RuntimeException: Processing failed
	at com.charlessun.javaplcadapter.worker.impl.ConsumerWorkerImpl.pollLoop(ConsumerWorkerImpl.java:53)
	at java.base/java.lang.Thread.run(Thread.java:1583)
11:47:51.756 [Thread-4] ERROR com.charlessun.javaplcadapter.worker.impl.ConsumerWorkerImpl -- processingStrategy.process(record) 處理失敗: Processing failed
java.lang.RuntimeException: Processing failed
	at com.charlessun.javaplcadapter.worker.impl.ConsumerWorkerImpl.pollLoop(ConsumerWorkerImpl.java:53)
	at java.base/java.lang.Thread.run(Thread.java:1583)
11:47:51.756 [Thread-4] ERROR com.charlessun.javaplcadapter.worker.impl.ConsumerWorkerImpl -- processingStrategy.process(record) 處理失敗: Processing failed
java.lang.RuntimeException: Processing failed
	at com.charlessun.javaplcadapter.worker.impl.ConsumerWorkerImpl.pollLoop(ConsumerWorkerImpl.java:53)
	at java.base/java.lang.Thread.run(Thread.java:1583)
11:47:51.757 [Thread-4] ERROR com.charlessun.javaplcadapter.worker.impl.ConsumerWorkerImpl -- processingStrategy.process(record) 處理失敗: Processing failed
java.lang.RuntimeException: Processing failed
	at com.charlessun.javaplcadapter.worker.impl.ConsumerWorkerImpl.pollLoop(ConsumerWorkerImpl.java:53)
	at java.base/java.lang.Thread.run(Thread.java:1583)
11:47:51.757 [Thread-4] ERROR com.charlessun.javaplcadapter.worker.impl.ConsumerWorkerImpl -- processingStrategy.process(record) 處理失敗: Processing failed
java.lang.RuntimeException: Processing failed
	at com.charlessun.javaplcadapter.worker.impl.ConsumerWorkerImpl.pollLoop(ConsumerWorkerImpl.java:53)
	at java.base/java.lang.Thread.run(Thread.java:1583)
11:47:51.758 [Thread-4] ERROR com.charlessun.javaplcadapter.worker.impl.ConsumerWorkerImpl -- processingStrategy.process(record) 處理失敗: Processing failed
java.lang.RuntimeException: Processing failed
	at com.charlessun.javaplcadapter.worker.impl.ConsumerWorkerImpl.pollLoop(ConsumerWorkerImpl.java:53)
	at java.base/java.lang.Thread.run(Thread.java:1583)
11:47:51.758 [Thread-4] ERROR com.charlessun.javaplcadapter.worker.impl.ConsumerWorkerImpl -- processingStrategy.process(record) 處理失敗: Processing failed
java.lang.RuntimeException: Processing failed
	at com.charlessun.javaplcadapter.worker.impl.ConsumerWorkerImpl.pollLoop(ConsumerWorkerImpl.java:53)
	at java.base/java.lang.Thread.run(Thread.java:1583)
11:47:51.758 [Thread-4] ERROR com.charlessun.javaplcadapter.worker.impl.ConsumerWorkerImpl -- processingStrategy.process(record) 處理失敗: Processing failed
java.lang.RuntimeException: Processing failed
	at com.charlessun.javaplcadapter.worker.impl.ConsumerWorkerImpl.pollLoop(ConsumerWorkerImpl.java:53)
	at java.base/java.lang.Thread.run(Thread.java:1583)
11:47:51.759 [Thread-4] ERROR com.charlessun.javaplcadapter.worker.impl.ConsumerWorkerImpl -- processingStrategy.process(record) 處理失敗: Processing failed
java.lang.RuntimeException: Processing failed
	at com.charlessun.javaplcadapter.worker.impl.ConsumerWorkerImpl.pollLoop(ConsumerWorkerImpl.java:53)
	at java.base/java.lang.Thread.run(Thread.java:1583)
11:47:51.759 [Thread-4] ERROR com.charlessun.javaplcadapter.worker.impl.ConsumerWorkerImpl -- processingStrategy.process(record) 處理失敗: Processing failed
java.lang.RuntimeException: Processing failed
	at com.charlessun.javaplcadapter.worker.impl.ConsumerWorkerImpl.pollLoop(ConsumerWorkerImpl.java:53)
	at java.base/java.lang.Thread.run(Thread.java:1583)
11:47:51.759 [Thread-4] ERROR com.charlessun.javaplcadapter.worker.impl.ConsumerWorkerImpl -- processingStrategy.process(record) 處理失敗: Processing failed
java.lang.RuntimeException: Processing failed
	at com.charlessun.javaplcadapter.worker.impl.ConsumerWorkerImpl.pollLoop(ConsumerWorkerImpl.java:53)
	at java.base/java.lang.Thread.run(Thread.java:1583)
11:47:51.760 [Thread-4] ERROR com.charlessun.javaplcadapter.worker.impl.ConsumerWorkerImpl -- processingStrategy.process(record) 處理失敗: Processing failed
java.lang.RuntimeException: Processing failed
	at com.charlessun.javaplcadapter.worker.impl.ConsumerWorkerImpl.pollLoop(ConsumerWorkerImpl.java:53)
	at java.base/java.lang.Thread.run(Thread.java:1583)
11:47:51.760 [Thread-4] ERROR com.charlessun.javaplcadapter.worker.impl.ConsumerWorkerImpl -- processingStrategy.process(record) 處理失敗: Processing failed
java.lang.RuntimeException: Processing failed
	at com.charlessun.javaplcadapter.worker.impl.ConsumerWorkerImpl.pollLoop(ConsumerWorkerImpl.java:53)
	at java.base/java.lang.Thread.run(Thread.java:1583)
11:47:51.761 [Thread-4] ERROR com.charlessun.javaplcadapter.worker.impl.ConsumerWorkerImpl -- processingStrategy.process(record) 處理失敗: Processing failed
java.lang.RuntimeException: Processing failed
	at com.charlessun.javaplcadapter.worker.impl.ConsumerWorkerImpl.pollLoop(ConsumerWorkerImpl.java:53)
	at java.base/java.lang.Thread.run(Thread.java:1583)
11:47:51.762 [Thread-4] ERROR com.charlessun.javaplcadapter.worker.impl.ConsumerWorkerImpl -- processingStrategy.process(record) 處理失敗: Processing failed
java.lang.RuntimeException: Processing failed
	at com.charlessun.javaplcadapter.worker.impl.ConsumerWorkerImpl.pollLoop(ConsumerWorkerImpl.java:53)
	at java.base/java.lang.Thread.run(Thread.java:1583)
11:47:51.762 [Thread-4] ERROR com.charlessun.javaplcadapter.worker.impl.ConsumerWorkerImpl -- processingStrategy.process(record) 處理失敗: Processing failed
java.lang.RuntimeException: Processing failed
	at com.charlessun.javaplcadapter.worker.impl.ConsumerWorkerImpl.pollLoop(ConsumerWorkerImpl.java:53)
	at java.base/java.lang.Thread.run(Thread.java:1583)
11:47:51.763 [Thread-4] ERROR com.charlessun.javaplcadapter.worker.impl.ConsumerWorkerImpl -- processingStrategy.process(record) 處理失敗: Processing failed
java.lang.RuntimeException: Processing failed
	at com.charlessun.javaplcadapter.worker.impl.ConsumerWorkerImpl.pollLoop(ConsumerWorkerImpl.java:53)
	at java.base/java.lang.Thread.run(Thread.java:1583)
11:47:51.763 [Thread-4] ERROR com.charlessun.javaplcadapter.worker.impl.ConsumerWorkerImpl -- processingStrategy.process(record) 處理失敗: Processing failed
java.lang.RuntimeException: Processing failed
	at com.charlessun.javaplcadapter.worker.impl.ConsumerWorkerImpl.pollLoop(ConsumerWorkerImpl.java:53)
	at java.base/java.lang.Thread.run(Thread.java:1583)
11:47:51.764 [Thread-4] ERROR com.charlessun.javaplcadapter.worker.impl.ConsumerWorkerImpl -- processingStrategy.process(record) 處理失敗: Processing failed
java.lang.RuntimeException: Processing failed
	at com.charlessun.javaplcadapter.worker.impl.ConsumerWorkerImpl.pollLoop(ConsumerWorkerImpl.java:53)
	at java.base/java.lang.Thread.run(Thread.java:1583)
11:47:51.765 [Thread-4] ERROR com.charlessun.javaplcadapter.worker.impl.ConsumerWorkerImpl -- processingStrategy.process(record) 處理失敗: Processing failed
java.lang.RuntimeException: Processing failed
	at com.charlessun.javaplcadapter.worker.impl.ConsumerWorkerImpl.pollLoop(ConsumerWorkerImpl.java:53)
	at java.base/java.lang.Thread.run(Thread.java:1583)
11:47:51.765 [Thread-4] ERROR com.charlessun.javaplcadapter.worker.impl.ConsumerWorkerImpl -- processingStrategy.process(record) 處理失敗: Processing failed
java.lang.RuntimeException: Processing failed
	at com.charlessun.javaplcadapter.worker.impl.ConsumerWorkerImpl.pollLoop(ConsumerWorkerImpl.java:53)
	at java.base/java.lang.Thread.run(Thread.java:1583)
11:47:51.766 [Thread-4] ERROR com.charlessun.javaplcadapter.worker.impl.ConsumerWorkerImpl -- processingStrategy.process(record) 處理失敗: Processing failed
java.lang.RuntimeException: Processing failed
	at com.charlessun.javaplcadapter.worker.impl.ConsumerWorkerImpl.pollLoop(ConsumerWorkerImpl.java:53)
	at java.base/java.lang.Thread.run(Thread.java:1583)
11:47:51.766 [Thread-4] ERROR com.charlessun.javaplcadapter.worker.impl.ConsumerWorkerImpl -- processingStrategy.process(record) 處理失敗: Processing failed
java.lang.RuntimeException: Processing failed
	at com.charlessun.javaplcadapter.worker.impl.ConsumerWorkerImpl.pollLoop(ConsumerWorkerImpl.java:53)
	at java.base/java.lang.Thread.run(Thread.java:1583)
11:47:51.766 [Thread-4] ERROR com.charlessun.javaplcadapter.worker.impl.ConsumerWorkerImpl -- processingStrategy.process(record) 處理失敗: Processing failed
java.lang.RuntimeException: Processing failed
	at com.charlessun.javaplcadapter.worker.impl.ConsumerWorkerImpl.pollLoop(ConsumerWorkerImpl.java:53)
	at java.base/java.lang.Thread.run(Thread.java:1583)
11:47:51.766 [Thread-4] ERROR com.charlessun.javaplcadapter.worker.impl.ConsumerWorkerImpl -- processingStrategy.process(record) 處理失敗: Processing failed
java.lang.RuntimeException: Processing failed
	at com.charlessun.javaplcadapter.worker.impl.ConsumerWorkerImpl.pollLoop(ConsumerWorkerImpl.java:53)
	at java.base/java.lang.Thread.run(Thread.java:1583)
11:47:51.767 [Thread-4] ERROR com.charlessun.javaplcadapter.worker.impl.ConsumerWorkerImpl -- processingStrategy.process(record) 處理失敗: Processing failed
java.lang.RuntimeException: Processing failed
	at com.charlessun.javaplcadapter.worker.impl.ConsumerWorkerImpl.pollLoop(ConsumerWorkerImpl.java:53)
	at java.base/java.lang.Thread.run(Thread.java:1583)
11:47:51.767 [Thread-4] ERROR com.charlessun.javaplcadapter.worker.impl.ConsumerWorkerImpl -- processingStrategy.process(record) 處理失敗: Processing failed
java.lang.RuntimeException: Processing failed
	at com.charlessun.javaplcadapter.worker.impl.ConsumerWorkerImpl.pollLoop(ConsumerWorkerImpl.java:53)
	at java.base/java.lang.Thread.run(Thread.java:1583)
11:47:51.767 [Thread-4] ERROR com.charlessun.javaplcadapter.worker.impl.ConsumerWorkerImpl -- processingStrategy.process(record) 處理失敗: Processing failed
java.lang.RuntimeException: Processing failed
	at com.charlessun.javaplcadapter.worker.impl.ConsumerWorkerImpl.pollLoop(ConsumerWorkerImpl.java:53)
	at java.base/java.lang.Thread.run(Thread.java:1583)
11:47:51.768 [Thread-4] ERROR com.charlessun.javaplcadapter.worker.impl.ConsumerWorkerImpl -- processingStrategy.process(record) 處理失敗: Processing failed
java.lang.RuntimeException: Processing failed
	at com.charlessun.javaplcadapter.worker.impl.ConsumerWorkerImpl.pollLoop(ConsumerWorkerImpl.java:53)
	at java.base/java.lang.Thread.run(Thread.java:1583)
11:47:51.768 [Thread-4] ERROR com.charlessun.javaplcadapter.worker.impl.ConsumerWorkerImpl -- processingStrategy.process(record) 處理失敗: Processing failed
java.lang.RuntimeException: Processing failed
	at com.charlessun.javaplcadapter.worker.impl.ConsumerWorkerImpl.pollLoop(ConsumerWorkerImpl.java:53)
	at java.base/java.lang.Thread.run(Thread.java:1583)
11:47:51.768 [Thread-4] ERROR com.charlessun.javaplcadapter.worker.impl.ConsumerWorkerImpl -- processingStrategy.process(record) 處理失敗: Processing failed
java.lang.RuntimeException: Processing failed
	at com.charlessun.javaplcadapter.worker.impl.ConsumerWorkerImpl.pollLoop(ConsumerWorkerImpl.java:53)
	at java.base/java.lang.Thread.run(Thread.java:1583)
11:47:51.769 [Thread-4] ERROR com.charlessun.javaplcadapter.worker.impl.ConsumerWorkerImpl -- processingStrategy.process(record) 處理失敗: Processing failed
java.lang.RuntimeException: Processing failed
	at com.charlessun.javaplcadapter.worker.impl.ConsumerWorkerImpl.pollLoop(ConsumerWorkerImpl.java:53)
	at java.base/java.lang.Thread.run(Thread.java:1583)
11:47:51.769 [Thread-4] ERROR com.charlessun.javaplcadapter.worker.impl.ConsumerWorkerImpl -- processingStrategy.process(record) 處理失敗: Processing failed
java.lang.RuntimeException: Processing failed
	at com.charlessun.javaplcadapter.worker.impl.ConsumerWorkerImpl.pollLoop(ConsumerWorkerImpl.java:53)
	at java.base/java.lang.Thread.run(Thread.java:1583)
11:47:51.769 [Thread-4] ERROR com.charlessun.javaplcadapter.worker.impl.ConsumerWorkerImpl -- processingStrategy.process(record) 處理失敗: Processing failed
java.lang.RuntimeException: Processing failed
	at com.charlessun.javaplcadapter.worker.impl.ConsumerWorkerImpl.pollLoop(ConsumerWorkerImpl.java:53)
	at java.base/java.lang.Thread.run(Thread.java:1583)
11:47:51.770 [Thread-4] ERROR com.charlessun.javaplcadapter.worker.impl.ConsumerWorkerImpl -- processingStrategy.process(record) 處理失敗: Processing failed
java.lang.RuntimeException: Processing failed
	at com.charlessun.javaplcadapter.worker.impl.ConsumerWorkerImpl.pollLoop(ConsumerWorkerImpl.java:53)
	at java.base/java.lang.Thread.run(Thread.java:1583)
11:47:51.770 [Thread-4] ERROR com.charlessun.javaplcadapter.worker.impl.ConsumerWorkerImpl -- processingStrategy.process(record) 處理失敗: Processing failed
java.lang.RuntimeException: Processing failed
	at com.charlessun.javaplcadapter.worker.impl.ConsumerWorkerImpl.pollLoop(ConsumerWorkerImpl.java:53)
	at java.base/java.lang.Thread.run(Thread.java:1583)
11:47:51.770 [Thread-4] ERROR com.charlessun.javaplcadapter.worker.impl.ConsumerWorkerImpl -- processingStrategy.process(record) 處理失敗: Processing failed
java.lang.RuntimeException: Processing failed
	at com.charlessun.javaplcadapter.worker.impl.ConsumerWorkerImpl.pollLoop(ConsumerWorkerImpl.java:53)
	at java.base/java.lang.Thread.run(Thread.java:1583)
11:47:51.771 [Thread-4] ERROR com.charlessun.javaplcadapter.worker.impl.ConsumerWorkerImpl -- processingStrategy.process(record) 處理失敗: Processing failed
java.lang.RuntimeException: Processing failed
	at com.charlessun.javaplcadapter.worker.impl.ConsumerWorkerImpl.pollLoop(ConsumerWorkerImpl.java:53)
	at java.base/java.lang.Thread.run(Thread.java:1583)
11:47:51.771 [Thread-4] ERROR com.charlessun.javaplcadapter.worker.impl.ConsumerWorkerImpl -- processingStrategy.process(record) 處理失敗: Processing failed
java.lang.RuntimeException: Processing failed
	at com.charlessun.javaplcadapter.worker.impl.ConsumerWorkerImpl.pollLoop(ConsumerWorkerImpl.java:53)
	at java.base/java.lang.Thread.run(Thread.java:1583)
11:47:51.771 [Thread-4] ERROR com.charlessun.javaplcadapter.worker.impl.ConsumerWorkerImpl -- processingStrategy.process(record) 處理失敗: Processing failed
java.lang.RuntimeException: Processing failed
	at com.charlessun.javaplcadapter.worker.impl.ConsumerWorkerImpl.pollLoop(ConsumerWorkerImpl.java:53)
	at java.base/java.lang.Thread.run(Thread.java:1583)
11:47:51.772 [Thread-4] ERROR com.charlessun.javaplcadapter.worker.impl.ConsumerWorkerImpl -- processingStrategy.process(record) 處理失敗: Processing failed
java.lang.RuntimeException: Processing failed
	at com.charlessun.javaplcadapter.worker.impl.ConsumerWorkerImpl.pollLoop(ConsumerWorkerImpl.java:53)
	at java.base/java.lang.Thread.run(Thread.java:1583)
11:47:51.772 [Thread-4] ERROR com.charlessun.javaplcadapter.worker.impl.ConsumerWorkerImpl -- processingStrategy.process(record) 處理失敗: Processing failed
java.lang.RuntimeException: Processing failed
	at com.charlessun.javaplcadapter.worker.impl.ConsumerWorkerImpl.pollLoop(ConsumerWorkerImpl.java:53)
	at java.base/java.lang.Thread.run(Thread.java:1583)
11:47:51.772 [Thread-4] ERROR com.charlessun.javaplcadapter.worker.impl.ConsumerWorkerImpl -- processingStrategy.process(record) 處理失敗: Processing failed
java.lang.RuntimeException: Processing failed
	at com.charlessun.javaplcadapter.worker.impl.ConsumerWorkerImpl.pollLoop(ConsumerWorkerImpl.java:53)
	at java.base/java.lang.Thread.run(Thread.java:1583)
11:47:51.772 [Thread-4] ERROR com.charlessun.javaplcadapter.worker.impl.ConsumerWorkerImpl -- processingStrategy.process(record) 處理失敗: Processing failed
java.lang.RuntimeException: Processing failed
	at com.charlessun.javaplcadapter.worker.impl.ConsumerWorkerImpl.pollLoop(ConsumerWorkerImpl.java:53)
	at java.base/java.lang.Thread.run(Thread.java:1583)
11:47:51.773 [Thread-4] ERROR com.charlessun.javaplcadapter.worker.impl.ConsumerWorkerImpl -- processingStrategy.process(record) 處理失敗: Processing failed
java.lang.RuntimeException: Processing failed
	at com.charlessun.javaplcadapter.worker.impl.ConsumerWorkerImpl.pollLoop(ConsumerWorkerImpl.java:53)
	at java.base/java.lang.Thread.run(Thread.java:1583)
11:47:51.773 [Thread-4] ERROR com.charlessun.javaplcadapter.worker.impl.ConsumerWorkerImpl -- processingStrategy.process(record) 處理失敗: Processing failed
java.lang.RuntimeException: Processing failed
	at com.charlessun.javaplcadapter.worker.impl.ConsumerWorkerImpl.pollLoop(ConsumerWorkerImpl.java:53)
	at java.base/java.lang.Thread.run(Thread.java:1583)
11:47:51.773 [Thread-4] ERROR com.charlessun.javaplcadapter.worker.impl.ConsumerWorkerImpl -- processingStrategy.process(record) 處理失敗: Processing failed
java.lang.RuntimeException: Processing failed
	at com.charlessun.javaplcadapter.worker.impl.ConsumerWorkerImpl.pollLoop(ConsumerWorkerImpl.java:53)
	at java.base/java.lang.Thread.run(Thread.java:1583)
11:47:51.773 [Thread-4] ERROR com.charlessun.javaplcadapter.worker.impl.ConsumerWorkerImpl -- processingStrategy.process(record) 處理失敗: Processing failed
java.lang.RuntimeException: Processing failed
	at com.charlessun.javaplcadapter.worker.impl.ConsumerWorkerImpl.pollLoop(ConsumerWorkerImpl.java:53)
	at java.base/java.lang.Thread.run(Thread.java:1583)
11:47:51.773 [Thread-4] ERROR com.charlessun.javaplcadapter.worker.impl.ConsumerWorkerImpl -- processingStrategy.process(record) 處理失敗: Processing failed
java.lang.RuntimeException: Processing failed
	at com.charlessun.javaplcadapter.worker.impl.ConsumerWorkerImpl.pollLoop(ConsumerWorkerImpl.java:53)
	at java.base/java.lang.Thread.run(Thread.java:1583)
11:47:51.773 [Thread-4] ERROR com.charlessun.javaplcadapter.worker.impl.ConsumerWorkerImpl -- processingStrategy.process(record) 處理失敗: Processing failed
java.lang.RuntimeException: Processing failed
	at com.charlessun.javaplcadapter.worker.impl.ConsumerWorkerImpl.pollLoop(ConsumerWorkerImpl.java:53)
	at java.base/java.lang.Thread.run(Thread.java:1583)
11:47:51.773 [Thread-4] ERROR com.charlessun.javaplcadapter.worker.impl.ConsumerWorkerImpl -- processingStrategy.process(record) 處理失敗: Processing failed
java.lang.RuntimeException: Processing failed
	at com.charlessun.javaplcadapter.worker.impl.ConsumerWorkerImpl.pollLoop(ConsumerWorkerImpl.java:53)
	at java.base/java.lang.Thread.run(Thread.java:1583)
11:47:51.773 [Thread-4] ERROR com.charlessun.javaplcadapter.worker.impl.ConsumerWorkerImpl -- processingStrategy.process(record) 處理失敗: Processing failed
java.lang.RuntimeException: Processing failed
	at com.charlessun.javaplcadapter.worker.impl.ConsumerWorkerImpl.pollLoop(ConsumerWorkerImpl.java:53)
	at java.base/java.lang.Thread.run(Thread.java:1583)
11:47:51.774 [Thread-4] ERROR com.charlessun.javaplcadapter.worker.impl.ConsumerWorkerImpl -- processingStrategy.process(record) 處理失敗: Processing failed
java.lang.RuntimeException: Processing failed
	at com.charlessun.javaplcadapter.worker.impl.ConsumerWorkerImpl.pollLoop(ConsumerWorkerImpl.java:53)
	at java.base/java.lang.Thread.run(Thread.java:1583)
11:47:51.774 [Thread-4] ERROR com.charlessun.javaplcadapter.worker.impl.ConsumerWorkerImpl -- processingStrategy.process(record) 處理失敗: Processing failed
java.lang.RuntimeException: Processing failed
	at com.charlessun.javaplcadapter.worker.impl.ConsumerWorkerImpl.pollLoop(ConsumerWorkerImpl.java:53)
	at java.base/java.lang.Thread.run(Thread.java:1583)
11:47:51.774 [Thread-4] ERROR com.charlessun.javaplcadapter.worker.impl.ConsumerWorkerImpl -- processingStrategy.process(record) 處理失敗: Processing failed
java.lang.RuntimeException: Processing failed
	at com.charlessun.javaplcadapter.worker.impl.ConsumerWorkerImpl.pollLoop(ConsumerWorkerImpl.java:53)
	at java.base/java.lang.Thread.run(Thread.java:1583)
11:47:51.774 [Thread-4] ERROR com.charlessun.javaplcadapter.worker.impl.ConsumerWorkerImpl -- processingStrategy.process(record) 處理失敗: Processing failed
java.lang.RuntimeException: Processing failed
	at com.charlessun.javaplcadapter.worker.impl.ConsumerWorkerImpl.pollLoop(ConsumerWorkerImpl.java:53)
	at java.base/java.lang.Thread.run(Thread.java:1583)
11:47:51.775 [Thread-4] ERROR com.charlessun.javaplcadapter.worker.impl.ConsumerWorkerImpl -- processingStrategy.process(record) 處理失敗: Processing failed
java.lang.RuntimeException: Processing failed
	at com.charlessun.javaplcadapter.worker.impl.ConsumerWorkerImpl.pollLoop(ConsumerWorkerImpl.java:53)
	at java.base/java.lang.Thread.run(Thread.java:1583)
11:47:51.775 [Thread-4] ERROR com.charlessun.javaplcadapter.worker.impl.ConsumerWorkerImpl -- processingStrategy.process(record) 處理失敗: Processing failed
java.lang.RuntimeException: Processing failed
	at com.charlessun.javaplcadapter.worker.impl.ConsumerWorkerImpl.pollLoop(ConsumerWorkerImpl.java:53)
	at java.base/java.lang.Thread.run(Thread.java:1583)
11:47:51.775 [Thread-4] ERROR com.charlessun.javaplcadapter.worker.impl.ConsumerWorkerImpl -- processingStrategy.process(record) 處理失敗: Processing failed
java.lang.RuntimeException: Processing failed
	at com.charlessun.javaplcadapter.worker.impl.ConsumerWorkerImpl.pollLoop(ConsumerWorkerImpl.java:53)
	at java.base/java.lang.Thread.run(Thread.java:1583)
11:47:51.775 [Thread-4] ERROR com.charlessun.javaplcadapter.worker.impl.ConsumerWorkerImpl -- processingStrategy.process(record) 處理失敗: Processing failed
java.lang.RuntimeException: Processing failed
	at com.charlessun.javaplcadapter.worker.impl.ConsumerWorkerImpl.pollLoop(ConsumerWorkerImpl.java:53)
	at java.base/java.lang.Thread.run(Thread.java:1583)
11:47:51.776 [Thread-4] ERROR com.charlessun.javaplcadapter.worker.impl.ConsumerWorkerImpl -- processingStrategy.process(record) 處理失敗: Processing failed
java.lang.RuntimeException: Processing failed
	at com.charlessun.javaplcadapter.worker.impl.ConsumerWorkerImpl.pollLoop(ConsumerWorkerImpl.java:53)
	at java.base/java.lang.Thread.run(Thread.java:1583)
11:47:51.776 [Thread-4] ERROR com.charlessun.javaplcadapter.worker.impl.ConsumerWorkerImpl -- processingStrategy.process(record) 處理失敗: Processing failed
java.lang.RuntimeException: Processing failed
	at com.charlessun.javaplcadapter.worker.impl.ConsumerWorkerImpl.pollLoop(ConsumerWorkerImpl.java:53)
	at java.base/java.lang.Thread.run(Thread.java:1583)
11:47:51.776 [Thread-4] ERROR com.charlessun.javaplcadapter.worker.impl.ConsumerWorkerImpl -- processingStrategy.process(record) 處理失敗: Processing failed
java.lang.RuntimeException: Processing failed
	at com.charlessun.javaplcadapter.worker.impl.ConsumerWorkerImpl.pollLoop(ConsumerWorkerImpl.java:53)
	at java.base/java.lang.Thread.run(Thread.java:1583)
11:47:51.776 [Thread-4] ERROR com.charlessun.javaplcadapter.worker.impl.ConsumerWorkerImpl -- processingStrategy.process(record) 處理失敗: Processing failed
java.lang.RuntimeException: Processing failed
	at com.charlessun.javaplcadapter.worker.impl.ConsumerWorkerImpl.pollLoop(ConsumerWorkerImpl.java:53)
	at java.base/java.lang.Thread.run(Thread.java:1583)
11:47:51.777 [Thread-4] ERROR com.charlessun.javaplcadapter.worker.impl.ConsumerWorkerImpl -- processingStrategy.process(record) 處理失敗: Processing failed
java.lang.RuntimeException: Processing failed
	at com.charlessun.javaplcadapter.worker.impl.ConsumerWorkerImpl.pollLoop(ConsumerWorkerImpl.java:53)
	at java.base/java.lang.Thread.run(Thread.java:1583)
11:47:51.777 [Thread-4] ERROR com.charlessun.javaplcadapter.worker.impl.ConsumerWorkerImpl -- processingStrategy.process(record) 處理失敗: Processing failed
java.lang.RuntimeException: Processing failed
	at com.charlessun.javaplcadapter.worker.impl.ConsumerWorkerImpl.pollLoop(ConsumerWorkerImpl.java:53)
	at java.base/java.lang.Thread.run(Thread.java:1583)
11:47:51.777 [Thread-4] ERROR com.charlessun.javaplcadapter.worker.impl.ConsumerWorkerImpl -- processingStrategy.process(record) 處理失敗: Processing failed
java.lang.RuntimeException: Processing failed
	at com.charlessun.javaplcadapter.worker.impl.ConsumerWorkerImpl.pollLoop(ConsumerWorkerImpl.java:53)
	at java.base/java.lang.Thread.run(Thread.java:1583)
11:47:51.777 [Thread-4] ERROR com.charlessun.javaplcadapter.worker.impl.ConsumerWorkerImpl -- processingStrategy.process(record) 處理失敗: Processing failed
java.lang.RuntimeException: Processing failed
	at com.charlessun.javaplcadapter.worker.impl.ConsumerWorkerImpl.pollLoop(ConsumerWorkerImpl.java:53)
	at java.base/java.lang.Thread.run(Thread.java:1583)
11:47:51.777 [Thread-4] ERROR com.charlessun.javaplcadapter.worker.impl.ConsumerWorkerImpl -- processingStrategy.process(record) 處理失敗: Processing failed
java.lang.RuntimeException: Processing failed
	at com.charlessun.javaplcadapter.worker.impl.ConsumerWorkerImpl.pollLoop(ConsumerWorkerImpl.java:53)
	at java.base/java.lang.Thread.run(Thread.java:1583)
11:47:51.778 [Thread-4] ERROR com.charlessun.javaplcadapter.worker.impl.ConsumerWorkerImpl -- processingStrategy.process(record) 處理失敗: Processing failed
java.lang.RuntimeException: Processing failed
	at com.charlessun.javaplcadapter.worker.impl.ConsumerWorkerImpl.pollLoop(ConsumerWorkerImpl.java:53)
	at java.base/java.lang.Thread.run(Thread.java:1583)
11:47:51.778 [Thread-4] ERROR com.charlessun.javaplcadapter.worker.impl.ConsumerWorkerImpl -- processingStrategy.process(record) 處理失敗: Processing failed
java.lang.RuntimeException: Processing failed
	at com.charlessun.javaplcadapter.worker.impl.ConsumerWorkerImpl.pollLoop(ConsumerWorkerImpl.java:53)
	at java.base/java.lang.Thread.run(Thread.java:1583)
11:47:51.778 [Thread-4] ERROR com.charlessun.javaplcadapter.worker.impl.ConsumerWorkerImpl -- processingStrategy.process(record) 處理失敗: Processing failed
java.lang.RuntimeException: Processing failed
	at com.charlessun.javaplcadapter.worker.impl.ConsumerWorkerImpl.pollLoop(ConsumerWorkerImpl.java:53)
	at java.base/java.lang.Thread.run(Thread.java:1583)
11:47:51.779 [Thread-4] ERROR com.charlessun.javaplcadapter.worker.impl.ConsumerWorkerImpl -- processingStrategy.process(record) 處理失敗: Processing failed
java.lang.RuntimeException: Processing failed
	at com.charlessun.javaplcadapter.worker.impl.ConsumerWorkerImpl.pollLoop(ConsumerWorkerImpl.java:53)
	at java.base/java.lang.Thread.run(Thread.java:1583)
11:47:51.779 [Thread-4] ERROR com.charlessun.javaplcadapter.worker.impl.ConsumerWorkerImpl -- processingStrategy.process(record) 處理失敗: Processing failed
java.lang.RuntimeException: Processing failed
	at com.charlessun.javaplcadapter.worker.impl.ConsumerWorkerImpl.pollLoop(ConsumerWorkerImpl.java:53)
	at java.base/java.lang.Thread.run(Thread.java:1583)
11:47:51.780 [Thread-4] ERROR com.charlessun.javaplcadapter.worker.impl.ConsumerWorkerImpl -- processingStrategy.process(record) 處理失敗: Processing failed
java.lang.RuntimeException: Processing failed
	at com.charlessun.javaplcadapter.worker.impl.ConsumerWorkerImpl.pollLoop(ConsumerWorkerImpl.java:53)
	at java.base/java.lang.Thread.run(Thread.java:1583)
11:47:51.781 [Thread-4] ERROR com.charlessun.javaplcadapter.worker.impl.ConsumerWorkerImpl -- processingStrategy.process(record) 處理失敗: Processing failed
java.lang.RuntimeException: Processing failed
	at com.charlessun.javaplcadapter.worker.impl.ConsumerWorkerImpl.pollLoop(ConsumerWorkerImpl.java:53)
	at java.base/java.lang.Thread.run(Thread.java:1583)
11:47:51.781 [Thread-4] ERROR com.charlessun.javaplcadapter.worker.impl.ConsumerWorkerImpl -- processingStrategy.process(record) 處理失敗: Processing failed
java.lang.RuntimeException: Processing failed
	at com.charlessun.javaplcadapter.worker.impl.ConsumerWorkerImpl.pollLoop(ConsumerWorkerImpl.java:53)
	at java.base/java.lang.Thread.run(Thread.java:1583)
11:47:51.782 [Thread-4] ERROR com.charlessun.javaplcadapter.worker.impl.ConsumerWorkerImpl -- processingStrategy.process(record) 處理失敗: Processing failed
java.lang.RuntimeException: Processing failed
	at com.charlessun.javaplcadapter.worker.impl.ConsumerWorkerImpl.pollLoop(ConsumerWorkerImpl.java:53)
	at java.base/java.lang.Thread.run(Thread.java:1583)
11:47:51.783 [Thread-4] ERROR com.charlessun.javaplcadapter.worker.impl.ConsumerWorkerImpl -- processingStrategy.process(record) 處理失敗: Processing failed
java.lang.RuntimeException: Processing failed
	at com.charlessun.javaplcadapter.worker.impl.ConsumerWorkerImpl.pollLoop(ConsumerWorkerImpl.java:53)
	at java.base/java.lang.Thread.run(Thread.java:1583)
11:47:51.783 [Thread-4] ERROR com.charlessun.javaplcadapter.worker.impl.ConsumerWorkerImpl -- processingStrategy.process(record) 處理失敗: Processing failed
java.lang.RuntimeException: Processing failed
	at com.charlessun.javaplcadapter.worker.impl.ConsumerWorkerImpl.pollLoop(ConsumerWorkerImpl.java:53)
	at java.base/java.lang.Thread.run(Thread.java:1583)
11:47:51.784 [Thread-4] ERROR com.charlessun.javaplcadapter.worker.impl.ConsumerWorkerImpl -- processingStrategy.process(record) 處理失敗: Processing failed
java.lang.RuntimeException: Processing failed
	at com.charlessun.javaplcadapter.worker.impl.ConsumerWorkerImpl.pollLoop(ConsumerWorkerImpl.java:53)
	at java.base/java.lang.Thread.run(Thread.java:1583)
11:47:51.784 [Thread-4] ERROR com.charlessun.javaplcadapter.worker.impl.ConsumerWorkerImpl -- processingStrategy.process(record) 處理失敗: Processing failed
java.lang.RuntimeException: Processing failed
	at com.charlessun.javaplcadapter.worker.impl.ConsumerWorkerImpl.pollLoop(ConsumerWorkerImpl.java:53)
	at java.base/java.lang.Thread.run(Thread.java:1583)
11:47:51.784 [Thread-4] ERROR com.charlessun.javaplcadapter.worker.impl.ConsumerWorkerImpl -- processingStrategy.process(record) 處理失敗: Processing failed
java.lang.RuntimeException: Processing failed
	at com.charlessun.javaplcadapter.worker.impl.ConsumerWorkerImpl.pollLoop(ConsumerWorkerImpl.java:53)
	at java.base/java.lang.Thread.run(Thread.java:1583)
11:47:51.785 [Thread-4] ERROR com.charlessun.javaplcadapter.worker.impl.ConsumerWorkerImpl -- processingStrategy.process(record) 處理失敗: Processing failed
java.lang.RuntimeException: Processing failed
	at com.charlessun.javaplcadapter.worker.impl.ConsumerWorkerImpl.pollLoop(ConsumerWorkerImpl.java:53)
	at java.base/java.lang.Thread.run(Thread.java:1583)
11:47:51.787 [Thread-4] ERROR com.charlessun.javaplcadapter.worker.impl.ConsumerWorkerImpl -- processingStrategy.process(record) 處理失敗: Processing failed
java.lang.RuntimeException: Processing failed
	at com.charlessun.javaplcadapter.worker.impl.ConsumerWorkerImpl.pollLoop(ConsumerWorkerImpl.java:53)
	at java.base/java.lang.Thread.run(Thread.java:1583)
11:47:51.789 [Thread-4] ERROR com.charlessun.javaplcadapter.worker.impl.ConsumerWorkerImpl -- processingStrategy.process(record) 處理失敗: Processing failed
java.lang.RuntimeException: Processing failed
	at com.charlessun.javaplcadapter.worker.impl.ConsumerWorkerImpl.pollLoop(ConsumerWorkerImpl.java:53)
	at java.base/java.lang.Thread.run(Thread.java:1583)
11:47:51.789 [Thread-4] ERROR com.charlessun.javaplcadapter.worker.impl.ConsumerWorkerImpl -- processingStrategy.process(record) 處理失敗: Processing failed
java.lang.RuntimeException: Processing failed
	at com.charlessun.javaplcadapter.worker.impl.ConsumerWorkerImpl.pollLoop(ConsumerWorkerImpl.java:53)
	at java.base/java.lang.Thread.run(Thread.java:1583)
11:47:51.790 [Thread-4] ERROR com.charlessun.javaplcadapter.worker.impl.ConsumerWorkerImpl -- processingStrategy.process(record) 處理失敗: Processing failed
java.lang.RuntimeException: Processing failed
	at com.charlessun.javaplcadapter.worker.impl.ConsumerWorkerImpl.pollLoop(ConsumerWorkerImpl.java:53)
	at java.base/java.lang.Thread.run(Thread.java:1583)
11:47:51.791 [Thread-4] ERROR com.charlessun.javaplcadapter.worker.impl.ConsumerWorkerImpl -- processingStrategy.process(record) 處理失敗: Processing failed
java.lang.RuntimeException: Processing failed
	at com.charlessun.javaplcadapter.worker.impl.ConsumerWorkerImpl.pollLoop(ConsumerWorkerImpl.java:53)
	at java.base/java.lang.Thread.run(Thread.java:1583)
11:47:51.792 [Thread-4] ERROR com.charlessun.javaplcadapter.worker.impl.ConsumerWorkerImpl -- processingStrategy.process(record) 處理失敗: Processing failed
java.lang.RuntimeException: Processing failed
	at com.charlessun.javaplcadapter.worker.impl.ConsumerWorkerImpl.pollLoop(ConsumerWorkerImpl.java:53)
	at java.base/java.lang.Thread.run(Thread.java:1583)
11:47:51.792 [Thread-4] ERROR com.charlessun.javaplcadapter.worker.impl.ConsumerWorkerImpl -- processingStrategy.process(record) 處理失敗: Processing failed
java.lang.RuntimeException: Processing failed
	at com.charlessun.javaplcadapter.worker.impl.ConsumerWorkerImpl.pollLoop(ConsumerWorkerImpl.java:53)
	at java.base/java.lang.Thread.run(Thread.java:1583)
11:47:51.793 [Thread-4] ERROR com.charlessun.javaplcadapter.worker.impl.ConsumerWorkerImpl -- processingStrategy.process(record) 處理失敗: Processing failed
java.lang.RuntimeException: Processing failed
	at com.charlessun.javaplcadapter.worker.impl.ConsumerWorkerImpl.pollLoop(ConsumerWorkerImpl.java:53)
	at java.base/java.lang.Thread.run(Thread.java:1583)
11:47:51.793 [Thread-4] ERROR com.charlessun.javaplcadapter.worker.impl.ConsumerWorkerImpl -- processingStrategy.process(record) 處理失敗: Processing failed
java.lang.RuntimeException: Processing failed
	at com.charlessun.javaplcadapter.worker.impl.ConsumerWorkerImpl.pollLoop(ConsumerWorkerImpl.java:53)
	at java.base/java.lang.Thread.run(Thread.java:1583)
11:47:51.793 [Thread-4] ERROR com.charlessun.javaplcadapter.worker.impl.ConsumerWorkerImpl -- processingStrategy.process(record) 處理失敗: Processing failed
java.lang.RuntimeException: Processing failed
	at com.charlessun.javaplcadapter.worker.impl.ConsumerWorkerImpl.pollLoop(ConsumerWorkerImpl.java:53)
	at java.base/java.lang.Thread.run(Thread.java:1583)
11:47:51.794 [Thread-4] ERROR com.charlessun.javaplcadapter.worker.impl.ConsumerWorkerImpl -- processingStrategy.process(record) 處理失敗: Processing failed
java.lang.RuntimeException: Processing failed
	at com.charlessun.javaplcadapter.worker.impl.ConsumerWorkerImpl.pollLoop(ConsumerWorkerImpl.java:53)
	at java.base/java.lang.Thread.run(Thread.java:1583)
11:47:51.794 [Thread-4] ERROR com.charlessun.javaplcadapter.worker.impl.ConsumerWorkerImpl -- processingStrategy.process(record) 處理失敗: Processing failed
java.lang.RuntimeException: Processing failed
	at com.charlessun.javaplcadapter.worker.impl.ConsumerWorkerImpl.pollLoop(ConsumerWorkerImpl.java:53)
	at java.base/java.lang.Thread.run(Thread.java:1583)
11:47:51.794 [Thread-4] ERROR com.charlessun.javaplcadapter.worker.impl.ConsumerWorkerImpl -- processingStrategy.process(record) 處理失敗: Processing failed
java.lang.RuntimeException: Processing failed
	at com.charlessun.javaplcadapter.worker.impl.ConsumerWorkerImpl.pollLoop(ConsumerWorkerImpl.java:53)
	at java.base/java.lang.Thread.run(Thread.java:1583)
11:47:51.795 [Thread-4] ERROR com.charlessun.javaplcadapter.worker.impl.ConsumerWorkerImpl -- processingStrategy.process(record) 處理失敗: Processing failed
java.lang.RuntimeException: Processing failed
	at com.charlessun.javaplcadapter.worker.impl.ConsumerWorkerImpl.pollLoop(ConsumerWorkerImpl.java:53)
	at java.base/java.lang.Thread.run(Thread.java:1583)
11:47:51.795 [Thread-4] ERROR com.charlessun.javaplcadapter.worker.impl.ConsumerWorkerImpl -- processingStrategy.process(record) 處理失敗: Processing failed
java.lang.RuntimeException: Processing failed
	at com.charlessun.javaplcadapter.worker.impl.ConsumerWorkerImpl.pollLoop(ConsumerWorkerImpl.java:53)
	at java.base/java.lang.Thread.run(Thread.java:1583)
11:47:51.795 [Thread-4] ERROR com.charlessun.javaplcadapter.worker.impl.ConsumerWorkerImpl -- processingStrategy.process(record) 處理失敗: Processing failed
java.lang.RuntimeException: Processing failed
	at com.charlessun.javaplcadapter.worker.impl.ConsumerWorkerImpl.pollLoop(ConsumerWorkerImpl.java:53)
	at java.base/java.lang.Thread.run(Thread.java:1583)
11:47:51.796 [Thread-4] ERROR com.charlessun.javaplcadapter.worker.impl.ConsumerWorkerImpl -- processingStrategy.process(record) 處理失敗: Processing failed
java.lang.RuntimeException: Processing failed
	at com.charlessun.javaplcadapter.worker.impl.ConsumerWorkerImpl.pollLoop(ConsumerWorkerImpl.java:53)
	at java.base/java.lang.Thread.run(Thread.java:1583)
11:47:51.797 [Thread-4] ERROR com.charlessun.javaplcadapter.worker.impl.ConsumerWorkerImpl -- processingStrategy.process(record) 處理失敗: Processing failed
java.lang.RuntimeException: Processing failed
	at com.charlessun.javaplcadapter.worker.impl.ConsumerWorkerImpl.pollLoop(ConsumerWorkerImpl.java:53)
	at java.base/java.lang.Thread.run(Thread.java:1583)
11:47:51.798 [Thread-4] ERROR com.charlessun.javaplcadapter.worker.impl.ConsumerWorkerImpl -- processingStrategy.process(record) 處理失敗: Processing failed
java.lang.RuntimeException: Processing failed
	at com.charlessun.javaplcadapter.worker.impl.ConsumerWorkerImpl.pollLoop(ConsumerWorkerImpl.java:53)
	at java.base/java.lang.Thread.run(Thread.java:1583)
11:47:51.798 [Thread-4] ERROR com.charlessun.javaplcadapter.worker.impl.ConsumerWorkerImpl -- processingStrategy.process(record) 處理失敗: Processing failed
java.lang.RuntimeException: Processing failed
	at com.charlessun.javaplcadapter.worker.impl.ConsumerWorkerImpl.pollLoop(ConsumerWorkerImpl.java:53)
	at java.base/java.lang.Thread.run(Thread.java:1583)
11:47:51.798 [Thread-4] ERROR com.charlessun.javaplcadapter.worker.impl.ConsumerWorkerImpl -- processingStrategy.process(record) 處理失敗: Processing failed
java.lang.RuntimeException: Processing failed
	at com.charlessun.javaplcadapter.worker.impl.ConsumerWorkerImpl.pollLoop(ConsumerWorkerImpl.java:53)
	at java.base/java.lang.Thread.run(Thread.java:1583)
11:47:51.798 [Thread-4] ERROR com.charlessun.javaplcadapter.worker.impl.ConsumerWorkerImpl -- processingStrategy.process(record) 處理失敗: Processing failed
java.lang.RuntimeException: Processing failed
	at com.charlessun.javaplcadapter.worker.impl.ConsumerWorkerImpl.pollLoop(ConsumerWorkerImpl.java:53)
	at java.base/java.lang.Thread.run(Thread.java:1583)
11:47:51.799 [Thread-4] ERROR com.charlessun.javaplcadapter.worker.impl.ConsumerWorkerImpl -- processingStrategy.process(record) 處理失敗: Processing failed
java.lang.RuntimeException: Processing failed
	at com.charlessun.javaplcadapter.worker.impl.ConsumerWorkerImpl.pollLoop(ConsumerWorkerImpl.java:53)
	at java.base/java.lang.Thread.run(Thread.java:1583)
11:47:51.799 [Thread-4] ERROR com.charlessun.javaplcadapter.worker.impl.ConsumerWorkerImpl -- processingStrategy.process(record) 處理失敗: Processing failed
java.lang.RuntimeException: Processing failed
	at com.charlessun.javaplcadapter.worker.impl.ConsumerWorkerImpl.pollLoop(ConsumerWorkerImpl.java:53)
	at java.base/java.lang.Thread.run(Thread.java:1583)
11:47:51.799 [Thread-4] ERROR com.charlessun.javaplcadapter.worker.impl.ConsumerWorkerImpl -- processingStrategy.process(record) 處理失敗: Processing failed
java.lang.RuntimeException: Processing failed
	at com.charlessun.javaplcadapter.worker.impl.ConsumerWorkerImpl.pollLoop(ConsumerWorkerImpl.java:53)
	at java.base/java.lang.Thread.run(Thread.java:1583)
11:47:51.800 [Thread-4] ERROR com.charlessun.javaplcadapter.worker.impl.ConsumerWorkerImpl -- processingStrategy.process(record) 處理失敗: Processing failed
java.lang.RuntimeException: Processing failed
	at com.charlessun.javaplcadapter.worker.impl.ConsumerWorkerImpl.pollLoop(ConsumerWorkerImpl.java:53)
	at java.base/java.lang.Thread.run(Thread.java:1583)
11:47:51.800 [Thread-4] ERROR com.charlessun.javaplcadapter.worker.impl.ConsumerWorkerImpl -- processingStrategy.process(record) 處理失敗: Processing failed
java.lang.RuntimeException: Processing failed
	at com.charlessun.javaplcadapter.worker.impl.ConsumerWorkerImpl.pollLoop(ConsumerWorkerImpl.java:53)
	at java.base/java.lang.Thread.run(Thread.java:1583)
11:47:51.800 [Thread-4] ERROR com.charlessun.javaplcadapter.worker.impl.ConsumerWorkerImpl -- processingStrategy.process(record) 處理失敗: Processing failed
java.lang.RuntimeException: Processing failed
	at com.charlessun.javaplcadapter.worker.impl.ConsumerWorkerImpl.pollLoop(ConsumerWorkerImpl.java:53)
	at java.base/java.lang.Thread.run(Thread.java:1583)
11:47:51.800 [Thread-4] ERROR com.charlessun.javaplcadapter.worker.impl.ConsumerWorkerImpl -- processingStrategy.process(record) 處理失敗: Processing failed
java.lang.RuntimeException: Processing failed
	at com.charlessun.javaplcadapter.worker.impl.ConsumerWorkerImpl.pollLoop(ConsumerWorkerImpl.java:53)
	at java.base/java.lang.Thread.run(Thread.java:1583)
11:47:51.801 [Thread-4] ERROR com.charlessun.javaplcadapter.worker.impl.ConsumerWorkerImpl -- processingStrategy.process(record) 處理失敗: Processing failed
java.lang.RuntimeException: Processing failed
	at com.charlessun.javaplcadapter.worker.impl.ConsumerWorkerImpl.pollLoop(ConsumerWorkerImpl.java:53)
	at java.base/java.lang.Thread.run(Thread.java:1583)
11:47:51.801 [Thread-4] ERROR com.charlessun.javaplcadapter.worker.impl.ConsumerWorkerImpl -- processingStrategy.process(record) 處理失敗: Processing failed
java.lang.RuntimeException: Processing failed
	at com.charlessun.javaplcadapter.worker.impl.ConsumerWorkerImpl.pollLoop(ConsumerWorkerImpl.java:53)
	at java.base/java.lang.Thread.run(Thread.java:1583)
11:47:51.801 [Thread-4] ERROR com.charlessun.javaplcadapter.worker.impl.ConsumerWorkerImpl -- processingStrategy.process(record) 處理失敗: Processing failed
java.lang.RuntimeException: Processing failed
	at com.charlessun.javaplcadapter.worker.impl.ConsumerWorkerImpl.pollLoop(ConsumerWorkerImpl.java:53)
	at java.base/java.lang.Thread.run(Thread.java:1583)
11:47:51.802 [Thread-4] ERROR com.charlessun.javaplcadapter.worker.impl.ConsumerWorkerImpl -- processingStrategy.process(record) 處理失敗: Processing failed
java.lang.RuntimeException: Processing failed
	at com.charlessun.javaplcadapter.worker.impl.ConsumerWorkerImpl.pollLoop(ConsumerWorkerImpl.java:53)
	at java.base/java.lang.Thread.run(Thread.java:1583)
11:47:51.802 [Thread-4] ERROR com.charlessun.javaplcadapter.worker.impl.ConsumerWorkerImpl -- processingStrategy.process(record) 處理失敗: Processing failed
java.lang.RuntimeException: Processing failed
	at com.charlessun.javaplcadapter.worker.impl.ConsumerWorkerImpl.pollLoop(ConsumerWorkerImpl.java:53)
	at java.base/java.lang.Thread.run(Thread.java:1583)
11:47:51.802 [Thread-4] ERROR com.charlessun.javaplcadapter.worker.impl.ConsumerWorkerImpl -- processingStrategy.process(record) 處理失敗: Processing failed
java.lang.RuntimeException: Processing failed
	at com.charlessun.javaplcadapter.worker.impl.ConsumerWorkerImpl.pollLoop(ConsumerWorkerImpl.java:53)
	at java.base/java.lang.Thread.run(Thread.java:1583)
11:47:51.802 [Thread-4] ERROR com.charlessun.javaplcadapter.worker.impl.ConsumerWorkerImpl -- processingStrategy.process(record) 處理失敗: Processing failed
java.lang.RuntimeException: Processing failed
	at com.charlessun.javaplcadapter.worker.impl.ConsumerWorkerImpl.pollLoop(ConsumerWorkerImpl.java:53)
	at java.base/java.lang.Thread.run(Thread.java:1583)
11:47:51.802 [Thread-4] ERROR com.charlessun.javaplcadapter.worker.impl.ConsumerWorkerImpl -- processingStrategy.process(record) 處理失敗: Processing failed
java.lang.RuntimeException: Processing failed
	at com.charlessun.javaplcadapter.worker.impl.ConsumerWorkerImpl.pollLoop(ConsumerWorkerImpl.java:53)
	at java.base/java.lang.Thread.run(Thread.java:1583)
11:47:51.803 [Thread-4] ERROR com.charlessun.javaplcadapter.worker.impl.ConsumerWorkerImpl -- processingStrategy.process(record) 處理失敗: Processing failed
java.lang.RuntimeException: Processing failed
	at com.charlessun.javaplcadapter.worker.impl.ConsumerWorkerImpl.pollLoop(ConsumerWorkerImpl.java:53)
	at java.base/java.lang.Thread.run(Thread.java:1583)
11:47:51.803 [Thread-4] ERROR com.charlessun.javaplcadapter.worker.impl.ConsumerWorkerImpl -- processingStrategy.process(record) 處理失敗: Processing failed
java.lang.RuntimeException: Processing failed
	at com.charlessun.javaplcadapter.worker.impl.ConsumerWorkerImpl.pollLoop(ConsumerWorkerImpl.java:53)
	at java.base/java.lang.Thread.run(Thread.java:1583)
11:47:51.803 [Thread-4] ERROR com.charlessun.javaplcadapter.worker.impl.ConsumerWorkerImpl -- processingStrategy.process(record) 處理失敗: Processing failed
java.lang.RuntimeException: Processing failed
	at com.charlessun.javaplcadapter.worker.impl.ConsumerWorkerImpl.pollLoop(ConsumerWorkerImpl.java:53)
	at java.base/java.lang.Thread.run(Thread.java:1583)
11:47:51.803 [Thread-4] ERROR com.charlessun.javaplcadapter.worker.impl.ConsumerWorkerImpl -- processingStrategy.process(record) 處理失敗: Processing failed
java.lang.RuntimeException: Processing failed
	at com.charlessun.javaplcadapter.worker.impl.ConsumerWorkerImpl.pollLoop(ConsumerWorkerImpl.java:53)
	at java.base/java.lang.Thread.run(Thread.java:1583)
11:47:51.803 [Thread-4] ERROR com.charlessun.javaplcadapter.worker.impl.ConsumerWorkerImpl -- processingStrategy.process(record) 處理失敗: Processing failed
java.lang.RuntimeException: Processing failed
	at com.charlessun.javaplcadapter.worker.impl.ConsumerWorkerImpl.pollLoop(ConsumerWorkerImpl.java:53)
	at java.base/java.lang.Thread.run(Thread.java:1583)
11:47:51.804 [Thread-4] ERROR com.charlessun.javaplcadapter.worker.impl.ConsumerWorkerImpl -- processingStrategy.process(record) 處理失敗: Processing failed
java.lang.RuntimeException: Processing failed
	at com.charlessun.javaplcadapter.worker.impl.ConsumerWorkerImpl.pollLoop(ConsumerWorkerImpl.java:53)
	at java.base/java.lang.Thread.run(Thread.java:1583)
11:47:51.805 [Thread-4] ERROR com.charlessun.javaplcadapter.worker.impl.ConsumerWorkerImpl -- processingStrategy.process(record) 處理失敗: Processing failed
java.lang.RuntimeException: Processing failed
	at com.charlessun.javaplcadapter.worker.impl.ConsumerWorkerImpl.pollLoop(ConsumerWorkerImpl.java:53)
	at java.base/java.lang.Thread.run(Thread.java:1583)
11:47:51.805 [Thread-4] ERROR com.charlessun.javaplcadapter.worker.impl.ConsumerWorkerImpl -- processingStrategy.process(record) 處理失敗: Processing failed
java.lang.RuntimeException: Processing failed
	at com.charlessun.javaplcadapter.worker.impl.ConsumerWorkerImpl.pollLoop(ConsumerWorkerImpl.java:53)
	at java.base/java.lang.Thread.run(Thread.java:1583)
11:47:51.805 [Thread-4] ERROR com.charlessun.javaplcadapter.worker.impl.ConsumerWorkerImpl -- processingStrategy.process(record) 處理失敗: Processing failed
java.lang.RuntimeException: Processing failed
	at com.charlessun.javaplcadapter.worker.impl.ConsumerWorkerImpl.pollLoop(ConsumerWorkerImpl.java:53)
	at java.base/java.lang.Thread.run(Thread.java:1583)
11:47:51.806 [Thread-4] ERROR com.charlessun.javaplcadapter.worker.impl.ConsumerWorkerImpl -- processingStrategy.process(record) 處理失敗: Processing failed
java.lang.RuntimeException: Processing failed
	at com.charlessun.javaplcadapter.worker.impl.ConsumerWorkerImpl.pollLoop(ConsumerWorkerImpl.java:53)
	at java.base/java.lang.Thread.run(Thread.java:1583)
11:47:51.806 [Thread-4] ERROR com.charlessun.javaplcadapter.worker.impl.ConsumerWorkerImpl -- processingStrategy.process(record) 處理失敗: Processing failed
java.lang.RuntimeException: Processing failed
	at com.charlessun.javaplcadapter.worker.impl.ConsumerWorkerImpl.pollLoop(ConsumerWorkerImpl.java:53)
	at java.base/java.lang.Thread.run(Thread.java:1583)
11:47:51.806 [Thread-4] ERROR com.charlessun.javaplcadapter.worker.impl.ConsumerWorkerImpl -- processingStrategy.process(record) 處理失敗: Processing failed
java.lang.RuntimeException: Processing failed
	at com.charlessun.javaplcadapter.worker.impl.ConsumerWorkerImpl.pollLoop(ConsumerWorkerImpl.java:53)
	at java.base/java.lang.Thread.run(Thread.java:1583)
11:47:51.807 [Thread-4] ERROR com.charlessun.javaplcadapter.worker.impl.ConsumerWorkerImpl -- processingStrategy.process(record) 處理失敗: Processing failed
java.lang.RuntimeException: Processing failed
	at com.charlessun.javaplcadapter.worker.impl.ConsumerWorkerImpl.pollLoop(ConsumerWorkerImpl.java:53)
	at java.base/java.lang.Thread.run(Thread.java:1583)
11:47:51.807 [Thread-4] ERROR com.charlessun.javaplcadapter.worker.impl.ConsumerWorkerImpl -- processingStrategy.process(record) 處理失敗: Processing failed
java.lang.RuntimeException: Processing failed
	at com.charlessun.javaplcadapter.worker.impl.ConsumerWorkerImpl.pollLoop(ConsumerWorkerImpl.java:53)
	at java.base/java.lang.Thread.run(Thread.java:1583)
11:47:51.807 [Thread-4] ERROR com.charlessun.javaplcadapter.worker.impl.ConsumerWorkerImpl -- processingStrategy.process(record) 處理失敗: Processing failed
java.lang.RuntimeException: Processing failed
	at com.charlessun.javaplcadapter.worker.impl.ConsumerWorkerImpl.pollLoop(ConsumerWorkerImpl.java:53)
	at java.base/java.lang.Thread.run(Thread.java:1583)
11:47:51.807 [Thread-4] ERROR com.charlessun.javaplcadapter.worker.impl.ConsumerWorkerImpl -- processingStrategy.process(record) 處理失敗: Processing failed
java.lang.RuntimeException: Processing failed
	at com.charlessun.javaplcadapter.worker.impl.ConsumerWorkerImpl.pollLoop(ConsumerWorkerImpl.java:53)
	at java.base/java.lang.Thread.run(Thread.java:1583)
11:47:51.807 [Thread-4] ERROR com.charlessun.javaplcadapter.worker.impl.ConsumerWorkerImpl -- processingStrategy.process(record) 處理失敗: Processing failed
java.lang.RuntimeException: Processing failed
	at com.charlessun.javaplcadapter.worker.impl.ConsumerWorkerImpl.pollLoop(ConsumerWorkerImpl.java:53)
	at java.base/java.lang.Thread.run(Thread.java:1583)
11:47:51.808 [Thread-4] ERROR com.charlessun.javaplcadapter.worker.impl.ConsumerWorkerImpl -- processingStrategy.process(record) 處理失敗: Processing failed
java.lang.RuntimeException: Processing failed
	at com.charlessun.javaplcadapter.worker.impl.ConsumerWorkerImpl.pollLoop(ConsumerWorkerImpl.java:53)
	at java.base/java.lang.Thread.run(Thread.java:1583)
11:47:51.808 [Thread-4] ERROR com.charlessun.javaplcadapter.worker.impl.ConsumerWorkerImpl -- processingStrategy.process(record) 處理失敗: Processing failed
java.lang.RuntimeException: Processing failed
	at com.charlessun.javaplcadapter.worker.impl.ConsumerWorkerImpl.pollLoop(ConsumerWorkerImpl.java:53)
	at java.base/java.lang.Thread.run(Thread.java:1583)
11:47:51.808 [Thread-4] ERROR com.charlessun.javaplcadapter.worker.impl.ConsumerWorkerImpl -- processingStrategy.process(record) 處理失敗: Processing failed
java.lang.RuntimeException: Processing failed
	at com.charlessun.javaplcadapter.worker.impl.ConsumerWorkerImpl.pollLoop(ConsumerWorkerImpl.java:53)
	at java.base/java.lang.Thread.run(Thread.java:1583)
11:47:51.809 [Thread-4] ERROR com.charlessun.javaplcadapter.worker.impl.ConsumerWorkerImpl -- processingStrategy.process(record) 處理失敗: Processing failed
java.lang.RuntimeException: Processing failed
	at com.charlessun.javaplcadapter.worker.impl.ConsumerWorkerImpl.pollLoop(ConsumerWorkerImpl.java:53)
	at java.base/java.lang.Thread.run(Thread.java:1583)
11:47:51.809 [Thread-4] ERROR com.charlessun.javaplcadapter.worker.impl.ConsumerWorkerImpl -- processingStrategy.process(record) 處理失敗: Processing failed
java.lang.RuntimeException: Processing failed
	at com.charlessun.javaplcadapter.worker.impl.ConsumerWorkerImpl.pollLoop(ConsumerWorkerImpl.java:53)
	at java.base/java.lang.Thread.run(Thread.java:1583)
11:47:51.809 [Thread-4] ERROR com.charlessun.javaplcadapter.worker.impl.ConsumerWorkerImpl -- processingStrategy.process(record) 處理失敗: Processing failed
java.lang.RuntimeException: Processing failed
	at com.charlessun.javaplcadapter.worker.impl.ConsumerWorkerImpl.pollLoop(ConsumerWorkerImpl.java:53)
	at java.base/java.lang.Thread.run(Thread.java:1583)
11:47:51.809 [Thread-4] ERROR com.charlessun.javaplcadapter.worker.impl.ConsumerWorkerImpl -- processingStrategy.process(record) 處理失敗: Processing failed
java.lang.RuntimeException: Processing failed
	at com.charlessun.javaplcadapter.worker.impl.ConsumerWorkerImpl.pollLoop(ConsumerWorkerImpl.java:53)
	at java.base/java.lang.Thread.run(Thread.java:1583)
11:47:51.809 [Thread-4] ERROR com.charlessun.javaplcadapter.worker.impl.ConsumerWorkerImpl -- processingStrategy.process(record) 處理失敗: Processing failed
java.lang.RuntimeException: Processing failed
	at com.charlessun.javaplcadapter.worker.impl.ConsumerWorkerImpl.pollLoop(ConsumerWorkerImpl.java:53)
	at java.base/java.lang.Thread.run(Thread.java:1583)
11:47:51.809 [Thread-4] ERROR com.charlessun.javaplcadapter.worker.impl.ConsumerWorkerImpl -- processingStrategy.process(record) 處理失敗: Processing failed
java.lang.RuntimeException: Processing failed
	at com.charlessun.javaplcadapter.worker.impl.ConsumerWorkerImpl.pollLoop(ConsumerWorkerImpl.java:53)
	at java.base/java.lang.Thread.run(Thread.java:1583)
11:47:51.810 [Thread-4] ERROR com.charlessun.javaplcadapter.worker.impl.ConsumerWorkerImpl -- processingStrategy.process(record) 處理失敗: Processing failed
java.lang.RuntimeException: Processing failed
	at com.charlessun.javaplcadapter.worker.impl.ConsumerWorkerImpl.pollLoop(ConsumerWorkerImpl.java:53)
	at java.base/java.lang.Thread.run(Thread.java:1583)
11:47:51.810 [Thread-4] ERROR com.charlessun.javaplcadapter.worker.impl.ConsumerWorkerImpl -- processingStrategy.process(record) 處理失敗: Processing failed
java.lang.RuntimeException: Processing failed
	at com.charlessun.javaplcadapter.worker.impl.ConsumerWorkerImpl.pollLoop(ConsumerWorkerImpl.java:53)
	at java.base/java.lang.Thread.run(Thread.java:1583)
11:47:51.810 [Thread-4] ERROR com.charlessun.javaplcadapter.worker.impl.ConsumerWorkerImpl -- processingStrategy.process(record) 處理失敗: Processing failed
java.lang.RuntimeException: Processing failed
	at com.charlessun.javaplcadapter.worker.impl.ConsumerWorkerImpl.pollLoop(ConsumerWorkerImpl.java:53)
	at java.base/java.lang.Thread.run(Thread.java:1583)
11:47:51.810 [Thread-4] ERROR com.charlessun.javaplcadapter.worker.impl.ConsumerWorkerImpl -- processingStrategy.process(record) 處理失敗: Processing failed
java.lang.RuntimeException: Processing failed
	at com.charlessun.javaplcadapter.worker.impl.ConsumerWorkerImpl.pollLoop(ConsumerWorkerImpl.java:53)
	at java.base/java.lang.Thread.run(Thread.java:1583)
11:47:51.810 [Thread-4] ERROR com.charlessun.javaplcadapter.worker.impl.ConsumerWorkerImpl -- processingStrategy.process(record) 處理失敗: Processing failed
java.lang.RuntimeException: Processing failed
	at com.charlessun.javaplcadapter.worker.impl.ConsumerWorkerImpl.pollLoop(ConsumerWorkerImpl.java:53)
	at java.base/java.lang.Thread.run(Thread.java:1583)
11:47:51.810 [Thread-4] ERROR com.charlessun.javaplcadapter.worker.impl.ConsumerWorkerImpl -- processingStrategy.process(record) 處理失敗: Processing failed
java.lang.RuntimeException: Processing failed
	at com.charlessun.javaplcadapter.worker.impl.ConsumerWorkerImpl.pollLoop(ConsumerWorkerImpl.java:53)
	at java.base/java.lang.Thread.run(Thread.java:1583)
11:47:51.811 [Thread-4] ERROR com.charlessun.javaplcadapter.worker.impl.ConsumerWorkerImpl -- processingStrategy.process(record) 處理失敗: Processing failed
java.lang.RuntimeException: Processing failed
	at com.charlessun.javaplcadapter.worker.impl.ConsumerWorkerImpl.pollLoop(ConsumerWorkerImpl.java:53)
	at java.base/java.lang.Thread.run(Thread.java:1583)
11:47:51.811 [Thread-4] ERROR com.charlessun.javaplcadapter.worker.impl.ConsumerWorkerImpl -- processingStrategy.process(record) 處理失敗: Processing failed
java.lang.RuntimeException: Processing failed
	at com.charlessun.javaplcadapter.worker.impl.ConsumerWorkerImpl.pollLoop(ConsumerWorkerImpl.java:53)
	at java.base/java.lang.Thread.run(Thread.java:1583)
11:47:51.811 [Thread-4] ERROR com.charlessun.javaplcadapter.worker.impl.ConsumerWorkerImpl -- processingStrategy.process(record) 處理失敗: Processing failed
java.lang.RuntimeException: Processing failed
	at com.charlessun.javaplcadapter.worker.impl.ConsumerWorkerImpl.pollLoop(ConsumerWorkerImpl.java:53)
	at java.base/java.lang.Thread.run(Thread.java:1583)
11:47:51.811 [Thread-4] ERROR com.charlessun.javaplcadapter.worker.impl.ConsumerWorkerImpl -- processingStrategy.process(record) 處理失敗: Processing failed
java.lang.RuntimeException: Processing failed
	at com.charlessun.javaplcadapter.worker.impl.ConsumerWorkerImpl.pollLoop(ConsumerWorkerImpl.java:53)
	at java.base/java.lang.Thread.run(Thread.java:1583)
11:47:51.812 [Thread-4] ERROR com.charlessun.javaplcadapter.worker.impl.ConsumerWorkerImpl -- processingStrategy.process(record) 處理失敗: Processing failed
java.lang.RuntimeException: Processing failed
	at com.charlessun.javaplcadapter.worker.impl.ConsumerWorkerImpl.pollLoop(ConsumerWorkerImpl.java:53)
	at java.base/java.lang.Thread.run(Thread.java:1583)
11:47:51.813 [Thread-4] ERROR com.charlessun.javaplcadapter.worker.impl.ConsumerWorkerImpl -- processingStrategy.process(record) 處理失敗: Processing failed
java.lang.RuntimeException: Processing failed
	at com.charlessun.javaplcadapter.worker.impl.ConsumerWorkerImpl.pollLoop(ConsumerWorkerImpl.java:53)
	at java.base/java.lang.Thread.run(Thread.java:1583)
11:47:51.813 [Thread-4] ERROR com.charlessun.javaplcadapter.worker.impl.ConsumerWorkerImpl -- processingStrategy.process(record) 處理失敗: Processing failed
java.lang.RuntimeException: Processing failed
	at com.charlessun.javaplcadapter.worker.impl.ConsumerWorkerImpl.pollLoop(ConsumerWorkerImpl.java:53)
	at java.base/java.lang.Thread.run(Thread.java:1583)
11:47:51.813 [Thread-4] ERROR com.charlessun.javaplcadapter.worker.impl.ConsumerWorkerImpl -- processingStrategy.process(record) 處理失敗: Processing failed
java.lang.RuntimeException: Processing failed
	at com.charlessun.javaplcadapter.worker.impl.ConsumerWorkerImpl.pollLoop(ConsumerWorkerImpl.java:53)
	at java.base/java.lang.Thread.run(Thread.java:1583)
11:47:51.813 [Thread-4] ERROR com.charlessun.javaplcadapter.worker.impl.ConsumerWorkerImpl -- processingStrategy.process(record) 處理失敗: Processing failed
java.lang.RuntimeException: Processing failed
	at com.charlessun.javaplcadapter.worker.impl.ConsumerWorkerImpl.pollLoop(ConsumerWorkerImpl.java:53)
	at java.base/java.lang.Thread.run(Thread.java:1583)
11:47:51.814 [Thread-4] ERROR com.charlessun.javaplcadapter.worker.impl.ConsumerWorkerImpl -- processingStrategy.process(record) 處理失敗: Processing failed
java.lang.RuntimeException: Processing failed
	at com.charlessun.javaplcadapter.worker.impl.ConsumerWorkerImpl.pollLoop(ConsumerWorkerImpl.java:53)
	at java.base/java.lang.Thread.run(Thread.java:1583)
11:47:51.814 [Thread-4] ERROR com.charlessun.javaplcadapter.worker.impl.ConsumerWorkerImpl -- processingStrategy.process(record) 處理失敗: Processing failed
java.lang.RuntimeException: Processing failed
	at com.charlessun.javaplcadapter.worker.impl.ConsumerWorkerImpl.pollLoop(ConsumerWorkerImpl.java:53)
	at java.base/java.lang.Thread.run(Thread.java:1583)
11:47:51.814 [Thread-4] ERROR com.charlessun.javaplcadapter.worker.impl.ConsumerWorkerImpl -- processingStrategy.process(record) 處理失敗: Processing failed
java.lang.RuntimeException: Processing failed
	at com.charlessun.javaplcadapter.worker.impl.ConsumerWorkerImpl.pollLoop(ConsumerWorkerImpl.java:53)
	at java.base/java.lang.Thread.run(Thread.java:1583)
11:47:51.814 [Thread-4] ERROR com.charlessun.javaplcadapter.worker.impl.ConsumerWorkerImpl -- processingStrategy.process(record) 處理失敗: Processing failed
java.lang.RuntimeException: Processing failed
	at com.charlessun.javaplcadapter.worker.impl.ConsumerWorkerImpl.pollLoop(ConsumerWorkerImpl.java:53)
	at java.base/java.lang.Thread.run(Thread.java:1583)
11:47:51.815 [Thread-4] ERROR com.charlessun.javaplcadapter.worker.impl.ConsumerWorkerImpl -- processingStrategy.process(record) 處理失敗: Processing failed
java.lang.RuntimeException: Processing failed
	at com.charlessun.javaplcadapter.worker.impl.ConsumerWorkerImpl.pollLoop(ConsumerWorkerImpl.java:53)
	at java.base/java.lang.Thread.run(Thread.java:1583)
11:47:51.815 [Thread-4] ERROR com.charlessun.javaplcadapter.worker.impl.ConsumerWorkerImpl -- processingStrategy.process(record) 處理失敗: Processing failed
java.lang.RuntimeException: Processing failed
	at com.charlessun.javaplcadapter.worker.impl.ConsumerWorkerImpl.pollLoop(ConsumerWorkerImpl.java:53)
	at java.base/java.lang.Thread.run(Thread.java:1583)
11:47:51.815 [Thread-4] ERROR com.charlessun.javaplcadapter.worker.impl.ConsumerWorkerImpl -- processingStrategy.process(record) 處理失敗: Processing failed
java.lang.RuntimeException: Processing failed
	at com.charlessun.javaplcadapter.worker.impl.ConsumerWorkerImpl.pollLoop(ConsumerWorkerImpl.java:53)
	at java.base/java.lang.Thread.run(Thread.java:1583)
11:47:51.815 [Thread-4] ERROR com.charlessun.javaplcadapter.worker.impl.ConsumerWorkerImpl -- processingStrategy.process(record) 處理失敗: Processing failed
java.lang.RuntimeException: Processing failed
	at com.charlessun.javaplcadapter.worker.impl.ConsumerWorkerImpl.pollLoop(ConsumerWorkerImpl.java:53)
	at java.base/java.lang.Thread.run(Thread.java:1583)
11:47:51.815 [Thread-4] ERROR com.charlessun.javaplcadapter.worker.impl.ConsumerWorkerImpl -- processingStrategy.process(record) 處理失敗: Processing failed
java.lang.RuntimeException: Processing failed
	at com.charlessun.javaplcadapter.worker.impl.ConsumerWorkerImpl.pollLoop(ConsumerWorkerImpl.java:53)
	at java.base/java.lang.Thread.run(Thread.java:1583)
11:47:51.816 [Thread-4] ERROR com.charlessun.javaplcadapter.worker.impl.ConsumerWorkerImpl -- processingStrategy.process(record) 處理失敗: Processing failed
java.lang.RuntimeException: Processing failed
	at com.charlessun.javaplcadapter.worker.impl.ConsumerWorkerImpl.pollLoop(ConsumerWorkerImpl.java:53)
	at java.base/java.lang.Thread.run(Thread.java:1583)
11:47:51.816 [Thread-4] ERROR com.charlessun.javaplcadapter.worker.impl.ConsumerWorkerImpl -- processingStrategy.process(record) 處理失敗: Processing failed
java.lang.RuntimeException: Processing failed
	at com.charlessun.javaplcadapter.worker.impl.ConsumerWorkerImpl.pollLoop(ConsumerWorkerImpl.java:53)
	at java.base/java.lang.Thread.run(Thread.java:1583)
11:47:51.816 [Thread-4] ERROR com.charlessun.javaplcadapter.worker.impl.ConsumerWorkerImpl -- processingStrategy.process(record) 處理失敗: Processing failed
java.lang.RuntimeException: Processing failed
	at com.charlessun.javaplcadapter.worker.impl.ConsumerWorkerImpl.pollLoop(ConsumerWorkerImpl.java:53)
	at java.base/java.lang.Thread.run(Thread.java:1583)
11:47:51.816 [Thread-4] ERROR com.charlessun.javaplcadapter.worker.impl.ConsumerWorkerImpl -- processingStrategy.process(record) 處理失敗: Processing failed
java.lang.RuntimeException: Processing failed
	at com.charlessun.javaplcadapter.worker.impl.ConsumerWorkerImpl.pollLoop(ConsumerWorkerImpl.java:53)
	at java.base/java.lang.Thread.run(Thread.java:1583)
11:47:51.816 [Thread-4] ERROR com.charlessun.javaplcadapter.worker.impl.ConsumerWorkerImpl -- processingStrategy.process(record) 處理失敗: Processing failed
java.lang.RuntimeException: Processing failed
	at com.charlessun.javaplcadapter.worker.impl.ConsumerWorkerImpl.pollLoop(ConsumerWorkerImpl.java:53)
	at java.base/java.lang.Thread.run(Thread.java:1583)
11:47:51.817 [Thread-4] ERROR com.charlessun.javaplcadapter.worker.impl.ConsumerWorkerImpl -- processingStrategy.process(record) 處理失敗: Processing failed
java.lang.RuntimeException: Processing failed
	at com.charlessun.javaplcadapter.worker.impl.ConsumerWorkerImpl.pollLoop(ConsumerWorkerImpl.java:53)
	at java.base/java.lang.Thread.run(Thread.java:1583)
11:47:51.817 [Thread-4] ERROR com.charlessun.javaplcadapter.worker.impl.ConsumerWorkerImpl -- processingStrategy.process(record) 處理失敗: Processing failed
java.lang.RuntimeException: Processing failed
	at com.charlessun.javaplcadapter.worker.impl.ConsumerWorkerImpl.pollLoop(ConsumerWorkerImpl.java:53)
	at java.base/java.lang.Thread.run(Thread.java:1583)
11:47:51.817 [Thread-4] ERROR com.charlessun.javaplcadapter.worker.impl.ConsumerWorkerImpl -- processingStrategy.process(record) 處理失敗: Processing failed
java.lang.RuntimeException: Processing failed
	at com.charlessun.javaplcadapter.worker.impl.ConsumerWorkerImpl.pollLoop(ConsumerWorkerImpl.java:53)
	at java.base/java.lang.Thread.run(Thread.java:1583)
11:47:51.817 [Thread-4] ERROR com.charlessun.javaplcadapter.worker.impl.ConsumerWorkerImpl -- processingStrategy.process(record) 處理失敗: Processing failed
java.lang.RuntimeException: Processing failed
	at com.charlessun.javaplcadapter.worker.impl.ConsumerWorkerImpl.pollLoop(ConsumerWorkerImpl.java:53)
	at java.base/java.lang.Thread.run(Thread.java:1583)
11:47:51.818 [Thread-4] ERROR com.charlessun.javaplcadapter.worker.impl.ConsumerWorkerImpl -- processingStrategy.process(record) 處理失敗: Processing failed
java.lang.RuntimeException: Processing failed
	at com.charlessun.javaplcadapter.worker.impl.ConsumerWorkerImpl.pollLoop(ConsumerWorkerImpl.java:53)
	at java.base/java.lang.Thread.run(Thread.java:1583)
11:47:51.818 [Thread-4] ERROR com.charlessun.javaplcadapter.worker.impl.ConsumerWorkerImpl -- processingStrategy.process(record) 處理失敗: Processing failed
java.lang.RuntimeException: Processing failed
	at com.charlessun.javaplcadapter.worker.impl.ConsumerWorkerImpl.pollLoop(ConsumerWorkerImpl.java:53)
	at java.base/java.lang.Thread.run(Thread.java:1583)
11:47:51.818 [Thread-4] ERROR com.charlessun.javaplcadapter.worker.impl.ConsumerWorkerImpl -- processingStrategy.process(record) 處理失敗: Processing failed
java.lang.RuntimeException: Processing failed
	at com.charlessun.javaplcadapter.worker.impl.ConsumerWorkerImpl.pollLoop(ConsumerWorkerImpl.java:53)
	at java.base/java.lang.Thread.run(Thread.java:1583)
11:47:51.818 [Thread-4] ERROR com.charlessun.javaplcadapter.worker.impl.ConsumerWorkerImpl -- processingStrategy.process(record) 處理失敗: Processing failed
java.lang.RuntimeException: Processing failed
	at com.charlessun.javaplcadapter.worker.impl.ConsumerWorkerImpl.pollLoop(ConsumerWorkerImpl.java:53)
	at java.base/java.lang.Thread.run(Thread.java:1583)
11:47:51.819 [Thread-4] ERROR com.charlessun.javaplcadapter.worker.impl.ConsumerWorkerImpl -- processingStrategy.process(record) 處理失敗: Processing failed
java.lang.RuntimeException: Processing failed
	at com.charlessun.javaplcadapter.worker.impl.ConsumerWorkerImpl.pollLoop(ConsumerWorkerImpl.java:53)
	at java.base/java.lang.Thread.run(Thread.java:1583)
11:47:51.819 [Thread-4] ERROR com.charlessun.javaplcadapter.worker.impl.ConsumerWorkerImpl -- processingStrategy.process(record) 處理失敗: Processing failed
java.lang.RuntimeException: Processing failed
	at com.charlessun.javaplcadapter.worker.impl.ConsumerWorkerImpl.pollLoop(ConsumerWorkerImpl.java:53)
	at java.base/java.lang.Thread.run(Thread.java:1583)
11:47:51.819 [Thread-4] ERROR com.charlessun.javaplcadapter.worker.impl.ConsumerWorkerImpl -- processingStrategy.process(record) 處理失敗: Processing failed
java.lang.RuntimeException: Processing failed
	at com.charlessun.javaplcadapter.worker.impl.ConsumerWorkerImpl.pollLoop(ConsumerWorkerImpl.java:53)
	at java.base/java.lang.Thread.run(Thread.java:1583)
11:47:51.819 [Thread-4] ERROR com.charlessun.javaplcadapter.worker.impl.ConsumerWorkerImpl -- processingStrategy.process(record) 處理失敗: Processing failed
java.lang.RuntimeException: Processing failed
	at com.charlessun.javaplcadapter.worker.impl.ConsumerWorkerImpl.pollLoop(ConsumerWorkerImpl.java:53)
	at java.base/java.lang.Thread.run(Thread.java:1583)
11:47:51.819 [Thread-4] ERROR com.charlessun.javaplcadapter.worker.impl.ConsumerWorkerImpl -- processingStrategy.process(record) 處理失敗: Processing failed
java.lang.RuntimeException: Processing failed
	at com.charlessun.javaplcadapter.worker.impl.ConsumerWorkerImpl.pollLoop(ConsumerWorkerImpl.java:53)
	at java.base/java.lang.Thread.run(Thread.java:1583)
11:47:51.820 [Thread-4] ERROR com.charlessun.javaplcadapter.worker.impl.ConsumerWorkerImpl -- processingStrategy.process(record) 處理失敗: Processing failed
java.lang.RuntimeException: Processing failed
	at com.charlessun.javaplcadapter.worker.impl.ConsumerWorkerImpl.pollLoop(ConsumerWorkerImpl.java:53)
	at java.base/java.lang.Thread.run(Thread.java:1583)
11:47:51.820 [Thread-4] ERROR com.charlessun.javaplcadapter.worker.impl.ConsumerWorkerImpl -- processingStrategy.process(record) 處理失敗: Processing failed
java.lang.RuntimeException: Processing failed
	at com.charlessun.javaplcadapter.worker.impl.ConsumerWorkerImpl.pollLoop(ConsumerWorkerImpl.java:53)
	at java.base/java.lang.Thread.run(Thread.java:1583)
11:47:51.820 [Thread-4] ERROR com.charlessun.javaplcadapter.worker.impl.ConsumerWorkerImpl -- processingStrategy.process(record) 處理失敗: Processing failed
java.lang.RuntimeException: Processing failed
	at com.charlessun.javaplcadapter.worker.impl.ConsumerWorkerImpl.pollLoop(ConsumerWorkerImpl.java:53)
	at java.base/java.lang.Thread.run(Thread.java:1583)
11:47:51.820 [Thread-4] ERROR com.charlessun.javaplcadapter.worker.impl.ConsumerWorkerImpl -- processingStrategy.process(record) 處理失敗: Processing failed
java.lang.RuntimeException: Processing failed
	at com.charlessun.javaplcadapter.worker.impl.ConsumerWorkerImpl.pollLoop(ConsumerWorkerImpl.java:53)
	at java.base/java.lang.Thread.run(Thread.java:1583)
11:47:51.820 [Thread-4] ERROR com.charlessun.javaplcadapter.worker.impl.ConsumerWorkerImpl -- processingStrategy.process(record) 處理失敗: Processing failed
java.lang.RuntimeException: Processing failed
	at com.charlessun.javaplcadapter.worker.impl.ConsumerWorkerImpl.pollLoop(ConsumerWorkerImpl.java:53)
	at java.base/java.lang.Thread.run(Thread.java:1583)
11:47:51.821 [Thread-4] ERROR com.charlessun.javaplcadapter.worker.impl.ConsumerWorkerImpl -- processingStrategy.process(record) 處理失敗: Processing failed
java.lang.RuntimeException: Processing failed
	at com.charlessun.javaplcadapter.worker.impl.ConsumerWorkerImpl.pollLoop(ConsumerWorkerImpl.java:53)
	at java.base/java.lang.Thread.run(Thread.java:1583)
11:47:51.821 [Thread-4] ERROR com.charlessun.javaplcadapter.worker.impl.ConsumerWorkerImpl -- processingStrategy.process(record) 處理失敗: Processing failed
java.lang.RuntimeException: Processing failed
	at com.charlessun.javaplcadapter.worker.impl.ConsumerWorkerImpl.pollLoop(ConsumerWorkerImpl.java:53)
	at java.base/java.lang.Thread.run(Thread.java:1583)
11:47:51.821 [Thread-4] ERROR com.charlessun.javaplcadapter.worker.impl.ConsumerWorkerImpl -- processingStrategy.process(record) 處理失敗: Processing failed
java.lang.RuntimeException: Processing failed
	at com.charlessun.javaplcadapter.worker.impl.ConsumerWorkerImpl.pollLoop(ConsumerWorkerImpl.java:53)
	at java.base/java.lang.Thread.run(Thread.java:1583)
11:47:51.821 [Thread-4] ERROR com.charlessun.javaplcadapter.worker.impl.ConsumerWorkerImpl -- processingStrategy.process(record) 處理失敗: Processing failed
java.lang.RuntimeException: Processing failed
	at com.charlessun.javaplcadapter.worker.impl.ConsumerWorkerImpl.pollLoop(ConsumerWorkerImpl.java:53)
	at java.base/java.lang.Thread.run(Thread.java:1583)
11:47:51.821 [Thread-4] ERROR com.charlessun.javaplcadapter.worker.impl.ConsumerWorkerImpl -- processingStrategy.process(record) 處理失敗: Processing failed
java.lang.RuntimeException: Processing failed
	at com.charlessun.javaplcadapter.worker.impl.ConsumerWorkerImpl.pollLoop(ConsumerWorkerImpl.java:53)
	at java.base/java.lang.Thread.run(Thread.java:1583)
11:47:51.821 [Thread-4] ERROR com.charlessun.javaplcadapter.worker.impl.ConsumerWorkerImpl -- processingStrategy.process(record) 處理失敗: Processing failed
java.lang.RuntimeException: Processing failed
	at com.charlessun.javaplcadapter.worker.impl.ConsumerWorkerImpl.pollLoop(ConsumerWorkerImpl.java:53)
	at java.base/java.lang.Thread.run(Thread.java:1583)
11:47:51.821 [Thread-4] ERROR com.charlessun.javaplcadapter.worker.impl.ConsumerWorkerImpl -- processingStrategy.process(record) 處理失敗: Processing failed
java.lang.RuntimeException: Processing failed
	at com.charlessun.javaplcadapter.worker.impl.ConsumerWorkerImpl.pollLoop(ConsumerWorkerImpl.java:53)
	at java.base/java.lang.Thread.run(Thread.java:1583)
11:47:51.821 [Thread-4] ERROR com.charlessun.javaplcadapter.worker.impl.ConsumerWorkerImpl -- processingStrategy.process(record) 處理失敗: Processing failed
java.lang.RuntimeException: Processing failed
	at com.charlessun.javaplcadapter.worker.impl.ConsumerWorkerImpl.pollLoop(ConsumerWorkerImpl.java:53)
	at java.base/java.lang.Thread.run(Thread.java:1583)
11:47:51.822 [Thread-4] ERROR com.charlessun.javaplcadapter.worker.impl.ConsumerWorkerImpl -- processingStrategy.process(record) 處理失敗: Processing failed
java.lang.RuntimeException: Processing failed
	at com.charlessun.javaplcadapter.worker.impl.ConsumerWorkerImpl.pollLoop(ConsumerWorkerImpl.java:53)
	at java.base/java.lang.Thread.run(Thread.java:1583)
11:47:51.822 [Thread-4] ERROR com.charlessun.javaplcadapter.worker.impl.ConsumerWorkerImpl -- processingStrategy.process(record) 處理失敗: Processing failed
java.lang.RuntimeException: Processing failed
	at com.charlessun.javaplcadapter.worker.impl.ConsumerWorkerImpl.pollLoop(ConsumerWorkerImpl.java:53)
	at java.base/java.lang.Thread.run(Thread.java:1583)
11:47:51.822 [Thread-4] ERROR com.charlessun.javaplcadapter.worker.impl.ConsumerWorkerImpl -- processingStrategy.process(record) 處理失敗: Processing failed
java.lang.RuntimeException: Processing failed
	at com.charlessun.javaplcadapter.worker.impl.ConsumerWorkerImpl.pollLoop(ConsumerWorkerImpl.java:53)
	at java.base/java.lang.Thread.run(Thread.java:1583)
11:47:51.822 [Thread-4] ERROR com.charlessun.javaplcadapter.worker.impl.ConsumerWorkerImpl -- processingStrategy.process(record) 處理失敗: Processing failed
java.lang.RuntimeException: Processing failed
	at com.charlessun.javaplcadapter.worker.impl.ConsumerWorkerImpl.pollLoop(ConsumerWorkerImpl.java:53)
	at java.base/java.lang.Thread.run(Thread.java:1583)
11:47:51.822 [Thread-4] ERROR com.charlessun.javaplcadapter.worker.impl.ConsumerWorkerImpl -- processingStrategy.process(record) 處理失敗: Processing failed
java.lang.RuntimeException: Processing failed
	at com.charlessun.javaplcadapter.worker.impl.ConsumerWorkerImpl.pollLoop(ConsumerWorkerImpl.java:53)
	at java.base/java.lang.Thread.run(Thread.java:1583)
11:47:51.822 [Thread-4] ERROR com.charlessun.javaplcadapter.worker.impl.ConsumerWorkerImpl -- processingStrategy.process(record) 處理失敗: Processing failed
java.lang.RuntimeException: Processing failed
	at com.charlessun.javaplcadapter.worker.impl.ConsumerWorkerImpl.pollLoop(ConsumerWorkerImpl.java:53)
	at java.base/java.lang.Thread.run(Thread.java:1583)
11:47:51.823 [Thread-4] ERROR com.charlessun.javaplcadapter.worker.impl.ConsumerWorkerImpl -- processingStrategy.process(record) 處理失敗: Processing failed
java.lang.RuntimeException: Processing failed
	at com.charlessun.javaplcadapter.worker.impl.ConsumerWorkerImpl.pollLoop(ConsumerWorkerImpl.java:53)
	at java.base/java.lang.Thread.run(Thread.java:1583)
11:47:51.823 [Thread-4] ERROR com.charlessun.javaplcadapter.worker.impl.ConsumerWorkerImpl -- processingStrategy.process(record) 處理失敗: Processing failed
java.lang.RuntimeException: Processing failed
	at com.charlessun.javaplcadapter.worker.impl.ConsumerWorkerImpl.pollLoop(ConsumerWorkerImpl.java:53)
	at java.base/java.lang.Thread.run(Thread.java:1583)
11:47:51.823 [Thread-4] ERROR com.charlessun.javaplcadapter.worker.impl.ConsumerWorkerImpl -- processingStrategy.process(record) 處理失敗: Processing failed
java.lang.RuntimeException: Processing failed
	at com.charlessun.javaplcadapter.worker.impl.ConsumerWorkerImpl.pollLoop(ConsumerWorkerImpl.java:53)
	at java.base/java.lang.Thread.run(Thread.java:1583)
11:47:51.823 [Thread-4] ERROR com.charlessun.javaplcadapter.worker.impl.ConsumerWorkerImpl -- processingStrategy.process(record) 處理失敗: Processing failed
java.lang.RuntimeException: Processing failed
	at com.charlessun.javaplcadapter.worker.impl.ConsumerWorkerImpl.pollLoop(ConsumerWorkerImpl.java:53)
	at java.base/java.lang.Thread.run(Thread.java:1583)
11:47:51.823 [Thread-4] ERROR com.charlessun.javaplcadapter.worker.impl.ConsumerWorkerImpl -- processingStrategy.process(record) 處理失敗: Processing failed
java.lang.RuntimeException: Processing failed
	at com.charlessun.javaplcadapter.worker.impl.ConsumerWorkerImpl.pollLoop(ConsumerWorkerImpl.java:53)
	at java.base/java.lang.Thread.run(Thread.java:1583)
11:47:51.824 [Thread-4] ERROR com.charlessun.javaplcadapter.worker.impl.ConsumerWorkerImpl -- processingStrategy.process(record) 處理失敗: Processing failed
java.lang.RuntimeException: Processing failed
	at com.charlessun.javaplcadapter.worker.impl.ConsumerWorkerImpl.pollLoop(ConsumerWorkerImpl.java:53)
	at java.base/java.lang.Thread.run(Thread.java:1583)
11:47:51.824 [Thread-4] ERROR com.charlessun.javaplcadapter.worker.impl.ConsumerWorkerImpl -- processingStrategy.process(record) 處理失敗: Processing failed
java.lang.RuntimeException: Processing failed
	at com.charlessun.javaplcadapter.worker.impl.ConsumerWorkerImpl.pollLoop(ConsumerWorkerImpl.java:53)
	at java.base/java.lang.Thread.run(Thread.java:1583)
11:47:51.824 [Thread-4] ERROR com.charlessun.javaplcadapter.worker.impl.ConsumerWorkerImpl -- processingStrategy.process(record) 處理失敗: Processing failed
java.lang.RuntimeException: Processing failed
	at com.charlessun.javaplcadapter.worker.impl.ConsumerWorkerImpl.pollLoop(ConsumerWorkerImpl.java:53)
	at java.base/java.lang.Thread.run(Thread.java:1583)
11:47:51.824 [Thread-4] ERROR com.charlessun.javaplcadapter.worker.impl.ConsumerWorkerImpl -- processingStrategy.process(record) 處理失敗: Processing failed
java.lang.RuntimeException: Processing failed
	at com.charlessun.javaplcadapter.worker.impl.ConsumerWorkerImpl.pollLoop(ConsumerWorkerImpl.java:53)
	at java.base/java.lang.Thread.run(Thread.java:1583)
11:47:51.825 [Thread-4] ERROR com.charlessun.javaplcadapter.worker.impl.ConsumerWorkerImpl -- processingStrategy.process(record) 處理失敗: Processing failed
java.lang.RuntimeException: Processing failed
	at com.charlessun.javaplcadapter.worker.impl.ConsumerWorkerImpl.pollLoop(ConsumerWorkerImpl.java:53)
	at java.base/java.lang.Thread.run(Thread.java:1583)
11:47:51.825 [Thread-4] ERROR com.charlessun.javaplcadapter.worker.impl.ConsumerWorkerImpl -- processingStrategy.process(record) 處理失敗: Processing failed
java.lang.RuntimeException: Processing failed
	at com.charlessun.javaplcadapter.worker.impl.ConsumerWorkerImpl.pollLoop(ConsumerWorkerImpl.java:53)
	at java.base/java.lang.Thread.run(Thread.java:1583)
11:47:51.825 [Thread-4] ERROR com.charlessun.javaplcadapter.worker.impl.ConsumerWorkerImpl -- processingStrategy.process(record) 處理失敗: Processing failed
java.lang.RuntimeException: Processing failed
	at com.charlessun.javaplcadapter.worker.impl.ConsumerWorkerImpl.pollLoop(ConsumerWorkerImpl.java:53)
	at java.base/java.lang.Thread.run(Thread.java:1583)
11:47:51.825 [Thread-4] ERROR com.charlessun.javaplcadapter.worker.impl.ConsumerWorkerImpl -- processingStrategy.process(record) 處理失敗: Processing failed
java.lang.RuntimeException: Processing failed
	at com.charlessun.javaplcadapter.worker.impl.ConsumerWorkerImpl.pollLoop(ConsumerWorkerImpl.java:53)
	at java.base/java.lang.Thread.run(Thread.java:1583)
11:47:51.825 [Thread-4] ERROR com.charlessun.javaplcadapter.worker.impl.ConsumerWorkerImpl -- processingStrategy.process(record) 處理失敗: Processing failed
java.lang.RuntimeException: Processing failed
	at com.charlessun.javaplcadapter.worker.impl.ConsumerWorkerImpl.pollLoop(ConsumerWorkerImpl.java:53)
	at java.base/java.lang.Thread.run(Thread.java:1583)
11:47:51.826 [Thread-4] ERROR com.charlessun.javaplcadapter.worker.impl.ConsumerWorkerImpl -- processingStrategy.process(record) 處理失敗: Processing failed
java.lang.RuntimeException: Processing failed
	at com.charlessun.javaplcadapter.worker.impl.ConsumerWorkerImpl.pollLoop(ConsumerWorkerImpl.java:53)
	at java.base/java.lang.Thread.run(Thread.java:1583)
11:47:51.826 [Thread-4] ERROR com.charlessun.javaplcadapter.worker.impl.ConsumerWorkerImpl -- processingStrategy.process(record) 處理失敗: Processing failed
java.lang.RuntimeException: Processing failed
	at com.charlessun.javaplcadapter.worker.impl.ConsumerWorkerImpl.pollLoop(ConsumerWorkerImpl.java:53)
	at java.base/java.lang.Thread.run(Thread.java:1583)
11:47:51.826 [Thread-4] ERROR com.charlessun.javaplcadapter.worker.impl.ConsumerWorkerImpl -- processingStrategy.process(record) 處理失敗: Processing failed
java.lang.RuntimeException: Processing failed
	at com.charlessun.javaplcadapter.worker.impl.ConsumerWorkerImpl.pollLoop(ConsumerWorkerImpl.java:53)
	at java.base/java.lang.Thread.run(Thread.java:1583)
11:47:51.826 [Thread-4] ERROR com.charlessun.javaplcadapter.worker.impl.ConsumerWorkerImpl -- processingStrategy.process(record) 處理失敗: Processing failed
java.lang.RuntimeException: Processing failed
	at com.charlessun.javaplcadapter.worker.impl.ConsumerWorkerImpl.pollLoop(ConsumerWorkerImpl.java:53)
	at java.base/java.lang.Thread.run(Thread.java:1583)
11:47:51.826 [Thread-4] ERROR com.charlessun.javaplcadapter.worker.impl.ConsumerWorkerImpl -- processingStrategy.process(record) 處理失敗: Processing failed
java.lang.RuntimeException: Processing failed
	at com.charlessun.javaplcadapter.worker.impl.ConsumerWorkerImpl.pollLoop(ConsumerWorkerImpl.java:53)
	at java.base/java.lang.Thread.run(Thread.java:1583)
11:47:51.827 [Thread-4] ERROR com.charlessun.javaplcadapter.worker.impl.ConsumerWorkerImpl -- processingStrategy.process(record) 處理失敗: Processing failed
java.lang.RuntimeException: Processing failed
	at com.charlessun.javaplcadapter.worker.impl.ConsumerWorkerImpl.pollLoop(ConsumerWorkerImpl.java:53)
	at java.base/java.lang.Thread.run(Thread.java:1583)
11:47:51.827 [Thread-4] ERROR com.charlessun.javaplcadapter.worker.impl.ConsumerWorkerImpl -- processingStrategy.process(record) 處理失敗: Processing failed
java.lang.RuntimeException: Processing failed
	at com.charlessun.javaplcadapter.worker.impl.ConsumerWorkerImpl.pollLoop(ConsumerWorkerImpl.java:53)
	at java.base/java.lang.Thread.run(Thread.java:1583)
11:47:51.827 [Thread-4] ERROR com.charlessun.javaplcadapter.worker.impl.ConsumerWorkerImpl -- processingStrategy.process(record) 處理失敗: Processing failed
java.lang.RuntimeException: Processing failed
	at com.charlessun.javaplcadapter.worker.impl.ConsumerWorkerImpl.pollLoop(ConsumerWorkerImpl.java:53)
	at java.base/java.lang.Thread.run(Thread.java:1583)
11:47:51.827 [Thread-4] ERROR com.charlessun.javaplcadapter.worker.impl.ConsumerWorkerImpl -- processingStrategy.process(record) 處理失敗: Processing failed
java.lang.RuntimeException: Processing failed
	at com.charlessun.javaplcadapter.worker.impl.ConsumerWorkerImpl.pollLoop(ConsumerWorkerImpl.java:53)
	at java.base/java.lang.Thread.run(Thread.java:1583)
11:47:51.828 [Thread-4] ERROR com.charlessun.javaplcadapter.worker.impl.ConsumerWorkerImpl -- processingStrategy.process(record) 處理失敗: Processing failed
java.lang.RuntimeException: Processing failed
	at com.charlessun.javaplcadapter.worker.impl.ConsumerWorkerImpl.pollLoop(ConsumerWorkerImpl.java:53)
	at java.base/java.lang.Thread.run(Thread.java:1583)
11:47:51.828 [Thread-4] ERROR com.charlessun.javaplcadapter.worker.impl.ConsumerWorkerImpl -- processingStrategy.process(record) 處理失敗: Processing failed
java.lang.RuntimeException: Processing failed
	at com.charlessun.javaplcadapter.worker.impl.ConsumerWorkerImpl.pollLoop(ConsumerWorkerImpl.java:53)
	at java.base/java.lang.Thread.run(Thread.java:1583)
11:47:51.828 [Thread-4] ERROR com.charlessun.javaplcadapter.worker.impl.ConsumerWorkerImpl -- processingStrategy.process(record) 處理失敗: Processing failed
java.lang.RuntimeException: Processing failed
	at com.charlessun.javaplcadapter.worker.impl.ConsumerWorkerImpl.pollLoop(ConsumerWorkerImpl.java:53)
	at java.base/java.lang.Thread.run(Thread.java:1583)
11:47:51.828 [Thread-4] ERROR com.charlessun.javaplcadapter.worker.impl.ConsumerWorkerImpl -- processingStrategy.process(record) 處理失敗: Processing failed
java.lang.RuntimeException: Processing failed
	at com.charlessun.javaplcadapter.worker.impl.ConsumerWorkerImpl.pollLoop(ConsumerWorkerImpl.java:53)
	at java.base/java.lang.Thread.run(Thread.java:1583)
11:47:51.828 [Thread-4] ERROR com.charlessun.javaplcadapter.worker.impl.ConsumerWorkerImpl -- processingStrategy.process(record) 處理失敗: Processing failed
java.lang.RuntimeException: Processing failed
	at com.charlessun.javaplcadapter.worker.impl.ConsumerWorkerImpl.pollLoop(ConsumerWorkerImpl.java:53)
	at java.base/java.lang.Thread.run(Thread.java:1583)
11:47:51.829 [Thread-4] ERROR com.charlessun.javaplcadapter.worker.impl.ConsumerWorkerImpl -- processingStrategy.process(record) 處理失敗: Processing failed
java.lang.RuntimeException: Processing failed
	at com.charlessun.javaplcadapter.worker.impl.ConsumerWorkerImpl.pollLoop(ConsumerWorkerImpl.java:53)
	at java.base/java.lang.Thread.run(Thread.java:1583)
11:47:51.829 [Thread-4] ERROR com.charlessun.javaplcadapter.worker.impl.ConsumerWorkerImpl -- processingStrategy.process(record) 處理失敗: Processing failed
java.lang.RuntimeException: Processing failed
	at com.charlessun.javaplcadapter.worker.impl.ConsumerWorkerImpl.pollLoop(ConsumerWorkerImpl.java:53)
	at java.base/java.lang.Thread.run(Thread.java:1583)
11:47:51.830 [Thread-4] ERROR com.charlessun.javaplcadapter.worker.impl.ConsumerWorkerImpl -- processingStrategy.process(record) 處理失敗: Processing failed
java.lang.RuntimeException: Processing failed
	at com.charlessun.javaplcadapter.worker.impl.ConsumerWorkerImpl.pollLoop(ConsumerWorkerImpl.java:53)
	at java.base/java.lang.Thread.run(Thread.java:1583)
11:47:51.831 [Thread-4] ERROR com.charlessun.javaplcadapter.worker.impl.ConsumerWorkerImpl -- processingStrategy.process(record) 處理失敗: Processing failed
java.lang.RuntimeException: Processing failed
	at com.charlessun.javaplcadapter.worker.impl.ConsumerWorkerImpl.pollLoop(ConsumerWorkerImpl.java:53)
	at java.base/java.lang.Thread.run(Thread.java:1583)
11:47:51.832 [Thread-4] ERROR com.charlessun.javaplcadapter.worker.impl.ConsumerWorkerImpl -- processingStrategy.process(record) 處理失敗: Processing failed
java.lang.RuntimeException: Processing failed
	at com.charlessun.javaplcadapter.worker.impl.ConsumerWorkerImpl.pollLoop(ConsumerWorkerImpl.java:53)
	at java.base/java.lang.Thread.run(Thread.java:1583)
11:47:51.832 [Thread-4] ERROR com.charlessun.javaplcadapter.worker.impl.ConsumerWorkerImpl -- processingStrategy.process(record) 處理失敗: Processing failed
java.lang.RuntimeException: Processing failed
	at com.charlessun.javaplcadapter.worker.impl.ConsumerWorkerImpl.pollLoop(ConsumerWorkerImpl.java:53)
	at java.base/java.lang.Thread.run(Thread.java:1583)
11:47:51.833 [Thread-4] ERROR com.charlessun.javaplcadapter.worker.impl.ConsumerWorkerImpl -- processingStrategy.process(record) 處理失敗: Processing failed
java.lang.RuntimeException: Processing failed
	at com.charlessun.javaplcadapter.worker.impl.ConsumerWorkerImpl.pollLoop(ConsumerWorkerImpl.java:53)
	at java.base/java.lang.Thread.run(Thread.java:1583)
11:47:51.833 [Thread-4] ERROR com.charlessun.javaplcadapter.worker.impl.ConsumerWorkerImpl -- processingStrategy.process(record) 處理失敗: Processing failed
java.lang.RuntimeException: Processing failed
	at com.charlessun.javaplcadapter.worker.impl.ConsumerWorkerImpl.pollLoop(ConsumerWorkerImpl.java:53)
	at java.base/java.lang.Thread.run(Thread.java:1583)
11:47:51.833 [Thread-4] ERROR com.charlessun.javaplcadapter.worker.impl.ConsumerWorkerImpl -- processingStrategy.process(record) 處理失敗: Processing failed
java.lang.RuntimeException: Processing failed
	at com.charlessun.javaplcadapter.worker.impl.ConsumerWorkerImpl.pollLoop(ConsumerWorkerImpl.java:53)
	at java.base/java.lang.Thread.run(Thread.java:1583)
11:47:51.834 [Thread-4] ERROR com.charlessun.javaplcadapter.worker.impl.ConsumerWorkerImpl -- processingStrategy.process(record) 處理失敗: Processing failed
java.lang.RuntimeException: Processing failed
	at com.charlessun.javaplcadapter.worker.impl.ConsumerWorkerImpl.pollLoop(ConsumerWorkerImpl.java:53)
	at java.base/java.lang.Thread.run(Thread.java:1583)
11:47:51.834 [Thread-4] ERROR com.charlessun.javaplcadapter.worker.impl.ConsumerWorkerImpl -- processingStrategy.process(record) 處理失敗: Processing failed
java.lang.RuntimeException: Processing failed
	at com.charlessun.javaplcadapter.worker.impl.ConsumerWorkerImpl.pollLoop(ConsumerWorkerImpl.java:53)
	at java.base/java.lang.Thread.run(Thread.java:1583)
11:47:51.834 [Thread-4] ERROR com.charlessun.javaplcadapter.worker.impl.ConsumerWorkerImpl -- processingStrategy.process(record) 處理失敗: Processing failed
java.lang.RuntimeException: Processing failed
	at com.charlessun.javaplcadapter.worker.impl.ConsumerWorkerImpl.pollLoop(ConsumerWorkerImpl.java:53)
	at java.base/java.lang.Thread.run(Thread.java:1583)
11:47:51.834 [Thread-4] ERROR com.charlessun.javaplcadapter.worker.impl.ConsumerWorkerImpl -- processingStrategy.process(record) 處理失敗: Processing failed
java.lang.RuntimeException: Processing failed
	at com.charlessun.javaplcadapter.worker.impl.ConsumerWorkerImpl.pollLoop(ConsumerWorkerImpl.java:53)
	at java.base/java.lang.Thread.run(Thread.java:1583)
11:47:51.834 [Thread-4] ERROR com.charlessun.javaplcadapter.worker.impl.ConsumerWorkerImpl -- processingStrategy.process(record) 處理失敗: Processing failed
java.lang.RuntimeException: Processing failed
	at com.charlessun.javaplcadapter.worker.impl.ConsumerWorkerImpl.pollLoop(ConsumerWorkerImpl.java:53)
	at java.base/java.lang.Thread.run(Thread.java:1583)
11:47:51.835 [Thread-4] ERROR com.charlessun.javaplcadapter.worker.impl.ConsumerWorkerImpl -- processingStrategy.process(record) 處理失敗: Processing failed
java.lang.RuntimeException: Processing failed
	at com.charlessun.javaplcadapter.worker.impl.ConsumerWorkerImpl.pollLoop(ConsumerWorkerImpl.java:53)
	at java.base/java.lang.Thread.run(Thread.java:1583)
11:47:51.835 [Thread-4] ERROR com.charlessun.javaplcadapter.worker.impl.ConsumerWorkerImpl -- processingStrategy.process(record) 處理失敗: Processing failed
java.lang.RuntimeException: Processing failed
	at com.charlessun.javaplcadapter.worker.impl.ConsumerWorkerImpl.pollLoop(ConsumerWorkerImpl.java:53)
	at java.base/java.lang.Thread.run(Thread.java:1583)
11:47:51.835 [Thread-4] ERROR com.charlessun.javaplcadapter.worker.impl.ConsumerWorkerImpl -- processingStrategy.process(record) 處理失敗: Processing failed
java.lang.RuntimeException: Processing failed
	at com.charlessun.javaplcadapter.worker.impl.ConsumerWorkerImpl.pollLoop(ConsumerWorkerImpl.java:53)
	at java.base/java.lang.Thread.run(Thread.java:1583)
11:47:51.836 [Thread-4] ERROR com.charlessun.javaplcadapter.worker.impl.ConsumerWorkerImpl -- processingStrategy.process(record) 處理失敗: Processing failed
java.lang.RuntimeException: Processing failed
	at com.charlessun.javaplcadapter.worker.impl.ConsumerWorkerImpl.pollLoop(ConsumerWorkerImpl.java:53)
	at java.base/java.lang.Thread.run(Thread.java:1583)
11:47:51.836 [Thread-4] ERROR com.charlessun.javaplcadapter.worker.impl.ConsumerWorkerImpl -- processingStrategy.process(record) 處理失敗: Processing failed
java.lang.RuntimeException: Processing failed
	at com.charlessun.javaplcadapter.worker.impl.ConsumerWorkerImpl.pollLoop(ConsumerWorkerImpl.java:53)
	at java.base/java.lang.Thread.run(Thread.java:1583)
11:47:51.836 [Thread-4] ERROR com.charlessun.javaplcadapter.worker.impl.ConsumerWorkerImpl -- processingStrategy.process(record) 處理失敗: Processing failed
java.lang.RuntimeException: Processing failed
	at com.charlessun.javaplcadapter.worker.impl.ConsumerWorkerImpl.pollLoop(ConsumerWorkerImpl.java:53)
	at java.base/java.lang.Thread.run(Thread.java:1583)
11:47:51.836 [Thread-4] ERROR com.charlessun.javaplcadapter.worker.impl.ConsumerWorkerImpl -- processingStrategy.process(record) 處理失敗: Processing failed
java.lang.RuntimeException: Processing failed
	at com.charlessun.javaplcadapter.worker.impl.ConsumerWorkerImpl.pollLoop(ConsumerWorkerImpl.java:53)
	at java.base/java.lang.Thread.run(Thread.java:1583)
11:47:51.836 [Thread-4] ERROR com.charlessun.javaplcadapter.worker.impl.ConsumerWorkerImpl -- processingStrategy.process(record) 處理失敗: Processing failed
java.lang.RuntimeException: Processing failed
	at com.charlessun.javaplcadapter.worker.impl.ConsumerWorkerImpl.pollLoop(ConsumerWorkerImpl.java:53)
	at java.base/java.lang.Thread.run(Thread.java:1583)
11:47:51.837 [Thread-4] ERROR com.charlessun.javaplcadapter.worker.impl.ConsumerWorkerImpl -- processingStrategy.process(record) 處理失敗: Processing failed
java.lang.RuntimeException: Processing failed
	at com.charlessun.javaplcadapter.worker.impl.ConsumerWorkerImpl.pollLoop(ConsumerWorkerImpl.java:53)
	at java.base/java.lang.Thread.run(Thread.java:1583)
11:47:51.837 [Thread-4] ERROR com.charlessun.javaplcadapter.worker.impl.ConsumerWorkerImpl -- processingStrategy.process(record) 處理失敗: Processing failed
java.lang.RuntimeException: Processing failed
	at com.charlessun.javaplcadapter.worker.impl.ConsumerWorkerImpl.pollLoop(ConsumerWorkerImpl.java:53)
	at java.base/java.lang.Thread.run(Thread.java:1583)
11:47:51.838 [Thread-4] ERROR com.charlessun.javaplcadapter.worker.impl.ConsumerWorkerImpl -- processingStrategy.process(record) 處理失敗: Processing failed
java.lang.RuntimeException: Processing failed
	at com.charlessun.javaplcadapter.worker.impl.ConsumerWorkerImpl.pollLoop(ConsumerWorkerImpl.java:53)
	at java.base/java.lang.Thread.run(Thread.java:1583)
11:47:51.838 [Thread-4] ERROR com.charlessun.javaplcadapter.worker.impl.ConsumerWorkerImpl -- processingStrategy.process(record) 處理失敗: Processing failed
java.lang.RuntimeException: Processing failed
	at com.charlessun.javaplcadapter.worker.impl.ConsumerWorkerImpl.pollLoop(ConsumerWorkerImpl.java:53)
	at java.base/java.lang.Thread.run(Thread.java:1583)
11:47:51.839 [Thread-4] ERROR com.charlessun.javaplcadapter.worker.impl.ConsumerWorkerImpl -- processingStrategy.process(record) 處理失敗: Processing failed
java.lang.RuntimeException: Processing failed
	at com.charlessun.javaplcadapter.worker.impl.ConsumerWorkerImpl.pollLoop(ConsumerWorkerImpl.java:53)
	at java.base/java.lang.Thread.run(Thread.java:1583)
11:47:51.840 [Thread-4] ERROR com.charlessun.javaplcadapter.worker.impl.ConsumerWorkerImpl -- processingStrategy.process(record) 處理失敗: Processing failed
java.lang.RuntimeException: Processing failed
	at com.charlessun.javaplcadapter.worker.impl.ConsumerWorkerImpl.pollLoop(ConsumerWorkerImpl.java:53)
	at java.base/java.lang.Thread.run(Thread.java:1583)
11:47:51.842 [Thread-4] ERROR com.charlessun.javaplcadapter.worker.impl.ConsumerWorkerImpl -- processingStrategy.process(record) 處理失敗: Processing failed
java.lang.RuntimeException: Processing failed
	at com.charlessun.javaplcadapter.worker.impl.ConsumerWorkerImpl.pollLoop(ConsumerWorkerImpl.java:53)
	at java.base/java.lang.Thread.run(Thread.java:1583)
11:47:51.843 [Thread-4] ERROR com.charlessun.javaplcadapter.worker.impl.ConsumerWorkerImpl -- processingStrategy.process(record) 處理失敗: Processing failed
java.lang.RuntimeException: Processing failed
	at com.charlessun.javaplcadapter.worker.impl.ConsumerWorkerImpl.pollLoop(ConsumerWorkerImpl.java:53)
	at java.base/java.lang.Thread.run(Thread.java:1583)
11:47:51.844 [Thread-4] ERROR com.charlessun.javaplcadapter.worker.impl.ConsumerWorkerImpl -- processingStrategy.process(record) 處理失敗: Processing failed
java.lang.RuntimeException: Processing failed
	at com.charlessun.javaplcadapter.worker.impl.ConsumerWorkerImpl.pollLoop(ConsumerWorkerImpl.java:53)
	at java.base/java.lang.Thread.run(Thread.java:1583)
11:47:51.845 [Thread-4] ERROR com.charlessun.javaplcadapter.worker.impl.ConsumerWorkerImpl -- processingStrategy.process(record) 處理失敗: Processing failed
java.lang.RuntimeException: Processing failed
	at com.charlessun.javaplcadapter.worker.impl.ConsumerWorkerImpl.pollLoop(ConsumerWorkerImpl.java:53)
	at java.base/java.lang.Thread.run(Thread.java:1583)
11:47:51.846 [Thread-4] ERROR com.charlessun.javaplcadapter.worker.impl.ConsumerWorkerImpl -- processingStrategy.process(record) 處理失敗: Processing failed
java.lang.RuntimeException: Processing failed
	at com.charlessun.javaplcadapter.worker.impl.ConsumerWorkerImpl.pollLoop(ConsumerWorkerImpl.java:53)
	at java.base/java.lang.Thread.run(Thread.java:1583)
11:47:51.848 [Thread-4] ERROR com.charlessun.javaplcadapter.worker.impl.ConsumerWorkerImpl -- processingStrategy.process(record) 處理失敗: Processing failed
java.lang.RuntimeException: Processing failed
	at com.charlessun.javaplcadapter.worker.impl.ConsumerWorkerImpl.pollLoop(ConsumerWorkerImpl.java:53)
	at java.base/java.lang.Thread.run(Thread.java:1583)
11:47:51.849 [Thread-4] ERROR com.charlessun.javaplcadapter.worker.impl.ConsumerWorkerImpl -- processingStrategy.process(record) 處理失敗: Processing failed
java.lang.RuntimeException: Processing failed
	at com.charlessun.javaplcadapter.worker.impl.ConsumerWorkerImpl.pollLoop(ConsumerWorkerImpl.java:53)
	at java.base/java.lang.Thread.run(Thread.java:1583)
11:47:51.849 [Thread-4] ERROR com.charlessun.javaplcadapter.worker.impl.ConsumerWorkerImpl -- processingStrategy.process(record) 處理失敗: Processing failed
java.lang.RuntimeException: Processing failed
	at com.charlessun.javaplcadapter.worker.impl.ConsumerWorkerImpl.pollLoop(ConsumerWorkerImpl.java:53)
	at java.base/java.lang.Thread.run(Thread.java:1583)
11:47:51.849 [Thread-4] ERROR com.charlessun.javaplcadapter.worker.impl.ConsumerWorkerImpl -- processingStrategy.process(record) 處理失敗: Processing failed
java.lang.RuntimeException: Processing failed
	at com.charlessun.javaplcadapter.worker.impl.ConsumerWorkerImpl.pollLoop(ConsumerWorkerImpl.java:53)
	at java.base/java.lang.Thread.run(Thread.java:1583)
11:47:51.849 [Thread-4] ERROR com.charlessun.javaplcadapter.worker.impl.ConsumerWorkerImpl -- processingStrategy.process(record) 處理失敗: Processing failed
java.lang.RuntimeException: Processing failed
	at com.charlessun.javaplcadapter.worker.impl.ConsumerWorkerImpl.pollLoop(ConsumerWorkerImpl.java:53)
	at java.base/java.lang.Thread.run(Thread.java:1583)
11:47:51.850 [Thread-4] ERROR com.charlessun.javaplcadapter.worker.impl.ConsumerWorkerImpl -- processingStrategy.process(record) 處理失敗: Processing failed
java.lang.RuntimeException: Processing failed
	at com.charlessun.javaplcadapter.worker.impl.ConsumerWorkerImpl.pollLoop(ConsumerWorkerImpl.java:53)
	at java.base/java.lang.Thread.run(Thread.java:1583)
11:47:51.850 [Thread-4] ERROR com.charlessun.javaplcadapter.worker.impl.ConsumerWorkerImpl -- processingStrategy.process(record) 處理失敗: Processing failed
java.lang.RuntimeException: Processing failed
	at com.charlessun.javaplcadapter.worker.impl.ConsumerWorkerImpl.pollLoop(ConsumerWorkerImpl.java:53)
	at java.base/java.lang.Thread.run(Thread.java:1583)
11:47:51.851 [Thread-4] ERROR com.charlessun.javaplcadapter.worker.impl.ConsumerWorkerImpl -- processingStrategy.process(record) 處理失敗: Processing failed
java.lang.RuntimeException: Processing failed
	at com.charlessun.javaplcadapter.worker.impl.ConsumerWorkerImpl.pollLoop(ConsumerWorkerImpl.java:53)
	at java.base/java.lang.Thread.run(Thread.java:1583)
11:47:51.851 [Thread-4] ERROR com.charlessun.javaplcadapter.worker.impl.ConsumerWorkerImpl -- processingStrategy.process(record) 處理失敗: Processing failed
java.lang.RuntimeException: Processing failed
	at com.charlessun.javaplcadapter.worker.impl.ConsumerWorkerImpl.pollLoop(ConsumerWorkerImpl.java:53)
	at java.base/java.lang.Thread.run(Thread.java:1583)
11:47:51.851 [Thread-4] ERROR com.charlessun.javaplcadapter.worker.impl.ConsumerWorkerImpl -- processingStrategy.process(record) 處理失敗: Processing failed
java.lang.RuntimeException: Processing failed
	at com.charlessun.javaplcadapter.worker.impl.ConsumerWorkerImpl.pollLoop(ConsumerWorkerImpl.java:53)
	at java.base/java.lang.Thread.run(Thread.java:1583)
11:47:51.851 [Thread-4] ERROR com.charlessun.javaplcadapter.worker.impl.ConsumerWorkerImpl -- processingStrategy.process(record) 處理失敗: Processing failed
java.lang.RuntimeException: Processing failed
	at com.charlessun.javaplcadapter.worker.impl.ConsumerWorkerImpl.pollLoop(ConsumerWorkerImpl.java:53)
	at java.base/java.lang.Thread.run(Thread.java:1583)
11:47:51.851 [Thread-4] ERROR com.charlessun.javaplcadapter.worker.impl.ConsumerWorkerImpl -- processingStrategy.process(record) 處理失敗: Processing failed
java.lang.RuntimeException: Processing failed
	at com.charlessun.javaplcadapter.worker.impl.ConsumerWorkerImpl.pollLoop(ConsumerWorkerImpl.java:53)
	at java.base/java.lang.Thread.run(Thread.java:1583)
11:47:51.852 [Thread-4] ERROR com.charlessun.javaplcadapter.worker.impl.ConsumerWorkerImpl -- processingStrategy.process(record) 處理失敗: Processing failed
java.lang.RuntimeException: Processing failed
	at com.charlessun.javaplcadapter.worker.impl.ConsumerWorkerImpl.pollLoop(ConsumerWorkerImpl.java:53)
	at java.base/java.lang.Thread.run(Thread.java:1583)
11:47:51.852 [Thread-4] ERROR com.charlessun.javaplcadapter.worker.impl.ConsumerWorkerImpl -- processingStrategy.process(record) 處理失敗: Processing failed
java.lang.RuntimeException: Processing failed
	at com.charlessun.javaplcadapter.worker.impl.ConsumerWorkerImpl.pollLoop(ConsumerWorkerImpl.java:53)
	at java.base/java.lang.Thread.run(Thread.java:1583)
11:47:51.853 [Thread-4] ERROR com.charlessun.javaplcadapter.worker.impl.ConsumerWorkerImpl -- processingStrategy.process(record) 處理失敗: Processing failed
java.lang.RuntimeException: Processing failed
	at com.charlessun.javaplcadapter.worker.impl.ConsumerWorkerImpl.pollLoop(ConsumerWorkerImpl.java:53)
	at java.base/java.lang.Thread.run(Thread.java:1583)
11:47:51.853 [Thread-4] ERROR com.charlessun.javaplcadapter.worker.impl.ConsumerWorkerImpl -- processingStrategy.process(record) 處理失敗: Processing failed
java.lang.RuntimeException: Processing failed
	at com.charlessun.javaplcadapter.worker.impl.ConsumerWorkerImpl.pollLoop(ConsumerWorkerImpl.java:53)
	at java.base/java.lang.Thread.run(Thread.java:1583)
11:47:51.853 [Thread-4] ERROR com.charlessun.javaplcadapter.worker.impl.ConsumerWorkerImpl -- processingStrategy.process(record) 處理失敗: Processing failed
java.lang.RuntimeException: Processing failed
	at com.charlessun.javaplcadapter.worker.impl.ConsumerWorkerImpl.pollLoop(ConsumerWorkerImpl.java:53)
	at java.base/java.lang.Thread.run(Thread.java:1583)
11:47:51.854 [Thread-4] ERROR com.charlessun.javaplcadapter.worker.impl.ConsumerWorkerImpl -- processingStrategy.process(record) 處理失敗: Processing failed
java.lang.RuntimeException: Processing failed
	at com.charlessun.javaplcadapter.worker.impl.ConsumerWorkerImpl.pollLoop(ConsumerWorkerImpl.java:53)
	at java.base/java.lang.Thread.run(Thread.java:1583)
11:47:51.854 [Thread-4] ERROR com.charlessun.javaplcadapter.worker.impl.ConsumerWorkerImpl -- processingStrategy.process(record) 處理失敗: Processing failed
java.lang.RuntimeException: Processing failed
	at com.charlessun.javaplcadapter.worker.impl.ConsumerWorkerImpl.pollLoop(ConsumerWorkerImpl.java:53)
	at java.base/java.lang.Thread.run(Thread.java:1583)
11:47:51.855 [Thread-4] ERROR com.charlessun.javaplcadapter.worker.impl.ConsumerWorkerImpl -- processingStrategy.process(record) 處理失敗: Processing failed
java.lang.RuntimeException: Processing failed
	at com.charlessun.javaplcadapter.worker.impl.ConsumerWorkerImpl.pollLoop(ConsumerWorkerImpl.java:53)
	at java.base/java.lang.Thread.run(Thread.java:1583)
11:47:51.855 [Thread-4] ERROR com.charlessun.javaplcadapter.worker.impl.ConsumerWorkerImpl -- processingStrategy.process(record) 處理失敗: Processing failed
java.lang.RuntimeException: Processing failed
	at com.charlessun.javaplcadapter.worker.impl.ConsumerWorkerImpl.pollLoop(ConsumerWorkerImpl.java:53)
	at java.base/java.lang.Thread.run(Thread.java:1583)
11:47:51.856 [Thread-4] ERROR com.charlessun.javaplcadapter.worker.impl.ConsumerWorkerImpl -- processingStrategy.process(record) 處理失敗: Processing failed
java.lang.RuntimeException: Processing failed
	at com.charlessun.javaplcadapter.worker.impl.ConsumerWorkerImpl.pollLoop(ConsumerWorkerImpl.java:53)
	at java.base/java.lang.Thread.run(Thread.java:1583)
11:47:51.856 [Thread-4] ERROR com.charlessun.javaplcadapter.worker.impl.ConsumerWorkerImpl -- processingStrategy.process(record) 處理失敗: Processing failed
java.lang.RuntimeException: Processing failed
	at com.charlessun.javaplcadapter.worker.impl.ConsumerWorkerImpl.pollLoop(ConsumerWorkerImpl.java:53)
	at java.base/java.lang.Thread.run(Thread.java:1583)
11:47:51.857 [Thread-4] ERROR com.charlessun.javaplcadapter.worker.impl.ConsumerWorkerImpl -- processingStrategy.process(record) 處理失敗: Processing failed
java.lang.RuntimeException: Processing failed
	at com.charlessun.javaplcadapter.worker.impl.ConsumerWorkerImpl.pollLoop(ConsumerWorkerImpl.java:53)
	at java.base/java.lang.Thread.run(Thread.java:1583)
11:47:51.857 [Thread-4] ERROR com.charlessun.javaplcadapter.worker.impl.ConsumerWorkerImpl -- processingStrategy.process(record) 處理失敗: Processing failed
java.lang.RuntimeException: Processing failed
	at com.charlessun.javaplcadapter.worker.impl.ConsumerWorkerImpl.pollLoop(ConsumerWorkerImpl.java:53)
	at java.base/java.lang.Thread.run(Thread.java:1583)
11:47:51.857 [Thread-4] ERROR com.charlessun.javaplcadapter.worker.impl.ConsumerWorkerImpl -- processingStrategy.process(record) 處理失敗: Processing failed
java.lang.RuntimeException: Processing failed
	at com.charlessun.javaplcadapter.worker.impl.ConsumerWorkerImpl.pollLoop(ConsumerWorkerImpl.java:53)
	at java.base/java.lang.Thread.run(Thread.java:1583)
11:47:51.858 [Thread-4] ERROR com.charlessun.javaplcadapter.worker.impl.ConsumerWorkerImpl -- processingStrategy.process(record) 處理失敗: Processing failed
java.lang.RuntimeException: Processing failed
	at com.charlessun.javaplcadapter.worker.impl.ConsumerWorkerImpl.pollLoop(ConsumerWorkerImpl.java:53)
	at java.base/java.lang.Thread.run(Thread.java:1583)
11:47:51.858 [Thread-4] ERROR com.charlessun.javaplcadapter.worker.impl.ConsumerWorkerImpl -- processingStrategy.process(record) 處理失敗: Processing failed
java.lang.RuntimeException: Processing failed
	at com.charlessun.javaplcadapter.worker.impl.ConsumerWorkerImpl.pollLoop(ConsumerWorkerImpl.java:53)
	at java.base/java.lang.Thread.run(Thread.java:1583)
11:47:51.859 [Thread-4] ERROR com.charlessun.javaplcadapter.worker.impl.ConsumerWorkerImpl -- processingStrategy.process(record) 處理失敗: Processing failed
java.lang.RuntimeException: Processing failed
	at com.charlessun.javaplcadapter.worker.impl.ConsumerWorkerImpl.pollLoop(ConsumerWorkerImpl.java:53)
	at java.base/java.lang.Thread.run(Thread.java:1583)
11:47:51.859 [Thread-4] ERROR com.charlessun.javaplcadapter.worker.impl.ConsumerWorkerImpl -- processingStrategy.process(record) 處理失敗: Processing failed
java.lang.RuntimeException: Processing failed
	at com.charlessun.javaplcadapter.worker.impl.ConsumerWorkerImpl.pollLoop(ConsumerWorkerImpl.java:53)
	at java.base/java.lang.Thread.run(Thread.java:1583)
11:47:51.860 [Thread-4] ERROR com.charlessun.javaplcadapter.worker.impl.ConsumerWorkerImpl -- processingStrategy.process(record) 處理失敗: Processing failed
java.lang.RuntimeException: Processing failed
	at com.charlessun.javaplcadapter.worker.impl.ConsumerWorkerImpl.pollLoop(ConsumerWorkerImpl.java:53)
	at java.base/java.lang.Thread.run(Thread.java:1583)
11:47:51.861 [Thread-4] ERROR com.charlessun.javaplcadapter.worker.impl.ConsumerWorkerImpl -- processingStrategy.process(record) 處理失敗: Processing failed
java.lang.RuntimeException: Processing failed
	at com.charlessun.javaplcadapter.worker.impl.ConsumerWorkerImpl.pollLoop(ConsumerWorkerImpl.java:53)
	at java.base/java.lang.Thread.run(Thread.java:1583)
11:47:51.861 [Thread-4] ERROR com.charlessun.javaplcadapter.worker.impl.ConsumerWorkerImpl -- processingStrategy.process(record) 處理失敗: Processing failed
java.lang.RuntimeException: Processing failed
	at com.charlessun.javaplcadapter.worker.impl.ConsumerWorkerImpl.pollLoop(ConsumerWorkerImpl.java:53)
	at java.base/java.lang.Thread.run(Thread.java:1583)
11:47:51.862 [Thread-4] ERROR com.charlessun.javaplcadapter.worker.impl.ConsumerWorkerImpl -- processingStrategy.process(record) 處理失敗: Processing failed
java.lang.RuntimeException: Processing failed
	at com.charlessun.javaplcadapter.worker.impl.ConsumerWorkerImpl.pollLoop(ConsumerWorkerImpl.java:53)
	at java.base/java.lang.Thread.run(Thread.java:1583)
11:47:51.863 [Thread-4] ERROR com.charlessun.javaplcadapter.worker.impl.ConsumerWorkerImpl -- processingStrategy.process(record) 處理失敗: Processing failed
java.lang.RuntimeException: Processing failed
	at com.charlessun.javaplcadapter.worker.impl.ConsumerWorkerImpl.pollLoop(ConsumerWorkerImpl.java:53)
	at java.base/java.lang.Thread.run(Thread.java:1583)
11:47:51.863 [Thread-4] ERROR com.charlessun.javaplcadapter.worker.impl.ConsumerWorkerImpl -- processingStrategy.process(record) 處理失敗: Processing failed
java.lang.RuntimeException: Processing failed
	at com.charlessun.javaplcadapter.worker.impl.ConsumerWorkerImpl.pollLoop(ConsumerWorkerImpl.java:53)
	at java.base/java.lang.Thread.run(Thread.java:1583)
11:47:51.863 [Thread-4] ERROR com.charlessun.javaplcadapter.worker.impl.ConsumerWorkerImpl -- processingStrategy.process(record) 處理失敗: Processing failed
java.lang.RuntimeException: Processing failed
	at com.charlessun.javaplcadapter.worker.impl.ConsumerWorkerImpl.pollLoop(ConsumerWorkerImpl.java:53)
	at java.base/java.lang.Thread.run(Thread.java:1583)
11:47:51.864 [Thread-4] ERROR com.charlessun.javaplcadapter.worker.impl.ConsumerWorkerImpl -- processingStrategy.process(record) 處理失敗: Processing failed
java.lang.RuntimeException: Processing failed
	at com.charlessun.javaplcadapter.worker.impl.ConsumerWorkerImpl.pollLoop(ConsumerWorkerImpl.java:53)
	at java.base/java.lang.Thread.run(Thread.java:1583)
11:47:51.864 [Thread-4] ERROR com.charlessun.javaplcadapter.worker.impl.ConsumerWorkerImpl -- processingStrategy.process(record) 處理失敗: Processing failed
java.lang.RuntimeException: Processing failed
	at com.charlessun.javaplcadapter.worker.impl.ConsumerWorkerImpl.pollLoop(ConsumerWorkerImpl.java:53)
	at java.base/java.lang.Thread.run(Thread.java:1583)
11:47:51.864 [Thread-4] ERROR com.charlessun.javaplcadapter.worker.impl.ConsumerWorkerImpl -- processingStrategy.process(record) 處理失敗: Processing failed
java.lang.RuntimeException: Processing failed
	at com.charlessun.javaplcadapter.worker.impl.ConsumerWorkerImpl.pollLoop(ConsumerWorkerImpl.java:53)
	at java.base/java.lang.Thread.run(Thread.java:1583)
11:47:51.864 [Thread-4] ERROR com.charlessun.javaplcadapter.worker.impl.ConsumerWorkerImpl -- processingStrategy.process(record) 處理失敗: Processing failed
java.lang.RuntimeException: Processing failed
	at com.charlessun.javaplcadapter.worker.impl.ConsumerWorkerImpl.pollLoop(ConsumerWorkerImpl.java:53)
	at java.base/java.lang.Thread.run(Thread.java:1583)
11:47:51.864 [Thread-4] ERROR com.charlessun.javaplcadapter.worker.impl.ConsumerWorkerImpl -- processingStrategy.process(record) 處理失敗: Processing failed
java.lang.RuntimeException: Processing failed
	at com.charlessun.javaplcadapter.worker.impl.ConsumerWorkerImpl.pollLoop(ConsumerWorkerImpl.java:53)
	at java.base/java.lang.Thread.run(Thread.java:1583)
11:47:51.865 [Thread-4] ERROR com.charlessun.javaplcadapter.worker.impl.ConsumerWorkerImpl -- processingStrategy.process(record) 處理失敗: Processing failed
java.lang.RuntimeException: Processing failed
	at com.charlessun.javaplcadapter.worker.impl.ConsumerWorkerImpl.pollLoop(ConsumerWorkerImpl.java:53)
	at java.base/java.lang.Thread.run(Thread.java:1583)
11:47:51.865 [Thread-4] ERROR com.charlessun.javaplcadapter.worker.impl.ConsumerWorkerImpl -- processingStrategy.process(record) 處理失敗: Processing failed
java.lang.RuntimeException: Processing failed
	at com.charlessun.javaplcadapter.worker.impl.ConsumerWorkerImpl.pollLoop(ConsumerWorkerImpl.java:53)
	at java.base/java.lang.Thread.run(Thread.java:1583)
11:47:51.865 [Thread-4] ERROR com.charlessun.javaplcadapter.worker.impl.ConsumerWorkerImpl -- processingStrategy.process(record) 處理失敗: Processing failed
java.lang.RuntimeException: Processing failed
	at com.charlessun.javaplcadapter.worker.impl.ConsumerWorkerImpl.pollLoop(ConsumerWorkerImpl.java:53)
	at java.base/java.lang.Thread.run(Thread.java:1583)
11:47:51.865 [Thread-4] ERROR com.charlessun.javaplcadapter.worker.impl.ConsumerWorkerImpl -- processingStrategy.process(record) 處理失敗: Processing failed
java.lang.RuntimeException: Processing failed
	at com.charlessun.javaplcadapter.worker.impl.ConsumerWorkerImpl.pollLoop(ConsumerWorkerImpl.java:53)
	at java.base/java.lang.Thread.run(Thread.java:1583)
11:47:51.865 [Thread-4] ERROR com.charlessun.javaplcadapter.worker.impl.ConsumerWorkerImpl -- processingStrategy.process(record) 處理失敗: Processing failed
java.lang.RuntimeException: Processing failed
	at com.charlessun.javaplcadapter.worker.impl.ConsumerWorkerImpl.pollLoop(ConsumerWorkerImpl.java:53)
	at java.base/java.lang.Thread.run(Thread.java:1583)
11:47:51.866 [Thread-4] ERROR com.charlessun.javaplcadapter.worker.impl.ConsumerWorkerImpl -- processingStrategy.process(record) 處理失敗: Processing failed
java.lang.RuntimeException: Processing failed
	at com.charlessun.javaplcadapter.worker.impl.ConsumerWorkerImpl.pollLoop(ConsumerWorkerImpl.java:53)
	at java.base/java.lang.Thread.run(Thread.java:1583)
11:47:51.866 [Thread-4] ERROR com.charlessun.javaplcadapter.worker.impl.ConsumerWorkerImpl -- processingStrategy.process(record) 處理失敗: Processing failed
java.lang.RuntimeException: Processing failed
	at com.charlessun.javaplcadapter.worker.impl.ConsumerWorkerImpl.pollLoop(ConsumerWorkerImpl.java:53)
	at java.base/java.lang.Thread.run(Thread.java:1583)
11:47:51.866 [Thread-4] ERROR com.charlessun.javaplcadapter.worker.impl.ConsumerWorkerImpl -- processingStrategy.process(record) 處理失敗: Processing failed
java.lang.RuntimeException: Processing failed
	at com.charlessun.javaplcadapter.worker.impl.ConsumerWorkerImpl.pollLoop(ConsumerWorkerImpl.java:53)
	at java.base/java.lang.Thread.run(Thread.java:1583)
11:47:51.866 [Thread-4] ERROR com.charlessun.javaplcadapter.worker.impl.ConsumerWorkerImpl -- processingStrategy.process(record) 處理失敗: Processing failed
java.lang.RuntimeException: Processing failed
	at com.charlessun.javaplcadapter.worker.impl.ConsumerWorkerImpl.pollLoop(ConsumerWorkerImpl.java:53)
	at java.base/java.lang.Thread.run(Thread.java:1583)
11:47:51.866 [Thread-4] ERROR com.charlessun.javaplcadapter.worker.impl.ConsumerWorkerImpl -- processingStrategy.process(record) 處理失敗: Processing failed
java.lang.RuntimeException: Processing failed
	at com.charlessun.javaplcadapter.worker.impl.ConsumerWorkerImpl.pollLoop(ConsumerWorkerImpl.java:53)
	at java.base/java.lang.Thread.run(Thread.java:1583)
11:47:51.867 [Thread-4] ERROR com.charlessun.javaplcadapter.worker.impl.ConsumerWorkerImpl -- processingStrategy.process(record) 處理失敗: Processing failed
java.lang.RuntimeException: Processing failed
	at com.charlessun.javaplcadapter.worker.impl.ConsumerWorkerImpl.pollLoop(ConsumerWorkerImpl.java:53)
	at java.base/java.lang.Thread.run(Thread.java:1583)
11:47:51.867 [Thread-4] ERROR com.charlessun.javaplcadapter.worker.impl.ConsumerWorkerImpl -- processingStrategy.process(record) 處理失敗: Processing failed
java.lang.RuntimeException: Processing failed
	at com.charlessun.javaplcadapter.worker.impl.ConsumerWorkerImpl.pollLoop(ConsumerWorkerImpl.java:53)
	at java.base/java.lang.Thread.run(Thread.java:1583)
11:47:51.867 [Thread-4] ERROR com.charlessun.javaplcadapter.worker.impl.ConsumerWorkerImpl -- processingStrategy.process(record) 處理失敗: Processing failed
java.lang.RuntimeException: Processing failed
	at com.charlessun.javaplcadapter.worker.impl.ConsumerWorkerImpl.pollLoop(ConsumerWorkerImpl.java:53)
	at java.base/java.lang.Thread.run(Thread.java:1583)
11:47:51.867 [Thread-4] ERROR com.charlessun.javaplcadapter.worker.impl.ConsumerWorkerImpl -- processingStrategy.process(record) 處理失敗: Processing failed
java.lang.RuntimeException: Processing failed
	at com.charlessun.javaplcadapter.worker.impl.ConsumerWorkerImpl.pollLoop(ConsumerWorkerImpl.java:53)
	at java.base/java.lang.Thread.run(Thread.java:1583)
11:47:51.867 [Thread-4] ERROR com.charlessun.javaplcadapter.worker.impl.ConsumerWorkerImpl -- processingStrategy.process(record) 處理失敗: Processing failed
java.lang.RuntimeException: Processing failed
	at com.charlessun.javaplcadapter.worker.impl.ConsumerWorkerImpl.pollLoop(ConsumerWorkerImpl.java:53)
	at java.base/java.lang.Thread.run(Thread.java:1583)
11:47:51.868 [Thread-4] ERROR com.charlessun.javaplcadapter.worker.impl.ConsumerWorkerImpl -- processingStrategy.process(record) 處理失敗: Processing failed
java.lang.RuntimeException: Processing failed
	at com.charlessun.javaplcadapter.worker.impl.ConsumerWorkerImpl.pollLoop(ConsumerWorkerImpl.java:53)
	at java.base/java.lang.Thread.run(Thread.java:1583)
11:47:51.868 [Thread-4] ERROR com.charlessun.javaplcadapter.worker.impl.ConsumerWorkerImpl -- processingStrategy.process(record) 處理失敗: Processing failed
java.lang.RuntimeException: Processing failed
	at com.charlessun.javaplcadapter.worker.impl.ConsumerWorkerImpl.pollLoop(ConsumerWorkerImpl.java:53)
	at java.base/java.lang.Thread.run(Thread.java:1583)
11:47:51.868 [Thread-4] ERROR com.charlessun.javaplcadapter.worker.impl.ConsumerWorkerImpl -- processingStrategy.process(record) 處理失敗: Processing failed
java.lang.RuntimeException: Processing failed
	at com.charlessun.javaplcadapter.worker.impl.ConsumerWorkerImpl.pollLoop(ConsumerWorkerImpl.java:53)
	at java.base/java.lang.Thread.run(Thread.java:1583)
11:47:51.868 [Thread-4] ERROR com.charlessun.javaplcadapter.worker.impl.ConsumerWorkerImpl -- processingStrategy.process(record) 處理失敗: Processing failed
java.lang.RuntimeException: Processing failed
	at com.charlessun.javaplcadapter.worker.impl.ConsumerWorkerImpl.pollLoop(ConsumerWorkerImpl.java:53)
	at java.base/java.lang.Thread.run(Thread.java:1583)
11:47:51.868 [Thread-4] ERROR com.charlessun.javaplcadapter.worker.impl.ConsumerWorkerImpl -- processingStrategy.process(record) 處理失敗: Processing failed
java.lang.RuntimeException: Processing failed
	at com.charlessun.javaplcadapter.worker.impl.ConsumerWorkerImpl.pollLoop(ConsumerWorkerImpl.java:53)
	at java.base/java.lang.Thread.run(Thread.java:1583)
11:47:51.868 [Thread-4] ERROR com.charlessun.javaplcadapter.worker.impl.ConsumerWorkerImpl -- processingStrategy.process(record) 處理失敗: Processing failed
java.lang.RuntimeException: Processing failed
	at com.charlessun.javaplcadapter.worker.impl.ConsumerWorkerImpl.pollLoop(ConsumerWorkerImpl.java:53)
	at java.base/java.lang.Thread.run(Thread.java:1583)
11:47:51.869 [Thread-4] ERROR com.charlessun.javaplcadapter.worker.impl.ConsumerWorkerImpl -- processingStrategy.process(record) 處理失敗: Processing failed
java.lang.RuntimeException: Processing failed
	at com.charlessun.javaplcadapter.worker.impl.ConsumerWorkerImpl.pollLoop(ConsumerWorkerImpl.java:53)
	at java.base/java.lang.Thread.run(Thread.java:1583)
11:47:51.869 [Thread-4] ERROR com.charlessun.javaplcadapter.worker.impl.ConsumerWorkerImpl -- processingStrategy.process(record) 處理失敗: Processing failed
java.lang.RuntimeException: Processing failed
	at com.charlessun.javaplcadapter.worker.impl.ConsumerWorkerImpl.pollLoop(ConsumerWorkerImpl.java:53)
	at java.base/java.lang.Thread.run(Thread.java:1583)
11:47:51.869 [Thread-4] ERROR com.charlessun.javaplcadapter.worker.impl.ConsumerWorkerImpl -- processingStrategy.process(record) 處理失敗: Processing failed
java.lang.RuntimeException: Processing failed
	at com.charlessun.javaplcadapter.worker.impl.ConsumerWorkerImpl.pollLoop(ConsumerWorkerImpl.java:53)
	at java.base/java.lang.Thread.run(Thread.java:1583)
11:47:51.869 [Thread-4] ERROR com.charlessun.javaplcadapter.worker.impl.ConsumerWorkerImpl -- processingStrategy.process(record) 處理失敗: Processing failed
java.lang.RuntimeException: Processing failed
	at com.charlessun.javaplcadapter.worker.impl.ConsumerWorkerImpl.pollLoop(ConsumerWorkerImpl.java:53)
	at java.base/java.lang.Thread.run(Thread.java:1583)
11:47:51.870 [Thread-4] ERROR com.charlessun.javaplcadapter.worker.impl.ConsumerWorkerImpl -- processingStrategy.process(record) 處理失敗: Processing failed
java.lang.RuntimeException: Processing failed
	at com.charlessun.javaplcadapter.worker.impl.ConsumerWorkerImpl.pollLoop(ConsumerWorkerImpl.java:53)
	at java.base/java.lang.Thread.run(Thread.java:1583)
11:47:51.870 [Thread-4] ERROR com.charlessun.javaplcadapter.worker.impl.ConsumerWorkerImpl -- processingStrategy.process(record) 處理失敗: Processing failed
java.lang.RuntimeException: Processing failed
	at com.charlessun.javaplcadapter.worker.impl.ConsumerWorkerImpl.pollLoop(ConsumerWorkerImpl.java:53)
	at java.base/java.lang.Thread.run(Thread.java:1583)
11:47:51.870 [Thread-4] ERROR com.charlessun.javaplcadapter.worker.impl.ConsumerWorkerImpl -- processingStrategy.process(record) 處理失敗: Processing failed
java.lang.RuntimeException: Processing failed
	at com.charlessun.javaplcadapter.worker.impl.ConsumerWorkerImpl.pollLoop(ConsumerWorkerImpl.java:53)
	at java.base/java.lang.Thread.run(Thread.java:1583)
11:47:51.870 [Thread-4] ERROR com.charlessun.javaplcadapter.worker.impl.ConsumerWorkerImpl -- processingStrategy.process(record) 處理失敗: Processing failed
java.lang.RuntimeException: Processing failed
	at com.charlessun.javaplcadapter.worker.impl.ConsumerWorkerImpl.pollLoop(ConsumerWorkerImpl.java:53)
	at java.base/java.lang.Thread.run(Thread.java:1583)
11:47:51.871 [Thread-4] ERROR com.charlessun.javaplcadapter.worker.impl.ConsumerWorkerImpl -- processingStrategy.process(record) 處理失敗: Processing failed
java.lang.RuntimeException: Processing failed
	at com.charlessun.javaplcadapter.worker.impl.ConsumerWorkerImpl.pollLoop(ConsumerWorkerImpl.java:53)
	at java.base/java.lang.Thread.run(Thread.java:1583)
11:47:51.871 [Thread-4] ERROR com.charlessun.javaplcadapter.worker.impl.ConsumerWorkerImpl -- processingStrategy.process(record) 處理失敗: Processing failed
java.lang.RuntimeException: Processing failed
	at com.charlessun.javaplcadapter.worker.impl.ConsumerWorkerImpl.pollLoop(ConsumerWorkerImpl.java:53)
	at java.base/java.lang.Thread.run(Thread.java:1583)
11:47:51.871 [Thread-4] ERROR com.charlessun.javaplcadapter.worker.impl.ConsumerWorkerImpl -- processingStrategy.process(record) 處理失敗: Processing failed
java.lang.RuntimeException: Processing failed
	at com.charlessun.javaplcadapter.worker.impl.ConsumerWorkerImpl.pollLoop(ConsumerWorkerImpl.java:53)
	at java.base/java.lang.Thread.run(Thread.java:1583)
11:47:51.872 [Thread-4] ERROR com.charlessun.javaplcadapter.worker.impl.ConsumerWorkerImpl -- processingStrategy.process(record) 處理失敗: Processing failed
java.lang.RuntimeException: Processing failed
	at com.charlessun.javaplcadapter.worker.impl.ConsumerWorkerImpl.pollLoop(ConsumerWorkerImpl.java:53)
	at java.base/java.lang.Thread.run(Thread.java:1583)
11:47:51.872 [Thread-4] ERROR com.charlessun.javaplcadapter.worker.impl.ConsumerWorkerImpl -- processingStrategy.process(record) 處理失敗: Processing failed
java.lang.RuntimeException: Processing failed
	at com.charlessun.javaplcadapter.worker.impl.ConsumerWorkerImpl.pollLoop(ConsumerWorkerImpl.java:53)
	at java.base/java.lang.Thread.run(Thread.java:1583)
11:47:51.872 [Thread-4] ERROR com.charlessun.javaplcadapter.worker.impl.ConsumerWorkerImpl -- processingStrategy.process(record) 處理失敗: Processing failed
java.lang.RuntimeException: Processing failed
	at com.charlessun.javaplcadapter.worker.impl.ConsumerWorkerImpl.pollLoop(ConsumerWorkerImpl.java:53)
	at java.base/java.lang.Thread.run(Thread.java:1583)
11:47:51.873 [Thread-4] ERROR com.charlessun.javaplcadapter.worker.impl.ConsumerWorkerImpl -- processingStrategy.process(record) 處理失敗: Processing failed
java.lang.RuntimeException: Processing failed
	at com.charlessun.javaplcadapter.worker.impl.ConsumerWorkerImpl.pollLoop(ConsumerWorkerImpl.java:53)
	at java.base/java.lang.Thread.run(Thread.java:1583)
11:47:51.873 [Thread-4] ERROR com.charlessun.javaplcadapter.worker.impl.ConsumerWorkerImpl -- processingStrategy.process(record) 處理失敗: Processing failed
java.lang.RuntimeException: Processing failed
	at com.charlessun.javaplcadapter.worker.impl.ConsumerWorkerImpl.pollLoop(ConsumerWorkerImpl.java:53)
	at java.base/java.lang.Thread.run(Thread.java:1583)
11:47:51.873 [Thread-4] ERROR com.charlessun.javaplcadapter.worker.impl.ConsumerWorkerImpl -- processingStrategy.process(record) 處理失敗: Processing failed
java.lang.RuntimeException: Processing failed
	at com.charlessun.javaplcadapter.worker.impl.ConsumerWorkerImpl.pollLoop(ConsumerWorkerImpl.java:53)
	at java.base/java.lang.Thread.run(Thread.java:1583)
11:47:51.873 [Thread-4] ERROR com.charlessun.javaplcadapter.worker.impl.ConsumerWorkerImpl -- processingStrategy.process(record) 處理失敗: Processing failed
java.lang.RuntimeException: Processing failed
	at com.charlessun.javaplcadapter.worker.impl.ConsumerWorkerImpl.pollLoop(ConsumerWorkerImpl.java:53)
	at java.base/java.lang.Thread.run(Thread.java:1583)
11:47:51.874 [Thread-4] ERROR com.charlessun.javaplcadapter.worker.impl.ConsumerWorkerImpl -- processingStrategy.process(record) 處理失敗: Processing failed
java.lang.RuntimeException: Processing failed
	at com.charlessun.javaplcadapter.worker.impl.ConsumerWorkerImpl.pollLoop(ConsumerWorkerImpl.java:53)
	at java.base/java.lang.Thread.run(Thread.java:1583)
11:47:51.874 [Thread-4] ERROR com.charlessun.javaplcadapter.worker.impl.ConsumerWorkerImpl -- processingStrategy.process(record) 處理失敗: Processing failed
java.lang.RuntimeException: Processing failed
	at com.charlessun.javaplcadapter.worker.impl.ConsumerWorkerImpl.pollLoop(ConsumerWorkerImpl.java:53)
	at java.base/java.lang.Thread.run(Thread.java:1583)
11:47:51.874 [Thread-4] ERROR com.charlessun.javaplcadapter.worker.impl.ConsumerWorkerImpl -- processingStrategy.process(record) 處理失敗: Processing failed
java.lang.RuntimeException: Processing failed
	at com.charlessun.javaplcadapter.worker.impl.ConsumerWorkerImpl.pollLoop(ConsumerWorkerImpl.java:53)
	at java.base/java.lang.Thread.run(Thread.java:1583)
11:47:51.874 [Thread-4] ERROR com.charlessun.javaplcadapter.worker.impl.ConsumerWorkerImpl -- processingStrategy.process(record) 處理失敗: Processing failed
java.lang.RuntimeException: Processing failed
	at com.charlessun.javaplcadapter.worker.impl.ConsumerWorkerImpl.pollLoop(ConsumerWorkerImpl.java:53)
	at java.base/java.lang.Thread.run(Thread.java:1583)
11:47:51.874 [Thread-4] ERROR com.charlessun.javaplcadapter.worker.impl.ConsumerWorkerImpl -- processingStrategy.process(record) 處理失敗: Processing failed
java.lang.RuntimeException: Processing failed
	at com.charlessun.javaplcadapter.worker.impl.ConsumerWorkerImpl.pollLoop(ConsumerWorkerImpl.java:53)
	at java.base/java.lang.Thread.run(Thread.java:1583)
11:47:51.874 [Thread-4] ERROR com.charlessun.javaplcadapter.worker.impl.ConsumerWorkerImpl -- processingStrategy.process(record) 處理失敗: Processing failed
java.lang.RuntimeException: Processing failed
	at com.charlessun.javaplcadapter.worker.impl.ConsumerWorkerImpl.pollLoop(ConsumerWorkerImpl.java:53)
	at java.base/java.lang.Thread.run(Thread.java:1583)
11:47:51.875 [Thread-4] ERROR com.charlessun.javaplcadapter.worker.impl.ConsumerWorkerImpl -- processingStrategy.process(record) 處理失敗: Processing failed
java.lang.RuntimeException: Processing failed
	at com.charlessun.javaplcadapter.worker.impl.ConsumerWorkerImpl.pollLoop(ConsumerWorkerImpl.java:53)
	at java.base/java.lang.Thread.run(Thread.java:1583)
11:47:51.875 [Thread-4] ERROR com.charlessun.javaplcadapter.worker.impl.ConsumerWorkerImpl -- processingStrategy.process(record) 處理失敗: Processing failed
java.lang.RuntimeException: Processing failed
	at com.charlessun.javaplcadapter.worker.impl.ConsumerWorkerImpl.pollLoop(ConsumerWorkerImpl.java:53)
	at java.base/java.lang.Thread.run(Thread.java:1583)
11:47:51.875 [Thread-4] ERROR com.charlessun.javaplcadapter.worker.impl.ConsumerWorkerImpl -- processingStrategy.process(record) 處理失敗: Processing failed
java.lang.RuntimeException: Processing failed
	at com.charlessun.javaplcadapter.worker.impl.ConsumerWorkerImpl.pollLoop(ConsumerWorkerImpl.java:53)
	at java.base/java.lang.Thread.run(Thread.java:1583)
11:47:51.875 [Thread-4] ERROR com.charlessun.javaplcadapter.worker.impl.ConsumerWorkerImpl -- processingStrategy.process(record) 處理失敗: Processing failed
java.lang.RuntimeException: Processing failed
	at com.charlessun.javaplcadapter.worker.impl.ConsumerWorkerImpl.pollLoop(ConsumerWorkerImpl.java:53)
	at java.base/java.lang.Thread.run(Thread.java:1583)
11:47:51.875 [Thread-4] ERROR com.charlessun.javaplcadapter.worker.impl.ConsumerWorkerImpl -- processingStrategy.process(record) 處理失敗: Processing failed
java.lang.RuntimeException: Processing failed
	at com.charlessun.javaplcadapter.worker.impl.ConsumerWorkerImpl.pollLoop(ConsumerWorkerImpl.java:53)
	at java.base/java.lang.Thread.run(Thread.java:1583)
11:47:51.876 [Thread-4] ERROR com.charlessun.javaplcadapter.worker.impl.ConsumerWorkerImpl -- processingStrategy.process(record) 處理失敗: Processing failed
java.lang.RuntimeException: Processing failed
	at com.charlessun.javaplcadapter.worker.impl.ConsumerWorkerImpl.pollLoop(ConsumerWorkerImpl.java:53)
	at java.base/java.lang.Thread.run(Thread.java:1583)
11:47:51.876 [Thread-4] ERROR com.charlessun.javaplcadapter.worker.impl.ConsumerWorkerImpl -- processingStrategy.process(record) 處理失敗: Processing failed
java.lang.RuntimeException: Processing failed
	at com.charlessun.javaplcadapter.worker.impl.ConsumerWorkerImpl.pollLoop(ConsumerWorkerImpl.java:53)
	at java.base/java.lang.Thread.run(Thread.java:1583)
11:47:51.876 [Thread-4] ERROR com.charlessun.javaplcadapter.worker.impl.ConsumerWorkerImpl -- processingStrategy.process(record) 處理失敗: Processing failed
java.lang.RuntimeException: Processing failed
	at com.charlessun.javaplcadapter.worker.impl.ConsumerWorkerImpl.pollLoop(ConsumerWorkerImpl.java:53)
	at java.base/java.lang.Thread.run(Thread.java:1583)
11:47:51.876 [Thread-4] ERROR com.charlessun.javaplcadapter.worker.impl.ConsumerWorkerImpl -- processingStrategy.process(record) 處理失敗: Processing failed
java.lang.RuntimeException: Processing failed
	at com.charlessun.javaplcadapter.worker.impl.ConsumerWorkerImpl.pollLoop(ConsumerWorkerImpl.java:53)
	at java.base/java.lang.Thread.run(Thread.java:1583)
11:47:51.876 [Thread-4] ERROR com.charlessun.javaplcadapter.worker.impl.ConsumerWorkerImpl -- processingStrategy.process(record) 處理失敗: Processing failed
java.lang.RuntimeException: Processing failed
	at com.charlessun.javaplcadapter.worker.impl.ConsumerWorkerImpl.pollLoop(ConsumerWorkerImpl.java:53)
	at java.base/java.lang.Thread.run(Thread.java:1583)
11:47:51.876 [Thread-4] ERROR com.charlessun.javaplcadapter.worker.impl.ConsumerWorkerImpl -- processingStrategy.process(record) 處理失敗: Processing failed
java.lang.RuntimeException: Processing failed
	at com.charlessun.javaplcadapter.worker.impl.ConsumerWorkerImpl.pollLoop(ConsumerWorkerImpl.java:53)
	at java.base/java.lang.Thread.run(Thread.java:1583)
11:47:51.877 [Thread-4] ERROR com.charlessun.javaplcadapter.worker.impl.ConsumerWorkerImpl -- processingStrategy.process(record) 處理失敗: Processing failed
java.lang.RuntimeException: Processing failed
	at com.charlessun.javaplcadapter.worker.impl.ConsumerWorkerImpl.pollLoop(ConsumerWorkerImpl.java:53)
	at java.base/java.lang.Thread.run(Thread.java:1583)
11:47:51.877 [Thread-4] ERROR com.charlessun.javaplcadapter.worker.impl.ConsumerWorkerImpl -- processingStrategy.process(record) 處理失敗: Processing failed
java.lang.RuntimeException: Processing failed
	at com.charlessun.javaplcadapter.worker.impl.ConsumerWorkerImpl.pollLoop(ConsumerWorkerImpl.java:53)
	at java.base/java.lang.Thread.run(Thread.java:1583)
11:47:51.877 [Thread-4] ERROR com.charlessun.javaplcadapter.worker.impl.ConsumerWorkerImpl -- processingStrategy.process(record) 處理失敗: Processing failed
java.lang.RuntimeException: Processing failed
	at com.charlessun.javaplcadapter.worker.impl.ConsumerWorkerImpl.pollLoop(ConsumerWorkerImpl.java:53)
	at java.base/java.lang.Thread.run(Thread.java:1583)
11:47:51.878 [Thread-4] ERROR com.charlessun.javaplcadapter.worker.impl.ConsumerWorkerImpl -- processingStrategy.process(record) 處理失敗: Processing failed
java.lang.RuntimeException: Processing failed
	at com.charlessun.javaplcadapter.worker.impl.ConsumerWorkerImpl.pollLoop(ConsumerWorkerImpl.java:53)
	at java.base/java.lang.Thread.run(Thread.java:1583)
11:47:51.878 [Thread-4] ERROR com.charlessun.javaplcadapter.worker.impl.ConsumerWorkerImpl -- processingStrategy.process(record) 處理失敗: Processing failed
java.lang.RuntimeException: Processing failed
	at com.charlessun.javaplcadapter.worker.impl.ConsumerWorkerImpl.pollLoop(ConsumerWorkerImpl.java:53)
	at java.base/java.lang.Thread.run(Thread.java:1583)
11:47:51.878 [Thread-4] ERROR com.charlessun.javaplcadapter.worker.impl.ConsumerWorkerImpl -- processingStrategy.process(record) 處理失敗: Processing failed
java.lang.RuntimeException: Processing failed
	at com.charlessun.javaplcadapter.worker.impl.ConsumerWorkerImpl.pollLoop(ConsumerWorkerImpl.java:53)
	at java.base/java.lang.Thread.run(Thread.java:1583)
11:47:51.878 [Thread-4] ERROR com.charlessun.javaplcadapter.worker.impl.ConsumerWorkerImpl -- processingStrategy.process(record) 處理失敗: Processing failed
java.lang.RuntimeException: Processing failed
	at com.charlessun.javaplcadapter.worker.impl.ConsumerWorkerImpl.pollLoop(ConsumerWorkerImpl.java:53)
	at java.base/java.lang.Thread.run(Thread.java:1583)
11:47:51.879 [Thread-4] ERROR com.charlessun.javaplcadapter.worker.impl.ConsumerWorkerImpl -- processingStrategy.process(record) 處理失敗: Processing failed
java.lang.RuntimeException: Processing failed
	at com.charlessun.javaplcadapter.worker.impl.ConsumerWorkerImpl.pollLoop(ConsumerWorkerImpl.java:53)
	at java.base/java.lang.Thread.run(Thread.java:1583)
11:47:51.880 [Thread-4] ERROR com.charlessun.javaplcadapter.worker.impl.ConsumerWorkerImpl -- processingStrategy.process(record) 處理失敗: Processing failed
java.lang.RuntimeException: Processing failed
	at com.charlessun.javaplcadapter.worker.impl.ConsumerWorkerImpl.pollLoop(ConsumerWorkerImpl.java:53)
	at java.base/java.lang.Thread.run(Thread.java:1583)
11:47:51.880 [Thread-4] ERROR com.charlessun.javaplcadapter.worker.impl.ConsumerWorkerImpl -- processingStrategy.process(record) 處理失敗: Processing failed
java.lang.RuntimeException: Processing failed
	at com.charlessun.javaplcadapter.worker.impl.ConsumerWorkerImpl.pollLoop(ConsumerWorkerImpl.java:53)
	at java.base/java.lang.Thread.run(Thread.java:1583)
11:47:51.880 [Thread-4] ERROR com.charlessun.javaplcadapter.worker.impl.ConsumerWorkerImpl -- processingStrategy.process(record) 處理失敗: Processing failed
java.lang.RuntimeException: Processing failed
	at com.charlessun.javaplcadapter.worker.impl.ConsumerWorkerImpl.pollLoop(ConsumerWorkerImpl.java:53)
	at java.base/java.lang.Thread.run(Thread.java:1583)
11:47:51.880 [Thread-4] ERROR com.charlessun.javaplcadapter.worker.impl.ConsumerWorkerImpl -- processingStrategy.process(record) 處理失敗: Processing failed
java.lang.RuntimeException: Processing failed
	at com.charlessun.javaplcadapter.worker.impl.ConsumerWorkerImpl.pollLoop(ConsumerWorkerImpl.java:53)
	at java.base/java.lang.Thread.run(Thread.java:1583)
11:47:51.880 [Thread-4] ERROR com.charlessun.javaplcadapter.worker.impl.ConsumerWorkerImpl -- processingStrategy.process(record) 處理失敗: Processing failed
java.lang.RuntimeException: Processing failed
	at com.charlessun.javaplcadapter.worker.impl.ConsumerWorkerImpl.pollLoop(ConsumerWorkerImpl.java:53)
	at java.base/java.lang.Thread.run(Thread.java:1583)
11:47:51.881 [Thread-4] ERROR com.charlessun.javaplcadapter.worker.impl.ConsumerWorkerImpl -- processingStrategy.process(record) 處理失敗: Processing failed
java.lang.RuntimeException: Processing failed
	at com.charlessun.javaplcadapter.worker.impl.ConsumerWorkerImpl.pollLoop(ConsumerWorkerImpl.java:53)
	at java.base/java.lang.Thread.run(Thread.java:1583)
11:47:51.881 [Thread-4] ERROR com.charlessun.javaplcadapter.worker.impl.ConsumerWorkerImpl -- processingStrategy.process(record) 處理失敗: Processing failed
java.lang.RuntimeException: Processing failed
	at com.charlessun.javaplcadapter.worker.impl.ConsumerWorkerImpl.pollLoop(ConsumerWorkerImpl.java:53)
	at java.base/java.lang.Thread.run(Thread.java:1583)
11:47:51.881 [Thread-4] ERROR com.charlessun.javaplcadapter.worker.impl.ConsumerWorkerImpl -- processingStrategy.process(record) 處理失敗: Processing failed
java.lang.RuntimeException: Processing failed
	at com.charlessun.javaplcadapter.worker.impl.ConsumerWorkerImpl.pollLoop(ConsumerWorkerImpl.java:53)
	at java.base/java.lang.Thread.run(Thread.java:1583)
11:47:51.881 [Thread-4] ERROR com.charlessun.javaplcadapter.worker.impl.ConsumerWorkerImpl -- processingStrategy.process(record) 處理失敗: Processing failed
java.lang.RuntimeException: Processing failed
	at com.charlessun.javaplcadapter.worker.impl.ConsumerWorkerImpl.pollLoop(ConsumerWorkerImpl.java:53)
	at java.base/java.lang.Thread.run(Thread.java:1583)
11:47:51.881 [Thread-4] ERROR com.charlessun.javaplcadapter.worker.impl.ConsumerWorkerImpl -- processingStrategy.process(record) 處理失敗: Processing failed
java.lang.RuntimeException: Processing failed
	at com.charlessun.javaplcadapter.worker.impl.ConsumerWorkerImpl.pollLoop(ConsumerWorkerImpl.java:53)
	at java.base/java.lang.Thread.run(Thread.java:1583)
11:47:51.881 [Thread-4] ERROR com.charlessun.javaplcadapter.worker.impl.ConsumerWorkerImpl -- processingStrategy.process(record) 處理失敗: Processing failed
java.lang.RuntimeException: Processing failed
	at com.charlessun.javaplcadapter.worker.impl.ConsumerWorkerImpl.pollLoop(ConsumerWorkerImpl.java:53)
	at java.base/java.lang.Thread.run(Thread.java:1583)
11:47:51.882 [Thread-4] ERROR com.charlessun.javaplcadapter.worker.impl.ConsumerWorkerImpl -- processingStrategy.process(record) 處理失敗: Processing failed
java.lang.RuntimeException: Processing failed
	at com.charlessun.javaplcadapter.worker.impl.ConsumerWorkerImpl.pollLoop(ConsumerWorkerImpl.java:53)
	at java.base/java.lang.Thread.run(Thread.java:1583)
11:47:51.882 [Thread-4] ERROR com.charlessun.javaplcadapter.worker.impl.ConsumerWorkerImpl -- processingStrategy.process(record) 處理失敗: Processing failed
java.lang.RuntimeException: Processing failed
	at com.charlessun.javaplcadapter.worker.impl.ConsumerWorkerImpl.pollLoop(ConsumerWorkerImpl.java:53)
	at java.base/java.lang.Thread.run(Thread.java:1583)
11:47:51.882 [Thread-4] ERROR com.charlessun.javaplcadapter.worker.impl.ConsumerWorkerImpl -- processingStrategy.process(record) 處理失敗: Processing failed
java.lang.RuntimeException: Processing failed
	at com.charlessun.javaplcadapter.worker.impl.ConsumerWorkerImpl.pollLoop(ConsumerWorkerImpl.java:53)
	at java.base/java.lang.Thread.run(Thread.java:1583)
11:47:51.883 [Thread-4] ERROR com.charlessun.javaplcadapter.worker.impl.ConsumerWorkerImpl -- processingStrategy.process(record) 處理失敗: Processing failed
java.lang.RuntimeException: Processing failed
	at com.charlessun.javaplcadapter.worker.impl.ConsumerWorkerImpl.pollLoop(ConsumerWorkerImpl.java:53)
	at java.base/java.lang.Thread.run(Thread.java:1583)
11:47:51.883 [Thread-4] ERROR com.charlessun.javaplcadapter.worker.impl.ConsumerWorkerImpl -- processingStrategy.process(record) 處理失敗: Processing failed
java.lang.RuntimeException: Processing failed
	at com.charlessun.javaplcadapter.worker.impl.ConsumerWorkerImpl.pollLoop(ConsumerWorkerImpl.java:53)
	at java.base/java.lang.Thread.run(Thread.java:1583)
11:47:51.883 [Thread-4] ERROR com.charlessun.javaplcadapter.worker.impl.ConsumerWorkerImpl -- processingStrategy.process(record) 處理失敗: Processing failed
java.lang.RuntimeException: Processing failed
	at com.charlessun.javaplcadapter.worker.impl.ConsumerWorkerImpl.pollLoop(ConsumerWorkerImpl.java:53)
	at java.base/java.lang.Thread.run(Thread.java:1583)
11:47:51.883 [Thread-4] ERROR com.charlessun.javaplcadapter.worker.impl.ConsumerWorkerImpl -- processingStrategy.process(record) 處理失敗: Processing failed
java.lang.RuntimeException: Processing failed
	at com.charlessun.javaplcadapter.worker.impl.ConsumerWorkerImpl.pollLoop(ConsumerWorkerImpl.java:53)
	at java.base/java.lang.Thread.run(Thread.java:1583)
11:47:51.884 [Thread-4] ERROR com.charlessun.javaplcadapter.worker.impl.ConsumerWorkerImpl -- processingStrategy.process(record) 處理失敗: Processing failed
java.lang.RuntimeException: Processing failed
	at com.charlessun.javaplcadapter.worker.impl.ConsumerWorkerImpl.pollLoop(ConsumerWorkerImpl.java:53)
	at java.base/java.lang.Thread.run(Thread.java:1583)
11:47:51.884 [Thread-4] ERROR com.charlessun.javaplcadapter.worker.impl.ConsumerWorkerImpl -- processingStrategy.process(record) 處理失敗: Processing failed
java.lang.RuntimeException: Processing failed
	at com.charlessun.javaplcadapter.worker.impl.ConsumerWorkerImpl.pollLoop(ConsumerWorkerImpl.java:53)
	at java.base/java.lang.Thread.run(Thread.java:1583)
11:47:51.884 [Thread-4] ERROR com.charlessun.javaplcadapter.worker.impl.ConsumerWorkerImpl -- processingStrategy.process(record) 處理失敗: Processing failed
java.lang.RuntimeException: Processing failed
	at com.charlessun.javaplcadapter.worker.impl.ConsumerWorkerImpl.pollLoop(ConsumerWorkerImpl.java:53)
	at java.base/java.lang.Thread.run(Thread.java:1583)
11:47:51.884 [Thread-4] ERROR com.charlessun.javaplcadapter.worker.impl.ConsumerWorkerImpl -- processingStrategy.process(record) 處理失敗: Processing failed
java.lang.RuntimeException: Processing failed
	at com.charlessun.javaplcadapter.worker.impl.ConsumerWorkerImpl.pollLoop(ConsumerWorkerImpl.java:53)
	at java.base/java.lang.Thread.run(Thread.java:1583)
11:47:51.884 [Thread-4] ERROR com.charlessun.javaplcadapter.worker.impl.ConsumerWorkerImpl -- processingStrategy.process(record) 處理失敗: Processing failed
java.lang.RuntimeException: Processing failed
	at com.charlessun.javaplcadapter.worker.impl.ConsumerWorkerImpl.pollLoop(ConsumerWorkerImpl.java:53)
	at java.base/java.lang.Thread.run(Thread.java:1583)
11:47:51.884 [Thread-4] ERROR com.charlessun.javaplcadapter.worker.impl.ConsumerWorkerImpl -- processingStrategy.process(record) 處理失敗: Processing failed
java.lang.RuntimeException: Processing failed
	at com.charlessun.javaplcadapter.worker.impl.ConsumerWorkerImpl.pollLoop(ConsumerWorkerImpl.java:53)
	at java.base/java.lang.Thread.run(Thread.java:1583)
11:47:51.885 [Thread-4] ERROR com.charlessun.javaplcadapter.worker.impl.ConsumerWorkerImpl -- processingStrategy.process(record) 處理失敗: Processing failed
java.lang.RuntimeException: Processing failed
	at com.charlessun.javaplcadapter.worker.impl.ConsumerWorkerImpl.pollLoop(ConsumerWorkerImpl.java:53)
	at java.base/java.lang.Thread.run(Thread.java:1583)
11:47:51.885 [Thread-4] ERROR com.charlessun.javaplcadapter.worker.impl.ConsumerWorkerImpl -- processingStrategy.process(record) 處理失敗: Processing failed
java.lang.RuntimeException: Processing failed
	at com.charlessun.javaplcadapter.worker.impl.ConsumerWorkerImpl.pollLoop(ConsumerWorkerImpl.java:53)
	at java.base/java.lang.Thread.run(Thread.java:1583)
11:47:51.885 [Thread-4] ERROR com.charlessun.javaplcadapter.worker.impl.ConsumerWorkerImpl -- processingStrategy.process(record) 處理失敗: Processing failed
java.lang.RuntimeException: Processing failed
	at com.charlessun.javaplcadapter.worker.impl.ConsumerWorkerImpl.pollLoop(ConsumerWorkerImpl.java:53)
	at java.base/java.lang.Thread.run(Thread.java:1583)
11:47:51.885 [Thread-4] ERROR com.charlessun.javaplcadapter.worker.impl.ConsumerWorkerImpl -- processingStrategy.process(record) 處理失敗: Processing failed
java.lang.RuntimeException: Processing failed
	at com.charlessun.javaplcadapter.worker.impl.ConsumerWorkerImpl.pollLoop(ConsumerWorkerImpl.java:53)
	at java.base/java.lang.Thread.run(Thread.java:1583)
11:47:51.885 [Thread-4] ERROR com.charlessun.javaplcadapter.worker.impl.ConsumerWorkerImpl -- processingStrategy.process(record) 處理失敗: Processing failed
java.lang.RuntimeException: Processing failed
	at com.charlessun.javaplcadapter.worker.impl.ConsumerWorkerImpl.pollLoop(ConsumerWorkerImpl.java:53)
	at java.base/java.lang.Thread.run(Thread.java:1583)
11:47:51.886 [Thread-4] ERROR com.charlessun.javaplcadapter.worker.impl.ConsumerWorkerImpl -- processingStrategy.process(record) 處理失敗: Processing failed
java.lang.RuntimeException: Processing failed
	at com.charlessun.javaplcadapter.worker.impl.ConsumerWorkerImpl.pollLoop(ConsumerWorkerImpl.java:53)
	at java.base/java.lang.Thread.run(Thread.java:1583)
11:47:51.886 [Thread-4] ERROR com.charlessun.javaplcadapter.worker.impl.ConsumerWorkerImpl -- processingStrategy.process(record) 處理失敗: Processing failed
java.lang.RuntimeException: Processing failed
	at com.charlessun.javaplcadapter.worker.impl.ConsumerWorkerImpl.pollLoop(ConsumerWorkerImpl.java:53)
	at java.base/java.lang.Thread.run(Thread.java:1583)
11:47:51.886 [Thread-4] ERROR com.charlessun.javaplcadapter.worker.impl.ConsumerWorkerImpl -- processingStrategy.process(record) 處理失敗: Processing failed
java.lang.RuntimeException: Processing failed
	at com.charlessun.javaplcadapter.worker.impl.ConsumerWorkerImpl.pollLoop(ConsumerWorkerImpl.java:53)
	at java.base/java.lang.Thread.run(Thread.java:1583)
11:47:51.886 [Thread-4] ERROR com.charlessun.javaplcadapter.worker.impl.ConsumerWorkerImpl -- processingStrategy.process(record) 處理失敗: Processing failed
java.lang.RuntimeException: Processing failed
	at com.charlessun.javaplcadapter.worker.impl.ConsumerWorkerImpl.pollLoop(ConsumerWorkerImpl.java:53)
	at java.base/java.lang.Thread.run(Thread.java:1583)
11:47:51.886 [Thread-4] ERROR com.charlessun.javaplcadapter.worker.impl.ConsumerWorkerImpl -- processingStrategy.process(record) 處理失敗: Processing failed
java.lang.RuntimeException: Processing failed
	at com.charlessun.javaplcadapter.worker.impl.ConsumerWorkerImpl.pollLoop(ConsumerWorkerImpl.java:53)
	at java.base/java.lang.Thread.run(Thread.java:1583)
11:47:51.886 [Thread-4] ERROR com.charlessun.javaplcadapter.worker.impl.ConsumerWorkerImpl -- processingStrategy.process(record) 處理失敗: Processing failed
java.lang.RuntimeException: Processing failed
	at com.charlessun.javaplcadapter.worker.impl.ConsumerWorkerImpl.pollLoop(ConsumerWorkerImpl.java:53)
	at java.base/java.lang.Thread.run(Thread.java:1583)
11:47:51.887 [Thread-4] ERROR com.charlessun.javaplcadapter.worker.impl.ConsumerWorkerImpl -- processingStrategy.process(record) 處理失敗: Processing failed
java.lang.RuntimeException: Processing failed
	at com.charlessun.javaplcadapter.worker.impl.ConsumerWorkerImpl.pollLoop(ConsumerWorkerImpl.java:53)
	at java.base/java.lang.Thread.run(Thread.java:1583)
11:47:51.887 [Thread-4] ERROR com.charlessun.javaplcadapter.worker.impl.ConsumerWorkerImpl -- processingStrategy.process(record) 處理失敗: Processing failed
java.lang.RuntimeException: Processing failed
	at com.charlessun.javaplcadapter.worker.impl.ConsumerWorkerImpl.pollLoop(ConsumerWorkerImpl.java:53)
	at java.base/java.lang.Thread.run(Thread.java:1583)
11:47:51.887 [Thread-4] ERROR com.charlessun.javaplcadapter.worker.impl.ConsumerWorkerImpl -- processingStrategy.process(record) 處理失敗: Processing failed
java.lang.RuntimeException: Processing failed
	at com.charlessun.javaplcadapter.worker.impl.ConsumerWorkerImpl.pollLoop(ConsumerWorkerImpl.java:53)
	at java.base/java.lang.Thread.run(Thread.java:1583)
11:47:51.887 [Thread-4] ERROR com.charlessun.javaplcadapter.worker.impl.ConsumerWorkerImpl -- processingStrategy.process(record) 處理失敗: Processing failed
java.lang.RuntimeException: Processing failed
	at com.charlessun.javaplcadapter.worker.impl.ConsumerWorkerImpl.pollLoop(ConsumerWorkerImpl.java:53)
	at java.base/java.lang.Thread.run(Thread.java:1583)
11:47:51.887 [Thread-4] ERROR com.charlessun.javaplcadapter.worker.impl.ConsumerWorkerImpl -- processingStrategy.process(record) 處理失敗: Processing failed
java.lang.RuntimeException: Processing failed
	at com.charlessun.javaplcadapter.worker.impl.ConsumerWorkerImpl.pollLoop(ConsumerWorkerImpl.java:53)
	at java.base/java.lang.Thread.run(Thread.java:1583)
11:47:51.887 [Thread-4] ERROR com.charlessun.javaplcadapter.worker.impl.ConsumerWorkerImpl -- processingStrategy.process(record) 處理失敗: Processing failed
java.lang.RuntimeException: Processing failed
	at com.charlessun.javaplcadapter.worker.impl.ConsumerWorkerImpl.pollLoop(ConsumerWorkerImpl.java:53)
	at java.base/java.lang.Thread.run(Thread.java:1583)
11:47:51.887 [Thread-4] ERROR com.charlessun.javaplcadapter.worker.impl.ConsumerWorkerImpl -- processingStrategy.process(record) 處理失敗: Processing failed
java.lang.RuntimeException: Processing failed
	at com.charlessun.javaplcadapter.worker.impl.ConsumerWorkerImpl.pollLoop(ConsumerWorkerImpl.java:53)
	at java.base/java.lang.Thread.run(Thread.java:1583)
11:47:51.888 [Thread-4] ERROR com.charlessun.javaplcadapter.worker.impl.ConsumerWorkerImpl -- processingStrategy.process(record) 處理失敗: Processing failed
java.lang.RuntimeException: Processing failed
	at com.charlessun.javaplcadapter.worker.impl.ConsumerWorkerImpl.pollLoop(ConsumerWorkerImpl.java:53)
	at java.base/java.lang.Thread.run(Thread.java:1583)
11:47:51.888 [Thread-4] ERROR com.charlessun.javaplcadapter.worker.impl.ConsumerWorkerImpl -- processingStrategy.process(record) 處理失敗: Processing failed
java.lang.RuntimeException: Processing failed
	at com.charlessun.javaplcadapter.worker.impl.ConsumerWorkerImpl.pollLoop(ConsumerWorkerImpl.java:53)
	at java.base/java.lang.Thread.run(Thread.java:1583)
11:47:51.888 [Thread-4] ERROR com.charlessun.javaplcadapter.worker.impl.ConsumerWorkerImpl -- processingStrategy.process(record) 處理失敗: Processing failed
java.lang.RuntimeException: Processing failed
	at com.charlessun.javaplcadapter.worker.impl.ConsumerWorkerImpl.pollLoop(ConsumerWorkerImpl.java:53)
	at java.base/java.lang.Thread.run(Thread.java:1583)
11:47:51.888 [Thread-4] ERROR com.charlessun.javaplcadapter.worker.impl.ConsumerWorkerImpl -- processingStrategy.process(record) 處理失敗: Processing failed
java.lang.RuntimeException: Processing failed
	at com.charlessun.javaplcadapter.worker.impl.ConsumerWorkerImpl.pollLoop(ConsumerWorkerImpl.java:53)
	at java.base/java.lang.Thread.run(Thread.java:1583)
11:47:51.888 [Thread-4] ERROR com.charlessun.javaplcadapter.worker.impl.ConsumerWorkerImpl -- processingStrategy.process(record) 處理失敗: Processing failed
java.lang.RuntimeException: Processing failed
	at com.charlessun.javaplcadapter.worker.impl.ConsumerWorkerImpl.pollLoop(ConsumerWorkerImpl.java:53)
	at java.base/java.lang.Thread.run(Thread.java:1583)
11:47:51.888 [Thread-4] ERROR com.charlessun.javaplcadapter.worker.impl.ConsumerWorkerImpl -- processingStrategy.process(record) 處理失敗: Processing failed
java.lang.RuntimeException: Processing failed
	at com.charlessun.javaplcadapter.worker.impl.ConsumerWorkerImpl.pollLoop(ConsumerWorkerImpl.java:53)
	at java.base/java.lang.Thread.run(Thread.java:1583)
11:47:51.889 [Thread-4] ERROR com.charlessun.javaplcadapter.worker.impl.ConsumerWorkerImpl -- processingStrategy.process(record) 處理失敗: Processing failed
java.lang.RuntimeException: Processing failed
	at com.charlessun.javaplcadapter.worker.impl.ConsumerWorkerImpl.pollLoop(ConsumerWorkerImpl.java:53)
	at java.base/java.lang.Thread.run(Thread.java:1583)
11:47:51.889 [Thread-4] ERROR com.charlessun.javaplcadapter.worker.impl.ConsumerWorkerImpl -- processingStrategy.process(record) 處理失敗: Processing failed
java.lang.RuntimeException: Processing failed
	at com.charlessun.javaplcadapter.worker.impl.ConsumerWorkerImpl.pollLoop(ConsumerWorkerImpl.java:53)
	at java.base/java.lang.Thread.run(Thread.java:1583)
11:47:51.889 [Thread-4] ERROR com.charlessun.javaplcadapter.worker.impl.ConsumerWorkerImpl -- processingStrategy.process(record) 處理失敗: Processing failed
java.lang.RuntimeException: Processing failed
	at com.charlessun.javaplcadapter.worker.impl.ConsumerWorkerImpl.pollLoop(ConsumerWorkerImpl.java:53)
	at java.base/java.lang.Thread.run(Thread.java:1583)
11:47:51.889 [Thread-4] ERROR com.charlessun.javaplcadapter.worker.impl.ConsumerWorkerImpl -- processingStrategy.process(record) 處理失敗: Processing failed
java.lang.RuntimeException: Processing failed
	at com.charlessun.javaplcadapter.worker.impl.ConsumerWorkerImpl.pollLoop(ConsumerWorkerImpl.java:53)
	at java.base/java.lang.Thread.run(Thread.java:1583)
11:47:51.890 [Thread-4] ERROR com.charlessun.javaplcadapter.worker.impl.ConsumerWorkerImpl -- processingStrategy.process(record) 處理失敗: Processing failed
java.lang.RuntimeException: Processing failed
	at com.charlessun.javaplcadapter.worker.impl.ConsumerWorkerImpl.pollLoop(ConsumerWorkerImpl.java:53)
	at java.base/java.lang.Thread.run(Thread.java:1583)
11:47:51.890 [Thread-4] ERROR com.charlessun.javaplcadapter.worker.impl.ConsumerWorkerImpl -- processingStrategy.process(record) 處理失敗: Processing failed
java.lang.RuntimeException: Processing failed
	at com.charlessun.javaplcadapter.worker.impl.ConsumerWorkerImpl.pollLoop(ConsumerWorkerImpl.java:53)
	at java.base/java.lang.Thread.run(Thread.java:1583)
11:47:51.890 [Thread-4] ERROR com.charlessun.javaplcadapter.worker.impl.ConsumerWorkerImpl -- processingStrategy.process(record) 處理失敗: Processing failed
java.lang.RuntimeException: Processing failed
	at com.charlessun.javaplcadapter.worker.impl.ConsumerWorkerImpl.pollLoop(ConsumerWorkerImpl.java:53)
	at java.base/java.lang.Thread.run(Thread.java:1583)
11:47:51.890 [Thread-4] ERROR com.charlessun.javaplcadapter.worker.impl.ConsumerWorkerImpl -- processingStrategy.process(record) 處理失敗: Processing failed
java.lang.RuntimeException: Processing failed
	at com.charlessun.javaplcadapter.worker.impl.ConsumerWorkerImpl.pollLoop(ConsumerWorkerImpl.java:53)
	at java.base/java.lang.Thread.run(Thread.java:1583)
11:47:51.890 [Thread-4] ERROR com.charlessun.javaplcadapter.worker.impl.ConsumerWorkerImpl -- processingStrategy.process(record) 處理失敗: Processing failed
java.lang.RuntimeException: Processing failed
	at com.charlessun.javaplcadapter.worker.impl.ConsumerWorkerImpl.pollLoop(ConsumerWorkerImpl.java:53)
	at java.base/java.lang.Thread.run(Thread.java:1583)
11:47:51.890 [Thread-4] ERROR com.charlessun.javaplcadapter.worker.impl.ConsumerWorkerImpl -- processingStrategy.process(record) 處理失敗: Processing failed
java.lang.RuntimeException: Processing failed
	at com.charlessun.javaplcadapter.worker.impl.ConsumerWorkerImpl.pollLoop(ConsumerWorkerImpl.java:53)
	at java.base/java.lang.Thread.run(Thread.java:1583)
11:47:51.890 [Thread-4] ERROR com.charlessun.javaplcadapter.worker.impl.ConsumerWorkerImpl -- processingStrategy.process(record) 處理失敗: Processing failed
java.lang.RuntimeException: Processing failed
	at com.charlessun.javaplcadapter.worker.impl.ConsumerWorkerImpl.pollLoop(ConsumerWorkerImpl.java:53)
	at java.base/java.lang.Thread.run(Thread.java:1583)
11:47:51.890 [Thread-4] ERROR com.charlessun.javaplcadapter.worker.impl.ConsumerWorkerImpl -- processingStrategy.process(record) 處理失敗: Processing failed
java.lang.RuntimeException: Processing failed
	at com.charlessun.javaplcadapter.worker.impl.ConsumerWorkerImpl.pollLoop(ConsumerWorkerImpl.java:53)
	at java.base/java.lang.Thread.run(Thread.java:1583)
11:47:51.890 [Thread-4] ERROR com.charlessun.javaplcadapter.worker.impl.ConsumerWorkerImpl -- processingStrategy.process(record) 處理失敗: Processing failed
java.lang.RuntimeException: Processing failed
	at com.charlessun.javaplcadapter.worker.impl.ConsumerWorkerImpl.pollLoop(ConsumerWorkerImpl.java:53)
	at java.base/java.lang.Thread.run(Thread.java:1583)
11:47:51.891 [Thread-4] ERROR com.charlessun.javaplcadapter.worker.impl.ConsumerWorkerImpl -- processingStrategy.process(record) 處理失敗: Processing failed
java.lang.RuntimeException: Processing failed
	at com.charlessun.javaplcadapter.worker.impl.ConsumerWorkerImpl.pollLoop(ConsumerWorkerImpl.java:53)
	at java.base/java.lang.Thread.run(Thread.java:1583)
11:47:51.891 [Thread-4] ERROR com.charlessun.javaplcadapter.worker.impl.ConsumerWorkerImpl -- processingStrategy.process(record) 處理失敗: Processing failed
java.lang.RuntimeException: Processing failed
	at com.charlessun.javaplcadapter.worker.impl.ConsumerWorkerImpl.pollLoop(ConsumerWorkerImpl.java:53)
	at java.base/java.lang.Thread.run(Thread.java:1583)
11:47:51.891 [Thread-4] ERROR com.charlessun.javaplcadapter.worker.impl.ConsumerWorkerImpl -- processingStrategy.process(record) 處理失敗: Processing failed
java.lang.RuntimeException: Processing failed
	at com.charlessun.javaplcadapter.worker.impl.ConsumerWorkerImpl.pollLoop(ConsumerWorkerImpl.java:53)
	at java.base/java.lang.Thread.run(Thread.java:1583)
11:47:51.891 [Thread-4] ERROR com.charlessun.javaplcadapter.worker.impl.ConsumerWorkerImpl -- processingStrategy.process(record) 處理失敗: Processing failed
java.lang.RuntimeException: Processing failed
	at com.charlessun.javaplcadapter.worker.impl.ConsumerWorkerImpl.pollLoop(ConsumerWorkerImpl.java:53)
	at java.base/java.lang.Thread.run(Thread.java:1583)
11:47:51.891 [Thread-4] ERROR com.charlessun.javaplcadapter.worker.impl.ConsumerWorkerImpl -- processingStrategy.process(record) 處理失敗: Processing failed
java.lang.RuntimeException: Processing failed
	at com.charlessun.javaplcadapter.worker.impl.ConsumerWorkerImpl.pollLoop(ConsumerWorkerImpl.java:53)
	at java.base/java.lang.Thread.run(Thread.java:1583)
11:47:51.891 [Thread-4] ERROR com.charlessun.javaplcadapter.worker.impl.ConsumerWorkerImpl -- processingStrategy.process(record) 處理失敗: Processing failed
java.lang.RuntimeException: Processing failed
	at com.charlessun.javaplcadapter.worker.impl.ConsumerWorkerImpl.pollLoop(ConsumerWorkerImpl.java:53)
	at java.base/java.lang.Thread.run(Thread.java:1583)
11:47:51.891 [Thread-4] ERROR com.charlessun.javaplcadapter.worker.impl.ConsumerWorkerImpl -- processingStrategy.process(record) 處理失敗: Processing failed
java.lang.RuntimeException: Processing failed
	at com.charlessun.javaplcadapter.worker.impl.ConsumerWorkerImpl.pollLoop(ConsumerWorkerImpl.java:53)
	at java.base/java.lang.Thread.run(Thread.java:1583)
11:47:51.891 [Thread-4] ERROR com.charlessun.javaplcadapter.worker.impl.ConsumerWorkerImpl -- processingStrategy.process(record) 處理失敗: Processing failed
java.lang.RuntimeException: Processing failed
	at com.charlessun.javaplcadapter.worker.impl.ConsumerWorkerImpl.pollLoop(ConsumerWorkerImpl.java:53)
	at java.base/java.lang.Thread.run(Thread.java:1583)
11:47:51.891 [Thread-4] ERROR com.charlessun.javaplcadapter.worker.impl.ConsumerWorkerImpl -- processingStrategy.process(record) 處理失敗: Processing failed
java.lang.RuntimeException: Processing failed
	at com.charlessun.javaplcadapter.worker.impl.ConsumerWorkerImpl.pollLoop(ConsumerWorkerImpl.java:53)
	at java.base/java.lang.Thread.run(Thread.java:1583)
11:47:51.891 [Thread-4] ERROR com.charlessun.javaplcadapter.worker.impl.ConsumerWorkerImpl -- processingStrategy.process(record) 處理失敗: Processing failed
java.lang.RuntimeException: Processing failed
	at com.charlessun.javaplcadapter.worker.impl.ConsumerWorkerImpl.pollLoop(ConsumerWorkerImpl.java:53)
	at java.base/java.lang.Thread.run(Thread.java:1583)
11:47:51.891 [Thread-4] ERROR com.charlessun.javaplcadapter.worker.impl.ConsumerWorkerImpl -- processingStrategy.process(record) 處理失敗: Processing failed
java.lang.RuntimeException: Processing failed
	at com.charlessun.javaplcadapter.worker.impl.ConsumerWorkerImpl.pollLoop(ConsumerWorkerImpl.java:53)
	at java.base/java.lang.Thread.run(Thread.java:1583)
11:47:51.892 [Thread-4] ERROR com.charlessun.javaplcadapter.worker.impl.ConsumerWorkerImpl -- processingStrategy.process(record) 處理失敗: Processing failed
java.lang.RuntimeException: Processing failed
	at com.charlessun.javaplcadapter.worker.impl.ConsumerWorkerImpl.pollLoop(ConsumerWorkerImpl.java:53)
	at java.base/java.lang.Thread.run(Thread.java:1583)
11:47:51.892 [Thread-4] ERROR com.charlessun.javaplcadapter.worker.impl.ConsumerWorkerImpl -- processingStrategy.process(record) 處理失敗: Processing failed
java.lang.RuntimeException: Processing failed
	at com.charlessun.javaplcadapter.worker.impl.ConsumerWorkerImpl.pollLoop(ConsumerWorkerImpl.java:53)
	at java.base/java.lang.Thread.run(Thread.java:1583)
11:47:51.892 [Thread-4] ERROR com.charlessun.javaplcadapter.worker.impl.ConsumerWorkerImpl -- processingStrategy.process(record) 處理失敗: Processing failed
java.lang.RuntimeException: Processing failed
	at com.charlessun.javaplcadapter.worker.impl.ConsumerWorkerImpl.pollLoop(ConsumerWorkerImpl.java:53)
	at java.base/java.lang.Thread.run(Thread.java:1583)
11:47:51.892 [Thread-4] ERROR com.charlessun.javaplcadapter.worker.impl.ConsumerWorkerImpl -- processingStrategy.process(record) 處理失敗: Processing failed
java.lang.RuntimeException: Processing failed
	at com.charlessun.javaplcadapter.worker.impl.ConsumerWorkerImpl.pollLoop(ConsumerWorkerImpl.java:53)
	at java.base/java.lang.Thread.run(Thread.java:1583)
11:47:51.892 [Thread-4] ERROR com.charlessun.javaplcadapter.worker.impl.ConsumerWorkerImpl -- processingStrategy.process(record) 處理失敗: Processing failed
java.lang.RuntimeException: Processing failed
	at com.charlessun.javaplcadapter.worker.impl.ConsumerWorkerImpl.pollLoop(ConsumerWorkerImpl.java:53)
	at java.base/java.lang.Thread.run(Thread.java:1583)
11:47:51.892 [Thread-4] ERROR com.charlessun.javaplcadapter.worker.impl.ConsumerWorkerImpl -- processingStrategy.process(record) 處理失敗: Processing failed
java.lang.RuntimeException: Processing failed
	at com.charlessun.javaplcadapter.worker.impl.ConsumerWorkerImpl.pollLoop(ConsumerWorkerImpl.java:53)
	at java.base/java.lang.Thread.run(Thread.java:1583)
11:47:51.892 [Thread-4] ERROR com.charlessun.javaplcadapter.worker.impl.ConsumerWorkerImpl -- processingStrategy.process(record) 處理失敗: Processing failed
java.lang.RuntimeException: Processing failed
	at com.charlessun.javaplcadapter.worker.impl.ConsumerWorkerImpl.pollLoop(ConsumerWorkerImpl.java:53)
	at java.base/java.lang.Thread.run(Thread.java:1583)
11:47:51.892 [Thread-4] ERROR com.charlessun.javaplcadapter.worker.impl.ConsumerWorkerImpl -- processingStrategy.process(record) 處理失敗: Processing failed
java.lang.RuntimeException: Processing failed
	at com.charlessun.javaplcadapter.worker.impl.ConsumerWorkerImpl.pollLoop(ConsumerWorkerImpl.java:53)
	at java.base/java.lang.Thread.run(Thread.java:1583)
11:47:51.892 [Thread-4] ERROR com.charlessun.javaplcadapter.worker.impl.ConsumerWorkerImpl -- processingStrategy.process(record) 處理失敗: Processing failed
java.lang.RuntimeException: Processing failed
	at com.charlessun.javaplcadapter.worker.impl.ConsumerWorkerImpl.pollLoop(ConsumerWorkerImpl.java:53)
	at java.base/java.lang.Thread.run(Thread.java:1583)
11:47:51.892 [Thread-4] ERROR com.charlessun.javaplcadapter.worker.impl.ConsumerWorkerImpl -- processingStrategy.process(record) 處理失敗: Processing failed
java.lang.RuntimeException: Processing failed
	at com.charlessun.javaplcadapter.worker.impl.ConsumerWorkerImpl.pollLoop(ConsumerWorkerImpl.java:53)
	at java.base/java.lang.Thread.run(Thread.java:1583)
11:47:51.893 [Thread-4] ERROR com.charlessun.javaplcadapter.worker.impl.ConsumerWorkerImpl -- processingStrategy.process(record) 處理失敗: Processing failed
java.lang.RuntimeException: Processing failed
	at com.charlessun.javaplcadapter.worker.impl.ConsumerWorkerImpl.pollLoop(ConsumerWorkerImpl.java:53)
	at java.base/java.lang.Thread.run(Thread.java:1583)
11:47:51.893 [Thread-4] ERROR com.charlessun.javaplcadapter.worker.impl.ConsumerWorkerImpl -- processingStrategy.process(record) 處理失敗: Processing failed
java.lang.RuntimeException: Processing failed
	at com.charlessun.javaplcadapter.worker.impl.ConsumerWorkerImpl.pollLoop(ConsumerWorkerImpl.java:53)
	at java.base/java.lang.Thread.run(Thread.java:1583)
11:47:51.893 [Thread-4] ERROR com.charlessun.javaplcadapter.worker.impl.ConsumerWorkerImpl -- processingStrategy.process(record) 處理失敗: Processing failed
java.lang.RuntimeException: Processing failed
	at com.charlessun.javaplcadapter.worker.impl.ConsumerWorkerImpl.pollLoop(ConsumerWorkerImpl.java:53)
	at java.base/java.lang.Thread.run(Thread.java:1583)
11:47:51.893 [Thread-4] ERROR com.charlessun.javaplcadapter.worker.impl.ConsumerWorkerImpl -- processingStrategy.process(record) 處理失敗: Processing failed
java.lang.RuntimeException: Processing failed
	at com.charlessun.javaplcadapter.worker.impl.ConsumerWorkerImpl.pollLoop(ConsumerWorkerImpl.java:53)
	at java.base/java.lang.Thread.run(Thread.java:1583)
11:47:51.893 [Thread-4] ERROR com.charlessun.javaplcadapter.worker.impl.ConsumerWorkerImpl -- processingStrategy.process(record) 處理失敗: Processing failed
java.lang.RuntimeException: Processing failed
	at com.charlessun.javaplcadapter.worker.impl.ConsumerWorkerImpl.pollLoop(ConsumerWorkerImpl.java:53)
	at java.base/java.lang.Thread.run(Thread.java:1583)
11:47:51.893 [Thread-4] ERROR com.charlessun.javaplcadapter.worker.impl.ConsumerWorkerImpl -- processingStrategy.process(record) 處理失敗: Processing failed
java.lang.RuntimeException: Processing failed
	at com.charlessun.javaplcadapter.worker.impl.ConsumerWorkerImpl.pollLoop(ConsumerWorkerImpl.java:53)
	at java.base/java.lang.Thread.run(Thread.java:1583)
11:47:51.893 [Thread-4] ERROR com.charlessun.javaplcadapter.worker.impl.ConsumerWorkerImpl -- processingStrategy.process(record) 處理失敗: Processing failed
java.lang.RuntimeException: Processing failed
	at com.charlessun.javaplcadapter.worker.impl.ConsumerWorkerImpl.pollLoop(ConsumerWorkerImpl.java:53)
	at java.base/java.lang.Thread.run(Thread.java:1583)
11:47:51.893 [Thread-4] ERROR com.charlessun.javaplcadapter.worker.impl.ConsumerWorkerImpl -- processingStrategy.process(record) 處理失敗: Processing failed
java.lang.RuntimeException: Processing failed
	at com.charlessun.javaplcadapter.worker.impl.ConsumerWorkerImpl.pollLoop(ConsumerWorkerImpl.java:53)
	at java.base/java.lang.Thread.run(Thread.java:1583)
11:47:51.893 [Thread-4] ERROR com.charlessun.javaplcadapter.worker.impl.ConsumerWorkerImpl -- processingStrategy.process(record) 處理失敗: Processing failed
java.lang.RuntimeException: Processing failed
	at com.charlessun.javaplcadapter.worker.impl.ConsumerWorkerImpl.pollLoop(ConsumerWorkerImpl.java:53)
	at java.base/java.lang.Thread.run(Thread.java:1583)
11:47:51.894 [Thread-4] ERROR com.charlessun.javaplcadapter.worker.impl.ConsumerWorkerImpl -- processingStrategy.process(record) 處理失敗: Processing failed
java.lang.RuntimeException: Processing failed
	at com.charlessun.javaplcadapter.worker.impl.ConsumerWorkerImpl.pollLoop(ConsumerWorkerImpl.java:53)
	at java.base/java.lang.Thread.run(Thread.java:1583)
11:47:51.894 [Thread-4] ERROR com.charlessun.javaplcadapter.worker.impl.ConsumerWorkerImpl -- processingStrategy.process(record) 處理失敗: Processing failed
java.lang.RuntimeException: Processing failed
	at com.charlessun.javaplcadapter.worker.impl.ConsumerWorkerImpl.pollLoop(ConsumerWorkerImpl.java:53)
	at java.base/java.lang.Thread.run(Thread.java:1583)
11:47:51.894 [Thread-4] ERROR com.charlessun.javaplcadapter.worker.impl.ConsumerWorkerImpl -- processingStrategy.process(record) 處理失敗: Processing failed
java.lang.RuntimeException: Processing failed
	at com.charlessun.javaplcadapter.worker.impl.ConsumerWorkerImpl.pollLoop(ConsumerWorkerImpl.java:53)
	at java.base/java.lang.Thread.run(Thread.java:1583)
11:47:51.894 [Thread-4] ERROR com.charlessun.javaplcadapter.worker.impl.ConsumerWorkerImpl -- processingStrategy.process(record) 處理失敗: Processing failed
java.lang.RuntimeException: Processing failed
	at com.charlessun.javaplcadapter.worker.impl.ConsumerWorkerImpl.pollLoop(ConsumerWorkerImpl.java:53)
	at java.base/java.lang.Thread.run(Thread.java:1583)
11:47:51.894 [Thread-4] ERROR com.charlessun.javaplcadapter.worker.impl.ConsumerWorkerImpl -- processingStrategy.process(record) 處理失敗: Processing failed
java.lang.RuntimeException: Processing failed
	at com.charlessun.javaplcadapter.worker.impl.ConsumerWorkerImpl.pollLoop(ConsumerWorkerImpl.java:53)
	at java.base/java.lang.Thread.run(Thread.java:1583)
11:47:51.894 [Thread-4] ERROR com.charlessun.javaplcadapter.worker.impl.ConsumerWorkerImpl -- processingStrategy.process(record) 處理失敗: Processing failed
java.lang.RuntimeException: Processing failed
	at com.charlessun.javaplcadapter.worker.impl.ConsumerWorkerImpl.pollLoop(ConsumerWorkerImpl.java:53)
	at java.base/java.lang.Thread.run(Thread.java:1583)
11:47:51.894 [Thread-4] ERROR com.charlessun.javaplcadapter.worker.impl.ConsumerWorkerImpl -- processingStrategy.process(record) 處理失敗: Processing failed
java.lang.RuntimeException: Processing failed
	at com.charlessun.javaplcadapter.worker.impl.ConsumerWorkerImpl.pollLoop(ConsumerWorkerImpl.java:53)
	at java.base/java.lang.Thread.run(Thread.java:1583)
11:47:51.894 [Thread-4] ERROR com.charlessun.javaplcadapter.worker.impl.ConsumerWorkerImpl -- processingStrategy.process(record) 處理失敗: Processing failed
java.lang.RuntimeException: Processing failed
	at com.charlessun.javaplcadapter.worker.impl.ConsumerWorkerImpl.pollLoop(ConsumerWorkerImpl.java:53)
	at java.base/java.lang.Thread.run(Thread.java:1583)
11:47:51.894 [Thread-4] ERROR com.charlessun.javaplcadapter.worker.impl.ConsumerWorkerImpl -- processingStrategy.process(record) 處理失敗: Processing failed
java.lang.RuntimeException: Processing failed
	at com.charlessun.javaplcadapter.worker.impl.ConsumerWorkerImpl.pollLoop(ConsumerWorkerImpl.java:53)
	at java.base/java.lang.Thread.run(Thread.java:1583)
11:47:51.894 [Thread-4] ERROR com.charlessun.javaplcadapter.worker.impl.ConsumerWorkerImpl -- processingStrategy.process(record) 處理失敗: Processing failed
java.lang.RuntimeException: Processing failed
	at com.charlessun.javaplcadapter.worker.impl.ConsumerWorkerImpl.pollLoop(ConsumerWorkerImpl.java:53)
	at java.base/java.lang.Thread.run(Thread.java:1583)
11:47:51.894 [Thread-4] ERROR com.charlessun.javaplcadapter.worker.impl.ConsumerWorkerImpl -- processingStrategy.process(record) 處理失敗: Processing failed
java.lang.RuntimeException: Processing failed
	at com.charlessun.javaplcadapter.worker.impl.ConsumerWorkerImpl.pollLoop(ConsumerWorkerImpl.java:53)
	at java.base/java.lang.Thread.run(Thread.java:1583)
11:47:51.894 [Thread-4] ERROR com.charlessun.javaplcadapter.worker.impl.ConsumerWorkerImpl -- processingStrategy.process(record) 處理失敗: Processing failed
java.lang.RuntimeException: Processing failed
	at com.charlessun.javaplcadapter.worker.impl.ConsumerWorkerImpl.pollLoop(ConsumerWorkerImpl.java:53)
	at java.base/java.lang.Thread.run(Thread.java:1583)
11:47:51.894 [Thread-4] ERROR com.charlessun.javaplcadapter.worker.impl.ConsumerWorkerImpl -- processingStrategy.process(record) 處理失敗: Processing failed
java.lang.RuntimeException: Processing failed
	at com.charlessun.javaplcadapter.worker.impl.ConsumerWorkerImpl.pollLoop(ConsumerWorkerImpl.java:53)
	at java.base/java.lang.Thread.run(Thread.java:1583)
11:47:51.894 [Thread-4] ERROR com.charlessun.javaplcadapter.worker.impl.ConsumerWorkerImpl -- processingStrategy.process(record) 處理失敗: Processing failed
java.lang.RuntimeException: Processing failed
	at com.charlessun.javaplcadapter.worker.impl.ConsumerWorkerImpl.pollLoop(ConsumerWorkerImpl.java:53)
	at java.base/java.lang.Thread.run(Thread.java:1583)
11:47:51.894 [Thread-4] ERROR com.charlessun.javaplcadapter.worker.impl.ConsumerWorkerImpl -- processingStrategy.process(record) 處理失敗: Processing failed
java.lang.RuntimeException: Processing failed
	at com.charlessun.javaplcadapter.worker.impl.ConsumerWorkerImpl.pollLoop(ConsumerWorkerImpl.java:53)
	at java.base/java.lang.Thread.run(Thread.java:1583)
11:47:51.895 [Thread-4] ERROR com.charlessun.javaplcadapter.worker.impl.ConsumerWorkerImpl -- processingStrategy.process(record) 處理失敗: Processing failed
java.lang.RuntimeException: Processing failed
	at com.charlessun.javaplcadapter.worker.impl.ConsumerWorkerImpl.pollLoop(ConsumerWorkerImpl.java:53)
	at java.base/java.lang.Thread.run(Thread.java:1583)
11:47:51.895 [Thread-4] ERROR com.charlessun.javaplcadapter.worker.impl.ConsumerWorkerImpl -- processingStrategy.process(record) 處理失敗: Processing failed
java.lang.RuntimeException: Processing failed
	at com.charlessun.javaplcadapter.worker.impl.ConsumerWorkerImpl.pollLoop(ConsumerWorkerImpl.java:53)
	at java.base/java.lang.Thread.run(Thread.java:1583)
11:47:51.895 [Thread-4] ERROR com.charlessun.javaplcadapter.worker.impl.ConsumerWorkerImpl -- processingStrategy.process(record) 處理失敗: Processing failed
java.lang.RuntimeException: Processing failed
	at com.charlessun.javaplcadapter.worker.impl.ConsumerWorkerImpl.pollLoop(ConsumerWorkerImpl.java:53)
	at java.base/java.lang.Thread.run(Thread.java:1583)
11:47:51.895 [Thread-4] ERROR com.charlessun.javaplcadapter.worker.impl.ConsumerWorkerImpl -- processingStrategy.process(record) 處理失敗: Processing failed
java.lang.RuntimeException: Processing failed
	at com.charlessun.javaplcadapter.worker.impl.ConsumerWorkerImpl.pollLoop(ConsumerWorkerImpl.java:53)
	at java.base/java.lang.Thread.run(Thread.java:1583)
11:47:51.895 [Thread-4] ERROR com.charlessun.javaplcadapter.worker.impl.ConsumerWorkerImpl -- processingStrategy.process(record) 處理失敗: Processing failed
java.lang.RuntimeException: Processing failed
	at com.charlessun.javaplcadapter.worker.impl.ConsumerWorkerImpl.pollLoop(ConsumerWorkerImpl.java:53)
	at java.base/java.lang.Thread.run(Thread.java:1583)
11:47:51.895 [Thread-4] ERROR com.charlessun.javaplcadapter.worker.impl.ConsumerWorkerImpl -- processingStrategy.process(record) 處理失敗: Processing failed
java.lang.RuntimeException: Processing failed
	at com.charlessun.javaplcadapter.worker.impl.ConsumerWorkerImpl.pollLoop(ConsumerWorkerImpl.java:53)
	at java.base/java.lang.Thread.run(Thread.java:1583)
11:47:51.895 [Thread-4] ERROR com.charlessun.javaplcadapter.worker.impl.ConsumerWorkerImpl -- processingStrategy.process(record) 處理失敗: Processing failed
java.lang.RuntimeException: Processing failed
	at com.charlessun.javaplcadapter.worker.impl.ConsumerWorkerImpl.pollLoop(ConsumerWorkerImpl.java:53)
	at java.base/java.lang.Thread.run(Thread.java:1583)
11:47:51.895 [Thread-4] ERROR com.charlessun.javaplcadapter.worker.impl.ConsumerWorkerImpl -- processingStrategy.process(record) 處理失敗: Processing failed
java.lang.RuntimeException: Processing failed
	at com.charlessun.javaplcadapter.worker.impl.ConsumerWorkerImpl.pollLoop(ConsumerWorkerImpl.java:53)
	at java.base/java.lang.Thread.run(Thread.java:1583)
11:47:51.895 [Thread-4] ERROR com.charlessun.javaplcadapter.worker.impl.ConsumerWorkerImpl -- processingStrategy.process(record) 處理失敗: Processing failed
java.lang.RuntimeException: Processing failed
	at com.charlessun.javaplcadapter.worker.impl.ConsumerWorkerImpl.pollLoop(ConsumerWorkerImpl.java:53)
	at java.base/java.lang.Thread.run(Thread.java:1583)
11:47:51.895 [Thread-4] ERROR com.charlessun.javaplcadapter.worker.impl.ConsumerWorkerImpl -- processingStrategy.process(record) 處理失敗: Processing failed
java.lang.RuntimeException: Processing failed
	at com.charlessun.javaplcadapter.worker.impl.ConsumerWorkerImpl.pollLoop(ConsumerWorkerImpl.java:53)
	at java.base/java.lang.Thread.run(Thread.java:1583)
11:47:51.896 [Thread-4] ERROR com.charlessun.javaplcadapter.worker.impl.ConsumerWorkerImpl -- processingStrategy.process(record) 處理失敗: Processing failed
java.lang.RuntimeException: Processing failed
	at com.charlessun.javaplcadapter.worker.impl.ConsumerWorkerImpl.pollLoop(ConsumerWorkerImpl.java:53)
	at java.base/java.lang.Thread.run(Thread.java:1583)
11:47:51.896 [Thread-4] ERROR com.charlessun.javaplcadapter.worker.impl.ConsumerWorkerImpl -- processingStrategy.process(record) 處理失敗: Processing failed
java.lang.RuntimeException: Processing failed
	at com.charlessun.javaplcadapter.worker.impl.ConsumerWorkerImpl.pollLoop(ConsumerWorkerImpl.java:53)
	at java.base/java.lang.Thread.run(Thread.java:1583)
11:47:51.896 [Thread-4] ERROR com.charlessun.javaplcadapter.worker.impl.ConsumerWorkerImpl -- processingStrategy.process(record) 處理失敗: Processing failed
java.lang.RuntimeException: Processing failed
	at com.charlessun.javaplcadapter.worker.impl.ConsumerWorkerImpl.pollLoop(ConsumerWorkerImpl.java:53)
	at java.base/java.lang.Thread.run(Thread.java:1583)
11:47:51.896 [Thread-4] ERROR com.charlessun.javaplcadapter.worker.impl.ConsumerWorkerImpl -- processingStrategy.process(record) 處理失敗: Processing failed
java.lang.RuntimeException: Processing failed
	at com.charlessun.javaplcadapter.worker.impl.ConsumerWorkerImpl.pollLoop(ConsumerWorkerImpl.java:53)
	at java.base/java.lang.Thread.run(Thread.java:1583)
11:47:51.896 [Thread-4] ERROR com.charlessun.javaplcadapter.worker.impl.ConsumerWorkerImpl -- processingStrategy.process(record) 處理失敗: Processing failed
java.lang.RuntimeException: Processing failed
	at com.charlessun.javaplcadapter.worker.impl.ConsumerWorkerImpl.pollLoop(ConsumerWorkerImpl.java:53)
	at java.base/java.lang.Thread.run(Thread.java:1583)
11:47:51.896 [Thread-4] ERROR com.charlessun.javaplcadapter.worker.impl.ConsumerWorkerImpl -- processingStrategy.process(record) 處理失敗: Processing failed
java.lang.RuntimeException: Processing failed
	at com.charlessun.javaplcadapter.worker.impl.ConsumerWorkerImpl.pollLoop(ConsumerWorkerImpl.java:53)
	at java.base/java.lang.Thread.run(Thread.java:1583)
11:47:51.896 [Thread-4] ERROR com.charlessun.javaplcadapter.worker.impl.ConsumerWorkerImpl -- processingStrategy.process(record) 處理失敗: Processing failed
java.lang.RuntimeException: Processing failed
	at com.charlessun.javaplcadapter.worker.impl.ConsumerWorkerImpl.pollLoop(ConsumerWorkerImpl.java:53)
	at java.base/java.lang.Thread.run(Thread.java:1583)
11:47:51.896 [Thread-4] ERROR com.charlessun.javaplcadapter.worker.impl.ConsumerWorkerImpl -- processingStrategy.process(record) 處理失敗: Processing failed
java.lang.RuntimeException: Processing failed
	at com.charlessun.javaplcadapter.worker.impl.ConsumerWorkerImpl.pollLoop(ConsumerWorkerImpl.java:53)
	at java.base/java.lang.Thread.run(Thread.java:1583)
11:47:51.896 [Thread-4] ERROR com.charlessun.javaplcadapter.worker.impl.ConsumerWorkerImpl -- processingStrategy.process(record) 處理失敗: Processing failed
java.lang.RuntimeException: Processing failed
	at com.charlessun.javaplcadapter.worker.impl.ConsumerWorkerImpl.pollLoop(ConsumerWorkerImpl.java:53)
	at java.base/java.lang.Thread.run(Thread.java:1583)
11:47:51.897 [Thread-4] ERROR com.charlessun.javaplcadapter.worker.impl.ConsumerWorkerImpl -- processingStrategy.process(record) 處理失敗: Processing failed
java.lang.RuntimeException: Processing failed
	at com.charlessun.javaplcadapter.worker.impl.ConsumerWorkerImpl.pollLoop(ConsumerWorkerImpl.java:53)
	at java.base/java.lang.Thread.run(Thread.java:1583)
11:47:51.897 [Thread-4] ERROR com.charlessun.javaplcadapter.worker.impl.ConsumerWorkerImpl -- processingStrategy.process(record) 處理失敗: Processing failed
java.lang.RuntimeException: Processing failed
	at com.charlessun.javaplcadapter.worker.impl.ConsumerWorkerImpl.pollLoop(ConsumerWorkerImpl.java:53)
	at java.base/java.lang.Thread.run(Thread.java:1583)
11:47:51.897 [Thread-4] ERROR com.charlessun.javaplcadapter.worker.impl.ConsumerWorkerImpl -- processingStrategy.process(record) 處理失敗: Processing failed
java.lang.RuntimeException: Processing failed
	at com.charlessun.javaplcadapter.worker.impl.ConsumerWorkerImpl.pollLoop(ConsumerWorkerImpl.java:53)
	at java.base/java.lang.Thread.run(Thread.java:1583)
11:47:51.897 [Thread-4] ERROR com.charlessun.javaplcadapter.worker.impl.ConsumerWorkerImpl -- processingStrategy.process(record) 處理失敗: Processing failed
java.lang.RuntimeException: Processing failed
	at com.charlessun.javaplcadapter.worker.impl.ConsumerWorkerImpl.pollLoop(ConsumerWorkerImpl.java:53)
	at java.base/java.lang.Thread.run(Thread.java:1583)
11:47:51.897 [Thread-4] ERROR com.charlessun.javaplcadapter.worker.impl.ConsumerWorkerImpl -- processingStrategy.process(record) 處理失敗: Processing failed
java.lang.RuntimeException: Processing failed
	at com.charlessun.javaplcadapter.worker.impl.ConsumerWorkerImpl.pollLoop(ConsumerWorkerImpl.java:53)
	at java.base/java.lang.Thread.run(Thread.java:1583)
11:47:51.898 [Thread-4] ERROR com.charlessun.javaplcadapter.worker.impl.ConsumerWorkerImpl -- processingStrategy.process(record) 處理失敗: Processing failed
java.lang.RuntimeException: Processing failed
	at com.charlessun.javaplcadapter.worker.impl.ConsumerWorkerImpl.pollLoop(ConsumerWorkerImpl.java:53)
	at java.base/java.lang.Thread.run(Thread.java:1583)
11:47:51.898 [Thread-4] ERROR com.charlessun.javaplcadapter.worker.impl.ConsumerWorkerImpl -- processingStrategy.process(record) 處理失敗: Processing failed
java.lang.RuntimeException: Processing failed
	at com.charlessun.javaplcadapter.worker.impl.ConsumerWorkerImpl.pollLoop(ConsumerWorkerImpl.java:53)
	at java.base/java.lang.Thread.run(Thread.java:1583)
11:47:51.898 [Thread-4] ERROR com.charlessun.javaplcadapter.worker.impl.ConsumerWorkerImpl -- processingStrategy.process(record) 處理失敗: Processing failed
java.lang.RuntimeException: Processing failed
	at com.charlessun.javaplcadapter.worker.impl.ConsumerWorkerImpl.pollLoop(ConsumerWorkerImpl.java:53)
	at java.base/java.lang.Thread.run(Thread.java:1583)
11:47:51.898 [Thread-4] ERROR com.charlessun.javaplcadapter.worker.impl.ConsumerWorkerImpl -- processingStrategy.process(record) 處理失敗: Processing failed
java.lang.RuntimeException: Processing failed
	at com.charlessun.javaplcadapter.worker.impl.ConsumerWorkerImpl.pollLoop(ConsumerWorkerImpl.java:53)
	at java.base/java.lang.Thread.run(Thread.java:1583)
11:47:51.898 [Thread-4] ERROR com.charlessun.javaplcadapter.worker.impl.ConsumerWorkerImpl -- processingStrategy.process(record) 處理失敗: Processing failed
java.lang.RuntimeException: Processing failed
	at com.charlessun.javaplcadapter.worker.impl.ConsumerWorkerImpl.pollLoop(ConsumerWorkerImpl.java:53)
	at java.base/java.lang.Thread.run(Thread.java:1583)
11:47:51.898 [Thread-4] ERROR com.charlessun.javaplcadapter.worker.impl.ConsumerWorkerImpl -- processingStrategy.process(record) 處理失敗: Processing failed
java.lang.RuntimeException: Processing failed
	at com.charlessun.javaplcadapter.worker.impl.ConsumerWorkerImpl.pollLoop(ConsumerWorkerImpl.java:53)
	at java.base/java.lang.Thread.run(Thread.java:1583)
11:47:51.898 [Thread-4] ERROR com.charlessun.javaplcadapter.worker.impl.ConsumerWorkerImpl -- processingStrategy.process(record) 處理失敗: Processing failed
java.lang.RuntimeException: Processing failed
	at com.charlessun.javaplcadapter.worker.impl.ConsumerWorkerImpl.pollLoop(ConsumerWorkerImpl.java:53)
	at java.base/java.lang.Thread.run(Thread.java:1583)
11:47:51.898 [Thread-4] ERROR com.charlessun.javaplcadapter.worker.impl.ConsumerWorkerImpl -- processingStrategy.process(record) 處理失敗: Processing failed
java.lang.RuntimeException: Processing failed
	at com.charlessun.javaplcadapter.worker.impl.ConsumerWorkerImpl.pollLoop(ConsumerWorkerImpl.java:53)
	at java.base/java.lang.Thread.run(Thread.java:1583)
11:47:51.898 [Thread-4] ERROR com.charlessun.javaplcadapter.worker.impl.ConsumerWorkerImpl -- processingStrategy.process(record) 處理失敗: Processing failed
java.lang.RuntimeException: Processing failed
	at com.charlessun.javaplcadapter.worker.impl.ConsumerWorkerImpl.pollLoop(ConsumerWorkerImpl.java:53)
	at java.base/java.lang.Thread.run(Thread.java:1583)
11:47:51.898 [Thread-4] ERROR com.charlessun.javaplcadapter.worker.impl.ConsumerWorkerImpl -- processingStrategy.process(record) 處理失敗: Processing failed
java.lang.RuntimeException: Processing failed
	at com.charlessun.javaplcadapter.worker.impl.ConsumerWorkerImpl.pollLoop(ConsumerWorkerImpl.java:53)
	at java.base/java.lang.Thread.run(Thread.java:1583)
11:47:51.898 [Thread-4] ERROR com.charlessun.javaplcadapter.worker.impl.ConsumerWorkerImpl -- processingStrategy.process(record) 處理失敗: Processing failed
java.lang.RuntimeException: Processing failed
	at com.charlessun.javaplcadapter.worker.impl.ConsumerWorkerImpl.pollLoop(ConsumerWorkerImpl.java:53)
	at java.base/java.lang.Thread.run(Thread.java:1583)
11:47:51.898 [Thread-4] ERROR com.charlessun.javaplcadapter.worker.impl.ConsumerWorkerImpl -- processingStrategy.process(record) 處理失敗: Processing failed
java.lang.RuntimeException: Processing failed
	at com.charlessun.javaplcadapter.worker.impl.ConsumerWorkerImpl.pollLoop(ConsumerWorkerImpl.java:53)
	at java.base/java.lang.Thread.run(Thread.java:1583)
11:47:51.898 [Thread-4] ERROR com.charlessun.javaplcadapter.worker.impl.ConsumerWorkerImpl -- processingStrategy.process(record) 處理失敗: Processing failed
java.lang.RuntimeException: Processing failed
	at com.charlessun.javaplcadapter.worker.impl.ConsumerWorkerImpl.pollLoop(ConsumerWorkerImpl.java:53)
	at java.base/java.lang.Thread.run(Thread.java:1583)
11:47:51.899 [Thread-4] ERROR com.charlessun.javaplcadapter.worker.impl.ConsumerWorkerImpl -- processingStrategy.process(record) 處理失敗: Processing failed
java.lang.RuntimeException: Processing failed
	at com.charlessun.javaplcadapter.worker.impl.ConsumerWorkerImpl.pollLoop(ConsumerWorkerImpl.java:53)
	at java.base/java.lang.Thread.run(Thread.java:1583)
11:47:51.899 [Thread-4] ERROR com.charlessun.javaplcadapter.worker.impl.ConsumerWorkerImpl -- processingStrategy.process(record) 處理失敗: Processing failed
java.lang.RuntimeException: Processing failed
	at com.charlessun.javaplcadapter.worker.impl.ConsumerWorkerImpl.pollLoop(ConsumerWorkerImpl.java:53)
	at java.base/java.lang.Thread.run(Thread.java:1583)
11:47:51.899 [Thread-4] ERROR com.charlessun.javaplcadapter.worker.impl.ConsumerWorkerImpl -- processingStrategy.process(record) 處理失敗: Processing failed
java.lang.RuntimeException: Processing failed
	at com.charlessun.javaplcadapter.worker.impl.ConsumerWorkerImpl.pollLoop(ConsumerWorkerImpl.java:53)
	at java.base/java.lang.Thread.run(Thread.java:1583)
11:47:51.899 [Thread-4] ERROR com.charlessun.javaplcadapter.worker.impl.ConsumerWorkerImpl -- processingStrategy.process(record) 處理失敗: Processing failed
java.lang.RuntimeException: Processing failed
	at com.charlessun.javaplcadapter.worker.impl.ConsumerWorkerImpl.pollLoop(ConsumerWorkerImpl.java:53)
	at java.base/java.lang.Thread.run(Thread.java:1583)
11:47:51.899 [Thread-4] ERROR com.charlessun.javaplcadapter.worker.impl.ConsumerWorkerImpl -- processingStrategy.process(record) 處理失敗: Processing failed
java.lang.RuntimeException: Processing failed
	at com.charlessun.javaplcadapter.worker.impl.ConsumerWorkerImpl.pollLoop(ConsumerWorkerImpl.java:53)
	at java.base/java.lang.Thread.run(Thread.java:1583)
11:47:51.899 [Thread-4] ERROR com.charlessun.javaplcadapter.worker.impl.ConsumerWorkerImpl -- processingStrategy.process(record) 處理失敗: Processing failed
java.lang.RuntimeException: Processing failed
	at com.charlessun.javaplcadapter.worker.impl.ConsumerWorkerImpl.pollLoop(ConsumerWorkerImpl.java:53)
	at java.base/java.lang.Thread.run(Thread.java:1583)
11:47:51.900 [Thread-4] ERROR com.charlessun.javaplcadapter.worker.impl.ConsumerWorkerImpl -- processingStrategy.process(record) 處理失敗: Processing failed
java.lang.RuntimeException: Processing failed
	at com.charlessun.javaplcadapter.worker.impl.ConsumerWorkerImpl.pollLoop(ConsumerWorkerImpl.java:53)
	at java.base/java.lang.Thread.run(Thread.java:1583)
11:47:51.900 [Thread-4] ERROR com.charlessun.javaplcadapter.worker.impl.ConsumerWorkerImpl -- processingStrategy.process(record) 處理失敗: Processing failed
java.lang.RuntimeException: Processing failed
	at com.charlessun.javaplcadapter.worker.impl.ConsumerWorkerImpl.pollLoop(ConsumerWorkerImpl.java:53)
	at java.base/java.lang.Thread.run(Thread.java:1583)
11:47:51.900 [Thread-4] ERROR com.charlessun.javaplcadapter.worker.impl.ConsumerWorkerImpl -- processingStrategy.process(record) 處理失敗: Processing failed
java.lang.RuntimeException: Processing failed
	at com.charlessun.javaplcadapter.worker.impl.ConsumerWorkerImpl.pollLoop(ConsumerWorkerImpl.java:53)
	at java.base/java.lang.Thread.run(Thread.java:1583)
11:47:51.900 [Thread-4] ERROR com.charlessun.javaplcadapter.worker.impl.ConsumerWorkerImpl -- processingStrategy.process(record) 處理失敗: Processing failed
java.lang.RuntimeException: Processing failed
	at com.charlessun.javaplcadapter.worker.impl.ConsumerWorkerImpl.pollLoop(ConsumerWorkerImpl.java:53)
	at java.base/java.lang.Thread.run(Thread.java:1583)
11:47:51.900 [Thread-4] ERROR com.charlessun.javaplcadapter.worker.impl.ConsumerWorkerImpl -- processingStrategy.process(record) 處理失敗: Processing failed
java.lang.RuntimeException: Processing failed
	at com.charlessun.javaplcadapter.worker.impl.ConsumerWorkerImpl.pollLoop(ConsumerWorkerImpl.java:53)
	at java.base/java.lang.Thread.run(Thread.java:1583)
11:47:51.901 [Thread-4] ERROR com.charlessun.javaplcadapter.worker.impl.ConsumerWorkerImpl -- processingStrategy.process(record) 處理失敗: Processing failed
java.lang.RuntimeException: Processing failed
	at com.charlessun.javaplcadapter.worker.impl.ConsumerWorkerImpl.pollLoop(ConsumerWorkerImpl.java:53)
	at java.base/java.lang.Thread.run(Thread.java:1583)
11:47:51.901 [Thread-4] ERROR com.charlessun.javaplcadapter.worker.impl.ConsumerWorkerImpl -- processingStrategy.process(record) 處理失敗: Processing failed
java.lang.RuntimeException: Processing failed
	at com.charlessun.javaplcadapter.worker.impl.ConsumerWorkerImpl.pollLoop(ConsumerWorkerImpl.java:53)
	at java.base/java.lang.Thread.run(Thread.java:1583)
11:47:51.901 [Thread-4] ERROR com.charlessun.javaplcadapter.worker.impl.ConsumerWorkerImpl -- processingStrategy.process(record) 處理失敗: Processing failed
java.lang.RuntimeException: Processing failed
	at com.charlessun.javaplcadapter.worker.impl.ConsumerWorkerImpl.pollLoop(ConsumerWorkerImpl.java:53)
	at java.base/java.lang.Thread.run(Thread.java:1583)
11:47:51.901 [Thread-4] ERROR com.charlessun.javaplcadapter.worker.impl.ConsumerWorkerImpl -- processingStrategy.process(record) 處理失敗: Processing failed
java.lang.RuntimeException: Processing failed
	at com.charlessun.javaplcadapter.worker.impl.ConsumerWorkerImpl.pollLoop(ConsumerWorkerImpl.java:53)
	at java.base/java.lang.Thread.run(Thread.java:1583)
11:47:51.901 [Thread-4] ERROR com.charlessun.javaplcadapter.worker.impl.ConsumerWorkerImpl -- processingStrategy.process(record) 處理失敗: Processing failed
java.lang.RuntimeException: Processing failed
	at com.charlessun.javaplcadapter.worker.impl.ConsumerWorkerImpl.pollLoop(ConsumerWorkerImpl.java:53)
	at java.base/java.lang.Thread.run(Thread.java:1583)
11:47:51.901 [Thread-4] ERROR com.charlessun.javaplcadapter.worker.impl.ConsumerWorkerImpl -- processingStrategy.process(record) 處理失敗: Processing failed
java.lang.RuntimeException: Processing failed
	at com.charlessun.javaplcadapter.worker.impl.ConsumerWorkerImpl.pollLoop(ConsumerWorkerImpl.java:53)
	at java.base/java.lang.Thread.run(Thread.java:1583)
11:47:51.902 [Thread-4] ERROR com.charlessun.javaplcadapter.worker.impl.ConsumerWorkerImpl -- processingStrategy.process(record) 處理失敗: Processing failed
java.lang.RuntimeException: Processing failed
	at com.charlessun.javaplcadapter.worker.impl.ConsumerWorkerImpl.pollLoop(ConsumerWorkerImpl.java:53)
	at java.base/java.lang.Thread.run(Thread.java:1583)
11:47:51.902 [Thread-4] ERROR com.charlessun.javaplcadapter.worker.impl.ConsumerWorkerImpl -- processingStrategy.process(record) 處理失敗: Processing failed
java.lang.RuntimeException: Processing failed
	at com.charlessun.javaplcadapter.worker.impl.ConsumerWorkerImpl.pollLoop(ConsumerWorkerImpl.java:53)
	at java.base/java.lang.Thread.run(Thread.java:1583)
11:47:51.902 [Thread-4] ERROR com.charlessun.javaplcadapter.worker.impl.ConsumerWorkerImpl -- processingStrategy.process(record) 處理失敗: Processing failed
java.lang.RuntimeException: Processing failed
	at com.charlessun.javaplcadapter.worker.impl.ConsumerWorkerImpl.pollLoop(ConsumerWorkerImpl.java:53)
	at java.base/java.lang.Thread.run(Thread.java:1583)
11:47:51.902 [Thread-4] ERROR com.charlessun.javaplcadapter.worker.impl.ConsumerWorkerImpl -- processingStrategy.process(record) 處理失敗: Processing failed
java.lang.RuntimeException: Processing failed
	at com.charlessun.javaplcadapter.worker.impl.ConsumerWorkerImpl.pollLoop(ConsumerWorkerImpl.java:53)
	at java.base/java.lang.Thread.run(Thread.java:1583)
11:47:51.902 [Thread-4] ERROR com.charlessun.javaplcadapter.worker.impl.ConsumerWorkerImpl -- processingStrategy.process(record) 處理失敗: Processing failed
java.lang.RuntimeException: Processing failed
	at com.charlessun.javaplcadapter.worker.impl.ConsumerWorkerImpl.pollLoop(ConsumerWorkerImpl.java:53)
	at java.base/java.lang.Thread.run(Thread.java:1583)
11:47:51.903 [Thread-4] ERROR com.charlessun.javaplcadapter.worker.impl.ConsumerWorkerImpl -- processingStrategy.process(record) 處理失敗: Processing failed
java.lang.RuntimeException: Processing failed
	at com.charlessun.javaplcadapter.worker.impl.ConsumerWorkerImpl.pollLoop(ConsumerWorkerImpl.java:53)
	at java.base/java.lang.Thread.run(Thread.java:1583)
11:47:51.903 [Thread-4] ERROR com.charlessun.javaplcadapter.worker.impl.ConsumerWorkerImpl -- processingStrategy.process(record) 處理失敗: Processing failed
java.lang.RuntimeException: Processing failed
	at com.charlessun.javaplcadapter.worker.impl.ConsumerWorkerImpl.pollLoop(ConsumerWorkerImpl.java:53)
	at java.base/java.lang.Thread.run(Thread.java:1583)
11:47:51.903 [Thread-4] ERROR com.charlessun.javaplcadapter.worker.impl.ConsumerWorkerImpl -- processingStrategy.process(record) 處理失敗: Processing failed
java.lang.RuntimeException: Processing failed
	at com.charlessun.javaplcadapter.worker.impl.ConsumerWorkerImpl.pollLoop(ConsumerWorkerImpl.java:53)
	at java.base/java.lang.Thread.run(Thread.java:1583)
11:47:51.903 [Thread-4] ERROR com.charlessun.javaplcadapter.worker.impl.ConsumerWorkerImpl -- processingStrategy.process(record) 處理失敗: Processing failed
java.lang.RuntimeException: Processing failed
	at com.charlessun.javaplcadapter.worker.impl.ConsumerWorkerImpl.pollLoop(ConsumerWorkerImpl.java:53)
	at java.base/java.lang.Thread.run(Thread.java:1583)
11:47:51.903 [Thread-4] ERROR com.charlessun.javaplcadapter.worker.impl.ConsumerWorkerImpl -- processingStrategy.process(record) 處理失敗: Processing failed
java.lang.RuntimeException: Processing failed
	at com.charlessun.javaplcadapter.worker.impl.ConsumerWorkerImpl.pollLoop(ConsumerWorkerImpl.java:53)
	at java.base/java.lang.Thread.run(Thread.java:1583)
11:47:51.903 [Thread-4] ERROR com.charlessun.javaplcadapter.worker.impl.ConsumerWorkerImpl -- processingStrategy.process(record) 處理失敗: Processing failed
java.lang.RuntimeException: Processing failed
	at com.charlessun.javaplcadapter.worker.impl.ConsumerWorkerImpl.pollLoop(ConsumerWorkerImpl.java:53)
	at java.base/java.lang.Thread.run(Thread.java:1583)
11:47:51.904 [Thread-4] ERROR com.charlessun.javaplcadapter.worker.impl.ConsumerWorkerImpl -- processingStrategy.process(record) 處理失敗: Processing failed
java.lang.RuntimeException: Processing failed
	at com.charlessun.javaplcadapter.worker.impl.ConsumerWorkerImpl.pollLoop(ConsumerWorkerImpl.java:53)
	at java.base/java.lang.Thread.run(Thread.java:1583)
11:47:51.904 [Thread-4] ERROR com.charlessun.javaplcadapter.worker.impl.ConsumerWorkerImpl -- processingStrategy.process(record) 處理失敗: Processing failed
java.lang.RuntimeException: Processing failed
	at com.charlessun.javaplcadapter.worker.impl.ConsumerWorkerImpl.pollLoop(ConsumerWorkerImpl.java:53)
	at java.base/java.lang.Thread.run(Thread.java:1583)
11:47:51.904 [Thread-4] ERROR com.charlessun.javaplcadapter.worker.impl.ConsumerWorkerImpl -- processingStrategy.process(record) 處理失敗: Processing failed
java.lang.RuntimeException: Processing failed
	at com.charlessun.javaplcadapter.worker.impl.ConsumerWorkerImpl.pollLoop(ConsumerWorkerImpl.java:53)
	at java.base/java.lang.Thread.run(Thread.java:1583)
11:47:51.904 [Thread-4] ERROR com.charlessun.javaplcadapter.worker.impl.ConsumerWorkerImpl -- processingStrategy.process(record) 處理失敗: Processing failed
java.lang.RuntimeException: Processing failed
	at com.charlessun.javaplcadapter.worker.impl.ConsumerWorkerImpl.pollLoop(ConsumerWorkerImpl.java:53)
	at java.base/java.lang.Thread.run(Thread.java:1583)
11:47:51.904 [Thread-4] ERROR com.charlessun.javaplcadapter.worker.impl.ConsumerWorkerImpl -- processingStrategy.process(record) 處理失敗: Processing failed
java.lang.RuntimeException: Processing failed
	at com.charlessun.javaplcadapter.worker.impl.ConsumerWorkerImpl.pollLoop(ConsumerWorkerImpl.java:53)
	at java.base/java.lang.Thread.run(Thread.java:1583)
11:47:51.904 [Thread-4] ERROR com.charlessun.javaplcadapter.worker.impl.ConsumerWorkerImpl -- processingStrategy.process(record) 處理失敗: Processing failed
java.lang.RuntimeException: Processing failed
	at com.charlessun.javaplcadapter.worker.impl.ConsumerWorkerImpl.pollLoop(ConsumerWorkerImpl.java:53)
	at java.base/java.lang.Thread.run(Thread.java:1583)
11:47:51.904 [Thread-4] ERROR com.charlessun.javaplcadapter.worker.impl.ConsumerWorkerImpl -- processingStrategy.process(record) 處理失敗: Processing failed
java.lang.RuntimeException: Processing failed
	at com.charlessun.javaplcadapter.worker.impl.ConsumerWorkerImpl.pollLoop(ConsumerWorkerImpl.java:53)
	at java.base/java.lang.Thread.run(Thread.java:1583)
11:47:51.905 [Thread-4] ERROR com.charlessun.javaplcadapter.worker.impl.ConsumerWorkerImpl -- processingStrategy.process(record) 處理失敗: Processing failed
java.lang.RuntimeException: Processing failed
	at com.charlessun.javaplcadapter.worker.impl.ConsumerWorkerImpl.pollLoop(ConsumerWorkerImpl.java:53)
	at java.base/java.lang.Thread.run(Thread.java:1583)
11:47:51.905 [Thread-4] ERROR com.charlessun.javaplcadapter.worker.impl.ConsumerWorkerImpl -- processingStrategy.process(record) 處理失敗: Processing failed
java.lang.RuntimeException: Processing failed
	at com.charlessun.javaplcadapter.worker.impl.ConsumerWorkerImpl.pollLoop(ConsumerWorkerImpl.java:53)
	at java.base/java.lang.Thread.run(Thread.java:1583)
11:47:51.905 [Thread-4] ERROR com.charlessun.javaplcadapter.worker.impl.ConsumerWorkerImpl -- processingStrategy.process(record) 處理失敗: Processing failed
java.lang.RuntimeException: Processing failed
	at com.charlessun.javaplcadapter.worker.impl.ConsumerWorkerImpl.pollLoop(ConsumerWorkerImpl.java:53)
	at java.base/java.lang.Thread.run(Thread.java:1583)
11:47:51.905 [Thread-4] ERROR com.charlessun.javaplcadapter.worker.impl.ConsumerWorkerImpl -- processingStrategy.process(record) 處理失敗: Processing failed
java.lang.RuntimeException: Processing failed
	at com.charlessun.javaplcadapter.worker.impl.ConsumerWorkerImpl.pollLoop(ConsumerWorkerImpl.java:53)
	at java.base/java.lang.Thread.run(Thread.java:1583)
11:47:51.905 [Thread-4] ERROR com.charlessun.javaplcadapter.worker.impl.ConsumerWorkerImpl -- processingStrategy.process(record) 處理失敗: Processing failed
java.lang.RuntimeException: Processing failed
	at com.charlessun.javaplcadapter.worker.impl.ConsumerWorkerImpl.pollLoop(ConsumerWorkerImpl.java:53)
	at java.base/java.lang.Thread.run(Thread.java:1583)
11:47:51.905 [Thread-4] ERROR com.charlessun.javaplcadapter.worker.impl.ConsumerWorkerImpl -- processingStrategy.process(record) 處理失敗: Processing failed
java.lang.RuntimeException: Processing failed
	at com.charlessun.javaplcadapter.worker.impl.ConsumerWorkerImpl.pollLoop(ConsumerWorkerImpl.java:53)
	at java.base/java.lang.Thread.run(Thread.java:1583)
11:47:51.905 [Thread-4] ERROR com.charlessun.javaplcadapter.worker.impl.ConsumerWorkerImpl -- processingStrategy.process(record) 處理失敗: Processing failed
java.lang.RuntimeException: Processing failed
	at com.charlessun.javaplcadapter.worker.impl.ConsumerWorkerImpl.pollLoop(ConsumerWorkerImpl.java:53)
	at java.base/java.lang.Thread.run(Thread.java:1583)
11:47:51.905 [Thread-4] ERROR com.charlessun.javaplcadapter.worker.impl.ConsumerWorkerImpl -- processingStrategy.process(record) 處理失敗: Processing failed
java.lang.RuntimeException: Processing failed
	at com.charlessun.javaplcadapter.worker.impl.ConsumerWorkerImpl.pollLoop(ConsumerWorkerImpl.java:53)
	at java.base/java.lang.Thread.run(Thread.java:1583)
11:47:51.906 [Thread-4] ERROR com.charlessun.javaplcadapter.worker.impl.ConsumerWorkerImpl -- processingStrategy.process(record) 處理失敗: Processing failed
java.lang.RuntimeException: Processing failed
	at com.charlessun.javaplcadapter.worker.impl.ConsumerWorkerImpl.pollLoop(ConsumerWorkerImpl.java:53)
	at java.base/java.lang.Thread.run(Thread.java:1583)
11:47:51.906 [Thread-4] ERROR com.charlessun.javaplcadapter.worker.impl.ConsumerWorkerImpl -- processingStrategy.process(record) 處理失敗: Processing failed
java.lang.RuntimeException: Processing failed
	at com.charlessun.javaplcadapter.worker.impl.ConsumerWorkerImpl.pollLoop(ConsumerWorkerImpl.java:53)
	at java.base/java.lang.Thread.run(Thread.java:1583)
11:47:51.906 [Thread-4] ERROR com.charlessun.javaplcadapter.worker.impl.ConsumerWorkerImpl -- processingStrategy.process(record) 處理失敗: Processing failed
java.lang.RuntimeException: Processing failed
	at com.charlessun.javaplcadapter.worker.impl.ConsumerWorkerImpl.pollLoop(ConsumerWorkerImpl.java:53)
	at java.base/java.lang.Thread.run(Thread.java:1583)
11:47:51.906 [Thread-4] ERROR com.charlessun.javaplcadapter.worker.impl.ConsumerWorkerImpl -- processingStrategy.process(record) 處理失敗: Processing failed
java.lang.RuntimeException: Processing failed
	at com.charlessun.javaplcadapter.worker.impl.ConsumerWorkerImpl.pollLoop(ConsumerWorkerImpl.java:53)
	at java.base/java.lang.Thread.run(Thread.java:1583)
11:47:51.906 [Thread-4] ERROR com.charlessun.javaplcadapter.worker.impl.ConsumerWorkerImpl -- processingStrategy.process(record) 處理失敗: Processing failed
java.lang.RuntimeException: Processing failed
	at com.charlessun.javaplcadapter.worker.impl.ConsumerWorkerImpl.pollLoop(ConsumerWorkerImpl.java:53)
	at java.base/java.lang.Thread.run(Thread.java:1583)
11:47:51.906 [Thread-4] ERROR com.charlessun.javaplcadapter.worker.impl.ConsumerWorkerImpl -- processingStrategy.process(record) 處理失敗: Processing failed
java.lang.RuntimeException: Processing failed
	at com.charlessun.javaplcadapter.worker.impl.ConsumerWorkerImpl.pollLoop(ConsumerWorkerImpl.java:53)
	at java.base/java.lang.Thread.run(Thread.java:1583)
11:47:51.906 [Thread-4] ERROR com.charlessun.javaplcadapter.worker.impl.ConsumerWorkerImpl -- processingStrategy.process(record) 處理失敗: Processing failed
java.lang.RuntimeException: Processing failed
	at com.charlessun.javaplcadapter.worker.impl.ConsumerWorkerImpl.pollLoop(ConsumerWorkerImpl.java:53)
	at java.base/java.lang.Thread.run(Thread.java:1583)
11:47:51.906 [Thread-4] ERROR com.charlessun.javaplcadapter.worker.impl.ConsumerWorkerImpl -- processingStrategy.process(record) 處理失敗: Processing failed
java.lang.RuntimeException: Processing failed
	at com.charlessun.javaplcadapter.worker.impl.ConsumerWorkerImpl.pollLoop(ConsumerWorkerImpl.java:53)
	at java.base/java.lang.Thread.run(Thread.java:1583)
11:47:51.906 [Thread-4] ERROR com.charlessun.javaplcadapter.worker.impl.ConsumerWorkerImpl -- processingStrategy.process(record) 處理失敗: Processing failed
java.lang.RuntimeException: Processing failed
	at com.charlessun.javaplcadapter.worker.impl.ConsumerWorkerImpl.pollLoop(ConsumerWorkerImpl.java:53)
	at java.base/java.lang.Thread.run(Thread.java:1583)
11:47:51.907 [Thread-4] ERROR com.charlessun.javaplcadapter.worker.impl.ConsumerWorkerImpl -- processingStrategy.process(record) 處理失敗: Processing failed
java.lang.RuntimeException: Processing failed
	at com.charlessun.javaplcadapter.worker.impl.ConsumerWorkerImpl.pollLoop(ConsumerWorkerImpl.java:53)
	at java.base/java.lang.Thread.run(Thread.java:1583)
11:47:51.907 [Thread-4] ERROR com.charlessun.javaplcadapter.worker.impl.ConsumerWorkerImpl -- processingStrategy.process(record) 處理失敗: Processing failed
java.lang.RuntimeException: Processing failed
	at com.charlessun.javaplcadapter.worker.impl.ConsumerWorkerImpl.pollLoop(ConsumerWorkerImpl.java:53)
	at java.base/java.lang.Thread.run(Thread.java:1583)
11:47:51.907 [Thread-4] ERROR com.charlessun.javaplcadapter.worker.impl.ConsumerWorkerImpl -- processingStrategy.process(record) 處理失敗: Processing failed
java.lang.RuntimeException: Processing failed
	at com.charlessun.javaplcadapter.worker.impl.ConsumerWorkerImpl.pollLoop(ConsumerWorkerImpl.java:53)
	at java.base/java.lang.Thread.run(Thread.java:1583)
11:47:51.907 [Thread-4] ERROR com.charlessun.javaplcadapter.worker.impl.ConsumerWorkerImpl -- processingStrategy.process(record) 處理失敗: Processing failed
java.lang.RuntimeException: Processing failed
	at com.charlessun.javaplcadapter.worker.impl.ConsumerWorkerImpl.pollLoop(ConsumerWorkerImpl.java:53)
	at java.base/java.lang.Thread.run(Thread.java:1583)
11:47:51.907 [Thread-4] ERROR com.charlessun.javaplcadapter.worker.impl.ConsumerWorkerImpl -- processingStrategy.process(record) 處理失敗: Processing failed
java.lang.RuntimeException: Processing failed
	at com.charlessun.javaplcadapter.worker.impl.ConsumerWorkerImpl.pollLoop(ConsumerWorkerImpl.java:53)
	at java.base/java.lang.Thread.run(Thread.java:1583)
11:47:51.907 [Thread-4] ERROR com.charlessun.javaplcadapter.worker.impl.ConsumerWorkerImpl -- processingStrategy.process(record) 處理失敗: Processing failed
java.lang.RuntimeException: Processing failed
	at com.charlessun.javaplcadapter.worker.impl.ConsumerWorkerImpl.pollLoop(ConsumerWorkerImpl.java:53)
	at java.base/java.lang.Thread.run(Thread.java:1583)
11:47:51.907 [Thread-4] ERROR com.charlessun.javaplcadapter.worker.impl.ConsumerWorkerImpl -- processingStrategy.process(record) 處理失敗: Processing failed
java.lang.RuntimeException: Processing failed
	at com.charlessun.javaplcadapter.worker.impl.ConsumerWorkerImpl.pollLoop(ConsumerWorkerImpl.java:53)
	at java.base/java.lang.Thread.run(Thread.java:1583)
11:47:51.907 [Thread-4] ERROR com.charlessun.javaplcadapter.worker.impl.ConsumerWorkerImpl -- processingStrategy.process(record) 處理失敗: Processing failed
java.lang.RuntimeException: Processing failed
	at com.charlessun.javaplcadapter.worker.impl.ConsumerWorkerImpl.pollLoop(ConsumerWorkerImpl.java:53)
	at java.base/java.lang.Thread.run(Thread.java:1583)
11:47:51.908 [Thread-4] ERROR com.charlessun.javaplcadapter.worker.impl.ConsumerWorkerImpl -- processingStrategy.process(record) 處理失敗: Processing failed
java.lang.RuntimeException: Processing failed
	at com.charlessun.javaplcadapter.worker.impl.ConsumerWorkerImpl.pollLoop(ConsumerWorkerImpl.java:53)
	at java.base/java.lang.Thread.run(Thread.java:1583)
11:47:51.908 [Thread-4] ERROR com.charlessun.javaplcadapter.worker.impl.ConsumerWorkerImpl -- processingStrategy.process(record) 處理失敗: Processing failed
java.lang.RuntimeException: Processing failed
	at com.charlessun.javaplcadapter.worker.impl.ConsumerWorkerImpl.pollLoop(ConsumerWorkerImpl.java:53)
	at java.base/java.lang.Thread.run(Thread.java:1583)
11:47:51.908 [Thread-4] ERROR com.charlessun.javaplcadapter.worker.impl.ConsumerWorkerImpl -- processingStrategy.process(record) 處理失敗: Processing failed
java.lang.RuntimeException: Processing failed
	at com.charlessun.javaplcadapter.worker.impl.ConsumerWorkerImpl.pollLoop(ConsumerWorkerImpl.java:53)
	at java.base/java.lang.Thread.run(Thread.java:1583)
11:47:51.908 [Thread-4] ERROR com.charlessun.javaplcadapter.worker.impl.ConsumerWorkerImpl -- processingStrategy.process(record) 處理失敗: Processing failed
java.lang.RuntimeException: Processing failed
	at com.charlessun.javaplcadapter.worker.impl.ConsumerWorkerImpl.pollLoop(ConsumerWorkerImpl.java:53)
	at java.base/java.lang.Thread.run(Thread.java:1583)
11:47:51.908 [Thread-4] ERROR com.charlessun.javaplcadapter.worker.impl.ConsumerWorkerImpl -- processingStrategy.process(record) 處理失敗: Processing failed
java.lang.RuntimeException: Processing failed
	at com.charlessun.javaplcadapter.worker.impl.ConsumerWorkerImpl.pollLoop(ConsumerWorkerImpl.java:53)
	at java.base/java.lang.Thread.run(Thread.java:1583)
11:47:51.908 [Thread-4] ERROR com.charlessun.javaplcadapter.worker.impl.ConsumerWorkerImpl -- processingStrategy.process(record) 處理失敗: Processing failed
java.lang.RuntimeException: Processing failed
	at com.charlessun.javaplcadapter.worker.impl.ConsumerWorkerImpl.pollLoop(ConsumerWorkerImpl.java:53)
	at java.base/java.lang.Thread.run(Thread.java:1583)
11:47:51.908 [Thread-4] ERROR com.charlessun.javaplcadapter.worker.impl.ConsumerWorkerImpl -- processingStrategy.process(record) 處理失敗: Processing failed
java.lang.RuntimeException: Processing failed
	at com.charlessun.javaplcadapter.worker.impl.ConsumerWorkerImpl.pollLoop(ConsumerWorkerImpl.java:53)
	at java.base/java.lang.Thread.run(Thread.java:1583)
11:47:51.908 [Thread-4] ERROR com.charlessun.javaplcadapter.worker.impl.ConsumerWorkerImpl -- processingStrategy.process(record) 處理失敗: Processing failed
java.lang.RuntimeException: Processing failed
	at com.charlessun.javaplcadapter.worker.impl.ConsumerWorkerImpl.pollLoop(ConsumerWorkerImpl.java:53)
	at java.base/java.lang.Thread.run(Thread.java:1583)
11:47:51.909 [Thread-4] ERROR com.charlessun.javaplcadapter.worker.impl.ConsumerWorkerImpl -- processingStrategy.process(record) 處理失敗: Processing failed
java.lang.RuntimeException: Processing failed
	at com.charlessun.javaplcadapter.worker.impl.ConsumerWorkerImpl.pollLoop(ConsumerWorkerImpl.java:53)
	at java.base/java.lang.Thread.run(Thread.java:1583)
11:47:51.909 [Thread-4] ERROR com.charlessun.javaplcadapter.worker.impl.ConsumerWorkerImpl -- processingStrategy.process(record) 處理失敗: Processing failed
java.lang.RuntimeException: Processing failed
	at com.charlessun.javaplcadapter.worker.impl.ConsumerWorkerImpl.pollLoop(ConsumerWorkerImpl.java:53)
	at java.base/java.lang.Thread.run(Thread.java:1583)
11:47:51.909 [Thread-4] ERROR com.charlessun.javaplcadapter.worker.impl.ConsumerWorkerImpl -- processingStrategy.process(record) 處理失敗: Processing failed
java.lang.RuntimeException: Processing failed
	at com.charlessun.javaplcadapter.worker.impl.ConsumerWorkerImpl.pollLoop(ConsumerWorkerImpl.java:53)
	at java.base/java.lang.Thread.run(Thread.java:1583)
11:47:51.909 [Thread-4] ERROR com.charlessun.javaplcadapter.worker.impl.ConsumerWorkerImpl -- processingStrategy.process(record) 處理失敗: Processing failed
java.lang.RuntimeException: Processing failed
	at com.charlessun.javaplcadapter.worker.impl.ConsumerWorkerImpl.pollLoop(ConsumerWorkerImpl.java:53)
	at java.base/java.lang.Thread.run(Thread.java:1583)
11:47:51.909 [Thread-4] ERROR com.charlessun.javaplcadapter.worker.impl.ConsumerWorkerImpl -- processingStrategy.process(record) 處理失敗: Processing failed
java.lang.RuntimeException: Processing failed
	at com.charlessun.javaplcadapter.worker.impl.ConsumerWorkerImpl.pollLoop(ConsumerWorkerImpl.java:53)
	at java.base/java.lang.Thread.run(Thread.java:1583)
11:47:51.909 [Thread-4] ERROR com.charlessun.javaplcadapter.worker.impl.ConsumerWorkerImpl -- processingStrategy.process(record) 處理失敗: Processing failed
java.lang.RuntimeException: Processing failed
	at com.charlessun.javaplcadapter.worker.impl.ConsumerWorkerImpl.pollLoop(ConsumerWorkerImpl.java:53)
	at java.base/java.lang.Thread.run(Thread.java:1583)
11:47:51.909 [Thread-4] ERROR com.charlessun.javaplcadapter.worker.impl.ConsumerWorkerImpl -- processingStrategy.process(record) 處理失敗: Processing failed
java.lang.RuntimeException: Processing failed
	at com.charlessun.javaplcadapter.worker.impl.ConsumerWorkerImpl.pollLoop(ConsumerWorkerImpl.java:53)
	at java.base/java.lang.Thread.run(Thread.java:1583)
11:47:51.909 [Thread-4] ERROR com.charlessun.javaplcadapter.worker.impl.ConsumerWorkerImpl -- processingStrategy.process(record) 處理失敗: Processing failed
java.lang.RuntimeException: Processing failed
	at com.charlessun.javaplcadapter.worker.impl.ConsumerWorkerImpl.pollLoop(ConsumerWorkerImpl.java:53)
	at java.base/java.lang.Thread.run(Thread.java:1583)
11:47:51.909 [Thread-4] ERROR com.charlessun.javaplcadapter.worker.impl.ConsumerWorkerImpl -- processingStrategy.process(record) 處理失敗: Processing failed
java.lang.RuntimeException: Processing failed
	at com.charlessun.javaplcadapter.worker.impl.ConsumerWorkerImpl.pollLoop(ConsumerWorkerImpl.java:53)
	at java.base/java.lang.Thread.run(Thread.java:1583)
11:47:51.909 [Thread-4] ERROR com.charlessun.javaplcadapter.worker.impl.ConsumerWorkerImpl -- processingStrategy.process(record) 處理失敗: Processing failed
java.lang.RuntimeException: Processing failed
	at com.charlessun.javaplcadapter.worker.impl.ConsumerWorkerImpl.pollLoop(ConsumerWorkerImpl.java:53)
	at java.base/java.lang.Thread.run(Thread.java:1583)
11:47:51.909 [Thread-4] ERROR com.charlessun.javaplcadapter.worker.impl.ConsumerWorkerImpl -- processingStrategy.process(record) 處理失敗: Processing failed
java.lang.RuntimeException: Processing failed
	at com.charlessun.javaplcadapter.worker.impl.ConsumerWorkerImpl.pollLoop(ConsumerWorkerImpl.java:53)
	at java.base/java.lang.Thread.run(Thread.java:1583)
11:47:51.910 [Thread-4] ERROR com.charlessun.javaplcadapter.worker.impl.ConsumerWorkerImpl -- processingStrategy.process(record) 處理失敗: Processing failed
java.lang.RuntimeException: Processing failed
	at com.charlessun.javaplcadapter.worker.impl.ConsumerWorkerImpl.pollLoop(ConsumerWorkerImpl.java:53)
	at java.base/java.lang.Thread.run(Thread.java:1583)
11:47:51.910 [Thread-4] ERROR com.charlessun.javaplcadapter.worker.impl.ConsumerWorkerImpl -- processingStrategy.process(record) 處理失敗: Processing failed
java.lang.RuntimeException: Processing failed
	at com.charlessun.javaplcadapter.worker.impl.ConsumerWorkerImpl.pollLoop(ConsumerWorkerImpl.java:53)
	at java.base/java.lang.Thread.run(Thread.java:1583)
11:47:51.910 [Thread-4] ERROR com.charlessun.javaplcadapter.worker.impl.ConsumerWorkerImpl -- processingStrategy.process(record) 處理失敗: Processing failed
java.lang.RuntimeException: Processing failed
	at com.charlessun.javaplcadapter.worker.impl.ConsumerWorkerImpl.pollLoop(ConsumerWorkerImpl.java:53)
	at java.base/java.lang.Thread.run(Thread.java:1583)
11:47:51.910 [Thread-4] ERROR com.charlessun.javaplcadapter.worker.impl.ConsumerWorkerImpl -- processingStrategy.process(record) 處理失敗: Processing failed
java.lang.RuntimeException: Processing failed
	at com.charlessun.javaplcadapter.worker.impl.ConsumerWorkerImpl.pollLoop(ConsumerWorkerImpl.java:53)
	at java.base/java.lang.Thread.run(Thread.java:1583)
11:47:51.910 [Thread-4] ERROR com.charlessun.javaplcadapter.worker.impl.ConsumerWorkerImpl -- processingStrategy.process(record) 處理失敗: Processing failed
java.lang.RuntimeException: Processing failed
	at com.charlessun.javaplcadapter.worker.impl.ConsumerWorkerImpl.pollLoop(ConsumerWorkerImpl.java:53)
	at java.base/java.lang.Thread.run(Thread.java:1583)
11:47:51.910 [Thread-4] ERROR com.charlessun.javaplcadapter.worker.impl.ConsumerWorkerImpl -- processingStrategy.process(record) 處理失敗: Processing failed
java.lang.RuntimeException: Processing failed
	at com.charlessun.javaplcadapter.worker.impl.ConsumerWorkerImpl.pollLoop(ConsumerWorkerImpl.java:53)
	at java.base/java.lang.Thread.run(Thread.java:1583)
11:47:51.910 [Thread-4] ERROR com.charlessun.javaplcadapter.worker.impl.ConsumerWorkerImpl -- processingStrategy.process(record) 處理失敗: Processing failed
java.lang.RuntimeException: Processing failed
	at com.charlessun.javaplcadapter.worker.impl.ConsumerWorkerImpl.pollLoop(ConsumerWorkerImpl.java:53)
	at java.base/java.lang.Thread.run(Thread.java:1583)
11:47:51.910 [Thread-4] ERROR com.charlessun.javaplcadapter.worker.impl.ConsumerWorkerImpl -- processingStrategy.process(record) 處理失敗: Processing failed
java.lang.RuntimeException: Processing failed
	at com.charlessun.javaplcadapter.worker.impl.ConsumerWorkerImpl.pollLoop(ConsumerWorkerImpl.java:53)
	at java.base/java.lang.Thread.run(Thread.java:1583)
11:47:51.910 [Thread-4] ERROR com.charlessun.javaplcadapter.worker.impl.ConsumerWorkerImpl -- processingStrategy.process(record) 處理失敗: Processing failed
java.lang.RuntimeException: Processing failed
	at com.charlessun.javaplcadapter.worker.impl.ConsumerWorkerImpl.pollLoop(ConsumerWorkerImpl.java:53)
	at java.base/java.lang.Thread.run(Thread.java:1583)
11:47:51.910 [Thread-4] ERROR com.charlessun.javaplcadapter.worker.impl.ConsumerWorkerImpl -- processingStrategy.process(record) 處理失敗: Processing failed
java.lang.RuntimeException: Processing failed
	at com.charlessun.javaplcadapter.worker.impl.ConsumerWorkerImpl.pollLoop(ConsumerWorkerImpl.java:53)
	at java.base/java.lang.Thread.run(Thread.java:1583)
11:47:51.911 [Thread-4] ERROR com.charlessun.javaplcadapter.worker.impl.ConsumerWorkerImpl -- processingStrategy.process(record) 處理失敗: Processing failed
java.lang.RuntimeException: Processing failed
	at com.charlessun.javaplcadapter.worker.impl.ConsumerWorkerImpl.pollLoop(ConsumerWorkerImpl.java:53)
	at java.base/java.lang.Thread.run(Thread.java:1583)
11:47:51.911 [Thread-4] ERROR com.charlessun.javaplcadapter.worker.impl.ConsumerWorkerImpl -- processingStrategy.process(record) 處理失敗: Processing failed
java.lang.RuntimeException: Processing failed
	at com.charlessun.javaplcadapter.worker.impl.ConsumerWorkerImpl.pollLoop(ConsumerWorkerImpl.java:53)
	at java.base/java.lang.Thread.run(Thread.java:1583)
11:47:51.911 [Thread-4] ERROR com.charlessun.javaplcadapter.worker.impl.ConsumerWorkerImpl -- processingStrategy.process(record) 處理失敗: Processing failed
java.lang.RuntimeException: Processing failed
	at com.charlessun.javaplcadapter.worker.impl.ConsumerWorkerImpl.pollLoop(ConsumerWorkerImpl.java:53)
	at java.base/java.lang.Thread.run(Thread.java:1583)
11:47:51.911 [Thread-4] ERROR com.charlessun.javaplcadapter.worker.impl.ConsumerWorkerImpl -- processingStrategy.process(record) 處理失敗: Processing failed
java.lang.RuntimeException: Processing failed
	at com.charlessun.javaplcadapter.worker.impl.ConsumerWorkerImpl.pollLoop(ConsumerWorkerImpl.java:53)
	at java.base/java.lang.Thread.run(Thread.java:1583)
11:47:51.911 [Thread-4] ERROR com.charlessun.javaplcadapter.worker.impl.ConsumerWorkerImpl -- processingStrategy.process(record) 處理失敗: Processing failed
java.lang.RuntimeException: Processing failed
	at com.charlessun.javaplcadapter.worker.impl.ConsumerWorkerImpl.pollLoop(ConsumerWorkerImpl.java:53)
	at java.base/java.lang.Thread.run(Thread.java:1583)
11:47:51.911 [Thread-4] ERROR com.charlessun.javaplcadapter.worker.impl.ConsumerWorkerImpl -- processingStrategy.process(record) 處理失敗: Processing failed
java.lang.RuntimeException: Processing failed
	at com.charlessun.javaplcadapter.worker.impl.ConsumerWorkerImpl.pollLoop(ConsumerWorkerImpl.java:53)
	at java.base/java.lang.Thread.run(Thread.java:1583)
11:47:51.911 [Thread-4] ERROR com.charlessun.javaplcadapter.worker.impl.ConsumerWorkerImpl -- processingStrategy.process(record) 處理失敗: Processing failed
java.lang.RuntimeException: Processing failed
	at com.charlessun.javaplcadapter.worker.impl.ConsumerWorkerImpl.pollLoop(ConsumerWorkerImpl.java:53)
	at java.base/java.lang.Thread.run(Thread.java:1583)
11:47:51.911 [Thread-4] ERROR com.charlessun.javaplcadapter.worker.impl.ConsumerWorkerImpl -- processingStrategy.process(record) 處理失敗: Processing failed
java.lang.RuntimeException: Processing failed
	at com.charlessun.javaplcadapter.worker.impl.ConsumerWorkerImpl.pollLoop(ConsumerWorkerImpl.java:53)
	at java.base/java.lang.Thread.run(Thread.java:1583)
11:47:51.912 [Thread-4] ERROR com.charlessun.javaplcadapter.worker.impl.ConsumerWorkerImpl -- processingStrategy.process(record) 處理失敗: Processing failed
java.lang.RuntimeException: Processing failed
	at com.charlessun.javaplcadapter.worker.impl.ConsumerWorkerImpl.pollLoop(ConsumerWorkerImpl.java:53)
	at java.base/java.lang.Thread.run(Thread.java:1583)
11:47:51.912 [Thread-4] ERROR com.charlessun.javaplcadapter.worker.impl.ConsumerWorkerImpl -- processingStrategy.process(record) 處理失敗: Processing failed
java.lang.RuntimeException: Processing failed
	at com.charlessun.javaplcadapter.worker.impl.ConsumerWorkerImpl.pollLoop(ConsumerWorkerImpl.java:53)
	at java.base/java.lang.Thread.run(Thread.java:1583)
11:47:51.912 [Thread-4] ERROR com.charlessun.javaplcadapter.worker.impl.ConsumerWorkerImpl -- processingStrategy.process(record) 處理失敗: Processing failed
java.lang.RuntimeException: Processing failed
	at com.charlessun.javaplcadapter.worker.impl.ConsumerWorkerImpl.pollLoop(ConsumerWorkerImpl.java:53)
	at java.base/java.lang.Thread.run(Thread.java:1583)
11:47:51.912 [Thread-4] ERROR com.charlessun.javaplcadapter.worker.impl.ConsumerWorkerImpl -- processingStrategy.process(record) 處理失敗: Processing failed
java.lang.RuntimeException: Processing failed
	at com.charlessun.javaplcadapter.worker.impl.ConsumerWorkerImpl.pollLoop(ConsumerWorkerImpl.java:53)
	at java.base/java.lang.Thread.run(Thread.java:1583)
11:47:51.912 [Thread-4] ERROR com.charlessun.javaplcadapter.worker.impl.ConsumerWorkerImpl -- processingStrategy.process(record) 處理失敗: Processing failed
java.lang.RuntimeException: Processing failed
	at com.charlessun.javaplcadapter.worker.impl.ConsumerWorkerImpl.pollLoop(ConsumerWorkerImpl.java:53)
	at java.base/java.lang.Thread.run(Thread.java:1583)
11:47:51.912 [Thread-4] ERROR com.charlessun.javaplcadapter.worker.impl.ConsumerWorkerImpl -- processingStrategy.process(record) 處理失敗: Processing failed
java.lang.RuntimeException: Processing failed
	at com.charlessun.javaplcadapter.worker.impl.ConsumerWorkerImpl.pollLoop(ConsumerWorkerImpl.java:53)
	at java.base/java.lang.Thread.run(Thread.java:1583)
11:47:51.912 [Thread-4] ERROR com.charlessun.javaplcadapter.worker.impl.ConsumerWorkerImpl -- processingStrategy.process(record) 處理失敗: Processing failed
java.lang.RuntimeException: Processing failed
	at com.charlessun.javaplcadapter.worker.impl.ConsumerWorkerImpl.pollLoop(ConsumerWorkerImpl.java:53)
	at java.base/java.lang.Thread.run(Thread.java:1583)
11:47:51.913 [Thread-4] ERROR com.charlessun.javaplcadapter.worker.impl.ConsumerWorkerImpl -- processingStrategy.process(record) 處理失敗: Processing failed
java.lang.RuntimeException: Processing failed
	at com.charlessun.javaplcadapter.worker.impl.ConsumerWorkerImpl.pollLoop(ConsumerWorkerImpl.java:53)
	at java.base/java.lang.Thread.run(Thread.java:1583)
11:47:51.914 [Thread-4] ERROR com.charlessun.javaplcadapter.worker.impl.ConsumerWorkerImpl -- processingStrategy.process(record) 處理失敗: Processing failed
java.lang.RuntimeException: Processing failed
	at com.charlessun.javaplcadapter.worker.impl.ConsumerWorkerImpl.pollLoop(ConsumerWorkerImpl.java:53)
	at java.base/java.lang.Thread.run(Thread.java:1583)
11:47:51.914 [Thread-4] ERROR com.charlessun.javaplcadapter.worker.impl.ConsumerWorkerImpl -- processingStrategy.process(record) 處理失敗: Processing failed
java.lang.RuntimeException: Processing failed
	at com.charlessun.javaplcadapter.worker.impl.ConsumerWorkerImpl.pollLoop(ConsumerWorkerImpl.java:53)
	at java.base/java.lang.Thread.run(Thread.java:1583)
11:47:51.914 [Thread-4] ERROR com.charlessun.javaplcadapter.worker.impl.ConsumerWorkerImpl -- processingStrategy.process(record) 處理失敗: Processing failed
java.lang.RuntimeException: Processing failed
	at com.charlessun.javaplcadapter.worker.impl.ConsumerWorkerImpl.pollLoop(ConsumerWorkerImpl.java:53)
	at java.base/java.lang.Thread.run(Thread.java:1583)
11:47:51.914 [Thread-4] ERROR com.charlessun.javaplcadapter.worker.impl.ConsumerWorkerImpl -- processingStrategy.process(record) 處理失敗: Processing failed
java.lang.RuntimeException: Processing failed
	at com.charlessun.javaplcadapter.worker.impl.ConsumerWorkerImpl.pollLoop(ConsumerWorkerImpl.java:53)
	at java.base/java.lang.Thread.run(Thread.java:1583)
11:47:51.914 [Thread-4] ERROR com.charlessun.javaplcadapter.worker.impl.ConsumerWorkerImpl -- processingStrategy.process(record) 處理失敗: Processing failed
java.lang.RuntimeException: Processing failed
	at com.charlessun.javaplcadapter.worker.impl.ConsumerWorkerImpl.pollLoop(ConsumerWorkerImpl.java:53)
	at java.base/java.lang.Thread.run(Thread.java:1583)
11:47:51.914 [Thread-4] ERROR com.charlessun.javaplcadapter.worker.impl.ConsumerWorkerImpl -- processingStrategy.process(record) 處理失敗: Processing failed
java.lang.RuntimeException: Processing failed
	at com.charlessun.javaplcadapter.worker.impl.ConsumerWorkerImpl.pollLoop(ConsumerWorkerImpl.java:53)
	at java.base/java.lang.Thread.run(Thread.java:1583)
11:47:51.914 [Thread-4] ERROR com.charlessun.javaplcadapter.worker.impl.ConsumerWorkerImpl -- processingStrategy.process(record) 處理失敗: Processing failed
java.lang.RuntimeException: Processing failed
	at com.charlessun.javaplcadapter.worker.impl.ConsumerWorkerImpl.pollLoop(ConsumerWorkerImpl.java:53)
	at java.base/java.lang.Thread.run(Thread.java:1583)
11:47:51.914 [Thread-4] ERROR com.charlessun.javaplcadapter.worker.impl.ConsumerWorkerImpl -- processingStrategy.process(record) 處理失敗: Processing failed
java.lang.RuntimeException: Processing failed
	at com.charlessun.javaplcadapter.worker.impl.ConsumerWorkerImpl.pollLoop(ConsumerWorkerImpl.java:53)
	at java.base/java.lang.Thread.run(Thread.java:1583)
11:47:51.914 [Thread-4] ERROR com.charlessun.javaplcadapter.worker.impl.ConsumerWorkerImpl -- processingStrategy.process(record) 處理失敗: Processing failed
java.lang.RuntimeException: Processing failed
	at com.charlessun.javaplcadapter.worker.impl.ConsumerWorkerImpl.pollLoop(ConsumerWorkerImpl.java:53)
	at java.base/java.lang.Thread.run(Thread.java:1583)
11:47:51.914 [Thread-4] ERROR com.charlessun.javaplcadapter.worker.impl.ConsumerWorkerImpl -- processingStrategy.process(record) 處理失敗: Processing failed
java.lang.RuntimeException: Processing failed
	at com.charlessun.javaplcadapter.worker.impl.ConsumerWorkerImpl.pollLoop(ConsumerWorkerImpl.java:53)
	at java.base/java.lang.Thread.run(Thread.java:1583)
11:47:51.915 [Thread-4] ERROR com.charlessun.javaplcadapter.worker.impl.ConsumerWorkerImpl -- processingStrategy.process(record) 處理失敗: Processing failed
java.lang.RuntimeException: Processing failed
	at com.charlessun.javaplcadapter.worker.impl.ConsumerWorkerImpl.pollLoop(ConsumerWorkerImpl.java:53)
	at java.base/java.lang.Thread.run(Thread.java:1583)
11:47:51.915 [Thread-4] ERROR com.charlessun.javaplcadapter.worker.impl.ConsumerWorkerImpl -- processingStrategy.process(record) 處理失敗: Processing failed
java.lang.RuntimeException: Processing failed
	at com.charlessun.javaplcadapter.worker.impl.ConsumerWorkerImpl.pollLoop(ConsumerWorkerImpl.java:53)
	at java.base/java.lang.Thread.run(Thread.java:1583)
11:47:51.915 [Thread-4] ERROR com.charlessun.javaplcadapter.worker.impl.ConsumerWorkerImpl -- processingStrategy.process(record) 處理失敗: Processing failed
java.lang.RuntimeException: Processing failed
	at com.charlessun.javaplcadapter.worker.impl.ConsumerWorkerImpl.pollLoop(ConsumerWorkerImpl.java:53)
	at java.base/java.lang.Thread.run(Thread.java:1583)
11:47:51.915 [Thread-4] ERROR com.charlessun.javaplcadapter.worker.impl.ConsumerWorkerImpl -- processingStrategy.process(record) 處理失敗: Processing failed
java.lang.RuntimeException: Processing failed
	at com.charlessun.javaplcadapter.worker.impl.ConsumerWorkerImpl.pollLoop(ConsumerWorkerImpl.java:53)
	at java.base/java.lang.Thread.run(Thread.java:1583)
11:47:51.915 [Thread-4] ERROR com.charlessun.javaplcadapter.worker.impl.ConsumerWorkerImpl -- processingStrategy.process(record) 處理失敗: Processing failed
java.lang.RuntimeException: Processing failed
	at com.charlessun.javaplcadapter.worker.impl.ConsumerWorkerImpl.pollLoop(ConsumerWorkerImpl.java:53)
	at java.base/java.lang.Thread.run(Thread.java:1583)
11:47:51.915 [Thread-4] ERROR com.charlessun.javaplcadapter.worker.impl.ConsumerWorkerImpl -- processingStrategy.process(record) 處理失敗: Processing failed
java.lang.RuntimeException: Processing failed
	at com.charlessun.javaplcadapter.worker.impl.ConsumerWorkerImpl.pollLoop(ConsumerWorkerImpl.java:53)
	at java.base/java.lang.Thread.run(Thread.java:1583)
11:47:51.915 [Thread-4] ERROR com.charlessun.javaplcadapter.worker.impl.ConsumerWorkerImpl -- processingStrategy.process(record) 處理失敗: Processing failed
java.lang.RuntimeException: Processing failed
	at com.charlessun.javaplcadapter.worker.impl.ConsumerWorkerImpl.pollLoop(ConsumerWorkerImpl.java:53)
	at java.base/java.lang.Thread.run(Thread.java:1583)
11:47:51.915 [Thread-4] ERROR com.charlessun.javaplcadapter.worker.impl.ConsumerWorkerImpl -- processingStrategy.process(record) 處理失敗: Processing failed
java.lang.RuntimeException: Processing failed
	at com.charlessun.javaplcadapter.worker.impl.ConsumerWorkerImpl.pollLoop(ConsumerWorkerImpl.java:53)
	at java.base/java.lang.Thread.run(Thread.java:1583)
11:47:51.915 [Thread-4] ERROR com.charlessun.javaplcadapter.worker.impl.ConsumerWorkerImpl -- processingStrategy.process(record) 處理失敗: Processing failed
java.lang.RuntimeException: Processing failed
	at com.charlessun.javaplcadapter.worker.impl.ConsumerWorkerImpl.pollLoop(ConsumerWorkerImpl.java:53)
	at java.base/java.lang.Thread.run(Thread.java:1583)
11:47:51.915 [Thread-4] ERROR com.charlessun.javaplcadapter.worker.impl.ConsumerWorkerImpl -- processingStrategy.process(record) 處理失敗: Processing failed
java.lang.RuntimeException: Processing failed
	at com.charlessun.javaplcadapter.worker.impl.ConsumerWorkerImpl.pollLoop(ConsumerWorkerImpl.java:53)
	at java.base/java.lang.Thread.run(Thread.java:1583)
11:47:51.916 [Thread-4] ERROR com.charlessun.javaplcadapter.worker.impl.ConsumerWorkerImpl -- processingStrategy.process(record) 處理失敗: Processing failed
java.lang.RuntimeException: Processing failed
	at com.charlessun.javaplcadapter.worker.impl.ConsumerWorkerImpl.pollLoop(ConsumerWorkerImpl.java:53)
	at java.base/java.lang.Thread.run(Thread.java:1583)
11:47:51.916 [Thread-4] ERROR com.charlessun.javaplcadapter.worker.impl.ConsumerWorkerImpl -- processingStrategy.process(record) 處理失敗: Processing failed
java.lang.RuntimeException: Processing failed
	at com.charlessun.javaplcadapter.worker.impl.ConsumerWorkerImpl.pollLoop(ConsumerWorkerImpl.java:53)
	at java.base/java.lang.Thread.run(Thread.java:1583)
11:47:51.916 [Thread-4] ERROR com.charlessun.javaplcadapter.worker.impl.ConsumerWorkerImpl -- processingStrategy.process(record) 處理失敗: Processing failed
java.lang.RuntimeException: Processing failed
	at com.charlessun.javaplcadapter.worker.impl.ConsumerWorkerImpl.pollLoop(ConsumerWorkerImpl.java:53)
	at java.base/java.lang.Thread.run(Thread.java:1583)
11:47:51.916 [Thread-4] ERROR com.charlessun.javaplcadapter.worker.impl.ConsumerWorkerImpl -- processingStrategy.process(record) 處理失敗: Processing failed
java.lang.RuntimeException: Processing failed
	at com.charlessun.javaplcadapter.worker.impl.ConsumerWorkerImpl.pollLoop(ConsumerWorkerImpl.java:53)
	at java.base/java.lang.Thread.run(Thread.java:1583)
11:47:51.916 [Thread-4] ERROR com.charlessun.javaplcadapter.worker.impl.ConsumerWorkerImpl -- processingStrategy.process(record) 處理失敗: Processing failed
java.lang.RuntimeException: Processing failed
	at com.charlessun.javaplcadapter.worker.impl.ConsumerWorkerImpl.pollLoop(ConsumerWorkerImpl.java:53)
	at java.base/java.lang.Thread.run(Thread.java:1583)
11:47:51.916 [Thread-4] ERROR com.charlessun.javaplcadapter.worker.impl.ConsumerWorkerImpl -- processingStrategy.process(record) 處理失敗: Processing failed
java.lang.RuntimeException: Processing failed
	at com.charlessun.javaplcadapter.worker.impl.ConsumerWorkerImpl.pollLoop(ConsumerWorkerImpl.java:53)
	at java.base/java.lang.Thread.run(Thread.java:1583)
11:47:51.916 [Thread-4] ERROR com.charlessun.javaplcadapter.worker.impl.ConsumerWorkerImpl -- processingStrategy.process(record) 處理失敗: Processing failed
java.lang.RuntimeException: Processing failed
	at com.charlessun.javaplcadapter.worker.impl.ConsumerWorkerImpl.pollLoop(ConsumerWorkerImpl.java:53)
	at java.base/java.lang.Thread.run(Thread.java:1583)
11:47:51.916 [Thread-4] ERROR com.charlessun.javaplcadapter.worker.impl.ConsumerWorkerImpl -- processingStrategy.process(record) 處理失敗: Processing failed
java.lang.RuntimeException: Processing failed
	at com.charlessun.javaplcadapter.worker.impl.ConsumerWorkerImpl.pollLoop(ConsumerWorkerImpl.java:53)
	at java.base/java.lang.Thread.run(Thread.java:1583)
11:47:51.916 [Thread-4] ERROR com.charlessun.javaplcadapter.worker.impl.ConsumerWorkerImpl -- processingStrategy.process(record) 處理失敗: Processing failed
java.lang.RuntimeException: Processing failed
	at com.charlessun.javaplcadapter.worker.impl.ConsumerWorkerImpl.pollLoop(ConsumerWorkerImpl.java:53)
	at java.base/java.lang.Thread.run(Thread.java:1583)
11:47:51.916 [Thread-4] ERROR com.charlessun.javaplcadapter.worker.impl.ConsumerWorkerImpl -- processingStrategy.process(record) 處理失敗: Processing failed
java.lang.RuntimeException: Processing failed
	at com.charlessun.javaplcadapter.worker.impl.ConsumerWorkerImpl.pollLoop(ConsumerWorkerImpl.java:53)
	at java.base/java.lang.Thread.run(Thread.java:1583)
11:47:51.917 [Thread-4] ERROR com.charlessun.javaplcadapter.worker.impl.ConsumerWorkerImpl -- processingStrategy.process(record) 處理失敗: Processing failed
java.lang.RuntimeException: Processing failed
	at com.charlessun.javaplcadapter.worker.impl.ConsumerWorkerImpl.pollLoop(ConsumerWorkerImpl.java:53)
	at java.base/java.lang.Thread.run(Thread.java:1583)
11:47:51.917 [Thread-4] ERROR com.charlessun.javaplcadapter.worker.impl.ConsumerWorkerImpl -- processingStrategy.process(record) 處理失敗: Processing failed
java.lang.RuntimeException: Processing failed
	at com.charlessun.javaplcadapter.worker.impl.ConsumerWorkerImpl.pollLoop(ConsumerWorkerImpl.java:53)
	at java.base/java.lang.Thread.run(Thread.java:1583)
11:47:51.917 [Thread-4] ERROR com.charlessun.javaplcadapter.worker.impl.ConsumerWorkerImpl -- processingStrategy.process(record) 處理失敗: Processing failed
java.lang.RuntimeException: Processing failed
	at com.charlessun.javaplcadapter.worker.impl.ConsumerWorkerImpl.pollLoop(ConsumerWorkerImpl.java:53)
	at java.base/java.lang.Thread.run(Thread.java:1583)
11:47:51.917 [Thread-4] ERROR com.charlessun.javaplcadapter.worker.impl.ConsumerWorkerImpl -- processingStrategy.process(record) 處理失敗: Processing failed
java.lang.RuntimeException: Processing failed
	at com.charlessun.javaplcadapter.worker.impl.ConsumerWorkerImpl.pollLoop(ConsumerWorkerImpl.java:53)
	at java.base/java.lang.Thread.run(Thread.java:1583)
11:47:51.917 [Thread-4] ERROR com.charlessun.javaplcadapter.worker.impl.ConsumerWorkerImpl -- processingStrategy.process(record) 處理失敗: Processing failed
java.lang.RuntimeException: Processing failed
	at com.charlessun.javaplcadapter.worker.impl.ConsumerWorkerImpl.pollLoop(ConsumerWorkerImpl.java:53)
	at java.base/java.lang.Thread.run(Thread.java:1583)
11:47:51.917 [Thread-4] ERROR com.charlessun.javaplcadapter.worker.impl.ConsumerWorkerImpl -- processingStrategy.process(record) 處理失敗: Processing failed
java.lang.RuntimeException: Processing failed
	at com.charlessun.javaplcadapter.worker.impl.ConsumerWorkerImpl.pollLoop(ConsumerWorkerImpl.java:53)
	at java.base/java.lang.Thread.run(Thread.java:1583)
11:47:51.917 [Thread-4] ERROR com.charlessun.javaplcadapter.worker.impl.ConsumerWorkerImpl -- processingStrategy.process(record) 處理失敗: Processing failed
java.lang.RuntimeException: Processing failed
	at com.charlessun.javaplcadapter.worker.impl.ConsumerWorkerImpl.pollLoop(ConsumerWorkerImpl.java:53)
	at java.base/java.lang.Thread.run(Thread.java:1583)
11:47:51.917 [Thread-4] ERROR com.charlessun.javaplcadapter.worker.impl.ConsumerWorkerImpl -- processingStrategy.process(record) 處理失敗: Processing failed
java.lang.RuntimeException: Processing failed
	at com.charlessun.javaplcadapter.worker.impl.ConsumerWorkerImpl.pollLoop(ConsumerWorkerImpl.java:53)
	at java.base/java.lang.Thread.run(Thread.java:1583)
11:47:51.917 [Thread-4] ERROR com.charlessun.javaplcadapter.worker.impl.ConsumerWorkerImpl -- processingStrategy.process(record) 處理失敗: Processing failed
java.lang.RuntimeException: Processing failed
	at com.charlessun.javaplcadapter.worker.impl.ConsumerWorkerImpl.pollLoop(ConsumerWorkerImpl.java:53)
	at java.base/java.lang.Thread.run(Thread.java:1583)
11:47:51.918 [Thread-4] ERROR com.charlessun.javaplcadapter.worker.impl.ConsumerWorkerImpl -- processingStrategy.process(record) 處理失敗: Processing failed
java.lang.RuntimeException: Processing failed
	at com.charlessun.javaplcadapter.worker.impl.ConsumerWorkerImpl.pollLoop(ConsumerWorkerImpl.java:53)
	at java.base/java.lang.Thread.run(Thread.java:1583)
11:47:51.918 [Thread-4] ERROR com.charlessun.javaplcadapter.worker.impl.ConsumerWorkerImpl -- processingStrategy.process(record) 處理失敗: Processing failed
java.lang.RuntimeException: Processing failed
	at com.charlessun.javaplcadapter.worker.impl.ConsumerWorkerImpl.pollLoop(ConsumerWorkerImpl.java:53)
	at java.base/java.lang.Thread.run(Thread.java:1583)
11:47:51.918 [Thread-4] ERROR com.charlessun.javaplcadapter.worker.impl.ConsumerWorkerImpl -- processingStrategy.process(record) 處理失敗: Processing failed
java.lang.RuntimeException: Processing failed
	at com.charlessun.javaplcadapter.worker.impl.ConsumerWorkerImpl.pollLoop(ConsumerWorkerImpl.java:53)
	at java.base/java.lang.Thread.run(Thread.java:1583)
11:47:51.918 [Thread-4] ERROR com.charlessun.javaplcadapter.worker.impl.ConsumerWorkerImpl -- processingStrategy.process(record) 處理失敗: Processing failed
java.lang.RuntimeException: Processing failed
	at com.charlessun.javaplcadapter.worker.impl.ConsumerWorkerImpl.pollLoop(ConsumerWorkerImpl.java:53)
	at java.base/java.lang.Thread.run(Thread.java:1583)
11:47:51.918 [Thread-4] ERROR com.charlessun.javaplcadapter.worker.impl.ConsumerWorkerImpl -- processingStrategy.process(record) 處理失敗: Processing failed
java.lang.RuntimeException: Processing failed
	at com.charlessun.javaplcadapter.worker.impl.ConsumerWorkerImpl.pollLoop(ConsumerWorkerImpl.java:53)
	at java.base/java.lang.Thread.run(Thread.java:1583)
11:47:51.919 [Thread-4] ERROR com.charlessun.javaplcadapter.worker.impl.ConsumerWorkerImpl -- processingStrategy.process(record) 處理失敗: Processing failed
java.lang.RuntimeException: Processing failed
	at com.charlessun.javaplcadapter.worker.impl.ConsumerWorkerImpl.pollLoop(ConsumerWorkerImpl.java:53)
	at java.base/java.lang.Thread.run(Thread.java:1583)
11:47:51.919 [Thread-4] ERROR com.charlessun.javaplcadapter.worker.impl.ConsumerWorkerImpl -- processingStrategy.process(record) 處理失敗: Processing failed
java.lang.RuntimeException: Processing failed
	at com.charlessun.javaplcadapter.worker.impl.ConsumerWorkerImpl.pollLoop(ConsumerWorkerImpl.java:53)
	at java.base/java.lang.Thread.run(Thread.java:1583)
11:47:51.919 [Thread-4] ERROR com.charlessun.javaplcadapter.worker.impl.ConsumerWorkerImpl -- processingStrategy.process(record) 處理失敗: Processing failed
java.lang.RuntimeException: Processing failed
	at com.charlessun.javaplcadapter.worker.impl.ConsumerWorkerImpl.pollLoop(ConsumerWorkerImpl.java:53)
	at java.base/java.lang.Thread.run(Thread.java:1583)
11:47:51.919 [Thread-4] ERROR com.charlessun.javaplcadapter.worker.impl.ConsumerWorkerImpl -- processingStrategy.process(record) 處理失敗: Processing failed
java.lang.RuntimeException: Processing failed
	at com.charlessun.javaplcadapter.worker.impl.ConsumerWorkerImpl.pollLoop(ConsumerWorkerImpl.java:53)
	at java.base/java.lang.Thread.run(Thread.java:1583)
11:47:51.919 [Thread-4] ERROR com.charlessun.javaplcadapter.worker.impl.ConsumerWorkerImpl -- processingStrategy.process(record) 處理失敗: Processing failed
java.lang.RuntimeException: Processing failed
	at com.charlessun.javaplcadapter.worker.impl.ConsumerWorkerImpl.pollLoop(ConsumerWorkerImpl.java:53)
	at java.base/java.lang.Thread.run(Thread.java:1583)
11:47:51.920 [Thread-4] ERROR com.charlessun.javaplcadapter.worker.impl.ConsumerWorkerImpl -- processingStrategy.process(record) 處理失敗: Processing failed
java.lang.RuntimeException: Processing failed
	at com.charlessun.javaplcadapter.worker.impl.ConsumerWorkerImpl.pollLoop(ConsumerWorkerImpl.java:53)
	at java.base/java.lang.Thread.run(Thread.java:1583)
11:47:51.920 [Thread-4] ERROR com.charlessun.javaplcadapter.worker.impl.ConsumerWorkerImpl -- processingStrategy.process(record) 處理失敗: Processing failed
java.lang.RuntimeException: Processing failed
	at com.charlessun.javaplcadapter.worker.impl.ConsumerWorkerImpl.pollLoop(ConsumerWorkerImpl.java:53)
	at java.base/java.lang.Thread.run(Thread.java:1583)
11:47:51.920 [Thread-4] ERROR com.charlessun.javaplcadapter.worker.impl.ConsumerWorkerImpl -- processingStrategy.process(record) 處理失敗: Processing failed
java.lang.RuntimeException: Processing failed
	at com.charlessun.javaplcadapter.worker.impl.ConsumerWorkerImpl.pollLoop(ConsumerWorkerImpl.java:53)
	at java.base/java.lang.Thread.run(Thread.java:1583)
11:47:51.921 [Thread-4] ERROR com.charlessun.javaplcadapter.worker.impl.ConsumerWorkerImpl -- processingStrategy.process(record) 處理失敗: Processing failed
java.lang.RuntimeException: Processing failed
	at com.charlessun.javaplcadapter.worker.impl.ConsumerWorkerImpl.pollLoop(ConsumerWorkerImpl.java:53)
	at java.base/java.lang.Thread.run(Thread.java:1583)
11:47:51.921 [Thread-4] ERROR com.charlessun.javaplcadapter.worker.impl.ConsumerWorkerImpl -- processingStrategy.process(record) 處理失敗: Processing failed
java.lang.RuntimeException: Processing failed
	at com.charlessun.javaplcadapter.worker.impl.ConsumerWorkerImpl.pollLoop(ConsumerWorkerImpl.java:53)
	at java.base/java.lang.Thread.run(Thread.java:1583)
11:47:51.921 [Thread-4] ERROR com.charlessun.javaplcadapter.worker.impl.ConsumerWorkerImpl -- processingStrategy.process(record) 處理失敗: Processing failed
java.lang.RuntimeException: Processing failed
	at com.charlessun.javaplcadapter.worker.impl.ConsumerWorkerImpl.pollLoop(ConsumerWorkerImpl.java:53)
	at java.base/java.lang.Thread.run(Thread.java:1583)
11:47:51.922 [Thread-4] ERROR com.charlessun.javaplcadapter.worker.impl.ConsumerWorkerImpl -- processingStrategy.process(record) 處理失敗: Processing failed
java.lang.RuntimeException: Processing failed
	at com.charlessun.javaplcadapter.worker.impl.ConsumerWorkerImpl.pollLoop(ConsumerWorkerImpl.java:53)
	at java.base/java.lang.Thread.run(Thread.java:1583)
11:47:51.924 [Thread-4] ERROR com.charlessun.javaplcadapter.worker.impl.ConsumerWorkerImpl -- processingStrategy.process(record) 處理失敗: Processing failed
java.lang.RuntimeException: Processing failed
	at com.charlessun.javaplcadapter.worker.impl.ConsumerWorkerImpl.pollLoop(ConsumerWorkerImpl.java:53)
	at java.base/java.lang.Thread.run(Thread.java:1583)
11:47:51.924 [Thread-4] ERROR com.charlessun.javaplcadapter.worker.impl.ConsumerWorkerImpl -- processingStrategy.process(record) 處理失敗: Processing failed
java.lang.RuntimeException: Processing failed
	at com.charlessun.javaplcadapter.worker.impl.ConsumerWorkerImpl.pollLoop(ConsumerWorkerImpl.java:53)
	at java.base/java.lang.Thread.run(Thread.java:1583)
11:47:51.924 [Thread-4] ERROR com.charlessun.javaplcadapter.worker.impl.ConsumerWorkerImpl -- processingStrategy.process(record) 處理失敗: Processing failed
java.lang.RuntimeException: Processing failed
	at com.charlessun.javaplcadapter.worker.impl.ConsumerWorkerImpl.pollLoop(ConsumerWorkerImpl.java:53)
	at java.base/java.lang.Thread.run(Thread.java:1583)
11:47:51.925 [Thread-4] ERROR com.charlessun.javaplcadapter.worker.impl.ConsumerWorkerImpl -- processingStrategy.process(record) 處理失敗: Processing failed
java.lang.RuntimeException: Processing failed
	at com.charlessun.javaplcadapter.worker.impl.ConsumerWorkerImpl.pollLoop(ConsumerWorkerImpl.java:53)
	at java.base/java.lang.Thread.run(Thread.java:1583)
11:47:51.925 [Thread-4] ERROR com.charlessun.javaplcadapter.worker.impl.ConsumerWorkerImpl -- processingStrategy.process(record) 處理失敗: Processing failed
java.lang.RuntimeException: Processing failed
	at com.charlessun.javaplcadapter.worker.impl.ConsumerWorkerImpl.pollLoop(ConsumerWorkerImpl.java:53)
	at java.base/java.lang.Thread.run(Thread.java:1583)
11:47:51.925 [Thread-4] ERROR com.charlessun.javaplcadapter.worker.impl.ConsumerWorkerImpl -- processingStrategy.process(record) 處理失敗: Processing failed
java.lang.RuntimeException: Processing failed
	at com.charlessun.javaplcadapter.worker.impl.ConsumerWorkerImpl.pollLoop(ConsumerWorkerImpl.java:53)
	at java.base/java.lang.Thread.run(Thread.java:1583)
11:47:51.925 [Thread-4] ERROR com.charlessun.javaplcadapter.worker.impl.ConsumerWorkerImpl -- processingStrategy.process(record) 處理失敗: Processing failed
java.lang.RuntimeException: Processing failed
	at com.charlessun.javaplcadapter.worker.impl.ConsumerWorkerImpl.pollLoop(ConsumerWorkerImpl.java:53)
	at java.base/java.lang.Thread.run(Thread.java:1583)
11:47:51.925 [Thread-4] ERROR com.charlessun.javaplcadapter.worker.impl.ConsumerWorkerImpl -- processingStrategy.process(record) 處理失敗: Processing failed
java.lang.RuntimeException: Processing failed
	at com.charlessun.javaplcadapter.worker.impl.ConsumerWorkerImpl.pollLoop(ConsumerWorkerImpl.java:53)
	at java.base/java.lang.Thread.run(Thread.java:1583)
11:47:51.925 [Thread-4] ERROR com.charlessun.javaplcadapter.worker.impl.ConsumerWorkerImpl -- processingStrategy.process(record) 處理失敗: Processing failed
java.lang.RuntimeException: Processing failed
	at com.charlessun.javaplcadapter.worker.impl.ConsumerWorkerImpl.pollLoop(ConsumerWorkerImpl.java:53)
	at java.base/java.lang.Thread.run(Thread.java:1583)
11:47:51.926 [Thread-4] ERROR com.charlessun.javaplcadapter.worker.impl.ConsumerWorkerImpl -- processingStrategy.process(record) 處理失敗: Processing failed
java.lang.RuntimeException: Processing failed
	at com.charlessun.javaplcadapter.worker.impl.ConsumerWorkerImpl.pollLoop(ConsumerWorkerImpl.java:53)
	at java.base/java.lang.Thread.run(Thread.java:1583)
11:47:51.926 [Thread-4] ERROR com.charlessun.javaplcadapter.worker.impl.ConsumerWorkerImpl -- processingStrategy.process(record) 處理失敗: Processing failed
java.lang.RuntimeException: Processing failed
	at com.charlessun.javaplcadapter.worker.impl.ConsumerWorkerImpl.pollLoop(ConsumerWorkerImpl.java:53)
	at java.base/java.lang.Thread.run(Thread.java:1583)
11:47:51.926 [Thread-4] ERROR com.charlessun.javaplcadapter.worker.impl.ConsumerWorkerImpl -- processingStrategy.process(record) 處理失敗: Processing failed
java.lang.RuntimeException: Processing failed
	at com.charlessun.javaplcadapter.worker.impl.ConsumerWorkerImpl.pollLoop(ConsumerWorkerImpl.java:53)
	at java.base/java.lang.Thread.run(Thread.java:1583)
11:47:51.926 [Thread-4] ERROR com.charlessun.javaplcadapter.worker.impl.ConsumerWorkerImpl -- processingStrategy.process(record) 處理失敗: Processing failed
java.lang.RuntimeException: Processing failed
	at com.charlessun.javaplcadapter.worker.impl.ConsumerWorkerImpl.pollLoop(ConsumerWorkerImpl.java:53)
	at java.base/java.lang.Thread.run(Thread.java:1583)
11:47:51.926 [Thread-4] ERROR com.charlessun.javaplcadapter.worker.impl.ConsumerWorkerImpl -- processingStrategy.process(record) 處理失敗: Processing failed
java.lang.RuntimeException: Processing failed
	at com.charlessun.javaplcadapter.worker.impl.ConsumerWorkerImpl.pollLoop(ConsumerWorkerImpl.java:53)
	at java.base/java.lang.Thread.run(Thread.java:1583)
11:47:51.926 [Thread-4] ERROR com.charlessun.javaplcadapter.worker.impl.ConsumerWorkerImpl -- processingStrategy.process(record) 處理失敗: Processing failed
java.lang.RuntimeException: Processing failed
	at com.charlessun.javaplcadapter.worker.impl.ConsumerWorkerImpl.pollLoop(ConsumerWorkerImpl.java:53)
	at java.base/java.lang.Thread.run(Thread.java:1583)
11:47:51.926 [Thread-4] ERROR com.charlessun.javaplcadapter.worker.impl.ConsumerWorkerImpl -- processingStrategy.process(record) 處理失敗: Processing failed
java.lang.RuntimeException: Processing failed
	at com.charlessun.javaplcadapter.worker.impl.ConsumerWorkerImpl.pollLoop(ConsumerWorkerImpl.java:53)
	at java.base/java.lang.Thread.run(Thread.java:1583)
11:47:51.926 [Thread-4] ERROR com.charlessun.javaplcadapter.worker.impl.ConsumerWorkerImpl -- processingStrategy.process(record) 處理失敗: Processing failed
java.lang.RuntimeException: Processing failed
	at com.charlessun.javaplcadapter.worker.impl.ConsumerWorkerImpl.pollLoop(ConsumerWorkerImpl.java:53)
	at java.base/java.lang.Thread.run(Thread.java:1583)
11:47:51.927 [Thread-4] ERROR com.charlessun.javaplcadapter.worker.impl.ConsumerWorkerImpl -- processingStrategy.process(record) 處理失敗: Processing failed
java.lang.RuntimeException: Processing failed
	at com.charlessun.javaplcadapter.worker.impl.ConsumerWorkerImpl.pollLoop(ConsumerWorkerImpl.java:53)
	at java.base/java.lang.Thread.run(Thread.java:1583)
11:47:51.927 [Thread-4] ERROR com.charlessun.javaplcadapter.worker.impl.ConsumerWorkerImpl -- processingStrategy.process(record) 處理失敗: Processing failed
java.lang.RuntimeException: Processing failed
	at com.charlessun.javaplcadapter.worker.impl.ConsumerWorkerImpl.pollLoop(ConsumerWorkerImpl.java:53)
	at java.base/java.lang.Thread.run(Thread.java:1583)
11:47:51.927 [Thread-4] ERROR com.charlessun.javaplcadapter.worker.impl.ConsumerWorkerImpl -- processingStrategy.process(record) 處理失敗: Processing failed
java.lang.RuntimeException: Processing failed
	at com.charlessun.javaplcadapter.worker.impl.ConsumerWorkerImpl.pollLoop(ConsumerWorkerImpl.java:53)
	at java.base/java.lang.Thread.run(Thread.java:1583)
11:47:51.927 [Thread-4] ERROR com.charlessun.javaplcadapter.worker.impl.ConsumerWorkerImpl -- processingStrategy.process(record) 處理失敗: Processing failed
java.lang.RuntimeException: Processing failed
	at com.charlessun.javaplcadapter.worker.impl.ConsumerWorkerImpl.pollLoop(ConsumerWorkerImpl.java:53)
	at java.base/java.lang.Thread.run(Thread.java:1583)
11:47:51.927 [Thread-4] ERROR com.charlessun.javaplcadapter.worker.impl.ConsumerWorkerImpl -- processingStrategy.process(record) 處理失敗: Processing failed
java.lang.RuntimeException: Processing failed
	at com.charlessun.javaplcadapter.worker.impl.ConsumerWorkerImpl.pollLoop(ConsumerWorkerImpl.java:53)
	at java.base/java.lang.Thread.run(Thread.java:1583)
11:47:51.927 [Thread-4] ERROR com.charlessun.javaplcadapter.worker.impl.ConsumerWorkerImpl -- processingStrategy.process(record) 處理失敗: Processing failed
java.lang.RuntimeException: Processing failed
	at com.charlessun.javaplcadapter.worker.impl.ConsumerWorkerImpl.pollLoop(ConsumerWorkerImpl.java:53)
	at java.base/java.lang.Thread.run(Thread.java:1583)
11:47:51.927 [Thread-4] ERROR com.charlessun.javaplcadapter.worker.impl.ConsumerWorkerImpl -- processingStrategy.process(record) 處理失敗: Processing failed
java.lang.RuntimeException: Processing failed
	at com.charlessun.javaplcadapter.worker.impl.ConsumerWorkerImpl.pollLoop(ConsumerWorkerImpl.java:53)
	at java.base/java.lang.Thread.run(Thread.java:1583)
11:47:51.927 [Thread-4] ERROR com.charlessun.javaplcadapter.worker.impl.ConsumerWorkerImpl -- processingStrategy.process(record) 處理失敗: Processing failed
java.lang.RuntimeException: Processing failed
	at com.charlessun.javaplcadapter.worker.impl.ConsumerWorkerImpl.pollLoop(ConsumerWorkerImpl.java:53)
	at java.base/java.lang.Thread.run(Thread.java:1583)
11:47:51.927 [Thread-4] ERROR com.charlessun.javaplcadapter.worker.impl.ConsumerWorkerImpl -- processingStrategy.process(record) 處理失敗: Processing failed
java.lang.RuntimeException: Processing failed
	at com.charlessun.javaplcadapter.worker.impl.ConsumerWorkerImpl.pollLoop(ConsumerWorkerImpl.java:53)
	at java.base/java.lang.Thread.run(Thread.java:1583)
11:47:51.928 [Thread-4] ERROR com.charlessun.javaplcadapter.worker.impl.ConsumerWorkerImpl -- processingStrategy.process(record) 處理失敗: Processing failed
java.lang.RuntimeException: Processing failed
	at com.charlessun.javaplcadapter.worker.impl.ConsumerWorkerImpl.pollLoop(ConsumerWorkerImpl.java:53)
	at java.base/java.lang.Thread.run(Thread.java:1583)
11:47:51.928 [Thread-4] ERROR com.charlessun.javaplcadapter.worker.impl.ConsumerWorkerImpl -- processingStrategy.process(record) 處理失敗: Processing failed
java.lang.RuntimeException: Processing failed
	at com.charlessun.javaplcadapter.worker.impl.ConsumerWorkerImpl.pollLoop(ConsumerWorkerImpl.java:53)
	at java.base/java.lang.Thread.run(Thread.java:1583)
11:47:51.928 [Thread-4] ERROR com.charlessun.javaplcadapter.worker.impl.ConsumerWorkerImpl -- processingStrategy.process(record) 處理失敗: Processing failed
java.lang.RuntimeException: Processing failed
	at com.charlessun.javaplcadapter.worker.impl.ConsumerWorkerImpl.pollLoop(ConsumerWorkerImpl.java:53)
	at java.base/java.lang.Thread.run(Thread.java:1583)
11:47:51.928 [Thread-4] ERROR com.charlessun.javaplcadapter.worker.impl.ConsumerWorkerImpl -- processingStrategy.process(record) 處理失敗: Processing failed
java.lang.RuntimeException: Processing failed
	at com.charlessun.javaplcadapter.worker.impl.ConsumerWorkerImpl.pollLoop(ConsumerWorkerImpl.java:53)
	at java.base/java.lang.Thread.run(Thread.java:1583)
11:47:51.928 [Thread-4] ERROR com.charlessun.javaplcadapter.worker.impl.ConsumerWorkerImpl -- processingStrategy.process(record) 處理失敗: Processing failed
java.lang.RuntimeException: Processing failed
	at com.charlessun.javaplcadapter.worker.impl.ConsumerWorkerImpl.pollLoop(ConsumerWorkerImpl.java:53)
	at java.base/java.lang.Thread.run(Thread.java:1583)
11:47:51.928 [Thread-4] ERROR com.charlessun.javaplcadapter.worker.impl.ConsumerWorkerImpl -- processingStrategy.process(record) 處理失敗: Processing failed
java.lang.RuntimeException: Processing failed
	at com.charlessun.javaplcadapter.worker.impl.ConsumerWorkerImpl.pollLoop(ConsumerWorkerImpl.java:53)
	at java.base/java.lang.Thread.run(Thread.java:1583)
11:47:51.928 [Thread-4] ERROR com.charlessun.javaplcadapter.worker.impl.ConsumerWorkerImpl -- processingStrategy.process(record) 處理失敗: Processing failed
java.lang.RuntimeException: Processing failed
	at com.charlessun.javaplcadapter.worker.impl.ConsumerWorkerImpl.pollLoop(ConsumerWorkerImpl.java:53)
	at java.base/java.lang.Thread.run(Thread.java:1583)
11:47:51.929 [Thread-4] ERROR com.charlessun.javaplcadapter.worker.impl.ConsumerWorkerImpl -- processingStrategy.process(record) 處理失敗: Processing failed
java.lang.RuntimeException: Processing failed
	at com.charlessun.javaplcadapter.worker.impl.ConsumerWorkerImpl.pollLoop(ConsumerWorkerImpl.java:53)
	at java.base/java.lang.Thread.run(Thread.java:1583)
11:47:51.929 [Thread-4] ERROR com.charlessun.javaplcadapter.worker.impl.ConsumerWorkerImpl -- processingStrategy.process(record) 處理失敗: Processing failed
java.lang.RuntimeException: Processing failed
	at com.charlessun.javaplcadapter.worker.impl.ConsumerWorkerImpl.pollLoop(ConsumerWorkerImpl.java:53)
	at java.base/java.lang.Thread.run(Thread.java:1583)
11:47:51.929 [Thread-4] ERROR com.charlessun.javaplcadapter.worker.impl.ConsumerWorkerImpl -- processingStrategy.process(record) 處理失敗: Processing failed
java.lang.RuntimeException: Processing failed
	at com.charlessun.javaplcadapter.worker.impl.ConsumerWorkerImpl.pollLoop(ConsumerWorkerImpl.java:53)
	at java.base/java.lang.Thread.run(Thread.java:1583)
11:47:51.929 [Thread-4] ERROR com.charlessun.javaplcadapter.worker.impl.ConsumerWorkerImpl -- processingStrategy.process(record) 處理失敗: Processing failed
java.lang.RuntimeException: Processing failed
	at com.charlessun.javaplcadapter.worker.impl.ConsumerWorkerImpl.pollLoop(ConsumerWorkerImpl.java:53)
	at java.base/java.lang.Thread.run(Thread.java:1583)
11:47:51.929 [Thread-4] ERROR com.charlessun.javaplcadapter.worker.impl.ConsumerWorkerImpl -- processingStrategy.process(record) 處理失敗: Processing failed
java.lang.RuntimeException: Processing failed
	at com.charlessun.javaplcadapter.worker.impl.ConsumerWorkerImpl.pollLoop(ConsumerWorkerImpl.java:53)
	at java.base/java.lang.Thread.run(Thread.java:1583)
11:47:51.930 [Thread-4] ERROR com.charlessun.javaplcadapter.worker.impl.ConsumerWorkerImpl -- processingStrategy.process(record) 處理失敗: Processing failed
java.lang.RuntimeException: Processing failed
	at com.charlessun.javaplcadapter.worker.impl.ConsumerWorkerImpl.pollLoop(ConsumerWorkerImpl.java:53)
	at java.base/java.lang.Thread.run(Thread.java:1583)
11:47:51.930 [Thread-4] ERROR com.charlessun.javaplcadapter.worker.impl.ConsumerWorkerImpl -- processingStrategy.process(record) 處理失敗: Processing failed
java.lang.RuntimeException: Processing failed
	at com.charlessun.javaplcadapter.worker.impl.ConsumerWorkerImpl.pollLoop(ConsumerWorkerImpl.java:53)
	at java.base/java.lang.Thread.run(Thread.java:1583)
11:47:51.930 [Thread-4] ERROR com.charlessun.javaplcadapter.worker.impl.ConsumerWorkerImpl -- processingStrategy.process(record) 處理失敗: Processing failed
java.lang.RuntimeException: Processing failed
	at com.charlessun.javaplcadapter.worker.impl.ConsumerWorkerImpl.pollLoop(ConsumerWorkerImpl.java:53)
	at java.base/java.lang.Thread.run(Thread.java:1583)
11:47:51.930 [Thread-4] ERROR com.charlessun.javaplcadapter.worker.impl.ConsumerWorkerImpl -- processingStrategy.process(record) 處理失敗: Processing failed
java.lang.RuntimeException: Processing failed
	at com.charlessun.javaplcadapter.worker.impl.ConsumerWorkerImpl.pollLoop(ConsumerWorkerImpl.java:53)
	at java.base/java.lang.Thread.run(Thread.java:1583)
11:47:51.930 [Thread-4] ERROR com.charlessun.javaplcadapter.worker.impl.ConsumerWorkerImpl -- processingStrategy.process(record) 處理失敗: Processing failed
java.lang.RuntimeException: Processing failed
	at com.charlessun.javaplcadapter.worker.impl.ConsumerWorkerImpl.pollLoop(ConsumerWorkerImpl.java:53)
	at java.base/java.lang.Thread.run(Thread.java:1583)
11:47:51.930 [Thread-4] ERROR com.charlessun.javaplcadapter.worker.impl.ConsumerWorkerImpl -- processingStrategy.process(record) 處理失敗: Processing failed
java.lang.RuntimeException: Processing failed
	at com.charlessun.javaplcadapter.worker.impl.ConsumerWorkerImpl.pollLoop(ConsumerWorkerImpl.java:53)
	at java.base/java.lang.Thread.run(Thread.java:1583)
11:47:51.931 [Thread-4] ERROR com.charlessun.javaplcadapter.worker.impl.ConsumerWorkerImpl -- processingStrategy.process(record) 處理失敗: Processing failed
java.lang.RuntimeException: Processing failed
	at com.charlessun.javaplcadapter.worker.impl.ConsumerWorkerImpl.pollLoop(ConsumerWorkerImpl.java:53)
	at java.base/java.lang.Thread.run(Thread.java:1583)
11:47:51.931 [Thread-4] ERROR com.charlessun.javaplcadapter.worker.impl.ConsumerWorkerImpl -- processingStrategy.process(record) 處理失敗: Processing failed
java.lang.RuntimeException: Processing failed
	at com.charlessun.javaplcadapter.worker.impl.ConsumerWorkerImpl.pollLoop(ConsumerWorkerImpl.java:53)
	at java.base/java.lang.Thread.run(Thread.java:1583)
11:47:51.931 [Thread-4] ERROR com.charlessun.javaplcadapter.worker.impl.ConsumerWorkerImpl -- processingStrategy.process(record) 處理失敗: Processing failed
java.lang.RuntimeException: Processing failed
	at com.charlessun.javaplcadapter.worker.impl.ConsumerWorkerImpl.pollLoop(ConsumerWorkerImpl.java:53)
	at java.base/java.lang.Thread.run(Thread.java:1583)
11:47:51.931 [Thread-4] ERROR com.charlessun.javaplcadapter.worker.impl.ConsumerWorkerImpl -- processingStrategy.process(record) 處理失敗: Processing failed
java.lang.RuntimeException: Processing failed
	at com.charlessun.javaplcadapter.worker.impl.ConsumerWorkerImpl.pollLoop(ConsumerWorkerImpl.java:53)
	at java.base/java.lang.Thread.run(Thread.java:1583)
11:47:51.931 [Thread-4] ERROR com.charlessun.javaplcadapter.worker.impl.ConsumerWorkerImpl -- processingStrategy.process(record) 處理失敗: Processing failed
java.lang.RuntimeException: Processing failed
	at com.charlessun.javaplcadapter.worker.impl.ConsumerWorkerImpl.pollLoop(ConsumerWorkerImpl.java:53)
	at java.base/java.lang.Thread.run(Thread.java:1583)
11:47:51.931 [Thread-4] ERROR com.charlessun.javaplcadapter.worker.impl.ConsumerWorkerImpl -- processingStrategy.process(record) 處理失敗: Processing failed
java.lang.RuntimeException: Processing failed
	at com.charlessun.javaplcadapter.worker.impl.ConsumerWorkerImpl.pollLoop(ConsumerWorkerImpl.java:53)
	at java.base/java.lang.Thread.run(Thread.java:1583)
11:47:51.931 [Thread-4] ERROR com.charlessun.javaplcadapter.worker.impl.ConsumerWorkerImpl -- processingStrategy.process(record) 處理失敗: Processing failed
java.lang.RuntimeException: Processing failed
	at com.charlessun.javaplcadapter.worker.impl.ConsumerWorkerImpl.pollLoop(ConsumerWorkerImpl.java:53)
	at java.base/java.lang.Thread.run(Thread.java:1583)
11:47:51.932 [Thread-4] ERROR com.charlessun.javaplcadapter.worker.impl.ConsumerWorkerImpl -- processingStrategy.process(record) 處理失敗: Processing failed
java.lang.RuntimeException: Processing failed
	at com.charlessun.javaplcadapter.worker.impl.ConsumerWorkerImpl.pollLoop(ConsumerWorkerImpl.java:53)
	at java.base/java.lang.Thread.run(Thread.java:1583)
11:47:51.932 [Thread-4] ERROR com.charlessun.javaplcadapter.worker.impl.ConsumerWorkerImpl -- processingStrategy.process(record) 處理失敗: Processing failed
java.lang.RuntimeException: Processing failed
	at com.charlessun.javaplcadapter.worker.impl.ConsumerWorkerImpl.pollLoop(ConsumerWorkerImpl.java:53)
	at java.base/java.lang.Thread.run(Thread.java:1583)
11:47:51.932 [Thread-4] ERROR com.charlessun.javaplcadapter.worker.impl.ConsumerWorkerImpl -- processingStrategy.process(record) 處理失敗: Processing failed
java.lang.RuntimeException: Processing failed
	at com.charlessun.javaplcadapter.worker.impl.ConsumerWorkerImpl.pollLoop(ConsumerWorkerImpl.java:53)
	at java.base/java.lang.Thread.run(Thread.java:1583)
11:47:51.932 [Thread-4] ERROR com.charlessun.javaplcadapter.worker.impl.ConsumerWorkerImpl -- processingStrategy.process(record) 處理失敗: Processing failed
java.lang.RuntimeException: Processing failed
	at com.charlessun.javaplcadapter.worker.impl.ConsumerWorkerImpl.pollLoop(ConsumerWorkerImpl.java:53)
	at java.base/java.lang.Thread.run(Thread.java:1583)
11:47:51.932 [Thread-4] ERROR com.charlessun.javaplcadapter.worker.impl.ConsumerWorkerImpl -- processingStrategy.process(record) 處理失敗: Processing failed
java.lang.RuntimeException: Processing failed
	at com.charlessun.javaplcadapter.worker.impl.ConsumerWorkerImpl.pollLoop(ConsumerWorkerImpl.java:53)
	at java.base/java.lang.Thread.run(Thread.java:1583)
11:47:51.932 [Thread-4] ERROR com.charlessun.javaplcadapter.worker.impl.ConsumerWorkerImpl -- processingStrategy.process(record) 處理失敗: Processing failed
java.lang.RuntimeException: Processing failed
	at com.charlessun.javaplcadapter.worker.impl.ConsumerWorkerImpl.pollLoop(ConsumerWorkerImpl.java:53)
	at java.base/java.lang.Thread.run(Thread.java:1583)
11:47:51.932 [Thread-4] ERROR com.charlessun.javaplcadapter.worker.impl.ConsumerWorkerImpl -- processingStrategy.process(record) 處理失敗: Processing failed
java.lang.RuntimeException: Processing failed
	at com.charlessun.javaplcadapter.worker.impl.ConsumerWorkerImpl.pollLoop(ConsumerWorkerImpl.java:53)
	at java.base/java.lang.Thread.run(Thread.java:1583)
11:47:51.932 [Thread-4] ERROR com.charlessun.javaplcadapter.worker.impl.ConsumerWorkerImpl -- processingStrategy.process(record) 處理失敗: Processing failed
java.lang.RuntimeException: Processing failed
	at com.charlessun.javaplcadapter.worker.impl.ConsumerWorkerImpl.pollLoop(ConsumerWorkerImpl.java:53)
	at java.base/java.lang.Thread.run(Thread.java:1583)
11:47:51.932 [Thread-4] ERROR com.charlessun.javaplcadapter.worker.impl.ConsumerWorkerImpl -- processingStrategy.process(record) 處理失敗: Processing failed
java.lang.RuntimeException: Processing failed
	at com.charlessun.javaplcadapter.worker.impl.ConsumerWorkerImpl.pollLoop(ConsumerWorkerImpl.java:53)
	at java.base/java.lang.Thread.run(Thread.java:1583)
11:47:51.933 [Thread-4] ERROR com.charlessun.javaplcadapter.worker.impl.ConsumerWorkerImpl -- processingStrategy.process(record) 處理失敗: Processing failed
java.lang.RuntimeException: Processing failed
	at com.charlessun.javaplcadapter.worker.impl.ConsumerWorkerImpl.pollLoop(ConsumerWorkerImpl.java:53)
	at java.base/java.lang.Thread.run(Thread.java:1583)
11:47:51.933 [Thread-4] ERROR com.charlessun.javaplcadapter.worker.impl.ConsumerWorkerImpl -- processingStrategy.process(record) 處理失敗: Processing failed
java.lang.RuntimeException: Processing failed
	at com.charlessun.javaplcadapter.worker.impl.ConsumerWorkerImpl.pollLoop(ConsumerWorkerImpl.java:53)
	at java.base/java.lang.Thread.run(Thread.java:1583)
11:47:51.933 [Thread-4] ERROR com.charlessun.javaplcadapter.worker.impl.ConsumerWorkerImpl -- processingStrategy.process(record) 處理失敗: Processing failed
java.lang.RuntimeException: Processing failed
	at com.charlessun.javaplcadapter.worker.impl.ConsumerWorkerImpl.pollLoop(ConsumerWorkerImpl.java:53)
	at java.base/java.lang.Thread.run(Thread.java:1583)
11:47:51.933 [Thread-4] ERROR com.charlessun.javaplcadapter.worker.impl.ConsumerWorkerImpl -- processingStrategy.process(record) 處理失敗: Processing failed
java.lang.RuntimeException: Processing failed
	at com.charlessun.javaplcadapter.worker.impl.ConsumerWorkerImpl.pollLoop(ConsumerWorkerImpl.java:53)
	at java.base/java.lang.Thread.run(Thread.java:1583)
11:47:51.933 [Thread-4] ERROR com.charlessun.javaplcadapter.worker.impl.ConsumerWorkerImpl -- processingStrategy.process(record) 處理失敗: Processing failed
java.lang.RuntimeException: Processing failed
	at com.charlessun.javaplcadapter.worker.impl.ConsumerWorkerImpl.pollLoop(ConsumerWorkerImpl.java:53)
	at java.base/java.lang.Thread.run(Thread.java:1583)
11:47:51.933 [Thread-4] ERROR com.charlessun.javaplcadapter.worker.impl.ConsumerWorkerImpl -- processingStrategy.process(record) 處理失敗: Processing failed
java.lang.RuntimeException: Processing failed
	at com.charlessun.javaplcadapter.worker.impl.ConsumerWorkerImpl.pollLoop(ConsumerWorkerImpl.java:53)
	at java.base/java.lang.Thread.run(Thread.java:1583)
11:47:51.933 [Thread-4] ERROR com.charlessun.javaplcadapter.worker.impl.ConsumerWorkerImpl -- processingStrategy.process(record) 處理失敗: Processing failed
java.lang.RuntimeException: Processing failed
	at com.charlessun.javaplcadapter.worker.impl.ConsumerWorkerImpl.pollLoop(ConsumerWorkerImpl.java:53)
	at java.base/java.lang.Thread.run(Thread.java:1583)
11:47:51.933 [Thread-4] ERROR com.charlessun.javaplcadapter.worker.impl.ConsumerWorkerImpl -- processingStrategy.process(record) 處理失敗: Processing failed
java.lang.RuntimeException: Processing failed
	at com.charlessun.javaplcadapter.worker.impl.ConsumerWorkerImpl.pollLoop(ConsumerWorkerImpl.java:53)
	at java.base/java.lang.Thread.run(Thread.java:1583)
11:47:51.933 [Thread-4] ERROR com.charlessun.javaplcadapter.worker.impl.ConsumerWorkerImpl -- processingStrategy.process(record) 處理失敗: Processing failed
java.lang.RuntimeException: Processing failed
	at com.charlessun.javaplcadapter.worker.impl.ConsumerWorkerImpl.pollLoop(ConsumerWorkerImpl.java:53)
	at java.base/java.lang.Thread.run(Thread.java:1583)
11:47:51.933 [Thread-4] ERROR com.charlessun.javaplcadapter.worker.impl.ConsumerWorkerImpl -- processingStrategy.process(record) 處理失敗: Processing failed
java.lang.RuntimeException: Processing failed
	at com.charlessun.javaplcadapter.worker.impl.ConsumerWorkerImpl.pollLoop(ConsumerWorkerImpl.java:53)
	at java.base/java.lang.Thread.run(Thread.java:1583)
11:47:51.934 [Thread-4] ERROR com.charlessun.javaplcadapter.worker.impl.ConsumerWorkerImpl -- processingStrategy.process(record) 處理失敗: Processing failed
java.lang.RuntimeException: Processing failed
	at com.charlessun.javaplcadapter.worker.impl.ConsumerWorkerImpl.pollLoop(ConsumerWorkerImpl.java:53)
	at java.base/java.lang.Thread.run(Thread.java:1583)
11:47:51.934 [Thread-4] ERROR com.charlessun.javaplcadapter.worker.impl.ConsumerWorkerImpl -- processingStrategy.process(record) 處理失敗: Processing failed
java.lang.RuntimeException: Processing failed
	at com.charlessun.javaplcadapter.worker.impl.ConsumerWorkerImpl.pollLoop(ConsumerWorkerImpl.java:53)
	at java.base/java.lang.Thread.run(Thread.java:1583)
11:47:51.934 [Thread-4] ERROR com.charlessun.javaplcadapter.worker.impl.ConsumerWorkerImpl -- processingStrategy.process(record) 處理失敗: Processing failed
java.lang.RuntimeException: Processing failed
	at com.charlessun.javaplcadapter.worker.impl.ConsumerWorkerImpl.pollLoop(ConsumerWorkerImpl.java:53)
	at java.base/java.lang.Thread.run(Thread.java:1583)
11:47:51.934 [Thread-4] ERROR com.charlessun.javaplcadapter.worker.impl.ConsumerWorkerImpl -- processingStrategy.process(record) 處理失敗: Processing failed
java.lang.RuntimeException: Processing failed
	at com.charlessun.javaplcadapter.worker.impl.ConsumerWorkerImpl.pollLoop(ConsumerWorkerImpl.java:53)
	at java.base/java.lang.Thread.run(Thread.java:1583)
11:47:51.934 [Thread-4] ERROR com.charlessun.javaplcadapter.worker.impl.ConsumerWorkerImpl -- processingStrategy.process(record) 處理失敗: Processing failed
java.lang.RuntimeException: Processing failed
	at com.charlessun.javaplcadapter.worker.impl.ConsumerWorkerImpl.pollLoop(ConsumerWorkerImpl.java:53)
	at java.base/java.lang.Thread.run(Thread.java:1583)
11:47:51.934 [Thread-4] ERROR com.charlessun.javaplcadapter.worker.impl.ConsumerWorkerImpl -- processingStrategy.process(record) 處理失敗: Processing failed
java.lang.RuntimeException: Processing failed
	at com.charlessun.javaplcadapter.worker.impl.ConsumerWorkerImpl.pollLoop(ConsumerWorkerImpl.java:53)
	at java.base/java.lang.Thread.run(Thread.java:1583)
11:47:51.934 [Thread-4] ERROR com.charlessun.javaplcadapter.worker.impl.ConsumerWorkerImpl -- processingStrategy.process(record) 處理失敗: Processing failed
java.lang.RuntimeException: Processing failed
	at com.charlessun.javaplcadapter.worker.impl.ConsumerWorkerImpl.pollLoop(ConsumerWorkerImpl.java:53)
	at java.base/java.lang.Thread.run(Thread.java:1583)
11:47:51.935 [Thread-4] ERROR com.charlessun.javaplcadapter.worker.impl.ConsumerWorkerImpl -- processingStrategy.process(record) 處理失敗: Processing failed
java.lang.RuntimeException: Processing failed
	at com.charlessun.javaplcadapter.worker.impl.ConsumerWorkerImpl.pollLoop(ConsumerWorkerImpl.java:53)
	at java.base/java.lang.Thread.run(Thread.java:1583)
11:47:51.935 [Thread-4] ERROR com.charlessun.javaplcadapter.worker.impl.ConsumerWorkerImpl -- processingStrategy.process(record) 處理失敗: Processing failed
java.lang.RuntimeException: Processing failed
	at com.charlessun.javaplcadapter.worker.impl.ConsumerWorkerImpl.pollLoop(ConsumerWorkerImpl.java:53)
	at java.base/java.lang.Thread.run(Thread.java:1583)
11:47:51.935 [Thread-4] ERROR com.charlessun.javaplcadapter.worker.impl.ConsumerWorkerImpl -- processingStrategy.process(record) 處理失敗: Processing failed
java.lang.RuntimeException: Processing failed
	at com.charlessun.javaplcadapter.worker.impl.ConsumerWorkerImpl.pollLoop(ConsumerWorkerImpl.java:53)
	at java.base/java.lang.Thread.run(Thread.java:1583)
11:47:51.935 [Thread-4] ERROR com.charlessun.javaplcadapter.worker.impl.ConsumerWorkerImpl -- processingStrategy.process(record) 處理失敗: Processing failed
java.lang.RuntimeException: Processing failed
	at com.charlessun.javaplcadapter.worker.impl.ConsumerWorkerImpl.pollLoop(ConsumerWorkerImpl.java:53)
	at java.base/java.lang.Thread.run(Thread.java:1583)
11:47:51.935 [Thread-4] ERROR com.charlessun.javaplcadapter.worker.impl.ConsumerWorkerImpl -- processingStrategy.process(record) 處理失敗: Processing failed
java.lang.RuntimeException: Processing failed
	at com.charlessun.javaplcadapter.worker.impl.ConsumerWorkerImpl.pollLoop(ConsumerWorkerImpl.java:53)
	at java.base/java.lang.Thread.run(Thread.java:1583)
11:47:51.935 [Thread-4] ERROR com.charlessun.javaplcadapter.worker.impl.ConsumerWorkerImpl -- processingStrategy.process(record) 處理失敗: Processing failed
java.lang.RuntimeException: Processing failed
	at com.charlessun.javaplcadapter.worker.impl.ConsumerWorkerImpl.pollLoop(ConsumerWorkerImpl.java:53)
	at java.base/java.lang.Thread.run(Thread.java:1583)
11:47:51.936 [Thread-4] ERROR com.charlessun.javaplcadapter.worker.impl.ConsumerWorkerImpl -- processingStrategy.process(record) 處理失敗: Processing failed
java.lang.RuntimeException: Processing failed
	at com.charlessun.javaplcadapter.worker.impl.ConsumerWorkerImpl.pollLoop(ConsumerWorkerImpl.java:53)
	at java.base/java.lang.Thread.run(Thread.java:1583)
11:47:51.936 [Thread-4] ERROR com.charlessun.javaplcadapter.worker.impl.ConsumerWorkerImpl -- processingStrategy.process(record) 處理失敗: Processing failed
java.lang.RuntimeException: Processing failed
	at com.charlessun.javaplcadapter.worker.impl.ConsumerWorkerImpl.pollLoop(ConsumerWorkerImpl.java:53)
	at java.base/java.lang.Thread.run(Thread.java:1583)
11:47:51.936 [Thread-4] ERROR com.charlessun.javaplcadapter.worker.impl.ConsumerWorkerImpl -- processingStrategy.process(record) 處理失敗: Processing failed
java.lang.RuntimeException: Processing failed
	at com.charlessun.javaplcadapter.worker.impl.ConsumerWorkerImpl.pollLoop(ConsumerWorkerImpl.java:53)
	at java.base/java.lang.Thread.run(Thread.java:1583)
11:47:51.936 [Thread-4] ERROR com.charlessun.javaplcadapter.worker.impl.ConsumerWorkerImpl -- processingStrategy.process(record) 處理失敗: Processing failed
java.lang.RuntimeException: Processing failed
	at com.charlessun.javaplcadapter.worker.impl.ConsumerWorkerImpl.pollLoop(ConsumerWorkerImpl.java:53)
	at java.base/java.lang.Thread.run(Thread.java:1583)
11:47:51.936 [Thread-4] ERROR com.charlessun.javaplcadapter.worker.impl.ConsumerWorkerImpl -- processingStrategy.process(record) 處理失敗: Processing failed
java.lang.RuntimeException: Processing failed
	at com.charlessun.javaplcadapter.worker.impl.ConsumerWorkerImpl.pollLoop(ConsumerWorkerImpl.java:53)
	at java.base/java.lang.Thread.run(Thread.java:1583)
11:47:51.936 [Thread-4] ERROR com.charlessun.javaplcadapter.worker.impl.ConsumerWorkerImpl -- processingStrategy.process(record) 處理失敗: Processing failed
java.lang.RuntimeException: Processing failed
	at com.charlessun.javaplcadapter.worker.impl.ConsumerWorkerImpl.pollLoop(ConsumerWorkerImpl.java:53)
	at java.base/java.lang.Thread.run(Thread.java:1583)
11:47:51.936 [Thread-4] ERROR com.charlessun.javaplcadapter.worker.impl.ConsumerWorkerImpl -- processingStrategy.process(record) 處理失敗: Processing failed
java.lang.RuntimeException: Processing failed
	at com.charlessun.javaplcadapter.worker.impl.ConsumerWorkerImpl.pollLoop(ConsumerWorkerImpl.java:53)
	at java.base/java.lang.Thread.run(Thread.java:1583)
11:47:51.936 [Thread-4] ERROR com.charlessun.javaplcadapter.worker.impl.ConsumerWorkerImpl -- processingStrategy.process(record) 處理失敗: Processing failed
java.lang.RuntimeException: Processing failed
	at com.charlessun.javaplcadapter.worker.impl.ConsumerWorkerImpl.pollLoop(ConsumerWorkerImpl.java:53)
	at java.base/java.lang.Thread.run(Thread.java:1583)
11:47:51.936 [Thread-4] ERROR com.charlessun.javaplcadapter.worker.impl.ConsumerWorkerImpl -- processingStrategy.process(record) 處理失敗: Processing failed
java.lang.RuntimeException: Processing failed
	at com.charlessun.javaplcadapter.worker.impl.ConsumerWorkerImpl.pollLoop(ConsumerWorkerImpl.java:53)
	at java.base/java.lang.Thread.run(Thread.java:1583)
11:47:51.936 [Thread-4] ERROR com.charlessun.javaplcadapter.worker.impl.ConsumerWorkerImpl -- processingStrategy.process(record) 處理失敗: Processing failed
java.lang.RuntimeException: Processing failed
	at com.charlessun.javaplcadapter.worker.impl.ConsumerWorkerImpl.pollLoop(ConsumerWorkerImpl.java:53)
	at java.base/java.lang.Thread.run(Thread.java:1583)
11:47:51.936 [Thread-4] ERROR com.charlessun.javaplcadapter.worker.impl.ConsumerWorkerImpl -- processingStrategy.process(record) 處理失敗: Processing failed
java.lang.RuntimeException: Processing failed
	at com.charlessun.javaplcadapter.worker.impl.ConsumerWorkerImpl.pollLoop(ConsumerWorkerImpl.java:53)
	at java.base/java.lang.Thread.run(Thread.java:1583)
11:47:51.937 [Thread-4] ERROR com.charlessun.javaplcadapter.worker.impl.ConsumerWorkerImpl -- processingStrategy.process(record) 處理失敗: Processing failed
java.lang.RuntimeException: Processing failed
	at com.charlessun.javaplcadapter.worker.impl.ConsumerWorkerImpl.pollLoop(ConsumerWorkerImpl.java:53)
	at java.base/java.lang.Thread.run(Thread.java:1583)
11:47:51.937 [Thread-4] ERROR com.charlessun.javaplcadapter.worker.impl.ConsumerWorkerImpl -- processingStrategy.process(record) 處理失敗: Processing failed
java.lang.RuntimeException: Processing failed
	at com.charlessun.javaplcadapter.worker.impl.ConsumerWorkerImpl.pollLoop(ConsumerWorkerImpl.java:53)
	at java.base/java.lang.Thread.run(Thread.java:1583)
11:47:51.937 [Thread-4] ERROR com.charlessun.javaplcadapter.worker.impl.ConsumerWorkerImpl -- processingStrategy.process(record) 處理失敗: Processing failed
java.lang.RuntimeException: Processing failed
	at com.charlessun.javaplcadapter.worker.impl.ConsumerWorkerImpl.pollLoop(ConsumerWorkerImpl.java:53)
	at java.base/java.lang.Thread.run(Thread.java:1583)
11:47:51.937 [Thread-4] ERROR com.charlessun.javaplcadapter.worker.impl.ConsumerWorkerImpl -- processingStrategy.process(record) 處理失敗: Processing failed
java.lang.RuntimeException: Processing failed
	at com.charlessun.javaplcadapter.worker.impl.ConsumerWorkerImpl.pollLoop(ConsumerWorkerImpl.java:53)
	at java.base/java.lang.Thread.run(Thread.java:1583)
11:47:51.937 [Thread-4] ERROR com.charlessun.javaplcadapter.worker.impl.ConsumerWorkerImpl -- processingStrategy.process(record) 處理失敗: Processing failed
java.lang.RuntimeException: Processing failed
	at com.charlessun.javaplcadapter.worker.impl.ConsumerWorkerImpl.pollLoop(ConsumerWorkerImpl.java:53)
	at java.base/java.lang.Thread.run(Thread.java:1583)
11:47:51.937 [Thread-4] ERROR com.charlessun.javaplcadapter.worker.impl.ConsumerWorkerImpl -- processingStrategy.process(record) 處理失敗: Processing failed
java.lang.RuntimeException: Processing failed
	at com.charlessun.javaplcadapter.worker.impl.ConsumerWorkerImpl.pollLoop(ConsumerWorkerImpl.java:53)
	at java.base/java.lang.Thread.run(Thread.java:1583)
11:47:51.937 [Thread-4] ERROR com.charlessun.javaplcadapter.worker.impl.ConsumerWorkerImpl -- processingStrategy.process(record) 處理失敗: Processing failed
java.lang.RuntimeException: Processing failed
	at com.charlessun.javaplcadapter.worker.impl.ConsumerWorkerImpl.pollLoop(ConsumerWorkerImpl.java:53)
	at java.base/java.lang.Thread.run(Thread.java:1583)
11:47:51.937 [Thread-4] ERROR com.charlessun.javaplcadapter.worker.impl.ConsumerWorkerImpl -- processingStrategy.process(record) 處理失敗: Processing failed
java.lang.RuntimeException: Processing failed
	at com.charlessun.javaplcadapter.worker.impl.ConsumerWorkerImpl.pollLoop(ConsumerWorkerImpl.java:53)
	at java.base/java.lang.Thread.run(Thread.java:1583)
11:47:51.937 [Thread-4] ERROR com.charlessun.javaplcadapter.worker.impl.ConsumerWorkerImpl -- processingStrategy.process(record) 處理失敗: Processing failed
java.lang.RuntimeException: Processing failed
	at com.charlessun.javaplcadapter.worker.impl.ConsumerWorkerImpl.pollLoop(ConsumerWorkerImpl.java:53)
	at java.base/java.lang.Thread.run(Thread.java:1583)
11:47:51.938 [Thread-4] ERROR com.charlessun.javaplcadapter.worker.impl.ConsumerWorkerImpl -- processingStrategy.process(record) 處理失敗: Processing failed
java.lang.RuntimeException: Processing failed
	at com.charlessun.javaplcadapter.worker.impl.ConsumerWorkerImpl.pollLoop(ConsumerWorkerImpl.java:53)
	at java.base/java.lang.Thread.run(Thread.java:1583)
11:47:51.938 [Thread-4] ERROR com.charlessun.javaplcadapter.worker.impl.ConsumerWorkerImpl -- processingStrategy.process(record) 處理失敗: Processing failed
java.lang.RuntimeException: Processing failed
	at com.charlessun.javaplcadapter.worker.impl.ConsumerWorkerImpl.pollLoop(ConsumerWorkerImpl.java:53)
	at java.base/java.lang.Thread.run(Thread.java:1583)
11:47:51.938 [Thread-4] ERROR com.charlessun.javaplcadapter.worker.impl.ConsumerWorkerImpl -- processingStrategy.process(record) 處理失敗: Processing failed
java.lang.RuntimeException: Processing failed
	at com.charlessun.javaplcadapter.worker.impl.ConsumerWorkerImpl.pollLoop(ConsumerWorkerImpl.java:53)
	at java.base/java.lang.Thread.run(Thread.java:1583)
11:47:51.938 [Thread-4] ERROR com.charlessun.javaplcadapter.worker.impl.ConsumerWorkerImpl -- processingStrategy.process(record) 處理失敗: Processing failed
java.lang.RuntimeException: Processing failed
	at com.charlessun.javaplcadapter.worker.impl.ConsumerWorkerImpl.pollLoop(ConsumerWorkerImpl.java:53)
	at java.base/java.lang.Thread.run(Thread.java:1583)
11:47:51.939 [Thread-4] ERROR com.charlessun.javaplcadapter.worker.impl.ConsumerWorkerImpl -- processingStrategy.process(record) 處理失敗: Processing failed
java.lang.RuntimeException: Processing failed
	at com.charlessun.javaplcadapter.worker.impl.ConsumerWorkerImpl.pollLoop(ConsumerWorkerImpl.java:53)
	at java.base/java.lang.Thread.run(Thread.java:1583)
11:47:51.939 [Thread-4] ERROR com.charlessun.javaplcadapter.worker.impl.ConsumerWorkerImpl -- processingStrategy.process(record) 處理失敗: Processing failed
java.lang.RuntimeException: Processing failed
	at com.charlessun.javaplcadapter.worker.impl.ConsumerWorkerImpl.pollLoop(ConsumerWorkerImpl.java:53)
	at java.base/java.lang.Thread.run(Thread.java:1583)
11:47:51.939 [Thread-4] ERROR com.charlessun.javaplcadapter.worker.impl.ConsumerWorkerImpl -- processingStrategy.process(record) 處理失敗: Processing failed
java.lang.RuntimeException: Processing failed
	at com.charlessun.javaplcadapter.worker.impl.ConsumerWorkerImpl.pollLoop(ConsumerWorkerImpl.java:53)
	at java.base/java.lang.Thread.run(Thread.java:1583)
11:47:51.939 [Thread-4] ERROR com.charlessun.javaplcadapter.worker.impl.ConsumerWorkerImpl -- processingStrategy.process(record) 處理失敗: Processing failed
java.lang.RuntimeException: Processing failed
	at com.charlessun.javaplcadapter.worker.impl.ConsumerWorkerImpl.pollLoop(ConsumerWorkerImpl.java:53)
	at java.base/java.lang.Thread.run(Thread.java:1583)
11:47:51.939 [Thread-4] ERROR com.charlessun.javaplcadapter.worker.impl.ConsumerWorkerImpl -- processingStrategy.process(record) 處理失敗: Processing failed
java.lang.RuntimeException: Processing failed
	at com.charlessun.javaplcadapter.worker.impl.ConsumerWorkerImpl.pollLoop(ConsumerWorkerImpl.java:53)
	at java.base/java.lang.Thread.run(Thread.java:1583)
11:47:51.939 [Thread-4] ERROR com.charlessun.javaplcadapter.worker.impl.ConsumerWorkerImpl -- processingStrategy.process(record) 處理失敗: Processing failed
java.lang.RuntimeException: Processing failed
	at com.charlessun.javaplcadapter.worker.impl.ConsumerWorkerImpl.pollLoop(ConsumerWorkerImpl.java:53)
	at java.base/java.lang.Thread.run(Thread.java:1583)
11:47:51.939 [Thread-4] ERROR com.charlessun.javaplcadapter.worker.impl.ConsumerWorkerImpl -- processingStrategy.process(record) 處理失敗: Processing failed
java.lang.RuntimeException: Processing failed
	at com.charlessun.javaplcadapter.worker.impl.ConsumerWorkerImpl.pollLoop(ConsumerWorkerImpl.java:53)
	at java.base/java.lang.Thread.run(Thread.java:1583)
11:47:51.939 [Thread-4] ERROR com.charlessun.javaplcadapter.worker.impl.ConsumerWorkerImpl -- processingStrategy.process(record) 處理失敗: Processing failed
java.lang.RuntimeException: Processing failed
	at com.charlessun.javaplcadapter.worker.impl.ConsumerWorkerImpl.pollLoop(ConsumerWorkerImpl.java:53)
	at java.base/java.lang.Thread.run(Thread.java:1583)
11:47:51.939 [Thread-4] ERROR com.charlessun.javaplcadapter.worker.impl.ConsumerWorkerImpl -- processingStrategy.process(record) 處理失敗: Processing failed
java.lang.RuntimeException: Processing failed
	at com.charlessun.javaplcadapter.worker.impl.ConsumerWorkerImpl.pollLoop(ConsumerWorkerImpl.java:53)
	at java.base/java.lang.Thread.run(Thread.java:1583)
11:47:51.939 [Thread-4] ERROR com.charlessun.javaplcadapter.worker.impl.ConsumerWorkerImpl -- processingStrategy.process(record) 處理失敗: Processing failed
java.lang.RuntimeException: Processing failed
	at com.charlessun.javaplcadapter.worker.impl.ConsumerWorkerImpl.pollLoop(ConsumerWorkerImpl.java:53)
	at java.base/java.lang.Thread.run(Thread.java:1583)
11:47:51.940 [Thread-4] ERROR com.charlessun.javaplcadapter.worker.impl.ConsumerWorkerImpl -- processingStrategy.process(record) 處理失敗: Processing failed
java.lang.RuntimeException: Processing failed
	at com.charlessun.javaplcadapter.worker.impl.ConsumerWorkerImpl.pollLoop(ConsumerWorkerImpl.java:53)
	at java.base/java.lang.Thread.run(Thread.java:1583)
11:47:51.940 [Thread-4] ERROR com.charlessun.javaplcadapter.worker.impl.ConsumerWorkerImpl -- processingStrategy.process(record) 處理失敗: Processing failed
java.lang.RuntimeException: Processing failed
	at com.charlessun.javaplcadapter.worker.impl.ConsumerWorkerImpl.pollLoop(ConsumerWorkerImpl.java:53)
	at java.base/java.lang.Thread.run(Thread.java:1583)
11:47:51.940 [Thread-4] ERROR com.charlessun.javaplcadapter.worker.impl.ConsumerWorkerImpl -- processingStrategy.process(record) 處理失敗: Processing failed
java.lang.RuntimeException: Processing failed
	at com.charlessun.javaplcadapter.worker.impl.ConsumerWorkerImpl.pollLoop(ConsumerWorkerImpl.java:53)
	at java.base/java.lang.Thread.run(Thread.java:1583)
11:47:51.940 [Thread-4] ERROR com.charlessun.javaplcadapter.worker.impl.ConsumerWorkerImpl -- processingStrategy.process(record) 處理失敗: Processing failed
java.lang.RuntimeException: Processing failed
	at com.charlessun.javaplcadapter.worker.impl.ConsumerWorkerImpl.pollLoop(ConsumerWorkerImpl.java:53)
	at java.base/java.lang.Thread.run(Thread.java:1583)
11:47:51.940 [Thread-4] ERROR com.charlessun.javaplcadapter.worker.impl.ConsumerWorkerImpl -- processingStrategy.process(record) 處理失敗: Processing failed
java.lang.RuntimeException: Processing failed
	at com.charlessun.javaplcadapter.worker.impl.ConsumerWorkerImpl.pollLoop(ConsumerWorkerImpl.java:53)
	at java.base/java.lang.Thread.run(Thread.java:1583)
11:47:51.940 [Thread-4] ERROR com.charlessun.javaplcadapter.worker.impl.ConsumerWorkerImpl -- processingStrategy.process(record) 處理失敗: Processing failed
java.lang.RuntimeException: Processing failed
	at com.charlessun.javaplcadapter.worker.impl.ConsumerWorkerImpl.pollLoop(ConsumerWorkerImpl.java:53)
	at java.base/java.lang.Thread.run(Thread.java:1583)
11:47:51.940 [Thread-4] ERROR com.charlessun.javaplcadapter.worker.impl.ConsumerWorkerImpl -- processingStrategy.process(record) 處理失敗: Processing failed
java.lang.RuntimeException: Processing failed
	at com.charlessun.javaplcadapter.worker.impl.ConsumerWorkerImpl.pollLoop(ConsumerWorkerImpl.java:53)
	at java.base/java.lang.Thread.run(Thread.java:1583)
11:47:51.940 [Thread-4] ERROR com.charlessun.javaplcadapter.worker.impl.ConsumerWorkerImpl -- processingStrategy.process(record) 處理失敗: Processing failed
java.lang.RuntimeException: Processing failed
	at com.charlessun.javaplcadapter.worker.impl.ConsumerWorkerImpl.pollLoop(ConsumerWorkerImpl.java:53)
	at java.base/java.lang.Thread.run(Thread.java:1583)
11:47:51.941 [Thread-4] ERROR com.charlessun.javaplcadapter.worker.impl.ConsumerWorkerImpl -- processingStrategy.process(record) 處理失敗: Processing failed
java.lang.RuntimeException: Processing failed
	at com.charlessun.javaplcadapter.worker.impl.ConsumerWorkerImpl.pollLoop(ConsumerWorkerImpl.java:53)
	at java.base/java.lang.Thread.run(Thread.java:1583)
11:47:51.941 [Thread-4] ERROR com.charlessun.javaplcadapter.worker.impl.ConsumerWorkerImpl -- processingStrategy.process(record) 處理失敗: Processing failed
java.lang.RuntimeException: Processing failed
	at com.charlessun.javaplcadapter.worker.impl.ConsumerWorkerImpl.pollLoop(ConsumerWorkerImpl.java:53)
	at java.base/java.lang.Thread.run(Thread.java:1583)
11:47:51.941 [Thread-4] ERROR com.charlessun.javaplcadapter.worker.impl.ConsumerWorkerImpl -- processingStrategy.process(record) 處理失敗: Processing failed
java.lang.RuntimeException: Processing failed
	at com.charlessun.javaplcadapter.worker.impl.ConsumerWorkerImpl.pollLoop(ConsumerWorkerImpl.java:53)
	at java.base/java.lang.Thread.run(Thread.java:1583)
11:47:51.941 [Thread-4] ERROR com.charlessun.javaplcadapter.worker.impl.ConsumerWorkerImpl -- processingStrategy.process(record) 處理失敗: Processing failed
java.lang.RuntimeException: Processing failed
	at com.charlessun.javaplcadapter.worker.impl.ConsumerWorkerImpl.pollLoop(ConsumerWorkerImpl.java:53)
	at java.base/java.lang.Thread.run(Thread.java:1583)
11:47:51.941 [Thread-4] ERROR com.charlessun.javaplcadapter.worker.impl.ConsumerWorkerImpl -- processingStrategy.process(record) 處理失敗: Processing failed
java.lang.RuntimeException: Processing failed
	at com.charlessun.javaplcadapter.worker.impl.ConsumerWorkerImpl.pollLoop(ConsumerWorkerImpl.java:53)
	at java.base/java.lang.Thread.run(Thread.java:1583)
11:47:51.941 [Thread-4] ERROR com.charlessun.javaplcadapter.worker.impl.ConsumerWorkerImpl -- processingStrategy.process(record) 處理失敗: Processing failed
java.lang.RuntimeException: Processing failed
	at com.charlessun.javaplcadapter.worker.impl.ConsumerWorkerImpl.pollLoop(ConsumerWorkerImpl.java:53)
	at java.base/java.lang.Thread.run(Thread.java:1583)
11:47:51.941 [Thread-4] ERROR com.charlessun.javaplcadapter.worker.impl.ConsumerWorkerImpl -- processingStrategy.process(record) 處理失敗: Processing failed
java.lang.RuntimeException: Processing failed
	at com.charlessun.javaplcadapter.worker.impl.ConsumerWorkerImpl.pollLoop(ConsumerWorkerImpl.java:53)
	at java.base/java.lang.Thread.run(Thread.java:1583)
11:47:51.941 [Thread-4] ERROR com.charlessun.javaplcadapter.worker.impl.ConsumerWorkerImpl -- processingStrategy.process(record) 處理失敗: Processing failed
java.lang.RuntimeException: Processing failed
	at com.charlessun.javaplcadapter.worker.impl.ConsumerWorkerImpl.pollLoop(ConsumerWorkerImpl.java:53)
	at java.base/java.lang.Thread.run(Thread.java:1583)
11:47:51.941 [Thread-4] ERROR com.charlessun.javaplcadapter.worker.impl.ConsumerWorkerImpl -- processingStrategy.process(record) 處理失敗: Processing failed
java.lang.RuntimeException: Processing failed
	at com.charlessun.javaplcadapter.worker.impl.ConsumerWorkerImpl.pollLoop(ConsumerWorkerImpl.java:53)
	at java.base/java.lang.Thread.run(Thread.java:1583)
11:47:51.941 [Thread-4] ERROR com.charlessun.javaplcadapter.worker.impl.ConsumerWorkerImpl -- processingStrategy.process(record) 處理失敗: Processing failed
java.lang.RuntimeException: Processing failed
	at com.charlessun.javaplcadapter.worker.impl.ConsumerWorkerImpl.pollLoop(ConsumerWorkerImpl.java:53)
	at java.base/java.lang.Thread.run(Thread.java:1583)
11:47:51.941 [Thread-4] ERROR com.charlessun.javaplcadapter.worker.impl.ConsumerWorkerImpl -- processingStrategy.process(record) 處理失敗: Processing failed
java.lang.RuntimeException: Processing failed
	at com.charlessun.javaplcadapter.worker.impl.ConsumerWorkerImpl.pollLoop(ConsumerWorkerImpl.java:53)
	at java.base/java.lang.Thread.run(Thread.java:1583)
11:47:51.942 [Thread-4] ERROR com.charlessun.javaplcadapter.worker.impl.ConsumerWorkerImpl -- processingStrategy.process(record) 處理失敗: Processing failed
java.lang.RuntimeException: Processing failed
	at com.charlessun.javaplcadapter.worker.impl.ConsumerWorkerImpl.pollLoop(ConsumerWorkerImpl.java:53)
	at java.base/java.lang.Thread.run(Thread.java:1583)
11:47:51.942 [Thread-4] ERROR com.charlessun.javaplcadapter.worker.impl.ConsumerWorkerImpl -- processingStrategy.process(record) 處理失敗: Processing failed
java.lang.RuntimeException: Processing failed
	at com.charlessun.javaplcadapter.worker.impl.ConsumerWorkerImpl.pollLoop(ConsumerWorkerImpl.java:53)
	at java.base/java.lang.Thread.run(Thread.java:1583)
11:47:51.942 [Thread-4] ERROR com.charlessun.javaplcadapter.worker.impl.ConsumerWorkerImpl -- processingStrategy.process(record) 處理失敗: Processing failed
java.lang.RuntimeException: Processing failed
	at com.charlessun.javaplcadapter.worker.impl.ConsumerWorkerImpl.pollLoop(ConsumerWorkerImpl.java:53)
	at java.base/java.lang.Thread.run(Thread.java:1583)
11:47:51.942 [Thread-4] ERROR com.charlessun.javaplcadapter.worker.impl.ConsumerWorkerImpl -- processingStrategy.process(record) 處理失敗: Processing failed
java.lang.RuntimeException: Processing failed
	at com.charlessun.javaplcadapter.worker.impl.ConsumerWorkerImpl.pollLoop(ConsumerWorkerImpl.java:53)
	at java.base/java.lang.Thread.run(Thread.java:1583)
11:47:51.942 [Thread-4] ERROR com.charlessun.javaplcadapter.worker.impl.ConsumerWorkerImpl -- processingStrategy.process(record) 處理失敗: Processing failed
java.lang.RuntimeException: Processing failed
	at com.charlessun.javaplcadapter.worker.impl.ConsumerWorkerImpl.pollLoop(ConsumerWorkerImpl.java:53)
	at java.base/java.lang.Thread.run(Thread.java:1583)
11:47:51.942 [Thread-4] ERROR com.charlessun.javaplcadapter.worker.impl.ConsumerWorkerImpl -- processingStrategy.process(record) 處理失敗: Processing failed
java.lang.RuntimeException: Processing failed
	at com.charlessun.javaplcadapter.worker.impl.ConsumerWorkerImpl.pollLoop(ConsumerWorkerImpl.java:53)
	at java.base/java.lang.Thread.run(Thread.java:1583)
11:47:51.943 [Thread-4] ERROR com.charlessun.javaplcadapter.worker.impl.ConsumerWorkerImpl -- processingStrategy.process(record) 處理失敗: Processing failed
java.lang.RuntimeException: Processing failed
	at com.charlessun.javaplcadapter.worker.impl.ConsumerWorkerImpl.pollLoop(ConsumerWorkerImpl.java:53)
	at java.base/java.lang.Thread.run(Thread.java:1583)
11:47:51.943 [Thread-4] ERROR com.charlessun.javaplcadapter.worker.impl.ConsumerWorkerImpl -- processingStrategy.process(record) 處理失敗: Processing failed
java.lang.RuntimeException: Processing failed
	at com.charlessun.javaplcadapter.worker.impl.ConsumerWorkerImpl.pollLoop(ConsumerWorkerImpl.java:53)
	at java.base/java.lang.Thread.run(Thread.java:1583)
11:47:51.943 [Thread-4] ERROR com.charlessun.javaplcadapter.worker.impl.ConsumerWorkerImpl -- processingStrategy.process(record) 處理失敗: Processing failed
java.lang.RuntimeException: Processing failed
	at com.charlessun.javaplcadapter.worker.impl.ConsumerWorkerImpl.pollLoop(ConsumerWorkerImpl.java:53)
	at java.base/java.lang.Thread.run(Thread.java:1583)
11:47:51.943 [Thread-4] ERROR com.charlessun.javaplcadapter.worker.impl.ConsumerWorkerImpl -- processingStrategy.process(record) 處理失敗: Processing failed
java.lang.RuntimeException: Processing failed
	at com.charlessun.javaplcadapter.worker.impl.ConsumerWorkerImpl.pollLoop(ConsumerWorkerImpl.java:53)
	at java.base/java.lang.Thread.run(Thread.java:1583)
11:47:51.943 [Thread-4] ERROR com.charlessun.javaplcadapter.worker.impl.ConsumerWorkerImpl -- processingStrategy.process(record) 處理失敗: Processing failed
java.lang.RuntimeException: Processing failed
	at com.charlessun.javaplcadapter.worker.impl.ConsumerWorkerImpl.pollLoop(ConsumerWorkerImpl.java:53)
	at java.base/java.lang.Thread.run(Thread.java:1583)
11:47:51.943 [Thread-4] ERROR com.charlessun.javaplcadapter.worker.impl.ConsumerWorkerImpl -- processingStrategy.process(record) 處理失敗: Processing failed
java.lang.RuntimeException: Processing failed
	at com.charlessun.javaplcadapter.worker.impl.ConsumerWorkerImpl.pollLoop(ConsumerWorkerImpl.java:53)
	at java.base/java.lang.Thread.run(Thread.java:1583)
11:47:51.943 [Thread-4] ERROR com.charlessun.javaplcadapter.worker.impl.ConsumerWorkerImpl -- processingStrategy.process(record) 處理失敗: Processing failed
java.lang.RuntimeException: Processing failed
	at com.charlessun.javaplcadapter.worker.impl.ConsumerWorkerImpl.pollLoop(ConsumerWorkerImpl.java:53)
	at java.base/java.lang.Thread.run(Thread.java:1583)
11:47:51.944 [Thread-4] ERROR com.charlessun.javaplcadapter.worker.impl.ConsumerWorkerImpl -- processingStrategy.process(record) 處理失敗: Processing failed
java.lang.RuntimeException: Processing failed
	at com.charlessun.javaplcadapter.worker.impl.ConsumerWorkerImpl.pollLoop(ConsumerWorkerImpl.java:53)
	at java.base/java.lang.Thread.run(Thread.java:1583)
11:47:51.944 [Thread-4] ERROR com.charlessun.javaplcadapter.worker.impl.ConsumerWorkerImpl -- processingStrategy.process(record) 處理失敗: Processing failed
java.lang.RuntimeException: Processing failed
	at com.charlessun.javaplcadapter.worker.impl.ConsumerWorkerImpl.pollLoop(ConsumerWorkerImpl.java:53)
	at java.base/java.lang.Thread.run(Thread.java:1583)
11:47:51.944 [Thread-4] ERROR com.charlessun.javaplcadapter.worker.impl.ConsumerWorkerImpl -- processingStrategy.process(record) 處理失敗: Processing failed
java.lang.RuntimeException: Processing failed
	at com.charlessun.javaplcadapter.worker.impl.ConsumerWorkerImpl.pollLoop(ConsumerWorkerImpl.java:53)
	at java.base/java.lang.Thread.run(Thread.java:1583)
11:47:51.945 [Thread-4] ERROR com.charlessun.javaplcadapter.worker.impl.ConsumerWorkerImpl -- processingStrategy.process(record) 處理失敗: Processing failed
java.lang.RuntimeException: Processing failed
	at com.charlessun.javaplcadapter.worker.impl.ConsumerWorkerImpl.pollLoop(ConsumerWorkerImpl.java:53)
	at java.base/java.lang.Thread.run(Thread.java:1583)
11:47:51.945 [Thread-4] ERROR com.charlessun.javaplcadapter.worker.impl.ConsumerWorkerImpl -- processingStrategy.process(record) 處理失敗: Processing failed
java.lang.RuntimeException: Processing failed
	at com.charlessun.javaplcadapter.worker.impl.ConsumerWorkerImpl.pollLoop(ConsumerWorkerImpl.java:53)
	at java.base/java.lang.Thread.run(Thread.java:1583)
11:47:51.945 [Thread-4] ERROR com.charlessun.javaplcadapter.worker.impl.ConsumerWorkerImpl -- processingStrategy.process(record) 處理失敗: Processing failed
java.lang.RuntimeException: Processing failed
	at com.charlessun.javaplcadapter.worker.impl.ConsumerWorkerImpl.pollLoop(ConsumerWorkerImpl.java:53)
	at java.base/java.lang.Thread.run(Thread.java:1583)
11:47:51.945 [Thread-4] ERROR com.charlessun.javaplcadapter.worker.impl.ConsumerWorkerImpl -- processingStrategy.process(record) 處理失敗: Processing failed
java.lang.RuntimeException: Processing failed
	at com.charlessun.javaplcadapter.worker.impl.ConsumerWorkerImpl.pollLoop(ConsumerWorkerImpl.java:53)
	at java.base/java.lang.Thread.run(Thread.java:1583)
11:47:51.945 [Thread-4] ERROR com.charlessun.javaplcadapter.worker.impl.ConsumerWorkerImpl -- processingStrategy.process(record) 處理失敗: Processing failed
java.lang.RuntimeException: Processing failed
	at com.charlessun.javaplcadapter.worker.impl.ConsumerWorkerImpl.pollLoop(ConsumerWorkerImpl.java:53)
	at java.base/java.lang.Thread.run(Thread.java:1583)
11:47:51.945 [Thread-4] ERROR com.charlessun.javaplcadapter.worker.impl.ConsumerWorkerImpl -- processingStrategy.process(record) 處理失敗: Processing failed
java.lang.RuntimeException: Processing failed
	at com.charlessun.javaplcadapter.worker.impl.ConsumerWorkerImpl.pollLoop(ConsumerWorkerImpl.java:53)
	at java.base/java.lang.Thread.run(Thread.java:1583)
11:47:51.945 [Thread-4] ERROR com.charlessun.javaplcadapter.worker.impl.ConsumerWorkerImpl -- processingStrategy.process(record) 處理失敗: Processing failed
java.lang.RuntimeException: Processing failed
	at com.charlessun.javaplcadapter.worker.impl.ConsumerWorkerImpl.pollLoop(ConsumerWorkerImpl.java:53)
	at java.base/java.lang.Thread.run(Thread.java:1583)
11:47:51.946 [Thread-4] ERROR com.charlessun.javaplcadapter.worker.impl.ConsumerWorkerImpl -- processingStrategy.process(record) 處理失敗: Processing failed
java.lang.RuntimeException: Processing failed
	at com.charlessun.javaplcadapter.worker.impl.ConsumerWorkerImpl.pollLoop(ConsumerWorkerImpl.java:53)
	at java.base/java.lang.Thread.run(Thread.java:1583)
11:47:51.946 [Thread-4] ERROR com.charlessun.javaplcadapter.worker.impl.ConsumerWorkerImpl -- processingStrategy.process(record) 處理失敗: Processing failed
java.lang.RuntimeException: Processing failed
	at com.charlessun.javaplcadapter.worker.impl.ConsumerWorkerImpl.pollLoop(ConsumerWorkerImpl.java:53)
	at java.base/java.lang.Thread.run(Thread.java:1583)
11:47:51.946 [Thread-4] ERROR com.charlessun.javaplcadapter.worker.impl.ConsumerWorkerImpl -- processingStrategy.process(record) 處理失敗: Processing failed
java.lang.RuntimeException: Processing failed
	at com.charlessun.javaplcadapter.worker.impl.ConsumerWorkerImpl.pollLoop(ConsumerWorkerImpl.java:53)
	at java.base/java.lang.Thread.run(Thread.java:1583)
11:47:51.946 [Thread-4] ERROR com.charlessun.javaplcadapter.worker.impl.ConsumerWorkerImpl -- processingStrategy.process(record) 處理失敗: Processing failed
java.lang.RuntimeException: Processing failed
	at com.charlessun.javaplcadapter.worker.impl.ConsumerWorkerImpl.pollLoop(ConsumerWorkerImpl.java:53)
	at java.base/java.lang.Thread.run(Thread.java:1583)
11:47:51.946 [Thread-4] ERROR com.charlessun.javaplcadapter.worker.impl.ConsumerWorkerImpl -- processingStrategy.process(record) 處理失敗: Processing failed
java.lang.RuntimeException: Processing failed
	at com.charlessun.javaplcadapter.worker.impl.ConsumerWorkerImpl.pollLoop(ConsumerWorkerImpl.java:53)
	at java.base/java.lang.Thread.run(Thread.java:1583)
11:47:51.946 [Thread-4] ERROR com.charlessun.javaplcadapter.worker.impl.ConsumerWorkerImpl -- processingStrategy.process(record) 處理失敗: Processing failed
java.lang.RuntimeException: Processing failed
	at com.charlessun.javaplcadapter.worker.impl.ConsumerWorkerImpl.pollLoop(ConsumerWorkerImpl.java:53)
	at java.base/java.lang.Thread.run(Thread.java:1583)
11:47:51.947 [Thread-4] ERROR com.charlessun.javaplcadapter.worker.impl.ConsumerWorkerImpl -- processingStrategy.process(record) 處理失敗: Processing failed
java.lang.RuntimeException: Processing failed
	at com.charlessun.javaplcadapter.worker.impl.ConsumerWorkerImpl.pollLoop(ConsumerWorkerImpl.java:53)
	at java.base/java.lang.Thread.run(Thread.java:1583)
11:47:51.947 [Thread-4] ERROR com.charlessun.javaplcadapter.worker.impl.ConsumerWorkerImpl -- processingStrategy.process(record) 處理失敗: Processing failed
java.lang.RuntimeException: Processing failed
	at com.charlessun.javaplcadapter.worker.impl.ConsumerWorkerImpl.pollLoop(ConsumerWorkerImpl.java:53)
	at java.base/java.lang.Thread.run(Thread.java:1583)
11:47:51.947 [Thread-4] ERROR com.charlessun.javaplcadapter.worker.impl.ConsumerWorkerImpl -- processingStrategy.process(record) 處理失敗: Processing failed
java.lang.RuntimeException: Processing failed
	at com.charlessun.javaplcadapter.worker.impl.ConsumerWorkerImpl.pollLoop(ConsumerWorkerImpl.java:53)
	at java.base/java.lang.Thread.run(Thread.java:1583)
11:47:51.947 [Thread-4] ERROR com.charlessun.javaplcadapter.worker.impl.ConsumerWorkerImpl -- processingStrategy.process(record) 處理失敗: Processing failed
java.lang.RuntimeException: Processing failed
	at com.charlessun.javaplcadapter.worker.impl.ConsumerWorkerImpl.pollLoop(ConsumerWorkerImpl.java:53)
	at java.base/java.lang.Thread.run(Thread.java:1583)
11:47:51.947 [Thread-4] ERROR com.charlessun.javaplcadapter.worker.impl.ConsumerWorkerImpl -- processingStrategy.process(record) 處理失敗: Processing failed
java.lang.RuntimeException: Processing failed
	at com.charlessun.javaplcadapter.worker.impl.ConsumerWorkerImpl.pollLoop(ConsumerWorkerImpl.java:53)
	at java.base/java.lang.Thread.run(Thread.java:1583)
11:47:51.947 [Thread-4] ERROR com.charlessun.javaplcadapter.worker.impl.ConsumerWorkerImpl -- processingStrategy.process(record) 處理失敗: Processing failed
java.lang.RuntimeException: Processing failed
	at com.charlessun.javaplcadapter.worker.impl.ConsumerWorkerImpl.pollLoop(ConsumerWorkerImpl.java:53)
	at java.base/java.lang.Thread.run(Thread.java:1583)
11:47:51.947 [Thread-4] ERROR com.charlessun.javaplcadapter.worker.impl.ConsumerWorkerImpl -- processingStrategy.process(record) 處理失敗: Processing failed
java.lang.RuntimeException: Processing failed
	at com.charlessun.javaplcadapter.worker.impl.ConsumerWorkerImpl.pollLoop(ConsumerWorkerImpl.java:53)
	at java.base/java.lang.Thread.run(Thread.java:1583)
11:47:51.947 [Thread-4] ERROR com.charlessun.javaplcadapter.worker.impl.ConsumerWorkerImpl -- processingStrategy.process(record) 處理失敗: Processing failed
java.lang.RuntimeException: Processing failed
	at com.charlessun.javaplcadapter.worker.impl.ConsumerWorkerImpl.pollLoop(ConsumerWorkerImpl.java:53)
	at java.base/java.lang.Thread.run(Thread.java:1583)
11:47:51.947 [Thread-4] ERROR com.charlessun.javaplcadapter.worker.impl.ConsumerWorkerImpl -- processingStrategy.process(record) 處理失敗: Processing failed
java.lang.RuntimeException: Processing failed
	at com.charlessun.javaplcadapter.worker.impl.ConsumerWorkerImpl.pollLoop(ConsumerWorkerImpl.java:53)
	at java.base/java.lang.Thread.run(Thread.java:1583)
11:47:51.948 [Thread-4] ERROR com.charlessun.javaplcadapter.worker.impl.ConsumerWorkerImpl -- processingStrategy.process(record) 處理失敗: Processing failed
java.lang.RuntimeException: Processing failed
	at com.charlessun.javaplcadapter.worker.impl.ConsumerWorkerImpl.pollLoop(ConsumerWorkerImpl.java:53)
	at java.base/java.lang.Thread.run(Thread.java:1583)
11:47:51.948 [Thread-4] ERROR com.charlessun.javaplcadapter.worker.impl.ConsumerWorkerImpl -- processingStrategy.process(record) 處理失敗: Processing failed
java.lang.RuntimeException: Processing failed
	at com.charlessun.javaplcadapter.worker.impl.ConsumerWorkerImpl.pollLoop(ConsumerWorkerImpl.java:53)
	at java.base/java.lang.Thread.run(Thread.java:1583)
11:47:51.948 [Thread-4] ERROR com.charlessun.javaplcadapter.worker.impl.ConsumerWorkerImpl -- processingStrategy.process(record) 處理失敗: Processing failed
java.lang.RuntimeException: Processing failed
	at com.charlessun.javaplcadapter.worker.impl.ConsumerWorkerImpl.pollLoop(ConsumerWorkerImpl.java:53)
	at java.base/java.lang.Thread.run(Thread.java:1583)
11:47:51.948 [Thread-4] ERROR com.charlessun.javaplcadapter.worker.impl.ConsumerWorkerImpl -- processingStrategy.process(record) 處理失敗: Processing failed
java.lang.RuntimeException: Processing failed
	at com.charlessun.javaplcadapter.worker.impl.ConsumerWorkerImpl.pollLoop(ConsumerWorkerImpl.java:53)
	at java.base/java.lang.Thread.run(Thread.java:1583)
11:47:51.948 [Thread-4] ERROR com.charlessun.javaplcadapter.worker.impl.ConsumerWorkerImpl -- processingStrategy.process(record) 處理失敗: Processing failed
java.lang.RuntimeException: Processing failed
	at com.charlessun.javaplcadapter.worker.impl.ConsumerWorkerImpl.pollLoop(ConsumerWorkerImpl.java:53)
	at java.base/java.lang.Thread.run(Thread.java:1583)
11:47:51.948 [Thread-4] ERROR com.charlessun.javaplcadapter.worker.impl.ConsumerWorkerImpl -- processingStrategy.process(record) 處理失敗: Processing failed
java.lang.RuntimeException: Processing failed
	at com.charlessun.javaplcadapter.worker.impl.ConsumerWorkerImpl.pollLoop(ConsumerWorkerImpl.java:53)
	at java.base/java.lang.Thread.run(Thread.java:1583)
11:47:51.948 [Thread-4] ERROR com.charlessun.javaplcadapter.worker.impl.ConsumerWorkerImpl -- processingStrategy.process(record) 處理失敗: Processing failed
java.lang.RuntimeException: Processing failed
	at com.charlessun.javaplcadapter.worker.impl.ConsumerWorkerImpl.pollLoop(ConsumerWorkerImpl.java:53)
	at java.base/java.lang.Thread.run(Thread.java:1583)
11:47:51.949 [Thread-4] ERROR com.charlessun.javaplcadapter.worker.impl.ConsumerWorkerImpl -- processingStrategy.process(record) 處理失敗: Processing failed
java.lang.RuntimeException: Processing failed
	at com.charlessun.javaplcadapter.worker.impl.ConsumerWorkerImpl.pollLoop(ConsumerWorkerImpl.java:53)
	at java.base/java.lang.Thread.run(Thread.java:1583)
11:47:51.949 [Thread-4] ERROR com.charlessun.javaplcadapter.worker.impl.ConsumerWorkerImpl -- processingStrategy.process(record) 處理失敗: Processing failed
java.lang.RuntimeException: Processing failed
	at com.charlessun.javaplcadapter.worker.impl.ConsumerWorkerImpl.pollLoop(ConsumerWorkerImpl.java:53)
	at java.base/java.lang.Thread.run(Thread.java:1583)
11:47:51.949 [Thread-4] ERROR com.charlessun.javaplcadapter.worker.impl.ConsumerWorkerImpl -- processingStrategy.process(record) 處理失敗: Processing failed
java.lang.RuntimeException: Processing failed
	at com.charlessun.javaplcadapter.worker.impl.ConsumerWorkerImpl.pollLoop(ConsumerWorkerImpl.java:53)
	at java.base/java.lang.Thread.run(Thread.java:1583)
11:47:51.949 [Thread-4] ERROR com.charlessun.javaplcadapter.worker.impl.ConsumerWorkerImpl -- processingStrategy.process(record) 處理失敗: Processing failed
java.lang.RuntimeException: Processing failed
	at com.charlessun.javaplcadapter.worker.impl.ConsumerWorkerImpl.pollLoop(ConsumerWorkerImpl.java:53)
	at java.base/java.lang.Thread.run(Thread.java:1583)
11:47:51.949 [Thread-4] ERROR com.charlessun.javaplcadapter.worker.impl.ConsumerWorkerImpl -- processingStrategy.process(record) 處理失敗: Processing failed
java.lang.RuntimeException: Processing failed
	at com.charlessun.javaplcadapter.worker.impl.ConsumerWorkerImpl.pollLoop(ConsumerWorkerImpl.java:53)
	at java.base/java.lang.Thread.run(Thread.java:1583)
11:47:51.949 [Thread-4] ERROR com.charlessun.javaplcadapter.worker.impl.ConsumerWorkerImpl -- processingStrategy.process(record) 處理失敗: Processing failed
java.lang.RuntimeException: Processing failed
	at com.charlessun.javaplcadapter.worker.impl.ConsumerWorkerImpl.pollLoop(ConsumerWorkerImpl.java:53)
	at java.base/java.lang.Thread.run(Thread.java:1583)
11:47:51.949 [Thread-4] ERROR com.charlessun.javaplcadapter.worker.impl.ConsumerWorkerImpl -- processingStrategy.process(record) 處理失敗: Processing failed
java.lang.RuntimeException: Processing failed
	at com.charlessun.javaplcadapter.worker.impl.ConsumerWorkerImpl.pollLoop(ConsumerWorkerImpl.java:53)
	at java.base/java.lang.Thread.run(Thread.java:1583)
11:47:51.950 [Thread-4] ERROR com.charlessun.javaplcadapter.worker.impl.ConsumerWorkerImpl -- processingStrategy.process(record) 處理失敗: Processing failed
java.lang.RuntimeException: Processing failed
	at com.charlessun.javaplcadapter.worker.impl.ConsumerWorkerImpl.pollLoop(ConsumerWorkerImpl.java:53)
	at java.base/java.lang.Thread.run(Thread.java:1583)
11:47:51.950 [Thread-4] ERROR com.charlessun.javaplcadapter.worker.impl.ConsumerWorkerImpl -- processingStrategy.process(record) 處理失敗: Processing failed
java.lang.RuntimeException: Processing failed
	at com.charlessun.javaplcadapter.worker.impl.ConsumerWorkerImpl.pollLoop(ConsumerWorkerImpl.java:53)
	at java.base/java.lang.Thread.run(Thread.java:1583)
11:47:51.950 [Thread-4] ERROR com.charlessun.javaplcadapter.worker.impl.ConsumerWorkerImpl -- processingStrategy.process(record) 處理失敗: Processing failed
java.lang.RuntimeException: Processing failed
	at com.charlessun.javaplcadapter.worker.impl.ConsumerWorkerImpl.pollLoop(ConsumerWorkerImpl.java:53)
	at java.base/java.lang.Thread.run(Thread.java:1583)
11:47:51.950 [Thread-4] ERROR com.charlessun.javaplcadapter.worker.impl.ConsumerWorkerImpl -- processingStrategy.process(record) 處理失敗: Processing failed
java.lang.RuntimeException: Processing failed
	at com.charlessun.javaplcadapter.worker.impl.ConsumerWorkerImpl.pollLoop(ConsumerWorkerImpl.java:53)
	at java.base/java.lang.Thread.run(Thread.java:1583)
11:47:51.950 [Thread-4] ERROR com.charlessun.javaplcadapter.worker.impl.ConsumerWorkerImpl -- processingStrategy.process(record) 處理失敗: Processing failed
java.lang.RuntimeException: Processing failed
	at com.charlessun.javaplcadapter.worker.impl.ConsumerWorkerImpl.pollLoop(ConsumerWorkerImpl.java:53)
	at java.base/java.lang.Thread.run(Thread.java:1583)
11:47:51.950 [Thread-4] ERROR com.charlessun.javaplcadapter.worker.impl.ConsumerWorkerImpl -- processingStrategy.process(record) 處理失敗: Processing failed
java.lang.RuntimeException: Processing failed
	at com.charlessun.javaplcadapter.worker.impl.ConsumerWorkerImpl.pollLoop(ConsumerWorkerImpl.java:53)
	at java.base/java.lang.Thread.run(Thread.java:1583)
11:47:51.950 [Thread-4] ERROR com.charlessun.javaplcadapter.worker.impl.ConsumerWorkerImpl -- processingStrategy.process(record) 處理失敗: Processing failed
java.lang.RuntimeException: Processing failed
	at com.charlessun.javaplcadapter.worker.impl.ConsumerWorkerImpl.pollLoop(ConsumerWorkerImpl.java:53)
	at java.base/java.lang.Thread.run(Thread.java:1583)
11:47:51.950 [Thread-4] ERROR com.charlessun.javaplcadapter.worker.impl.ConsumerWorkerImpl -- processingStrategy.process(record) 處理失敗: Processing failed
java.lang.RuntimeException: Processing failed
	at com.charlessun.javaplcadapter.worker.impl.ConsumerWorkerImpl.pollLoop(ConsumerWorkerImpl.java:53)
	at java.base/java.lang.Thread.run(Thread.java:1583)
11:47:51.950 [Thread-4] ERROR com.charlessun.javaplcadapter.worker.impl.ConsumerWorkerImpl -- processingStrategy.process(record) 處理失敗: Processing failed
java.lang.RuntimeException: Processing failed
	at com.charlessun.javaplcadapter.worker.impl.ConsumerWorkerImpl.pollLoop(ConsumerWorkerImpl.java:53)
	at java.base/java.lang.Thread.run(Thread.java:1583)
11:47:51.950 [Thread-4] ERROR com.charlessun.javaplcadapter.worker.impl.ConsumerWorkerImpl -- processingStrategy.process(record) 處理失敗: Processing failed
java.lang.RuntimeException: Processing failed
	at com.charlessun.javaplcadapter.worker.impl.ConsumerWorkerImpl.pollLoop(ConsumerWorkerImpl.java:53)
	at java.base/java.lang.Thread.run(Thread.java:1583)
11:47:51.950 [Thread-4] ERROR com.charlessun.javaplcadapter.worker.impl.ConsumerWorkerImpl -- processingStrategy.process(record) 處理失敗: Processing failed
java.lang.RuntimeException: Processing failed
	at com.charlessun.javaplcadapter.worker.impl.ConsumerWorkerImpl.pollLoop(ConsumerWorkerImpl.java:53)
	at java.base/java.lang.Thread.run(Thread.java:1583)
11:47:51.951 [Thread-4] ERROR com.charlessun.javaplcadapter.worker.impl.ConsumerWorkerImpl -- processingStrategy.process(record) 處理失敗: Processing failed
java.lang.RuntimeException: Processing failed
	at com.charlessun.javaplcadapter.worker.impl.ConsumerWorkerImpl.pollLoop(ConsumerWorkerImpl.java:53)
	at java.base/java.lang.Thread.run(Thread.java:1583)
11:47:51.951 [Thread-4] ERROR com.charlessun.javaplcadapter.worker.impl.ConsumerWorkerImpl -- processingStrategy.process(record) 處理失敗: Processing failed
java.lang.RuntimeException: Processing failed
	at com.charlessun.javaplcadapter.worker.impl.ConsumerWorkerImpl.pollLoop(ConsumerWorkerImpl.java:53)
	at java.base/java.lang.Thread.run(Thread.java:1583)
11:47:51.951 [Thread-4] ERROR com.charlessun.javaplcadapter.worker.impl.ConsumerWorkerImpl -- processingStrategy.process(record) 處理失敗: Processing failed
java.lang.RuntimeException: Processing failed
	at com.charlessun.javaplcadapter.worker.impl.ConsumerWorkerImpl.pollLoop(ConsumerWorkerImpl.java:53)
	at java.base/java.lang.Thread.run(Thread.java:1583)
11:47:51.951 [Thread-4] ERROR com.charlessun.javaplcadapter.worker.impl.ConsumerWorkerImpl -- processingStrategy.process(record) 處理失敗: Processing failed
java.lang.RuntimeException: Processing failed
	at com.charlessun.javaplcadapter.worker.impl.ConsumerWorkerImpl.pollLoop(ConsumerWorkerImpl.java:53)
	at java.base/java.lang.Thread.run(Thread.java:1583)
11:47:51.951 [Thread-4] ERROR com.charlessun.javaplcadapter.worker.impl.ConsumerWorkerImpl -- processingStrategy.process(record) 處理失敗: Processing failed
java.lang.RuntimeException: Processing failed
	at com.charlessun.javaplcadapter.worker.impl.ConsumerWorkerImpl.pollLoop(ConsumerWorkerImpl.java:53)
	at java.base/java.lang.Thread.run(Thread.java:1583)
11:47:51.951 [Thread-4] ERROR com.charlessun.javaplcadapter.worker.impl.ConsumerWorkerImpl -- processingStrategy.process(record) 處理失敗: Processing failed
java.lang.RuntimeException: Processing failed
	at com.charlessun.javaplcadapter.worker.impl.ConsumerWorkerImpl.pollLoop(ConsumerWorkerImpl.java:53)
	at java.base/java.lang.Thread.run(Thread.java:1583)
11:47:51.951 [Thread-4] ERROR com.charlessun.javaplcadapter.worker.impl.ConsumerWorkerImpl -- processingStrategy.process(record) 處理失敗: Processing failed
java.lang.RuntimeException: Processing failed
	at com.charlessun.javaplcadapter.worker.impl.ConsumerWorkerImpl.pollLoop(ConsumerWorkerImpl.java:53)
	at java.base/java.lang.Thread.run(Thread.java:1583)
11:47:51.951 [Thread-4] ERROR com.charlessun.javaplcadapter.worker.impl.ConsumerWorkerImpl -- processingStrategy.process(record) 處理失敗: Processing failed
java.lang.RuntimeException: Processing failed
	at com.charlessun.javaplcadapter.worker.impl.ConsumerWorkerImpl.pollLoop(ConsumerWorkerImpl.java:53)
	at java.base/java.lang.Thread.run(Thread.java:1583)
11:47:51.951 [Thread-4] ERROR com.charlessun.javaplcadapter.worker.impl.ConsumerWorkerImpl -- processingStrategy.process(record) 處理失敗: Processing failed
java.lang.RuntimeException: Processing failed
	at com.charlessun.javaplcadapter.worker.impl.ConsumerWorkerImpl.pollLoop(ConsumerWorkerImpl.java:53)
	at java.base/java.lang.Thread.run(Thread.java:1583)
11:47:51.951 [Thread-4] ERROR com.charlessun.javaplcadapter.worker.impl.ConsumerWorkerImpl -- processingStrategy.process(record) 處理失敗: Processing failed
java.lang.RuntimeException: Processing failed
	at com.charlessun.javaplcadapter.worker.impl.ConsumerWorkerImpl.pollLoop(ConsumerWorkerImpl.java:53)
	at java.base/java.lang.Thread.run(Thread.java:1583)
11:47:51.951 [Thread-4] ERROR com.charlessun.javaplcadapter.worker.impl.ConsumerWorkerImpl -- processingStrategy.process(record) 處理失敗: Processing failed
java.lang.RuntimeException: Processing failed
	at com.charlessun.javaplcadapter.worker.impl.ConsumerWorkerImpl.pollLoop(ConsumerWorkerImpl.java:53)
	at java.base/java.lang.Thread.run(Thread.java:1583)
11:47:51.952 [Thread-4] ERROR com.charlessun.javaplcadapter.worker.impl.ConsumerWorkerImpl -- processingStrategy.process(record) 處理失敗: Processing failed
java.lang.RuntimeException: Processing failed
	at com.charlessun.javaplcadapter.worker.impl.ConsumerWorkerImpl.pollLoop(ConsumerWorkerImpl.java:53)
	at java.base/java.lang.Thread.run(Thread.java:1583)
11:47:51.952 [Thread-4] ERROR com.charlessun.javaplcadapter.worker.impl.ConsumerWorkerImpl -- processingStrategy.process(record) 處理失敗: Processing failed
java.lang.RuntimeException: Processing failed
	at com.charlessun.javaplcadapter.worker.impl.ConsumerWorkerImpl.pollLoop(ConsumerWorkerImpl.java:53)
	at java.base/java.lang.Thread.run(Thread.java:1583)
11:47:51.952 [Thread-4] ERROR com.charlessun.javaplcadapter.worker.impl.ConsumerWorkerImpl -- processingStrategy.process(record) 處理失敗: Processing failed
java.lang.RuntimeException: Processing failed
	at com.charlessun.javaplcadapter.worker.impl.ConsumerWorkerImpl.pollLoop(ConsumerWorkerImpl.java:53)
	at java.base/java.lang.Thread.run(Thread.java:1583)
11:47:51.952 [Thread-4] ERROR com.charlessun.javaplcadapter.worker.impl.ConsumerWorkerImpl -- processingStrategy.process(record) 處理失敗: Processing failed
java.lang.RuntimeException: Processing failed
	at com.charlessun.javaplcadapter.worker.impl.ConsumerWorkerImpl.pollLoop(ConsumerWorkerImpl.java:53)
	at java.base/java.lang.Thread.run(Thread.java:1583)
11:47:51.952 [Thread-4] ERROR com.charlessun.javaplcadapter.worker.impl.ConsumerWorkerImpl -- processingStrategy.process(record) 處理失敗: Processing failed
java.lang.RuntimeException: Processing failed
	at com.charlessun.javaplcadapter.worker.impl.ConsumerWorkerImpl.pollLoop(ConsumerWorkerImpl.java:53)
	at java.base/java.lang.Thread.run(Thread.java:1583)
11:47:51.952 [Thread-4] ERROR com.charlessun.javaplcadapter.worker.impl.ConsumerWorkerImpl -- processingStrategy.process(record) 處理失敗: Processing failed
java.lang.RuntimeException: Processing failed
	at com.charlessun.javaplcadapter.worker.impl.ConsumerWorkerImpl.pollLoop(ConsumerWorkerImpl.java:53)
	at java.base/java.lang.Thread.run(Thread.java:1583)
11:47:51.952 [Thread-4] ERROR com.charlessun.javaplcadapter.worker.impl.ConsumerWorkerImpl -- processingStrategy.process(record) 處理失敗: Processing failed
java.lang.RuntimeException: Processing failed
	at com.charlessun.javaplcadapter.worker.impl.ConsumerWorkerImpl.pollLoop(ConsumerWorkerImpl.java:53)
	at java.base/java.lang.Thread.run(Thread.java:1583)
11:47:51.952 [Thread-4] ERROR com.charlessun.javaplcadapter.worker.impl.ConsumerWorkerImpl -- processingStrategy.process(record) 處理失敗: Processing failed
java.lang.RuntimeException: Processing failed
	at com.charlessun.javaplcadapter.worker.impl.ConsumerWorkerImpl.pollLoop(ConsumerWorkerImpl.java:53)
	at java.base/java.lang.Thread.run(Thread.java:1583)
11:47:51.952 [Thread-4] ERROR com.charlessun.javaplcadapter.worker.impl.ConsumerWorkerImpl -- processingStrategy.process(record) 處理失敗: Processing failed
java.lang.RuntimeException: Processing failed
	at com.charlessun.javaplcadapter.worker.impl.ConsumerWorkerImpl.pollLoop(ConsumerWorkerImpl.java:53)
	at java.base/java.lang.Thread.run(Thread.java:1583)
11:47:51.952 [Thread-4] ERROR com.charlessun.javaplcadapter.worker.impl.ConsumerWorkerImpl -- processingStrategy.process(record) 處理失敗: Processing failed
java.lang.RuntimeException: Processing failed
	at com.charlessun.javaplcadapter.worker.impl.ConsumerWorkerImpl.pollLoop(ConsumerWorkerImpl.java:53)
	at java.base/java.lang.Thread.run(Thread.java:1583)
11:47:51.952 [Thread-4] ERROR com.charlessun.javaplcadapter.worker.impl.ConsumerWorkerImpl -- processingStrategy.process(record) 處理失敗: Processing failed
java.lang.RuntimeException: Processing failed
	at com.charlessun.javaplcadapter.worker.impl.ConsumerWorkerImpl.pollLoop(ConsumerWorkerImpl.java:53)
	at java.base/java.lang.Thread.run(Thread.java:1583)
11:47:51.953 [Thread-4] ERROR com.charlessun.javaplcadapter.worker.impl.ConsumerWorkerImpl -- processingStrategy.process(record) 處理失敗: Processing failed
java.lang.RuntimeException: Processing failed
	at com.charlessun.javaplcadapter.worker.impl.ConsumerWorkerImpl.pollLoop(ConsumerWorkerImpl.java:53)
	at java.base/java.lang.Thread.run(Thread.java:1583)
11:47:51.953 [Thread-4] ERROR com.charlessun.javaplcadapter.worker.impl.ConsumerWorkerImpl -- processingStrategy.process(record) 處理失敗: Processing failed
java.lang.RuntimeException: Processing failed
	at com.charlessun.javaplcadapter.worker.impl.ConsumerWorkerImpl.pollLoop(ConsumerWorkerImpl.java:53)
	at java.base/java.lang.Thread.run(Thread.java:1583)
11:47:51.953 [Thread-4] ERROR com.charlessun.javaplcadapter.worker.impl.ConsumerWorkerImpl -- processingStrategy.process(record) 處理失敗: Processing failed
java.lang.RuntimeException: Processing failed
	at com.charlessun.javaplcadapter.worker.impl.ConsumerWorkerImpl.pollLoop(ConsumerWorkerImpl.java:53)
	at java.base/java.lang.Thread.run(Thread.java:1583)
11:47:51.953 [Thread-4] ERROR com.charlessun.javaplcadapter.worker.impl.ConsumerWorkerImpl -- processingStrategy.process(record) 處理失敗: Processing failed
java.lang.RuntimeException: Processing failed
	at com.charlessun.javaplcadapter.worker.impl.ConsumerWorkerImpl.pollLoop(ConsumerWorkerImpl.java:53)
	at java.base/java.lang.Thread.run(Thread.java:1583)
11:47:51.953 [Thread-4] ERROR com.charlessun.javaplcadapter.worker.impl.ConsumerWorkerImpl -- processingStrategy.process(record) 處理失敗: Processing failed
java.lang.RuntimeException: Processing failed
	at com.charlessun.javaplcadapter.worker.impl.ConsumerWorkerImpl.pollLoop(ConsumerWorkerImpl.java:53)
	at java.base/java.lang.Thread.run(Thread.java:1583)
11:47:51.953 [Thread-4] ERROR com.charlessun.javaplcadapter.worker.impl.ConsumerWorkerImpl -- processingStrategy.process(record) 處理失敗: Processing failed
java.lang.RuntimeException: Processing failed
	at com.charlessun.javaplcadapter.worker.impl.ConsumerWorkerImpl.pollLoop(ConsumerWorkerImpl.java:53)
	at java.base/java.lang.Thread.run(Thread.java:1583)
11:47:51.953 [Thread-4] ERROR com.charlessun.javaplcadapter.worker.impl.ConsumerWorkerImpl -- processingStrategy.process(record) 處理失敗: Processing failed
java.lang.RuntimeException: Processing failed
	at com.charlessun.javaplcadapter.worker.impl.ConsumerWorkerImpl.pollLoop(ConsumerWorkerImpl.java:53)
	at java.base/java.lang.Thread.run(Thread.java:1583)
11:47:51.953 [Thread-4] ERROR com.charlessun.javaplcadapter.worker.impl.ConsumerWorkerImpl -- processingStrategy.process(record) 處理失敗: Processing failed
java.lang.RuntimeException: Processing failed
	at com.charlessun.javaplcadapter.worker.impl.ConsumerWorkerImpl.pollLoop(ConsumerWorkerImpl.java:53)
	at java.base/java.lang.Thread.run(Thread.java:1583)
11:47:51.953 [Thread-4] ERROR com.charlessun.javaplcadapter.worker.impl.ConsumerWorkerImpl -- processingStrategy.process(record) 處理失敗: Processing failed
java.lang.RuntimeException: Processing failed
	at com.charlessun.javaplcadapter.worker.impl.ConsumerWorkerImpl.pollLoop(ConsumerWorkerImpl.java:53)
	at java.base/java.lang.Thread.run(Thread.java:1583)
11:47:51.953 [Thread-4] ERROR com.charlessun.javaplcadapter.worker.impl.ConsumerWorkerImpl -- processingStrategy.process(record) 處理失敗: Processing failed
java.lang.RuntimeException: Processing failed
	at com.charlessun.javaplcadapter.worker.impl.ConsumerWorkerImpl.pollLoop(ConsumerWorkerImpl.java:53)
	at java.base/java.lang.Thread.run(Thread.java:1583)
11:47:51.954 [Thread-4] ERROR com.charlessun.javaplcadapter.worker.impl.ConsumerWorkerImpl -- processingStrategy.process(record) 處理失敗: Processing failed
java.lang.RuntimeException: Processing failed
	at com.charlessun.javaplcadapter.worker.impl.ConsumerWorkerImpl.pollLoop(ConsumerWorkerImpl.java:53)
	at java.base/java.lang.Thread.run(Thread.java:1583)
11:47:51.954 [Thread-4] ERROR com.charlessun.javaplcadapter.worker.impl.ConsumerWorkerImpl -- processingStrategy.process(record) 處理失敗: Processing failed
java.lang.RuntimeException: Processing failed
	at com.charlessun.javaplcadapter.worker.impl.ConsumerWorkerImpl.pollLoop(ConsumerWorkerImpl.java:53)
	at java.base/java.lang.Thread.run(Thread.java:1583)
11:47:51.954 [Thread-4] ERROR com.charlessun.javaplcadapter.worker.impl.ConsumerWorkerImpl -- processingStrategy.process(record) 處理失敗: Processing failed
java.lang.RuntimeException: Processing failed
	at com.charlessun.javaplcadapter.worker.impl.ConsumerWorkerImpl.pollLoop(ConsumerWorkerImpl.java:53)
	at java.base/java.lang.Thread.run(Thread.java:1583)
11:47:51.954 [Thread-4] ERROR com.charlessun.javaplcadapter.worker.impl.ConsumerWorkerImpl -- processingStrategy.process(record) 處理失敗: Processing failed
java.lang.RuntimeException: Processing failed
	at com.charlessun.javaplcadapter.worker.impl.ConsumerWorkerImpl.pollLoop(ConsumerWorkerImpl.java:53)
	at java.base/java.lang.Thread.run(Thread.java:1583)
11:47:51.954 [Thread-4] ERROR com.charlessun.javaplcadapter.worker.impl.ConsumerWorkerImpl -- processingStrategy.process(record) 處理失敗: Processing failed
java.lang.RuntimeException: Processing failed
	at com.charlessun.javaplcadapter.worker.impl.ConsumerWorkerImpl.pollLoop(ConsumerWorkerImpl.java:53)
	at java.base/java.lang.Thread.run(Thread.java:1583)
11:47:51.954 [Thread-4] ERROR com.charlessun.javaplcadapter.worker.impl.ConsumerWorkerImpl -- processingStrategy.process(record) 處理失敗: Processing failed
java.lang.RuntimeException: Processing failed
	at com.charlessun.javaplcadapter.worker.impl.ConsumerWorkerImpl.pollLoop(ConsumerWorkerImpl.java:53)
	at java.base/java.lang.Thread.run(Thread.java:1583)
11:47:51.954 [Thread-4] ERROR com.charlessun.javaplcadapter.worker.impl.ConsumerWorkerImpl -- processingStrategy.process(record) 處理失敗: Processing failed
java.lang.RuntimeException: Processing failed
	at com.charlessun.javaplcadapter.worker.impl.ConsumerWorkerImpl.pollLoop(ConsumerWorkerImpl.java:53)
	at java.base/java.lang.Thread.run(Thread.java:1583)
11:47:51.954 [Thread-4] ERROR com.charlessun.javaplcadapter.worker.impl.ConsumerWorkerImpl -- processingStrategy.process(record) 處理失敗: Processing failed
java.lang.RuntimeException: Processing failed
	at com.charlessun.javaplcadapter.worker.impl.ConsumerWorkerImpl.pollLoop(ConsumerWorkerImpl.java:53)
	at java.base/java.lang.Thread.run(Thread.java:1583)
11:47:51.955 [Thread-4] ERROR com.charlessun.javaplcadapter.worker.impl.ConsumerWorkerImpl -- processingStrategy.process(record) 處理失敗: Processing failed
java.lang.RuntimeException: Processing failed
	at com.charlessun.javaplcadapter.worker.impl.ConsumerWorkerImpl.pollLoop(ConsumerWorkerImpl.java:53)
	at java.base/java.lang.Thread.run(Thread.java:1583)
11:47:51.955 [Thread-4] ERROR com.charlessun.javaplcadapter.worker.impl.ConsumerWorkerImpl -- processingStrategy.process(record) 處理失敗: Processing failed
java.lang.RuntimeException: Processing failed
	at com.charlessun.javaplcadapter.worker.impl.ConsumerWorkerImpl.pollLoop(ConsumerWorkerImpl.java:53)
	at java.base/java.lang.Thread.run(Thread.java:1583)
11:47:51.955 [Thread-4] ERROR com.charlessun.javaplcadapter.worker.impl.ConsumerWorkerImpl -- processingStrategy.process(record) 處理失敗: Processing failed
java.lang.RuntimeException: Processing failed
	at com.charlessun.javaplcadapter.worker.impl.ConsumerWorkerImpl.pollLoop(ConsumerWorkerImpl.java:53)
	at java.base/java.lang.Thread.run(Thread.java:1583)
11:47:51.955 [Thread-4] ERROR com.charlessun.javaplcadapter.worker.impl.ConsumerWorkerImpl -- processingStrategy.process(record) 處理失敗: Processing failed
java.lang.RuntimeException: Processing failed
	at com.charlessun.javaplcadapter.worker.impl.ConsumerWorkerImpl.pollLoop(ConsumerWorkerImpl.java:53)
	at java.base/java.lang.Thread.run(Thread.java:1583)
11:47:51.955 [Thread-4] ERROR com.charlessun.javaplcadapter.worker.impl.ConsumerWorkerImpl -- processingStrategy.process(record) 處理失敗: Processing failed
java.lang.RuntimeException: Processing failed
	at com.charlessun.javaplcadapter.worker.impl.ConsumerWorkerImpl.pollLoop(ConsumerWorkerImpl.java:53)
	at java.base/java.lang.Thread.run(Thread.java:1583)
11:47:51.955 [Thread-4] ERROR com.charlessun.javaplcadapter.worker.impl.ConsumerWorkerImpl -- processingStrategy.process(record) 處理失敗: Processing failed
java.lang.RuntimeException: Processing failed
	at com.charlessun.javaplcadapter.worker.impl.ConsumerWorkerImpl.pollLoop(ConsumerWorkerImpl.java:53)
	at java.base/java.lang.Thread.run(Thread.java:1583)
11:47:51.955 [Thread-4] ERROR com.charlessun.javaplcadapter.worker.impl.ConsumerWorkerImpl -- processingStrategy.process(record) 處理失敗: Processing failed
java.lang.RuntimeException: Processing failed
	at com.charlessun.javaplcadapter.worker.impl.ConsumerWorkerImpl.pollLoop(ConsumerWorkerImpl.java:53)
	at java.base/java.lang.Thread.run(Thread.java:1583)
11:47:51.955 [Thread-4] ERROR com.charlessun.javaplcadapter.worker.impl.ConsumerWorkerImpl -- processingStrategy.process(record) 處理失敗: Processing failed
java.lang.RuntimeException: Processing failed
	at com.charlessun.javaplcadapter.worker.impl.ConsumerWorkerImpl.pollLoop(ConsumerWorkerImpl.java:53)
	at java.base/java.lang.Thread.run(Thread.java:1583)
11:47:51.955 [Thread-4] ERROR com.charlessun.javaplcadapter.worker.impl.ConsumerWorkerImpl -- processingStrategy.process(record) 處理失敗: Processing failed
java.lang.RuntimeException: Processing failed
	at com.charlessun.javaplcadapter.worker.impl.ConsumerWorkerImpl.pollLoop(ConsumerWorkerImpl.java:53)
	at java.base/java.lang.Thread.run(Thread.java:1583)
11:47:51.955 [Thread-4] ERROR com.charlessun.javaplcadapter.worker.impl.ConsumerWorkerImpl -- processingStrategy.process(record) 處理失敗: Processing failed
java.lang.RuntimeException: Processing failed
	at com.charlessun.javaplcadapter.worker.impl.ConsumerWorkerImpl.pollLoop(ConsumerWorkerImpl.java:53)
	at java.base/java.lang.Thread.run(Thread.java:1583)
11:47:51.955 [Thread-4] ERROR com.charlessun.javaplcadapter.worker.impl.ConsumerWorkerImpl -- processingStrategy.process(record) 處理失敗: Processing failed
java.lang.RuntimeException: Processing failed
	at com.charlessun.javaplcadapter.worker.impl.ConsumerWorkerImpl.pollLoop(ConsumerWorkerImpl.java:53)
	at java.base/java.lang.Thread.run(Thread.java:1583)
11:47:51.955 [Thread-4] ERROR com.charlessun.javaplcadapter.worker.impl.ConsumerWorkerImpl -- processingStrategy.process(record) 處理失敗: Processing failed
java.lang.RuntimeException: Processing failed
	at com.charlessun.javaplcadapter.worker.impl.ConsumerWorkerImpl.pollLoop(ConsumerWorkerImpl.java:53)
	at java.base/java.lang.Thread.run(Thread.java:1583)
11:47:51.956 [Thread-4] ERROR com.charlessun.javaplcadapter.worker.impl.ConsumerWorkerImpl -- processingStrategy.process(record) 處理失敗: Processing failed
java.lang.RuntimeException: Processing failed
	at com.charlessun.javaplcadapter.worker.impl.ConsumerWorkerImpl.pollLoop(ConsumerWorkerImpl.java:53)
	at java.base/java.lang.Thread.run(Thread.java:1583)
11:47:51.956 [Thread-4] ERROR com.charlessun.javaplcadapter.worker.impl.ConsumerWorkerImpl -- processingStrategy.process(record) 處理失敗: Processing failed
java.lang.RuntimeException: Processing failed
	at com.charlessun.javaplcadapter.worker.impl.ConsumerWorkerImpl.pollLoop(ConsumerWorkerImpl.java:53)
	at java.base/java.lang.Thread.run(Thread.java:1583)
11:47:51.956 [Thread-4] ERROR com.charlessun.javaplcadapter.worker.impl.ConsumerWorkerImpl -- processingStrategy.process(record) 處理失敗: Processing failed
java.lang.RuntimeException: Processing failed
	at com.charlessun.javaplcadapter.worker.impl.ConsumerWorkerImpl.pollLoop(ConsumerWorkerImpl.java:53)
	at java.base/java.lang.Thread.run(Thread.java:1583)
11:47:51.956 [Thread-4] ERROR com.charlessun.javaplcadapter.worker.impl.ConsumerWorkerImpl -- processingStrategy.process(record) 處理失敗: Processing failed
java.lang.RuntimeException: Processing failed
	at com.charlessun.javaplcadapter.worker.impl.ConsumerWorkerImpl.pollLoop(ConsumerWorkerImpl.java:53)
	at java.base/java.lang.Thread.run(Thread.java:1583)
11:47:51.956 [Thread-4] ERROR com.charlessun.javaplcadapter.worker.impl.ConsumerWorkerImpl -- processingStrategy.process(record) 處理失敗: Processing failed
java.lang.RuntimeException: Processing failed
	at com.charlessun.javaplcadapter.worker.impl.ConsumerWorkerImpl.pollLoop(ConsumerWorkerImpl.java:53)
	at java.base/java.lang.Thread.run(Thread.java:1583)
11:47:51.956 [Thread-4] ERROR com.charlessun.javaplcadapter.worker.impl.ConsumerWorkerImpl -- processingStrategy.process(record) 處理失敗: Processing failed
java.lang.RuntimeException: Processing failed
	at com.charlessun.javaplcadapter.worker.impl.ConsumerWorkerImpl.pollLoop(ConsumerWorkerImpl.java:53)
	at java.base/java.lang.Thread.run(Thread.java:1583)
11:47:51.956 [Thread-4] ERROR com.charlessun.javaplcadapter.worker.impl.ConsumerWorkerImpl -- processingStrategy.process(record) 處理失敗: Processing failed
java.lang.RuntimeException: Processing failed
	at com.charlessun.javaplcadapter.worker.impl.ConsumerWorkerImpl.pollLoop(ConsumerWorkerImpl.java:53)
	at java.base/java.lang.Thread.run(Thread.java:1583)
11:47:51.956 [Thread-4] ERROR com.charlessun.javaplcadapter.worker.impl.ConsumerWorkerImpl -- processingStrategy.process(record) 處理失敗: Processing failed
java.lang.RuntimeException: Processing failed
	at com.charlessun.javaplcadapter.worker.impl.ConsumerWorkerImpl.pollLoop(ConsumerWorkerImpl.java:53)
	at java.base/java.lang.Thread.run(Thread.java:1583)
11:47:51.956 [Thread-4] ERROR com.charlessun.javaplcadapter.worker.impl.ConsumerWorkerImpl -- processingStrategy.process(record) 處理失敗: Processing failed
java.lang.RuntimeException: Processing failed
	at com.charlessun.javaplcadapter.worker.impl.ConsumerWorkerImpl.pollLoop(ConsumerWorkerImpl.java:53)
	at java.base/java.lang.Thread.run(Thread.java:1583)
11:47:51.956 [Thread-4] ERROR com.charlessun.javaplcadapter.worker.impl.ConsumerWorkerImpl -- processingStrategy.process(record) 處理失敗: Processing failed
java.lang.RuntimeException: Processing failed
	at com.charlessun.javaplcadapter.worker.impl.ConsumerWorkerImpl.pollLoop(ConsumerWorkerImpl.java:53)
	at java.base/java.lang.Thread.run(Thread.java:1583)
11:47:51.956 [Thread-4] ERROR com.charlessun.javaplcadapter.worker.impl.ConsumerWorkerImpl -- processingStrategy.process(record) 處理失敗: Processing failed
java.lang.RuntimeException: Processing failed
	at com.charlessun.javaplcadapter.worker.impl.ConsumerWorkerImpl.pollLoop(ConsumerWorkerImpl.java:53)
	at java.base/java.lang.Thread.run(Thread.java:1583)
11:47:51.956 [Thread-4] ERROR com.charlessun.javaplcadapter.worker.impl.ConsumerWorkerImpl -- processingStrategy.process(record) 處理失敗: Processing failed
java.lang.RuntimeException: Processing failed
	at com.charlessun.javaplcadapter.worker.impl.ConsumerWorkerImpl.pollLoop(ConsumerWorkerImpl.java:53)
	at java.base/java.lang.Thread.run(Thread.java:1583)
11:47:51.956 [Thread-4] ERROR com.charlessun.javaplcadapter.worker.impl.ConsumerWorkerImpl -- processingStrategy.process(record) 處理失敗: Processing failed
java.lang.RuntimeException: Processing failed
	at com.charlessun.javaplcadapter.worker.impl.ConsumerWorkerImpl.pollLoop(ConsumerWorkerImpl.java:53)
	at java.base/java.lang.Thread.run(Thread.java:1583)
11:47:51.957 [Thread-4] ERROR com.charlessun.javaplcadapter.worker.impl.ConsumerWorkerImpl -- processingStrategy.process(record) 處理失敗: Processing failed
java.lang.RuntimeException: Processing failed
	at com.charlessun.javaplcadapter.worker.impl.ConsumerWorkerImpl.pollLoop(ConsumerWorkerImpl.java:53)
	at java.base/java.lang.Thread.run(Thread.java:1583)
11:47:51.957 [Thread-4] ERROR com.charlessun.javaplcadapter.worker.impl.ConsumerWorkerImpl -- processingStrategy.process(record) 處理失敗: Processing failed
java.lang.RuntimeException: Processing failed
	at com.charlessun.javaplcadapter.worker.impl.ConsumerWorkerImpl.pollLoop(ConsumerWorkerImpl.java:53)
	at java.base/java.lang.Thread.run(Thread.java:1583)
11:47:51.957 [Thread-4] ERROR com.charlessun.javaplcadapter.worker.impl.ConsumerWorkerImpl -- processingStrategy.process(record) 處理失敗: Processing failed
java.lang.RuntimeException: Processing failed
	at com.charlessun.javaplcadapter.worker.impl.ConsumerWorkerImpl.pollLoop(ConsumerWorkerImpl.java:53)
	at java.base/java.lang.Thread.run(Thread.java:1583)
11:47:51.957 [Thread-4] ERROR com.charlessun.javaplcadapter.worker.impl.ConsumerWorkerImpl -- processingStrategy.process(record) 處理失敗: Processing failed
java.lang.RuntimeException: Processing failed
	at com.charlessun.javaplcadapter.worker.impl.ConsumerWorkerImpl.pollLoop(ConsumerWorkerImpl.java:53)
	at java.base/java.lang.Thread.run(Thread.java:1583)
11:47:51.957 [Thread-4] ERROR com.charlessun.javaplcadapter.worker.impl.ConsumerWorkerImpl -- processingStrategy.process(record) 處理失敗: Processing failed
java.lang.RuntimeException: Processing failed
	at com.charlessun.javaplcadapter.worker.impl.ConsumerWorkerImpl.pollLoop(ConsumerWorkerImpl.java:53)
	at java.base/java.lang.Thread.run(Thread.java:1583)
11:47:51.957 [Thread-4] ERROR com.charlessun.javaplcadapter.worker.impl.ConsumerWorkerImpl -- processingStrategy.process(record) 處理失敗: Processing failed
java.lang.RuntimeException: Processing failed
	at com.charlessun.javaplcadapter.worker.impl.ConsumerWorkerImpl.pollLoop(ConsumerWorkerImpl.java:53)
	at java.base/java.lang.Thread.run(Thread.java:1583)
11:47:51.957 [Thread-4] ERROR com.charlessun.javaplcadapter.worker.impl.ConsumerWorkerImpl -- processingStrategy.process(record) 處理失敗: Processing failed
java.lang.RuntimeException: Processing failed
	at com.charlessun.javaplcadapter.worker.impl.ConsumerWorkerImpl.pollLoop(ConsumerWorkerImpl.java:53)
	at java.base/java.lang.Thread.run(Thread.java:1583)
11:47:51.957 [Thread-4] ERROR com.charlessun.javaplcadapter.worker.impl.ConsumerWorkerImpl -- processingStrategy.process(record) 處理失敗: Processing failed
java.lang.RuntimeException: Processing failed
	at com.charlessun.javaplcadapter.worker.impl.ConsumerWorkerImpl.pollLoop(ConsumerWorkerImpl.java:53)
	at java.base/java.lang.Thread.run(Thread.java:1583)
11:47:51.957 [Thread-4] ERROR com.charlessun.javaplcadapter.worker.impl.ConsumerWorkerImpl -- processingStrategy.process(record) 處理失敗: Processing failed
java.lang.RuntimeException: Processing failed
	at com.charlessun.javaplcadapter.worker.impl.ConsumerWorkerImpl.pollLoop(ConsumerWorkerImpl.java:53)
	at java.base/java.lang.Thread.run(Thread.java:1583)
11:47:51.957 [Thread-4] ERROR com.charlessun.javaplcadapter.worker.impl.ConsumerWorkerImpl -- processingStrategy.process(record) 處理失敗: Processing failed
java.lang.RuntimeException: Processing failed
	at com.charlessun.javaplcadapter.worker.impl.ConsumerWorkerImpl.pollLoop(ConsumerWorkerImpl.java:53)
	at java.base/java.lang.Thread.run(Thread.java:1583)
11:47:51.957 [Thread-4] ERROR com.charlessun.javaplcadapter.worker.impl.ConsumerWorkerImpl -- processingStrategy.process(record) 處理失敗: Processing failed
java.lang.RuntimeException: Processing failed
	at com.charlessun.javaplcadapter.worker.impl.ConsumerWorkerImpl.pollLoop(ConsumerWorkerImpl.java:53)
	at java.base/java.lang.Thread.run(Thread.java:1583)
11:47:51.957 [Thread-4] ERROR com.charlessun.javaplcadapter.worker.impl.ConsumerWorkerImpl -- processingStrategy.process(record) 處理失敗: Processing failed
java.lang.RuntimeException: Processing failed
	at com.charlessun.javaplcadapter.worker.impl.ConsumerWorkerImpl.pollLoop(ConsumerWorkerImpl.java:53)
	at java.base/java.lang.Thread.run(Thread.java:1583)
11:47:51.957 [Thread-4] ERROR com.charlessun.javaplcadapter.worker.impl.ConsumerWorkerImpl -- processingStrategy.process(record) 處理失敗: Processing failed
java.lang.RuntimeException: Processing failed
	at com.charlessun.javaplcadapter.worker.impl.ConsumerWorkerImpl.pollLoop(ConsumerWorkerImpl.java:53)
	at java.base/java.lang.Thread.run(Thread.java:1583)
11:47:51.957 [Thread-4] ERROR com.charlessun.javaplcadapter.worker.impl.ConsumerWorkerImpl -- processingStrategy.process(record) 處理失敗: Processing failed
java.lang.RuntimeException: Processing failed
	at com.charlessun.javaplcadapter.worker.impl.ConsumerWorkerImpl.pollLoop(ConsumerWorkerImpl.java:53)
	at java.base/java.lang.Thread.run(Thread.java:1583)
11:47:51.958 [Thread-4] ERROR com.charlessun.javaplcadapter.worker.impl.ConsumerWorkerImpl -- processingStrategy.process(record) 處理失敗: Processing failed
java.lang.RuntimeException: Processing failed
	at com.charlessun.javaplcadapter.worker.impl.ConsumerWorkerImpl.pollLoop(ConsumerWorkerImpl.java:53)
	at java.base/java.lang.Thread.run(Thread.java:1583)
11:47:51.958 [Thread-4] ERROR com.charlessun.javaplcadapter.worker.impl.ConsumerWorkerImpl -- processingStrategy.process(record) 處理失敗: Processing failed
java.lang.RuntimeException: Processing failed
	at com.charlessun.javaplcadapter.worker.impl.ConsumerWorkerImpl.pollLoop(ConsumerWorkerImpl.java:53)
	at java.base/java.lang.Thread.run(Thread.java:1583)
11:47:51.958 [Thread-4] ERROR com.charlessun.javaplcadapter.worker.impl.ConsumerWorkerImpl -- processingStrategy.process(record) 處理失敗: Processing failed
java.lang.RuntimeException: Processing failed
	at com.charlessun.javaplcadapter.worker.impl.ConsumerWorkerImpl.pollLoop(ConsumerWorkerImpl.java:53)
	at java.base/java.lang.Thread.run(Thread.java:1583)
11:47:51.958 [Thread-4] ERROR com.charlessun.javaplcadapter.worker.impl.ConsumerWorkerImpl -- processingStrategy.process(record) 處理失敗: Processing failed
java.lang.RuntimeException: Processing failed
	at com.charlessun.javaplcadapter.worker.impl.ConsumerWorkerImpl.pollLoop(ConsumerWorkerImpl.java:53)
	at java.base/java.lang.Thread.run(Thread.java:1583)
11:47:51.958 [Thread-4] ERROR com.charlessun.javaplcadapter.worker.impl.ConsumerWorkerImpl -- processingStrategy.process(record) 處理失敗: Processing failed
java.lang.RuntimeException: Processing failed
	at com.charlessun.javaplcadapter.worker.impl.ConsumerWorkerImpl.pollLoop(ConsumerWorkerImpl.java:53)
	at java.base/java.lang.Thread.run(Thread.java:1583)
11:47:51.958 [Thread-4] ERROR com.charlessun.javaplcadapter.worker.impl.ConsumerWorkerImpl -- processingStrategy.process(record) 處理失敗: Processing failed
java.lang.RuntimeException: Processing failed
	at com.charlessun.javaplcadapter.worker.impl.ConsumerWorkerImpl.pollLoop(ConsumerWorkerImpl.java:53)
	at java.base/java.lang.Thread.run(Thread.java:1583)
11:47:51.958 [Thread-4] ERROR com.charlessun.javaplcadapter.worker.impl.ConsumerWorkerImpl -- processingStrategy.process(record) 處理失敗: Processing failed
java.lang.RuntimeException: Processing failed
	at com.charlessun.javaplcadapter.worker.impl.ConsumerWorkerImpl.pollLoop(ConsumerWorkerImpl.java:53)
	at java.base/java.lang.Thread.run(Thread.java:1583)
11:47:51.958 [Thread-4] ERROR com.charlessun.javaplcadapter.worker.impl.ConsumerWorkerImpl -- processingStrategy.process(record) 處理失敗: Processing failed
java.lang.RuntimeException: Processing failed
	at com.charlessun.javaplcadapter.worker.impl.ConsumerWorkerImpl.pollLoop(ConsumerWorkerImpl.java:53)
	at java.base/java.lang.Thread.run(Thread.java:1583)
11:47:51.958 [Thread-4] ERROR com.charlessun.javaplcadapter.worker.impl.ConsumerWorkerImpl -- processingStrategy.process(record) 處理失敗: Processing failed
java.lang.RuntimeException: Processing failed
	at com.charlessun.javaplcadapter.worker.impl.ConsumerWorkerImpl.pollLoop(ConsumerWorkerImpl.java:53)
	at java.base/java.lang.Thread.run(Thread.java:1583)
11:47:51.958 [Thread-4] ERROR com.charlessun.javaplcadapter.worker.impl.ConsumerWorkerImpl -- processingStrategy.process(record) 處理失敗: Processing failed
java.lang.RuntimeException: Processing failed
	at com.charlessun.javaplcadapter.worker.impl.ConsumerWorkerImpl.pollLoop(ConsumerWorkerImpl.java:53)
	at java.base/java.lang.Thread.run(Thread.java:1583)
11:47:51.959 [Thread-4] ERROR com.charlessun.javaplcadapter.worker.impl.ConsumerWorkerImpl -- processingStrategy.process(record) 處理失敗: Processing failed
java.lang.RuntimeException: Processing failed
	at com.charlessun.javaplcadapter.worker.impl.ConsumerWorkerImpl.pollLoop(ConsumerWorkerImpl.java:53)
	at java.base/java.lang.Thread.run(Thread.java:1583)
11:47:51.959 [Thread-4] ERROR com.charlessun.javaplcadapter.worker.impl.ConsumerWorkerImpl -- processingStrategy.process(record) 處理失敗: Processing failed
java.lang.RuntimeException: Processing failed
	at com.charlessun.javaplcadapter.worker.impl.ConsumerWorkerImpl.pollLoop(ConsumerWorkerImpl.java:53)
	at java.base/java.lang.Thread.run(Thread.java:1583)
11:47:51.959 [Thread-4] ERROR com.charlessun.javaplcadapter.worker.impl.ConsumerWorkerImpl -- processingStrategy.process(record) 處理失敗: Processing failed
java.lang.RuntimeException: Processing failed
	at com.charlessun.javaplcadapter.worker.impl.ConsumerWorkerImpl.pollLoop(ConsumerWorkerImpl.java:53)
	at java.base/java.lang.Thread.run(Thread.java:1583)
11:47:51.959 [Thread-4] ERROR com.charlessun.javaplcadapter.worker.impl.ConsumerWorkerImpl -- processingStrategy.process(record) 處理失敗: Processing failed
java.lang.RuntimeException: Processing failed
	at com.charlessun.javaplcadapter.worker.impl.ConsumerWorkerImpl.pollLoop(ConsumerWorkerImpl.java:53)
	at java.base/java.lang.Thread.run(Thread.java:1583)
11:47:51.959 [Thread-4] ERROR com.charlessun.javaplcadapter.worker.impl.ConsumerWorkerImpl -- processingStrategy.process(record) 處理失敗: Processing failed
java.lang.RuntimeException: Processing failed
	at com.charlessun.javaplcadapter.worker.impl.ConsumerWorkerImpl.pollLoop(ConsumerWorkerImpl.java:53)
	at java.base/java.lang.Thread.run(Thread.java:1583)
11:47:51.959 [Thread-4] ERROR com.charlessun.javaplcadapter.worker.impl.ConsumerWorkerImpl -- processingStrategy.process(record) 處理失敗: Processing failed
java.lang.RuntimeException: Processing failed
	at com.charlessun.javaplcadapter.worker.impl.ConsumerWorkerImpl.pollLoop(ConsumerWorkerImpl.java:53)
	at java.base/java.lang.Thread.run(Thread.java:1583)
11:47:51.959 [Thread-4] ERROR com.charlessun.javaplcadapter.worker.impl.ConsumerWorkerImpl -- processingStrategy.process(record) 處理失敗: Processing failed
java.lang.RuntimeException: Processing failed
	at com.charlessun.javaplcadapter.worker.impl.ConsumerWorkerImpl.pollLoop(ConsumerWorkerImpl.java:53)
	at java.base/java.lang.Thread.run(Thread.java:1583)
11:47:51.960 [Thread-4] ERROR com.charlessun.javaplcadapter.worker.impl.ConsumerWorkerImpl -- processingStrategy.process(record) 處理失敗: Processing failed
java.lang.RuntimeException: Processing failed
	at com.charlessun.javaplcadapter.worker.impl.ConsumerWorkerImpl.pollLoop(ConsumerWorkerImpl.java:53)
	at java.base/java.lang.Thread.run(Thread.java:1583)
11:47:51.960 [Thread-4] ERROR com.charlessun.javaplcadapter.worker.impl.ConsumerWorkerImpl -- processingStrategy.process(record) 處理失敗: Processing failed
java.lang.RuntimeException: Processing failed
	at com.charlessun.javaplcadapter.worker.impl.ConsumerWorkerImpl.pollLoop(ConsumerWorkerImpl.java:53)
	at java.base/java.lang.Thread.run(Thread.java:1583)
11:47:51.960 [Thread-4] ERROR com.charlessun.javaplcadapter.worker.impl.ConsumerWorkerImpl -- processingStrategy.process(record) 處理失敗: Processing failed
java.lang.RuntimeException: Processing failed
	at com.charlessun.javaplcadapter.worker.impl.ConsumerWorkerImpl.pollLoop(ConsumerWorkerImpl.java:53)
	at java.base/java.lang.Thread.run(Thread.java:1583)
11:47:51.960 [Thread-4] ERROR com.charlessun.javaplcadapter.worker.impl.ConsumerWorkerImpl -- processingStrategy.process(record) 處理失敗: Processing failed
java.lang.RuntimeException: Processing failed
	at com.charlessun.javaplcadapter.worker.impl.ConsumerWorkerImpl.pollLoop(ConsumerWorkerImpl.java:53)
	at java.base/java.lang.Thread.run(Thread.java:1583)
11:47:51.960 [Thread-4] ERROR com.charlessun.javaplcadapter.worker.impl.ConsumerWorkerImpl -- processingStrategy.process(record) 處理失敗: Processing failed
java.lang.RuntimeException: Processing failed
	at com.charlessun.javaplcadapter.worker.impl.ConsumerWorkerImpl.pollLoop(ConsumerWorkerImpl.java:53)
	at java.base/java.lang.Thread.run(Thread.java:1583)
11:47:51.960 [Thread-4] ERROR com.charlessun.javaplcadapter.worker.impl.ConsumerWorkerImpl -- processingStrategy.process(record) 處理失敗: Processing failed
java.lang.RuntimeException: Processing failed
	at com.charlessun.javaplcadapter.worker.impl.ConsumerWorkerImpl.pollLoop(ConsumerWorkerImpl.java:53)
	at java.base/java.lang.Thread.run(Thread.java:1583)
11:47:51.960 [Thread-4] ERROR com.charlessun.javaplcadapter.worker.impl.ConsumerWorkerImpl -- processingStrategy.process(record) 處理失敗: Processing failed
java.lang.RuntimeException: Processing failed
	at com.charlessun.javaplcadapter.worker.impl.ConsumerWorkerImpl.pollLoop(ConsumerWorkerImpl.java:53)
	at java.base/java.lang.Thread.run(Thread.java:1583)
11:47:51.960 [Thread-4] ERROR com.charlessun.javaplcadapter.worker.impl.ConsumerWorkerImpl -- processingStrategy.process(record) 處理失敗: Processing failed
java.lang.RuntimeException: Processing failed
	at com.charlessun.javaplcadapter.worker.impl.ConsumerWorkerImpl.pollLoop(ConsumerWorkerImpl.java:53)
	at java.base/java.lang.Thread.run(Thread.java:1583)
11:47:51.960 [Thread-4] ERROR com.charlessun.javaplcadapter.worker.impl.ConsumerWorkerImpl -- processingStrategy.process(record) 處理失敗: Processing failed
java.lang.RuntimeException: Processing failed
	at com.charlessun.javaplcadapter.worker.impl.ConsumerWorkerImpl.pollLoop(ConsumerWorkerImpl.java:53)
	at java.base/java.lang.Thread.run(Thread.java:1583)
11:47:51.960 [Thread-4] ERROR com.charlessun.javaplcadapter.worker.impl.ConsumerWorkerImpl -- processingStrategy.process(record) 處理失敗: Processing failed
java.lang.RuntimeException: Processing failed
	at com.charlessun.javaplcadapter.worker.impl.ConsumerWorkerImpl.pollLoop(ConsumerWorkerImpl.java:53)
	at java.base/java.lang.Thread.run(Thread.java:1583)
11:47:51.961 [Thread-4] ERROR com.charlessun.javaplcadapter.worker.impl.ConsumerWorkerImpl -- processingStrategy.process(record) 處理失敗: Processing failed
java.lang.RuntimeException: Processing failed
	at com.charlessun.javaplcadapter.worker.impl.ConsumerWorkerImpl.pollLoop(ConsumerWorkerImpl.java:53)
	at java.base/java.lang.Thread.run(Thread.java:1583)
11:47:51.961 [Thread-4] ERROR com.charlessun.javaplcadapter.worker.impl.ConsumerWorkerImpl -- processingStrategy.process(record) 處理失敗: Processing failed
java.lang.RuntimeException: Processing failed
	at com.charlessun.javaplcadapter.worker.impl.ConsumerWorkerImpl.pollLoop(ConsumerWorkerImpl.java:53)
	at java.base/java.lang.Thread.run(Thread.java:1583)
11:47:51.961 [Thread-4] ERROR com.charlessun.javaplcadapter.worker.impl.ConsumerWorkerImpl -- processingStrategy.process(record) 處理失敗: Processing failed
java.lang.RuntimeException: Processing failed
	at com.charlessun.javaplcadapter.worker.impl.ConsumerWorkerImpl.pollLoop(ConsumerWorkerImpl.java:53)
	at java.base/java.lang.Thread.run(Thread.java:1583)
11:47:51.961 [Thread-4] ERROR com.charlessun.javaplcadapter.worker.impl.ConsumerWorkerImpl -- processingStrategy.process(record) 處理失敗: Processing failed
java.lang.RuntimeException: Processing failed
	at com.charlessun.javaplcadapter.worker.impl.ConsumerWorkerImpl.pollLoop(ConsumerWorkerImpl.java:53)
	at java.base/java.lang.Thread.run(Thread.java:1583)
11:47:51.961 [Thread-4] ERROR com.charlessun.javaplcadapter.worker.impl.ConsumerWorkerImpl -- processingStrategy.process(record) 處理失敗: Processing failed
java.lang.RuntimeException: Processing failed
	at com.charlessun.javaplcadapter.worker.impl.ConsumerWorkerImpl.pollLoop(ConsumerWorkerImpl.java:53)
	at java.base/java.lang.Thread.run(Thread.java:1583)
11:47:51.961 [Thread-4] ERROR com.charlessun.javaplcadapter.worker.impl.ConsumerWorkerImpl -- processingStrategy.process(record) 處理失敗: Processing failed
java.lang.RuntimeException: Processing failed
	at com.charlessun.javaplcadapter.worker.impl.ConsumerWorkerImpl.pollLoop(ConsumerWorkerImpl.java:53)
	at java.base/java.lang.Thread.run(Thread.java:1583)
11:47:51.961 [Thread-4] ERROR com.charlessun.javaplcadapter.worker.impl.ConsumerWorkerImpl -- processingStrategy.process(record) 處理失敗: Processing failed
java.lang.RuntimeException: Processing failed
	at com.charlessun.javaplcadapter.worker.impl.ConsumerWorkerImpl.pollLoop(ConsumerWorkerImpl.java:53)
	at java.base/java.lang.Thread.run(Thread.java:1583)
11:47:51.961 [Thread-4] ERROR com.charlessun.javaplcadapter.worker.impl.ConsumerWorkerImpl -- processingStrategy.process(record) 處理失敗: Processing failed
java.lang.RuntimeException: Processing failed
	at com.charlessun.javaplcadapter.worker.impl.ConsumerWorkerImpl.pollLoop(ConsumerWorkerImpl.java:53)
	at java.base/java.lang.Thread.run(Thread.java:1583)
11:47:51.962 [Thread-4] ERROR com.charlessun.javaplcadapter.worker.impl.ConsumerWorkerImpl -- processingStrategy.process(record) 處理失敗: Processing failed
java.lang.RuntimeException: Processing failed
	at com.charlessun.javaplcadapter.worker.impl.ConsumerWorkerImpl.pollLoop(ConsumerWorkerImpl.java:53)
	at java.base/java.lang.Thread.run(Thread.java:1583)
11:47:51.962 [Thread-4] ERROR com.charlessun.javaplcadapter.worker.impl.ConsumerWorkerImpl -- processingStrategy.process(record) 處理失敗: Processing failed
java.lang.RuntimeException: Processing failed
	at com.charlessun.javaplcadapter.worker.impl.ConsumerWorkerImpl.pollLoop(ConsumerWorkerImpl.java:53)
	at java.base/java.lang.Thread.run(Thread.java:1583)
11:47:51.962 [Thread-4] ERROR com.charlessun.javaplcadapter.worker.impl.ConsumerWorkerImpl -- processingStrategy.process(record) 處理失敗: Processing failed
java.lang.RuntimeException: Processing failed
	at com.charlessun.javaplcadapter.worker.impl.ConsumerWorkerImpl.pollLoop(ConsumerWorkerImpl.java:53)
	at java.base/java.lang.Thread.run(Thread.java:1583)
11:47:51.962 [Thread-4] ERROR com.charlessun.javaplcadapter.worker.impl.ConsumerWorkerImpl -- processingStrategy.process(record) 處理失敗: Processing failed
java.lang.RuntimeException: Processing failed
	at com.charlessun.javaplcadapter.worker.impl.ConsumerWorkerImpl.pollLoop(ConsumerWorkerImpl.java:53)
	at java.base/java.lang.Thread.run(Thread.java:1583)
11:47:51.962 [Thread-4] ERROR com.charlessun.javaplcadapter.worker.impl.ConsumerWorkerImpl -- processingStrategy.process(record) 處理失敗: Processing failed
java.lang.RuntimeException: Processing failed
	at com.charlessun.javaplcadapter.worker.impl.ConsumerWorkerImpl.pollLoop(ConsumerWorkerImpl.java:53)
	at java.base/java.lang.Thread.run(Thread.java:1583)
11:47:51.962 [Thread-4] ERROR com.charlessun.javaplcadapter.worker.impl.ConsumerWorkerImpl -- processingStrategy.process(record) 處理失敗: Processing failed
java.lang.RuntimeException: Processing failed
	at com.charlessun.javaplcadapter.worker.impl.ConsumerWorkerImpl.pollLoop(ConsumerWorkerImpl.java:53)
	at java.base/java.lang.Thread.run(Thread.java:1583)
11:47:51.963 [Thread-4] ERROR com.charlessun.javaplcadapter.worker.impl.ConsumerWorkerImpl -- processingStrategy.process(record) 處理失敗: Processing failed
java.lang.RuntimeException: Processing failed
	at com.charlessun.javaplcadapter.worker.impl.ConsumerWorkerImpl.pollLoop(ConsumerWorkerImpl.java:53)
	at java.base/java.lang.Thread.run(Thread.java:1583)
11:47:51.963 [Thread-4] ERROR com.charlessun.javaplcadapter.worker.impl.ConsumerWorkerImpl -- processingStrategy.process(record) 處理失敗: Processing failed
java.lang.RuntimeException: Processing failed
	at com.charlessun.javaplcadapter.worker.impl.ConsumerWorkerImpl.pollLoop(ConsumerWorkerImpl.java:53)
	at java.base/java.lang.Thread.run(Thread.java:1583)
11:47:51.963 [Thread-4] ERROR com.charlessun.javaplcadapter.worker.impl.ConsumerWorkerImpl -- processingStrategy.process(record) 處理失敗: Processing failed
java.lang.RuntimeException: Processing failed
	at com.charlessun.javaplcadapter.worker.impl.ConsumerWorkerImpl.pollLoop(ConsumerWorkerImpl.java:53)
	at java.base/java.lang.Thread.run(Thread.java:1583)
11:47:51.963 [Thread-4] ERROR com.charlessun.javaplcadapter.worker.impl.ConsumerWorkerImpl -- processingStrategy.process(record) 處理失敗: Processing failed
java.lang.RuntimeException: Processing failed
	at com.charlessun.javaplcadapter.worker.impl.ConsumerWorkerImpl.pollLoop(ConsumerWorkerImpl.java:53)
	at java.base/java.lang.Thread.run(Thread.java:1583)
11:47:51.963 [Thread-4] ERROR com.charlessun.javaplcadapter.worker.impl.ConsumerWorkerImpl -- processingStrategy.process(record) 處理失敗: Processing failed
java.lang.RuntimeException: Processing failed
	at com.charlessun.javaplcadapter.worker.impl.ConsumerWorkerImpl.pollLoop(ConsumerWorkerImpl.java:53)
	at java.base/java.lang.Thread.run(Thread.java:1583)
11:47:51.963 [Thread-4] ERROR com.charlessun.javaplcadapter.worker.impl.ConsumerWorkerImpl -- processingStrategy.process(record) 處理失敗: Processing failed
java.lang.RuntimeException: Processing failed
	at com.charlessun.javaplcadapter.worker.impl.ConsumerWorkerImpl.pollLoop(ConsumerWorkerImpl.java:53)
	at java.base/java.lang.Thread.run(Thread.java:1583)
11:47:51.964 [Thread-4] ERROR com.charlessun.javaplcadapter.worker.impl.ConsumerWorkerImpl -- processingStrategy.process(record) 處理失敗: Processing failed
java.lang.RuntimeException: Processing failed
	at com.charlessun.javaplcadapter.worker.impl.ConsumerWorkerImpl.pollLoop(ConsumerWorkerImpl.java:53)
	at java.base/java.lang.Thread.run(Thread.java:1583)
11:47:51.964 [Thread-4] ERROR com.charlessun.javaplcadapter.worker.impl.ConsumerWorkerImpl -- processingStrategy.process(record) 處理失敗: Processing failed
java.lang.RuntimeException: Processing failed
	at com.charlessun.javaplcadapter.worker.impl.ConsumerWorkerImpl.pollLoop(ConsumerWorkerImpl.java:53)
	at java.base/java.lang.Thread.run(Thread.java:1583)
11:47:51.964 [Thread-4] ERROR com.charlessun.javaplcadapter.worker.impl.ConsumerWorkerImpl -- processingStrategy.process(record) 處理失敗: Processing failed
java.lang.RuntimeException: Processing failed
	at com.charlessun.javaplcadapter.worker.impl.ConsumerWorkerImpl.pollLoop(ConsumerWorkerImpl.java:53)
	at java.base/java.lang.Thread.run(Thread.java:1583)
11:47:51.964 [Thread-4] ERROR com.charlessun.javaplcadapter.worker.impl.ConsumerWorkerImpl -- processingStrategy.process(record) 處理失敗: Processing failed
java.lang.RuntimeException: Processing failed
	at com.charlessun.javaplcadapter.worker.impl.ConsumerWorkerImpl.pollLoop(ConsumerWorkerImpl.java:53)
	at java.base/java.lang.Thread.run(Thread.java:1583)
11:47:51.964 [Thread-4] ERROR com.charlessun.javaplcadapter.worker.impl.ConsumerWorkerImpl -- processingStrategy.process(record) 處理失敗: Processing failed
java.lang.RuntimeException: Processing failed
	at com.charlessun.javaplcadapter.worker.impl.ConsumerWorkerImpl.pollLoop(ConsumerWorkerImpl.java:53)
	at java.base/java.lang.Thread.run(Thread.java:1583)
11:47:51.964 [Thread-4] ERROR com.charlessun.javaplcadapter.worker.impl.ConsumerWorkerImpl -- processingStrategy.process(record) 處理失敗: Processing failed
java.lang.RuntimeException: Processing failed
	at com.charlessun.javaplcadapter.worker.impl.ConsumerWorkerImpl.pollLoop(ConsumerWorkerImpl.java:53)
	at java.base/java.lang.Thread.run(Thread.java:1583)
11:47:51.964 [Thread-4] ERROR com.charlessun.javaplcadapter.worker.impl.ConsumerWorkerImpl -- processingStrategy.process(record) 處理失敗: Processing failed
java.lang.RuntimeException: Processing failed
	at com.charlessun.javaplcadapter.worker.impl.ConsumerWorkerImpl.pollLoop(ConsumerWorkerImpl.java:53)
	at java.base/java.lang.Thread.run(Thread.java:1583)
11:47:51.964 [Thread-4] ERROR com.charlessun.javaplcadapter.worker.impl.ConsumerWorkerImpl -- processingStrategy.process(record) 處理失敗: Processing failed
java.lang.RuntimeException: Processing failed
	at com.charlessun.javaplcadapter.worker.impl.ConsumerWorkerImpl.pollLoop(ConsumerWorkerImpl.java:53)
	at java.base/java.lang.Thread.run(Thread.java:1583)
11:47:51.965 [Thread-4] ERROR com.charlessun.javaplcadapter.worker.impl.ConsumerWorkerImpl -- processingStrategy.process(record) 處理失敗: Processing failed
java.lang.RuntimeException: Processing failed
	at com.charlessun.javaplcadapter.worker.impl.ConsumerWorkerImpl.pollLoop(ConsumerWorkerImpl.java:53)
	at java.base/java.lang.Thread.run(Thread.java:1583)
11:47:51.965 [Thread-4] ERROR com.charlessun.javaplcadapter.worker.impl.ConsumerWorkerImpl -- processingStrategy.process(record) 處理失敗: Processing failed
java.lang.RuntimeException: Processing failed
	at com.charlessun.javaplcadapter.worker.impl.ConsumerWorkerImpl.pollLoop(ConsumerWorkerImpl.java:53)
	at java.base/java.lang.Thread.run(Thread.java:1583)
11:47:51.965 [Thread-4] ERROR com.charlessun.javaplcadapter.worker.impl.ConsumerWorkerImpl -- processingStrategy.process(record) 處理失敗: Processing failed
java.lang.RuntimeException: Processing failed
	at com.charlessun.javaplcadapter.worker.impl.ConsumerWorkerImpl.pollLoop(ConsumerWorkerImpl.java:53)
	at java.base/java.lang.Thread.run(Thread.java:1583)
11:47:51.965 [Thread-4] ERROR com.charlessun.javaplcadapter.worker.impl.ConsumerWorkerImpl -- processingStrategy.process(record) 處理失敗: Processing failed
java.lang.RuntimeException: Processing failed
	at com.charlessun.javaplcadapter.worker.impl.ConsumerWorkerImpl.pollLoop(ConsumerWorkerImpl.java:53)
	at java.base/java.lang.Thread.run(Thread.java:1583)
11:47:51.965 [Thread-4] ERROR com.charlessun.javaplcadapter.worker.impl.ConsumerWorkerImpl -- processingStrategy.process(record) 處理失敗: Processing failed
java.lang.RuntimeException: Processing failed
	at com.charlessun.javaplcadapter.worker.impl.ConsumerWorkerImpl.pollLoop(ConsumerWorkerImpl.java:53)
	at java.base/java.lang.Thread.run(Thread.java:1583)
11:47:51.965 [Thread-4] ERROR com.charlessun.javaplcadapter.worker.impl.ConsumerWorkerImpl -- processingStrategy.process(record) 處理失敗: Processing failed
java.lang.RuntimeException: Processing failed
	at com.charlessun.javaplcadapter.worker.impl.ConsumerWorkerImpl.pollLoop(ConsumerWorkerImpl.java:53)
	at java.base/java.lang.Thread.run(Thread.java:1583)
11:47:51.965 [Thread-4] ERROR com.charlessun.javaplcadapter.worker.impl.ConsumerWorkerImpl -- processingStrategy.process(record) 處理失敗: Processing failed
java.lang.RuntimeException: Processing failed
	at com.charlessun.javaplcadapter.worker.impl.ConsumerWorkerImpl.pollLoop(ConsumerWorkerImpl.java:53)
	at java.base/java.lang.Thread.run(Thread.java:1583)
11:47:51.965 [Thread-4] ERROR com.charlessun.javaplcadapter.worker.impl.ConsumerWorkerImpl -- processingStrategy.process(record) 處理失敗: Processing failed
java.lang.RuntimeException: Processing failed
	at com.charlessun.javaplcadapter.worker.impl.ConsumerWorkerImpl.pollLoop(ConsumerWorkerImpl.java:53)
	at java.base/java.lang.Thread.run(Thread.java:1583)
11:47:51.966 [Thread-4] ERROR com.charlessun.javaplcadapter.worker.impl.ConsumerWorkerImpl -- processingStrategy.process(record) 處理失敗: Processing failed
java.lang.RuntimeException: Processing failed
	at com.charlessun.javaplcadapter.worker.impl.ConsumerWorkerImpl.pollLoop(ConsumerWorkerImpl.java:53)
	at java.base/java.lang.Thread.run(Thread.java:1583)
11:47:51.966 [Thread-4] ERROR com.charlessun.javaplcadapter.worker.impl.ConsumerWorkerImpl -- processingStrategy.process(record) 處理失敗: Processing failed
java.lang.RuntimeException: Processing failed
	at com.charlessun.javaplcadapter.worker.impl.ConsumerWorkerImpl.pollLoop(ConsumerWorkerImpl.java:53)
	at java.base/java.lang.Thread.run(Thread.java:1583)
11:47:51.966 [Thread-4] ERROR com.charlessun.javaplcadapter.worker.impl.ConsumerWorkerImpl -- processingStrategy.process(record) 處理失敗: Processing failed
java.lang.RuntimeException: Processing failed
	at com.charlessun.javaplcadapter.worker.impl.ConsumerWorkerImpl.pollLoop(ConsumerWorkerImpl.java:53)
	at java.base/java.lang.Thread.run(Thread.java:1583)
11:47:51.966 [Thread-4] ERROR com.charlessun.javaplcadapter.worker.impl.ConsumerWorkerImpl -- processingStrategy.process(record) 處理失敗: Processing failed
java.lang.RuntimeException: Processing failed
	at com.charlessun.javaplcadapter.worker.impl.ConsumerWorkerImpl.pollLoop(ConsumerWorkerImpl.java:53)
	at java.base/java.lang.Thread.run(Thread.java:1583)
11:47:51.966 [Thread-4] ERROR com.charlessun.javaplcadapter.worker.impl.ConsumerWorkerImpl -- processingStrategy.process(record) 處理失敗: Processing failed
java.lang.RuntimeException: Processing failed
	at com.charlessun.javaplcadapter.worker.impl.ConsumerWorkerImpl.pollLoop(ConsumerWorkerImpl.java:53)
	at java.base/java.lang.Thread.run(Thread.java:1583)
11:47:51.966 [Thread-4] ERROR com.charlessun.javaplcadapter.worker.impl.ConsumerWorkerImpl -- processingStrategy.process(record) 處理失敗: Processing failed
java.lang.RuntimeException: Processing failed
	at com.charlessun.javaplcadapter.worker.impl.ConsumerWorkerImpl.pollLoop(ConsumerWorkerImpl.java:53)
	at java.base/java.lang.Thread.run(Thread.java:1583)
11:47:51.966 [Thread-4] ERROR com.charlessun.javaplcadapter.worker.impl.ConsumerWorkerImpl -- processingStrategy.process(record) 處理失敗: Processing failed
java.lang.RuntimeException: Processing failed
	at com.charlessun.javaplcadapter.worker.impl.ConsumerWorkerImpl.pollLoop(ConsumerWorkerImpl.java:53)
	at java.base/java.lang.Thread.run(Thread.java:1583)
11:47:51.966 [Thread-4] ERROR com.charlessun.javaplcadapter.worker.impl.ConsumerWorkerImpl -- processingStrategy.process(record) 處理失敗: Processing failed
java.lang.RuntimeException: Processing failed
	at com.charlessun.javaplcadapter.worker.impl.ConsumerWorkerImpl.pollLoop(ConsumerWorkerImpl.java:53)
	at java.base/java.lang.Thread.run(Thread.java:1583)
11:47:51.966 [Thread-4] ERROR com.charlessun.javaplcadapter.worker.impl.ConsumerWorkerImpl -- processingStrategy.process(record) 處理失敗: Processing failed
java.lang.RuntimeException: Processing failed
	at com.charlessun.javaplcadapter.worker.impl.ConsumerWorkerImpl.pollLoop(ConsumerWorkerImpl.java:53)
	at java.base/java.lang.Thread.run(Thread.java:1583)
11:47:51.966 [Thread-4] ERROR com.charlessun.javaplcadapter.worker.impl.ConsumerWorkerImpl -- processingStrategy.process(record) 處理失敗: Processing failed
java.lang.RuntimeException: Processing failed
	at com.charlessun.javaplcadapter.worker.impl.ConsumerWorkerImpl.pollLoop(ConsumerWorkerImpl.java:53)
	at java.base/java.lang.Thread.run(Thread.java:1583)
11:47:51.966 [Thread-4] ERROR com.charlessun.javaplcadapter.worker.impl.ConsumerWorkerImpl -- processingStrategy.process(record) 處理失敗: Processing failed
java.lang.RuntimeException: Processing failed
	at com.charlessun.javaplcadapter.worker.impl.ConsumerWorkerImpl.pollLoop(ConsumerWorkerImpl.java:53)
	at java.base/java.lang.Thread.run(Thread.java:1583)
11:47:51.967 [Thread-4] ERROR com.charlessun.javaplcadapter.worker.impl.ConsumerWorkerImpl -- processingStrategy.process(record) 處理失敗: Processing failed
java.lang.RuntimeException: Processing failed
	at com.charlessun.javaplcadapter.worker.impl.ConsumerWorkerImpl.pollLoop(ConsumerWorkerImpl.java:53)
	at java.base/java.lang.Thread.run(Thread.java:1583)
11:47:51.967 [Thread-4] ERROR com.charlessun.javaplcadapter.worker.impl.ConsumerWorkerImpl -- processingStrategy.process(record) 處理失敗: Processing failed
java.lang.RuntimeException: Processing failed
	at com.charlessun.javaplcadapter.worker.impl.ConsumerWorkerImpl.pollLoop(ConsumerWorkerImpl.java:53)
	at java.base/java.lang.Thread.run(Thread.java:1583)
11:47:51.967 [Thread-4] ERROR com.charlessun.javaplcadapter.worker.impl.ConsumerWorkerImpl -- processingStrategy.process(record) 處理失敗: Processing failed
java.lang.RuntimeException: Processing failed
	at com.charlessun.javaplcadapter.worker.impl.ConsumerWorkerImpl.pollLoop(ConsumerWorkerImpl.java:53)
	at java.base/java.lang.Thread.run(Thread.java:1583)
11:47:51.967 [Thread-4] ERROR com.charlessun.javaplcadapter.worker.impl.ConsumerWorkerImpl -- processingStrategy.process(record) 處理失敗: Processing failed
java.lang.RuntimeException: Processing failed
	at com.charlessun.javaplcadapter.worker.impl.ConsumerWorkerImpl.pollLoop(ConsumerWorkerImpl.java:53)
	at java.base/java.lang.Thread.run(Thread.java:1583)
11:47:51.967 [Thread-4] ERROR com.charlessun.javaplcadapter.worker.impl.ConsumerWorkerImpl -- processingStrategy.process(record) 處理失敗: Processing failed
java.lang.RuntimeException: Processing failed
	at com.charlessun.javaplcadapter.worker.impl.ConsumerWorkerImpl.pollLoop(ConsumerWorkerImpl.java:53)
	at java.base/java.lang.Thread.run(Thread.java:1583)
11:47:51.967 [Thread-4] ERROR com.charlessun.javaplcadapter.worker.impl.ConsumerWorkerImpl -- processingStrategy.process(record) 處理失敗: Processing failed
java.lang.RuntimeException: Processing failed
	at com.charlessun.javaplcadapter.worker.impl.ConsumerWorkerImpl.pollLoop(ConsumerWorkerImpl.java:53)
	at java.base/java.lang.Thread.run(Thread.java:1583)
11:47:51.967 [Thread-4] ERROR com.charlessun.javaplcadapter.worker.impl.ConsumerWorkerImpl -- processingStrategy.process(record) 處理失敗: Processing failed
java.lang.RuntimeException: Processing failed
	at com.charlessun.javaplcadapter.worker.impl.ConsumerWorkerImpl.pollLoop(ConsumerWorkerImpl.java:53)
	at java.base/java.lang.Thread.run(Thread.java:1583)
11:47:51.967 [Thread-4] ERROR com.charlessun.javaplcadapter.worker.impl.ConsumerWorkerImpl -- processingStrategy.process(record) 處理失敗: Processing failed
java.lang.RuntimeException: Processing failed
	at com.charlessun.javaplcadapter.worker.impl.ConsumerWorkerImpl.pollLoop(ConsumerWorkerImpl.java:53)
	at java.base/java.lang.Thread.run(Thread.java:1583)
11:47:51.967 [Thread-4] ERROR com.charlessun.javaplcadapter.worker.impl.ConsumerWorkerImpl -- processingStrategy.process(record) 處理失敗: Processing failed
java.lang.RuntimeException: Processing failed
	at com.charlessun.javaplcadapter.worker.impl.ConsumerWorkerImpl.pollLoop(ConsumerWorkerImpl.java:53)
	at java.base/java.lang.Thread.run(Thread.java:1583)
11:47:51.967 [Thread-4] ERROR com.charlessun.javaplcadapter.worker.impl.ConsumerWorkerImpl -- processingStrategy.process(record) 處理失敗: Processing failed
java.lang.RuntimeException: Processing failed
	at com.charlessun.javaplcadapter.worker.impl.ConsumerWorkerImpl.pollLoop(ConsumerWorkerImpl.java:53)
	at java.base/java.lang.Thread.run(Thread.java:1583)
11:47:51.967 [Thread-4] ERROR com.charlessun.javaplcadapter.worker.impl.ConsumerWorkerImpl -- processingStrategy.process(record) 處理失敗: Processing failed
java.lang.RuntimeException: Processing failed
	at com.charlessun.javaplcadapter.worker.impl.ConsumerWorkerImpl.pollLoop(ConsumerWorkerImpl.java:53)
	at java.base/java.lang.Thread.run(Thread.java:1583)
11:47:51.967 [Thread-4] ERROR com.charlessun.javaplcadapter.worker.impl.ConsumerWorkerImpl -- processingStrategy.process(record) 處理失敗: Processing failed
java.lang.RuntimeException: Processing failed
	at com.charlessun.javaplcadapter.worker.impl.ConsumerWorkerImpl.pollLoop(ConsumerWorkerImpl.java:53)
	at java.base/java.lang.Thread.run(Thread.java:1583)
11:47:51.968 [Thread-4] ERROR com.charlessun.javaplcadapter.worker.impl.ConsumerWorkerImpl -- processingStrategy.process(record) 處理失敗: Processing failed
java.lang.RuntimeException: Processing failed
	at com.charlessun.javaplcadapter.worker.impl.ConsumerWorkerImpl.pollLoop(ConsumerWorkerImpl.java:53)
	at java.base/java.lang.Thread.run(Thread.java:1583)
11:47:51.968 [Thread-4] ERROR com.charlessun.javaplcadapter.worker.impl.ConsumerWorkerImpl -- processingStrategy.process(record) 處理失敗: Processing failed
java.lang.RuntimeException: Processing failed
	at com.charlessun.javaplcadapter.worker.impl.ConsumerWorkerImpl.pollLoop(ConsumerWorkerImpl.java:53)
	at java.base/java.lang.Thread.run(Thread.java:1583)
11:47:51.968 [Thread-4] ERROR com.charlessun.javaplcadapter.worker.impl.ConsumerWorkerImpl -- processingStrategy.process(record) 處理失敗: Processing failed
java.lang.RuntimeException: Processing failed
	at com.charlessun.javaplcadapter.worker.impl.ConsumerWorkerImpl.pollLoop(ConsumerWorkerImpl.java:53)
	at java.base/java.lang.Thread.run(Thread.java:1583)
11:47:51.968 [Thread-4] ERROR com.charlessun.javaplcadapter.worker.impl.ConsumerWorkerImpl -- processingStrategy.process(record) 處理失敗: Processing failed
java.lang.RuntimeException: Processing failed
	at com.charlessun.javaplcadapter.worker.impl.ConsumerWorkerImpl.pollLoop(ConsumerWorkerImpl.java:53)
	at java.base/java.lang.Thread.run(Thread.java:1583)
11:47:51.968 [Thread-4] ERROR com.charlessun.javaplcadapter.worker.impl.ConsumerWorkerImpl -- processingStrategy.process(record) 處理失敗: Processing failed
java.lang.RuntimeException: Processing failed
	at com.charlessun.javaplcadapter.worker.impl.ConsumerWorkerImpl.pollLoop(ConsumerWorkerImpl.java:53)
	at java.base/java.lang.Thread.run(Thread.java:1583)
11:47:51.968 [Thread-4] ERROR com.charlessun.javaplcadapter.worker.impl.ConsumerWorkerImpl -- processingStrategy.process(record) 處理失敗: Processing failed
java.lang.RuntimeException: Processing failed
	at com.charlessun.javaplcadapter.worker.impl.ConsumerWorkerImpl.pollLoop(ConsumerWorkerImpl.java:53)
	at java.base/java.lang.Thread.run(Thread.java:1583)
11:47:51.968 [Thread-4] ERROR com.charlessun.javaplcadapter.worker.impl.ConsumerWorkerImpl -- processingStrategy.process(record) 處理失敗: Processing failed
java.lang.RuntimeException: Processing failed
	at com.charlessun.javaplcadapter.worker.impl.ConsumerWorkerImpl.pollLoop(ConsumerWorkerImpl.java:53)
	at java.base/java.lang.Thread.run(Thread.java:1583)
11:47:51.968 [Thread-4] ERROR com.charlessun.javaplcadapter.worker.impl.ConsumerWorkerImpl -- processingStrategy.process(record) 處理失敗: Processing failed
java.lang.RuntimeException: Processing failed
	at com.charlessun.javaplcadapter.worker.impl.ConsumerWorkerImpl.pollLoop(ConsumerWorkerImpl.java:53)
	at java.base/java.lang.Thread.run(Thread.java:1583)
11:47:51.968 [Thread-4] ERROR com.charlessun.javaplcadapter.worker.impl.ConsumerWorkerImpl -- processingStrategy.process(record) 處理失敗: Processing failed
java.lang.RuntimeException: Processing failed
	at com.charlessun.javaplcadapter.worker.impl.ConsumerWorkerImpl.pollLoop(ConsumerWorkerImpl.java:53)
	at java.base/java.lang.Thread.run(Thread.java:1583)
11:47:51.968 [Thread-4] ERROR com.charlessun.javaplcadapter.worker.impl.ConsumerWorkerImpl -- processingStrategy.process(record) 處理失敗: Processing failed
java.lang.RuntimeException: Processing failed
	at com.charlessun.javaplcadapter.worker.impl.ConsumerWorkerImpl.pollLoop(ConsumerWorkerImpl.java:53)
	at java.base/java.lang.Thread.run(Thread.java:1583)
11:47:51.968 [Thread-4] ERROR com.charlessun.javaplcadapter.worker.impl.ConsumerWorkerImpl -- processingStrategy.process(record) 處理失敗: Processing failed
java.lang.RuntimeException: Processing failed
	at com.charlessun.javaplcadapter.worker.impl.ConsumerWorkerImpl.pollLoop(ConsumerWorkerImpl.java:53)
	at java.base/java.lang.Thread.run(Thread.java:1583)
11:47:51.968 [Thread-4] ERROR com.charlessun.javaplcadapter.worker.impl.ConsumerWorkerImpl -- processingStrategy.process(record) 處理失敗: Processing failed
java.lang.RuntimeException: Processing failed
	at com.charlessun.javaplcadapter.worker.impl.ConsumerWorkerImpl.pollLoop(ConsumerWorkerImpl.java:53)
	at java.base/java.lang.Thread.run(Thread.java:1583)
11:47:51.968 [Thread-4] ERROR com.charlessun.javaplcadapter.worker.impl.ConsumerWorkerImpl -- processingStrategy.process(record) 處理失敗: Processing failed
java.lang.RuntimeException: Processing failed
	at com.charlessun.javaplcadapter.worker.impl.ConsumerWorkerImpl.pollLoop(ConsumerWorkerImpl.java:53)
	at java.base/java.lang.Thread.run(Thread.java:1583)
11:47:51.968 [Thread-4] ERROR com.charlessun.javaplcadapter.worker.impl.ConsumerWorkerImpl -- processingStrategy.process(record) 處理失敗: Processing failed
java.lang.RuntimeException: Processing failed
	at com.charlessun.javaplcadapter.worker.impl.ConsumerWorkerImpl.pollLoop(ConsumerWorkerImpl.java:53)
	at java.base/java.lang.Thread.run(Thread.java:1583)
11:47:51.969 [Thread-4] ERROR com.charlessun.javaplcadapter.worker.impl.ConsumerWorkerImpl -- processingStrategy.process(record) 處理失敗: Processing failed
java.lang.RuntimeException: Processing failed
	at com.charlessun.javaplcadapter.worker.impl.ConsumerWorkerImpl.pollLoop(ConsumerWorkerImpl.java:53)
	at java.base/java.lang.Thread.run(Thread.java:1583)
11:47:51.969 [Thread-4] ERROR com.charlessun.javaplcadapter.worker.impl.ConsumerWorkerImpl -- processingStrategy.process(record) 處理失敗: Processing failed
java.lang.RuntimeException: Processing failed
	at com.charlessun.javaplcadapter.worker.impl.ConsumerWorkerImpl.pollLoop(ConsumerWorkerImpl.java:53)
	at java.base/java.lang.Thread.run(Thread.java:1583)
11:47:51.969 [Thread-4] ERROR com.charlessun.javaplcadapter.worker.impl.ConsumerWorkerImpl -- processingStrategy.process(record) 處理失敗: Processing failed
java.lang.RuntimeException: Processing failed
	at com.charlessun.javaplcadapter.worker.impl.ConsumerWorkerImpl.pollLoop(ConsumerWorkerImpl.java:53)
	at java.base/java.lang.Thread.run(Thread.java:1583)
11:47:51.969 [Thread-4] ERROR com.charlessun.javaplcadapter.worker.impl.ConsumerWorkerImpl -- processingStrategy.process(record) 處理失敗: Processing failed
java.lang.RuntimeException: Processing failed
	at com.charlessun.javaplcadapter.worker.impl.ConsumerWorkerImpl.pollLoop(ConsumerWorkerImpl.java:53)
	at java.base/java.lang.Thread.run(Thread.java:1583)
11:47:51.969 [Thread-4] ERROR com.charlessun.javaplcadapter.worker.impl.ConsumerWorkerImpl -- processingStrategy.process(record) 處理失敗: Processing failed
java.lang.RuntimeException: Processing failed
	at com.charlessun.javaplcadapter.worker.impl.ConsumerWorkerImpl.pollLoop(ConsumerWorkerImpl.java:53)
	at java.base/java.lang.Thread.run(Thread.java:1583)
11:47:51.969 [Thread-4] ERROR com.charlessun.javaplcadapter.worker.impl.ConsumerWorkerImpl -- processingStrategy.process(record) 處理失敗: Processing failed
java.lang.RuntimeException: Processing failed
	at com.charlessun.javaplcadapter.worker.impl.ConsumerWorkerImpl.pollLoop(ConsumerWorkerImpl.java:53)
	at java.base/java.lang.Thread.run(Thread.java:1583)
11:47:51.969 [Thread-4] ERROR com.charlessun.javaplcadapter.worker.impl.ConsumerWorkerImpl -- processingStrategy.process(record) 處理失敗: Processing failed
java.lang.RuntimeException: Processing failed
	at com.charlessun.javaplcadapter.worker.impl.ConsumerWorkerImpl.pollLoop(ConsumerWorkerImpl.java:53)
	at java.base/java.lang.Thread.run(Thread.java:1583)
11:47:51.969 [Thread-4] ERROR com.charlessun.javaplcadapter.worker.impl.ConsumerWorkerImpl -- processingStrategy.process(record) 處理失敗: Processing failed
java.lang.RuntimeException: Processing failed
	at com.charlessun.javaplcadapter.worker.impl.ConsumerWorkerImpl.pollLoop(ConsumerWorkerImpl.java:53)
	at java.base/java.lang.Thread.run(Thread.java:1583)
11:47:51.969 [Thread-4] ERROR com.charlessun.javaplcadapter.worker.impl.ConsumerWorkerImpl -- processingStrategy.process(record) 處理失敗: Processing failed
java.lang.RuntimeException: Processing failed
	at com.charlessun.javaplcadapter.worker.impl.ConsumerWorkerImpl.pollLoop(ConsumerWorkerImpl.java:53)
	at java.base/java.lang.Thread.run(Thread.java:1583)
11:47:51.969 [Thread-4] ERROR com.charlessun.javaplcadapter.worker.impl.ConsumerWorkerImpl -- processingStrategy.process(record) 處理失敗: Processing failed
java.lang.RuntimeException: Processing failed
	at com.charlessun.javaplcadapter.worker.impl.ConsumerWorkerImpl.pollLoop(ConsumerWorkerImpl.java:53)
	at java.base/java.lang.Thread.run(Thread.java:1583)
11:47:51.969 [Thread-4] ERROR com.charlessun.javaplcadapter.worker.impl.ConsumerWorkerImpl -- processingStrategy.process(record) 處理失敗: Processing failed
java.lang.RuntimeException: Processing failed
	at com.charlessun.javaplcadapter.worker.impl.ConsumerWorkerImpl.pollLoop(ConsumerWorkerImpl.java:53)
	at java.base/java.lang.Thread.run(Thread.java:1583)
11:47:51.969 [Thread-4] ERROR com.charlessun.javaplcadapter.worker.impl.ConsumerWorkerImpl -- processingStrategy.process(record) 處理失敗: Processing failed
java.lang.RuntimeException: Processing failed
	at com.charlessun.javaplcadapter.worker.impl.ConsumerWorkerImpl.pollLoop(ConsumerWorkerImpl.java:53)
	at java.base/java.lang.Thread.run(Thread.java:1583)
11:47:51.970 [Thread-4] ERROR com.charlessun.javaplcadapter.worker.impl.ConsumerWorkerImpl -- processingStrategy.process(record) 處理失敗: Processing failed
java.lang.RuntimeException: Processing failed
	at com.charlessun.javaplcadapter.worker.impl.ConsumerWorkerImpl.pollLoop(ConsumerWorkerImpl.java:53)
	at java.base/java.lang.Thread.run(Thread.java:1583)
11:47:51.970 [Thread-4] ERROR com.charlessun.javaplcadapter.worker.impl.ConsumerWorkerImpl -- processingStrategy.process(record) 處理失敗: Processing failed
java.lang.RuntimeException: Processing failed
	at com.charlessun.javaplcadapter.worker.impl.ConsumerWorkerImpl.pollLoop(ConsumerWorkerImpl.java:53)
	at java.base/java.lang.Thread.run(Thread.java:1583)
11:47:51.970 [Thread-4] ERROR com.charlessun.javaplcadapter.worker.impl.ConsumerWorkerImpl -- processingStrategy.process(record) 處理失敗: Processing failed
java.lang.RuntimeException: Processing failed
	at com.charlessun.javaplcadapter.worker.impl.ConsumerWorkerImpl.pollLoop(ConsumerWorkerImpl.java:53)
	at java.base/java.lang.Thread.run(Thread.java:1583)
11:47:51.970 [Thread-4] ERROR com.charlessun.javaplcadapter.worker.impl.ConsumerWorkerImpl -- processingStrategy.process(record) 處理失敗: Processing failed
java.lang.RuntimeException: Processing failed
	at com.charlessun.javaplcadapter.worker.impl.ConsumerWorkerImpl.pollLoop(ConsumerWorkerImpl.java:53)
	at java.base/java.lang.Thread.run(Thread.java:1583)
11:47:51.970 [Thread-4] ERROR com.charlessun.javaplcadapter.worker.impl.ConsumerWorkerImpl -- processingStrategy.process(record) 處理失敗: Processing failed
java.lang.RuntimeException: Processing failed
	at com.charlessun.javaplcadapter.worker.impl.ConsumerWorkerImpl.pollLoop(ConsumerWorkerImpl.java:53)
	at java.base/java.lang.Thread.run(Thread.java:1583)
11:47:51.970 [Thread-4] ERROR com.charlessun.javaplcadapter.worker.impl.ConsumerWorkerImpl -- processingStrategy.process(record) 處理失敗: Processing failed
java.lang.RuntimeException: Processing failed
	at com.charlessun.javaplcadapter.worker.impl.ConsumerWorkerImpl.pollLoop(ConsumerWorkerImpl.java:53)
	at java.base/java.lang.Thread.run(Thread.java:1583)
11:47:51.970 [Thread-4] ERROR com.charlessun.javaplcadapter.worker.impl.ConsumerWorkerImpl -- processingStrategy.process(record) 處理失敗: Processing failed
java.lang.RuntimeException: Processing failed
	at com.charlessun.javaplcadapter.worker.impl.ConsumerWorkerImpl.pollLoop(ConsumerWorkerImpl.java:53)
	at java.base/java.lang.Thread.run(Thread.java:1583)
11:47:51.970 [Thread-4] ERROR com.charlessun.javaplcadapter.worker.impl.ConsumerWorkerImpl -- processingStrategy.process(record) 處理失敗: Processing failed
java.lang.RuntimeException: Processing failed
	at com.charlessun.javaplcadapter.worker.impl.ConsumerWorkerImpl.pollLoop(ConsumerWorkerImpl.java:53)
	at java.base/java.lang.Thread.run(Thread.java:1583)
11:47:51.970 [Thread-4] ERROR com.charlessun.javaplcadapter.worker.impl.ConsumerWorkerImpl -- processingStrategy.process(record) 處理失敗: Processing failed
java.lang.RuntimeException: Processing failed
	at com.charlessun.javaplcadapter.worker.impl.ConsumerWorkerImpl.pollLoop(ConsumerWorkerImpl.java:53)
	at java.base/java.lang.Thread.run(Thread.java:1583)
11:47:51.970 [Thread-4] ERROR com.charlessun.javaplcadapter.worker.impl.ConsumerWorkerImpl -- processingStrategy.process(record) 處理失敗: Processing failed
java.lang.RuntimeException: Processing failed
	at com.charlessun.javaplcadapter.worker.impl.ConsumerWorkerImpl.pollLoop(ConsumerWorkerImpl.java:53)
	at java.base/java.lang.Thread.run(Thread.java:1583)
11:47:51.970 [Thread-4] ERROR com.charlessun.javaplcadapter.worker.impl.ConsumerWorkerImpl -- processingStrategy.process(record) 處理失敗: Processing failed
java.lang.RuntimeException: Processing failed
	at com.charlessun.javaplcadapter.worker.impl.ConsumerWorkerImpl.pollLoop(ConsumerWorkerImpl.java:53)
	at java.base/java.lang.Thread.run(Thread.java:1583)
11:47:51.970 [Thread-4] ERROR com.charlessun.javaplcadapter.worker.impl.ConsumerWorkerImpl -- processingStrategy.process(record) 處理失敗: Processing failed
java.lang.RuntimeException: Processing failed
	at com.charlessun.javaplcadapter.worker.impl.ConsumerWorkerImpl.pollLoop(ConsumerWorkerImpl.java:53)
	at java.base/java.lang.Thread.run(Thread.java:1583)
11:47:51.971 [Thread-4] ERROR com.charlessun.javaplcadapter.worker.impl.ConsumerWorkerImpl -- processingStrategy.process(record) 處理失敗: Processing failed
java.lang.RuntimeException: Processing failed
	at com.charlessun.javaplcadapter.worker.impl.ConsumerWorkerImpl.pollLoop(ConsumerWorkerImpl.java:53)
	at java.base/java.lang.Thread.run(Thread.java:1583)
11:47:51.971 [Thread-4] ERROR com.charlessun.javaplcadapter.worker.impl.ConsumerWorkerImpl -- processingStrategy.process(record) 處理失敗: Processing failed
java.lang.RuntimeException: Processing failed
	at com.charlessun.javaplcadapter.worker.impl.ConsumerWorkerImpl.pollLoop(ConsumerWorkerImpl.java:53)
	at java.base/java.lang.Thread.run(Thread.java:1583)
11:47:51.971 [Thread-4] ERROR com.charlessun.javaplcadapter.worker.impl.ConsumerWorkerImpl -- processingStrategy.process(record) 處理失敗: Processing failed
java.lang.RuntimeException: Processing failed
	at com.charlessun.javaplcadapter.worker.impl.ConsumerWorkerImpl.pollLoop(ConsumerWorkerImpl.java:53)
	at java.base/java.lang.Thread.run(Thread.java:1583)
11:47:51.971 [Thread-4] ERROR com.charlessun.javaplcadapter.worker.impl.ConsumerWorkerImpl -- processingStrategy.process(record) 處理失敗: Processing failed
java.lang.RuntimeException: Processing failed
	at com.charlessun.javaplcadapter.worker.impl.ConsumerWorkerImpl.pollLoop(ConsumerWorkerImpl.java:53)
	at java.base/java.lang.Thread.run(Thread.java:1583)
11:47:51.971 [Thread-4] ERROR com.charlessun.javaplcadapter.worker.impl.ConsumerWorkerImpl -- processingStrategy.process(record) 處理失敗: Processing failed
java.lang.RuntimeException: Processing failed
	at com.charlessun.javaplcadapter.worker.impl.ConsumerWorkerImpl.pollLoop(ConsumerWorkerImpl.java:53)
	at java.base/java.lang.Thread.run(Thread.java:1583)
11:47:51.971 [Thread-4] ERROR com.charlessun.javaplcadapter.worker.impl.ConsumerWorkerImpl -- processingStrategy.process(record) 處理失敗: Processing failed
java.lang.RuntimeException: Processing failed
	at com.charlessun.javaplcadapter.worker.impl.ConsumerWorkerImpl.pollLoop(ConsumerWorkerImpl.java:53)
	at java.base/java.lang.Thread.run(Thread.java:1583)
11:47:51.971 [Thread-4] ERROR com.charlessun.javaplcadapter.worker.impl.ConsumerWorkerImpl -- processingStrategy.process(record) 處理失敗: Processing failed
java.lang.RuntimeException: Processing failed
	at com.charlessun.javaplcadapter.worker.impl.ConsumerWorkerImpl.pollLoop(ConsumerWorkerImpl.java:53)
	at java.base/java.lang.Thread.run(Thread.java:1583)
11:47:51.971 [Thread-4] ERROR com.charlessun.javaplcadapter.worker.impl.ConsumerWorkerImpl -- processingStrategy.process(record) 處理失敗: Processing failed
java.lang.RuntimeException: Processing failed
	at com.charlessun.javaplcadapter.worker.impl.ConsumerWorkerImpl.pollLoop(ConsumerWorkerImpl.java:53)
	at java.base/java.lang.Thread.run(Thread.java:1583)
11:47:51.971 [Thread-4] ERROR com.charlessun.javaplcadapter.worker.impl.ConsumerWorkerImpl -- processingStrategy.process(record) 處理失敗: Processing failed
java.lang.RuntimeException: Processing failed
	at com.charlessun.javaplcadapter.worker.impl.ConsumerWorkerImpl.pollLoop(ConsumerWorkerImpl.java:53)
	at java.base/java.lang.Thread.run(Thread.java:1583)
11:47:51.971 [Thread-4] ERROR com.charlessun.javaplcadapter.worker.impl.ConsumerWorkerImpl -- processingStrategy.process(record) 處理失敗: Processing failed
java.lang.RuntimeException: Processing failed
	at com.charlessun.javaplcadapter.worker.impl.ConsumerWorkerImpl.pollLoop(ConsumerWorkerImpl.java:53)
	at java.base/java.lang.Thread.run(Thread.java:1583)
11:47:51.971 [Thread-4] ERROR com.charlessun.javaplcadapter.worker.impl.ConsumerWorkerImpl -- processingStrategy.process(record) 處理失敗: Processing failed
java.lang.RuntimeException: Processing failed
	at com.charlessun.javaplcadapter.worker.impl.ConsumerWorkerImpl.pollLoop(ConsumerWorkerImpl.java:53)
	at java.base/java.lang.Thread.run(Thread.java:1583)
11:47:51.971 [Thread-4] ERROR com.charlessun.javaplcadapter.worker.impl.ConsumerWorkerImpl -- processingStrategy.process(record) 處理失敗: Processing failed
java.lang.RuntimeException: Processing failed
	at com.charlessun.javaplcadapter.worker.impl.ConsumerWorkerImpl.pollLoop(ConsumerWorkerImpl.java:53)
	at java.base/java.lang.Thread.run(Thread.java:1583)
11:47:51.971 [Thread-4] ERROR com.charlessun.javaplcadapter.worker.impl.ConsumerWorkerImpl -- processingStrategy.process(record) 處理失敗: Processing failed
java.lang.RuntimeException: Processing failed
	at com.charlessun.javaplcadapter.worker.impl.ConsumerWorkerImpl.pollLoop(ConsumerWorkerImpl.java:53)
	at java.base/java.lang.Thread.run(Thread.java:1583)
11:47:51.971 [Thread-4] ERROR com.charlessun.javaplcadapter.worker.impl.ConsumerWorkerImpl -- processingStrategy.process(record) 處理失敗: Processing failed
java.lang.RuntimeException: Processing failed
	at com.charlessun.javaplcadapter.worker.impl.ConsumerWorkerImpl.pollLoop(ConsumerWorkerImpl.java:53)
	at java.base/java.lang.Thread.run(Thread.java:1583)
11:47:51.972 [Thread-4] ERROR com.charlessun.javaplcadapter.worker.impl.ConsumerWorkerImpl -- processingStrategy.process(record) 處理失敗: Processing failed
java.lang.RuntimeException: Processing failed
	at com.charlessun.javaplcadapter.worker.impl.ConsumerWorkerImpl.pollLoop(ConsumerWorkerImpl.java:53)
	at java.base/java.lang.Thread.run(Thread.java:1583)
11:47:51.972 [Thread-4] ERROR com.charlessun.javaplcadapter.worker.impl.ConsumerWorkerImpl -- processingStrategy.process(record) 處理失敗: Processing failed
java.lang.RuntimeException: Processing failed
	at com.charlessun.javaplcadapter.worker.impl.ConsumerWorkerImpl.pollLoop(ConsumerWorkerImpl.java:53)
	at java.base/java.lang.Thread.run(Thread.java:1583)
11:47:51.972 [Thread-4] ERROR com.charlessun.javaplcadapter.worker.impl.ConsumerWorkerImpl -- processingStrategy.process(record) 處理失敗: Processing failed
java.lang.RuntimeException: Processing failed
	at com.charlessun.javaplcadapter.worker.impl.ConsumerWorkerImpl.pollLoop(ConsumerWorkerImpl.java:53)
	at java.base/java.lang.Thread.run(Thread.java:1583)
11:47:51.972 [Thread-4] ERROR com.charlessun.javaplcadapter.worker.impl.ConsumerWorkerImpl -- processingStrategy.process(record) 處理失敗: Processing failed
java.lang.RuntimeException: Processing failed
	at com.charlessun.javaplcadapter.worker.impl.ConsumerWorkerImpl.pollLoop(ConsumerWorkerImpl.java:53)
	at java.base/java.lang.Thread.run(Thread.java:1583)
11:47:51.972 [Thread-4] ERROR com.charlessun.javaplcadapter.worker.impl.ConsumerWorkerImpl -- processingStrategy.process(record) 處理失敗: Processing failed
java.lang.RuntimeException: Processing failed
	at com.charlessun.javaplcadapter.worker.impl.ConsumerWorkerImpl.pollLoop(ConsumerWorkerImpl.java:53)
	at java.base/java.lang.Thread.run(Thread.java:1583)
11:47:51.972 [Thread-4] ERROR com.charlessun.javaplcadapter.worker.impl.ConsumerWorkerImpl -- processingStrategy.process(record) 處理失敗: Processing failed
java.lang.RuntimeException: Processing failed
	at com.charlessun.javaplcadapter.worker.impl.ConsumerWorkerImpl.pollLoop(ConsumerWorkerImpl.java:53)
	at java.base/java.lang.Thread.run(Thread.java:1583)
11:47:51.972 [Thread-4] ERROR com.charlessun.javaplcadapter.worker.impl.ConsumerWorkerImpl -- processingStrategy.process(record) 處理失敗: Processing failed
java.lang.RuntimeException: Processing failed
	at com.charlessun.javaplcadapter.worker.impl.ConsumerWorkerImpl.pollLoop(ConsumerWorkerImpl.java:53)
	at java.base/java.lang.Thread.run(Thread.java:1583)
11:47:51.972 [Thread-4] ERROR com.charlessun.javaplcadapter.worker.impl.ConsumerWorkerImpl -- processingStrategy.process(record) 處理失敗: Processing failed
java.lang.RuntimeException: Processing failed
	at com.charlessun.javaplcadapter.worker.impl.ConsumerWorkerImpl.pollLoop(ConsumerWorkerImpl.java:53)
	at java.base/java.lang.Thread.run(Thread.java:1583)
11:47:51.972 [Thread-4] ERROR com.charlessun.javaplcadapter.worker.impl.ConsumerWorkerImpl -- processingStrategy.process(record) 處理失敗: Processing failed
java.lang.RuntimeException: Processing failed
	at com.charlessun.javaplcadapter.worker.impl.ConsumerWorkerImpl.pollLoop(ConsumerWorkerImpl.java:53)
	at java.base/java.lang.Thread.run(Thread.java:1583)
11:47:51.972 [Thread-4] ERROR com.charlessun.javaplcadapter.worker.impl.ConsumerWorkerImpl -- processingStrategy.process(record) 處理失敗: Processing failed
java.lang.RuntimeException: Processing failed
	at com.charlessun.javaplcadapter.worker.impl.ConsumerWorkerImpl.pollLoop(ConsumerWorkerImpl.java:53)
	at java.base/java.lang.Thread.run(Thread.java:1583)
11:47:51.972 [Thread-4] ERROR com.charlessun.javaplcadapter.worker.impl.ConsumerWorkerImpl -- processingStrategy.process(record) 處理失敗: Processing failed
java.lang.RuntimeException: Processing failed
	at com.charlessun.javaplcadapter.worker.impl.ConsumerWorkerImpl.pollLoop(ConsumerWorkerImpl.java:53)
	at java.base/java.lang.Thread.run(Thread.java:1583)
11:47:51.972 [Thread-4] ERROR com.charlessun.javaplcadapter.worker.impl.ConsumerWorkerImpl -- processingStrategy.process(record) 處理失敗: Processing failed
java.lang.RuntimeException: Processing failed
	at com.charlessun.javaplcadapter.worker.impl.ConsumerWorkerImpl.pollLoop(ConsumerWorkerImpl.java:53)
	at java.base/java.lang.Thread.run(Thread.java:1583)
11:47:51.972 [Thread-4] ERROR com.charlessun.javaplcadapter.worker.impl.ConsumerWorkerImpl -- processingStrategy.process(record) 處理失敗: Processing failed
java.lang.RuntimeException: Processing failed
	at com.charlessun.javaplcadapter.worker.impl.ConsumerWorkerImpl.pollLoop(ConsumerWorkerImpl.java:53)
	at java.base/java.lang.Thread.run(Thread.java:1583)
11:47:51.972 [Thread-4] ERROR com.charlessun.javaplcadapter.worker.impl.ConsumerWorkerImpl -- processingStrategy.process(record) 處理失敗: Processing failed
java.lang.RuntimeException: Processing failed
	at com.charlessun.javaplcadapter.worker.impl.ConsumerWorkerImpl.pollLoop(ConsumerWorkerImpl.java:53)
	at java.base/java.lang.Thread.run(Thread.java:1583)
11:47:51.972 [Thread-4] ERROR com.charlessun.javaplcadapter.worker.impl.ConsumerWorkerImpl -- processingStrategy.process(record) 處理失敗: Processing failed
java.lang.RuntimeException: Processing failed
	at com.charlessun.javaplcadapter.worker.impl.ConsumerWorkerImpl.pollLoop(ConsumerWorkerImpl.java:53)
	at java.base/java.lang.Thread.run(Thread.java:1583)
11:47:51.972 [Thread-4] ERROR com.charlessun.javaplcadapter.worker.impl.ConsumerWorkerImpl -- processingStrategy.process(record) 處理失敗: Processing failed
java.lang.RuntimeException: Processing failed
	at com.charlessun.javaplcadapter.worker.impl.ConsumerWorkerImpl.pollLoop(ConsumerWorkerImpl.java:53)
	at java.base/java.lang.Thread.run(Thread.java:1583)
11:47:51.972 [Thread-4] ERROR com.charlessun.javaplcadapter.worker.impl.ConsumerWorkerImpl -- processingStrategy.process(record) 處理失敗: Processing failed
java.lang.RuntimeException: Processing failed
	at com.charlessun.javaplcadapter.worker.impl.ConsumerWorkerImpl.pollLoop(ConsumerWorkerImpl.java:53)
	at java.base/java.lang.Thread.run(Thread.java:1583)
11:47:51.972 [Thread-4] ERROR com.charlessun.javaplcadapter.worker.impl.ConsumerWorkerImpl -- processingStrategy.process(record) 處理失敗: Processing failed
java.lang.RuntimeException: Processing failed
	at com.charlessun.javaplcadapter.worker.impl.ConsumerWorkerImpl.pollLoop(ConsumerWorkerImpl.java:53)
	at java.base/java.lang.Thread.run(Thread.java:1583)
11:47:51.972 [Thread-4] ERROR com.charlessun.javaplcadapter.worker.impl.ConsumerWorkerImpl -- processingStrategy.process(record) 處理失敗: Processing failed
java.lang.RuntimeException: Processing failed
	at com.charlessun.javaplcadapter.worker.impl.ConsumerWorkerImpl.pollLoop(ConsumerWorkerImpl.java:53)
	at java.base/java.lang.Thread.run(Thread.java:1583)
11:47:51.972 [Thread-4] ERROR com.charlessun.javaplcadapter.worker.impl.ConsumerWorkerImpl -- processingStrategy.process(record) 處理失敗: Processing failed
java.lang.RuntimeException: Processing failed
	at com.charlessun.javaplcadapter.worker.impl.ConsumerWorkerImpl.pollLoop(ConsumerWorkerImpl.java:53)
	at java.base/java.lang.Thread.run(Thread.java:1583)
11:47:51.973 [Thread-4] ERROR com.charlessun.javaplcadapter.worker.impl.ConsumerWorkerImpl -- processingStrategy.process(record) 處理失敗: Processing failed
java.lang.RuntimeException: Processing failed
	at com.charlessun.javaplcadapter.worker.impl.ConsumerWorkerImpl.pollLoop(ConsumerWorkerImpl.java:53)
	at java.base/java.lang.Thread.run(Thread.java:1583)
11:47:51.973 [Thread-4] ERROR com.charlessun.javaplcadapter.worker.impl.ConsumerWorkerImpl -- processingStrategy.process(record) 處理失敗: Processing failed
java.lang.RuntimeException: Processing failed
	at com.charlessun.javaplcadapter.worker.impl.ConsumerWorkerImpl.pollLoop(ConsumerWorkerImpl.java:53)
	at java.base/java.lang.Thread.run(Thread.java:1583)
11:47:51.973 [Thread-4] ERROR com.charlessun.javaplcadapter.worker.impl.ConsumerWorkerImpl -- processingStrategy.process(record) 處理失敗: Processing failed
java.lang.RuntimeException: Processing failed
	at com.charlessun.javaplcadapter.worker.impl.ConsumerWorkerImpl.pollLoop(ConsumerWorkerImpl.java:53)
	at java.base/java.lang.Thread.run(Thread.java:1583)
11:47:51.973 [Thread-4] ERROR com.charlessun.javaplcadapter.worker.impl.ConsumerWorkerImpl -- processingStrategy.process(record) 處理失敗: Processing failed
java.lang.RuntimeException: Processing failed
	at com.charlessun.javaplcadapter.worker.impl.ConsumerWorkerImpl.pollLoop(ConsumerWorkerImpl.java:53)
	at java.base/java.lang.Thread.run(Thread.java:1583)
11:47:51.973 [Thread-4] ERROR com.charlessun.javaplcadapter.worker.impl.ConsumerWorkerImpl -- processingStrategy.process(record) 處理失敗: Processing failed
java.lang.RuntimeException: Processing failed
	at com.charlessun.javaplcadapter.worker.impl.ConsumerWorkerImpl.pollLoop(ConsumerWorkerImpl.java:53)
	at java.base/java.lang.Thread.run(Thread.java:1583)
11:47:51.973 [Thread-4] ERROR com.charlessun.javaplcadapter.worker.impl.ConsumerWorkerImpl -- processingStrategy.process(record) 處理失敗: Processing failed
java.lang.RuntimeException: Processing failed
	at com.charlessun.javaplcadapter.worker.impl.ConsumerWorkerImpl.pollLoop(ConsumerWorkerImpl.java:53)
	at java.base/java.lang.Thread.run(Thread.java:1583)
11:47:51.973 [Thread-4] ERROR com.charlessun.javaplcadapter.worker.impl.ConsumerWorkerImpl -- processingStrategy.process(record) 處理失敗: Processing failed
java.lang.RuntimeException: Processing failed
	at com.charlessun.javaplcadapter.worker.impl.ConsumerWorkerImpl.pollLoop(ConsumerWorkerImpl.java:53)
	at java.base/java.lang.Thread.run(Thread.java:1583)
11:47:51.973 [Thread-4] ERROR com.charlessun.javaplcadapter.worker.impl.ConsumerWorkerImpl -- processingStrategy.process(record) 處理失敗: Processing failed
java.lang.RuntimeException: Processing failed
	at com.charlessun.javaplcadapter.worker.impl.ConsumerWorkerImpl.pollLoop(ConsumerWorkerImpl.java:53)
	at java.base/java.lang.Thread.run(Thread.java:1583)
11:47:51.973 [Thread-4] ERROR com.charlessun.javaplcadapter.worker.impl.ConsumerWorkerImpl -- processingStrategy.process(record) 處理失敗: Processing failed
java.lang.RuntimeException: Processing failed
	at com.charlessun.javaplcadapter.worker.impl.ConsumerWorkerImpl.pollLoop(ConsumerWorkerImpl.java:53)
	at java.base/java.lang.Thread.run(Thread.java:1583)
11:47:51.973 [Thread-4] ERROR com.charlessun.javaplcadapter.worker.impl.ConsumerWorkerImpl -- processingStrategy.process(record) 處理失敗: Processing failed
java.lang.RuntimeException: Processing failed
	at com.charlessun.javaplcadapter.worker.impl.ConsumerWorkerImpl.pollLoop(ConsumerWorkerImpl.java:53)
	at java.base/java.lang.Thread.run(Thread.java:1583)
11:47:51.973 [Thread-4] ERROR com.charlessun.javaplcadapter.worker.impl.ConsumerWorkerImpl -- processingStrategy.process(record) 處理失敗: Processing failed
java.lang.RuntimeException: Processing failed
	at com.charlessun.javaplcadapter.worker.impl.ConsumerWorkerImpl.pollLoop(ConsumerWorkerImpl.java:53)
	at java.base/java.lang.Thread.run(Thread.java:1583)
11:47:51.974 [Thread-4] ERROR com.charlessun.javaplcadapter.worker.impl.ConsumerWorkerImpl -- processingStrategy.process(record) 處理失敗: Processing failed
java.lang.RuntimeException: Processing failed
	at com.charlessun.javaplcadapter.worker.impl.ConsumerWorkerImpl.pollLoop(ConsumerWorkerImpl.java:53)
	at java.base/java.lang.Thread.run(Thread.java:1583)
11:47:51.974 [Thread-4] ERROR com.charlessun.javaplcadapter.worker.impl.ConsumerWorkerImpl -- processingStrategy.process(record) 處理失敗: Processing failed
java.lang.RuntimeException: Processing failed
	at com.charlessun.javaplcadapter.worker.impl.ConsumerWorkerImpl.pollLoop(ConsumerWorkerImpl.java:53)
	at java.base/java.lang.Thread.run(Thread.java:1583)
11:47:51.974 [Thread-4] ERROR com.charlessun.javaplcadapter.worker.impl.ConsumerWorkerImpl -- processingStrategy.process(record) 處理失敗: Processing failed
java.lang.RuntimeException: Processing failed
	at com.charlessun.javaplcadapter.worker.impl.ConsumerWorkerImpl.pollLoop(ConsumerWorkerImpl.java:53)
	at java.base/java.lang.Thread.run(Thread.java:1583)
11:47:51.974 [Thread-4] ERROR com.charlessun.javaplcadapter.worker.impl.ConsumerWorkerImpl -- processingStrategy.process(record) 處理失敗: Processing failed
java.lang.RuntimeException: Processing failed
	at com.charlessun.javaplcadapter.worker.impl.ConsumerWorkerImpl.pollLoop(ConsumerWorkerImpl.java:53)
	at java.base/java.lang.Thread.run(Thread.java:1583)
11:47:51.974 [Thread-4] ERROR com.charlessun.javaplcadapter.worker.impl.ConsumerWorkerImpl -- processingStrategy.process(record) 處理失敗: Processing failed
java.lang.RuntimeException: Processing failed
	at com.charlessun.javaplcadapter.worker.impl.ConsumerWorkerImpl.pollLoop(ConsumerWorkerImpl.java:53)
	at java.base/java.lang.Thread.run(Thread.java:1583)
11:47:51.974 [Thread-4] ERROR com.charlessun.javaplcadapter.worker.impl.ConsumerWorkerImpl -- processingStrategy.process(record) 處理失敗: Processing failed
java.lang.RuntimeException: Processing failed
	at com.charlessun.javaplcadapter.worker.impl.ConsumerWorkerImpl.pollLoop(ConsumerWorkerImpl.java:53)
	at java.base/java.lang.Thread.run(Thread.java:1583)
11:47:51.974 [Thread-4] ERROR com.charlessun.javaplcadapter.worker.impl.ConsumerWorkerImpl -- processingStrategy.process(record) 處理失敗: Processing failed
java.lang.RuntimeException: Processing failed
	at com.charlessun.javaplcadapter.worker.impl.ConsumerWorkerImpl.pollLoop(ConsumerWorkerImpl.java:53)
	at java.base/java.lang.Thread.run(Thread.java:1583)
11:47:51.974 [Thread-4] ERROR com.charlessun.javaplcadapter.worker.impl.ConsumerWorkerImpl -- processingStrategy.process(record) 處理失敗: Processing failed
java.lang.RuntimeException: Processing failed
	at com.charlessun.javaplcadapter.worker.impl.ConsumerWorkerImpl.pollLoop(ConsumerWorkerImpl.java:53)
	at java.base/java.lang.Thread.run(Thread.java:1583)
11:47:51.975 [Thread-4] ERROR com.charlessun.javaplcadapter.worker.impl.ConsumerWorkerImpl -- processingStrategy.process(record) 處理失敗: Processing failed
java.lang.RuntimeException: Processing failed
	at com.charlessun.javaplcadapter.worker.impl.ConsumerWorkerImpl.pollLoop(ConsumerWorkerImpl.java:53)
	at java.base/java.lang.Thread.run(Thread.java:1583)
11:47:51.975 [Thread-4] ERROR com.charlessun.javaplcadapter.worker.impl.ConsumerWorkerImpl -- processingStrategy.process(record) 處理失敗: Processing failed
java.lang.RuntimeException: Processing failed
	at com.charlessun.javaplcadapter.worker.impl.ConsumerWorkerImpl.pollLoop(ConsumerWorkerImpl.java:53)
	at java.base/java.lang.Thread.run(Thread.java:1583)
11:47:51.976 [Thread-4] ERROR com.charlessun.javaplcadapter.worker.impl.ConsumerWorkerImpl -- processingStrategy.process(record) 處理失敗: Processing failed
java.lang.RuntimeException: Processing failed
	at com.charlessun.javaplcadapter.worker.impl.ConsumerWorkerImpl.pollLoop(ConsumerWorkerImpl.java:53)
	at java.base/java.lang.Thread.run(Thread.java:1583)
11:47:51.976 [Thread-4] ERROR com.charlessun.javaplcadapter.worker.impl.ConsumerWorkerImpl -- processingStrategy.process(record) 處理失敗: Processing failed
java.lang.RuntimeException: Processing failed
	at com.charlessun.javaplcadapter.worker.impl.ConsumerWorkerImpl.pollLoop(ConsumerWorkerImpl.java:53)
	at java.base/java.lang.Thread.run(Thread.java:1583)
11:47:51.976 [Thread-4] ERROR com.charlessun.javaplcadapter.worker.impl.ConsumerWorkerImpl -- processingStrategy.process(record) 處理失敗: Processing failed
java.lang.RuntimeException: Processing failed
	at com.charlessun.javaplcadapter.worker.impl.ConsumerWorkerImpl.pollLoop(ConsumerWorkerImpl.java:53)
	at java.base/java.lang.Thread.run(Thread.java:1583)
11:47:51.976 [Thread-4] ERROR com.charlessun.javaplcadapter.worker.impl.ConsumerWorkerImpl -- processingStrategy.process(record) 處理失敗: Processing failed
java.lang.RuntimeException: Processing failed
	at com.charlessun.javaplcadapter.worker.impl.ConsumerWorkerImpl.pollLoop(ConsumerWorkerImpl.java:53)
	at java.base/java.lang.Thread.run(Thread.java:1583)
11:47:51.976 [Thread-4] ERROR com.charlessun.javaplcadapter.worker.impl.ConsumerWorkerImpl -- processingStrategy.process(record) 處理失敗: Processing failed
java.lang.RuntimeException: Processing failed
	at com.charlessun.javaplcadapter.worker.impl.ConsumerWorkerImpl.pollLoop(ConsumerWorkerImpl.java:53)
	at java.base/java.lang.Thread.run(Thread.java:1583)
11:47:51.976 [Thread-4] ERROR com.charlessun.javaplcadapter.worker.impl.ConsumerWorkerImpl -- processingStrategy.process(record) 處理失敗: Processing failed
java.lang.RuntimeException: Processing failed
	at com.charlessun.javaplcadapter.worker.impl.ConsumerWorkerImpl.pollLoop(ConsumerWorkerImpl.java:53)
	at java.base/java.lang.Thread.run(Thread.java:1583)
11:47:51.976 [Thread-4] ERROR com.charlessun.javaplcadapter.worker.impl.ConsumerWorkerImpl -- processingStrategy.process(record) 處理失敗: Processing failed
java.lang.RuntimeException: Processing failed
	at com.charlessun.javaplcadapter.worker.impl.ConsumerWorkerImpl.pollLoop(ConsumerWorkerImpl.java:53)
	at java.base/java.lang.Thread.run(Thread.java:1583)
11:47:51.976 [Thread-4] ERROR com.charlessun.javaplcadapter.worker.impl.ConsumerWorkerImpl -- processingStrategy.process(record) 處理失敗: Processing failed
java.lang.RuntimeException: Processing failed
	at com.charlessun.javaplcadapter.worker.impl.ConsumerWorkerImpl.pollLoop(ConsumerWorkerImpl.java:53)
	at java.base/java.lang.Thread.run(Thread.java:1583)
11:47:51.977 [Thread-4] ERROR com.charlessun.javaplcadapter.worker.impl.ConsumerWorkerImpl -- processingStrategy.process(record) 處理失敗: Processing failed
java.lang.RuntimeException: Processing failed
	at com.charlessun.javaplcadapter.worker.impl.ConsumerWorkerImpl.pollLoop(ConsumerWorkerImpl.java:53)
	at java.base/java.lang.Thread.run(Thread.java:1583)
11:47:51.977 [Thread-4] ERROR com.charlessun.javaplcadapter.worker.impl.ConsumerWorkerImpl -- processingStrategy.process(record) 處理失敗: Processing failed
java.lang.RuntimeException: Processing failed
	at com.charlessun.javaplcadapter.worker.impl.ConsumerWorkerImpl.pollLoop(ConsumerWorkerImpl.java:53)
	at java.base/java.lang.Thread.run(Thread.java:1583)
11:47:51.977 [Thread-4] ERROR com.charlessun.javaplcadapter.worker.impl.ConsumerWorkerImpl -- processingStrategy.process(record) 處理失敗: Processing failed
java.lang.RuntimeException: Processing failed
	at com.charlessun.javaplcadapter.worker.impl.ConsumerWorkerImpl.pollLoop(ConsumerWorkerImpl.java:53)
	at java.base/java.lang.Thread.run(Thread.java:1583)
11:47:51.977 [Thread-4] ERROR com.charlessun.javaplcadapter.worker.impl.ConsumerWorkerImpl -- processingStrategy.process(record) 處理失敗: Processing failed
java.lang.RuntimeException: Processing failed
	at com.charlessun.javaplcadapter.worker.impl.ConsumerWorkerImpl.pollLoop(ConsumerWorkerImpl.java:53)
	at java.base/java.lang.Thread.run(Thread.java:1583)
11:47:51.977 [Thread-4] ERROR com.charlessun.javaplcadapter.worker.impl.ConsumerWorkerImpl -- processingStrategy.process(record) 處理失敗: Processing failed
java.lang.RuntimeException: Processing failed
	at com.charlessun.javaplcadapter.worker.impl.ConsumerWorkerImpl.pollLoop(ConsumerWorkerImpl.java:53)
	at java.base/java.lang.Thread.run(Thread.java:1583)
11:47:51.977 [Thread-4] ERROR com.charlessun.javaplcadapter.worker.impl.ConsumerWorkerImpl -- processingStrategy.process(record) 處理失敗: Processing failed
java.lang.RuntimeException: Processing failed
	at com.charlessun.javaplcadapter.worker.impl.ConsumerWorkerImpl.pollLoop(ConsumerWorkerImpl.java:53)
	at java.base/java.lang.Thread.run(Thread.java:1583)
11:47:51.977 [Thread-4] ERROR com.charlessun.javaplcadapter.worker.impl.ConsumerWorkerImpl -- processingStrategy.process(record) 處理失敗: Processing failed
java.lang.RuntimeException: Processing failed
	at com.charlessun.javaplcadapter.worker.impl.ConsumerWorkerImpl.pollLoop(ConsumerWorkerImpl.java:53)
	at java.base/java.lang.Thread.run(Thread.java:1583)
11:47:51.977 [Thread-4] ERROR com.charlessun.javaplcadapter.worker.impl.ConsumerWorkerImpl -- processingStrategy.process(record) 處理失敗: Processing failed
java.lang.RuntimeException: Processing failed
	at com.charlessun.javaplcadapter.worker.impl.ConsumerWorkerImpl.pollLoop(ConsumerWorkerImpl.java:53)
	at java.base/java.lang.Thread.run(Thread.java:1583)
11:47:51.978 [Thread-4] ERROR com.charlessun.javaplcadapter.worker.impl.ConsumerWorkerImpl -- processingStrategy.process(record) 處理失敗: Processing failed
java.lang.RuntimeException: Processing failed
	at com.charlessun.javaplcadapter.worker.impl.ConsumerWorkerImpl.pollLoop(ConsumerWorkerImpl.java:53)
	at java.base/java.lang.Thread.run(Thread.java:1583)
11:47:51.978 [Thread-4] ERROR com.charlessun.javaplcadapter.worker.impl.ConsumerWorkerImpl -- processingStrategy.process(record) 處理失敗: Processing failed
java.lang.RuntimeException: Processing failed
	at com.charlessun.javaplcadapter.worker.impl.ConsumerWorkerImpl.pollLoop(ConsumerWorkerImpl.java:53)
	at java.base/java.lang.Thread.run(Thread.java:1583)
11:47:51.978 [Thread-4] ERROR com.charlessun.javaplcadapter.worker.impl.ConsumerWorkerImpl -- processingStrategy.process(record) 處理失敗: Processing failed
java.lang.RuntimeException: Processing failed
	at com.charlessun.javaplcadapter.worker.impl.ConsumerWorkerImpl.pollLoop(ConsumerWorkerImpl.java:53)
	at java.base/java.lang.Thread.run(Thread.java:1583)
11:47:51.978 [Thread-4] ERROR com.charlessun.javaplcadapter.worker.impl.ConsumerWorkerImpl -- processingStrategy.process(record) 處理失敗: Processing failed
java.lang.RuntimeException: Processing failed
	at com.charlessun.javaplcadapter.worker.impl.ConsumerWorkerImpl.pollLoop(ConsumerWorkerImpl.java:53)
	at java.base/java.lang.Thread.run(Thread.java:1583)
11:47:51.978 [Thread-4] ERROR com.charlessun.javaplcadapter.worker.impl.ConsumerWorkerImpl -- processingStrategy.process(record) 處理失敗: Processing failed
java.lang.RuntimeException: Processing failed
	at com.charlessun.javaplcadapter.worker.impl.ConsumerWorkerImpl.pollLoop(ConsumerWorkerImpl.java:53)
	at java.base/java.lang.Thread.run(Thread.java:1583)
11:47:51.978 [Thread-4] ERROR com.charlessun.javaplcadapter.worker.impl.ConsumerWorkerImpl -- processingStrategy.process(record) 處理失敗: Processing failed
java.lang.RuntimeException: Processing failed
	at com.charlessun.javaplcadapter.worker.impl.ConsumerWorkerImpl.pollLoop(ConsumerWorkerImpl.java:53)
	at java.base/java.lang.Thread.run(Thread.java:1583)
11:47:51.978 [Thread-4] ERROR com.charlessun.javaplcadapter.worker.impl.ConsumerWorkerImpl -- processingStrategy.process(record) 處理失敗: Processing failed
java.lang.RuntimeException: Processing failed
	at com.charlessun.javaplcadapter.worker.impl.ConsumerWorkerImpl.pollLoop(ConsumerWorkerImpl.java:53)
	at java.base/java.lang.Thread.run(Thread.java:1583)
11:47:51.978 [Thread-4] ERROR com.charlessun.javaplcadapter.worker.impl.ConsumerWorkerImpl -- processingStrategy.process(record) 處理失敗: Processing failed
java.lang.RuntimeException: Processing failed
	at com.charlessun.javaplcadapter.worker.impl.ConsumerWorkerImpl.pollLoop(ConsumerWorkerImpl.java:53)
	at java.base/java.lang.Thread.run(Thread.java:1583)
11:47:51.978 [Thread-4] ERROR com.charlessun.javaplcadapter.worker.impl.ConsumerWorkerImpl -- processingStrategy.process(record) 處理失敗: Processing failed
java.lang.RuntimeException: Processing failed
	at com.charlessun.javaplcadapter.worker.impl.ConsumerWorkerImpl.pollLoop(ConsumerWorkerImpl.java:53)
	at java.base/java.lang.Thread.run(Thread.java:1583)
11:47:51.979 [Thread-4] ERROR com.charlessun.javaplcadapter.worker.impl.ConsumerWorkerImpl -- processingStrategy.process(record) 處理失敗: Processing failed
java.lang.RuntimeException: Processing failed
	at com.charlessun.javaplcadapter.worker.impl.ConsumerWorkerImpl.pollLoop(ConsumerWorkerImpl.java:53)
	at java.base/java.lang.Thread.run(Thread.java:1583)
11:47:51.979 [Thread-4] ERROR com.charlessun.javaplcadapter.worker.impl.ConsumerWorkerImpl -- processingStrategy.process(record) 處理失敗: Processing failed
java.lang.RuntimeException: Processing failed
	at com.charlessun.javaplcadapter.worker.impl.ConsumerWorkerImpl.pollLoop(ConsumerWorkerImpl.java:53)
	at java.base/java.lang.Thread.run(Thread.java:1583)
11:47:51.979 [Thread-4] ERROR com.charlessun.javaplcadapter.worker.impl.ConsumerWorkerImpl -- processingStrategy.process(record) 處理失敗: Processing failed
java.lang.RuntimeException: Processing failed
	at com.charlessun.javaplcadapter.worker.impl.ConsumerWorkerImpl.pollLoop(ConsumerWorkerImpl.java:53)
	at java.base/java.lang.Thread.run(Thread.java:1583)
11:47:51.979 [Thread-4] ERROR com.charlessun.javaplcadapter.worker.impl.ConsumerWorkerImpl -- processingStrategy.process(record) 處理失敗: Processing failed
java.lang.RuntimeException: Processing failed
	at com.charlessun.javaplcadapter.worker.impl.ConsumerWorkerImpl.pollLoop(ConsumerWorkerImpl.java:53)
	at java.base/java.lang.Thread.run(Thread.java:1583)
11:47:51.979 [Thread-4] ERROR com.charlessun.javaplcadapter.worker.impl.ConsumerWorkerImpl -- processingStrategy.process(record) 處理失敗: Processing failed
java.lang.RuntimeException: Processing failed
	at com.charlessun.javaplcadapter.worker.impl.ConsumerWorkerImpl.pollLoop(ConsumerWorkerImpl.java:53)
	at java.base/java.lang.Thread.run(Thread.java:1583)
11:47:51.979 [Thread-4] ERROR com.charlessun.javaplcadapter.worker.impl.ConsumerWorkerImpl -- processingStrategy.process(record) 處理失敗: Processing failed
java.lang.RuntimeException: Processing failed
	at com.charlessun.javaplcadapter.worker.impl.ConsumerWorkerImpl.pollLoop(ConsumerWorkerImpl.java:53)
	at java.base/java.lang.Thread.run(Thread.java:1583)
11:47:51.980 [Thread-4] ERROR com.charlessun.javaplcadapter.worker.impl.ConsumerWorkerImpl -- processingStrategy.process(record) 處理失敗: Processing failed
java.lang.RuntimeException: Processing failed
	at com.charlessun.javaplcadapter.worker.impl.ConsumerWorkerImpl.pollLoop(ConsumerWorkerImpl.java:53)
	at java.base/java.lang.Thread.run(Thread.java:1583)
11:47:51.980 [Thread-4] ERROR com.charlessun.javaplcadapter.worker.impl.ConsumerWorkerImpl -- processingStrategy.process(record) 處理失敗: Processing failed
java.lang.RuntimeException: Processing failed
	at com.charlessun.javaplcadapter.worker.impl.ConsumerWorkerImpl.pollLoop(ConsumerWorkerImpl.java:53)
	at java.base/java.lang.Thread.run(Thread.java:1583)
11:47:51.980 [Thread-4] ERROR com.charlessun.javaplcadapter.worker.impl.ConsumerWorkerImpl -- processingStrategy.process(record) 處理失敗: Processing failed
java.lang.RuntimeException: Processing failed
	at com.charlessun.javaplcadapter.worker.impl.ConsumerWorkerImpl.pollLoop(ConsumerWorkerImpl.java:53)
	at java.base/java.lang.Thread.run(Thread.java:1583)
11:47:51.980 [Thread-4] ERROR com.charlessun.javaplcadapter.worker.impl.ConsumerWorkerImpl -- processingStrategy.process(record) 處理失敗: Processing failed
java.lang.RuntimeException: Processing failed
	at com.charlessun.javaplcadapter.worker.impl.ConsumerWorkerImpl.pollLoop(ConsumerWorkerImpl.java:53)
	at java.base/java.lang.Thread.run(Thread.java:1583)
11:47:51.981 [Thread-4] ERROR com.charlessun.javaplcadapter.worker.impl.ConsumerWorkerImpl -- processingStrategy.process(record) 處理失敗: Processing failed
java.lang.RuntimeException: Processing failed
	at com.charlessun.javaplcadapter.worker.impl.ConsumerWorkerImpl.pollLoop(ConsumerWorkerImpl.java:53)
	at java.base/java.lang.Thread.run(Thread.java:1583)
11:47:51.981 [Thread-4] ERROR com.charlessun.javaplcadapter.worker.impl.ConsumerWorkerImpl -- processingStrategy.process(record) 處理失敗: Processing failed
java.lang.RuntimeException: Processing failed
	at com.charlessun.javaplcadapter.worker.impl.ConsumerWorkerImpl.pollLoop(ConsumerWorkerImpl.java:53)
	at java.base/java.lang.Thread.run(Thread.java:1583)
11:47:51.981 [Thread-4] ERROR com.charlessun.javaplcadapter.worker.impl.ConsumerWorkerImpl -- processingStrategy.process(record) 處理失敗: Processing failed
java.lang.RuntimeException: Processing failed
	at com.charlessun.javaplcadapter.worker.impl.ConsumerWorkerImpl.pollLoop(ConsumerWorkerImpl.java:53)
	at java.base/java.lang.Thread.run(Thread.java:1583)
11:47:51.981 [Thread-4] ERROR com.charlessun.javaplcadapter.worker.impl.ConsumerWorkerImpl -- processingStrategy.process(record) 處理失敗: Processing failed
java.lang.RuntimeException: Processing failed
	at com.charlessun.javaplcadapter.worker.impl.ConsumerWorkerImpl.pollLoop(ConsumerWorkerImpl.java:53)
	at java.base/java.lang.Thread.run(Thread.java:1583)
11:47:51.981 [Thread-4] ERROR com.charlessun.javaplcadapter.worker.impl.ConsumerWorkerImpl -- processingStrategy.process(record) 處理失敗: Processing failed
java.lang.RuntimeException: Processing failed
	at com.charlessun.javaplcadapter.worker.impl.ConsumerWorkerImpl.pollLoop(ConsumerWorkerImpl.java:53)
	at java.base/java.lang.Thread.run(Thread.java:1583)
11:47:51.981 [Thread-4] ERROR com.charlessun.javaplcadapter.worker.impl.ConsumerWorkerImpl -- processingStrategy.process(record) 處理失敗: Processing failed
java.lang.RuntimeException: Processing failed
	at com.charlessun.javaplcadapter.worker.impl.ConsumerWorkerImpl.pollLoop(ConsumerWorkerImpl.java:53)
	at java.base/java.lang.Thread.run(Thread.java:1583)
11:47:51.982 [Thread-4] ERROR com.charlessun.javaplcadapter.worker.impl.ConsumerWorkerImpl -- processingStrategy.process(record) 處理失敗: Processing failed
java.lang.RuntimeException: Processing failed
	at com.charlessun.javaplcadapter.worker.impl.ConsumerWorkerImpl.pollLoop(ConsumerWorkerImpl.java:53)
	at java.base/java.lang.Thread.run(Thread.java:1583)
11:47:51.982 [Thread-4] ERROR com.charlessun.javaplcadapter.worker.impl.ConsumerWorkerImpl -- processingStrategy.process(record) 處理失敗: Processing failed
java.lang.RuntimeException: Processing failed
	at com.charlessun.javaplcadapter.worker.impl.ConsumerWorkerImpl.pollLoop(ConsumerWorkerImpl.java:53)
	at java.base/java.lang.Thread.run(Thread.java:1583)
11:47:51.982 [Thread-4] ERROR com.charlessun.javaplcadapter.worker.impl.ConsumerWorkerImpl -- processingStrategy.process(record) 處理失敗: Processing failed
java.lang.RuntimeException: Processing failed
	at com.charlessun.javaplcadapter.worker.impl.ConsumerWorkerImpl.pollLoop(ConsumerWorkerImpl.java:53)
	at java.base/java.lang.Thread.run(Thread.java:1583)
11:47:51.982 [Thread-4] ERROR com.charlessun.javaplcadapter.worker.impl.ConsumerWorkerImpl -- processingStrategy.process(record) 處理失敗: Processing failed
java.lang.RuntimeException: Processing failed
	at com.charlessun.javaplcadapter.worker.impl.ConsumerWorkerImpl.pollLoop(ConsumerWorkerImpl.java:53)
	at java.base/java.lang.Thread.run(Thread.java:1583)
11:47:51.982 [Thread-4] ERROR com.charlessun.javaplcadapter.worker.impl.ConsumerWorkerImpl -- processingStrategy.process(record) 處理失敗: Processing failed
java.lang.RuntimeException: Processing failed
	at com.charlessun.javaplcadapter.worker.impl.ConsumerWorkerImpl.pollLoop(ConsumerWorkerImpl.java:53)
	at java.base/java.lang.Thread.run(Thread.java:1583)
11:47:51.982 [Thread-4] ERROR com.charlessun.javaplcadapter.worker.impl.ConsumerWorkerImpl -- processingStrategy.process(record) 處理失敗: Processing failed
java.lang.RuntimeException: Processing failed
	at com.charlessun.javaplcadapter.worker.impl.ConsumerWorkerImpl.pollLoop(ConsumerWorkerImpl.java:53)
	at java.base/java.lang.Thread.run(Thread.java:1583)
11:47:51.982 [Thread-4] ERROR com.charlessun.javaplcadapter.worker.impl.ConsumerWorkerImpl -- processingStrategy.process(record) 處理失敗: Processing failed
java.lang.RuntimeException: Processing failed
	at com.charlessun.javaplcadapter.worker.impl.ConsumerWorkerImpl.pollLoop(ConsumerWorkerImpl.java:53)
	at java.base/java.lang.Thread.run(Thread.java:1583)
11:47:51.982 [Thread-4] ERROR com.charlessun.javaplcadapter.worker.impl.ConsumerWorkerImpl -- processingStrategy.process(record) 處理失敗: Processing failed
java.lang.RuntimeException: Processing failed
	at com.charlessun.javaplcadapter.worker.impl.ConsumerWorkerImpl.pollLoop(ConsumerWorkerImpl.java:53)
	at java.base/java.lang.Thread.run(Thread.java:1583)
11:47:51.983 [Thread-4] ERROR com.charlessun.javaplcadapter.worker.impl.ConsumerWorkerImpl -- processingStrategy.process(record) 處理失敗: Processing failed
java.lang.RuntimeException: Processing failed
	at com.charlessun.javaplcadapter.worker.impl.ConsumerWorkerImpl.pollLoop(ConsumerWorkerImpl.java:53)
	at java.base/java.lang.Thread.run(Thread.java:1583)
11:47:51.983 [Thread-4] ERROR com.charlessun.javaplcadapter.worker.impl.ConsumerWorkerImpl -- processingStrategy.process(record) 處理失敗: Processing failed
java.lang.RuntimeException: Processing failed
	at com.charlessun.javaplcadapter.worker.impl.ConsumerWorkerImpl.pollLoop(ConsumerWorkerImpl.java:53)
	at java.base/java.lang.Thread.run(Thread.java:1583)
11:47:51.983 [Thread-4] ERROR com.charlessun.javaplcadapter.worker.impl.ConsumerWorkerImpl -- processingStrategy.process(record) 處理失敗: Processing failed
java.lang.RuntimeException: Processing failed
	at com.charlessun.javaplcadapter.worker.impl.ConsumerWorkerImpl.pollLoop(ConsumerWorkerImpl.java:53)
	at java.base/java.lang.Thread.run(Thread.java:1583)
11:47:51.983 [Thread-4] ERROR com.charlessun.javaplcadapter.worker.impl.ConsumerWorkerImpl -- processingStrategy.process(record) 處理失敗: Processing failed
java.lang.RuntimeException: Processing failed
	at com.charlessun.javaplcadapter.worker.impl.ConsumerWorkerImpl.pollLoop(ConsumerWorkerImpl.java:53)
	at java.base/java.lang.Thread.run(Thread.java:1583)
11:47:51.983 [Thread-4] ERROR com.charlessun.javaplcadapter.worker.impl.ConsumerWorkerImpl -- processingStrategy.process(record) 處理失敗: Processing failed
java.lang.RuntimeException: Processing failed
	at com.charlessun.javaplcadapter.worker.impl.ConsumerWorkerImpl.pollLoop(ConsumerWorkerImpl.java:53)
	at java.base/java.lang.Thread.run(Thread.java:1583)
11:47:51.983 [Thread-4] ERROR com.charlessun.javaplcadapter.worker.impl.ConsumerWorkerImpl -- processingStrategy.process(record) 處理失敗: Processing failed
java.lang.RuntimeException: Processing failed
	at com.charlessun.javaplcadapter.worker.impl.ConsumerWorkerImpl.pollLoop(ConsumerWorkerImpl.java:53)
	at java.base/java.lang.Thread.run(Thread.java:1583)
11:47:51.983 [Thread-4] ERROR com.charlessun.javaplcadapter.worker.impl.ConsumerWorkerImpl -- processingStrategy.process(record) 處理失敗: Processing failed
java.lang.RuntimeException: Processing failed
	at com.charlessun.javaplcadapter.worker.impl.ConsumerWorkerImpl.pollLoop(ConsumerWorkerImpl.java:53)
	at java.base/java.lang.Thread.run(Thread.java:1583)
11:47:51.983 [Thread-4] ERROR com.charlessun.javaplcadapter.worker.impl.ConsumerWorkerImpl -- processingStrategy.process(record) 處理失敗: Processing failed
java.lang.RuntimeException: Processing failed
	at com.charlessun.javaplcadapter.worker.impl.ConsumerWorkerImpl.pollLoop(ConsumerWorkerImpl.java:53)
	at java.base/java.lang.Thread.run(Thread.java:1583)
11:47:51.984 [Thread-4] ERROR com.charlessun.javaplcadapter.worker.impl.ConsumerWorkerImpl -- processingStrategy.process(record) 處理失敗: Processing failed
java.lang.RuntimeException: Processing failed
	at com.charlessun.javaplcadapter.worker.impl.ConsumerWorkerImpl.pollLoop(ConsumerWorkerImpl.java:53)
	at java.base/java.lang.Thread.run(Thread.java:1583)
11:47:51.984 [Thread-4] ERROR com.charlessun.javaplcadapter.worker.impl.ConsumerWorkerImpl -- processingStrategy.process(record) 處理失敗: Processing failed
java.lang.RuntimeException: Processing failed
	at com.charlessun.javaplcadapter.worker.impl.ConsumerWorkerImpl.pollLoop(ConsumerWorkerImpl.java:53)
	at java.base/java.lang.Thread.run(Thread.java:1583)
11:47:51.984 [Thread-4] ERROR com.charlessun.javaplcadapter.worker.impl.ConsumerWorkerImpl -- processingStrategy.process(record) 處理失敗: Processing failed
java.lang.RuntimeException: Processing failed
	at com.charlessun.javaplcadapter.worker.impl.ConsumerWorkerImpl.pollLoop(ConsumerWorkerImpl.java:53)
	at java.base/java.lang.Thread.run(Thread.java:1583)
11:47:51.984 [Thread-4] ERROR com.charlessun.javaplcadapter.worker.impl.ConsumerWorkerImpl -- processingStrategy.process(record) 處理失敗: Processing failed
java.lang.RuntimeException: Processing failed
	at com.charlessun.javaplcadapter.worker.impl.ConsumerWorkerImpl.pollLoop(ConsumerWorkerImpl.java:53)
	at java.base/java.lang.Thread.run(Thread.java:1583)
11:47:51.984 [Thread-4] ERROR com.charlessun.javaplcadapter.worker.impl.ConsumerWorkerImpl -- processingStrategy.process(record) 處理失敗: Processing failed
java.lang.RuntimeException: Processing failed
	at com.charlessun.javaplcadapter.worker.impl.ConsumerWorkerImpl.pollLoop(ConsumerWorkerImpl.java:53)
	at java.base/java.lang.Thread.run(Thread.java:1583)
11:47:51.984 [Thread-4] ERROR com.charlessun.javaplcadapter.worker.impl.ConsumerWorkerImpl -- processingStrategy.process(record) 處理失敗: Processing failed
java.lang.RuntimeException: Processing failed
	at com.charlessun.javaplcadapter.worker.impl.ConsumerWorkerImpl.pollLoop(ConsumerWorkerImpl.java:53)
	at java.base/java.lang.Thread.run(Thread.java:1583)
11:47:51.984 [Thread-4] ERROR com.charlessun.javaplcadapter.worker.impl.ConsumerWorkerImpl -- processingStrategy.process(record) 處理失敗: Processing failed
java.lang.RuntimeException: Processing failed
	at com.charlessun.javaplcadapter.worker.impl.ConsumerWorkerImpl.pollLoop(ConsumerWorkerImpl.java:53)
	at java.base/java.lang.Thread.run(Thread.java:1583)
11:47:51.985 [Thread-4] ERROR com.charlessun.javaplcadapter.worker.impl.ConsumerWorkerImpl -- processingStrategy.process(record) 處理失敗: Processing failed
java.lang.RuntimeException: Processing failed
	at com.charlessun.javaplcadapter.worker.impl.ConsumerWorkerImpl.pollLoop(ConsumerWorkerImpl.java:53)
	at java.base/java.lang.Thread.run(Thread.java:1583)
11:47:51.985 [Thread-4] ERROR com.charlessun.javaplcadapter.worker.impl.ConsumerWorkerImpl -- processingStrategy.process(record) 處理失敗: Processing failed
java.lang.RuntimeException: Processing failed
	at com.charlessun.javaplcadapter.worker.impl.ConsumerWorkerImpl.pollLoop(ConsumerWorkerImpl.java:53)
	at java.base/java.lang.Thread.run(Thread.java:1583)
11:47:51.985 [Thread-4] ERROR com.charlessun.javaplcadapter.worker.impl.ConsumerWorkerImpl -- processingStrategy.process(record) 處理失敗: Processing failed
java.lang.RuntimeException: Processing failed
	at com.charlessun.javaplcadapter.worker.impl.ConsumerWorkerImpl.pollLoop(ConsumerWorkerImpl.java:53)
	at java.base/java.lang.Thread.run(Thread.java:1583)
11:47:51.985 [Thread-4] ERROR com.charlessun.javaplcadapter.worker.impl.ConsumerWorkerImpl -- processingStrategy.process(record) 處理失敗: Processing failed
java.lang.RuntimeException: Processing failed
	at com.charlessun.javaplcadapter.worker.impl.ConsumerWorkerImpl.pollLoop(ConsumerWorkerImpl.java:53)
	at java.base/java.lang.Thread.run(Thread.java:1583)
11:47:51.985 [Thread-4] ERROR com.charlessun.javaplcadapter.worker.impl.ConsumerWorkerImpl -- processingStrategy.process(record) 處理失敗: Processing failed
java.lang.RuntimeException: Processing failed
	at com.charlessun.javaplcadapter.worker.impl.ConsumerWorkerImpl.pollLoop(ConsumerWorkerImpl.java:53)
	at java.base/java.lang.Thread.run(Thread.java:1583)
11:47:51.985 [Thread-4] ERROR com.charlessun.javaplcadapter.worker.impl.ConsumerWorkerImpl -- processingStrategy.process(record) 處理失敗: Processing failed
java.lang.RuntimeException: Processing failed
	at com.charlessun.javaplcadapter.worker.impl.ConsumerWorkerImpl.pollLoop(ConsumerWorkerImpl.java:53)
	at java.base/java.lang.Thread.run(Thread.java:1583)
11:47:51.985 [Thread-4] ERROR com.charlessun.javaplcadapter.worker.impl.ConsumerWorkerImpl -- processingStrategy.process(record) 處理失敗: Processing failed
java.lang.RuntimeException: Processing failed
	at com.charlessun.javaplcadapter.worker.impl.ConsumerWorkerImpl.pollLoop(ConsumerWorkerImpl.java:53)
	at java.base/java.lang.Thread.run(Thread.java:1583)
11:47:51.985 [Thread-4] ERROR com.charlessun.javaplcadapter.worker.impl.ConsumerWorkerImpl -- processingStrategy.process(record) 處理失敗: Processing failed
java.lang.RuntimeException: Processing failed
	at com.charlessun.javaplcadapter.worker.impl.ConsumerWorkerImpl.pollLoop(ConsumerWorkerImpl.java:53)
	at java.base/java.lang.Thread.run(Thread.java:1583)
11:47:51.986 [Thread-4] ERROR com.charlessun.javaplcadapter.worker.impl.ConsumerWorkerImpl -- processingStrategy.process(record) 處理失敗: Processing failed
java.lang.RuntimeException: Processing failed
	at com.charlessun.javaplcadapter.worker.impl.ConsumerWorkerImpl.pollLoop(ConsumerWorkerImpl.java:53)
	at java.base/java.lang.Thread.run(Thread.java:1583)
11:47:51.986 [Thread-4] ERROR com.charlessun.javaplcadapter.worker.impl.ConsumerWorkerImpl -- processingStrategy.process(record) 處理失敗: Processing failed
java.lang.RuntimeException: Processing failed
	at com.charlessun.javaplcadapter.worker.impl.ConsumerWorkerImpl.pollLoop(ConsumerWorkerImpl.java:53)
	at java.base/java.lang.Thread.run(Thread.java:1583)
11:47:51.986 [Thread-4] ERROR com.charlessun.javaplcadapter.worker.impl.ConsumerWorkerImpl -- processingStrategy.process(record) 處理失敗: Processing failed
java.lang.RuntimeException: Processing failed
	at com.charlessun.javaplcadapter.worker.impl.ConsumerWorkerImpl.pollLoop(ConsumerWorkerImpl.java:53)
	at java.base/java.lang.Thread.run(Thread.java:1583)
11:47:51.986 [Thread-4] ERROR com.charlessun.javaplcadapter.worker.impl.ConsumerWorkerImpl -- processingStrategy.process(record) 處理失敗: Processing failed
java.lang.RuntimeException: Processing failed
	at com.charlessun.javaplcadapter.worker.impl.ConsumerWorkerImpl.pollLoop(ConsumerWorkerImpl.java:53)
	at java.base/java.lang.Thread.run(Thread.java:1583)
11:47:51.986 [Thread-4] ERROR com.charlessun.javaplcadapter.worker.impl.ConsumerWorkerImpl -- processingStrategy.process(record) 處理失敗: Processing failed
java.lang.RuntimeException: Processing failed
	at com.charlessun.javaplcadapter.worker.impl.ConsumerWorkerImpl.pollLoop(ConsumerWorkerImpl.java:53)
	at java.base/java.lang.Thread.run(Thread.java:1583)
11:47:51.986 [Thread-4] ERROR com.charlessun.javaplcadapter.worker.impl.ConsumerWorkerImpl -- processingStrategy.process(record) 處理失敗: Processing failed
java.lang.RuntimeException: Processing failed
	at com.charlessun.javaplcadapter.worker.impl.ConsumerWorkerImpl.pollLoop(ConsumerWorkerImpl.java:53)
	at java.base/java.lang.Thread.run(Thread.java:1583)
11:47:51.986 [Thread-4] ERROR com.charlessun.javaplcadapter.worker.impl.ConsumerWorkerImpl -- processingStrategy.process(record) 處理失敗: Processing failed
java.lang.RuntimeException: Processing failed
	at com.charlessun.javaplcadapter.worker.impl.ConsumerWorkerImpl.pollLoop(ConsumerWorkerImpl.java:53)
	at java.base/java.lang.Thread.run(Thread.java:1583)
11:47:51.986 [Thread-4] ERROR com.charlessun.javaplcadapter.worker.impl.ConsumerWorkerImpl -- processingStrategy.process(record) 處理失敗: Processing failed
java.lang.RuntimeException: Processing failed
	at com.charlessun.javaplcadapter.worker.impl.ConsumerWorkerImpl.pollLoop(ConsumerWorkerImpl.java:53)
	at java.base/java.lang.Thread.run(Thread.java:1583)
11:47:51.986 [Thread-4] ERROR com.charlessun.javaplcadapter.worker.impl.ConsumerWorkerImpl -- processingStrategy.process(record) 處理失敗: Processing failed
java.lang.RuntimeException: Processing failed
	at com.charlessun.javaplcadapter.worker.impl.ConsumerWorkerImpl.pollLoop(ConsumerWorkerImpl.java:53)
	at java.base/java.lang.Thread.run(Thread.java:1583)
11:47:51.986 [Thread-4] ERROR com.charlessun.javaplcadapter.worker.impl.ConsumerWorkerImpl -- processingStrategy.process(record) 處理失敗: Processing failed
java.lang.RuntimeException: Processing failed
	at com.charlessun.javaplcadapter.worker.impl.ConsumerWorkerImpl.pollLoop(ConsumerWorkerImpl.java:53)
	at java.base/java.lang.Thread.run(Thread.java:1583)
11:47:51.986 [Thread-4] ERROR com.charlessun.javaplcadapter.worker.impl.ConsumerWorkerImpl -- processingStrategy.process(record) 處理失敗: Processing failed
java.lang.RuntimeException: Processing failed
	at com.charlessun.javaplcadapter.worker.impl.ConsumerWorkerImpl.pollLoop(ConsumerWorkerImpl.java:53)
	at java.base/java.lang.Thread.run(Thread.java:1583)
11:47:51.986 [Thread-4] ERROR com.charlessun.javaplcadapter.worker.impl.ConsumerWorkerImpl -- processingStrategy.process(record) 處理失敗: Processing failed
java.lang.RuntimeException: Processing failed
	at com.charlessun.javaplcadapter.worker.impl.ConsumerWorkerImpl.pollLoop(ConsumerWorkerImpl.java:53)
	at java.base/java.lang.Thread.run(Thread.java:1583)
11:47:51.986 [Thread-4] ERROR com.charlessun.javaplcadapter.worker.impl.ConsumerWorkerImpl -- processingStrategy.process(record) 處理失敗: Processing failed
java.lang.RuntimeException: Processing failed
	at com.charlessun.javaplcadapter.worker.impl.ConsumerWorkerImpl.pollLoop(ConsumerWorkerImpl.java:53)
	at java.base/java.lang.Thread.run(Thread.java:1583)
11:47:51.987 [Thread-4] ERROR com.charlessun.javaplcadapter.worker.impl.ConsumerWorkerImpl -- processingStrategy.process(record) 處理失敗: Processing failed
java.lang.RuntimeException: Processing failed
	at com.charlessun.javaplcadapter.worker.impl.ConsumerWorkerImpl.pollLoop(ConsumerWorkerImpl.java:53)
	at java.base/java.lang.Thread.run(Thread.java:1583)
11:47:51.987 [Thread-4] ERROR com.charlessun.javaplcadapter.worker.impl.ConsumerWorkerImpl -- processingStrategy.process(record) 處理失敗: Processing failed
java.lang.RuntimeException: Processing failed
	at com.charlessun.javaplcadapter.worker.impl.ConsumerWorkerImpl.pollLoop(ConsumerWorkerImpl.java:53)
	at java.base/java.lang.Thread.run(Thread.java:1583)
11:47:51.987 [Thread-4] ERROR com.charlessun.javaplcadapter.worker.impl.ConsumerWorkerImpl -- processingStrategy.process(record) 處理失敗: Processing failed
java.lang.RuntimeException: Processing failed
	at com.charlessun.javaplcadapter.worker.impl.ConsumerWorkerImpl.pollLoop(ConsumerWorkerImpl.java:53)
	at java.base/java.lang.Thread.run(Thread.java:1583)
11:47:51.987 [Thread-4] ERROR com.charlessun.javaplcadapter.worker.impl.ConsumerWorkerImpl -- processingStrategy.process(record) 處理失敗: Processing failed
java.lang.RuntimeException: Processing failed
	at com.charlessun.javaplcadapter.worker.impl.ConsumerWorkerImpl.pollLoop(ConsumerWorkerImpl.java:53)
	at java.base/java.lang.Thread.run(Thread.java:1583)
11:47:51.987 [Thread-4] ERROR com.charlessun.javaplcadapter.worker.impl.ConsumerWorkerImpl -- processingStrategy.process(record) 處理失敗: Processing failed
java.lang.RuntimeException: Processing failed
	at com.charlessun.javaplcadapter.worker.impl.ConsumerWorkerImpl.pollLoop(ConsumerWorkerImpl.java:53)
	at java.base/java.lang.Thread.run(Thread.java:1583)
11:47:51.987 [Thread-4] ERROR com.charlessun.javaplcadapter.worker.impl.ConsumerWorkerImpl -- processingStrategy.process(record) 處理失敗: Processing failed
java.lang.RuntimeException: Processing failed
	at com.charlessun.javaplcadapter.worker.impl.ConsumerWorkerImpl.pollLoop(ConsumerWorkerImpl.java:53)
	at java.base/java.lang.Thread.run(Thread.java:1583)
11:47:51.987 [Thread-4] ERROR com.charlessun.javaplcadapter.worker.impl.ConsumerWorkerImpl -- processingStrategy.process(record) 處理失敗: Processing failed
java.lang.RuntimeException: Processing failed
	at com.charlessun.javaplcadapter.worker.impl.ConsumerWorkerImpl.pollLoop(ConsumerWorkerImpl.java:53)
	at java.base/java.lang.Thread.run(Thread.java:1583)
11:47:51.987 [Thread-4] ERROR com.charlessun.javaplcadapter.worker.impl.ConsumerWorkerImpl -- processingStrategy.process(record) 處理失敗: Processing failed
java.lang.RuntimeException: Processing failed
	at com.charlessun.javaplcadapter.worker.impl.ConsumerWorkerImpl.pollLoop(ConsumerWorkerImpl.java:53)
	at java.base/java.lang.Thread.run(Thread.java:1583)
11:47:51.987 [Thread-4] ERROR com.charlessun.javaplcadapter.worker.impl.ConsumerWorkerImpl -- processingStrategy.process(record) 處理失敗: Processing failed
java.lang.RuntimeException: Processing failed
	at com.charlessun.javaplcadapter.worker.impl.ConsumerWorkerImpl.pollLoop(ConsumerWorkerImpl.java:53)
	at java.base/java.lang.Thread.run(Thread.java:1583)
11:47:51.987 [Thread-4] ERROR com.charlessun.javaplcadapter.worker.impl.ConsumerWorkerImpl -- processingStrategy.process(record) 處理失敗: Processing failed
java.lang.RuntimeException: Processing failed
	at com.charlessun.javaplcadapter.worker.impl.ConsumerWorkerImpl.pollLoop(ConsumerWorkerImpl.java:53)
	at java.base/java.lang.Thread.run(Thread.java:1583)
11:47:51.987 [Thread-4] ERROR com.charlessun.javaplcadapter.worker.impl.ConsumerWorkerImpl -- processingStrategy.process(record) 處理失敗: Processing failed
java.lang.RuntimeException: Processing failed
	at com.charlessun.javaplcadapter.worker.impl.ConsumerWorkerImpl.pollLoop(ConsumerWorkerImpl.java:53)
	at java.base/java.lang.Thread.run(Thread.java:1583)
11:47:51.988 [Thread-4] ERROR com.charlessun.javaplcadapter.worker.impl.ConsumerWorkerImpl -- processingStrategy.process(record) 處理失敗: Processing failed
java.lang.RuntimeException: Processing failed
	at com.charlessun.javaplcadapter.worker.impl.ConsumerWorkerImpl.pollLoop(ConsumerWorkerImpl.java:53)
	at java.base/java.lang.Thread.run(Thread.java:1583)
11:47:51.988 [Thread-4] ERROR com.charlessun.javaplcadapter.worker.impl.ConsumerWorkerImpl -- processingStrategy.process(record) 處理失敗: Processing failed
java.lang.RuntimeException: Processing failed
	at com.charlessun.javaplcadapter.worker.impl.ConsumerWorkerImpl.pollLoop(ConsumerWorkerImpl.java:53)
	at java.base/java.lang.Thread.run(Thread.java:1583)
11:47:51.988 [Thread-4] ERROR com.charlessun.javaplcadapter.worker.impl.ConsumerWorkerImpl -- processingStrategy.process(record) 處理失敗: Processing failed
java.lang.RuntimeException: Processing failed
	at com.charlessun.javaplcadapter.worker.impl.ConsumerWorkerImpl.pollLoop(ConsumerWorkerImpl.java:53)
	at java.base/java.lang.Thread.run(Thread.java:1583)
11:47:51.988 [Thread-4] ERROR com.charlessun.javaplcadapter.worker.impl.ConsumerWorkerImpl -- processingStrategy.process(record) 處理失敗: Processing failed
java.lang.RuntimeException: Processing failed
	at com.charlessun.javaplcadapter.worker.impl.ConsumerWorkerImpl.pollLoop(ConsumerWorkerImpl.java:53)
	at java.base/java.lang.Thread.run(Thread.java:1583)
11:47:51.988 [Thread-4] ERROR com.charlessun.javaplcadapter.worker.impl.ConsumerWorkerImpl -- processingStrategy.process(record) 處理失敗: Processing failed
java.lang.RuntimeException: Processing failed
	at com.charlessun.javaplcadapter.worker.impl.ConsumerWorkerImpl.pollLoop(ConsumerWorkerImpl.java:53)
	at java.base/java.lang.Thread.run(Thread.java:1583)
11:47:51.988 [Thread-4] ERROR com.charlessun.javaplcadapter.worker.impl.ConsumerWorkerImpl -- processingStrategy.process(record) 處理失敗: Processing failed
java.lang.RuntimeException: Processing failed
	at com.charlessun.javaplcadapter.worker.impl.ConsumerWorkerImpl.pollLoop(ConsumerWorkerImpl.java:53)
	at java.base/java.lang.Thread.run(Thread.java:1583)
11:47:51.988 [Thread-4] ERROR com.charlessun.javaplcadapter.worker.impl.ConsumerWorkerImpl -- processingStrategy.process(record) 處理失敗: Processing failed
java.lang.RuntimeException: Processing failed
	at com.charlessun.javaplcadapter.worker.impl.ConsumerWorkerImpl.pollLoop(ConsumerWorkerImpl.java:53)
	at java.base/java.lang.Thread.run(Thread.java:1583)
11:47:51.989 [Thread-4] ERROR com.charlessun.javaplcadapter.worker.impl.ConsumerWorkerImpl -- processingStrategy.process(record) 處理失敗: Processing failed
java.lang.RuntimeException: Processing failed
	at com.charlessun.javaplcadapter.worker.impl.ConsumerWorkerImpl.pollLoop(ConsumerWorkerImpl.java:53)
	at java.base/java.lang.Thread.run(Thread.java:1583)
11:47:51.989 [Thread-4] ERROR com.charlessun.javaplcadapter.worker.impl.ConsumerWorkerImpl -- processingStrategy.process(record) 處理失敗: Processing failed
java.lang.RuntimeException: Processing failed
	at com.charlessun.javaplcadapter.worker.impl.ConsumerWorkerImpl.pollLoop(ConsumerWorkerImpl.java:53)
	at java.base/java.lang.Thread.run(Thread.java:1583)
11:47:51.989 [Thread-4] ERROR com.charlessun.javaplcadapter.worker.impl.ConsumerWorkerImpl -- processingStrategy.process(record) 處理失敗: Processing failed
java.lang.RuntimeException: Processing failed
	at com.charlessun.javaplcadapter.worker.impl.ConsumerWorkerImpl.pollLoop(ConsumerWorkerImpl.java:53)
	at java.base/java.lang.Thread.run(Thread.java:1583)
11:47:51.989 [Thread-4] ERROR com.charlessun.javaplcadapter.worker.impl.ConsumerWorkerImpl -- processingStrategy.process(record) 處理失敗: Processing failed
java.lang.RuntimeException: Processing failed
	at com.charlessun.javaplcadapter.worker.impl.ConsumerWorkerImpl.pollLoop(ConsumerWorkerImpl.java:53)
	at java.base/java.lang.Thread.run(Thread.java:1583)
11:47:51.989 [Thread-4] ERROR com.charlessun.javaplcadapter.worker.impl.ConsumerWorkerImpl -- processingStrategy.process(record) 處理失敗: Processing failed
java.lang.RuntimeException: Processing failed
	at com.charlessun.javaplcadapter.worker.impl.ConsumerWorkerImpl.pollLoop(ConsumerWorkerImpl.java:53)
	at java.base/java.lang.Thread.run(Thread.java:1583)
11:47:51.989 [Thread-4] ERROR com.charlessun.javaplcadapter.worker.impl.ConsumerWorkerImpl -- processingStrategy.process(record) 處理失敗: Processing failed
java.lang.RuntimeException: Processing failed
	at com.charlessun.javaplcadapter.worker.impl.ConsumerWorkerImpl.pollLoop(ConsumerWorkerImpl.java:53)
	at java.base/java.lang.Thread.run(Thread.java:1583)
11:47:51.989 [Thread-4] ERROR com.charlessun.javaplcadapter.worker.impl.ConsumerWorkerImpl -- processingStrategy.process(record) 處理失敗: Processing failed
java.lang.RuntimeException: Processing failed
	at com.charlessun.javaplcadapter.worker.impl.ConsumerWorkerImpl.pollLoop(ConsumerWorkerImpl.java:53)
	at java.base/java.lang.Thread.run(Thread.java:1583)
11:47:51.989 [Thread-4] ERROR com.charlessun.javaplcadapter.worker.impl.ConsumerWorkerImpl -- processingStrategy.process(record) 處理失敗: Processing failed
java.lang.RuntimeException: Processing failed
	at com.charlessun.javaplcadapter.worker.impl.ConsumerWorkerImpl.pollLoop(ConsumerWorkerImpl.java:53)
	at java.base/java.lang.Thread.run(Thread.java:1583)
11:47:51.989 [Thread-4] ERROR com.charlessun.javaplcadapter.worker.impl.ConsumerWorkerImpl -- processingStrategy.process(record) 處理失敗: Processing failed
java.lang.RuntimeException: Processing failed
	at com.charlessun.javaplcadapter.worker.impl.ConsumerWorkerImpl.pollLoop(ConsumerWorkerImpl.java:53)
	at java.base/java.lang.Thread.run(Thread.java:1583)
11:47:51.989 [Thread-4] ERROR com.charlessun.javaplcadapter.worker.impl.ConsumerWorkerImpl -- processingStrategy.process(record) 處理失敗: Processing failed
java.lang.RuntimeException: Processing failed
	at com.charlessun.javaplcadapter.worker.impl.ConsumerWorkerImpl.pollLoop(ConsumerWorkerImpl.java:53)
	at java.base/java.lang.Thread.run(Thread.java:1583)
11:47:51.990 [Thread-4] ERROR com.charlessun.javaplcadapter.worker.impl.ConsumerWorkerImpl -- processingStrategy.process(record) 處理失敗: Processing failed
java.lang.RuntimeException: Processing failed
	at com.charlessun.javaplcadapter.worker.impl.ConsumerWorkerImpl.pollLoop(ConsumerWorkerImpl.java:53)
	at java.base/java.lang.Thread.run(Thread.java:1583)
11:47:51.990 [Thread-4] ERROR com.charlessun.javaplcadapter.worker.impl.ConsumerWorkerImpl -- processingStrategy.process(record) 處理失敗: Processing failed
java.lang.RuntimeException: Processing failed
	at com.charlessun.javaplcadapter.worker.impl.ConsumerWorkerImpl.pollLoop(ConsumerWorkerImpl.java:53)
	at java.base/java.lang.Thread.run(Thread.java:1583)
11:47:51.990 [Thread-4] ERROR com.charlessun.javaplcadapter.worker.impl.ConsumerWorkerImpl -- processingStrategy.process(record) 處理失敗: Processing failed
java.lang.RuntimeException: Processing failed
	at com.charlessun.javaplcadapter.worker.impl.ConsumerWorkerImpl.pollLoop(ConsumerWorkerImpl.java:53)
	at java.base/java.lang.Thread.run(Thread.java:1583)
11:47:51.990 [Thread-4] ERROR com.charlessun.javaplcadapter.worker.impl.ConsumerWorkerImpl -- processingStrategy.process(record) 處理失敗: Processing failed
java.lang.RuntimeException: Processing failed
	at com.charlessun.javaplcadapter.worker.impl.ConsumerWorkerImpl.pollLoop(ConsumerWorkerImpl.java:53)
	at java.base/java.lang.Thread.run(Thread.java:1583)
11:47:51.990 [Thread-4] ERROR com.charlessun.javaplcadapter.worker.impl.ConsumerWorkerImpl -- processingStrategy.process(record) 處理失敗: Processing failed
java.lang.RuntimeException: Processing failed
	at com.charlessun.javaplcadapter.worker.impl.ConsumerWorkerImpl.pollLoop(ConsumerWorkerImpl.java:53)
	at java.base/java.lang.Thread.run(Thread.java:1583)
11:47:51.990 [Thread-4] ERROR com.charlessun.javaplcadapter.worker.impl.ConsumerWorkerImpl -- processingStrategy.process(record) 處理失敗: Processing failed
java.lang.RuntimeException: Processing failed
	at com.charlessun.javaplcadapter.worker.impl.ConsumerWorkerImpl.pollLoop(ConsumerWorkerImpl.java:53)
	at java.base/java.lang.Thread.run(Thread.java:1583)
11:47:51.990 [Thread-4] ERROR com.charlessun.javaplcadapter.worker.impl.ConsumerWorkerImpl -- processingStrategy.process(record) 處理失敗: Processing failed
java.lang.RuntimeException: Processing failed
	at com.charlessun.javaplcadapter.worker.impl.ConsumerWorkerImpl.pollLoop(ConsumerWorkerImpl.java:53)
	at java.base/java.lang.Thread.run(Thread.java:1583)
11:47:51.990 [Thread-4] ERROR com.charlessun.javaplcadapter.worker.impl.ConsumerWorkerImpl -- processingStrategy.process(record) 處理失敗: Processing failed
java.lang.RuntimeException: Processing failed
	at com.charlessun.javaplcadapter.worker.impl.ConsumerWorkerImpl.pollLoop(ConsumerWorkerImpl.java:53)
	at java.base/java.lang.Thread.run(Thread.java:1583)
11:47:51.990 [Thread-4] ERROR com.charlessun.javaplcadapter.worker.impl.ConsumerWorkerImpl -- processingStrategy.process(record) 處理失敗: Processing failed
java.lang.RuntimeException: Processing failed
	at com.charlessun.javaplcadapter.worker.impl.ConsumerWorkerImpl.pollLoop(ConsumerWorkerImpl.java:53)
	at java.base/java.lang.Thread.run(Thread.java:1583)
11:47:51.990 [Thread-4] ERROR com.charlessun.javaplcadapter.worker.impl.ConsumerWorkerImpl -- processingStrategy.process(record) 處理失敗: Processing failed
java.lang.RuntimeException: Processing failed
	at com.charlessun.javaplcadapter.worker.impl.ConsumerWorkerImpl.pollLoop(ConsumerWorkerImpl.java:53)
	at java.base/java.lang.Thread.run(Thread.java:1583)
11:47:51.990 [Thread-4] ERROR com.charlessun.javaplcadapter.worker.impl.ConsumerWorkerImpl -- processingStrategy.process(record) 處理失敗: Processing failed
java.lang.RuntimeException: Processing failed
	at com.charlessun.javaplcadapter.worker.impl.ConsumerWorkerImpl.pollLoop(ConsumerWorkerImpl.java:53)
	at java.base/java.lang.Thread.run(Thread.java:1583)
11:47:51.990 [Thread-4] ERROR com.charlessun.javaplcadapter.worker.impl.ConsumerWorkerImpl -- processingStrategy.process(record) 處理失敗: Processing failed
java.lang.RuntimeException: Processing failed
	at com.charlessun.javaplcadapter.worker.impl.ConsumerWorkerImpl.pollLoop(ConsumerWorkerImpl.java:53)
	at java.base/java.lang.Thread.run(Thread.java:1583)
11:47:51.990 [Thread-4] ERROR com.charlessun.javaplcadapter.worker.impl.ConsumerWorkerImpl -- processingStrategy.process(record) 處理失敗: Processing failed
java.lang.RuntimeException: Processing failed
	at com.charlessun.javaplcadapter.worker.impl.ConsumerWorkerImpl.pollLoop(ConsumerWorkerImpl.java:53)
	at java.base/java.lang.Thread.run(Thread.java:1583)
11:47:51.990 [Thread-4] ERROR com.charlessun.javaplcadapter.worker.impl.ConsumerWorkerImpl -- processingStrategy.process(record) 處理失敗: Processing failed
java.lang.RuntimeException: Processing failed
	at com.charlessun.javaplcadapter.worker.impl.ConsumerWorkerImpl.pollLoop(ConsumerWorkerImpl.java:53)
	at java.base/java.lang.Thread.run(Thread.java:1583)
11:47:51.991 [Thread-4] ERROR com.charlessun.javaplcadapter.worker.impl.ConsumerWorkerImpl -- processingStrategy.process(record) 處理失敗: Processing failed
java.lang.RuntimeException: Processing failed
	at com.charlessun.javaplcadapter.worker.impl.ConsumerWorkerImpl.pollLoop(ConsumerWorkerImpl.java:53)
	at java.base/java.lang.Thread.run(Thread.java:1583)
11:47:51.991 [Thread-4] ERROR com.charlessun.javaplcadapter.worker.impl.ConsumerWorkerImpl -- processingStrategy.process(record) 處理失敗: Processing failed
java.lang.RuntimeException: Processing failed
	at com.charlessun.javaplcadapter.worker.impl.ConsumerWorkerImpl.pollLoop(ConsumerWorkerImpl.java:53)
	at java.base/java.lang.Thread.run(Thread.java:1583)
11:47:51.991 [Thread-4] ERROR com.charlessun.javaplcadapter.worker.impl.ConsumerWorkerImpl -- processingStrategy.process(record) 處理失敗: Processing failed
java.lang.RuntimeException: Processing failed
	at com.charlessun.javaplcadapter.worker.impl.ConsumerWorkerImpl.pollLoop(ConsumerWorkerImpl.java:53)
	at java.base/java.lang.Thread.run(Thread.java:1583)
11:47:51.991 [Thread-4] ERROR com.charlessun.javaplcadapter.worker.impl.ConsumerWorkerImpl -- processingStrategy.process(record) 處理失敗: Processing failed
java.lang.RuntimeException: Processing failed
	at com.charlessun.javaplcadapter.worker.impl.ConsumerWorkerImpl.pollLoop(ConsumerWorkerImpl.java:53)
	at java.base/java.lang.Thread.run(Thread.java:1583)
11:47:51.991 [Thread-4] ERROR com.charlessun.javaplcadapter.worker.impl.ConsumerWorkerImpl -- processingStrategy.process(record) 處理失敗: Processing failed
java.lang.RuntimeException: Processing failed
	at com.charlessun.javaplcadapter.worker.impl.ConsumerWorkerImpl.pollLoop(ConsumerWorkerImpl.java:53)
	at java.base/java.lang.Thread.run(Thread.java:1583)
11:47:51.991 [Thread-4] ERROR com.charlessun.javaplcadapter.worker.impl.ConsumerWorkerImpl -- processingStrategy.process(record) 處理失敗: Processing failed
java.lang.RuntimeException: Processing failed
	at com.charlessun.javaplcadapter.worker.impl.ConsumerWorkerImpl.pollLoop(ConsumerWorkerImpl.java:53)
	at java.base/java.lang.Thread.run(Thread.java:1583)
11:47:51.991 [Thread-4] ERROR com.charlessun.javaplcadapter.worker.impl.ConsumerWorkerImpl -- processingStrategy.process(record) 處理失敗: Processing failed
java.lang.RuntimeException: Processing failed
	at com.charlessun.javaplcadapter.worker.impl.ConsumerWorkerImpl.pollLoop(ConsumerWorkerImpl.java:53)
	at java.base/java.lang.Thread.run(Thread.java:1583)
11:47:51.991 [Thread-4] ERROR com.charlessun.javaplcadapter.worker.impl.ConsumerWorkerImpl -- processingStrategy.process(record) 處理失敗: Processing failed
java.lang.RuntimeException: Processing failed
	at com.charlessun.javaplcadapter.worker.impl.ConsumerWorkerImpl.pollLoop(ConsumerWorkerImpl.java:53)
	at java.base/java.lang.Thread.run(Thread.java:1583)
11:47:51.992 [Thread-4] ERROR com.charlessun.javaplcadapter.worker.impl.ConsumerWorkerImpl -- processingStrategy.process(record) 處理失敗: Processing failed
java.lang.RuntimeException: Processing failed
	at com.charlessun.javaplcadapter.worker.impl.ConsumerWorkerImpl.pollLoop(ConsumerWorkerImpl.java:53)
	at java.base/java.lang.Thread.run(Thread.java:1583)
11:47:51.992 [Thread-4] ERROR com.charlessun.javaplcadapter.worker.impl.ConsumerWorkerImpl -- processingStrategy.process(record) 處理失敗: Processing failed
java.lang.RuntimeException: Processing failed
	at com.charlessun.javaplcadapter.worker.impl.ConsumerWorkerImpl.pollLoop(ConsumerWorkerImpl.java:53)
	at java.base/java.lang.Thread.run(Thread.java:1583)
11:47:51.992 [Thread-4] ERROR com.charlessun.javaplcadapter.worker.impl.ConsumerWorkerImpl -- processingStrategy.process(record) 處理失敗: Processing failed
java.lang.RuntimeException: Processing failed
	at com.charlessun.javaplcadapter.worker.impl.ConsumerWorkerImpl.pollLoop(ConsumerWorkerImpl.java:53)
	at java.base/java.lang.Thread.run(Thread.java:1583)
11:47:51.992 [Thread-4] ERROR com.charlessun.javaplcadapter.worker.impl.ConsumerWorkerImpl -- processingStrategy.process(record) 處理失敗: Processing failed
java.lang.RuntimeException: Processing failed
	at com.charlessun.javaplcadapter.worker.impl.ConsumerWorkerImpl.pollLoop(ConsumerWorkerImpl.java:53)
	at java.base/java.lang.Thread.run(Thread.java:1583)
11:47:51.992 [Thread-4] ERROR com.charlessun.javaplcadapter.worker.impl.ConsumerWorkerImpl -- processingStrategy.process(record) 處理失敗: Processing failed
java.lang.RuntimeException: Processing failed
	at com.charlessun.javaplcadapter.worker.impl.ConsumerWorkerImpl.pollLoop(ConsumerWorkerImpl.java:53)
	at java.base/java.lang.Thread.run(Thread.java:1583)
11:47:51.992 [Thread-4] ERROR com.charlessun.javaplcadapter.worker.impl.ConsumerWorkerImpl -- processingStrategy.process(record) 處理失敗: Processing failed
java.lang.RuntimeException: Processing failed
	at com.charlessun.javaplcadapter.worker.impl.ConsumerWorkerImpl.pollLoop(ConsumerWorkerImpl.java:53)
	at java.base/java.lang.Thread.run(Thread.java:1583)
11:47:51.992 [Thread-4] ERROR com.charlessun.javaplcadapter.worker.impl.ConsumerWorkerImpl -- processingStrategy.process(record) 處理失敗: Processing failed
java.lang.RuntimeException: Processing failed
	at com.charlessun.javaplcadapter.worker.impl.ConsumerWorkerImpl.pollLoop(ConsumerWorkerImpl.java:53)
	at java.base/java.lang.Thread.run(Thread.java:1583)
11:47:51.992 [Thread-4] ERROR com.charlessun.javaplcadapter.worker.impl.ConsumerWorkerImpl -- processingStrategy.process(record) 處理失敗: Processing failed
java.lang.RuntimeException: Processing failed
	at com.charlessun.javaplcadapter.worker.impl.ConsumerWorkerImpl.pollLoop(ConsumerWorkerImpl.java:53)
	at java.base/java.lang.Thread.run(Thread.java:1583)
11:47:51.992 [Thread-4] ERROR com.charlessun.javaplcadapter.worker.impl.ConsumerWorkerImpl -- processingStrategy.process(record) 處理失敗: Processing failed
java.lang.RuntimeException: Processing failed
	at com.charlessun.javaplcadapter.worker.impl.ConsumerWorkerImpl.pollLoop(ConsumerWorkerImpl.java:53)
	at java.base/java.lang.Thread.run(Thread.java:1583)
11:47:51.992 [Thread-4] ERROR com.charlessun.javaplcadapter.worker.impl.ConsumerWorkerImpl -- processingStrategy.process(record) 處理失敗: Processing failed
java.lang.RuntimeException: Processing failed
	at com.charlessun.javaplcadapter.worker.impl.ConsumerWorkerImpl.pollLoop(ConsumerWorkerImpl.java:53)
	at java.base/java.lang.Thread.run(Thread.java:1583)
11:47:51.993 [Thread-4] ERROR com.charlessun.javaplcadapter.worker.impl.ConsumerWorkerImpl -- processingStrategy.process(record) 處理失敗: Processing failed
java.lang.RuntimeException: Processing failed
	at com.charlessun.javaplcadapter.worker.impl.ConsumerWorkerImpl.pollLoop(ConsumerWorkerImpl.java:53)
	at java.base/java.lang.Thread.run(Thread.java:1583)
11:47:51.993 [Thread-4] ERROR com.charlessun.javaplcadapter.worker.impl.ConsumerWorkerImpl -- processingStrategy.process(record) 處理失敗: Processing failed
java.lang.RuntimeException: Processing failed
	at com.charlessun.javaplcadapter.worker.impl.ConsumerWorkerImpl.pollLoop(ConsumerWorkerImpl.java:53)
	at java.base/java.lang.Thread.run(Thread.java:1583)
11:47:51.993 [Thread-4] ERROR com.charlessun.javaplcadapter.worker.impl.ConsumerWorkerImpl -- processingStrategy.process(record) 處理失敗: Processing failed
java.lang.RuntimeException: Processing failed
	at com.charlessun.javaplcadapter.worker.impl.ConsumerWorkerImpl.pollLoop(ConsumerWorkerImpl.java:53)
	at java.base/java.lang.Thread.run(Thread.java:1583)
11:47:51.993 [Thread-4] ERROR com.charlessun.javaplcadapter.worker.impl.ConsumerWorkerImpl -- processingStrategy.process(record) 處理失敗: Processing failed
java.lang.RuntimeException: Processing failed
	at com.charlessun.javaplcadapter.worker.impl.ConsumerWorkerImpl.pollLoop(ConsumerWorkerImpl.java:53)
	at java.base/java.lang.Thread.run(Thread.java:1583)
11:47:51.993 [Thread-4] ERROR com.charlessun.javaplcadapter.worker.impl.ConsumerWorkerImpl -- processingStrategy.process(record) 處理失敗: Processing failed
java.lang.RuntimeException: Processing failed
	at com.charlessun.javaplcadapter.worker.impl.ConsumerWorkerImpl.pollLoop(ConsumerWorkerImpl.java:53)
	at java.base/java.lang.Thread.run(Thread.java:1583)
11:47:51.993 [Thread-4] ERROR com.charlessun.javaplcadapter.worker.impl.ConsumerWorkerImpl -- processingStrategy.process(record) 處理失敗: Processing failed
java.lang.RuntimeException: Processing failed
	at com.charlessun.javaplcadapter.worker.impl.ConsumerWorkerImpl.pollLoop(ConsumerWorkerImpl.java:53)
	at java.base/java.lang.Thread.run(Thread.java:1583)
11:47:51.993 [Thread-4] ERROR com.charlessun.javaplcadapter.worker.impl.ConsumerWorkerImpl -- processingStrategy.process(record) 處理失敗: Processing failed
java.lang.RuntimeException: Processing failed
	at com.charlessun.javaplcadapter.worker.impl.ConsumerWorkerImpl.pollLoop(ConsumerWorkerImpl.java:53)
	at java.base/java.lang.Thread.run(Thread.java:1583)
11:47:51.993 [Thread-4] ERROR com.charlessun.javaplcadapter.worker.impl.ConsumerWorkerImpl -- processingStrategy.process(record) 處理失敗: Processing failed
java.lang.RuntimeException: Processing failed
	at com.charlessun.javaplcadapter.worker.impl.ConsumerWorkerImpl.pollLoop(ConsumerWorkerImpl.java:53)
	at java.base/java.lang.Thread.run(Thread.java:1583)
11:47:51.993 [Thread-4] ERROR com.charlessun.javaplcadapter.worker.impl.ConsumerWorkerImpl -- processingStrategy.process(record) 處理失敗: Processing failed
java.lang.RuntimeException: Processing failed
	at com.charlessun.javaplcadapter.worker.impl.ConsumerWorkerImpl.pollLoop(ConsumerWorkerImpl.java:53)
	at java.base/java.lang.Thread.run(Thread.java:1583)
11:47:51.994 [Thread-4] ERROR com.charlessun.javaplcadapter.worker.impl.ConsumerWorkerImpl -- processingStrategy.process(record) 處理失敗: Processing failed
java.lang.RuntimeException: Processing failed
	at com.charlessun.javaplcadapter.worker.impl.ConsumerWorkerImpl.pollLoop(ConsumerWorkerImpl.java:53)
	at java.base/java.lang.Thread.run(Thread.java:1583)
11:47:51.994 [Thread-4] ERROR com.charlessun.javaplcadapter.worker.impl.ConsumerWorkerImpl -- processingStrategy.process(record) 處理失敗: Processing failed
java.lang.RuntimeException: Processing failed
	at com.charlessun.javaplcadapter.worker.impl.ConsumerWorkerImpl.pollLoop(ConsumerWorkerImpl.java:53)
	at java.base/java.lang.Thread.run(Thread.java:1583)
11:47:51.994 [Thread-4] ERROR com.charlessun.javaplcadapter.worker.impl.ConsumerWorkerImpl -- processingStrategy.process(record) 處理失敗: Processing failed
java.lang.RuntimeException: Processing failed
	at com.charlessun.javaplcadapter.worker.impl.ConsumerWorkerImpl.pollLoop(ConsumerWorkerImpl.java:53)
	at java.base/java.lang.Thread.run(Thread.java:1583)
11:47:51.994 [Thread-4] ERROR com.charlessun.javaplcadapter.worker.impl.ConsumerWorkerImpl -- processingStrategy.process(record) 處理失敗: Processing failed
java.lang.RuntimeException: Processing failed
	at com.charlessun.javaplcadapter.worker.impl.ConsumerWorkerImpl.pollLoop(ConsumerWorkerImpl.java:53)
	at java.base/java.lang.Thread.run(Thread.java:1583)
11:47:51.994 [Thread-4] ERROR com.charlessun.javaplcadapter.worker.impl.ConsumerWorkerImpl -- processingStrategy.process(record) 處理失敗: Processing failed
java.lang.RuntimeException: Processing failed
	at com.charlessun.javaplcadapter.worker.impl.ConsumerWorkerImpl.pollLoop(ConsumerWorkerImpl.java:53)
	at java.base/java.lang.Thread.run(Thread.java:1583)
11:47:51.994 [Thread-4] ERROR com.charlessun.javaplcadapter.worker.impl.ConsumerWorkerImpl -- processingStrategy.process(record) 處理失敗: Processing failed
java.lang.RuntimeException: Processing failed
	at com.charlessun.javaplcadapter.worker.impl.ConsumerWorkerImpl.pollLoop(ConsumerWorkerImpl.java:53)
	at java.base/java.lang.Thread.run(Thread.java:1583)
11:47:51.994 [Thread-4] ERROR com.charlessun.javaplcadapter.worker.impl.ConsumerWorkerImpl -- processingStrategy.process(record) 處理失敗: Processing failed
java.lang.RuntimeException: Processing failed
	at com.charlessun.javaplcadapter.worker.impl.ConsumerWorkerImpl.pollLoop(ConsumerWorkerImpl.java:53)
	at java.base/java.lang.Thread.run(Thread.java:1583)
11:47:51.994 [Thread-4] ERROR com.charlessun.javaplcadapter.worker.impl.ConsumerWorkerImpl -- processingStrategy.process(record) 處理失敗: Processing failed
java.lang.RuntimeException: Processing failed
	at com.charlessun.javaplcadapter.worker.impl.ConsumerWorkerImpl.pollLoop(ConsumerWorkerImpl.java:53)
	at java.base/java.lang.Thread.run(Thread.java:1583)
11:47:51.995 [Thread-4] ERROR com.charlessun.javaplcadapter.worker.impl.ConsumerWorkerImpl -- processingStrategy.process(record) 處理失敗: Processing failed
java.lang.RuntimeException: Processing failed
	at com.charlessun.javaplcadapter.worker.impl.ConsumerWorkerImpl.pollLoop(ConsumerWorkerImpl.java:53)
	at java.base/java.lang.Thread.run(Thread.java:1583)
11:47:51.995 [Thread-4] ERROR com.charlessun.javaplcadapter.worker.impl.ConsumerWorkerImpl -- processingStrategy.process(record) 處理失敗: Processing failed
java.lang.RuntimeException: Processing failed
	at com.charlessun.javaplcadapter.worker.impl.ConsumerWorkerImpl.pollLoop(ConsumerWorkerImpl.java:53)
	at java.base/java.lang.Thread.run(Thread.java:1583)
11:47:51.995 [Thread-4] ERROR com.charlessun.javaplcadapter.worker.impl.ConsumerWorkerImpl -- processingStrategy.process(record) 處理失敗: Processing failed
java.lang.RuntimeException: Processing failed
	at com.charlessun.javaplcadapter.worker.impl.ConsumerWorkerImpl.pollLoop(ConsumerWorkerImpl.java:53)
	at java.base/java.lang.Thread.run(Thread.java:1583)
11:47:51.995 [Thread-4] ERROR com.charlessun.javaplcadapter.worker.impl.ConsumerWorkerImpl -- processingStrategy.process(record) 處理失敗: Processing failed
java.lang.RuntimeException: Processing failed
	at com.charlessun.javaplcadapter.worker.impl.ConsumerWorkerImpl.pollLoop(ConsumerWorkerImpl.java:53)
	at java.base/java.lang.Thread.run(Thread.java:1583)
11:47:51.996 [Thread-4] ERROR com.charlessun.javaplcadapter.worker.impl.ConsumerWorkerImpl -- processingStrategy.process(record) 處理失敗: Processing failed
java.lang.RuntimeException: Processing failed
	at com.charlessun.javaplcadapter.worker.impl.ConsumerWorkerImpl.pollLoop(ConsumerWorkerImpl.java:53)
	at java.base/java.lang.Thread.run(Thread.java:1583)
11:47:51.996 [Thread-4] ERROR com.charlessun.javaplcadapter.worker.impl.ConsumerWorkerImpl -- processingStrategy.process(record) 處理失敗: Processing failed
java.lang.RuntimeException: Processing failed
	at com.charlessun.javaplcadapter.worker.impl.ConsumerWorkerImpl.pollLoop(ConsumerWorkerImpl.java:53)
	at java.base/java.lang.Thread.run(Thread.java:1583)
11:47:51.996 [Thread-4] ERROR com.charlessun.javaplcadapter.worker.impl.ConsumerWorkerImpl -- processingStrategy.process(record) 處理失敗: Processing failed
java.lang.RuntimeException: Processing failed
	at com.charlessun.javaplcadapter.worker.impl.ConsumerWorkerImpl.pollLoop(ConsumerWorkerImpl.java:53)
	at java.base/java.lang.Thread.run(Thread.java:1583)
11:47:51.996 [Thread-4] ERROR com.charlessun.javaplcadapter.worker.impl.ConsumerWorkerImpl -- processingStrategy.process(record) 處理失敗: Processing failed
java.lang.RuntimeException: Processing failed
	at com.charlessun.javaplcadapter.worker.impl.ConsumerWorkerImpl.pollLoop(ConsumerWorkerImpl.java:53)
	at java.base/java.lang.Thread.run(Thread.java:1583)
11:47:51.996 [Thread-4] ERROR com.charlessun.javaplcadapter.worker.impl.ConsumerWorkerImpl -- processingStrategy.process(record) 處理失敗: Processing failed
java.lang.RuntimeException: Processing failed
	at com.charlessun.javaplcadapter.worker.impl.ConsumerWorkerImpl.pollLoop(ConsumerWorkerImpl.java:53)
	at java.base/java.lang.Thread.run(Thread.java:1583)
11:47:51.996 [Thread-4] ERROR com.charlessun.javaplcadapter.worker.impl.ConsumerWorkerImpl -- processingStrategy.process(record) 處理失敗: Processing failed
java.lang.RuntimeException: Processing failed
	at com.charlessun.javaplcadapter.worker.impl.ConsumerWorkerImpl.pollLoop(ConsumerWorkerImpl.java:53)
	at java.base/java.lang.Thread.run(Thread.java:1583)
11:47:51.997 [Thread-4] ERROR com.charlessun.javaplcadapter.worker.impl.ConsumerWorkerImpl -- processingStrategy.process(record) 處理失敗: Processing failed
java.lang.RuntimeException: Processing failed
	at com.charlessun.javaplcadapter.worker.impl.ConsumerWorkerImpl.pollLoop(ConsumerWorkerImpl.java:53)
	at java.base/java.lang.Thread.run(Thread.java:1583)
11:47:51.997 [Thread-4] ERROR com.charlessun.javaplcadapter.worker.impl.ConsumerWorkerImpl -- processingStrategy.process(record) 處理失敗: Processing failed
java.lang.RuntimeException: Processing failed
	at com.charlessun.javaplcadapter.worker.impl.ConsumerWorkerImpl.pollLoop(ConsumerWorkerImpl.java:53)
	at java.base/java.lang.Thread.run(Thread.java:1583)
11:47:51.997 [Thread-4] ERROR com.charlessun.javaplcadapter.worker.impl.ConsumerWorkerImpl -- processingStrategy.process(record) 處理失敗: Processing failed
java.lang.RuntimeException: Processing failed
	at com.charlessun.javaplcadapter.worker.impl.ConsumerWorkerImpl.pollLoop(ConsumerWorkerImpl.java:53)
	at java.base/java.lang.Thread.run(Thread.java:1583)
11:47:51.997 [Thread-4] ERROR com.charlessun.javaplcadapter.worker.impl.ConsumerWorkerImpl -- processingStrategy.process(record) 處理失敗: Processing failed
java.lang.RuntimeException: Processing failed
	at com.charlessun.javaplcadapter.worker.impl.ConsumerWorkerImpl.pollLoop(ConsumerWorkerImpl.java:53)
	at java.base/java.lang.Thread.run(Thread.java:1583)
11:47:51.997 [Thread-4] ERROR com.charlessun.javaplcadapter.worker.impl.ConsumerWorkerImpl -- processingStrategy.process(record) 處理失敗: Processing failed
java.lang.RuntimeException: Processing failed
	at com.charlessun.javaplcadapter.worker.impl.ConsumerWorkerImpl.pollLoop(ConsumerWorkerImpl.java:53)
	at java.base/java.lang.Thread.run(Thread.java:1583)
11:47:51.997 [Thread-4] ERROR com.charlessun.javaplcadapter.worker.impl.ConsumerWorkerImpl -- processingStrategy.process(record) 處理失敗: Processing failed
java.lang.RuntimeException: Processing failed
	at com.charlessun.javaplcadapter.worker.impl.ConsumerWorkerImpl.pollLoop(ConsumerWorkerImpl.java:53)
	at java.base/java.lang.Thread.run(Thread.java:1583)
11:47:51.997 [Thread-4] ERROR com.charlessun.javaplcadapter.worker.impl.ConsumerWorkerImpl -- processingStrategy.process(record) 處理失敗: Processing failed
java.lang.RuntimeException: Processing failed
	at com.charlessun.javaplcadapter.worker.impl.ConsumerWorkerImpl.pollLoop(ConsumerWorkerImpl.java:53)
	at java.base/java.lang.Thread.run(Thread.java:1583)
11:47:51.998 [Thread-4] ERROR com.charlessun.javaplcadapter.worker.impl.ConsumerWorkerImpl -- processingStrategy.process(record) 處理失敗: Processing failed
java.lang.RuntimeException: Processing failed
	at com.charlessun.javaplcadapter.worker.impl.ConsumerWorkerImpl.pollLoop(ConsumerWorkerImpl.java:53)
	at java.base/java.lang.Thread.run(Thread.java:1583)
11:47:51.998 [Thread-4] ERROR com.charlessun.javaplcadapter.worker.impl.ConsumerWorkerImpl -- processingStrategy.process(record) 處理失敗: Processing failed
java.lang.RuntimeException: Processing failed
	at com.charlessun.javaplcadapter.worker.impl.ConsumerWorkerImpl.pollLoop(ConsumerWorkerImpl.java:53)
	at java.base/java.lang.Thread.run(Thread.java:1583)
11:47:51.998 [Thread-4] ERROR com.charlessun.javaplcadapter.worker.impl.ConsumerWorkerImpl -- processingStrategy.process(record) 處理失敗: Processing failed
java.lang.RuntimeException: Processing failed
	at com.charlessun.javaplcadapter.worker.impl.ConsumerWorkerImpl.pollLoop(ConsumerWorkerImpl.java:53)
	at java.base/java.lang.Thread.run(Thread.java:1583)
11:47:51.998 [Thread-4] ERROR com.charlessun.javaplcadapter.worker.impl.ConsumerWorkerImpl -- processingStrategy.process(record) 處理失敗: Processing failed
java.lang.RuntimeException: Processing failed
	at com.charlessun.javaplcadapter.worker.impl.ConsumerWorkerImpl.pollLoop(ConsumerWorkerImpl.java:53)
	at java.base/java.lang.Thread.run(Thread.java:1583)
11:47:51.998 [Thread-4] ERROR com.charlessun.javaplcadapter.worker.impl.ConsumerWorkerImpl -- processingStrategy.process(record) 處理失敗: Processing failed
java.lang.RuntimeException: Processing failed
	at com.charlessun.javaplcadapter.worker.impl.ConsumerWorkerImpl.pollLoop(ConsumerWorkerImpl.java:53)
	at java.base/java.lang.Thread.run(Thread.java:1583)
11:47:51.998 [Thread-4] ERROR com.charlessun.javaplcadapter.worker.impl.ConsumerWorkerImpl -- processingStrategy.process(record) 處理失敗: Processing failed
java.lang.RuntimeException: Processing failed
	at com.charlessun.javaplcadapter.worker.impl.ConsumerWorkerImpl.pollLoop(ConsumerWorkerImpl.java:53)
	at java.base/java.lang.Thread.run(Thread.java:1583)
11:47:51.998 [Thread-4] ERROR com.charlessun.javaplcadapter.worker.impl.ConsumerWorkerImpl -- processingStrategy.process(record) 處理失敗: Processing failed
java.lang.RuntimeException: Processing failed
	at com.charlessun.javaplcadapter.worker.impl.ConsumerWorkerImpl.pollLoop(ConsumerWorkerImpl.java:53)
	at java.base/java.lang.Thread.run(Thread.java:1583)
11:47:51.998 [Thread-4] ERROR com.charlessun.javaplcadapter.worker.impl.ConsumerWorkerImpl -- processingStrategy.process(record) 處理失敗: Processing failed
java.lang.RuntimeException: Processing failed
	at com.charlessun.javaplcadapter.worker.impl.ConsumerWorkerImpl.pollLoop(ConsumerWorkerImpl.java:53)
	at java.base/java.lang.Thread.run(Thread.java:1583)
11:47:51.998 [Thread-4] ERROR com.charlessun.javaplcadapter.worker.impl.ConsumerWorkerImpl -- processingStrategy.process(record) 處理失敗: Processing failed
java.lang.RuntimeException: Processing failed
	at com.charlessun.javaplcadapter.worker.impl.ConsumerWorkerImpl.pollLoop(ConsumerWorkerImpl.java:53)
	at java.base/java.lang.Thread.run(Thread.java:1583)
11:47:51.998 [Thread-4] ERROR com.charlessun.javaplcadapter.worker.impl.ConsumerWorkerImpl -- processingStrategy.process(record) 處理失敗: Processing failed
java.lang.RuntimeException: Processing failed
	at com.charlessun.javaplcadapter.worker.impl.ConsumerWorkerImpl.pollLoop(ConsumerWorkerImpl.java:53)
	at java.base/java.lang.Thread.run(Thread.java:1583)
11:47:51.998 [Thread-4] ERROR com.charlessun.javaplcadapter.worker.impl.ConsumerWorkerImpl -- processingStrategy.process(record) 處理失敗: Processing failed
java.lang.RuntimeException: Processing failed
	at com.charlessun.javaplcadapter.worker.impl.ConsumerWorkerImpl.pollLoop(ConsumerWorkerImpl.java:53)
	at java.base/java.lang.Thread.run(Thread.java:1583)
11:47:51.998 [Thread-4] ERROR com.charlessun.javaplcadapter.worker.impl.ConsumerWorkerImpl -- processingStrategy.process(record) 處理失敗: Processing failed
java.lang.RuntimeException: Processing failed
	at com.charlessun.javaplcadapter.worker.impl.ConsumerWorkerImpl.pollLoop(ConsumerWorkerImpl.java:53)
	at java.base/java.lang.Thread.run(Thread.java:1583)
11:47:51.998 [Thread-4] ERROR com.charlessun.javaplcadapter.worker.impl.ConsumerWorkerImpl -- processingStrategy.process(record) 處理失敗: Processing failed
java.lang.RuntimeException: Processing failed
	at com.charlessun.javaplcadapter.worker.impl.ConsumerWorkerImpl.pollLoop(ConsumerWorkerImpl.java:53)
	at java.base/java.lang.Thread.run(Thread.java:1583)
11:47:51.999 [Thread-4] ERROR com.charlessun.javaplcadapter.worker.impl.ConsumerWorkerImpl -- processingStrategy.process(record) 處理失敗: Processing failed
java.lang.RuntimeException: Processing failed
	at com.charlessun.javaplcadapter.worker.impl.ConsumerWorkerImpl.pollLoop(ConsumerWorkerImpl.java:53)
	at java.base/java.lang.Thread.run(Thread.java:1583)
11:47:51.999 [Thread-4] ERROR com.charlessun.javaplcadapter.worker.impl.ConsumerWorkerImpl -- processingStrategy.process(record) 處理失敗: Processing failed
java.lang.RuntimeException: Processing failed
	at com.charlessun.javaplcadapter.worker.impl.ConsumerWorkerImpl.pollLoop(ConsumerWorkerImpl.java:53)
	at java.base/java.lang.Thread.run(Thread.java:1583)
11:47:51.999 [Thread-4] ERROR com.charlessun.javaplcadapter.worker.impl.ConsumerWorkerImpl -- processingStrategy.process(record) 處理失敗: Processing failed
java.lang.RuntimeException: Processing failed
	at com.charlessun.javaplcadapter.worker.impl.ConsumerWorkerImpl.pollLoop(ConsumerWorkerImpl.java:53)
	at java.base/java.lang.Thread.run(Thread.java:1583)
11:47:51.999 [Thread-4] ERROR com.charlessun.javaplcadapter.worker.impl.ConsumerWorkerImpl -- processingStrategy.process(record) 處理失敗: Processing failed
java.lang.RuntimeException: Processing failed
	at com.charlessun.javaplcadapter.worker.impl.ConsumerWorkerImpl.pollLoop(ConsumerWorkerImpl.java:53)
	at java.base/java.lang.Thread.run(Thread.java:1583)
11:47:51.999 [Thread-4] ERROR com.charlessun.javaplcadapter.worker.impl.ConsumerWorkerImpl -- processingStrategy.process(record) 處理失敗: Processing failed
java.lang.RuntimeException: Processing failed
	at com.charlessun.javaplcadapter.worker.impl.ConsumerWorkerImpl.pollLoop(ConsumerWorkerImpl.java:53)
	at java.base/java.lang.Thread.run(Thread.java:1583)
11:47:51.999 [Thread-4] ERROR com.charlessun.javaplcadapter.worker.impl.ConsumerWorkerImpl -- processingStrategy.process(record) 處理失敗: Processing failed
java.lang.RuntimeException: Processing failed
	at com.charlessun.javaplcadapter.worker.impl.ConsumerWorkerImpl.pollLoop(ConsumerWorkerImpl.java:53)
	at java.base/java.lang.Thread.run(Thread.java:1583)
11:47:51.999 [Thread-4] ERROR com.charlessun.javaplcadapter.worker.impl.ConsumerWorkerImpl -- processingStrategy.process(record) 處理失敗: Processing failed
java.lang.RuntimeException: Processing failed
	at com.charlessun.javaplcadapter.worker.impl.ConsumerWorkerImpl.pollLoop(ConsumerWorkerImpl.java:53)
	at java.base/java.lang.Thread.run(Thread.java:1583)
11:47:51.999 [Thread-4] ERROR com.charlessun.javaplcadapter.worker.impl.ConsumerWorkerImpl -- processingStrategy.process(record) 處理失敗: Processing failed
java.lang.RuntimeException: Processing failed
	at com.charlessun.javaplcadapter.worker.impl.ConsumerWorkerImpl.pollLoop(ConsumerWorkerImpl.java:53)
	at java.base/java.lang.Thread.run(Thread.java:1583)
11:47:51.999 [Thread-4] ERROR com.charlessun.javaplcadapter.worker.impl.ConsumerWorkerImpl -- processingStrategy.process(record) 處理失敗: Processing failed
java.lang.RuntimeException: Processing failed
	at com.charlessun.javaplcadapter.worker.impl.ConsumerWorkerImpl.pollLoop(ConsumerWorkerImpl.java:53)
	at java.base/java.lang.Thread.run(Thread.java:1583)
11:47:51.999 [Thread-4] ERROR com.charlessun.javaplcadapter.worker.impl.ConsumerWorkerImpl -- processingStrategy.process(record) 處理失敗: Processing failed
java.lang.RuntimeException: Processing failed
	at com.charlessun.javaplcadapter.worker.impl.ConsumerWorkerImpl.pollLoop(ConsumerWorkerImpl.java:53)
	at java.base/java.lang.Thread.run(Thread.java:1583)
11:47:51.999 [Thread-4] ERROR com.charlessun.javaplcadapter.worker.impl.ConsumerWorkerImpl -- processingStrategy.process(record) 處理失敗: Processing failed
java.lang.RuntimeException: Processing failed
	at com.charlessun.javaplcadapter.worker.impl.ConsumerWorkerImpl.pollLoop(ConsumerWorkerImpl.java:53)
	at java.base/java.lang.Thread.run(Thread.java:1583)
11:47:52.000 [Thread-4] ERROR com.charlessun.javaplcadapter.worker.impl.ConsumerWorkerImpl -- processingStrategy.process(record) 處理失敗: Processing failed
java.lang.RuntimeException: Processing failed
	at com.charlessun.javaplcadapter.worker.impl.ConsumerWorkerImpl.pollLoop(ConsumerWorkerImpl.java:53)
	at java.base/java.lang.Thread.run(Thread.java:1583)
11:47:52.000 [Thread-4] ERROR com.charlessun.javaplcadapter.worker.impl.ConsumerWorkerImpl -- processingStrategy.process(record) 處理失敗: Processing failed
java.lang.RuntimeException: Processing failed
	at com.charlessun.javaplcadapter.worker.impl.ConsumerWorkerImpl.pollLoop(ConsumerWorkerImpl.java:53)
	at java.base/java.lang.Thread.run(Thread.java:1583)
11:47:52.000 [Thread-4] ERROR com.charlessun.javaplcadapter.worker.impl.ConsumerWorkerImpl -- processingStrategy.process(record) 處理失敗: Processing failed
java.lang.RuntimeException: Processing failed
	at com.charlessun.javaplcadapter.worker.impl.ConsumerWorkerImpl.pollLoop(ConsumerWorkerImpl.java:53)
	at java.base/java.lang.Thread.run(Thread.java:1583)
11:47:52.000 [Thread-4] ERROR com.charlessun.javaplcadapter.worker.impl.ConsumerWorkerImpl -- processingStrategy.process(record) 處理失敗: Processing failed
java.lang.RuntimeException: Processing failed
	at com.charlessun.javaplcadapter.worker.impl.ConsumerWorkerImpl.pollLoop(ConsumerWorkerImpl.java:53)
	at java.base/java.lang.Thread.run(Thread.java:1583)
11:47:52.000 [Thread-4] ERROR com.charlessun.javaplcadapter.worker.impl.ConsumerWorkerImpl -- processingStrategy.process(record) 處理失敗: Processing failed
java.lang.RuntimeException: Processing failed
	at com.charlessun.javaplcadapter.worker.impl.ConsumerWorkerImpl.pollLoop(ConsumerWorkerImpl.java:53)
	at java.base/java.lang.Thread.run(Thread.java:1583)
11:47:52.000 [Thread-4] ERROR com.charlessun.javaplcadapter.worker.impl.ConsumerWorkerImpl -- processingStrategy.process(record) 處理失敗: Processing failed
java.lang.RuntimeException: Processing failed
	at com.charlessun.javaplcadapter.worker.impl.ConsumerWorkerImpl.pollLoop(ConsumerWorkerImpl.java:53)
	at java.base/java.lang.Thread.run(Thread.java:1583)
11:47:52.000 [Thread-4] ERROR com.charlessun.javaplcadapter.worker.impl.ConsumerWorkerImpl -- processingStrategy.process(record) 處理失敗: Processing failed
java.lang.RuntimeException: Processing failed
	at com.charlessun.javaplcadapter.worker.impl.ConsumerWorkerImpl.pollLoop(ConsumerWorkerImpl.java:53)
	at java.base/java.lang.Thread.run(Thread.java:1583)
11:47:52.000 [Thread-4] ERROR com.charlessun.javaplcadapter.worker.impl.ConsumerWorkerImpl -- processingStrategy.process(record) 處理失敗: Processing failed
java.lang.RuntimeException: Processing failed
	at com.charlessun.javaplcadapter.worker.impl.ConsumerWorkerImpl.pollLoop(ConsumerWorkerImpl.java:53)
	at java.base/java.lang.Thread.run(Thread.java:1583)
11:47:52.000 [Thread-4] ERROR com.charlessun.javaplcadapter.worker.impl.ConsumerWorkerImpl -- processingStrategy.process(record) 處理失敗: Processing failed
java.lang.RuntimeException: Processing failed
	at com.charlessun.javaplcadapter.worker.impl.ConsumerWorkerImpl.pollLoop(ConsumerWorkerImpl.java:53)
	at java.base/java.lang.Thread.run(Thread.java:1583)
11:47:52.001 [Thread-4] ERROR com.charlessun.javaplcadapter.worker.impl.ConsumerWorkerImpl -- processingStrategy.process(record) 處理失敗: Processing failed
java.lang.RuntimeException: Processing failed
	at com.charlessun.javaplcadapter.worker.impl.ConsumerWorkerImpl.pollLoop(ConsumerWorkerImpl.java:53)
	at java.base/java.lang.Thread.run(Thread.java:1583)
11:47:52.001 [Thread-4] ERROR com.charlessun.javaplcadapter.worker.impl.ConsumerWorkerImpl -- processingStrategy.process(record) 處理失敗: Processing failed
java.lang.RuntimeException: Processing failed
	at com.charlessun.javaplcadapter.worker.impl.ConsumerWorkerImpl.pollLoop(ConsumerWorkerImpl.java:53)
	at java.base/java.lang.Thread.run(Thread.java:1583)
11:47:52.001 [Thread-4] ERROR com.charlessun.javaplcadapter.worker.impl.ConsumerWorkerImpl -- processingStrategy.process(record) 處理失敗: Processing failed
java.lang.RuntimeException: Processing failed
	at com.charlessun.javaplcadapter.worker.impl.ConsumerWorkerImpl.pollLoop(ConsumerWorkerImpl.java:53)
	at java.base/java.lang.Thread.run(Thread.java:1583)
11:47:52.001 [Thread-4] ERROR com.charlessun.javaplcadapter.worker.impl.ConsumerWorkerImpl -- processingStrategy.process(record) 處理失敗: Processing failed
java.lang.RuntimeException: Processing failed
	at com.charlessun.javaplcadapter.worker.impl.ConsumerWorkerImpl.pollLoop(ConsumerWorkerImpl.java:53)
	at java.base/java.lang.Thread.run(Thread.java:1583)
11:47:52.001 [Thread-4] ERROR com.charlessun.javaplcadapter.worker.impl.ConsumerWorkerImpl -- processingStrategy.process(record) 處理失敗: Processing failed
java.lang.RuntimeException: Processing failed
	at com.charlessun.javaplcadapter.worker.impl.ConsumerWorkerImpl.pollLoop(ConsumerWorkerImpl.java:53)
	at java.base/java.lang.Thread.run(Thread.java:1583)
11:47:52.001 [Thread-4] ERROR com.charlessun.javaplcadapter.worker.impl.ConsumerWorkerImpl -- processingStrategy.process(record) 處理失敗: Processing failed
java.lang.RuntimeException: Processing failed
	at com.charlessun.javaplcadapter.worker.impl.ConsumerWorkerImpl.pollLoop(ConsumerWorkerImpl.java:53)
	at java.base/java.lang.Thread.run(Thread.java:1583)
11:47:52.001 [Thread-4] ERROR com.charlessun.javaplcadapter.worker.impl.ConsumerWorkerImpl -- processingStrategy.process(record) 處理失敗: Processing failed
java.lang.RuntimeException: Processing failed
	at com.charlessun.javaplcadapter.worker.impl.ConsumerWorkerImpl.pollLoop(ConsumerWorkerImpl.java:53)
	at java.base/java.lang.Thread.run(Thread.java:1583)
11:47:52.001 [Thread-4] ERROR com.charlessun.javaplcadapter.worker.impl.ConsumerWorkerImpl -- processingStrategy.process(record) 處理失敗: Processing failed
java.lang.RuntimeException: Processing failed
	at com.charlessun.javaplcadapter.worker.impl.ConsumerWorkerImpl.pollLoop(ConsumerWorkerImpl.java:53)
	at java.base/java.lang.Thread.run(Thread.java:1583)
11:47:52.001 [Thread-4] ERROR com.charlessun.javaplcadapter.worker.impl.ConsumerWorkerImpl -- processingStrategy.process(record) 處理失敗: Processing failed
java.lang.RuntimeException: Processing failed
	at com.charlessun.javaplcadapter.worker.impl.ConsumerWorkerImpl.pollLoop(ConsumerWorkerImpl.java:53)
	at java.base/java.lang.Thread.run(Thread.java:1583)
11:47:52.001 [Thread-4] ERROR com.charlessun.javaplcadapter.worker.impl.ConsumerWorkerImpl -- processingStrategy.process(record) 處理失敗: Processing failed
java.lang.RuntimeException: Processing failed
	at com.charlessun.javaplcadapter.worker.impl.ConsumerWorkerImpl.pollLoop(ConsumerWorkerImpl.java:53)
	at java.base/java.lang.Thread.run(Thread.java:1583)
11:47:52.002 [Thread-4] ERROR com.charlessun.javaplcadapter.worker.impl.ConsumerWorkerImpl -- processingStrategy.process(record) 處理失敗: Processing failed
java.lang.RuntimeException: Processing failed
	at com.charlessun.javaplcadapter.worker.impl.ConsumerWorkerImpl.pollLoop(ConsumerWorkerImpl.java:53)
	at java.base/java.lang.Thread.run(Thread.java:1583)
11:47:52.002 [Thread-4] ERROR com.charlessun.javaplcadapter.worker.impl.ConsumerWorkerImpl -- processingStrategy.process(record) 處理失敗: Processing failed
java.lang.RuntimeException: Processing failed
	at com.charlessun.javaplcadapter.worker.impl.ConsumerWorkerImpl.pollLoop(ConsumerWorkerImpl.java:53)
	at java.base/java.lang.Thread.run(Thread.java:1583)
11:47:52.002 [Thread-4] ERROR com.charlessun.javaplcadapter.worker.impl.ConsumerWorkerImpl -- processingStrategy.process(record) 處理失敗: Processing failed
java.lang.RuntimeException: Processing failed
	at com.charlessun.javaplcadapter.worker.impl.ConsumerWorkerImpl.pollLoop(ConsumerWorkerImpl.java:53)
	at java.base/java.lang.Thread.run(Thread.java:1583)
11:47:52.002 [Thread-4] ERROR com.charlessun.javaplcadapter.worker.impl.ConsumerWorkerImpl -- processingStrategy.process(record) 處理失敗: Processing failed
java.lang.RuntimeException: Processing failed
	at com.charlessun.javaplcadapter.worker.impl.ConsumerWorkerImpl.pollLoop(ConsumerWorkerImpl.java:53)
	at java.base/java.lang.Thread.run(Thread.java:1583)
11:47:52.002 [Thread-4] ERROR com.charlessun.javaplcadapter.worker.impl.ConsumerWorkerImpl -- processingStrategy.process(record) 處理失敗: Processing failed
java.lang.RuntimeException: Processing failed
	at com.charlessun.javaplcadapter.worker.impl.ConsumerWorkerImpl.pollLoop(ConsumerWorkerImpl.java:53)
	at java.base/java.lang.Thread.run(Thread.java:1583)
11:47:52.002 [Thread-4] ERROR com.charlessun.javaplcadapter.worker.impl.ConsumerWorkerImpl -- processingStrategy.process(record) 處理失敗: Processing failed
java.lang.RuntimeException: Processing failed
	at com.charlessun.javaplcadapter.worker.impl.ConsumerWorkerImpl.pollLoop(ConsumerWorkerImpl.java:53)
	at java.base/java.lang.Thread.run(Thread.java:1583)
11:47:52.002 [Thread-4] ERROR com.charlessun.javaplcadapter.worker.impl.ConsumerWorkerImpl -- processingStrategy.process(record) 處理失敗: Processing failed
java.lang.RuntimeException: Processing failed
	at com.charlessun.javaplcadapter.worker.impl.ConsumerWorkerImpl.pollLoop(ConsumerWorkerImpl.java:53)
	at java.base/java.lang.Thread.run(Thread.java:1583)
11:47:52.002 [Thread-4] ERROR com.charlessun.javaplcadapter.worker.impl.ConsumerWorkerImpl -- processingStrategy.process(record) 處理失敗: Processing failed
java.lang.RuntimeException: Processing failed
	at com.charlessun.javaplcadapter.worker.impl.ConsumerWorkerImpl.pollLoop(ConsumerWorkerImpl.java:53)
	at java.base/java.lang.Thread.run(Thread.java:1583)
11:47:52.002 [Thread-4] ERROR com.charlessun.javaplcadapter.worker.impl.ConsumerWorkerImpl -- processingStrategy.process(record) 處理失敗: Processing failed
java.lang.RuntimeException: Processing failed
	at com.charlessun.javaplcadapter.worker.impl.ConsumerWorkerImpl.pollLoop(ConsumerWorkerImpl.java:53)
	at java.base/java.lang.Thread.run(Thread.java:1583)
11:47:52.003 [Thread-4] ERROR com.charlessun.javaplcadapter.worker.impl.ConsumerWorkerImpl -- processingStrategy.process(record) 處理失敗: Processing failed
java.lang.RuntimeException: Processing failed
	at com.charlessun.javaplcadapter.worker.impl.ConsumerWorkerImpl.pollLoop(ConsumerWorkerImpl.java:53)
	at java.base/java.lang.Thread.run(Thread.java:1583)
11:47:52.003 [Thread-4] ERROR com.charlessun.javaplcadapter.worker.impl.ConsumerWorkerImpl -- processingStrategy.process(record) 處理失敗: Processing failed
java.lang.RuntimeException: Processing failed
	at com.charlessun.javaplcadapter.worker.impl.ConsumerWorkerImpl.pollLoop(ConsumerWorkerImpl.java:53)
	at java.base/java.lang.Thread.run(Thread.java:1583)
11:47:52.003 [Thread-4] ERROR com.charlessun.javaplcadapter.worker.impl.ConsumerWorkerImpl -- processingStrategy.process(record) 處理失敗: Processing failed
java.lang.RuntimeException: Processing failed
	at com.charlessun.javaplcadapter.worker.impl.ConsumerWorkerImpl.pollLoop(ConsumerWorkerImpl.java:53)
	at java.base/java.lang.Thread.run(Thread.java:1583)
11:47:52.003 [Thread-4] ERROR com.charlessun.javaplcadapter.worker.impl.ConsumerWorkerImpl -- processingStrategy.process(record) 處理失敗: Processing failed
java.lang.RuntimeException: Processing failed
	at com.charlessun.javaplcadapter.worker.impl.ConsumerWorkerImpl.pollLoop(ConsumerWorkerImpl.java:53)
	at java.base/java.lang.Thread.run(Thread.java:1583)
11:47:52.003 [Thread-4] ERROR com.charlessun.javaplcadapter.worker.impl.ConsumerWorkerImpl -- processingStrategy.process(record) 處理失敗: Processing failed
java.lang.RuntimeException: Processing failed
	at com.charlessun.javaplcadapter.worker.impl.ConsumerWorkerImpl.pollLoop(ConsumerWorkerImpl.java:53)
	at java.base/java.lang.Thread.run(Thread.java:1583)
11:47:52.003 [Thread-4] ERROR com.charlessun.javaplcadapter.worker.impl.ConsumerWorkerImpl -- processingStrategy.process(record) 處理失敗: Processing failed
java.lang.RuntimeException: Processing failed
	at com.charlessun.javaplcadapter.worker.impl.ConsumerWorkerImpl.pollLoop(ConsumerWorkerImpl.java:53)
	at java.base/java.lang.Thread.run(Thread.java:1583)
11:47:52.003 [Thread-4] ERROR com.charlessun.javaplcadapter.worker.impl.ConsumerWorkerImpl -- processingStrategy.process(record) 處理失敗: Processing failed
java.lang.RuntimeException: Processing failed
	at com.charlessun.javaplcadapter.worker.impl.ConsumerWorkerImpl.pollLoop(ConsumerWorkerImpl.java:53)
	at java.base/java.lang.Thread.run(Thread.java:1583)
11:47:52.003 [Thread-4] ERROR com.charlessun.javaplcadapter.worker.impl.ConsumerWorkerImpl -- processingStrategy.process(record) 處理失敗: Processing failed
java.lang.RuntimeException: Processing failed
	at com.charlessun.javaplcadapter.worker.impl.ConsumerWorkerImpl.pollLoop(ConsumerWorkerImpl.java:53)
	at java.base/java.lang.Thread.run(Thread.java:1583)
11:47:52.003 [Thread-4] ERROR com.charlessun.javaplcadapter.worker.impl.ConsumerWorkerImpl -- processingStrategy.process(record) 處理失敗: Processing failed
java.lang.RuntimeException: Processing failed
	at com.charlessun.javaplcadapter.worker.impl.ConsumerWorkerImpl.pollLoop(ConsumerWorkerImpl.java:53)
	at java.base/java.lang.Thread.run(Thread.java:1583)
11:47:52.003 [Thread-4] ERROR com.charlessun.javaplcadapter.worker.impl.ConsumerWorkerImpl -- processingStrategy.process(record) 處理失敗: Processing failed
java.lang.RuntimeException: Processing failed
	at com.charlessun.javaplcadapter.worker.impl.ConsumerWorkerImpl.pollLoop(ConsumerWorkerImpl.java:53)
	at java.base/java.lang.Thread.run(Thread.java:1583)
11:47:52.004 [Thread-4] ERROR com.charlessun.javaplcadapter.worker.impl.ConsumerWorkerImpl -- processingStrategy.process(record) 處理失敗: Processing failed
java.lang.RuntimeException: Processing failed
	at com.charlessun.javaplcadapter.worker.impl.ConsumerWorkerImpl.pollLoop(ConsumerWorkerImpl.java:53)
	at java.base/java.lang.Thread.run(Thread.java:1583)
11:47:52.004 [Thread-4] ERROR com.charlessun.javaplcadapter.worker.impl.ConsumerWorkerImpl -- processingStrategy.process(record) 處理失敗: Processing failed
java.lang.RuntimeException: Processing failed
	at com.charlessun.javaplcadapter.worker.impl.ConsumerWorkerImpl.pollLoop(ConsumerWorkerImpl.java:53)
	at java.base/java.lang.Thread.run(Thread.java:1583)
11:47:52.004 [Thread-4] ERROR com.charlessun.javaplcadapter.worker.impl.ConsumerWorkerImpl -- processingStrategy.process(record) 處理失敗: Processing failed
java.lang.RuntimeException: Processing failed
	at com.charlessun.javaplcadapter.worker.impl.ConsumerWorkerImpl.pollLoop(ConsumerWorkerImpl.java:53)
	at java.base/java.lang.Thread.run(Thread.java:1583)
11:47:52.004 [Thread-4] ERROR com.charlessun.javaplcadapter.worker.impl.ConsumerWorkerImpl -- processingStrategy.process(record) 處理失敗: Processing failed
java.lang.RuntimeException: Processing failed
	at com.charlessun.javaplcadapter.worker.impl.ConsumerWorkerImpl.pollLoop(ConsumerWorkerImpl.java:53)
	at java.base/java.lang.Thread.run(Thread.java:1583)
11:47:52.004 [Thread-4] ERROR com.charlessun.javaplcadapter.worker.impl.ConsumerWorkerImpl -- processingStrategy.process(record) 處理失敗: Processing failed
java.lang.RuntimeException: Processing failed
	at com.charlessun.javaplcadapter.worker.impl.ConsumerWorkerImpl.pollLoop(ConsumerWorkerImpl.java:53)
	at java.base/java.lang.Thread.run(Thread.java:1583)
11:47:52.004 [Thread-4] ERROR com.charlessun.javaplcadapter.worker.impl.ConsumerWorkerImpl -- processingStrategy.process(record) 處理失敗: Processing failed
java.lang.RuntimeException: Processing failed
	at com.charlessun.javaplcadapter.worker.impl.ConsumerWorkerImpl.pollLoop(ConsumerWorkerImpl.java:53)
	at java.base/java.lang.Thread.run(Thread.java:1583)
11:47:52.004 [Thread-4] ERROR com.charlessun.javaplcadapter.worker.impl.ConsumerWorkerImpl -- processingStrategy.process(record) 處理失敗: Processing failed
java.lang.RuntimeException: Processing failed
	at com.charlessun.javaplcadapter.worker.impl.ConsumerWorkerImpl.pollLoop(ConsumerWorkerImpl.java:53)
	at java.base/java.lang.Thread.run(Thread.java:1583)
11:47:52.004 [Thread-4] ERROR com.charlessun.javaplcadapter.worker.impl.ConsumerWorkerImpl -- processingStrategy.process(record) 處理失敗: Processing failed
java.lang.RuntimeException: Processing failed
	at com.charlessun.javaplcadapter.worker.impl.ConsumerWorkerImpl.pollLoop(ConsumerWorkerImpl.java:53)
	at java.base/java.lang.Thread.run(Thread.java:1583)
11:47:52.004 [Thread-4] ERROR com.charlessun.javaplcadapter.worker.impl.ConsumerWorkerImpl -- processingStrategy.process(record) 處理失敗: Processing failed
java.lang.RuntimeException: Processing failed
	at com.charlessun.javaplcadapter.worker.impl.ConsumerWorkerImpl.pollLoop(ConsumerWorkerImpl.java:53)
	at java.base/java.lang.Thread.run(Thread.java:1583)
11:47:52.004 [Thread-4] ERROR com.charlessun.javaplcadapter.worker.impl.ConsumerWorkerImpl -- processingStrategy.process(record) 處理失敗: Processing failed
java.lang.RuntimeException: Processing failed
	at com.charlessun.javaplcadapter.worker.impl.ConsumerWorkerImpl.pollLoop(ConsumerWorkerImpl.java:53)
	at java.base/java.lang.Thread.run(Thread.java:1583)
11:47:52.004 [Thread-4] ERROR com.charlessun.javaplcadapter.worker.impl.ConsumerWorkerImpl -- processingStrategy.process(record) 處理失敗: Processing failed
java.lang.RuntimeException: Processing failed
	at com.charlessun.javaplcadapter.worker.impl.ConsumerWorkerImpl.pollLoop(ConsumerWorkerImpl.java:53)
	at java.base/java.lang.Thread.run(Thread.java:1583)
11:47:52.005 [Thread-4] ERROR com.charlessun.javaplcadapter.worker.impl.ConsumerWorkerImpl -- processingStrategy.process(record) 處理失敗: Processing failed
java.lang.RuntimeException: Processing failed
	at com.charlessun.javaplcadapter.worker.impl.ConsumerWorkerImpl.pollLoop(ConsumerWorkerImpl.java:53)
	at java.base/java.lang.Thread.run(Thread.java:1583)
11:47:52.005 [Thread-4] ERROR com.charlessun.javaplcadapter.worker.impl.ConsumerWorkerImpl -- processingStrategy.process(record) 處理失敗: Processing failed
java.lang.RuntimeException: Processing failed
	at com.charlessun.javaplcadapter.worker.impl.ConsumerWorkerImpl.pollLoop(ConsumerWorkerImpl.java:53)
	at java.base/java.lang.Thread.run(Thread.java:1583)
11:47:52.005 [Thread-4] ERROR com.charlessun.javaplcadapter.worker.impl.ConsumerWorkerImpl -- processingStrategy.process(record) 處理失敗: Processing failed
java.lang.RuntimeException: Processing failed
	at com.charlessun.javaplcadapter.worker.impl.ConsumerWorkerImpl.pollLoop(ConsumerWorkerImpl.java:53)
	at java.base/java.lang.Thread.run(Thread.java:1583)
11:47:52.005 [Thread-4] ERROR com.charlessun.javaplcadapter.worker.impl.ConsumerWorkerImpl -- processingStrategy.process(record) 處理失敗: Processing failed
java.lang.RuntimeException: Processing failed
	at com.charlessun.javaplcadapter.worker.impl.ConsumerWorkerImpl.pollLoop(ConsumerWorkerImpl.java:53)
	at java.base/java.lang.Thread.run(Thread.java:1583)
11:47:52.005 [Thread-4] ERROR com.charlessun.javaplcadapter.worker.impl.ConsumerWorkerImpl -- processingStrategy.process(record) 處理失敗: Processing failed
java.lang.RuntimeException: Processing failed
	at com.charlessun.javaplcadapter.worker.impl.ConsumerWorkerImpl.pollLoop(ConsumerWorkerImpl.java:53)
	at java.base/java.lang.Thread.run(Thread.java:1583)
11:47:52.005 [Thread-4] ERROR com.charlessun.javaplcadapter.worker.impl.ConsumerWorkerImpl -- processingStrategy.process(record) 處理失敗: Processing failed
java.lang.RuntimeException: Processing failed
	at com.charlessun.javaplcadapter.worker.impl.ConsumerWorkerImpl.pollLoop(ConsumerWorkerImpl.java:53)
	at java.base/java.lang.Thread.run(Thread.java:1583)
11:47:52.005 [Thread-4] ERROR com.charlessun.javaplcadapter.worker.impl.ConsumerWorkerImpl -- processingStrategy.process(record) 處理失敗: Processing failed
java.lang.RuntimeException: Processing failed
	at com.charlessun.javaplcadapter.worker.impl.ConsumerWorkerImpl.pollLoop(ConsumerWorkerImpl.java:53)
	at java.base/java.lang.Thread.run(Thread.java:1583)
11:47:52.005 [Thread-4] ERROR com.charlessun.javaplcadapter.worker.impl.ConsumerWorkerImpl -- processingStrategy.process(record) 處理失敗: Processing failed
java.lang.RuntimeException: Processing failed
	at com.charlessun.javaplcadapter.worker.impl.ConsumerWorkerImpl.pollLoop(ConsumerWorkerImpl.java:53)
	at java.base/java.lang.Thread.run(Thread.java:1583)
11:47:52.005 [Thread-4] ERROR com.charlessun.javaplcadapter.worker.impl.ConsumerWorkerImpl -- processingStrategy.process(record) 處理失敗: Processing failed
java.lang.RuntimeException: Processing failed
	at com.charlessun.javaplcadapter.worker.impl.ConsumerWorkerImpl.pollLoop(ConsumerWorkerImpl.java:53)
	at java.base/java.lang.Thread.run(Thread.java:1583)
11:47:52.006 [Thread-4] ERROR com.charlessun.javaplcadapter.worker.impl.ConsumerWorkerImpl -- processingStrategy.process(record) 處理失敗: Processing failed
java.lang.RuntimeException: Processing failed
	at com.charlessun.javaplcadapter.worker.impl.ConsumerWorkerImpl.pollLoop(ConsumerWorkerImpl.java:53)
	at java.base/java.lang.Thread.run(Thread.java:1583)
11:47:52.006 [Thread-4] ERROR com.charlessun.javaplcadapter.worker.impl.ConsumerWorkerImpl -- processingStrategy.process(record) 處理失敗: Processing failed
java.lang.RuntimeException: Processing failed
	at com.charlessun.javaplcadapter.worker.impl.ConsumerWorkerImpl.pollLoop(ConsumerWorkerImpl.java:53)
	at java.base/java.lang.Thread.run(Thread.java:1583)
11:47:52.006 [Thread-4] ERROR com.charlessun.javaplcadapter.worker.impl.ConsumerWorkerImpl -- processingStrategy.process(record) 處理失敗: Processing failed
java.lang.RuntimeException: Processing failed
	at com.charlessun.javaplcadapter.worker.impl.ConsumerWorkerImpl.pollLoop(ConsumerWorkerImpl.java:53)
	at java.base/java.lang.Thread.run(Thread.java:1583)
11:47:52.006 [Thread-4] ERROR com.charlessun.javaplcadapter.worker.impl.ConsumerWorkerImpl -- processingStrategy.process(record) 處理失敗: Processing failed
java.lang.RuntimeException: Processing failed
	at com.charlessun.javaplcadapter.worker.impl.ConsumerWorkerImpl.pollLoop(ConsumerWorkerImpl.java:53)
	at java.base/java.lang.Thread.run(Thread.java:1583)
11:47:52.006 [Thread-4] ERROR com.charlessun.javaplcadapter.worker.impl.ConsumerWorkerImpl -- processingStrategy.process(record) 處理失敗: Processing failed
java.lang.RuntimeException: Processing failed
	at com.charlessun.javaplcadapter.worker.impl.ConsumerWorkerImpl.pollLoop(ConsumerWorkerImpl.java:53)
	at java.base/java.lang.Thread.run(Thread.java:1583)
11:47:52.006 [Thread-4] ERROR com.charlessun.javaplcadapter.worker.impl.ConsumerWorkerImpl -- processingStrategy.process(record) 處理失敗: Processing failed
java.lang.RuntimeException: Processing failed
	at com.charlessun.javaplcadapter.worker.impl.ConsumerWorkerImpl.pollLoop(ConsumerWorkerImpl.java:53)
	at java.base/java.lang.Thread.run(Thread.java:1583)
11:47:52.006 [Thread-4] ERROR com.charlessun.javaplcadapter.worker.impl.ConsumerWorkerImpl -- processingStrategy.process(record) 處理失敗: Processing failed
java.lang.RuntimeException: Processing failed
	at com.charlessun.javaplcadapter.worker.impl.ConsumerWorkerImpl.pollLoop(ConsumerWorkerImpl.java:53)
	at java.base/java.lang.Thread.run(Thread.java:1583)
11:47:52.006 [Thread-4] ERROR com.charlessun.javaplcadapter.worker.impl.ConsumerWorkerImpl -- processingStrategy.process(record) 處理失敗: Processing failed
java.lang.RuntimeException: Processing failed
	at com.charlessun.javaplcadapter.worker.impl.ConsumerWorkerImpl.pollLoop(ConsumerWorkerImpl.java:53)
	at java.base/java.lang.Thread.run(Thread.java:1583)
11:47:52.006 [Thread-4] ERROR com.charlessun.javaplcadapter.worker.impl.ConsumerWorkerImpl -- processingStrategy.process(record) 處理失敗: Processing failed
java.lang.RuntimeException: Processing failed
	at com.charlessun.javaplcadapter.worker.impl.ConsumerWorkerImpl.pollLoop(ConsumerWorkerImpl.java:53)
	at java.base/java.lang.Thread.run(Thread.java:1583)
11:47:52.006 [Thread-4] ERROR com.charlessun.javaplcadapter.worker.impl.ConsumerWorkerImpl -- processingStrategy.process(record) 處理失敗: Processing failed
java.lang.RuntimeException: Processing failed
	at com.charlessun.javaplcadapter.worker.impl.ConsumerWorkerImpl.pollLoop(ConsumerWorkerImpl.java:53)
	at java.base/java.lang.Thread.run(Thread.java:1583)
11:47:52.006 [Thread-4] ERROR com.charlessun.javaplcadapter.worker.impl.ConsumerWorkerImpl -- processingStrategy.process(record) 處理失敗: Processing failed
java.lang.RuntimeException: Processing failed
	at com.charlessun.javaplcadapter.worker.impl.ConsumerWorkerImpl.pollLoop(ConsumerWorkerImpl.java:53)
	at java.base/java.lang.Thread.run(Thread.java:1583)
11:47:52.007 [Thread-4] ERROR com.charlessun.javaplcadapter.worker.impl.ConsumerWorkerImpl -- processingStrategy.process(record) 處理失敗: Processing failed
java.lang.RuntimeException: Processing failed
	at com.charlessun.javaplcadapter.worker.impl.ConsumerWorkerImpl.pollLoop(ConsumerWorkerImpl.java:53)
	at java.base/java.lang.Thread.run(Thread.java:1583)
11:47:52.007 [Thread-4] ERROR com.charlessun.javaplcadapter.worker.impl.ConsumerWorkerImpl -- processingStrategy.process(record) 處理失敗: Processing failed
java.lang.RuntimeException: Processing failed
	at com.charlessun.javaplcadapter.worker.impl.ConsumerWorkerImpl.pollLoop(ConsumerWorkerImpl.java:53)
	at java.base/java.lang.Thread.run(Thread.java:1583)
11:47:52.007 [Thread-4] ERROR com.charlessun.javaplcadapter.worker.impl.ConsumerWorkerImpl -- processingStrategy.process(record) 處理失敗: Processing failed
java.lang.RuntimeException: Processing failed
	at com.charlessun.javaplcadapter.worker.impl.ConsumerWorkerImpl.pollLoop(ConsumerWorkerImpl.java:53)
	at java.base/java.lang.Thread.run(Thread.java:1583)
11:47:52.007 [Thread-4] ERROR com.charlessun.javaplcadapter.worker.impl.ConsumerWorkerImpl -- processingStrategy.process(record) 處理失敗: Processing failed
java.lang.RuntimeException: Processing failed
	at com.charlessun.javaplcadapter.worker.impl.ConsumerWorkerImpl.pollLoop(ConsumerWorkerImpl.java:53)
	at java.base/java.lang.Thread.run(Thread.java:1583)
11:47:52.007 [Thread-4] ERROR com.charlessun.javaplcadapter.worker.impl.ConsumerWorkerImpl -- processingStrategy.process(record) 處理失敗: Processing failed
java.lang.RuntimeException: Processing failed
	at com.charlessun.javaplcadapter.worker.impl.ConsumerWorkerImpl.pollLoop(ConsumerWorkerImpl.java:53)
	at java.base/java.lang.Thread.run(Thread.java:1583)
11:47:52.008 [Thread-4] ERROR com.charlessun.javaplcadapter.worker.impl.ConsumerWorkerImpl -- processingStrategy.process(record) 處理失敗: Processing failed
java.lang.RuntimeException: Processing failed
	at com.charlessun.javaplcadapter.worker.impl.ConsumerWorkerImpl.pollLoop(ConsumerWorkerImpl.java:53)
	at java.base/java.lang.Thread.run(Thread.java:1583)
11:47:52.008 [Thread-4] ERROR com.charlessun.javaplcadapter.worker.impl.ConsumerWorkerImpl -- processingStrategy.process(record) 處理失敗: Processing failed
java.lang.RuntimeException: Processing failed
	at com.charlessun.javaplcadapter.worker.impl.ConsumerWorkerImpl.pollLoop(ConsumerWorkerImpl.java:53)
	at java.base/java.lang.Thread.run(Thread.java:1583)
11:47:52.008 [Thread-4] ERROR com.charlessun.javaplcadapter.worker.impl.ConsumerWorkerImpl -- processingStrategy.process(record) 處理失敗: Processing failed
java.lang.RuntimeException: Processing failed
	at com.charlessun.javaplcadapter.worker.impl.ConsumerWorkerImpl.pollLoop(ConsumerWorkerImpl.java:53)
	at java.base/java.lang.Thread.run(Thread.java:1583)
11:47:52.008 [Thread-4] ERROR com.charlessun.javaplcadapter.worker.impl.ConsumerWorkerImpl -- processingStrategy.process(record) 處理失敗: Processing failed
java.lang.RuntimeException: Processing failed
	at com.charlessun.javaplcadapter.worker.impl.ConsumerWorkerImpl.pollLoop(ConsumerWorkerImpl.java:53)
	at java.base/java.lang.Thread.run(Thread.java:1583)
11:47:52.008 [Thread-4] ERROR com.charlessun.javaplcadapter.worker.impl.ConsumerWorkerImpl -- processingStrategy.process(record) 處理失敗: Processing failed
java.lang.RuntimeException: Processing failed
	at com.charlessun.javaplcadapter.worker.impl.ConsumerWorkerImpl.pollLoop(ConsumerWorkerImpl.java:53)
	at java.base/java.lang.Thread.run(Thread.java:1583)
11:47:52.008 [Thread-4] ERROR com.charlessun.javaplcadapter.worker.impl.ConsumerWorkerImpl -- processingStrategy.process(record) 處理失敗: Processing failed
java.lang.RuntimeException: Processing failed
	at com.charlessun.javaplcadapter.worker.impl.ConsumerWorkerImpl.pollLoop(ConsumerWorkerImpl.java:53)
	at java.base/java.lang.Thread.run(Thread.java:1583)
11:47:52.008 [Thread-4] ERROR com.charlessun.javaplcadapter.worker.impl.ConsumerWorkerImpl -- processingStrategy.process(record) 處理失敗: Processing failed
java.lang.RuntimeException: Processing failed
	at com.charlessun.javaplcadapter.worker.impl.ConsumerWorkerImpl.pollLoop(ConsumerWorkerImpl.java:53)
	at java.base/java.lang.Thread.run(Thread.java:1583)
11:47:52.008 [Thread-4] ERROR com.charlessun.javaplcadapter.worker.impl.ConsumerWorkerImpl -- processingStrategy.process(record) 處理失敗: Processing failed
java.lang.RuntimeException: Processing failed
	at com.charlessun.javaplcadapter.worker.impl.ConsumerWorkerImpl.pollLoop(ConsumerWorkerImpl.java:53)
	at java.base/java.lang.Thread.run(Thread.java:1583)
11:47:52.009 [Thread-4] ERROR com.charlessun.javaplcadapter.worker.impl.ConsumerWorkerImpl -- processingStrategy.process(record) 處理失敗: Processing failed
java.lang.RuntimeException: Processing failed
	at com.charlessun.javaplcadapter.worker.impl.ConsumerWorkerImpl.pollLoop(ConsumerWorkerImpl.java:53)
	at java.base/java.lang.Thread.run(Thread.java:1583)
11:47:52.009 [Thread-4] ERROR com.charlessun.javaplcadapter.worker.impl.ConsumerWorkerImpl -- processingStrategy.process(record) 處理失敗: Processing failed
java.lang.RuntimeException: Processing failed
	at com.charlessun.javaplcadapter.worker.impl.ConsumerWorkerImpl.pollLoop(ConsumerWorkerImpl.java:53)
	at java.base/java.lang.Thread.run(Thread.java:1583)
11:47:52.009 [Thread-4] ERROR com.charlessun.javaplcadapter.worker.impl.ConsumerWorkerImpl -- processingStrategy.process(record) 處理失敗: Processing failed
java.lang.RuntimeException: Processing failed
	at com.charlessun.javaplcadapter.worker.impl.ConsumerWorkerImpl.pollLoop(ConsumerWorkerImpl.java:53)
	at java.base/java.lang.Thread.run(Thread.java:1583)
11:47:52.009 [Thread-4] ERROR com.charlessun.javaplcadapter.worker.impl.ConsumerWorkerImpl -- processingStrategy.process(record) 處理失敗: Processing failed
java.lang.RuntimeException: Processing failed
	at com.charlessun.javaplcadapter.worker.impl.ConsumerWorkerImpl.pollLoop(ConsumerWorkerImpl.java:53)
	at java.base/java.lang.Thread.run(Thread.java:1583)
11:47:52.009 [Thread-4] ERROR com.charlessun.javaplcadapter.worker.impl.ConsumerWorkerImpl -- processingStrategy.process(record) 處理失敗: Processing failed
java.lang.RuntimeException: Processing failed
	at com.charlessun.javaplcadapter.worker.impl.ConsumerWorkerImpl.pollLoop(ConsumerWorkerImpl.java:53)
	at java.base/java.lang.Thread.run(Thread.java:1583)
11:47:52.009 [Thread-4] ERROR com.charlessun.javaplcadapter.worker.impl.ConsumerWorkerImpl -- processingStrategy.process(record) 處理失敗: Processing failed
java.lang.RuntimeException: Processing failed
	at com.charlessun.javaplcadapter.worker.impl.ConsumerWorkerImpl.pollLoop(ConsumerWorkerImpl.java:53)
	at java.base/java.lang.Thread.run(Thread.java:1583)
11:47:52.009 [Thread-4] ERROR com.charlessun.javaplcadapter.worker.impl.ConsumerWorkerImpl -- processingStrategy.process(record) 處理失敗: Processing failed
java.lang.RuntimeException: Processing failed
	at com.charlessun.javaplcadapter.worker.impl.ConsumerWorkerImpl.pollLoop(ConsumerWorkerImpl.java:53)
	at java.base/java.lang.Thread.run(Thread.java:1583)
11:47:52.009 [Thread-4] ERROR com.charlessun.javaplcadapter.worker.impl.ConsumerWorkerImpl -- processingStrategy.process(record) 處理失敗: Processing failed
java.lang.RuntimeException: Processing failed
	at com.charlessun.javaplcadapter.worker.impl.ConsumerWorkerImpl.pollLoop(ConsumerWorkerImpl.java:53)
	at java.base/java.lang.Thread.run(Thread.java:1583)
11:47:52.010 [Thread-4] ERROR com.charlessun.javaplcadapter.worker.impl.ConsumerWorkerImpl -- processingStrategy.process(record) 處理失敗: Processing failed
java.lang.RuntimeException: Processing failed
	at com.charlessun.javaplcadapter.worker.impl.ConsumerWorkerImpl.pollLoop(ConsumerWorkerImpl.java:53)
	at java.base/java.lang.Thread.run(Thread.java:1583)
11:47:52.010 [Thread-4] ERROR com.charlessun.javaplcadapter.worker.impl.ConsumerWorkerImpl -- processingStrategy.process(record) 處理失敗: Processing failed
java.lang.RuntimeException: Processing failed
	at com.charlessun.javaplcadapter.worker.impl.ConsumerWorkerImpl.pollLoop(ConsumerWorkerImpl.java:53)
	at java.base/java.lang.Thread.run(Thread.java:1583)
11:47:52.010 [Thread-4] ERROR com.charlessun.javaplcadapter.worker.impl.ConsumerWorkerImpl -- processingStrategy.process(record) 處理失敗: Processing failed
java.lang.RuntimeException: Processing failed
	at com.charlessun.javaplcadapter.worker.impl.ConsumerWorkerImpl.pollLoop(ConsumerWorkerImpl.java:53)
	at java.base/java.lang.Thread.run(Thread.java:1583)
11:47:52.010 [Thread-4] ERROR com.charlessun.javaplcadapter.worker.impl.ConsumerWorkerImpl -- processingStrategy.process(record) 處理失敗: Processing failed
java.lang.RuntimeException: Processing failed
	at com.charlessun.javaplcadapter.worker.impl.ConsumerWorkerImpl.pollLoop(ConsumerWorkerImpl.java:53)
	at java.base/java.lang.Thread.run(Thread.java:1583)
11:47:52.010 [Thread-4] ERROR com.charlessun.javaplcadapter.worker.impl.ConsumerWorkerImpl -- processingStrategy.process(record) 處理失敗: Processing failed
java.lang.RuntimeException: Processing failed
	at com.charlessun.javaplcadapter.worker.impl.ConsumerWorkerImpl.pollLoop(ConsumerWorkerImpl.java:53)
	at java.base/java.lang.Thread.run(Thread.java:1583)
11:47:52.010 [Thread-4] ERROR com.charlessun.javaplcadapter.worker.impl.ConsumerWorkerImpl -- processingStrategy.process(record) 處理失敗: Processing failed
java.lang.RuntimeException: Processing failed
	at com.charlessun.javaplcadapter.worker.impl.ConsumerWorkerImpl.pollLoop(ConsumerWorkerImpl.java:53)
	at java.base/java.lang.Thread.run(Thread.java:1583)
11:47:52.011 [Thread-4] ERROR com.charlessun.javaplcadapter.worker.impl.ConsumerWorkerImpl -- processingStrategy.process(record) 處理失敗: Processing failed
java.lang.RuntimeException: Processing failed
	at com.charlessun.javaplcadapter.worker.impl.ConsumerWorkerImpl.pollLoop(ConsumerWorkerImpl.java:53)
	at java.base/java.lang.Thread.run(Thread.java:1583)
11:47:52.011 [Thread-4] ERROR com.charlessun.javaplcadapter.worker.impl.ConsumerWorkerImpl -- processingStrategy.process(record) 處理失敗: Processing failed
java.lang.RuntimeException: Processing failed
	at com.charlessun.javaplcadapter.worker.impl.ConsumerWorkerImpl.pollLoop(ConsumerWorkerImpl.java:53)
	at java.base/java.lang.Thread.run(Thread.java:1583)
11:47:52.011 [Thread-4] ERROR com.charlessun.javaplcadapter.worker.impl.ConsumerWorkerImpl -- processingStrategy.process(record) 處理失敗: Processing failed
java.lang.RuntimeException: Processing failed
	at com.charlessun.javaplcadapter.worker.impl.ConsumerWorkerImpl.pollLoop(ConsumerWorkerImpl.java:53)
	at java.base/java.lang.Thread.run(Thread.java:1583)
11:47:52.011 [Thread-4] ERROR com.charlessun.javaplcadapter.worker.impl.ConsumerWorkerImpl -- processingStrategy.process(record) 處理失敗: Processing failed
java.lang.RuntimeException: Processing failed
	at com.charlessun.javaplcadapter.worker.impl.ConsumerWorkerImpl.pollLoop(ConsumerWorkerImpl.java:53)
	at java.base/java.lang.Thread.run(Thread.java:1583)
11:47:52.011 [Thread-4] ERROR com.charlessun.javaplcadapter.worker.impl.ConsumerWorkerImpl -- processingStrategy.process(record) 處理失敗: Processing failed
java.lang.RuntimeException: Processing failed
	at com.charlessun.javaplcadapter.worker.impl.ConsumerWorkerImpl.pollLoop(ConsumerWorkerImpl.java:53)
	at java.base/java.lang.Thread.run(Thread.java:1583)
11:47:52.012 [Thread-4] ERROR com.charlessun.javaplcadapter.worker.impl.ConsumerWorkerImpl -- processingStrategy.process(record) 處理失敗: Processing failed
java.lang.RuntimeException: Processing failed
	at com.charlessun.javaplcadapter.worker.impl.ConsumerWorkerImpl.pollLoop(ConsumerWorkerImpl.java:53)
	at java.base/java.lang.Thread.run(Thread.java:1583)
11:47:52.012 [Thread-4] ERROR com.charlessun.javaplcadapter.worker.impl.ConsumerWorkerImpl -- processingStrategy.process(record) 處理失敗: Processing failed
java.lang.RuntimeException: Processing failed
	at com.charlessun.javaplcadapter.worker.impl.ConsumerWorkerImpl.pollLoop(ConsumerWorkerImpl.java:53)
	at java.base/java.lang.Thread.run(Thread.java:1583)
11:47:52.012 [Thread-4] ERROR com.charlessun.javaplcadapter.worker.impl.ConsumerWorkerImpl -- processingStrategy.process(record) 處理失敗: Processing failed
java.lang.RuntimeException: Processing failed
	at com.charlessun.javaplcadapter.worker.impl.ConsumerWorkerImpl.pollLoop(ConsumerWorkerImpl.java:53)
	at java.base/java.lang.Thread.run(Thread.java:1583)
11:47:52.012 [Thread-4] ERROR com.charlessun.javaplcadapter.worker.impl.ConsumerWorkerImpl -- processingStrategy.process(record) 處理失敗: Processing failed
java.lang.RuntimeException: Processing failed
	at com.charlessun.javaplcadapter.worker.impl.ConsumerWorkerImpl.pollLoop(ConsumerWorkerImpl.java:53)
	at java.base/java.lang.Thread.run(Thread.java:1583)
11:47:52.013 [Thread-4] ERROR com.charlessun.javaplcadapter.worker.impl.ConsumerWorkerImpl -- processingStrategy.process(record) 處理失敗: Processing failed
java.lang.RuntimeException: Processing failed
	at com.charlessun.javaplcadapter.worker.impl.ConsumerWorkerImpl.pollLoop(ConsumerWorkerImpl.java:53)
	at java.base/java.lang.Thread.run(Thread.java:1583)
11:47:52.013 [Thread-4] ERROR com.charlessun.javaplcadapter.worker.impl.ConsumerWorkerImpl -- processingStrategy.process(record) 處理失敗: Processing failed
java.lang.RuntimeException: Processing failed
	at com.charlessun.javaplcadapter.worker.impl.ConsumerWorkerImpl.pollLoop(ConsumerWorkerImpl.java:53)
	at java.base/java.lang.Thread.run(Thread.java:1583)
11:47:52.013 [Thread-4] ERROR com.charlessun.javaplcadapter.worker.impl.ConsumerWorkerImpl -- processingStrategy.process(record) 處理失敗: Processing failed
java.lang.RuntimeException: Processing failed
	at com.charlessun.javaplcadapter.worker.impl.ConsumerWorkerImpl.pollLoop(ConsumerWorkerImpl.java:53)
	at java.base/java.lang.Thread.run(Thread.java:1583)
11:47:52.013 [Thread-4] ERROR com.charlessun.javaplcadapter.worker.impl.ConsumerWorkerImpl -- processingStrategy.process(record) 處理失敗: Processing failed
java.lang.RuntimeException: Processing failed
	at com.charlessun.javaplcadapter.worker.impl.ConsumerWorkerImpl.pollLoop(ConsumerWorkerImpl.java:53)
	at java.base/java.lang.Thread.run(Thread.java:1583)
11:47:52.013 [Thread-4] ERROR com.charlessun.javaplcadapter.worker.impl.ConsumerWorkerImpl -- processingStrategy.process(record) 處理失敗: Processing failed
java.lang.RuntimeException: Processing failed
	at com.charlessun.javaplcadapter.worker.impl.ConsumerWorkerImpl.pollLoop(ConsumerWorkerImpl.java:53)
	at java.base/java.lang.Thread.run(Thread.java:1583)
11:47:52.013 [Thread-4] ERROR com.charlessun.javaplcadapter.worker.impl.ConsumerWorkerImpl -- processingStrategy.process(record) 處理失敗: Processing failed
java.lang.RuntimeException: Processing failed
	at com.charlessun.javaplcadapter.worker.impl.ConsumerWorkerImpl.pollLoop(ConsumerWorkerImpl.java:53)
	at java.base/java.lang.Thread.run(Thread.java:1583)
11:47:52.014 [Thread-4] ERROR com.charlessun.javaplcadapter.worker.impl.ConsumerWorkerImpl -- processingStrategy.process(record) 處理失敗: Processing failed
java.lang.RuntimeException: Processing failed
	at com.charlessun.javaplcadapter.worker.impl.ConsumerWorkerImpl.pollLoop(ConsumerWorkerImpl.java:53)
	at java.base/java.lang.Thread.run(Thread.java:1583)
11:47:52.014 [Thread-4] ERROR com.charlessun.javaplcadapter.worker.impl.ConsumerWorkerImpl -- processingStrategy.process(record) 處理失敗: Processing failed
java.lang.RuntimeException: Processing failed
	at com.charlessun.javaplcadapter.worker.impl.ConsumerWorkerImpl.pollLoop(ConsumerWorkerImpl.java:53)
	at java.base/java.lang.Thread.run(Thread.java:1583)
11:47:52.014 [Thread-4] ERROR com.charlessun.javaplcadapter.worker.impl.ConsumerWorkerImpl -- processingStrategy.process(record) 處理失敗: Processing failed
java.lang.RuntimeException: Processing failed
	at com.charlessun.javaplcadapter.worker.impl.ConsumerWorkerImpl.pollLoop(ConsumerWorkerImpl.java:53)
	at java.base/java.lang.Thread.run(Thread.java:1583)
11:47:52.014 [Thread-4] ERROR com.charlessun.javaplcadapter.worker.impl.ConsumerWorkerImpl -- processingStrategy.process(record) 處理失敗: Processing failed
java.lang.RuntimeException: Processing failed
	at com.charlessun.javaplcadapter.worker.impl.ConsumerWorkerImpl.pollLoop(ConsumerWorkerImpl.java:53)
	at java.base/java.lang.Thread.run(Thread.java:1583)
11:47:52.014 [Thread-4] ERROR com.charlessun.javaplcadapter.worker.impl.ConsumerWorkerImpl -- processingStrategy.process(record) 處理失敗: Processing failed
java.lang.RuntimeException: Processing failed
	at com.charlessun.javaplcadapter.worker.impl.ConsumerWorkerImpl.pollLoop(ConsumerWorkerImpl.java:53)
	at java.base/java.lang.Thread.run(Thread.java:1583)
11:47:52.014 [Thread-4] ERROR com.charlessun.javaplcadapter.worker.impl.ConsumerWorkerImpl -- processingStrategy.process(record) 處理失敗: Processing failed
java.lang.RuntimeException: Processing failed
	at com.charlessun.javaplcadapter.worker.impl.ConsumerWorkerImpl.pollLoop(ConsumerWorkerImpl.java:53)
	at java.base/java.lang.Thread.run(Thread.java:1583)
11:47:52.015 [Thread-4] ERROR com.charlessun.javaplcadapter.worker.impl.ConsumerWorkerImpl -- processingStrategy.process(record) 處理失敗: Processing failed
java.lang.RuntimeException: Processing failed
	at com.charlessun.javaplcadapter.worker.impl.ConsumerWorkerImpl.pollLoop(ConsumerWorkerImpl.java:53)
	at java.base/java.lang.Thread.run(Thread.java:1583)
11:47:52.015 [Thread-4] ERROR com.charlessun.javaplcadapter.worker.impl.ConsumerWorkerImpl -- processingStrategy.process(record) 處理失敗: Processing failed
java.lang.RuntimeException: Processing failed
	at com.charlessun.javaplcadapter.worker.impl.ConsumerWorkerImpl.pollLoop(ConsumerWorkerImpl.java:53)
	at java.base/java.lang.Thread.run(Thread.java:1583)
11:47:52.015 [Thread-4] ERROR com.charlessun.javaplcadapter.worker.impl.ConsumerWorkerImpl -- processingStrategy.process(record) 處理失敗: Processing failed
java.lang.RuntimeException: Processing failed
	at com.charlessun.javaplcadapter.worker.impl.ConsumerWorkerImpl.pollLoop(ConsumerWorkerImpl.java:53)
	at java.base/java.lang.Thread.run(Thread.java:1583)
11:47:52.015 [Thread-4] ERROR com.charlessun.javaplcadapter.worker.impl.ConsumerWorkerImpl -- processingStrategy.process(record) 處理失敗: Processing failed
java.lang.RuntimeException: Processing failed
	at com.charlessun.javaplcadapter.worker.impl.ConsumerWorkerImpl.pollLoop(ConsumerWorkerImpl.java:53)
	at java.base/java.lang.Thread.run(Thread.java:1583)
11:47:52.015 [Thread-4] ERROR com.charlessun.javaplcadapter.worker.impl.ConsumerWorkerImpl -- processingStrategy.process(record) 處理失敗: Processing failed
java.lang.RuntimeException: Processing failed
	at com.charlessun.javaplcadapter.worker.impl.ConsumerWorkerImpl.pollLoop(ConsumerWorkerImpl.java:53)
	at java.base/java.lang.Thread.run(Thread.java:1583)
11:47:52.015 [Thread-4] ERROR com.charlessun.javaplcadapter.worker.impl.ConsumerWorkerImpl -- processingStrategy.process(record) 處理失敗: Processing failed
java.lang.RuntimeException: Processing failed
	at com.charlessun.javaplcadapter.worker.impl.ConsumerWorkerImpl.pollLoop(ConsumerWorkerImpl.java:53)
	at java.base/java.lang.Thread.run(Thread.java:1583)
11:47:52.015 [Thread-4] ERROR com.charlessun.javaplcadapter.worker.impl.ConsumerWorkerImpl -- processingStrategy.process(record) 處理失敗: Processing failed
java.lang.RuntimeException: Processing failed
	at com.charlessun.javaplcadapter.worker.impl.ConsumerWorkerImpl.pollLoop(ConsumerWorkerImpl.java:53)
	at java.base/java.lang.Thread.run(Thread.java:1583)
11:47:52.015 [Thread-4] ERROR com.charlessun.javaplcadapter.worker.impl.ConsumerWorkerImpl -- processingStrategy.process(record) 處理失敗: Processing failed
java.lang.RuntimeException: Processing failed
	at com.charlessun.javaplcadapter.worker.impl.ConsumerWorkerImpl.pollLoop(ConsumerWorkerImpl.java:53)
	at java.base/java.lang.Thread.run(Thread.java:1583)
11:47:52.016 [Thread-4] ERROR com.charlessun.javaplcadapter.worker.impl.ConsumerWorkerImpl -- processingStrategy.process(record) 處理失敗: Processing failed
java.lang.RuntimeException: Processing failed
	at com.charlessun.javaplcadapter.worker.impl.ConsumerWorkerImpl.pollLoop(ConsumerWorkerImpl.java:53)
	at java.base/java.lang.Thread.run(Thread.java:1583)
11:47:52.016 [Thread-4] ERROR com.charlessun.javaplcadapter.worker.impl.ConsumerWorkerImpl -- processingStrategy.process(record) 處理失敗: Processing failed
java.lang.RuntimeException: Processing failed
	at com.charlessun.javaplcadapter.worker.impl.ConsumerWorkerImpl.pollLoop(ConsumerWorkerImpl.java:53)
	at java.base/java.lang.Thread.run(Thread.java:1583)
11:47:52.016 [Thread-4] ERROR com.charlessun.javaplcadapter.worker.impl.ConsumerWorkerImpl -- processingStrategy.process(record) 處理失敗: Processing failed
java.lang.RuntimeException: Processing failed
	at com.charlessun.javaplcadapter.worker.impl.ConsumerWorkerImpl.pollLoop(ConsumerWorkerImpl.java:53)
	at java.base/java.lang.Thread.run(Thread.java:1583)
11:47:52.016 [Thread-4] ERROR com.charlessun.javaplcadapter.worker.impl.ConsumerWorkerImpl -- processingStrategy.process(record) 處理失敗: Processing failed
java.lang.RuntimeException: Processing failed
	at com.charlessun.javaplcadapter.worker.impl.ConsumerWorkerImpl.pollLoop(ConsumerWorkerImpl.java:53)
	at java.base/java.lang.Thread.run(Thread.java:1583)
11:47:52.016 [Thread-4] ERROR com.charlessun.javaplcadapter.worker.impl.ConsumerWorkerImpl -- processingStrategy.process(record) 處理失敗: Processing failed
java.lang.RuntimeException: Processing failed
	at com.charlessun.javaplcadapter.worker.impl.ConsumerWorkerImpl.pollLoop(ConsumerWorkerImpl.java:53)
	at java.base/java.lang.Thread.run(Thread.java:1583)
11:47:52.016 [Thread-4] ERROR com.charlessun.javaplcadapter.worker.impl.ConsumerWorkerImpl -- processingStrategy.process(record) 處理失敗: Processing failed
java.lang.RuntimeException: Processing failed
	at com.charlessun.javaplcadapter.worker.impl.ConsumerWorkerImpl.pollLoop(ConsumerWorkerImpl.java:53)
	at java.base/java.lang.Thread.run(Thread.java:1583)
11:47:52.016 [Thread-4] ERROR com.charlessun.javaplcadapter.worker.impl.ConsumerWorkerImpl -- processingStrategy.process(record) 處理失敗: Processing failed
java.lang.RuntimeException: Processing failed
	at com.charlessun.javaplcadapter.worker.impl.ConsumerWorkerImpl.pollLoop(ConsumerWorkerImpl.java:53)
	at java.base/java.lang.Thread.run(Thread.java:1583)
11:47:52.017 [Thread-4] ERROR com.charlessun.javaplcadapter.worker.impl.ConsumerWorkerImpl -- processingStrategy.process(record) 處理失敗: Processing failed
java.lang.RuntimeException: Processing failed
	at com.charlessun.javaplcadapter.worker.impl.ConsumerWorkerImpl.pollLoop(ConsumerWorkerImpl.java:53)
	at java.base/java.lang.Thread.run(Thread.java:1583)
11:47:52.017 [Thread-4] ERROR com.charlessun.javaplcadapter.worker.impl.ConsumerWorkerImpl -- processingStrategy.process(record) 處理失敗: Processing failed
java.lang.RuntimeException: Processing failed
	at com.charlessun.javaplcadapter.worker.impl.ConsumerWorkerImpl.pollLoop(ConsumerWorkerImpl.java:53)
	at java.base/java.lang.Thread.run(Thread.java:1583)
11:47:52.017 [Thread-4] ERROR com.charlessun.javaplcadapter.worker.impl.ConsumerWorkerImpl -- processingStrategy.process(record) 處理失敗: Processing failed
java.lang.RuntimeException: Processing failed
	at com.charlessun.javaplcadapter.worker.impl.ConsumerWorkerImpl.pollLoop(ConsumerWorkerImpl.java:53)
	at java.base/java.lang.Thread.run(Thread.java:1583)
11:47:52.017 [Thread-4] ERROR com.charlessun.javaplcadapter.worker.impl.ConsumerWorkerImpl -- processingStrategy.process(record) 處理失敗: Processing failed
java.lang.RuntimeException: Processing failed
	at com.charlessun.javaplcadapter.worker.impl.ConsumerWorkerImpl.pollLoop(ConsumerWorkerImpl.java:53)
	at java.base/java.lang.Thread.run(Thread.java:1583)
11:47:52.018 [Thread-4] ERROR com.charlessun.javaplcadapter.worker.impl.ConsumerWorkerImpl -- processingStrategy.process(record) 處理失敗: Processing failed
java.lang.RuntimeException: Processing failed
	at com.charlessun.javaplcadapter.worker.impl.ConsumerWorkerImpl.pollLoop(ConsumerWorkerImpl.java:53)
	at java.base/java.lang.Thread.run(Thread.java:1583)
11:47:52.018 [Thread-4] ERROR com.charlessun.javaplcadapter.worker.impl.ConsumerWorkerImpl -- processingStrategy.process(record) 處理失敗: Processing failed
java.lang.RuntimeException: Processing failed
	at com.charlessun.javaplcadapter.worker.impl.ConsumerWorkerImpl.pollLoop(ConsumerWorkerImpl.java:53)
	at java.base/java.lang.Thread.run(Thread.java:1583)
11:47:52.019 [Thread-4] ERROR com.charlessun.javaplcadapter.worker.impl.ConsumerWorkerImpl -- processingStrategy.process(record) 處理失敗: Processing failed
java.lang.RuntimeException: Processing failed
	at com.charlessun.javaplcadapter.worker.impl.ConsumerWorkerImpl.pollLoop(ConsumerWorkerImpl.java:53)
	at java.base/java.lang.Thread.run(Thread.java:1583)
11:47:52.019 [Thread-4] ERROR com.charlessun.javaplcadapter.worker.impl.ConsumerWorkerImpl -- processingStrategy.process(record) 處理失敗: Processing failed
java.lang.RuntimeException: Processing failed
	at com.charlessun.javaplcadapter.worker.impl.ConsumerWorkerImpl.pollLoop(ConsumerWorkerImpl.java:53)
	at java.base/java.lang.Thread.run(Thread.java:1583)
11:47:52.019 [Thread-4] ERROR com.charlessun.javaplcadapter.worker.impl.ConsumerWorkerImpl -- processingStrategy.process(record) 處理失敗: Processing failed
java.lang.RuntimeException: Processing failed
	at com.charlessun.javaplcadapter.worker.impl.ConsumerWorkerImpl.pollLoop(ConsumerWorkerImpl.java:53)
	at java.base/java.lang.Thread.run(Thread.java:1583)
11:47:52.019 [Thread-4] ERROR com.charlessun.javaplcadapter.worker.impl.ConsumerWorkerImpl -- processingStrategy.process(record) 處理失敗: Processing failed
java.lang.RuntimeException: Processing failed
	at com.charlessun.javaplcadapter.worker.impl.ConsumerWorkerImpl.pollLoop(ConsumerWorkerImpl.java:53)
	at java.base/java.lang.Thread.run(Thread.java:1583)
11:47:52.019 [Thread-4] ERROR com.charlessun.javaplcadapter.worker.impl.ConsumerWorkerImpl -- processingStrategy.process(record) 處理失敗: Processing failed
java.lang.RuntimeException: Processing failed
	at com.charlessun.javaplcadapter.worker.impl.ConsumerWorkerImpl.pollLoop(ConsumerWorkerImpl.java:53)
	at java.base/java.lang.Thread.run(Thread.java:1583)
11:47:52.019 [Thread-4] ERROR com.charlessun.javaplcadapter.worker.impl.ConsumerWorkerImpl -- processingStrategy.process(record) 處理失敗: Processing failed
java.lang.RuntimeException: Processing failed
	at com.charlessun.javaplcadapter.worker.impl.ConsumerWorkerImpl.pollLoop(ConsumerWorkerImpl.java:53)
	at java.base/java.lang.Thread.run(Thread.java:1583)
11:47:52.019 [Thread-4] ERROR com.charlessun.javaplcadapter.worker.impl.ConsumerWorkerImpl -- processingStrategy.process(record) 處理失敗: Processing failed
java.lang.RuntimeException: Processing failed
	at com.charlessun.javaplcadapter.worker.impl.ConsumerWorkerImpl.pollLoop(ConsumerWorkerImpl.java:53)
	at java.base/java.lang.Thread.run(Thread.java:1583)
11:47:52.020 [Thread-4] ERROR com.charlessun.javaplcadapter.worker.impl.ConsumerWorkerImpl -- processingStrategy.process(record) 處理失敗: Processing failed
java.lang.RuntimeException: Processing failed
	at com.charlessun.javaplcadapter.worker.impl.ConsumerWorkerImpl.pollLoop(ConsumerWorkerImpl.java:53)
	at java.base/java.lang.Thread.run(Thread.java:1583)
11:47:52.020 [Thread-4] ERROR com.charlessun.javaplcadapter.worker.impl.ConsumerWorkerImpl -- processingStrategy.process(record) 處理失敗: Processing failed
java.lang.RuntimeException: Processing failed
	at com.charlessun.javaplcadapter.worker.impl.ConsumerWorkerImpl.pollLoop(ConsumerWorkerImpl.java:53)
	at java.base/java.lang.Thread.run(Thread.java:1583)
11:47:52.020 [Thread-4] ERROR com.charlessun.javaplcadapter.worker.impl.ConsumerWorkerImpl -- processingStrategy.process(record) 處理失敗: Processing failed
java.lang.RuntimeException: Processing failed
	at com.charlessun.javaplcadapter.worker.impl.ConsumerWorkerImpl.pollLoop(ConsumerWorkerImpl.java:53)
	at java.base/java.lang.Thread.run(Thread.java:1583)
11:47:52.020 [Thread-4] ERROR com.charlessun.javaplcadapter.worker.impl.ConsumerWorkerImpl -- processingStrategy.process(record) 處理失敗: Processing failed
java.lang.RuntimeException: Processing failed
	at com.charlessun.javaplcadapter.worker.impl.ConsumerWorkerImpl.pollLoop(ConsumerWorkerImpl.java:53)
	at java.base/java.lang.Thread.run(Thread.java:1583)
11:47:52.020 [Thread-4] ERROR com.charlessun.javaplcadapter.worker.impl.ConsumerWorkerImpl -- processingStrategy.process(record) 處理失敗: Processing failed
java.lang.RuntimeException: Processing failed
	at com.charlessun.javaplcadapter.worker.impl.ConsumerWorkerImpl.pollLoop(ConsumerWorkerImpl.java:53)
	at java.base/java.lang.Thread.run(Thread.java:1583)
11:47:52.020 [Thread-4] ERROR com.charlessun.javaplcadapter.worker.impl.ConsumerWorkerImpl -- processingStrategy.process(record) 處理失敗: Processing failed
java.lang.RuntimeException: Processing failed
	at com.charlessun.javaplcadapter.worker.impl.ConsumerWorkerImpl.pollLoop(ConsumerWorkerImpl.java:53)
	at java.base/java.lang.Thread.run(Thread.java:1583)
11:47:52.021 [Thread-4] ERROR com.charlessun.javaplcadapter.worker.impl.ConsumerWorkerImpl -- processingStrategy.process(record) 處理失敗: Processing failed
java.lang.RuntimeException: Processing failed
	at com.charlessun.javaplcadapter.worker.impl.ConsumerWorkerImpl.pollLoop(ConsumerWorkerImpl.java:53)
	at java.base/java.lang.Thread.run(Thread.java:1583)
11:47:52.021 [Thread-4] ERROR com.charlessun.javaplcadapter.worker.impl.ConsumerWorkerImpl -- processingStrategy.process(record) 處理失敗: Processing failed
java.lang.RuntimeException: Processing failed
	at com.charlessun.javaplcadapter.worker.impl.ConsumerWorkerImpl.pollLoop(ConsumerWorkerImpl.java:53)
	at java.base/java.lang.Thread.run(Thread.java:1583)
11:47:52.021 [Thread-4] ERROR com.charlessun.javaplcadapter.worker.impl.ConsumerWorkerImpl -- processingStrategy.process(record) 處理失敗: Processing failed
java.lang.RuntimeException: Processing failed
	at com.charlessun.javaplcadapter.worker.impl.ConsumerWorkerImpl.pollLoop(ConsumerWorkerImpl.java:53)
	at java.base/java.lang.Thread.run(Thread.java:1583)
11:47:52.021 [Thread-4] ERROR com.charlessun.javaplcadapter.worker.impl.ConsumerWorkerImpl -- processingStrategy.process(record) 處理失敗: Processing failed
java.lang.RuntimeException: Processing failed
	at com.charlessun.javaplcadapter.worker.impl.ConsumerWorkerImpl.pollLoop(ConsumerWorkerImpl.java:53)
	at java.base/java.lang.Thread.run(Thread.java:1583)
11:47:52.021 [Thread-4] ERROR com.charlessun.javaplcadapter.worker.impl.ConsumerWorkerImpl -- processingStrategy.process(record) 處理失敗: Processing failed
java.lang.RuntimeException: Processing failed
	at com.charlessun.javaplcadapter.worker.impl.ConsumerWorkerImpl.pollLoop(ConsumerWorkerImpl.java:53)
	at java.base/java.lang.Thread.run(Thread.java:1583)
11:47:52.021 [Thread-4] ERROR com.charlessun.javaplcadapter.worker.impl.ConsumerWorkerImpl -- processingStrategy.process(record) 處理失敗: Processing failed
java.lang.RuntimeException: Processing failed
	at com.charlessun.javaplcadapter.worker.impl.ConsumerWorkerImpl.pollLoop(ConsumerWorkerImpl.java:53)
	at java.base/java.lang.Thread.run(Thread.java:1583)
11:47:52.022 [Thread-4] ERROR com.charlessun.javaplcadapter.worker.impl.ConsumerWorkerImpl -- processingStrategy.process(record) 處理失敗: Processing failed
java.lang.RuntimeException: Processing failed
	at com.charlessun.javaplcadapter.worker.impl.ConsumerWorkerImpl.pollLoop(ConsumerWorkerImpl.java:53)
	at java.base/java.lang.Thread.run(Thread.java:1583)
11:47:52.022 [Thread-4] ERROR com.charlessun.javaplcadapter.worker.impl.ConsumerWorkerImpl -- processingStrategy.process(record) 處理失敗: Processing failed
java.lang.RuntimeException: Processing failed
	at com.charlessun.javaplcadapter.worker.impl.ConsumerWorkerImpl.pollLoop(ConsumerWorkerImpl.java:53)
	at java.base/java.lang.Thread.run(Thread.java:1583)
11:47:52.022 [Thread-4] ERROR com.charlessun.javaplcadapter.worker.impl.ConsumerWorkerImpl -- processingStrategy.process(record) 處理失敗: Processing failed
java.lang.RuntimeException: Processing failed
	at com.charlessun.javaplcadapter.worker.impl.ConsumerWorkerImpl.pollLoop(ConsumerWorkerImpl.java:53)
	at java.base/java.lang.Thread.run(Thread.java:1583)
11:47:52.022 [Thread-4] ERROR com.charlessun.javaplcadapter.worker.impl.ConsumerWorkerImpl -- processingStrategy.process(record) 處理失敗: Processing failed
java.lang.RuntimeException: Processing failed
	at com.charlessun.javaplcadapter.worker.impl.ConsumerWorkerImpl.pollLoop(ConsumerWorkerImpl.java:53)
	at java.base/java.lang.Thread.run(Thread.java:1583)
11:47:52.022 [Thread-4] ERROR com.charlessun.javaplcadapter.worker.impl.ConsumerWorkerImpl -- processingStrategy.process(record) 處理失敗: Processing failed
java.lang.RuntimeException: Processing failed
	at com.charlessun.javaplcadapter.worker.impl.ConsumerWorkerImpl.pollLoop(ConsumerWorkerImpl.java:53)
	at java.base/java.lang.Thread.run(Thread.java:1583)
11:47:52.023 [Thread-4] ERROR com.charlessun.javaplcadapter.worker.impl.ConsumerWorkerImpl -- processingStrategy.process(record) 處理失敗: Processing failed
java.lang.RuntimeException: Processing failed
	at com.charlessun.javaplcadapter.worker.impl.ConsumerWorkerImpl.pollLoop(ConsumerWorkerImpl.java:53)
	at java.base/java.lang.Thread.run(Thread.java:1583)
11:47:52.023 [Thread-4] ERROR com.charlessun.javaplcadapter.worker.impl.ConsumerWorkerImpl -- processingStrategy.process(record) 處理失敗: Processing failed
java.lang.RuntimeException: Processing failed
	at com.charlessun.javaplcadapter.worker.impl.ConsumerWorkerImpl.pollLoop(ConsumerWorkerImpl.java:53)
	at java.base/java.lang.Thread.run(Thread.java:1583)
11:47:52.023 [Thread-4] ERROR com.charlessun.javaplcadapter.worker.impl.ConsumerWorkerImpl -- processingStrategy.process(record) 處理失敗: Processing failed
java.lang.RuntimeException: Processing failed
	at com.charlessun.javaplcadapter.worker.impl.ConsumerWorkerImpl.pollLoop(ConsumerWorkerImpl.java:53)
	at java.base/java.lang.Thread.run(Thread.java:1583)
11:47:52.024 [Thread-4] ERROR com.charlessun.javaplcadapter.worker.impl.ConsumerWorkerImpl -- processingStrategy.process(record) 處理失敗: Processing failed
java.lang.RuntimeException: Processing failed
	at com.charlessun.javaplcadapter.worker.impl.ConsumerWorkerImpl.pollLoop(ConsumerWorkerImpl.java:53)
	at java.base/java.lang.Thread.run(Thread.java:1583)
11:47:52.024 [Thread-4] ERROR com.charlessun.javaplcadapter.worker.impl.ConsumerWorkerImpl -- processingStrategy.process(record) 處理失敗: Processing failed
java.lang.RuntimeException: Processing failed
	at com.charlessun.javaplcadapter.worker.impl.ConsumerWorkerImpl.pollLoop(ConsumerWorkerImpl.java:53)
	at java.base/java.lang.Thread.run(Thread.java:1583)
11:47:52.024 [Thread-4] ERROR com.charlessun.javaplcadapter.worker.impl.ConsumerWorkerImpl -- processingStrategy.process(record) 處理失敗: Processing failed
java.lang.RuntimeException: Processing failed
	at com.charlessun.javaplcadapter.worker.impl.ConsumerWorkerImpl.pollLoop(ConsumerWorkerImpl.java:53)
	at java.base/java.lang.Thread.run(Thread.java:1583)
11:47:52.024 [Thread-4] ERROR com.charlessun.javaplcadapter.worker.impl.ConsumerWorkerImpl -- processingStrategy.process(record) 處理失敗: Processing failed
java.lang.RuntimeException: Processing failed
	at com.charlessun.javaplcadapter.worker.impl.ConsumerWorkerImpl.pollLoop(ConsumerWorkerImpl.java:53)
	at java.base/java.lang.Thread.run(Thread.java:1583)
11:47:52.024 [Thread-4] ERROR com.charlessun.javaplcadapter.worker.impl.ConsumerWorkerImpl -- processingStrategy.process(record) 處理失敗: Processing failed
java.lang.RuntimeException: Processing failed
	at com.charlessun.javaplcadapter.worker.impl.ConsumerWorkerImpl.pollLoop(ConsumerWorkerImpl.java:53)
	at java.base/java.lang.Thread.run(Thread.java:1583)
11:47:52.024 [Thread-4] ERROR com.charlessun.javaplcadapter.worker.impl.ConsumerWorkerImpl -- processingStrategy.process(record) 處理失敗: Processing failed
java.lang.RuntimeException: Processing failed
	at com.charlessun.javaplcadapter.worker.impl.ConsumerWorkerImpl.pollLoop(ConsumerWorkerImpl.java:53)
	at java.base/java.lang.Thread.run(Thread.java:1583)
11:47:52.024 [Thread-4] ERROR com.charlessun.javaplcadapter.worker.impl.ConsumerWorkerImpl -- processingStrategy.process(record) 處理失敗: Processing failed
java.lang.RuntimeException: Processing failed
	at com.charlessun.javaplcadapter.worker.impl.ConsumerWorkerImpl.pollLoop(ConsumerWorkerImpl.java:53)
	at java.base/java.lang.Thread.run(Thread.java:1583)
11:47:52.025 [Thread-4] ERROR com.charlessun.javaplcadapter.worker.impl.ConsumerWorkerImpl -- processingStrategy.process(record) 處理失敗: Processing failed
java.lang.RuntimeException: Processing failed
	at com.charlessun.javaplcadapter.worker.impl.ConsumerWorkerImpl.pollLoop(ConsumerWorkerImpl.java:53)
	at java.base/java.lang.Thread.run(Thread.java:1583)
11:47:52.025 [Thread-4] ERROR com.charlessun.javaplcadapter.worker.impl.ConsumerWorkerImpl -- processingStrategy.process(record) 處理失敗: Processing failed
java.lang.RuntimeException: Processing failed
	at com.charlessun.javaplcadapter.worker.impl.ConsumerWorkerImpl.pollLoop(ConsumerWorkerImpl.java:53)
	at java.base/java.lang.Thread.run(Thread.java:1583)
11:47:52.025 [Thread-4] ERROR com.charlessun.javaplcadapter.worker.impl.ConsumerWorkerImpl -- processingStrategy.process(record) 處理失敗: Processing failed
java.lang.RuntimeException: Processing failed
	at com.charlessun.javaplcadapter.worker.impl.ConsumerWorkerImpl.pollLoop(ConsumerWorkerImpl.java:53)
	at java.base/java.lang.Thread.run(Thread.java:1583)
11:47:52.025 [Thread-4] ERROR com.charlessun.javaplcadapter.worker.impl.ConsumerWorkerImpl -- processingStrategy.process(record) 處理失敗: Processing failed
java.lang.RuntimeException: Processing failed
	at com.charlessun.javaplcadapter.worker.impl.ConsumerWorkerImpl.pollLoop(ConsumerWorkerImpl.java:53)
	at java.base/java.lang.Thread.run(Thread.java:1583)
11:47:52.025 [Thread-4] ERROR com.charlessun.javaplcadapter.worker.impl.ConsumerWorkerImpl -- processingStrategy.process(record) 處理失敗: Processing failed
java.lang.RuntimeException: Processing failed
	at com.charlessun.javaplcadapter.worker.impl.ConsumerWorkerImpl.pollLoop(ConsumerWorkerImpl.java:53)
	at java.base/java.lang.Thread.run(Thread.java:1583)
11:47:52.025 [Thread-4] ERROR com.charlessun.javaplcadapter.worker.impl.ConsumerWorkerImpl -- processingStrategy.process(record) 處理失敗: Processing failed
java.lang.RuntimeException: Processing failed
	at com.charlessun.javaplcadapter.worker.impl.ConsumerWorkerImpl.pollLoop(ConsumerWorkerImpl.java:53)
	at java.base/java.lang.Thread.run(Thread.java:1583)
11:47:52.025 [Thread-4] ERROR com.charlessun.javaplcadapter.worker.impl.ConsumerWorkerImpl -- processingStrategy.process(record) 處理失敗: Processing failed
java.lang.RuntimeException: Processing failed
	at com.charlessun.javaplcadapter.worker.impl.ConsumerWorkerImpl.pollLoop(ConsumerWorkerImpl.java:53)
	at java.base/java.lang.Thread.run(Thread.java:1583)
11:47:52.026 [Thread-4] ERROR com.charlessun.javaplcadapter.worker.impl.ConsumerWorkerImpl -- processingStrategy.process(record) 處理失敗: Processing failed
java.lang.RuntimeException: Processing failed
	at com.charlessun.javaplcadapter.worker.impl.ConsumerWorkerImpl.pollLoop(ConsumerWorkerImpl.java:53)
	at java.base/java.lang.Thread.run(Thread.java:1583)
11:47:52.026 [Thread-4] ERROR com.charlessun.javaplcadapter.worker.impl.ConsumerWorkerImpl -- processingStrategy.process(record) 處理失敗: Processing failed
java.lang.RuntimeException: Processing failed
	at com.charlessun.javaplcadapter.worker.impl.ConsumerWorkerImpl.pollLoop(ConsumerWorkerImpl.java:53)
	at java.base/java.lang.Thread.run(Thread.java:1583)
11:47:52.026 [Thread-4] ERROR com.charlessun.javaplcadapter.worker.impl.ConsumerWorkerImpl -- processingStrategy.process(record) 處理失敗: Processing failed
java.lang.RuntimeException: Processing failed
	at com.charlessun.javaplcadapter.worker.impl.ConsumerWorkerImpl.pollLoop(ConsumerWorkerImpl.java:53)
	at java.base/java.lang.Thread.run(Thread.java:1583)
11:47:52.026 [Thread-4] ERROR com.charlessun.javaplcadapter.worker.impl.ConsumerWorkerImpl -- processingStrategy.process(record) 處理失敗: Processing failed
java.lang.RuntimeException: Processing failed
	at com.charlessun.javaplcadapter.worker.impl.ConsumerWorkerImpl.pollLoop(ConsumerWorkerImpl.java:53)
	at java.base/java.lang.Thread.run(Thread.java:1583)
11:47:52.026 [Thread-4] ERROR com.charlessun.javaplcadapter.worker.impl.ConsumerWorkerImpl -- processingStrategy.process(record) 處理失敗: Processing failed
java.lang.RuntimeException: Processing failed
	at com.charlessun.javaplcadapter.worker.impl.ConsumerWorkerImpl.pollLoop(ConsumerWorkerImpl.java:53)
	at java.base/java.lang.Thread.run(Thread.java:1583)
11:47:52.026 [Thread-4] ERROR com.charlessun.javaplcadapter.worker.impl.ConsumerWorkerImpl -- processingStrategy.process(record) 處理失敗: Processing failed
java.lang.RuntimeException: Processing failed
	at com.charlessun.javaplcadapter.worker.impl.ConsumerWorkerImpl.pollLoop(ConsumerWorkerImpl.java:53)
	at java.base/java.lang.Thread.run(Thread.java:1583)
11:47:52.027 [Thread-4] ERROR com.charlessun.javaplcadapter.worker.impl.ConsumerWorkerImpl -- processingStrategy.process(record) 處理失敗: Processing failed
java.lang.RuntimeException: Processing failed
	at com.charlessun.javaplcadapter.worker.impl.ConsumerWorkerImpl.pollLoop(ConsumerWorkerImpl.java:53)
	at java.base/java.lang.Thread.run(Thread.java:1583)
11:47:52.027 [Thread-4] ERROR com.charlessun.javaplcadapter.worker.impl.ConsumerWorkerImpl -- processingStrategy.process(record) 處理失敗: Processing failed
java.lang.RuntimeException: Processing failed
	at com.charlessun.javaplcadapter.worker.impl.ConsumerWorkerImpl.pollLoop(ConsumerWorkerImpl.java:53)
	at java.base/java.lang.Thread.run(Thread.java:1583)
11:47:52.027 [Thread-4] ERROR com.charlessun.javaplcadapter.worker.impl.ConsumerWorkerImpl -- processingStrategy.process(record) 處理失敗: Processing failed
java.lang.RuntimeException: Processing failed
	at com.charlessun.javaplcadapter.worker.impl.ConsumerWorkerImpl.pollLoop(ConsumerWorkerImpl.java:53)
	at java.base/java.lang.Thread.run(Thread.java:1583)
11:47:52.027 [Thread-4] ERROR com.charlessun.javaplcadapter.worker.impl.ConsumerWorkerImpl -- processingStrategy.process(record) 處理失敗: Processing failed
java.lang.RuntimeException: Processing failed
	at com.charlessun.javaplcadapter.worker.impl.ConsumerWorkerImpl.pollLoop(ConsumerWorkerImpl.java:53)
	at java.base/java.lang.Thread.run(Thread.java:1583)
11:47:52.027 [Thread-4] ERROR com.charlessun.javaplcadapter.worker.impl.ConsumerWorkerImpl -- processingStrategy.process(record) 處理失敗: Processing failed
java.lang.RuntimeException: Processing failed
	at com.charlessun.javaplcadapter.worker.impl.ConsumerWorkerImpl.pollLoop(ConsumerWorkerImpl.java:53)
	at java.base/java.lang.Thread.run(Thread.java:1583)
11:47:52.027 [Thread-4] ERROR com.charlessun.javaplcadapter.worker.impl.ConsumerWorkerImpl -- processingStrategy.process(record) 處理失敗: Processing failed
java.lang.RuntimeException: Processing failed
	at com.charlessun.javaplcadapter.worker.impl.ConsumerWorkerImpl.pollLoop(ConsumerWorkerImpl.java:53)
	at java.base/java.lang.Thread.run(Thread.java:1583)
11:47:52.028 [Thread-4] ERROR com.charlessun.javaplcadapter.worker.impl.ConsumerWorkerImpl -- processingStrategy.process(record) 處理失敗: Processing failed
java.lang.RuntimeException: Processing failed
	at com.charlessun.javaplcadapter.worker.impl.ConsumerWorkerImpl.pollLoop(ConsumerWorkerImpl.java:53)
	at java.base/java.lang.Thread.run(Thread.java:1583)
11:47:52.028 [Thread-4] ERROR com.charlessun.javaplcadapter.worker.impl.ConsumerWorkerImpl -- processingStrategy.process(record) 處理失敗: Processing failed
java.lang.RuntimeException: Processing failed
	at com.charlessun.javaplcadapter.worker.impl.ConsumerWorkerImpl.pollLoop(ConsumerWorkerImpl.java:53)
	at java.base/java.lang.Thread.run(Thread.java:1583)
11:47:52.028 [Thread-4] ERROR com.charlessun.javaplcadapter.worker.impl.ConsumerWorkerImpl -- processingStrategy.process(record) 處理失敗: Processing failed
java.lang.RuntimeException: Processing failed
	at com.charlessun.javaplcadapter.worker.impl.ConsumerWorkerImpl.pollLoop(ConsumerWorkerImpl.java:53)
	at java.base/java.lang.Thread.run(Thread.java:1583)
11:47:52.028 [Thread-4] ERROR com.charlessun.javaplcadapter.worker.impl.ConsumerWorkerImpl -- processingStrategy.process(record) 處理失敗: Processing failed
java.lang.RuntimeException: Processing failed
	at com.charlessun.javaplcadapter.worker.impl.ConsumerWorkerImpl.pollLoop(ConsumerWorkerImpl.java:53)
	at java.base/java.lang.Thread.run(Thread.java:1583)
11:47:52.028 [Thread-4] ERROR com.charlessun.javaplcadapter.worker.impl.ConsumerWorkerImpl -- processingStrategy.process(record) 處理失敗: Processing failed
java.lang.RuntimeException: Processing failed
	at com.charlessun.javaplcadapter.worker.impl.ConsumerWorkerImpl.pollLoop(ConsumerWorkerImpl.java:53)
	at java.base/java.lang.Thread.run(Thread.java:1583)
11:47:52.028 [Thread-4] ERROR com.charlessun.javaplcadapter.worker.impl.ConsumerWorkerImpl -- processingStrategy.process(record) 處理失敗: Processing failed
java.lang.RuntimeException: Processing failed
	at com.charlessun.javaplcadapter.worker.impl.ConsumerWorkerImpl.pollLoop(ConsumerWorkerImpl.java:53)
	at java.base/java.lang.Thread.run(Thread.java:1583)
11:47:52.029 [Thread-4] ERROR com.charlessun.javaplcadapter.worker.impl.ConsumerWorkerImpl -- processingStrategy.process(record) 處理失敗: Processing failed
java.lang.RuntimeException: Processing failed
	at com.charlessun.javaplcadapter.worker.impl.ConsumerWorkerImpl.pollLoop(ConsumerWorkerImpl.java:53)
	at java.base/java.lang.Thread.run(Thread.java:1583)
11:47:52.029 [Thread-4] ERROR com.charlessun.javaplcadapter.worker.impl.ConsumerWorkerImpl -- processingStrategy.process(record) 處理失敗: Processing failed
java.lang.RuntimeException: Processing failed
	at com.charlessun.javaplcadapter.worker.impl.ConsumerWorkerImpl.pollLoop(ConsumerWorkerImpl.java:53)
	at java.base/java.lang.Thread.run(Thread.java:1583)
11:47:52.029 [Thread-4] ERROR com.charlessun.javaplcadapter.worker.impl.ConsumerWorkerImpl -- processingStrategy.process(record) 處理失敗: Processing failed
java.lang.RuntimeException: Processing failed
	at com.charlessun.javaplcadapter.worker.impl.ConsumerWorkerImpl.pollLoop(ConsumerWorkerImpl.java:53)
	at java.base/java.lang.Thread.run(Thread.java:1583)
11:47:52.029 [Thread-4] ERROR com.charlessun.javaplcadapter.worker.impl.ConsumerWorkerImpl -- processingStrategy.process(record) 處理失敗: Processing failed
java.lang.RuntimeException: Processing failed
	at com.charlessun.javaplcadapter.worker.impl.ConsumerWorkerImpl.pollLoop(ConsumerWorkerImpl.java:53)
	at java.base/java.lang.Thread.run(Thread.java:1583)
11:47:52.029 [Thread-4] ERROR com.charlessun.javaplcadapter.worker.impl.ConsumerWorkerImpl -- processingStrategy.process(record) 處理失敗: Processing failed
java.lang.RuntimeException: Processing failed
	at com.charlessun.javaplcadapter.worker.impl.ConsumerWorkerImpl.pollLoop(ConsumerWorkerImpl.java:53)
	at java.base/java.lang.Thread.run(Thread.java:1583)
11:47:52.030 [Thread-4] ERROR com.charlessun.javaplcadapter.worker.impl.ConsumerWorkerImpl -- processingStrategy.process(record) 處理失敗: Processing failed
java.lang.RuntimeException: Processing failed
	at com.charlessun.javaplcadapter.worker.impl.ConsumerWorkerImpl.pollLoop(ConsumerWorkerImpl.java:53)
	at java.base/java.lang.Thread.run(Thread.java:1583)
11:47:52.030 [Thread-4] ERROR com.charlessun.javaplcadapter.worker.impl.ConsumerWorkerImpl -- processingStrategy.process(record) 處理失敗: Processing failed
java.lang.RuntimeException: Processing failed
	at com.charlessun.javaplcadapter.worker.impl.ConsumerWorkerImpl.pollLoop(ConsumerWorkerImpl.java:53)
	at java.base/java.lang.Thread.run(Thread.java:1583)
11:47:52.030 [Thread-4] ERROR com.charlessun.javaplcadapter.worker.impl.ConsumerWorkerImpl -- processingStrategy.process(record) 處理失敗: Processing failed
java.lang.RuntimeException: Processing failed
	at com.charlessun.javaplcadapter.worker.impl.ConsumerWorkerImpl.pollLoop(ConsumerWorkerImpl.java:53)
	at java.base/java.lang.Thread.run(Thread.java:1583)
11:47:52.030 [Thread-4] ERROR com.charlessun.javaplcadapter.worker.impl.ConsumerWorkerImpl -- processingStrategy.process(record) 處理失敗: Processing failed
java.lang.RuntimeException: Processing failed
	at com.charlessun.javaplcadapter.worker.impl.ConsumerWorkerImpl.pollLoop(ConsumerWorkerImpl.java:53)
	at java.base/java.lang.Thread.run(Thread.java:1583)
11:47:52.030 [Thread-4] ERROR com.charlessun.javaplcadapter.worker.impl.ConsumerWorkerImpl -- processingStrategy.process(record) 處理失敗: Processing failed
java.lang.RuntimeException: Processing failed
	at com.charlessun.javaplcadapter.worker.impl.ConsumerWorkerImpl.pollLoop(ConsumerWorkerImpl.java:53)
	at java.base/java.lang.Thread.run(Thread.java:1583)
11:47:52.030 [Thread-4] ERROR com.charlessun.javaplcadapter.worker.impl.ConsumerWorkerImpl -- processingStrategy.process(record) 處理失敗: Processing failed
java.lang.RuntimeException: Processing failed
	at com.charlessun.javaplcadapter.worker.impl.ConsumerWorkerImpl.pollLoop(ConsumerWorkerImpl.java:53)
	at java.base/java.lang.Thread.run(Thread.java:1583)
11:47:52.030 [Thread-4] ERROR com.charlessun.javaplcadapter.worker.impl.ConsumerWorkerImpl -- processingStrategy.process(record) 處理失敗: Processing failed
java.lang.RuntimeException: Processing failed
	at com.charlessun.javaplcadapter.worker.impl.ConsumerWorkerImpl.pollLoop(ConsumerWorkerImpl.java:53)
	at java.base/java.lang.Thread.run(Thread.java:1583)
11:47:52.031 [Thread-4] ERROR com.charlessun.javaplcadapter.worker.impl.ConsumerWorkerImpl -- processingStrategy.process(record) 處理失敗: Processing failed
java.lang.RuntimeException: Processing failed
	at com.charlessun.javaplcadapter.worker.impl.ConsumerWorkerImpl.pollLoop(ConsumerWorkerImpl.java:53)
	at java.base/java.lang.Thread.run(Thread.java:1583)
11:47:52.031 [Thread-4] ERROR com.charlessun.javaplcadapter.worker.impl.ConsumerWorkerImpl -- processingStrategy.process(record) 處理失敗: Processing failed
java.lang.RuntimeException: Processing failed
	at com.charlessun.javaplcadapter.worker.impl.ConsumerWorkerImpl.pollLoop(ConsumerWorkerImpl.java:53)
	at java.base/java.lang.Thread.run(Thread.java:1583)
11:47:52.031 [Thread-4] ERROR com.charlessun.javaplcadapter.worker.impl.ConsumerWorkerImpl -- processingStrategy.process(record) 處理失敗: Processing failed
java.lang.RuntimeException: Processing failed
	at com.charlessun.javaplcadapter.worker.impl.ConsumerWorkerImpl.pollLoop(ConsumerWorkerImpl.java:53)
	at java.base/java.lang.Thread.run(Thread.java:1583)
11:47:52.031 [Thread-4] ERROR com.charlessun.javaplcadapter.worker.impl.ConsumerWorkerImpl -- processingStrategy.process(record) 處理失敗: Processing failed
java.lang.RuntimeException: Processing failed
	at com.charlessun.javaplcadapter.worker.impl.ConsumerWorkerImpl.pollLoop(ConsumerWorkerImpl.java:53)
	at java.base/java.lang.Thread.run(Thread.java:1583)
11:47:52.031 [Thread-4] ERROR com.charlessun.javaplcadapter.worker.impl.ConsumerWorkerImpl -- processingStrategy.process(record) 處理失敗: Processing failed
java.lang.RuntimeException: Processing failed
	at com.charlessun.javaplcadapter.worker.impl.ConsumerWorkerImpl.pollLoop(ConsumerWorkerImpl.java:53)
	at java.base/java.lang.Thread.run(Thread.java:1583)
11:47:52.032 [Thread-4] ERROR com.charlessun.javaplcadapter.worker.impl.ConsumerWorkerImpl -- processingStrategy.process(record) 處理失敗: Processing failed
java.lang.RuntimeException: Processing failed
	at com.charlessun.javaplcadapter.worker.impl.ConsumerWorkerImpl.pollLoop(ConsumerWorkerImpl.java:53)
	at java.base/java.lang.Thread.run(Thread.java:1583)
11:47:52.032 [Thread-4] ERROR com.charlessun.javaplcadapter.worker.impl.ConsumerWorkerImpl -- processingStrategy.process(record) 處理失敗: Processing failed
java.lang.RuntimeException: Processing failed
	at com.charlessun.javaplcadapter.worker.impl.ConsumerWorkerImpl.pollLoop(ConsumerWorkerImpl.java:53)
	at java.base/java.lang.Thread.run(Thread.java:1583)
11:47:52.032 [Thread-4] ERROR com.charlessun.javaplcadapter.worker.impl.ConsumerWorkerImpl -- processingStrategy.process(record) 處理失敗: Processing failed
java.lang.RuntimeException: Processing failed
	at com.charlessun.javaplcadapter.worker.impl.ConsumerWorkerImpl.pollLoop(ConsumerWorkerImpl.java:53)
	at java.base/java.lang.Thread.run(Thread.java:1583)
11:47:52.032 [Thread-4] ERROR com.charlessun.javaplcadapter.worker.impl.ConsumerWorkerImpl -- processingStrategy.process(record) 處理失敗: Processing failed
java.lang.RuntimeException: Processing failed
	at com.charlessun.javaplcadapter.worker.impl.ConsumerWorkerImpl.pollLoop(ConsumerWorkerImpl.java:53)
	at java.base/java.lang.Thread.run(Thread.java:1583)
11:47:52.032 [Thread-4] ERROR com.charlessun.javaplcadapter.worker.impl.ConsumerWorkerImpl -- processingStrategy.process(record) 處理失敗: Processing failed
java.lang.RuntimeException: Processing failed
	at com.charlessun.javaplcadapter.worker.impl.ConsumerWorkerImpl.pollLoop(ConsumerWorkerImpl.java:53)
	at java.base/java.lang.Thread.run(Thread.java:1583)
11:47:52.033 [Thread-4] ERROR com.charlessun.javaplcadapter.worker.impl.ConsumerWorkerImpl -- processingStrategy.process(record) 處理失敗: Processing failed
java.lang.RuntimeException: Processing failed
	at com.charlessun.javaplcadapter.worker.impl.ConsumerWorkerImpl.pollLoop(ConsumerWorkerImpl.java:53)
	at java.base/java.lang.Thread.run(Thread.java:1583)
11:47:52.033 [Thread-4] ERROR com.charlessun.javaplcadapter.worker.impl.ConsumerWorkerImpl -- processingStrategy.process(record) 處理失敗: Processing failed
java.lang.RuntimeException: Processing failed
	at com.charlessun.javaplcadapter.worker.impl.ConsumerWorkerImpl.pollLoop(ConsumerWorkerImpl.java:53)
	at java.base/java.lang.Thread.run(Thread.java:1583)
11:47:52.033 [Thread-4] ERROR com.charlessun.javaplcadapter.worker.impl.ConsumerWorkerImpl -- processingStrategy.process(record) 處理失敗: Processing failed
java.lang.RuntimeException: Processing failed
	at com.charlessun.javaplcadapter.worker.impl.ConsumerWorkerImpl.pollLoop(ConsumerWorkerImpl.java:53)
	at java.base/java.lang.Thread.run(Thread.java:1583)
11:47:52.033 [Thread-4] ERROR com.charlessun.javaplcadapter.worker.impl.ConsumerWorkerImpl -- processingStrategy.process(record) 處理失敗: Processing failed
java.lang.RuntimeException: Processing failed
	at com.charlessun.javaplcadapter.worker.impl.ConsumerWorkerImpl.pollLoop(ConsumerWorkerImpl.java:53)
	at java.base/java.lang.Thread.run(Thread.java:1583)
11:47:52.033 [Thread-4] ERROR com.charlessun.javaplcadapter.worker.impl.ConsumerWorkerImpl -- processingStrategy.process(record) 處理失敗: Processing failed
java.lang.RuntimeException: Processing failed
	at com.charlessun.javaplcadapter.worker.impl.ConsumerWorkerImpl.pollLoop(ConsumerWorkerImpl.java:53)
	at java.base/java.lang.Thread.run(Thread.java:1583)
11:47:52.033 [Thread-4] ERROR com.charlessun.javaplcadapter.worker.impl.ConsumerWorkerImpl -- processingStrategy.process(record) 處理失敗: Processing failed
java.lang.RuntimeException: Processing failed
	at com.charlessun.javaplcadapter.worker.impl.ConsumerWorkerImpl.pollLoop(ConsumerWorkerImpl.java:53)
	at java.base/java.lang.Thread.run(Thread.java:1583)
11:47:52.034 [Thread-4] ERROR com.charlessun.javaplcadapter.worker.impl.ConsumerWorkerImpl -- processingStrategy.process(record) 處理失敗: Processing failed
java.lang.RuntimeException: Processing failed
	at com.charlessun.javaplcadapter.worker.impl.ConsumerWorkerImpl.pollLoop(ConsumerWorkerImpl.java:53)
	at java.base/java.lang.Thread.run(Thread.java:1583)
11:47:52.034 [Thread-4] ERROR com.charlessun.javaplcadapter.worker.impl.ConsumerWorkerImpl -- processingStrategy.process(record) 處理失敗: Processing failed
java.lang.RuntimeException: Processing failed
	at com.charlessun.javaplcadapter.worker.impl.ConsumerWorkerImpl.pollLoop(ConsumerWorkerImpl.java:53)
	at java.base/java.lang.Thread.run(Thread.java:1583)
11:47:52.034 [Thread-4] ERROR com.charlessun.javaplcadapter.worker.impl.ConsumerWorkerImpl -- processingStrategy.process(record) 處理失敗: Processing failed
java.lang.RuntimeException: Processing failed
	at com.charlessun.javaplcadapter.worker.impl.ConsumerWorkerImpl.pollLoop(ConsumerWorkerImpl.java:53)
	at java.base/java.lang.Thread.run(Thread.java:1583)
11:47:52.034 [Thread-4] ERROR com.charlessun.javaplcadapter.worker.impl.ConsumerWorkerImpl -- processingStrategy.process(record) 處理失敗: Processing failed
java.lang.RuntimeException: Processing failed
	at com.charlessun.javaplcadapter.worker.impl.ConsumerWorkerImpl.pollLoop(ConsumerWorkerImpl.java:53)
	at java.base/java.lang.Thread.run(Thread.java:1583)
11:47:52.034 [Thread-4] ERROR com.charlessun.javaplcadapter.worker.impl.ConsumerWorkerImpl -- processingStrategy.process(record) 處理失敗: Processing failed
java.lang.RuntimeException: Processing failed
	at com.charlessun.javaplcadapter.worker.impl.ConsumerWorkerImpl.pollLoop(ConsumerWorkerImpl.java:53)
	at java.base/java.lang.Thread.run(Thread.java:1583)
11:47:52.035 [Thread-4] ERROR com.charlessun.javaplcadapter.worker.impl.ConsumerWorkerImpl -- processingStrategy.process(record) 處理失敗: Processing failed
java.lang.RuntimeException: Processing failed
	at com.charlessun.javaplcadapter.worker.impl.ConsumerWorkerImpl.pollLoop(ConsumerWorkerImpl.java:53)
	at java.base/java.lang.Thread.run(Thread.java:1583)
11:47:52.035 [Thread-4] ERROR com.charlessun.javaplcadapter.worker.impl.ConsumerWorkerImpl -- processingStrategy.process(record) 處理失敗: Processing failed
java.lang.RuntimeException: Processing failed
	at com.charlessun.javaplcadapter.worker.impl.ConsumerWorkerImpl.pollLoop(ConsumerWorkerImpl.java:53)
	at java.base/java.lang.Thread.run(Thread.java:1583)
11:47:52.035 [Thread-4] ERROR com.charlessun.javaplcadapter.worker.impl.ConsumerWorkerImpl -- processingStrategy.process(record) 處理失敗: Processing failed
java.lang.RuntimeException: Processing failed
	at com.charlessun.javaplcadapter.worker.impl.ConsumerWorkerImpl.pollLoop(ConsumerWorkerImpl.java:53)
	at java.base/java.lang.Thread.run(Thread.java:1583)
11:47:52.035 [Thread-4] ERROR com.charlessun.javaplcadapter.worker.impl.ConsumerWorkerImpl -- processingStrategy.process(record) 處理失敗: Processing failed
java.lang.RuntimeException: Processing failed
	at com.charlessun.javaplcadapter.worker.impl.ConsumerWorkerImpl.pollLoop(ConsumerWorkerImpl.java:53)
	at java.base/java.lang.Thread.run(Thread.java:1583)
11:47:52.036 [Thread-4] ERROR com.charlessun.javaplcadapter.worker.impl.ConsumerWorkerImpl -- processingStrategy.process(record) 處理失敗: Processing failed
java.lang.RuntimeException: Processing failed
	at com.charlessun.javaplcadapter.worker.impl.ConsumerWorkerImpl.pollLoop(ConsumerWorkerImpl.java:53)
	at java.base/java.lang.Thread.run(Thread.java:1583)
11:47:52.036 [Thread-4] ERROR com.charlessun.javaplcadapter.worker.impl.ConsumerWorkerImpl -- processingStrategy.process(record) 處理失敗: Processing failed
java.lang.RuntimeException: Processing failed
	at com.charlessun.javaplcadapter.worker.impl.ConsumerWorkerImpl.pollLoop(ConsumerWorkerImpl.java:53)
	at java.base/java.lang.Thread.run(Thread.java:1583)
11:47:52.036 [Thread-4] ERROR com.charlessun.javaplcadapter.worker.impl.ConsumerWorkerImpl -- processingStrategy.process(record) 處理失敗: Processing failed
java.lang.RuntimeException: Processing failed
	at com.charlessun.javaplcadapter.worker.impl.ConsumerWorkerImpl.pollLoop(ConsumerWorkerImpl.java:53)
	at java.base/java.lang.Thread.run(Thread.java:1583)
11:47:52.036 [Thread-4] ERROR com.charlessun.javaplcadapter.worker.impl.ConsumerWorkerImpl -- processingStrategy.process(record) 處理失敗: Processing failed
java.lang.RuntimeException: Processing failed
	at com.charlessun.javaplcadapter.worker.impl.ConsumerWorkerImpl.pollLoop(ConsumerWorkerImpl.java:53)
	at java.base/java.lang.Thread.run(Thread.java:1583)
11:47:52.036 [Thread-4] ERROR com.charlessun.javaplcadapter.worker.impl.ConsumerWorkerImpl -- processingStrategy.process(record) 處理失敗: Processing failed
java.lang.RuntimeException: Processing failed
	at com.charlessun.javaplcadapter.worker.impl.ConsumerWorkerImpl.pollLoop(ConsumerWorkerImpl.java:53)
	at java.base/java.lang.Thread.run(Thread.java:1583)
11:47:52.036 [Thread-4] ERROR com.charlessun.javaplcadapter.worker.impl.ConsumerWorkerImpl -- processingStrategy.process(record) 處理失敗: Processing failed
java.lang.RuntimeException: Processing failed
	at com.charlessun.javaplcadapter.worker.impl.ConsumerWorkerImpl.pollLoop(ConsumerWorkerImpl.java:53)
	at java.base/java.lang.Thread.run(Thread.java:1583)
11:47:52.037 [Thread-4] ERROR com.charlessun.javaplcadapter.worker.impl.ConsumerWorkerImpl -- processingStrategy.process(record) 處理失敗: Processing failed
java.lang.RuntimeException: Processing failed
	at com.charlessun.javaplcadapter.worker.impl.ConsumerWorkerImpl.pollLoop(ConsumerWorkerImpl.java:53)
	at java.base/java.lang.Thread.run(Thread.java:1583)
11:47:52.037 [Thread-4] ERROR com.charlessun.javaplcadapter.worker.impl.ConsumerWorkerImpl -- processingStrategy.process(record) 處理失敗: Processing failed
java.lang.RuntimeException: Processing failed
	at com.charlessun.javaplcadapter.worker.impl.ConsumerWorkerImpl.pollLoop(ConsumerWorkerImpl.java:53)
	at java.base/java.lang.Thread.run(Thread.java:1583)
11:47:52.037 [Thread-4] ERROR com.charlessun.javaplcadapter.worker.impl.ConsumerWorkerImpl -- processingStrategy.process(record) 處理失敗: Processing failed
java.lang.RuntimeException: Processing failed
	at com.charlessun.javaplcadapter.worker.impl.ConsumerWorkerImpl.pollLoop(ConsumerWorkerImpl.java:53)
	at java.base/java.lang.Thread.run(Thread.java:1583)
11:47:52.037 [Thread-4] ERROR com.charlessun.javaplcadapter.worker.impl.ConsumerWorkerImpl -- processingStrategy.process(record) 處理失敗: Processing failed
java.lang.RuntimeException: Processing failed
	at com.charlessun.javaplcadapter.worker.impl.ConsumerWorkerImpl.pollLoop(ConsumerWorkerImpl.java:53)
	at java.base/java.lang.Thread.run(Thread.java:1583)
11:47:52.037 [Thread-4] ERROR com.charlessun.javaplcadapter.worker.impl.ConsumerWorkerImpl -- processingStrategy.process(record) 處理失敗: Processing failed
java.lang.RuntimeException: Processing failed
	at com.charlessun.javaplcadapter.worker.impl.ConsumerWorkerImpl.pollLoop(ConsumerWorkerImpl.java:53)
	at java.base/java.lang.Thread.run(Thread.java:1583)
11:47:52.037 [Thread-4] ERROR com.charlessun.javaplcadapter.worker.impl.ConsumerWorkerImpl -- processingStrategy.process(record) 處理失敗: Processing failed
java.lang.RuntimeException: Processing failed
	at com.charlessun.javaplcadapter.worker.impl.ConsumerWorkerImpl.pollLoop(ConsumerWorkerImpl.java:53)
	at java.base/java.lang.Thread.run(Thread.java:1583)
11:47:52.038 [Thread-4] ERROR com.charlessun.javaplcadapter.worker.impl.ConsumerWorkerImpl -- processingStrategy.process(record) 處理失敗: Processing failed
java.lang.RuntimeException: Processing failed
	at com.charlessun.javaplcadapter.worker.impl.ConsumerWorkerImpl.pollLoop(ConsumerWorkerImpl.java:53)
	at java.base/java.lang.Thread.run(Thread.java:1583)
11:47:52.038 [Thread-4] ERROR com.charlessun.javaplcadapter.worker.impl.ConsumerWorkerImpl -- processingStrategy.process(record) 處理失敗: Processing failed
java.lang.RuntimeException: Processing failed
	at com.charlessun.javaplcadapter.worker.impl.ConsumerWorkerImpl.pollLoop(ConsumerWorkerImpl.java:53)
	at java.base/java.lang.Thread.run(Thread.java:1583)
11:47:52.038 [Thread-4] ERROR com.charlessun.javaplcadapter.worker.impl.ConsumerWorkerImpl -- processingStrategy.process(record) 處理失敗: Processing failed
java.lang.RuntimeException: Processing failed
	at com.charlessun.javaplcadapter.worker.impl.ConsumerWorkerImpl.pollLoop(ConsumerWorkerImpl.java:53)
	at java.base/java.lang.Thread.run(Thread.java:1583)
11:47:52.038 [Thread-4] ERROR com.charlessun.javaplcadapter.worker.impl.ConsumerWorkerImpl -- processingStrategy.process(record) 處理失敗: Processing failed
java.lang.RuntimeException: Processing failed
	at com.charlessun.javaplcadapter.worker.impl.ConsumerWorkerImpl.pollLoop(ConsumerWorkerImpl.java:53)
	at java.base/java.lang.Thread.run(Thread.java:1583)
11:47:52.038 [Thread-4] ERROR com.charlessun.javaplcadapter.worker.impl.ConsumerWorkerImpl -- processingStrategy.process(record) 處理失敗: Processing failed
java.lang.RuntimeException: Processing failed
	at com.charlessun.javaplcadapter.worker.impl.ConsumerWorkerImpl.pollLoop(ConsumerWorkerImpl.java:53)
	at java.base/java.lang.Thread.run(Thread.java:1583)
11:47:52.038 [Thread-4] ERROR com.charlessun.javaplcadapter.worker.impl.ConsumerWorkerImpl -- processingStrategy.process(record) 處理失敗: Processing failed
java.lang.RuntimeException: Processing failed
	at com.charlessun.javaplcadapter.worker.impl.ConsumerWorkerImpl.pollLoop(ConsumerWorkerImpl.java:53)
	at java.base/java.lang.Thread.run(Thread.java:1583)
11:47:52.038 [Thread-4] ERROR com.charlessun.javaplcadapter.worker.impl.ConsumerWorkerImpl -- processingStrategy.process(record) 處理失敗: Processing failed
java.lang.RuntimeException: Processing failed
	at com.charlessun.javaplcadapter.worker.impl.ConsumerWorkerImpl.pollLoop(ConsumerWorkerImpl.java:53)
	at java.base/java.lang.Thread.run(Thread.java:1583)
11:47:52.038 [Thread-4] ERROR com.charlessun.javaplcadapter.worker.impl.ConsumerWorkerImpl -- processingStrategy.process(record) 處理失敗: Processing failed
java.lang.RuntimeException: Processing failed
	at com.charlessun.javaplcadapter.worker.impl.ConsumerWorkerImpl.pollLoop(ConsumerWorkerImpl.java:53)
	at java.base/java.lang.Thread.run(Thread.java:1583)
11:47:52.039 [Thread-4] ERROR com.charlessun.javaplcadapter.worker.impl.ConsumerWorkerImpl -- processingStrategy.process(record) 處理失敗: Processing failed
java.lang.RuntimeException: Processing failed
	at com.charlessun.javaplcadapter.worker.impl.ConsumerWorkerImpl.pollLoop(ConsumerWorkerImpl.java:53)
	at java.base/java.lang.Thread.run(Thread.java:1583)
11:47:52.039 [Thread-4] ERROR com.charlessun.javaplcadapter.worker.impl.ConsumerWorkerImpl -- processingStrategy.process(record) 處理失敗: Processing failed
java.lang.RuntimeException: Processing failed
	at com.charlessun.javaplcadapter.worker.impl.ConsumerWorkerImpl.pollLoop(ConsumerWorkerImpl.java:53)
	at java.base/java.lang.Thread.run(Thread.java:1583)
11:47:52.039 [Thread-4] ERROR com.charlessun.javaplcadapter.worker.impl.ConsumerWorkerImpl -- processingStrategy.process(record) 處理失敗: Processing failed
java.lang.RuntimeException: Processing failed
	at com.charlessun.javaplcadapter.worker.impl.ConsumerWorkerImpl.pollLoop(ConsumerWorkerImpl.java:53)
	at java.base/java.lang.Thread.run(Thread.java:1583)
11:47:52.039 [Thread-4] ERROR com.charlessun.javaplcadapter.worker.impl.ConsumerWorkerImpl -- processingStrategy.process(record) 處理失敗: Processing failed
java.lang.RuntimeException: Processing failed
	at com.charlessun.javaplcadapter.worker.impl.ConsumerWorkerImpl.pollLoop(ConsumerWorkerImpl.java:53)
	at java.base/java.lang.Thread.run(Thread.java:1583)
11:47:52.039 [Thread-4] ERROR com.charlessun.javaplcadapter.worker.impl.ConsumerWorkerImpl -- processingStrategy.process(record) 處理失敗: Processing failed
java.lang.RuntimeException: Processing failed
	at com.charlessun.javaplcadapter.worker.impl.ConsumerWorkerImpl.pollLoop(ConsumerWorkerImpl.java:53)
	at java.base/java.lang.Thread.run(Thread.java:1583)
11:47:52.039 [Thread-4] ERROR com.charlessun.javaplcadapter.worker.impl.ConsumerWorkerImpl -- processingStrategy.process(record) 處理失敗: Processing failed
java.lang.RuntimeException: Processing failed
	at com.charlessun.javaplcadapter.worker.impl.ConsumerWorkerImpl.pollLoop(ConsumerWorkerImpl.java:53)
	at java.base/java.lang.Thread.run(Thread.java:1583)
11:47:52.040 [Thread-4] ERROR com.charlessun.javaplcadapter.worker.impl.ConsumerWorkerImpl -- processingStrategy.process(record) 處理失敗: Processing failed
java.lang.RuntimeException: Processing failed
	at com.charlessun.javaplcadapter.worker.impl.ConsumerWorkerImpl.pollLoop(ConsumerWorkerImpl.java:53)
	at java.base/java.lang.Thread.run(Thread.java:1583)
11:47:52.040 [Thread-4] ERROR com.charlessun.javaplcadapter.worker.impl.ConsumerWorkerImpl -- processingStrategy.process(record) 處理失敗: Processing failed
java.lang.RuntimeException: Processing failed
	at com.charlessun.javaplcadapter.worker.impl.ConsumerWorkerImpl.pollLoop(ConsumerWorkerImpl.java:53)
	at java.base/java.lang.Thread.run(Thread.java:1583)
11:47:52.040 [Thread-4] ERROR com.charlessun.javaplcadapter.worker.impl.ConsumerWorkerImpl -- processingStrategy.process(record) 處理失敗: Processing failed
java.lang.RuntimeException: Processing failed
	at com.charlessun.javaplcadapter.worker.impl.ConsumerWorkerImpl.pollLoop(ConsumerWorkerImpl.java:53)
	at java.base/java.lang.Thread.run(Thread.java:1583)
11:47:52.040 [Thread-4] ERROR com.charlessun.javaplcadapter.worker.impl.ConsumerWorkerImpl -- processingStrategy.process(record) 處理失敗: Processing failed
java.lang.RuntimeException: Processing failed
	at com.charlessun.javaplcadapter.worker.impl.ConsumerWorkerImpl.pollLoop(ConsumerWorkerImpl.java:53)
	at java.base/java.lang.Thread.run(Thread.java:1583)
11:47:52.040 [Thread-4] ERROR com.charlessun.javaplcadapter.worker.impl.ConsumerWorkerImpl -- processingStrategy.process(record) 處理失敗: Processing failed
java.lang.RuntimeException: Processing failed
	at com.charlessun.javaplcadapter.worker.impl.ConsumerWorkerImpl.pollLoop(ConsumerWorkerImpl.java:53)
	at java.base/java.lang.Thread.run(Thread.java:1583)
11:47:52.040 [Thread-4] ERROR com.charlessun.javaplcadapter.worker.impl.ConsumerWorkerImpl -- processingStrategy.process(record) 處理失敗: Processing failed
java.lang.RuntimeException: Processing failed
	at com.charlessun.javaplcadapter.worker.impl.ConsumerWorkerImpl.pollLoop(ConsumerWorkerImpl.java:53)
	at java.base/java.lang.Thread.run(Thread.java:1583)
11:47:52.040 [Thread-4] ERROR com.charlessun.javaplcadapter.worker.impl.ConsumerWorkerImpl -- processingStrategy.process(record) 處理失敗: Processing failed
java.lang.RuntimeException: Processing failed
	at com.charlessun.javaplcadapter.worker.impl.ConsumerWorkerImpl.pollLoop(ConsumerWorkerImpl.java:53)
	at java.base/java.lang.Thread.run(Thread.java:1583)
11:47:52.040 [Thread-4] ERROR com.charlessun.javaplcadapter.worker.impl.ConsumerWorkerImpl -- processingStrategy.process(record) 處理失敗: Processing failed
java.lang.RuntimeException: Processing failed
	at com.charlessun.javaplcadapter.worker.impl.ConsumerWorkerImpl.pollLoop(ConsumerWorkerImpl.java:53)
	at java.base/java.lang.Thread.run(Thread.java:1583)
11:47:52.041 [Thread-4] ERROR com.charlessun.javaplcadapter.worker.impl.ConsumerWorkerImpl -- processingStrategy.process(record) 處理失敗: Processing failed
java.lang.RuntimeException: Processing failed
	at com.charlessun.javaplcadapter.worker.impl.ConsumerWorkerImpl.pollLoop(ConsumerWorkerImpl.java:53)
	at java.base/java.lang.Thread.run(Thread.java:1583)
11:47:52.041 [Thread-4] ERROR com.charlessun.javaplcadapter.worker.impl.ConsumerWorkerImpl -- processingStrategy.process(record) 處理失敗: Processing failed
java.lang.RuntimeException: Processing failed
	at com.charlessun.javaplcadapter.worker.impl.ConsumerWorkerImpl.pollLoop(ConsumerWorkerImpl.java:53)
	at java.base/java.lang.Thread.run(Thread.java:1583)
11:47:52.041 [Thread-4] ERROR com.charlessun.javaplcadapter.worker.impl.ConsumerWorkerImpl -- processingStrategy.process(record) 處理失敗: Processing failed
java.lang.RuntimeException: Processing failed
	at com.charlessun.javaplcadapter.worker.impl.ConsumerWorkerImpl.pollLoop(ConsumerWorkerImpl.java:53)
	at java.base/java.lang.Thread.run(Thread.java:1583)
11:47:52.041 [Thread-4] ERROR com.charlessun.javaplcadapter.worker.impl.ConsumerWorkerImpl -- processingStrategy.process(record) 處理失敗: Processing failed
java.lang.RuntimeException: Processing failed
	at com.charlessun.javaplcadapter.worker.impl.ConsumerWorkerImpl.pollLoop(ConsumerWorkerImpl.java:53)
	at java.base/java.lang.Thread.run(Thread.java:1583)
11:47:52.041 [Thread-4] ERROR com.charlessun.javaplcadapter.worker.impl.ConsumerWorkerImpl -- processingStrategy.process(record) 處理失敗: Processing failed
java.lang.RuntimeException: Processing failed
	at com.charlessun.javaplcadapter.worker.impl.ConsumerWorkerImpl.pollLoop(ConsumerWorkerImpl.java:53)
	at java.base/java.lang.Thread.run(Thread.java:1583)
11:47:52.041 [Thread-4] ERROR com.charlessun.javaplcadapter.worker.impl.ConsumerWorkerImpl -- processingStrategy.process(record) 處理失敗: Processing failed
java.lang.RuntimeException: Processing failed
	at com.charlessun.javaplcadapter.worker.impl.ConsumerWorkerImpl.pollLoop(ConsumerWorkerImpl.java:53)
	at java.base/java.lang.Thread.run(Thread.java:1583)
11:47:52.041 [Thread-4] ERROR com.charlessun.javaplcadapter.worker.impl.ConsumerWorkerImpl -- processingStrategy.process(record) 處理失敗: Processing failed
java.lang.RuntimeException: Processing failed
	at com.charlessun.javaplcadapter.worker.impl.ConsumerWorkerImpl.pollLoop(ConsumerWorkerImpl.java:53)
	at java.base/java.lang.Thread.run(Thread.java:1583)
11:47:52.042 [Thread-4] ERROR com.charlessun.javaplcadapter.worker.impl.ConsumerWorkerImpl -- processingStrategy.process(record) 處理失敗: Processing failed
java.lang.RuntimeException: Processing failed
	at com.charlessun.javaplcadapter.worker.impl.ConsumerWorkerImpl.pollLoop(ConsumerWorkerImpl.java:53)
	at java.base/java.lang.Thread.run(Thread.java:1583)
11:47:52.042 [Thread-4] ERROR com.charlessun.javaplcadapter.worker.impl.ConsumerWorkerImpl -- processingStrategy.process(record) 處理失敗: Processing failed
java.lang.RuntimeException: Processing failed
	at com.charlessun.javaplcadapter.worker.impl.ConsumerWorkerImpl.pollLoop(ConsumerWorkerImpl.java:53)
	at java.base/java.lang.Thread.run(Thread.java:1583)
11:47:52.042 [Thread-4] ERROR com.charlessun.javaplcadapter.worker.impl.ConsumerWorkerImpl -- processingStrategy.process(record) 處理失敗: Processing failed
java.lang.RuntimeException: Processing failed
	at com.charlessun.javaplcadapter.worker.impl.ConsumerWorkerImpl.pollLoop(ConsumerWorkerImpl.java:53)
	at java.base/java.lang.Thread.run(Thread.java:1583)
11:47:52.042 [Thread-4] ERROR com.charlessun.javaplcadapter.worker.impl.ConsumerWorkerImpl -- processingStrategy.process(record) 處理失敗: Processing failed
java.lang.RuntimeException: Processing failed
	at com.charlessun.javaplcadapter.worker.impl.ConsumerWorkerImpl.pollLoop(ConsumerWorkerImpl.java:53)
	at java.base/java.lang.Thread.run(Thread.java:1583)
11:47:52.042 [Thread-4] ERROR com.charlessun.javaplcadapter.worker.impl.ConsumerWorkerImpl -- processingStrategy.process(record) 處理失敗: Processing failed
java.lang.RuntimeException: Processing failed
	at com.charlessun.javaplcadapter.worker.impl.ConsumerWorkerImpl.pollLoop(ConsumerWorkerImpl.java:53)
	at java.base/java.lang.Thread.run(Thread.java:1583)
11:47:52.042 [Thread-4] ERROR com.charlessun.javaplcadapter.worker.impl.ConsumerWorkerImpl -- processingStrategy.process(record) 處理失敗: Processing failed
java.lang.RuntimeException: Processing failed
	at com.charlessun.javaplcadapter.worker.impl.ConsumerWorkerImpl.pollLoop(ConsumerWorkerImpl.java:53)
	at java.base/java.lang.Thread.run(Thread.java:1583)
11:47:52.042 [Thread-4] ERROR com.charlessun.javaplcadapter.worker.impl.ConsumerWorkerImpl -- processingStrategy.process(record) 處理失敗: Processing failed
java.lang.RuntimeException: Processing failed
	at com.charlessun.javaplcadapter.worker.impl.ConsumerWorkerImpl.pollLoop(ConsumerWorkerImpl.java:53)
	at java.base/java.lang.Thread.run(Thread.java:1583)
11:47:52.043 [Thread-4] ERROR com.charlessun.javaplcadapter.worker.impl.ConsumerWorkerImpl -- processingStrategy.process(record) 處理失敗: Processing failed
java.lang.RuntimeException: Processing failed
	at com.charlessun.javaplcadapter.worker.impl.ConsumerWorkerImpl.pollLoop(ConsumerWorkerImpl.java:53)
	at java.base/java.lang.Thread.run(Thread.java:1583)
11:47:52.043 [Thread-4] ERROR com.charlessun.javaplcadapter.worker.impl.ConsumerWorkerImpl -- processingStrategy.process(record) 處理失敗: Processing failed
java.lang.RuntimeException: Processing failed
	at com.charlessun.javaplcadapter.worker.impl.ConsumerWorkerImpl.pollLoop(ConsumerWorkerImpl.java:53)
	at java.base/java.lang.Thread.run(Thread.java:1583)
11:47:52.043 [Thread-4] ERROR com.charlessun.javaplcadapter.worker.impl.ConsumerWorkerImpl -- processingStrategy.process(record) 處理失敗: Processing failed
java.lang.RuntimeException: Processing failed
	at com.charlessun.javaplcadapter.worker.impl.ConsumerWorkerImpl.pollLoop(ConsumerWorkerImpl.java:53)
	at java.base/java.lang.Thread.run(Thread.java:1583)
11:47:52.043 [Thread-4] ERROR com.charlessun.javaplcadapter.worker.impl.ConsumerWorkerImpl -- processingStrategy.process(record) 處理失敗: Processing failed
java.lang.RuntimeException: Processing failed
	at com.charlessun.javaplcadapter.worker.impl.ConsumerWorkerImpl.pollLoop(ConsumerWorkerImpl.java:53)
	at java.base/java.lang.Thread.run(Thread.java:1583)
11:47:52.043 [Thread-4] ERROR com.charlessun.javaplcadapter.worker.impl.ConsumerWorkerImpl -- processingStrategy.process(record) 處理失敗: Processing failed
java.lang.RuntimeException: Processing failed
	at com.charlessun.javaplcadapter.worker.impl.ConsumerWorkerImpl.pollLoop(ConsumerWorkerImpl.java:53)
	at java.base/java.lang.Thread.run(Thread.java:1583)
11:47:52.043 [Thread-4] ERROR com.charlessun.javaplcadapter.worker.impl.ConsumerWorkerImpl -- processingStrategy.process(record) 處理失敗: Processing failed
java.lang.RuntimeException: Processing failed
	at com.charlessun.javaplcadapter.worker.impl.ConsumerWorkerImpl.pollLoop(ConsumerWorkerImpl.java:53)
	at java.base/java.lang.Thread.run(Thread.java:1583)
11:47:52.043 [Thread-4] ERROR com.charlessun.javaplcadapter.worker.impl.ConsumerWorkerImpl -- processingStrategy.process(record) 處理失敗: Processing failed
java.lang.RuntimeException: Processing failed
	at com.charlessun.javaplcadapter.worker.impl.ConsumerWorkerImpl.pollLoop(ConsumerWorkerImpl.java:53)
	at java.base/java.lang.Thread.run(Thread.java:1583)
11:47:52.043 [Thread-4] ERROR com.charlessun.javaplcadapter.worker.impl.ConsumerWorkerImpl -- processingStrategy.process(record) 處理失敗: Processing failed
java.lang.RuntimeException: Processing failed
	at com.charlessun.javaplcadapter.worker.impl.ConsumerWorkerImpl.pollLoop(ConsumerWorkerImpl.java:53)
	at java.base/java.lang.Thread.run(Thread.java:1583)
11:47:52.043 [Thread-4] ERROR com.charlessun.javaplcadapter.worker.impl.ConsumerWorkerImpl -- processingStrategy.process(record) 處理失敗: Processing failed
java.lang.RuntimeException: Processing failed
	at com.charlessun.javaplcadapter.worker.impl.ConsumerWorkerImpl.pollLoop(ConsumerWorkerImpl.java:53)
	at java.base/java.lang.Thread.run(Thread.java:1583)
11:47:52.044 [Thread-4] ERROR com.charlessun.javaplcadapter.worker.impl.ConsumerWorkerImpl -- processingStrategy.process(record) 處理失敗: Processing failed
java.lang.RuntimeException: Processing failed
	at com.charlessun.javaplcadapter.worker.impl.ConsumerWorkerImpl.pollLoop(ConsumerWorkerImpl.java:53)
	at java.base/java.lang.Thread.run(Thread.java:1583)
11:47:52.044 [Thread-4] ERROR com.charlessun.javaplcadapter.worker.impl.ConsumerWorkerImpl -- processingStrategy.process(record) 處理失敗: Processing failed
java.lang.RuntimeException: Processing failed
	at com.charlessun.javaplcadapter.worker.impl.ConsumerWorkerImpl.pollLoop(ConsumerWorkerImpl.java:53)
	at java.base/java.lang.Thread.run(Thread.java:1583)
11:47:52.044 [Thread-4] ERROR com.charlessun.javaplcadapter.worker.impl.ConsumerWorkerImpl -- processingStrategy.process(record) 處理失敗: Processing failed
java.lang.RuntimeException: Processing failed
	at com.charlessun.javaplcadapter.worker.impl.ConsumerWorkerImpl.pollLoop(ConsumerWorkerImpl.java:53)
	at java.base/java.lang.Thread.run(Thread.java:1583)
11:47:52.044 [Thread-4] ERROR com.charlessun.javaplcadapter.worker.impl.ConsumerWorkerImpl -- processingStrategy.process(record) 處理失敗: Processing failed
java.lang.RuntimeException: Processing failed
	at com.charlessun.javaplcadapter.worker.impl.ConsumerWorkerImpl.pollLoop(ConsumerWorkerImpl.java:53)
	at java.base/java.lang.Thread.run(Thread.java:1583)
11:47:52.044 [Thread-4] ERROR com.charlessun.javaplcadapter.worker.impl.ConsumerWorkerImpl -- processingStrategy.process(record) 處理失敗: Processing failed
java.lang.RuntimeException: Processing failed
	at com.charlessun.javaplcadapter.worker.impl.ConsumerWorkerImpl.pollLoop(ConsumerWorkerImpl.java:53)
	at java.base/java.lang.Thread.run(Thread.java:1583)
11:47:52.044 [Thread-4] ERROR com.charlessun.javaplcadapter.worker.impl.ConsumerWorkerImpl -- processingStrategy.process(record) 處理失敗: Processing failed
java.lang.RuntimeException: Processing failed
	at com.charlessun.javaplcadapter.worker.impl.ConsumerWorkerImpl.pollLoop(ConsumerWorkerImpl.java:53)
	at java.base/java.lang.Thread.run(Thread.java:1583)
11:47:52.044 [Thread-4] ERROR com.charlessun.javaplcadapter.worker.impl.ConsumerWorkerImpl -- processingStrategy.process(record) 處理失敗: Processing failed
java.lang.RuntimeException: Processing failed
	at com.charlessun.javaplcadapter.worker.impl.ConsumerWorkerImpl.pollLoop(ConsumerWorkerImpl.java:53)
	at java.base/java.lang.Thread.run(Thread.java:1583)
11:47:52.044 [Thread-4] ERROR com.charlessun.javaplcadapter.worker.impl.ConsumerWorkerImpl -- processingStrategy.process(record) 處理失敗: Processing failed
java.lang.RuntimeException: Processing failed
	at com.charlessun.javaplcadapter.worker.impl.ConsumerWorkerImpl.pollLoop(ConsumerWorkerImpl.java:53)
	at java.base/java.lang.Thread.run(Thread.java:1583)
11:47:52.045 [Thread-4] ERROR com.charlessun.javaplcadapter.worker.impl.ConsumerWorkerImpl -- processingStrategy.process(record) 處理失敗: Processing failed
java.lang.RuntimeException: Processing failed
	at com.charlessun.javaplcadapter.worker.impl.ConsumerWorkerImpl.pollLoop(ConsumerWorkerImpl.java:53)
	at java.base/java.lang.Thread.run(Thread.java:1583)
11:47:52.045 [Thread-4] ERROR com.charlessun.javaplcadapter.worker.impl.ConsumerWorkerImpl -- processingStrategy.process(record) 處理失敗: Processing failed
java.lang.RuntimeException: Processing failed
	at com.charlessun.javaplcadapter.worker.impl.ConsumerWorkerImpl.pollLoop(ConsumerWorkerImpl.java:53)
	at java.base/java.lang.Thread.run(Thread.java:1583)
11:47:52.045 [Thread-4] ERROR com.charlessun.javaplcadapter.worker.impl.ConsumerWorkerImpl -- processingStrategy.process(record) 處理失敗: Processing failed
java.lang.RuntimeException: Processing failed
	at com.charlessun.javaplcadapter.worker.impl.ConsumerWorkerImpl.pollLoop(ConsumerWorkerImpl.java:53)
	at java.base/java.lang.Thread.run(Thread.java:1583)
11:47:52.045 [Thread-4] ERROR com.charlessun.javaplcadapter.worker.impl.ConsumerWorkerImpl -- processingStrategy.process(record) 處理失敗: Processing failed
java.lang.RuntimeException: Processing failed
	at com.charlessun.javaplcadapter.worker.impl.ConsumerWorkerImpl.pollLoop(ConsumerWorkerImpl.java:53)
	at java.base/java.lang.Thread.run(Thread.java:1583)
11:47:52.045 [Thread-4] ERROR com.charlessun.javaplcadapter.worker.impl.ConsumerWorkerImpl -- processingStrategy.process(record) 處理失敗: Processing failed
java.lang.RuntimeException: Processing failed
	at com.charlessun.javaplcadapter.worker.impl.ConsumerWorkerImpl.pollLoop(ConsumerWorkerImpl.java:53)
	at java.base/java.lang.Thread.run(Thread.java:1583)
11:47:52.045 [Thread-4] ERROR com.charlessun.javaplcadapter.worker.impl.ConsumerWorkerImpl -- processingStrategy.process(record) 處理失敗: Processing failed
java.lang.RuntimeException: Processing failed
	at com.charlessun.javaplcadapter.worker.impl.ConsumerWorkerImpl.pollLoop(ConsumerWorkerImpl.java:53)
	at java.base/java.lang.Thread.run(Thread.java:1583)
11:47:52.045 [Thread-4] ERROR com.charlessun.javaplcadapter.worker.impl.ConsumerWorkerImpl -- processingStrategy.process(record) 處理失敗: Processing failed
java.lang.RuntimeException: Processing failed
	at com.charlessun.javaplcadapter.worker.impl.ConsumerWorkerImpl.pollLoop(ConsumerWorkerImpl.java:53)
	at java.base/java.lang.Thread.run(Thread.java:1583)
11:47:52.046 [Thread-4] ERROR com.charlessun.javaplcadapter.worker.impl.ConsumerWorkerImpl -- processingStrategy.process(record) 處理失敗: Processing failed
java.lang.RuntimeException: Processing failed
	at com.charlessun.javaplcadapter.worker.impl.ConsumerWorkerImpl.pollLoop(ConsumerWorkerImpl.java:53)
	at java.base/java.lang.Thread.run(Thread.java:1583)
11:47:52.046 [Thread-4] ERROR com.charlessun.javaplcadapter.worker.impl.ConsumerWorkerImpl -- processingStrategy.process(record) 處理失敗: Processing failed
java.lang.RuntimeException: Processing failed
	at com.charlessun.javaplcadapter.worker.impl.ConsumerWorkerImpl.pollLoop(ConsumerWorkerImpl.java:53)
	at java.base/java.lang.Thread.run(Thread.java:1583)
11:47:52.046 [Thread-4] ERROR com.charlessun.javaplcadapter.worker.impl.ConsumerWorkerImpl -- processingStrategy.process(record) 處理失敗: Processing failed
java.lang.RuntimeException: Processing failed
	at com.charlessun.javaplcadapter.worker.impl.ConsumerWorkerImpl.pollLoop(ConsumerWorkerImpl.java:53)
	at java.base/java.lang.Thread.run(Thread.java:1583)
11:47:52.046 [Thread-4] ERROR com.charlessun.javaplcadapter.worker.impl.ConsumerWorkerImpl -- processingStrategy.process(record) 處理失敗: Processing failed
java.lang.RuntimeException: Processing failed
	at com.charlessun.javaplcadapter.worker.impl.ConsumerWorkerImpl.pollLoop(ConsumerWorkerImpl.java:53)
	at java.base/java.lang.Thread.run(Thread.java:1583)
11:47:52.046 [Thread-4] ERROR com.charlessun.javaplcadapter.worker.impl.ConsumerWorkerImpl -- processingStrategy.process(record) 處理失敗: Processing failed
java.lang.RuntimeException: Processing failed
	at com.charlessun.javaplcadapter.worker.impl.ConsumerWorkerImpl.pollLoop(ConsumerWorkerImpl.java:53)
	at java.base/java.lang.Thread.run(Thread.java:1583)
11:47:52.047 [Thread-4] ERROR com.charlessun.javaplcadapter.worker.impl.ConsumerWorkerImpl -- processingStrategy.process(record) 處理失敗: Processing failed
java.lang.RuntimeException: Processing failed
	at com.charlessun.javaplcadapter.worker.impl.ConsumerWorkerImpl.pollLoop(ConsumerWorkerImpl.java:53)
	at java.base/java.lang.Thread.run(Thread.java:1583)
11:47:52.047 [Thread-4] ERROR com.charlessun.javaplcadapter.worker.impl.ConsumerWorkerImpl -- processingStrategy.process(record) 處理失敗: Processing failed
java.lang.RuntimeException: Processing failed
	at com.charlessun.javaplcadapter.worker.impl.ConsumerWorkerImpl.pollLoop(ConsumerWorkerImpl.java:53)
	at java.base/java.lang.Thread.run(Thread.java:1583)
11:47:52.047 [Thread-4] ERROR com.charlessun.javaplcadapter.worker.impl.ConsumerWorkerImpl -- processingStrategy.process(record) 處理失敗: Processing failed
java.lang.RuntimeException: Processing failed
	at com.charlessun.javaplcadapter.worker.impl.ConsumerWorkerImpl.pollLoop(ConsumerWorkerImpl.java:53)
	at java.base/java.lang.Thread.run(Thread.java:1583)
11:47:52.047 [Thread-4] ERROR com.charlessun.javaplcadapter.worker.impl.ConsumerWorkerImpl -- processingStrategy.process(record) 處理失敗: Processing failed
java.lang.RuntimeException: Processing failed
	at com.charlessun.javaplcadapter.worker.impl.ConsumerWorkerImpl.pollLoop(ConsumerWorkerImpl.java:53)
	at java.base/java.lang.Thread.run(Thread.java:1583)
11:47:52.047 [Thread-4] ERROR com.charlessun.javaplcadapter.worker.impl.ConsumerWorkerImpl -- processingStrategy.process(record) 處理失敗: Processing failed
java.lang.RuntimeException: Processing failed
	at com.charlessun.javaplcadapter.worker.impl.ConsumerWorkerImpl.pollLoop(ConsumerWorkerImpl.java:53)
	at java.base/java.lang.Thread.run(Thread.java:1583)
11:47:52.047 [Thread-4] ERROR com.charlessun.javaplcadapter.worker.impl.ConsumerWorkerImpl -- processingStrategy.process(record) 處理失敗: Processing failed
java.lang.RuntimeException: Processing failed
	at com.charlessun.javaplcadapter.worker.impl.ConsumerWorkerImpl.pollLoop(ConsumerWorkerImpl.java:53)
	at java.base/java.lang.Thread.run(Thread.java:1583)
11:47:52.047 [Thread-4] ERROR com.charlessun.javaplcadapter.worker.impl.ConsumerWorkerImpl -- processingStrategy.process(record) 處理失敗: Processing failed
java.lang.RuntimeException: Processing failed
	at com.charlessun.javaplcadapter.worker.impl.ConsumerWorkerImpl.pollLoop(ConsumerWorkerImpl.java:53)
	at java.base/java.lang.Thread.run(Thread.java:1583)
11:47:52.047 [Thread-4] ERROR com.charlessun.javaplcadapter.worker.impl.ConsumerWorkerImpl -- processingStrategy.process(record) 處理失敗: Processing failed
java.lang.RuntimeException: Processing failed
	at com.charlessun.javaplcadapter.worker.impl.ConsumerWorkerImpl.pollLoop(ConsumerWorkerImpl.java:53)
	at java.base/java.lang.Thread.run(Thread.java:1583)
11:47:52.048 [Thread-4] ERROR com.charlessun.javaplcadapter.worker.impl.ConsumerWorkerImpl -- processingStrategy.process(record) 處理失敗: Processing failed
java.lang.RuntimeException: Processing failed
	at com.charlessun.javaplcadapter.worker.impl.ConsumerWorkerImpl.pollLoop(ConsumerWorkerImpl.java:53)
	at java.base/java.lang.Thread.run(Thread.java:1583)
11:47:52.048 [Thread-4] ERROR com.charlessun.javaplcadapter.worker.impl.ConsumerWorkerImpl -- processingStrategy.process(record) 處理失敗: Processing failed
java.lang.RuntimeException: Processing failed
	at com.charlessun.javaplcadapter.worker.impl.ConsumerWorkerImpl.pollLoop(ConsumerWorkerImpl.java:53)
	at java.base/java.lang.Thread.run(Thread.java:1583)
11:47:52.048 [Thread-4] ERROR com.charlessun.javaplcadapter.worker.impl.ConsumerWorkerImpl -- processingStrategy.process(record) 處理失敗: Processing failed
java.lang.RuntimeException: Processing failed
	at com.charlessun.javaplcadapter.worker.impl.ConsumerWorkerImpl.pollLoop(ConsumerWorkerImpl.java:53)
	at java.base/java.lang.Thread.run(Thread.java:1583)
11:47:52.048 [Thread-4] ERROR com.charlessun.javaplcadapter.worker.impl.ConsumerWorkerImpl -- processingStrategy.process(record) 處理失敗: Processing failed
java.lang.RuntimeException: Processing failed
	at com.charlessun.javaplcadapter.worker.impl.ConsumerWorkerImpl.pollLoop(ConsumerWorkerImpl.java:53)
	at java.base/java.lang.Thread.run(Thread.java:1583)
11:47:52.048 [Thread-4] ERROR com.charlessun.javaplcadapter.worker.impl.ConsumerWorkerImpl -- processingStrategy.process(record) 處理失敗: Processing failed
java.lang.RuntimeException: Processing failed
	at com.charlessun.javaplcadapter.worker.impl.ConsumerWorkerImpl.pollLoop(ConsumerWorkerImpl.java:53)
	at java.base/java.lang.Thread.run(Thread.java:1583)
11:47:52.048 [Thread-4] ERROR com.charlessun.javaplcadapter.worker.impl.ConsumerWorkerImpl -- processingStrategy.process(record) 處理失敗: Processing failed
java.lang.RuntimeException: Processing failed
	at com.charlessun.javaplcadapter.worker.impl.ConsumerWorkerImpl.pollLoop(ConsumerWorkerImpl.java:53)
	at java.base/java.lang.Thread.run(Thread.java:1583)
11:47:52.048 [Thread-4] ERROR com.charlessun.javaplcadapter.worker.impl.ConsumerWorkerImpl -- processingStrategy.process(record) 處理失敗: Processing failed
java.lang.RuntimeException: Processing failed
	at com.charlessun.javaplcadapter.worker.impl.ConsumerWorkerImpl.pollLoop(ConsumerWorkerImpl.java:53)
	at java.base/java.lang.Thread.run(Thread.java:1583)
11:47:52.049 [Thread-4] ERROR com.charlessun.javaplcadapter.worker.impl.ConsumerWorkerImpl -- processingStrategy.process(record) 處理失敗: Processing failed
java.lang.RuntimeException: Processing failed
	at com.charlessun.javaplcadapter.worker.impl.ConsumerWorkerImpl.pollLoop(ConsumerWorkerImpl.java:53)
	at java.base/java.lang.Thread.run(Thread.java:1583)
11:47:52.049 [Thread-4] ERROR com.charlessun.javaplcadapter.worker.impl.ConsumerWorkerImpl -- processingStrategy.process(record) 處理失敗: Processing failed
java.lang.RuntimeException: Processing failed
	at com.charlessun.javaplcadapter.worker.impl.ConsumerWorkerImpl.pollLoop(ConsumerWorkerImpl.java:53)
	at java.base/java.lang.Thread.run(Thread.java:1583)
11:47:52.049 [Thread-4] ERROR com.charlessun.javaplcadapter.worker.impl.ConsumerWorkerImpl -- processingStrategy.process(record) 處理失敗: Processing failed
java.lang.RuntimeException: Processing failed
	at com.charlessun.javaplcadapter.worker.impl.ConsumerWorkerImpl.pollLoop(ConsumerWorkerImpl.java:53)
	at java.base/java.lang.Thread.run(Thread.java:1583)
11:47:52.049 [Thread-4] ERROR com.charlessun.javaplcadapter.worker.impl.ConsumerWorkerImpl -- processingStrategy.process(record) 處理失敗: Processing failed
java.lang.RuntimeException: Processing failed
	at com.charlessun.javaplcadapter.worker.impl.ConsumerWorkerImpl.pollLoop(ConsumerWorkerImpl.java:53)
	at java.base/java.lang.Thread.run(Thread.java:1583)
11:47:52.049 [Thread-4] ERROR com.charlessun.javaplcadapter.worker.impl.ConsumerWorkerImpl -- processingStrategy.process(record) 處理失敗: Processing failed
java.lang.RuntimeException: Processing failed
	at com.charlessun.javaplcadapter.worker.impl.ConsumerWorkerImpl.pollLoop(ConsumerWorkerImpl.java:53)
	at java.base/java.lang.Thread.run(Thread.java:1583)
11:47:52.049 [Thread-4] ERROR com.charlessun.javaplcadapter.worker.impl.ConsumerWorkerImpl -- processingStrategy.process(record) 處理失敗: Processing failed
java.lang.RuntimeException: Processing failed
	at com.charlessun.javaplcadapter.worker.impl.ConsumerWorkerImpl.pollLoop(ConsumerWorkerImpl.java:53)
	at java.base/java.lang.Thread.run(Thread.java:1583)
11:47:52.049 [Thread-4] ERROR com.charlessun.javaplcadapter.worker.impl.ConsumerWorkerImpl -- processingStrategy.process(record) 處理失敗: Processing failed
java.lang.RuntimeException: Processing failed
	at com.charlessun.javaplcadapter.worker.impl.ConsumerWorkerImpl.pollLoop(ConsumerWorkerImpl.java:53)
	at java.base/java.lang.Thread.run(Thread.java:1583)
11:47:52.049 [Thread-4] ERROR com.charlessun.javaplcadapter.worker.impl.ConsumerWorkerImpl -- processingStrategy.process(record) 處理失敗: Processing failed
java.lang.RuntimeException: Processing failed
	at com.charlessun.javaplcadapter.worker.impl.ConsumerWorkerImpl.pollLoop(ConsumerWorkerImpl.java:53)
	at java.base/java.lang.Thread.run(Thread.java:1583)
11:47:52.049 [Thread-4] ERROR com.charlessun.javaplcadapter.worker.impl.ConsumerWorkerImpl -- processingStrategy.process(record) 處理失敗: Processing failed
java.lang.RuntimeException: Processing failed
	at com.charlessun.javaplcadapter.worker.impl.ConsumerWorkerImpl.pollLoop(ConsumerWorkerImpl.java:53)
	at java.base/java.lang.Thread.run(Thread.java:1583)
11:47:52.050 [Thread-4] ERROR com.charlessun.javaplcadapter.worker.impl.ConsumerWorkerImpl -- processingStrategy.process(record) 處理失敗: Processing failed
java.lang.RuntimeException: Processing failed
	at com.charlessun.javaplcadapter.worker.impl.ConsumerWorkerImpl.pollLoop(ConsumerWorkerImpl.java:53)
	at java.base/java.lang.Thread.run(Thread.java:1583)
11:47:52.050 [Thread-4] ERROR com.charlessun.javaplcadapter.worker.impl.ConsumerWorkerImpl -- processingStrategy.process(record) 處理失敗: Processing failed
java.lang.RuntimeException: Processing failed
	at com.charlessun.javaplcadapter.worker.impl.ConsumerWorkerImpl.pollLoop(ConsumerWorkerImpl.java:53)
	at java.base/java.lang.Thread.run(Thread.java:1583)
11:47:52.050 [Thread-4] ERROR com.charlessun.javaplcadapter.worker.impl.ConsumerWorkerImpl -- processingStrategy.process(record) 處理失敗: Processing failed
java.lang.RuntimeException: Processing failed
	at com.charlessun.javaplcadapter.worker.impl.ConsumerWorkerImpl.pollLoop(ConsumerWorkerImpl.java:53)
	at java.base/java.lang.Thread.run(Thread.java:1583)
11:47:52.050 [Thread-4] ERROR com.charlessun.javaplcadapter.worker.impl.ConsumerWorkerImpl -- processingStrategy.process(record) 處理失敗: Processing failed
java.lang.RuntimeException: Processing failed
	at com.charlessun.javaplcadapter.worker.impl.ConsumerWorkerImpl.pollLoop(ConsumerWorkerImpl.java:53)
	at java.base/java.lang.Thread.run(Thread.java:1583)
11:47:52.050 [Thread-4] ERROR com.charlessun.javaplcadapter.worker.impl.ConsumerWorkerImpl -- processingStrategy.process(record) 處理失敗: Processing failed
java.lang.RuntimeException: Processing failed
	at com.charlessun.javaplcadapter.worker.impl.ConsumerWorkerImpl.pollLoop(ConsumerWorkerImpl.java:53)
	at java.base/java.lang.Thread.run(Thread.java:1583)
11:47:52.050 [Thread-4] ERROR com.charlessun.javaplcadapter.worker.impl.ConsumerWorkerImpl -- processingStrategy.process(record) 處理失敗: Processing failed
java.lang.RuntimeException: Processing failed
	at com.charlessun.javaplcadapter.worker.impl.ConsumerWorkerImpl.pollLoop(ConsumerWorkerImpl.java:53)
	at java.base/java.lang.Thread.run(Thread.java:1583)
11:47:52.050 [Thread-4] ERROR com.charlessun.javaplcadapter.worker.impl.ConsumerWorkerImpl -- processingStrategy.process(record) 處理失敗: Processing failed
java.lang.RuntimeException: Processing failed
	at com.charlessun.javaplcadapter.worker.impl.ConsumerWorkerImpl.pollLoop(ConsumerWorkerImpl.java:53)
	at java.base/java.lang.Thread.run(Thread.java:1583)
11:47:52.051 [Thread-4] ERROR com.charlessun.javaplcadapter.worker.impl.ConsumerWorkerImpl -- processingStrategy.process(record) 處理失敗: Processing failed
java.lang.RuntimeException: Processing failed
	at com.charlessun.javaplcadapter.worker.impl.ConsumerWorkerImpl.pollLoop(ConsumerWorkerImpl.java:53)
	at java.base/java.lang.Thread.run(Thread.java:1583)
11:47:52.051 [Thread-4] ERROR com.charlessun.javaplcadapter.worker.impl.ConsumerWorkerImpl -- processingStrategy.process(record) 處理失敗: Processing failed
java.lang.RuntimeException: Processing failed
	at com.charlessun.javaplcadapter.worker.impl.ConsumerWorkerImpl.pollLoop(ConsumerWorkerImpl.java:53)
	at java.base/java.lang.Thread.run(Thread.java:1583)
11:47:52.051 [Thread-4] ERROR com.charlessun.javaplcadapter.worker.impl.ConsumerWorkerImpl -- processingStrategy.process(record) 處理失敗: Processing failed
java.lang.RuntimeException: Processing failed
	at com.charlessun.javaplcadapter.worker.impl.ConsumerWorkerImpl.pollLoop(ConsumerWorkerImpl.java:53)
	at java.base/java.lang.Thread.run(Thread.java:1583)
11:47:52.051 [Thread-4] ERROR com.charlessun.javaplcadapter.worker.impl.ConsumerWorkerImpl -- processingStrategy.process(record) 處理失敗: Processing failed
java.lang.RuntimeException: Processing failed
	at com.charlessun.javaplcadapter.worker.impl.ConsumerWorkerImpl.pollLoop(ConsumerWorkerImpl.java:53)
	at java.base/java.lang.Thread.run(Thread.java:1583)
11:47:52.051 [Thread-4] ERROR com.charlessun.javaplcadapter.worker.impl.ConsumerWorkerImpl -- processingStrategy.process(record) 處理失敗: Processing failed
java.lang.RuntimeException: Processing failed
	at com.charlessun.javaplcadapter.worker.impl.ConsumerWorkerImpl.pollLoop(ConsumerWorkerImpl.java:53)
	at java.base/java.lang.Thread.run(Thread.java:1583)
11:47:52.051 [Thread-4] ERROR com.charlessun.javaplcadapter.worker.impl.ConsumerWorkerImpl -- processingStrategy.process(record) 處理失敗: Processing failed
java.lang.RuntimeException: Processing failed
	at com.charlessun.javaplcadapter.worker.impl.ConsumerWorkerImpl.pollLoop(ConsumerWorkerImpl.java:53)
	at java.base/java.lang.Thread.run(Thread.java:1583)
11:47:52.051 [Thread-4] ERROR com.charlessun.javaplcadapter.worker.impl.ConsumerWorkerImpl -- processingStrategy.process(record) 處理失敗: Processing failed
java.lang.RuntimeException: Processing failed
	at com.charlessun.javaplcadapter.worker.impl.ConsumerWorkerImpl.pollLoop(ConsumerWorkerImpl.java:53)
	at java.base/java.lang.Thread.run(Thread.java:1583)
11:47:52.052 [Thread-4] ERROR com.charlessun.javaplcadapter.worker.impl.ConsumerWorkerImpl -- processingStrategy.process(record) 處理失敗: Processing failed
java.lang.RuntimeException: Processing failed
	at com.charlessun.javaplcadapter.worker.impl.ConsumerWorkerImpl.pollLoop(ConsumerWorkerImpl.java:53)
	at java.base/java.lang.Thread.run(Thread.java:1583)
11:47:52.052 [Thread-4] ERROR com.charlessun.javaplcadapter.worker.impl.ConsumerWorkerImpl -- processingStrategy.process(record) 處理失敗: Processing failed
java.lang.RuntimeException: Processing failed
	at com.charlessun.javaplcadapter.worker.impl.ConsumerWorkerImpl.pollLoop(ConsumerWorkerImpl.java:53)
	at java.base/java.lang.Thread.run(Thread.java:1583)
11:47:52.052 [Thread-4] ERROR com.charlessun.javaplcadapter.worker.impl.ConsumerWorkerImpl -- processingStrategy.process(record) 處理失敗: Processing failed
java.lang.RuntimeException: Processing failed
	at com.charlessun.javaplcadapter.worker.impl.ConsumerWorkerImpl.pollLoop(ConsumerWorkerImpl.java:53)
	at java.base/java.lang.Thread.run(Thread.java:1583)
11:47:52.052 [Thread-4] ERROR com.charlessun.javaplcadapter.worker.impl.ConsumerWorkerImpl -- processingStrategy.process(record) 處理失敗: Processing failed
java.lang.RuntimeException: Processing failed
	at com.charlessun.javaplcadapter.worker.impl.ConsumerWorkerImpl.pollLoop(ConsumerWorkerImpl.java:53)
	at java.base/java.lang.Thread.run(Thread.java:1583)
11:47:52.052 [Thread-4] ERROR com.charlessun.javaplcadapter.worker.impl.ConsumerWorkerImpl -- processingStrategy.process(record) 處理失敗: Processing failed
java.lang.RuntimeException: Processing failed
	at com.charlessun.javaplcadapter.worker.impl.ConsumerWorkerImpl.pollLoop(ConsumerWorkerImpl.java:53)
	at java.base/java.lang.Thread.run(Thread.java:1583)
11:47:52.052 [Thread-4] ERROR com.charlessun.javaplcadapter.worker.impl.ConsumerWorkerImpl -- processingStrategy.process(record) 處理失敗: Processing failed
java.lang.RuntimeException: Processing failed
	at com.charlessun.javaplcadapter.worker.impl.ConsumerWorkerImpl.pollLoop(ConsumerWorkerImpl.java:53)
	at java.base/java.lang.Thread.run(Thread.java:1583)
11:47:52.052 [Thread-4] ERROR com.charlessun.javaplcadapter.worker.impl.ConsumerWorkerImpl -- processingStrategy.process(record) 處理失敗: Processing failed
java.lang.RuntimeException: Processing failed
	at com.charlessun.javaplcadapter.worker.impl.ConsumerWorkerImpl.pollLoop(ConsumerWorkerImpl.java:53)
	at java.base/java.lang.Thread.run(Thread.java:1583)
11:47:52.053 [Thread-4] ERROR com.charlessun.javaplcadapter.worker.impl.ConsumerWorkerImpl -- processingStrategy.process(record) 處理失敗: Processing failed
java.lang.RuntimeException: Processing failed
	at com.charlessun.javaplcadapter.worker.impl.ConsumerWorkerImpl.pollLoop(ConsumerWorkerImpl.java:53)
	at java.base/java.lang.Thread.run(Thread.java:1583)
11:47:52.053 [Thread-4] ERROR com.charlessun.javaplcadapter.worker.impl.ConsumerWorkerImpl -- processingStrategy.process(record) 處理失敗: Processing failed
java.lang.RuntimeException: Processing failed
	at com.charlessun.javaplcadapter.worker.impl.ConsumerWorkerImpl.pollLoop(ConsumerWorkerImpl.java:53)
	at java.base/java.lang.Thread.run(Thread.java:1583)
11:47:52.053 [Thread-4] ERROR com.charlessun.javaplcadapter.worker.impl.ConsumerWorkerImpl -- processingStrategy.process(record) 處理失敗: Processing failed
java.lang.RuntimeException: Processing failed
	at com.charlessun.javaplcadapter.worker.impl.ConsumerWorkerImpl.pollLoop(ConsumerWorkerImpl.java:53)
	at java.base/java.lang.Thread.run(Thread.java:1583)
11:47:52.054 [Thread-4] ERROR com.charlessun.javaplcadapter.worker.impl.ConsumerWorkerImpl -- processingStrategy.process(record) 處理失敗: Processing failed
java.lang.RuntimeException: Processing failed
	at com.charlessun.javaplcadapter.worker.impl.ConsumerWorkerImpl.pollLoop(ConsumerWorkerImpl.java:53)
	at java.base/java.lang.Thread.run(Thread.java:1583)
11:47:52.054 [Thread-4] ERROR com.charlessun.javaplcadapter.worker.impl.ConsumerWorkerImpl -- processingStrategy.process(record) 處理失敗: Processing failed
java.lang.RuntimeException: Processing failed
	at com.charlessun.javaplcadapter.worker.impl.ConsumerWorkerImpl.pollLoop(ConsumerWorkerImpl.java:53)
	at java.base/java.lang.Thread.run(Thread.java:1583)
11:47:52.054 [Thread-4] ERROR com.charlessun.javaplcadapter.worker.impl.ConsumerWorkerImpl -- processingStrategy.process(record) 處理失敗: Processing failed
java.lang.RuntimeException: Processing failed
	at com.charlessun.javaplcadapter.worker.impl.ConsumerWorkerImpl.pollLoop(ConsumerWorkerImpl.java:53)
	at java.base/java.lang.Thread.run(Thread.java:1583)
11:47:52.054 [Thread-4] ERROR com.charlessun.javaplcadapter.worker.impl.ConsumerWorkerImpl -- processingStrategy.process(record) 處理失敗: Processing failed
java.lang.RuntimeException: Processing failed
	at com.charlessun.javaplcadapter.worker.impl.ConsumerWorkerImpl.pollLoop(ConsumerWorkerImpl.java:53)
	at java.base/java.lang.Thread.run(Thread.java:1583)
11:47:52.054 [Thread-4] ERROR com.charlessun.javaplcadapter.worker.impl.ConsumerWorkerImpl -- processingStrategy.process(record) 處理失敗: Processing failed
java.lang.RuntimeException: Processing failed
	at com.charlessun.javaplcadapter.worker.impl.ConsumerWorkerImpl.pollLoop(ConsumerWorkerImpl.java:53)
	at java.base/java.lang.Thread.run(Thread.java:1583)
11:47:52.054 [Thread-4] ERROR com.charlessun.javaplcadapter.worker.impl.ConsumerWorkerImpl -- processingStrategy.process(record) 處理失敗: Processing failed
java.lang.RuntimeException: Processing failed
	at com.charlessun.javaplcadapter.worker.impl.ConsumerWorkerImpl.pollLoop(ConsumerWorkerImpl.java:53)
	at java.base/java.lang.Thread.run(Thread.java:1583)
11:47:52.054 [Thread-4] ERROR com.charlessun.javaplcadapter.worker.impl.ConsumerWorkerImpl -- processingStrategy.process(record) 處理失敗: Processing failed
java.lang.RuntimeException: Processing failed
	at com.charlessun.javaplcadapter.worker.impl.ConsumerWorkerImpl.pollLoop(ConsumerWorkerImpl.java:53)
	at java.base/java.lang.Thread.run(Thread.java:1583)
11:47:52.054 [Thread-4] ERROR com.charlessun.javaplcadapter.worker.impl.ConsumerWorkerImpl -- processingStrategy.process(record) 處理失敗: Processing failed
java.lang.RuntimeException: Processing failed
	at com.charlessun.javaplcadapter.worker.impl.ConsumerWorkerImpl.pollLoop(ConsumerWorkerImpl.java:53)
	at java.base/java.lang.Thread.run(Thread.java:1583)
11:47:52.055 [Thread-4] ERROR com.charlessun.javaplcadapter.worker.impl.ConsumerWorkerImpl -- processingStrategy.process(record) 處理失敗: Processing failed
java.lang.RuntimeException: Processing failed
	at com.charlessun.javaplcadapter.worker.impl.ConsumerWorkerImpl.pollLoop(ConsumerWorkerImpl.java:53)
	at java.base/java.lang.Thread.run(Thread.java:1583)
11:47:52.055 [Thread-4] ERROR com.charlessun.javaplcadapter.worker.impl.ConsumerWorkerImpl -- processingStrategy.process(record) 處理失敗: Processing failed
java.lang.RuntimeException: Processing failed
	at com.charlessun.javaplcadapter.worker.impl.ConsumerWorkerImpl.pollLoop(ConsumerWorkerImpl.java:53)
	at java.base/java.lang.Thread.run(Thread.java:1583)
11:47:52.055 [Thread-4] ERROR com.charlessun.javaplcadapter.worker.impl.ConsumerWorkerImpl -- processingStrategy.process(record) 處理失敗: Processing failed
java.lang.RuntimeException: Processing failed
	at com.charlessun.javaplcadapter.worker.impl.ConsumerWorkerImpl.pollLoop(ConsumerWorkerImpl.java:53)
	at java.base/java.lang.Thread.run(Thread.java:1583)
11:47:52.055 [Thread-4] ERROR com.charlessun.javaplcadapter.worker.impl.ConsumerWorkerImpl -- processingStrategy.process(record) 處理失敗: Processing failed
java.lang.RuntimeException: Processing failed
	at com.charlessun.javaplcadapter.worker.impl.ConsumerWorkerImpl.pollLoop(ConsumerWorkerImpl.java:53)
	at java.base/java.lang.Thread.run(Thread.java:1583)
11:47:52.055 [Thread-4] ERROR com.charlessun.javaplcadapter.worker.impl.ConsumerWorkerImpl -- processingStrategy.process(record) 處理失敗: Processing failed
java.lang.RuntimeException: Processing failed
	at com.charlessun.javaplcadapter.worker.impl.ConsumerWorkerImpl.pollLoop(ConsumerWorkerImpl.java:53)
	at java.base/java.lang.Thread.run(Thread.java:1583)
11:47:52.055 [Thread-4] ERROR com.charlessun.javaplcadapter.worker.impl.ConsumerWorkerImpl -- processingStrategy.process(record) 處理失敗: Processing failed
java.lang.RuntimeException: Processing failed
	at com.charlessun.javaplcadapter.worker.impl.ConsumerWorkerImpl.pollLoop(ConsumerWorkerImpl.java:53)
	at java.base/java.lang.Thread.run(Thread.java:1583)
11:47:52.056 [Thread-4] ERROR com.charlessun.javaplcadapter.worker.impl.ConsumerWorkerImpl -- processingStrategy.process(record) 處理失敗: Processing failed
java.lang.RuntimeException: Processing failed
	at com.charlessun.javaplcadapter.worker.impl.ConsumerWorkerImpl.pollLoop(ConsumerWorkerImpl.java:53)
	at java.base/java.lang.Thread.run(Thread.java:1583)
11:47:52.056 [Thread-4] ERROR com.charlessun.javaplcadapter.worker.impl.ConsumerWorkerImpl -- processingStrategy.process(record) 處理失敗: Processing failed
java.lang.RuntimeException: Processing failed
	at com.charlessun.javaplcadapter.worker.impl.ConsumerWorkerImpl.pollLoop(ConsumerWorkerImpl.java:53)
	at java.base/java.lang.Thread.run(Thread.java:1583)
11:47:52.056 [Thread-4] ERROR com.charlessun.javaplcadapter.worker.impl.ConsumerWorkerImpl -- processingStrategy.process(record) 處理失敗: Processing failed
java.lang.RuntimeException: Processing failed
	at com.charlessun.javaplcadapter.worker.impl.ConsumerWorkerImpl.pollLoop(ConsumerWorkerImpl.java:53)
	at java.base/java.lang.Thread.run(Thread.java:1583)
11:47:52.056 [Thread-4] ERROR com.charlessun.javaplcadapter.worker.impl.ConsumerWorkerImpl -- processingStrategy.process(record) 處理失敗: Processing failed
java.lang.RuntimeException: Processing failed
	at com.charlessun.javaplcadapter.worker.impl.ConsumerWorkerImpl.pollLoop(ConsumerWorkerImpl.java:53)
	at java.base/java.lang.Thread.run(Thread.java:1583)
11:47:52.056 [Thread-4] ERROR com.charlessun.javaplcadapter.worker.impl.ConsumerWorkerImpl -- processingStrategy.process(record) 處理失敗: Processing failed
java.lang.RuntimeException: Processing failed
	at com.charlessun.javaplcadapter.worker.impl.ConsumerWorkerImpl.pollLoop(ConsumerWorkerImpl.java:53)
	at java.base/java.lang.Thread.run(Thread.java:1583)
11:47:52.057 [Thread-4] ERROR com.charlessun.javaplcadapter.worker.impl.ConsumerWorkerImpl -- processingStrategy.process(record) 處理失敗: Processing failed
java.lang.RuntimeException: Processing failed
	at com.charlessun.javaplcadapter.worker.impl.ConsumerWorkerImpl.pollLoop(ConsumerWorkerImpl.java:53)
	at java.base/java.lang.Thread.run(Thread.java:1583)
11:47:52.057 [Thread-4] ERROR com.charlessun.javaplcadapter.worker.impl.ConsumerWorkerImpl -- processingStrategy.process(record) 處理失敗: Processing failed
java.lang.RuntimeException: Processing failed
	at com.charlessun.javaplcadapter.worker.impl.ConsumerWorkerImpl.pollLoop(ConsumerWorkerImpl.java:53)
	at java.base/java.lang.Thread.run(Thread.java:1583)
11:47:52.057 [Thread-4] ERROR com.charlessun.javaplcadapter.worker.impl.ConsumerWorkerImpl -- processingStrategy.process(record) 處理失敗: Processing failed
java.lang.RuntimeException: Processing failed
	at com.charlessun.javaplcadapter.worker.impl.ConsumerWorkerImpl.pollLoop(ConsumerWorkerImpl.java:53)
	at java.base/java.lang.Thread.run(Thread.java:1583)
11:47:52.057 [Thread-4] ERROR com.charlessun.javaplcadapter.worker.impl.ConsumerWorkerImpl -- processingStrategy.process(record) 處理失敗: Processing failed
java.lang.RuntimeException: Processing failed
	at com.charlessun.javaplcadapter.worker.impl.ConsumerWorkerImpl.pollLoop(ConsumerWorkerImpl.java:53)
	at java.base/java.lang.Thread.run(Thread.java:1583)
11:47:52.057 [Thread-4] ERROR com.charlessun.javaplcadapter.worker.impl.ConsumerWorkerImpl -- processingStrategy.process(record) 處理失敗: Processing failed
java.lang.RuntimeException: Processing failed
	at com.charlessun.javaplcadapter.worker.impl.ConsumerWorkerImpl.pollLoop(ConsumerWorkerImpl.java:53)
	at java.base/java.lang.Thread.run(Thread.java:1583)
11:47:52.058 [Thread-4] ERROR com.charlessun.javaplcadapter.worker.impl.ConsumerWorkerImpl -- processingStrategy.process(record) 處理失敗: Processing failed
java.lang.RuntimeException: Processing failed
	at com.charlessun.javaplcadapter.worker.impl.ConsumerWorkerImpl.pollLoop(ConsumerWorkerImpl.java:53)
	at java.base/java.lang.Thread.run(Thread.java:1583)
11:47:52.058 [Thread-4] ERROR com.charlessun.javaplcadapter.worker.impl.ConsumerWorkerImpl -- processingStrategy.process(record) 處理失敗: Processing failed
java.lang.RuntimeException: Processing failed
	at com.charlessun.javaplcadapter.worker.impl.ConsumerWorkerImpl.pollLoop(ConsumerWorkerImpl.java:53)
	at java.base/java.lang.Thread.run(Thread.java:1583)
11:47:52.058 [Thread-4] ERROR com.charlessun.javaplcadapter.worker.impl.ConsumerWorkerImpl -- processingStrategy.process(record) 處理失敗: Processing failed
java.lang.RuntimeException: Processing failed
	at com.charlessun.javaplcadapter.worker.impl.ConsumerWorkerImpl.pollLoop(ConsumerWorkerImpl.java:53)
	at java.base/java.lang.Thread.run(Thread.java:1583)
11:47:52.059 [Thread-4] ERROR com.charlessun.javaplcadapter.worker.impl.ConsumerWorkerImpl -- processingStrategy.process(record) 處理失敗: Processing failed
java.lang.RuntimeException: Processing failed
	at com.charlessun.javaplcadapter.worker.impl.ConsumerWorkerImpl.pollLoop(ConsumerWorkerImpl.java:53)
	at java.base/java.lang.Thread.run(Thread.java:1583)
11:47:52.059 [Thread-4] ERROR com.charlessun.javaplcadapter.worker.impl.ConsumerWorkerImpl -- processingStrategy.process(record) 處理失敗: Processing failed
java.lang.RuntimeException: Processing failed
	at com.charlessun.javaplcadapter.worker.impl.ConsumerWorkerImpl.pollLoop(ConsumerWorkerImpl.java:53)
	at java.base/java.lang.Thread.run(Thread.java:1583)
11:47:52.059 [Thread-4] ERROR com.charlessun.javaplcadapter.worker.impl.ConsumerWorkerImpl -- processingStrategy.process(record) 處理失敗: Processing failed
java.lang.RuntimeException: Processing failed
	at com.charlessun.javaplcadapter.worker.impl.ConsumerWorkerImpl.pollLoop(ConsumerWorkerImpl.java:53)
	at java.base/java.lang.Thread.run(Thread.java:1583)
11:47:52.059 [Thread-4] ERROR com.charlessun.javaplcadapter.worker.impl.ConsumerWorkerImpl -- processingStrategy.process(record) 處理失敗: Processing failed
java.lang.RuntimeException: Processing failed
	at com.charlessun.javaplcadapter.worker.impl.ConsumerWorkerImpl.pollLoop(ConsumerWorkerImpl.java:53)
	at java.base/java.lang.Thread.run(Thread.java:1583)
11:47:52.059 [Thread-4] ERROR com.charlessun.javaplcadapter.worker.impl.ConsumerWorkerImpl -- processingStrategy.process(record) 處理失敗: Processing failed
java.lang.RuntimeException: Processing failed
	at com.charlessun.javaplcadapter.worker.impl.ConsumerWorkerImpl.pollLoop(ConsumerWorkerImpl.java:53)
	at java.base/java.lang.Thread.run(Thread.java:1583)
11:47:52.059 [Thread-4] ERROR com.charlessun.javaplcadapter.worker.impl.ConsumerWorkerImpl -- processingStrategy.process(record) 處理失敗: Processing failed
java.lang.RuntimeException: Processing failed
	at com.charlessun.javaplcadapter.worker.impl.ConsumerWorkerImpl.pollLoop(ConsumerWorkerImpl.java:53)
	at java.base/java.lang.Thread.run(Thread.java:1583)
11:47:52.059 [Thread-4] ERROR com.charlessun.javaplcadapter.worker.impl.ConsumerWorkerImpl -- processingStrategy.process(record) 處理失敗: Processing failed
java.lang.RuntimeException: Processing failed
	at com.charlessun.javaplcadapter.worker.impl.ConsumerWorkerImpl.pollLoop(ConsumerWorkerImpl.java:53)
	at java.base/java.lang.Thread.run(Thread.java:1583)
11:47:52.060 [Thread-4] ERROR com.charlessun.javaplcadapter.worker.impl.ConsumerWorkerImpl -- processingStrategy.process(record) 處理失敗: Processing failed
java.lang.RuntimeException: Processing failed
	at com.charlessun.javaplcadapter.worker.impl.ConsumerWorkerImpl.pollLoop(ConsumerWorkerImpl.java:53)
	at java.base/java.lang.Thread.run(Thread.java:1583)
11:47:52.060 [Thread-4] ERROR com.charlessun.javaplcadapter.worker.impl.ConsumerWorkerImpl -- processingStrategy.process(record) 處理失敗: Processing failed
java.lang.RuntimeException: Processing failed
	at com.charlessun.javaplcadapter.worker.impl.ConsumerWorkerImpl.pollLoop(ConsumerWorkerImpl.java:53)
	at java.base/java.lang.Thread.run(Thread.java:1583)
11:47:52.060 [Thread-4] ERROR com.charlessun.javaplcadapter.worker.impl.ConsumerWorkerImpl -- processingStrategy.process(record) 處理失敗: Processing failed
java.lang.RuntimeException: Processing failed
	at com.charlessun.javaplcadapter.worker.impl.ConsumerWorkerImpl.pollLoop(ConsumerWorkerImpl.java:53)
	at java.base/java.lang.Thread.run(Thread.java:1583)
11:47:52.060 [Thread-4] ERROR com.charlessun.javaplcadapter.worker.impl.ConsumerWorkerImpl -- processingStrategy.process(record) 處理失敗: Processing failed
java.lang.RuntimeException: Processing failed
	at com.charlessun.javaplcadapter.worker.impl.ConsumerWorkerImpl.pollLoop(ConsumerWorkerImpl.java:53)
	at java.base/java.lang.Thread.run(Thread.java:1583)
11:47:52.060 [Thread-4] ERROR com.charlessun.javaplcadapter.worker.impl.ConsumerWorkerImpl -- processingStrategy.process(record) 處理失敗: Processing failed
java.lang.RuntimeException: Processing failed
	at com.charlessun.javaplcadapter.worker.impl.ConsumerWorkerImpl.pollLoop(ConsumerWorkerImpl.java:53)
	at java.base/java.lang.Thread.run(Thread.java:1583)
11:47:52.060 [Thread-4] ERROR com.charlessun.javaplcadapter.worker.impl.ConsumerWorkerImpl -- processingStrategy.process(record) 處理失敗: Processing failed
java.lang.RuntimeException: Processing failed
	at com.charlessun.javaplcadapter.worker.impl.ConsumerWorkerImpl.pollLoop(ConsumerWorkerImpl.java:53)
	at java.base/java.lang.Thread.run(Thread.java:1583)
11:47:52.061 [Thread-4] ERROR com.charlessun.javaplcadapter.worker.impl.ConsumerWorkerImpl -- processingStrategy.process(record) 處理失敗: Processing failed
java.lang.RuntimeException: Processing failed
	at com.charlessun.javaplcadapter.worker.impl.ConsumerWorkerImpl.pollLoop(ConsumerWorkerImpl.java:53)
	at java.base/java.lang.Thread.run(Thread.java:1583)
11:47:52.061 [Thread-4] ERROR com.charlessun.javaplcadapter.worker.impl.ConsumerWorkerImpl -- processingStrategy.process(record) 處理失敗: Processing failed
java.lang.RuntimeException: Processing failed
	at com.charlessun.javaplcadapter.worker.impl.ConsumerWorkerImpl.pollLoop(ConsumerWorkerImpl.java:53)
	at java.base/java.lang.Thread.run(Thread.java:1583)
11:47:52.061 [Thread-4] ERROR com.charlessun.javaplcadapter.worker.impl.ConsumerWorkerImpl -- processingStrategy.process(record) 處理失敗: Processing failed
java.lang.RuntimeException: Processing failed
	at com.charlessun.javaplcadapter.worker.impl.ConsumerWorkerImpl.pollLoop(ConsumerWorkerImpl.java:53)
	at java.base/java.lang.Thread.run(Thread.java:1583)
11:47:52.061 [Thread-4] ERROR com.charlessun.javaplcadapter.worker.impl.ConsumerWorkerImpl -- processingStrategy.process(record) 處理失敗: Processing failed
java.lang.RuntimeException: Processing failed
	at com.charlessun.javaplcadapter.worker.impl.ConsumerWorkerImpl.pollLoop(ConsumerWorkerImpl.java:53)
	at java.base/java.lang.Thread.run(Thread.java:1583)
11:47:52.061 [Thread-4] ERROR com.charlessun.javaplcadapter.worker.impl.ConsumerWorkerImpl -- processingStrategy.process(record) 處理失敗: Processing failed
java.lang.RuntimeException: Processing failed
	at com.charlessun.javaplcadapter.worker.impl.ConsumerWorkerImpl.pollLoop(ConsumerWorkerImpl.java:53)
	at java.base/java.lang.Thread.run(Thread.java:1583)
11:47:52.061 [Thread-4] ERROR com.charlessun.javaplcadapter.worker.impl.ConsumerWorkerImpl -- processingStrategy.process(record) 處理失敗: Processing failed
java.lang.RuntimeException: Processing failed
	at com.charlessun.javaplcadapter.worker.impl.ConsumerWorkerImpl.pollLoop(ConsumerWorkerImpl.java:53)
	at java.base/java.lang.Thread.run(Thread.java:1583)
11:47:52.061 [Thread-4] ERROR com.charlessun.javaplcadapter.worker.impl.ConsumerWorkerImpl -- processingStrategy.process(record) 處理失敗: Processing failed
java.lang.RuntimeException: Processing failed
	at com.charlessun.javaplcadapter.worker.impl.ConsumerWorkerImpl.pollLoop(ConsumerWorkerImpl.java:53)
	at java.base/java.lang.Thread.run(Thread.java:1583)
11:47:52.062 [Thread-4] ERROR com.charlessun.javaplcadapter.worker.impl.ConsumerWorkerImpl -- processingStrategy.process(record) 處理失敗: Processing failed
java.lang.RuntimeException: Processing failed
	at com.charlessun.javaplcadapter.worker.impl.ConsumerWorkerImpl.pollLoop(ConsumerWorkerImpl.java:53)
	at java.base/java.lang.Thread.run(Thread.java:1583)
11:47:52.062 [Thread-4] ERROR com.charlessun.javaplcadapter.worker.impl.ConsumerWorkerImpl -- processingStrategy.process(record) 處理失敗: Processing failed
java.lang.RuntimeException: Processing failed
	at com.charlessun.javaplcadapter.worker.impl.ConsumerWorkerImpl.pollLoop(ConsumerWorkerImpl.java:53)
	at java.base/java.lang.Thread.run(Thread.java:1583)
11:47:52.062 [Thread-4] ERROR com.charlessun.javaplcadapter.worker.impl.ConsumerWorkerImpl -- processingStrategy.process(record) 處理失敗: Processing failed
java.lang.RuntimeException: Processing failed
	at com.charlessun.javaplcadapter.worker.impl.ConsumerWorkerImpl.pollLoop(ConsumerWorkerImpl.java:53)
	at java.base/java.lang.Thread.run(Thread.java:1583)
11:47:52.062 [Thread-4] ERROR com.charlessun.javaplcadapter.worker.impl.ConsumerWorkerImpl -- processingStrategy.process(record) 處理失敗: Processing failed
java.lang.RuntimeException: Processing failed
	at com.charlessun.javaplcadapter.worker.impl.ConsumerWorkerImpl.pollLoop(ConsumerWorkerImpl.java:53)
	at java.base/java.lang.Thread.run(Thread.java:1583)
11:47:52.062 [Thread-4] ERROR com.charlessun.javaplcadapter.worker.impl.ConsumerWorkerImpl -- processingStrategy.process(record) 處理失敗: Processing failed
java.lang.RuntimeException: Processing failed
	at com.charlessun.javaplcadapter.worker.impl.ConsumerWorkerImpl.pollLoop(ConsumerWorkerImpl.java:53)
	at java.base/java.lang.Thread.run(Thread.java:1583)
11:47:52.063 [Thread-4] ERROR com.charlessun.javaplcadapter.worker.impl.ConsumerWorkerImpl -- processingStrategy.process(record) 處理失敗: Processing failed
java.lang.RuntimeException: Processing failed
	at com.charlessun.javaplcadapter.worker.impl.ConsumerWorkerImpl.pollLoop(ConsumerWorkerImpl.java:53)
	at java.base/java.lang.Thread.run(Thread.java:1583)
11:47:52.064 [Thread-4] ERROR com.charlessun.javaplcadapter.worker.impl.ConsumerWorkerImpl -- processingStrategy.process(record) 處理失敗: Processing failed
java.lang.RuntimeException: Processing failed
	at com.charlessun.javaplcadapter.worker.impl.ConsumerWorkerImpl.pollLoop(ConsumerWorkerImpl.java:53)
	at java.base/java.lang.Thread.run(Thread.java:1583)
11:47:52.064 [Thread-4] ERROR com.charlessun.javaplcadapter.worker.impl.ConsumerWorkerImpl -- processingStrategy.process(record) 處理失敗: Processing failed
java.lang.RuntimeException: Processing failed
	at com.charlessun.javaplcadapter.worker.impl.ConsumerWorkerImpl.pollLoop(ConsumerWorkerImpl.java:53)
	at java.base/java.lang.Thread.run(Thread.java:1583)
11:47:52.064 [Thread-4] ERROR com.charlessun.javaplcadapter.worker.impl.ConsumerWorkerImpl -- processingStrategy.process(record) 處理失敗: Processing failed
java.lang.RuntimeException: Processing failed
	at com.charlessun.javaplcadapter.worker.impl.ConsumerWorkerImpl.pollLoop(ConsumerWorkerImpl.java:53)
	at java.base/java.lang.Thread.run(Thread.java:1583)
11:47:52.064 [Thread-4] ERROR com.charlessun.javaplcadapter.worker.impl.ConsumerWorkerImpl -- processingStrategy.process(record) 處理失敗: Processing failed
java.lang.RuntimeException: Processing failed
	at com.charlessun.javaplcadapter.worker.impl.ConsumerWorkerImpl.pollLoop(ConsumerWorkerImpl.java:53)
	at java.base/java.lang.Thread.run(Thread.java:1583)
11:47:52.064 [Thread-4] ERROR com.charlessun.javaplcadapter.worker.impl.ConsumerWorkerImpl -- processingStrategy.process(record) 處理失敗: Processing failed
java.lang.RuntimeException: Processing failed
	at com.charlessun.javaplcadapter.worker.impl.ConsumerWorkerImpl.pollLoop(ConsumerWorkerImpl.java:53)
	at java.base/java.lang.Thread.run(Thread.java:1583)
11:47:52.064 [Thread-4] ERROR com.charlessun.javaplcadapter.worker.impl.ConsumerWorkerImpl -- processingStrategy.process(record) 處理失敗: Processing failed
java.lang.RuntimeException: Processing failed
	at com.charlessun.javaplcadapter.worker.impl.ConsumerWorkerImpl.pollLoop(ConsumerWorkerImpl.java:53)
	at java.base/java.lang.Thread.run(Thread.java:1583)
11:47:52.065 [Thread-4] ERROR com.charlessun.javaplcadapter.worker.impl.ConsumerWorkerImpl -- processingStrategy.process(record) 處理失敗: Processing failed
java.lang.RuntimeException: Processing failed
	at com.charlessun.javaplcadapter.worker.impl.ConsumerWorkerImpl.pollLoop(ConsumerWorkerImpl.java:53)
	at java.base/java.lang.Thread.run(Thread.java:1583)
11:47:52.065 [Thread-4] ERROR com.charlessun.javaplcadapter.worker.impl.ConsumerWorkerImpl -- processingStrategy.process(record) 處理失敗: Processing failed
java.lang.RuntimeException: Processing failed
	at com.charlessun.javaplcadapter.worker.impl.ConsumerWorkerImpl.pollLoop(ConsumerWorkerImpl.java:53)
	at java.base/java.lang.Thread.run(Thread.java:1583)
11:47:52.065 [Thread-4] ERROR com.charlessun.javaplcadapter.worker.impl.ConsumerWorkerImpl -- processingStrategy.process(record) 處理失敗: Processing failed
java.lang.RuntimeException: Processing failed
	at com.charlessun.javaplcadapter.worker.impl.ConsumerWorkerImpl.pollLoop(ConsumerWorkerImpl.java:53)
	at java.base/java.lang.Thread.run(Thread.java:1583)
11:47:52.065 [Thread-4] ERROR com.charlessun.javaplcadapter.worker.impl.ConsumerWorkerImpl -- processingStrategy.process(record) 處理失敗: Processing failed
java.lang.RuntimeException: Processing failed
	at com.charlessun.javaplcadapter.worker.impl.ConsumerWorkerImpl.pollLoop(ConsumerWorkerImpl.java:53)
	at java.base/java.lang.Thread.run(Thread.java:1583)
11:47:52.065 [Thread-4] ERROR com.charlessun.javaplcadapter.worker.impl.ConsumerWorkerImpl -- processingStrategy.process(record) 處理失敗: Processing failed
java.lang.RuntimeException: Processing failed
	at com.charlessun.javaplcadapter.worker.impl.ConsumerWorkerImpl.pollLoop(ConsumerWorkerImpl.java:53)
	at java.base/java.lang.Thread.run(Thread.java:1583)
11:47:52.066 [Thread-4] ERROR com.charlessun.javaplcadapter.worker.impl.ConsumerWorkerImpl -- processingStrategy.process(record) 處理失敗: Processing failed
java.lang.RuntimeException: Processing failed
	at com.charlessun.javaplcadapter.worker.impl.ConsumerWorkerImpl.pollLoop(ConsumerWorkerImpl.java:53)
	at java.base/java.lang.Thread.run(Thread.java:1583)
11:47:52.066 [Thread-4] ERROR com.charlessun.javaplcadapter.worker.impl.ConsumerWorkerImpl -- processingStrategy.process(record) 處理失敗: Processing failed
java.lang.RuntimeException: Processing failed
	at com.charlessun.javaplcadapter.worker.impl.ConsumerWorkerImpl.pollLoop(ConsumerWorkerImpl.java:53)
	at java.base/java.lang.Thread.run(Thread.java:1583)
11:47:52.066 [Thread-4] ERROR com.charlessun.javaplcadapter.worker.impl.ConsumerWorkerImpl -- processingStrategy.process(record) 處理失敗: Processing failed
java.lang.RuntimeException: Processing failed
	at com.charlessun.javaplcadapter.worker.impl.ConsumerWorkerImpl.pollLoop(ConsumerWorkerImpl.java:53)
	at java.base/java.lang.Thread.run(Thread.java:1583)
11:47:52.066 [Thread-4] ERROR com.charlessun.javaplcadapter.worker.impl.ConsumerWorkerImpl -- processingStrategy.process(record) 處理失敗: Processing failed
java.lang.RuntimeException: Processing failed
	at com.charlessun.javaplcadapter.worker.impl.ConsumerWorkerImpl.pollLoop(ConsumerWorkerImpl.java:53)
	at java.base/java.lang.Thread.run(Thread.java:1583)
11:47:52.066 [Thread-4] ERROR com.charlessun.javaplcadapter.worker.impl.ConsumerWorkerImpl -- processingStrategy.process(record) 處理失敗: Processing failed
java.lang.RuntimeException: Processing failed
	at com.charlessun.javaplcadapter.worker.impl.ConsumerWorkerImpl.pollLoop(ConsumerWorkerImpl.java:53)
	at java.base/java.lang.Thread.run(Thread.java:1583)
11:47:52.066 [Thread-4] ERROR com.charlessun.javaplcadapter.worker.impl.ConsumerWorkerImpl -- processingStrategy.process(record) 處理失敗: Processing failed
java.lang.RuntimeException: Processing failed
	at com.charlessun.javaplcadapter.worker.impl.ConsumerWorkerImpl.pollLoop(ConsumerWorkerImpl.java:53)
	at java.base/java.lang.Thread.run(Thread.java:1583)
11:47:52.066 [Thread-4] ERROR com.charlessun.javaplcadapter.worker.impl.ConsumerWorkerImpl -- processingStrategy.process(record) 處理失敗: Processing failed
java.lang.RuntimeException: Processing failed
	at com.charlessun.javaplcadapter.worker.impl.ConsumerWorkerImpl.pollLoop(ConsumerWorkerImpl.java:53)
	at java.base/java.lang.Thread.run(Thread.java:1583)
11:47:52.066 [Thread-4] ERROR com.charlessun.javaplcadapter.worker.impl.ConsumerWorkerImpl -- processingStrategy.process(record) 處理失敗: Processing failed
java.lang.RuntimeException: Processing failed
	at com.charlessun.javaplcadapter.worker.impl.ConsumerWorkerImpl.pollLoop(ConsumerWorkerImpl.java:53)
	at java.base/java.lang.Thread.run(Thread.java:1583)
11:47:52.067 [Thread-4] ERROR com.charlessun.javaplcadapter.worker.impl.ConsumerWorkerImpl -- processingStrategy.process(record) 處理失敗: Processing failed
java.lang.RuntimeException: Processing failed
	at com.charlessun.javaplcadapter.worker.impl.ConsumerWorkerImpl.pollLoop(ConsumerWorkerImpl.java:53)
	at java.base/java.lang.Thread.run(Thread.java:1583)
11:47:52.067 [Thread-4] ERROR com.charlessun.javaplcadapter.worker.impl.ConsumerWorkerImpl -- processingStrategy.process(record) 處理失敗: Processing failed
java.lang.RuntimeException: Processing failed
	at com.charlessun.javaplcadapter.worker.impl.ConsumerWorkerImpl.pollLoop(ConsumerWorkerImpl.java:53)
	at java.base/java.lang.Thread.run(Thread.java:1583)
11:47:52.067 [Thread-4] ERROR com.charlessun.javaplcadapter.worker.impl.ConsumerWorkerImpl -- processingStrategy.process(record) 處理失敗: Processing failed
java.lang.RuntimeException: Processing failed
	at com.charlessun.javaplcadapter.worker.impl.ConsumerWorkerImpl.pollLoop(ConsumerWorkerImpl.java:53)
	at java.base/java.lang.Thread.run(Thread.java:1583)
11:47:52.067 [Thread-4] ERROR com.charlessun.javaplcadapter.worker.impl.ConsumerWorkerImpl -- processingStrategy.process(record) 處理失敗: Processing failed
java.lang.RuntimeException: Processing failed
	at com.charlessun.javaplcadapter.worker.impl.ConsumerWorkerImpl.pollLoop(ConsumerWorkerImpl.java:53)
	at java.base/java.lang.Thread.run(Thread.java:1583)
11:47:52.067 [Thread-4] ERROR com.charlessun.javaplcadapter.worker.impl.ConsumerWorkerImpl -- processingStrategy.process(record) 處理失敗: Processing failed
java.lang.RuntimeException: Processing failed
	at com.charlessun.javaplcadapter.worker.impl.ConsumerWorkerImpl.pollLoop(ConsumerWorkerImpl.java:53)
	at java.base/java.lang.Thread.run(Thread.java:1583)
11:47:52.067 [Thread-4] ERROR com.charlessun.javaplcadapter.worker.impl.ConsumerWorkerImpl -- processingStrategy.process(record) 處理失敗: Processing failed
java.lang.RuntimeException: Processing failed
	at com.charlessun.javaplcadapter.worker.impl.ConsumerWorkerImpl.pollLoop(ConsumerWorkerImpl.java:53)
	at java.base/java.lang.Thread.run(Thread.java:1583)
11:47:52.067 [Thread-4] ERROR com.charlessun.javaplcadapter.worker.impl.ConsumerWorkerImpl -- processingStrategy.process(record) 處理失敗: Processing failed
java.lang.RuntimeException: Processing failed
	at com.charlessun.javaplcadapter.worker.impl.ConsumerWorkerImpl.pollLoop(ConsumerWorkerImpl.java:53)
	at java.base/java.lang.Thread.run(Thread.java:1583)
11:47:52.067 [Thread-4] ERROR com.charlessun.javaplcadapter.worker.impl.ConsumerWorkerImpl -- processingStrategy.process(record) 處理失敗: Processing failed
java.lang.RuntimeException: Processing failed
	at com.charlessun.javaplcadapter.worker.impl.ConsumerWorkerImpl.pollLoop(ConsumerWorkerImpl.java:53)
	at java.base/java.lang.Thread.run(Thread.java:1583)
11:47:52.068 [Thread-4] ERROR com.charlessun.javaplcadapter.worker.impl.ConsumerWorkerImpl -- processingStrategy.process(record) 處理失敗: Processing failed
java.lang.RuntimeException: Processing failed
	at com.charlessun.javaplcadapter.worker.impl.ConsumerWorkerImpl.pollLoop(ConsumerWorkerImpl.java:53)
	at java.base/java.lang.Thread.run(Thread.java:1583)
11:47:52.068 [Thread-4] ERROR com.charlessun.javaplcadapter.worker.impl.ConsumerWorkerImpl -- processingStrategy.process(record) 處理失敗: Processing failed
java.lang.RuntimeException: Processing failed
	at com.charlessun.javaplcadapter.worker.impl.ConsumerWorkerImpl.pollLoop(ConsumerWorkerImpl.java:53)
	at java.base/java.lang.Thread.run(Thread.java:1583)
11:47:52.068 [Thread-4] ERROR com.charlessun.javaplcadapter.worker.impl.ConsumerWorkerImpl -- processingStrategy.process(record) 處理失敗: Processing failed
java.lang.RuntimeException: Processing failed
	at com.charlessun.javaplcadapter.worker.impl.ConsumerWorkerImpl.pollLoop(ConsumerWorkerImpl.java:53)
	at java.base/java.lang.Thread.run(Thread.java:1583)
11:47:52.068 [Thread-4] ERROR com.charlessun.javaplcadapter.worker.impl.ConsumerWorkerImpl -- processingStrategy.process(record) 處理失敗: Processing failed
java.lang.RuntimeException: Processing failed
	at com.charlessun.javaplcadapter.worker.impl.ConsumerWorkerImpl.pollLoop(ConsumerWorkerImpl.java:53)
	at java.base/java.lang.Thread.run(Thread.java:1583)
11:47:52.069 [Thread-4] ERROR com.charlessun.javaplcadapter.worker.impl.ConsumerWorkerImpl -- processingStrategy.process(record) 處理失敗: Processing failed
java.lang.RuntimeException: Processing failed
	at com.charlessun.javaplcadapter.worker.impl.ConsumerWorkerImpl.pollLoop(ConsumerWorkerImpl.java:53)
	at java.base/java.lang.Thread.run(Thread.java:1583)
11:47:52.069 [Thread-4] ERROR com.charlessun.javaplcadapter.worker.impl.ConsumerWorkerImpl -- processingStrategy.process(record) 處理失敗: Processing failed
java.lang.RuntimeException: Processing failed
	at com.charlessun.javaplcadapter.worker.impl.ConsumerWorkerImpl.pollLoop(ConsumerWorkerImpl.java:53)
	at java.base/java.lang.Thread.run(Thread.java:1583)
11:47:52.069 [Thread-4] ERROR com.charlessun.javaplcadapter.worker.impl.ConsumerWorkerImpl -- processingStrategy.process(record) 處理失敗: Processing failed
java.lang.RuntimeException: Processing failed
	at com.charlessun.javaplcadapter.worker.impl.ConsumerWorkerImpl.pollLoop(ConsumerWorkerImpl.java:53)
	at java.base/java.lang.Thread.run(Thread.java:1583)
11:47:52.069 [Thread-4] ERROR com.charlessun.javaplcadapter.worker.impl.ConsumerWorkerImpl -- processingStrategy.process(record) 處理失敗: Processing failed
java.lang.RuntimeException: Processing failed
	at com.charlessun.javaplcadapter.worker.impl.ConsumerWorkerImpl.pollLoop(ConsumerWorkerImpl.java:53)
	at java.base/java.lang.Thread.run(Thread.java:1583)
11:47:52.069 [Thread-4] ERROR com.charlessun.javaplcadapter.worker.impl.ConsumerWorkerImpl -- processingStrategy.process(record) 處理失敗: Processing failed
java.lang.RuntimeException: Processing failed
	at com.charlessun.javaplcadapter.worker.impl.ConsumerWorkerImpl.pollLoop(ConsumerWorkerImpl.java:53)
	at java.base/java.lang.Thread.run(Thread.java:1583)
11:47:52.069 [Thread-4] ERROR com.charlessun.javaplcadapter.worker.impl.ConsumerWorkerImpl -- processingStrategy.process(record) 處理失敗: Processing failed
java.lang.RuntimeException: Processing failed
	at com.charlessun.javaplcadapter.worker.impl.ConsumerWorkerImpl.pollLoop(ConsumerWorkerImpl.java:53)
	at java.base/java.lang.Thread.run(Thread.java:1583)
11:47:52.069 [Thread-4] ERROR com.charlessun.javaplcadapter.worker.impl.ConsumerWorkerImpl -- processingStrategy.process(record) 處理失敗: Processing failed
java.lang.RuntimeException: Processing failed
	at com.charlessun.javaplcadapter.worker.impl.ConsumerWorkerImpl.pollLoop(ConsumerWorkerImpl.java:53)
	at java.base/java.lang.Thread.run(Thread.java:1583)
11:47:52.069 [Thread-4] ERROR com.charlessun.javaplcadapter.worker.impl.ConsumerWorkerImpl -- processingStrategy.process(record) 處理失敗: Processing failed
java.lang.RuntimeException: Processing failed
	at com.charlessun.javaplcadapter.worker.impl.ConsumerWorkerImpl.pollLoop(ConsumerWorkerImpl.java:53)
	at java.base/java.lang.Thread.run(Thread.java:1583)
11:47:52.070 [Thread-4] ERROR com.charlessun.javaplcadapter.worker.impl.ConsumerWorkerImpl -- processingStrategy.process(record) 處理失敗: Processing failed
java.lang.RuntimeException: Processing failed
	at com.charlessun.javaplcadapter.worker.impl.ConsumerWorkerImpl.pollLoop(ConsumerWorkerImpl.java:53)
	at java.base/java.lang.Thread.run(Thread.java:1583)
11:47:52.070 [Thread-4] ERROR com.charlessun.javaplcadapter.worker.impl.ConsumerWorkerImpl -- processingStrategy.process(record) 處理失敗: Processing failed
java.lang.RuntimeException: Processing failed
	at com.charlessun.javaplcadapter.worker.impl.ConsumerWorkerImpl.pollLoop(ConsumerWorkerImpl.java:53)
	at java.base/java.lang.Thread.run(Thread.java:1583)
11:47:52.070 [Thread-4] ERROR com.charlessun.javaplcadapter.worker.impl.ConsumerWorkerImpl -- processingStrategy.process(record) 處理失敗: Processing failed
java.lang.RuntimeException: Processing failed
	at com.charlessun.javaplcadapter.worker.impl.ConsumerWorkerImpl.pollLoop(ConsumerWorkerImpl.java:53)
	at java.base/java.lang.Thread.run(Thread.java:1583)
11:47:52.070 [Thread-4] ERROR com.charlessun.javaplcadapter.worker.impl.ConsumerWorkerImpl -- processingStrategy.process(record) 處理失敗: Processing failed
java.lang.RuntimeException: Processing failed
	at com.charlessun.javaplcadapter.worker.impl.ConsumerWorkerImpl.pollLoop(ConsumerWorkerImpl.java:53)
	at java.base/java.lang.Thread.run(Thread.java:1583)
11:47:52.070 [Thread-4] ERROR com.charlessun.javaplcadapter.worker.impl.ConsumerWorkerImpl -- processingStrategy.process(record) 處理失敗: Processing failed
java.lang.RuntimeException: Processing failed
	at com.charlessun.javaplcadapter.worker.impl.ConsumerWorkerImpl.pollLoop(ConsumerWorkerImpl.java:53)
	at java.base/java.lang.Thread.run(Thread.java:1583)
11:47:52.070 [Thread-4] ERROR com.charlessun.javaplcadapter.worker.impl.ConsumerWorkerImpl -- processingStrategy.process(record) 處理失敗: Processing failed
java.lang.RuntimeException: Processing failed
	at com.charlessun.javaplcadapter.worker.impl.ConsumerWorkerImpl.pollLoop(ConsumerWorkerImpl.java:53)
	at java.base/java.lang.Thread.run(Thread.java:1583)
11:47:52.071 [Thread-4] ERROR com.charlessun.javaplcadapter.worker.impl.ConsumerWorkerImpl -- processingStrategy.process(record) 處理失敗: Processing failed
java.lang.RuntimeException: Processing failed
	at com.charlessun.javaplcadapter.worker.impl.ConsumerWorkerImpl.pollLoop(ConsumerWorkerImpl.java:53)
	at java.base/java.lang.Thread.run(Thread.java:1583)
11:47:52.071 [Thread-4] ERROR com.charlessun.javaplcadapter.worker.impl.ConsumerWorkerImpl -- processingStrategy.process(record) 處理失敗: Processing failed
java.lang.RuntimeException: Processing failed
	at com.charlessun.javaplcadapter.worker.impl.ConsumerWorkerImpl.pollLoop(ConsumerWorkerImpl.java:53)
	at java.base/java.lang.Thread.run(Thread.java:1583)
11:47:52.071 [Thread-4] ERROR com.charlessun.javaplcadapter.worker.impl.ConsumerWorkerImpl -- processingStrategy.process(record) 處理失敗: Processing failed
java.lang.RuntimeException: Processing failed
	at com.charlessun.javaplcadapter.worker.impl.ConsumerWorkerImpl.pollLoop(ConsumerWorkerImpl.java:53)
	at java.base/java.lang.Thread.run(Thread.java:1583)
11:47:52.071 [Thread-4] ERROR com.charlessun.javaplcadapter.worker.impl.ConsumerWorkerImpl -- processingStrategy.process(record) 處理失敗: Processing failed
java.lang.RuntimeException: Processing failed
	at com.charlessun.javaplcadapter.worker.impl.ConsumerWorkerImpl.pollLoop(ConsumerWorkerImpl.java:53)
	at java.base/java.lang.Thread.run(Thread.java:1583)
11:47:52.071 [Thread-4] ERROR com.charlessun.javaplcadapter.worker.impl.ConsumerWorkerImpl -- processingStrategy.process(record) 處理失敗: Processing failed
java.lang.RuntimeException: Processing failed
	at com.charlessun.javaplcadapter.worker.impl.ConsumerWorkerImpl.pollLoop(ConsumerWorkerImpl.java:53)
	at java.base/java.lang.Thread.run(Thread.java:1583)
11:47:52.071 [Thread-4] ERROR com.charlessun.javaplcadapter.worker.impl.ConsumerWorkerImpl -- processingStrategy.process(record) 處理失敗: Processing failed
java.lang.RuntimeException: Processing failed
	at com.charlessun.javaplcadapter.worker.impl.ConsumerWorkerImpl.pollLoop(ConsumerWorkerImpl.java:53)
	at java.base/java.lang.Thread.run(Thread.java:1583)
11:47:52.071 [Thread-4] ERROR com.charlessun.javaplcadapter.worker.impl.ConsumerWorkerImpl -- processingStrategy.process(record) 處理失敗: Processing failed
java.lang.RuntimeException: Processing failed
	at com.charlessun.javaplcadapter.worker.impl.ConsumerWorkerImpl.pollLoop(ConsumerWorkerImpl.java:53)
	at java.base/java.lang.Thread.run(Thread.java:1583)
11:47:52.071 [Thread-4] ERROR com.charlessun.javaplcadapter.worker.impl.ConsumerWorkerImpl -- processingStrategy.process(record) 處理失敗: Processing failed
java.lang.RuntimeException: Processing failed
	at com.charlessun.javaplcadapter.worker.impl.ConsumerWorkerImpl.pollLoop(ConsumerWorkerImpl.java:53)
	at java.base/java.lang.Thread.run(Thread.java:1583)
11:47:52.071 [Thread-4] ERROR com.charlessun.javaplcadapter.worker.impl.ConsumerWorkerImpl -- processingStrategy.process(record) 處理失敗: Processing failed
java.lang.RuntimeException: Processing failed
	at com.charlessun.javaplcadapter.worker.impl.ConsumerWorkerImpl.pollLoop(ConsumerWorkerImpl.java:53)
	at java.base/java.lang.Thread.run(Thread.java:1583)
11:47:52.072 [Thread-4] ERROR com.charlessun.javaplcadapter.worker.impl.ConsumerWorkerImpl -- processingStrategy.process(record) 處理失敗: Processing failed
java.lang.RuntimeException: Processing failed
	at com.charlessun.javaplcadapter.worker.impl.ConsumerWorkerImpl.pollLoop(ConsumerWorkerImpl.java:53)
	at java.base/java.lang.Thread.run(Thread.java:1583)
11:47:52.072 [Thread-4] ERROR com.charlessun.javaplcadapter.worker.impl.ConsumerWorkerImpl -- processingStrategy.process(record) 處理失敗: Processing failed
java.lang.RuntimeException: Processing failed
	at com.charlessun.javaplcadapter.worker.impl.ConsumerWorkerImpl.pollLoop(ConsumerWorkerImpl.java:53)
	at java.base/java.lang.Thread.run(Thread.java:1583)
11:47:52.072 [Thread-4] ERROR com.charlessun.javaplcadapter.worker.impl.ConsumerWorkerImpl -- processingStrategy.process(record) 處理失敗: Processing failed
java.lang.RuntimeException: Processing failed
	at com.charlessun.javaplcadapter.worker.impl.ConsumerWorkerImpl.pollLoop(ConsumerWorkerImpl.java:53)
	at java.base/java.lang.Thread.run(Thread.java:1583)
11:47:52.072 [Thread-4] ERROR com.charlessun.javaplcadapter.worker.impl.ConsumerWorkerImpl -- processingStrategy.process(record) 處理失敗: Processing failed
java.lang.RuntimeException: Processing failed
	at com.charlessun.javaplcadapter.worker.impl.ConsumerWorkerImpl.pollLoop(ConsumerWorkerImpl.java:53)
	at java.base/java.lang.Thread.run(Thread.java:1583)
11:47:52.073 [Thread-4] ERROR com.charlessun.javaplcadapter.worker.impl.ConsumerWorkerImpl -- processingStrategy.process(record) 處理失敗: Processing failed
java.lang.RuntimeException: Processing failed
	at com.charlessun.javaplcadapter.worker.impl.ConsumerWorkerImpl.pollLoop(ConsumerWorkerImpl.java:53)
	at java.base/java.lang.Thread.run(Thread.java:1583)
11:47:52.073 [Thread-4] ERROR com.charlessun.javaplcadapter.worker.impl.ConsumerWorkerImpl -- processingStrategy.process(record) 處理失敗: Processing failed
java.lang.RuntimeException: Processing failed
	at com.charlessun.javaplcadapter.worker.impl.ConsumerWorkerImpl.pollLoop(ConsumerWorkerImpl.java:53)
	at java.base/java.lang.Thread.run(Thread.java:1583)
11:47:52.073 [Thread-4] ERROR com.charlessun.javaplcadapter.worker.impl.ConsumerWorkerImpl -- processingStrategy.process(record) 處理失敗: Processing failed
java.lang.RuntimeException: Processing failed
	at com.charlessun.javaplcadapter.worker.impl.ConsumerWorkerImpl.pollLoop(ConsumerWorkerImpl.java:53)
	at java.base/java.lang.Thread.run(Thread.java:1583)
11:47:52.073 [Thread-4] ERROR com.charlessun.javaplcadapter.worker.impl.ConsumerWorkerImpl -- processingStrategy.process(record) 處理失敗: Processing failed
java.lang.RuntimeException: Processing failed
	at com.charlessun.javaplcadapter.worker.impl.ConsumerWorkerImpl.pollLoop(ConsumerWorkerImpl.java:53)
	at java.base/java.lang.Thread.run(Thread.java:1583)
11:47:52.073 [Thread-4] ERROR com.charlessun.javaplcadapter.worker.impl.ConsumerWorkerImpl -- processingStrategy.process(record) 處理失敗: Processing failed
java.lang.RuntimeException: Processing failed
	at com.charlessun.javaplcadapter.worker.impl.ConsumerWorkerImpl.pollLoop(ConsumerWorkerImpl.java:53)
	at java.base/java.lang.Thread.run(Thread.java:1583)
11:47:52.073 [Thread-4] ERROR com.charlessun.javaplcadapter.worker.impl.ConsumerWorkerImpl -- processingStrategy.process(record) 處理失敗: Processing failed
java.lang.RuntimeException: Processing failed
	at com.charlessun.javaplcadapter.worker.impl.ConsumerWorkerImpl.pollLoop(ConsumerWorkerImpl.java:53)
	at java.base/java.lang.Thread.run(Thread.java:1583)
11:47:52.074 [Thread-4] ERROR com.charlessun.javaplcadapter.worker.impl.ConsumerWorkerImpl -- processingStrategy.process(record) 處理失敗: Processing failed
java.lang.RuntimeException: Processing failed
	at com.charlessun.javaplcadapter.worker.impl.ConsumerWorkerImpl.pollLoop(ConsumerWorkerImpl.java:53)
	at java.base/java.lang.Thread.run(Thread.java:1583)
11:47:52.074 [Thread-4] ERROR com.charlessun.javaplcadapter.worker.impl.ConsumerWorkerImpl -- processingStrategy.process(record) 處理失敗: Processing failed
java.lang.RuntimeException: Processing failed
	at com.charlessun.javaplcadapter.worker.impl.ConsumerWorkerImpl.pollLoop(ConsumerWorkerImpl.java:53)
	at java.base/java.lang.Thread.run(Thread.java:1583)
11:47:52.074 [Thread-4] ERROR com.charlessun.javaplcadapter.worker.impl.ConsumerWorkerImpl -- processingStrategy.process(record) 處理失敗: Processing failed
java.lang.RuntimeException: Processing failed
	at com.charlessun.javaplcadapter.worker.impl.ConsumerWorkerImpl.pollLoop(ConsumerWorkerImpl.java:53)
	at java.base/java.lang.Thread.run(Thread.java:1583)
11:47:52.074 [Thread-4] ERROR com.charlessun.javaplcadapter.worker.impl.ConsumerWorkerImpl -- processingStrategy.process(record) 處理失敗: Processing failed
java.lang.RuntimeException: Processing failed
	at com.charlessun.javaplcadapter.worker.impl.ConsumerWorkerImpl.pollLoop(ConsumerWorkerImpl.java:53)
	at java.base/java.lang.Thread.run(Thread.java:1583)
11:47:52.074 [Thread-4] ERROR com.charlessun.javaplcadapter.worker.impl.ConsumerWorkerImpl -- processingStrategy.process(record) 處理失敗: Processing failed
java.lang.RuntimeException: Processing failed
	at com.charlessun.javaplcadapter.worker.impl.ConsumerWorkerImpl.pollLoop(ConsumerWorkerImpl.java:53)
	at java.base/java.lang.Thread.run(Thread.java:1583)
11:47:52.074 [Thread-4] ERROR com.charlessun.javaplcadapter.worker.impl.ConsumerWorkerImpl -- processingStrategy.process(record) 處理失敗: Processing failed
java.lang.RuntimeException: Processing failed
	at com.charlessun.javaplcadapter.worker.impl.ConsumerWorkerImpl.pollLoop(ConsumerWorkerImpl.java:53)
	at java.base/java.lang.Thread.run(Thread.java:1583)
11:47:52.074 [Thread-4] ERROR com.charlessun.javaplcadapter.worker.impl.ConsumerWorkerImpl -- processingStrategy.process(record) 處理失敗: Processing failed
java.lang.RuntimeException: Processing failed
	at com.charlessun.javaplcadapter.worker.impl.ConsumerWorkerImpl.pollLoop(ConsumerWorkerImpl.java:53)
	at java.base/java.lang.Thread.run(Thread.java:1583)
11:47:52.074 [Thread-4] ERROR com.charlessun.javaplcadapter.worker.impl.ConsumerWorkerImpl -- processingStrategy.process(record) 處理失敗: Processing failed
java.lang.RuntimeException: Processing failed
	at com.charlessun.javaplcadapter.worker.impl.ConsumerWorkerImpl.pollLoop(ConsumerWorkerImpl.java:53)
	at java.base/java.lang.Thread.run(Thread.java:1583)
11:47:52.075 [Thread-4] ERROR com.charlessun.javaplcadapter.worker.impl.ConsumerWorkerImpl -- processingStrategy.process(record) 處理失敗: Processing failed
java.lang.RuntimeException: Processing failed
	at com.charlessun.javaplcadapter.worker.impl.ConsumerWorkerImpl.pollLoop(ConsumerWorkerImpl.java:53)
	at java.base/java.lang.Thread.run(Thread.java:1583)
11:47:52.075 [Thread-4] ERROR com.charlessun.javaplcadapter.worker.impl.ConsumerWorkerImpl -- processingStrategy.process(record) 處理失敗: Processing failed
java.lang.RuntimeException: Processing failed
	at com.charlessun.javaplcadapter.worker.impl.ConsumerWorkerImpl.pollLoop(ConsumerWorkerImpl.java:53)
	at java.base/java.lang.Thread.run(Thread.java:1583)
11:47:52.075 [Thread-4] ERROR com.charlessun.javaplcadapter.worker.impl.ConsumerWorkerImpl -- processingStrategy.process(record) 處理失敗: Processing failed
java.lang.RuntimeException: Processing failed
	at com.charlessun.javaplcadapter.worker.impl.ConsumerWorkerImpl.pollLoop(ConsumerWorkerImpl.java:53)
	at java.base/java.lang.Thread.run(Thread.java:1583)
11:47:52.075 [Thread-4] ERROR com.charlessun.javaplcadapter.worker.impl.ConsumerWorkerImpl -- processingStrategy.process(record) 處理失敗: Processing failed
java.lang.RuntimeException: Processing failed
	at com.charlessun.javaplcadapter.worker.impl.ConsumerWorkerImpl.pollLoop(ConsumerWorkerImpl.java:53)
	at java.base/java.lang.Thread.run(Thread.java:1583)
11:47:52.075 [Thread-4] ERROR com.charlessun.javaplcadapter.worker.impl.ConsumerWorkerImpl -- processingStrategy.process(record) 處理失敗: Processing failed
java.lang.RuntimeException: Processing failed
	at com.charlessun.javaplcadapter.worker.impl.ConsumerWorkerImpl.pollLoop(ConsumerWorkerImpl.java:53)
	at java.base/java.lang.Thread.run(Thread.java:1583)
11:47:52.075 [Thread-4] ERROR com.charlessun.javaplcadapter.worker.impl.ConsumerWorkerImpl -- processingStrategy.process(record) 處理失敗: Processing failed
java.lang.RuntimeException: Processing failed
	at com.charlessun.javaplcadapter.worker.impl.ConsumerWorkerImpl.pollLoop(ConsumerWorkerImpl.java:53)
	at java.base/java.lang.Thread.run(Thread.java:1583)
11:47:52.075 [Thread-4] ERROR com.charlessun.javaplcadapter.worker.impl.ConsumerWorkerImpl -- processingStrategy.process(record) 處理失敗: Processing failed
java.lang.RuntimeException: Processing failed
	at com.charlessun.javaplcadapter.worker.impl.ConsumerWorkerImpl.pollLoop(ConsumerWorkerImpl.java:53)
	at java.base/java.lang.Thread.run(Thread.java:1583)
11:47:52.075 [Thread-4] ERROR com.charlessun.javaplcadapter.worker.impl.ConsumerWorkerImpl -- processingStrategy.process(record) 處理失敗: Processing failed
java.lang.RuntimeException: Processing failed
	at com.charlessun.javaplcadapter.worker.impl.ConsumerWorkerImpl.pollLoop(ConsumerWorkerImpl.java:53)
	at java.base/java.lang.Thread.run(Thread.java:1583)
11:47:52.076 [Thread-4] ERROR com.charlessun.javaplcadapter.worker.impl.ConsumerWorkerImpl -- processingStrategy.process(record) 處理失敗: Processing failed
java.lang.RuntimeException: Processing failed
	at com.charlessun.javaplcadapter.worker.impl.ConsumerWorkerImpl.pollLoop(ConsumerWorkerImpl.java:53)
	at java.base/java.lang.Thread.run(Thread.java:1583)
11:47:52.076 [Thread-4] ERROR com.charlessun.javaplcadapter.worker.impl.ConsumerWorkerImpl -- processingStrategy.process(record) 處理失敗: Processing failed
java.lang.RuntimeException: Processing failed
	at com.charlessun.javaplcadapter.worker.impl.ConsumerWorkerImpl.pollLoop(ConsumerWorkerImpl.java:53)
	at java.base/java.lang.Thread.run(Thread.java:1583)
11:47:52.076 [Thread-4] ERROR com.charlessun.javaplcadapter.worker.impl.ConsumerWorkerImpl -- processingStrategy.process(record) 處理失敗: Processing failed
java.lang.RuntimeException: Processing failed
	at com.charlessun.javaplcadapter.worker.impl.ConsumerWorkerImpl.pollLoop(ConsumerWorkerImpl.java:53)
	at java.base/java.lang.Thread.run(Thread.java:1583)
11:47:52.076 [Thread-4] ERROR com.charlessun.javaplcadapter.worker.impl.ConsumerWorkerImpl -- processingStrategy.process(record) 處理失敗: Processing failed
java.lang.RuntimeException: Processing failed
	at com.charlessun.javaplcadapter.worker.impl.ConsumerWorkerImpl.pollLoop(ConsumerWorkerImpl.java:53)
	at java.base/java.lang.Thread.run(Thread.java:1583)
11:47:52.076 [Thread-4] ERROR com.charlessun.javaplcadapter.worker.impl.ConsumerWorkerImpl -- processingStrategy.process(record) 處理失敗: Processing failed
java.lang.RuntimeException: Processing failed
	at com.charlessun.javaplcadapter.worker.impl.ConsumerWorkerImpl.pollLoop(ConsumerWorkerImpl.java:53)
	at java.base/java.lang.Thread.run(Thread.java:1583)
11:47:52.076 [Thread-4] ERROR com.charlessun.javaplcadapter.worker.impl.ConsumerWorkerImpl -- processingStrategy.process(record) 處理失敗: Processing failed
java.lang.RuntimeException: Processing failed
	at com.charlessun.javaplcadapter.worker.impl.ConsumerWorkerImpl.pollLoop(ConsumerWorkerImpl.java:53)
	at java.base/java.lang.Thread.run(Thread.java:1583)
11:47:52.076 [Thread-4] ERROR com.charlessun.javaplcadapter.worker.impl.ConsumerWorkerImpl -- processingStrategy.process(record) 處理失敗: Processing failed
java.lang.RuntimeException: Processing failed
	at com.charlessun.javaplcadapter.worker.impl.ConsumerWorkerImpl.pollLoop(ConsumerWorkerImpl.java:53)
	at java.base/java.lang.Thread.run(Thread.java:1583)
11:47:52.076 [Thread-4] ERROR com.charlessun.javaplcadapter.worker.impl.ConsumerWorkerImpl -- processingStrategy.process(record) 處理失敗: Processing failed
java.lang.RuntimeException: Processing failed
	at com.charlessun.javaplcadapter.worker.impl.ConsumerWorkerImpl.pollLoop(ConsumerWorkerImpl.java:53)
	at java.base/java.lang.Thread.run(Thread.java:1583)
11:47:52.077 [Thread-4] ERROR com.charlessun.javaplcadapter.worker.impl.ConsumerWorkerImpl -- processingStrategy.process(record) 處理失敗: Processing failed
java.lang.RuntimeException: Processing failed
	at com.charlessun.javaplcadapter.worker.impl.ConsumerWorkerImpl.pollLoop(ConsumerWorkerImpl.java:53)
	at java.base/java.lang.Thread.run(Thread.java:1583)
11:47:52.077 [Thread-4] ERROR com.charlessun.javaplcadapter.worker.impl.ConsumerWorkerImpl -- processingStrategy.process(record) 處理失敗: Processing failed
java.lang.RuntimeException: Processing failed
	at com.charlessun.javaplcadapter.worker.impl.ConsumerWorkerImpl.pollLoop(ConsumerWorkerImpl.java:53)
	at java.base/java.lang.Thread.run(Thread.java:1583)
11:47:52.077 [Thread-4] ERROR com.charlessun.javaplcadapter.worker.impl.ConsumerWorkerImpl -- processingStrategy.process(record) 處理失敗: Processing failed
java.lang.RuntimeException: Processing failed
	at com.charlessun.javaplcadapter.worker.impl.ConsumerWorkerImpl.pollLoop(ConsumerWorkerImpl.java:53)
	at java.base/java.lang.Thread.run(Thread.java:1583)
11:47:52.077 [Thread-4] ERROR com.charlessun.javaplcadapter.worker.impl.ConsumerWorkerImpl -- processingStrategy.process(record) 處理失敗: Processing failed
java.lang.RuntimeException: Processing failed
	at com.charlessun.javaplcadapter.worker.impl.ConsumerWorkerImpl.pollLoop(ConsumerWorkerImpl.java:53)
	at java.base/java.lang.Thread.run(Thread.java:1583)
11:47:52.077 [Thread-4] ERROR com.charlessun.javaplcadapter.worker.impl.ConsumerWorkerImpl -- processingStrategy.process(record) 處理失敗: Processing failed
java.lang.RuntimeException: Processing failed
	at com.charlessun.javaplcadapter.worker.impl.ConsumerWorkerImpl.pollLoop(ConsumerWorkerImpl.java:53)
	at java.base/java.lang.Thread.run(Thread.java:1583)
11:47:52.077 [Thread-4] ERROR com.charlessun.javaplcadapter.worker.impl.ConsumerWorkerImpl -- processingStrategy.process(record) 處理失敗: Processing failed
java.lang.RuntimeException: Processing failed
	at com.charlessun.javaplcadapter.worker.impl.ConsumerWorkerImpl.pollLoop(ConsumerWorkerImpl.java:53)
	at java.base/java.lang.Thread.run(Thread.java:1583)
11:47:52.077 [Thread-4] ERROR com.charlessun.javaplcadapter.worker.impl.ConsumerWorkerImpl -- processingStrategy.process(record) 處理失敗: Processing failed
java.lang.RuntimeException: Processing failed
	at com.charlessun.javaplcadapter.worker.impl.ConsumerWorkerImpl.pollLoop(ConsumerWorkerImpl.java:53)
	at java.base/java.lang.Thread.run(Thread.java:1583)
11:47:52.078 [Thread-4] ERROR com.charlessun.javaplcadapter.worker.impl.ConsumerWorkerImpl -- processingStrategy.process(record) 處理失敗: Processing failed
java.lang.RuntimeException: Processing failed
	at com.charlessun.javaplcadapter.worker.impl.ConsumerWorkerImpl.pollLoop(ConsumerWorkerImpl.java:53)
	at java.base/java.lang.Thread.run(Thread.java:1583)
11:47:52.078 [Thread-4] ERROR com.charlessun.javaplcadapter.worker.impl.ConsumerWorkerImpl -- processingStrategy.process(record) 處理失敗: Processing failed
java.lang.RuntimeException: Processing failed
	at com.charlessun.javaplcadapter.worker.impl.ConsumerWorkerImpl.pollLoop(ConsumerWorkerImpl.java:53)
	at java.base/java.lang.Thread.run(Thread.java:1583)
11:47:52.078 [Thread-4] ERROR com.charlessun.javaplcadapter.worker.impl.ConsumerWorkerImpl -- processingStrategy.process(record) 處理失敗: Processing failed
java.lang.RuntimeException: Processing failed
	at com.charlessun.javaplcadapter.worker.impl.ConsumerWorkerImpl.pollLoop(ConsumerWorkerImpl.java:53)
	at java.base/java.lang.Thread.run(Thread.java:1583)
11:47:52.078 [Thread-4] ERROR com.charlessun.javaplcadapter.worker.impl.ConsumerWorkerImpl -- processingStrategy.process(record) 處理失敗: Processing failed
java.lang.RuntimeException: Processing failed
	at com.charlessun.javaplcadapter.worker.impl.ConsumerWorkerImpl.pollLoop(ConsumerWorkerImpl.java:53)
	at java.base/java.lang.Thread.run(Thread.java:1583)
11:47:52.078 [Thread-4] ERROR com.charlessun.javaplcadapter.worker.impl.ConsumerWorkerImpl -- processingStrategy.process(record) 處理失敗: Processing failed
java.lang.RuntimeException: Processing failed
	at com.charlessun.javaplcadapter.worker.impl.ConsumerWorkerImpl.pollLoop(ConsumerWorkerImpl.java:53)
	at java.base/java.lang.Thread.run(Thread.java:1583)
11:47:52.078 [Thread-4] ERROR com.charlessun.javaplcadapter.worker.impl.ConsumerWorkerImpl -- processingStrategy.process(record) 處理失敗: Processing failed
java.lang.RuntimeException: Processing failed
	at com.charlessun.javaplcadapter.worker.impl.ConsumerWorkerImpl.pollLoop(ConsumerWorkerImpl.java:53)
	at java.base/java.lang.Thread.run(Thread.java:1583)
11:47:52.079 [Thread-4] ERROR com.charlessun.javaplcadapter.worker.impl.ConsumerWorkerImpl -- processingStrategy.process(record) 處理失敗: Processing failed
java.lang.RuntimeException: Processing failed
	at com.charlessun.javaplcadapter.worker.impl.ConsumerWorkerImpl.pollLoop(ConsumerWorkerImpl.java:53)
	at java.base/java.lang.Thread.run(Thread.java:1583)
11:47:52.079 [Thread-4] ERROR com.charlessun.javaplcadapter.worker.impl.ConsumerWorkerImpl -- processingStrategy.process(record) 處理失敗: Processing failed
java.lang.RuntimeException: Processing failed
	at com.charlessun.javaplcadapter.worker.impl.ConsumerWorkerImpl.pollLoop(ConsumerWorkerImpl.java:53)
	at java.base/java.lang.Thread.run(Thread.java:1583)
11:47:52.079 [Thread-4] ERROR com.charlessun.javaplcadapter.worker.impl.ConsumerWorkerImpl -- processingStrategy.process(record) 處理失敗: Processing failed
java.lang.RuntimeException: Processing failed
	at com.charlessun.javaplcadapter.worker.impl.ConsumerWorkerImpl.pollLoop(ConsumerWorkerImpl.java:53)
	at java.base/java.lang.Thread.run(Thread.java:1583)
11:47:52.079 [Thread-4] ERROR com.charlessun.javaplcadapter.worker.impl.ConsumerWorkerImpl -- processingStrategy.process(record) 處理失敗: Processing failed
java.lang.RuntimeException: Processing failed
	at com.charlessun.javaplcadapter.worker.impl.ConsumerWorkerImpl.pollLoop(ConsumerWorkerImpl.java:53)
	at java.base/java.lang.Thread.run(Thread.java:1583)
11:47:52.079 [Thread-4] ERROR com.charlessun.javaplcadapter.worker.impl.ConsumerWorkerImpl -- processingStrategy.process(record) 處理失敗: Processing failed
java.lang.RuntimeException: Processing failed
	at com.charlessun.javaplcadapter.worker.impl.ConsumerWorkerImpl.pollLoop(ConsumerWorkerImpl.java:53)
	at java.base/java.lang.Thread.run(Thread.java:1583)
11:47:52.080 [Thread-4] ERROR com.charlessun.javaplcadapter.worker.impl.ConsumerWorkerImpl -- processingStrategy.process(record) 處理失敗: Processing failed
java.lang.RuntimeException: Processing failed
	at com.charlessun.javaplcadapter.worker.impl.ConsumerWorkerImpl.pollLoop(ConsumerWorkerImpl.java:53)
	at java.base/java.lang.Thread.run(Thread.java:1583)
11:47:52.080 [Thread-4] ERROR com.charlessun.javaplcadapter.worker.impl.ConsumerWorkerImpl -- processingStrategy.process(record) 處理失敗: Processing failed
java.lang.RuntimeException: Processing failed
	at com.charlessun.javaplcadapter.worker.impl.ConsumerWorkerImpl.pollLoop(ConsumerWorkerImpl.java:53)
	at java.base/java.lang.Thread.run(Thread.java:1583)
11:47:52.080 [Thread-4] ERROR com.charlessun.javaplcadapter.worker.impl.ConsumerWorkerImpl -- processingStrategy.process(record) 處理失敗: Processing failed
java.lang.RuntimeException: Processing failed
	at com.charlessun.javaplcadapter.worker.impl.ConsumerWorkerImpl.pollLoop(ConsumerWorkerImpl.java:53)
	at java.base/java.lang.Thread.run(Thread.java:1583)
11:47:52.080 [Thread-4] ERROR com.charlessun.javaplcadapter.worker.impl.ConsumerWorkerImpl -- processingStrategy.process(record) 處理失敗: Processing failed
java.lang.RuntimeException: Processing failed
	at com.charlessun.javaplcadapter.worker.impl.ConsumerWorkerImpl.pollLoop(ConsumerWorkerImpl.java:53)
	at java.base/java.lang.Thread.run(Thread.java:1583)
11:47:52.080 [Thread-4] ERROR com.charlessun.javaplcadapter.worker.impl.ConsumerWorkerImpl -- processingStrategy.process(record) 處理失敗: Processing failed
java.lang.RuntimeException: Processing failed
	at com.charlessun.javaplcadapter.worker.impl.ConsumerWorkerImpl.pollLoop(ConsumerWorkerImpl.java:53)
	at java.base/java.lang.Thread.run(Thread.java:1583)
11:47:52.081 [Thread-4] ERROR com.charlessun.javaplcadapter.worker.impl.ConsumerWorkerImpl -- processingStrategy.process(record) 處理失敗: Processing failed
java.lang.RuntimeException: Processing failed
	at com.charlessun.javaplcadapter.worker.impl.ConsumerWorkerImpl.pollLoop(ConsumerWorkerImpl.java:53)
	at java.base/java.lang.Thread.run(Thread.java:1583)
11:47:52.081 [Thread-4] ERROR com.charlessun.javaplcadapter.worker.impl.ConsumerWorkerImpl -- processingStrategy.process(record) 處理失敗: Processing failed
java.lang.RuntimeException: Processing failed
	at com.charlessun.javaplcadapter.worker.impl.ConsumerWorkerImpl.pollLoop(ConsumerWorkerImpl.java:53)
	at java.base/java.lang.Thread.run(Thread.java:1583)
11:47:52.081 [Thread-4] ERROR com.charlessun.javaplcadapter.worker.impl.ConsumerWorkerImpl -- processingStrategy.process(record) 處理失敗: Processing failed
java.lang.RuntimeException: Processing failed
	at com.charlessun.javaplcadapter.worker.impl.ConsumerWorkerImpl.pollLoop(ConsumerWorkerImpl.java:53)
	at java.base/java.lang.Thread.run(Thread.java:1583)
11:47:52.081 [Thread-4] ERROR com.charlessun.javaplcadapter.worker.impl.ConsumerWorkerImpl -- processingStrategy.process(record) 處理失敗: Processing failed
java.lang.RuntimeException: Processing failed
	at com.charlessun.javaplcadapter.worker.impl.ConsumerWorkerImpl.pollLoop(ConsumerWorkerImpl.java:53)
	at java.base/java.lang.Thread.run(Thread.java:1583)
11:47:52.081 [Thread-4] ERROR com.charlessun.javaplcadapter.worker.impl.ConsumerWorkerImpl -- processingStrategy.process(record) 處理失敗: Processing failed
java.lang.RuntimeException: Processing failed
	at com.charlessun.javaplcadapter.worker.impl.ConsumerWorkerImpl.pollLoop(ConsumerWorkerImpl.java:53)
	at java.base/java.lang.Thread.run(Thread.java:1583)
11:47:52.081 [Thread-4] ERROR com.charlessun.javaplcadapter.worker.impl.ConsumerWorkerImpl -- processingStrategy.process(record) 處理失敗: Processing failed
java.lang.RuntimeException: Processing failed
	at com.charlessun.javaplcadapter.worker.impl.ConsumerWorkerImpl.pollLoop(ConsumerWorkerImpl.java:53)
	at java.base/java.lang.Thread.run(Thread.java:1583)
11:47:52.082 [Thread-4] ERROR com.charlessun.javaplcadapter.worker.impl.ConsumerWorkerImpl -- processingStrategy.process(record) 處理失敗: Processing failed
java.lang.RuntimeException: Processing failed
	at com.charlessun.javaplcadapter.worker.impl.ConsumerWorkerImpl.pollLoop(ConsumerWorkerImpl.java:53)
	at java.base/java.lang.Thread.run(Thread.java:1583)
11:47:52.082 [Thread-4] ERROR com.charlessun.javaplcadapter.worker.impl.ConsumerWorkerImpl -- processingStrategy.process(record) 處理失敗: Processing failed
java.lang.RuntimeException: Processing failed
	at com.charlessun.javaplcadapter.worker.impl.ConsumerWorkerImpl.pollLoop(ConsumerWorkerImpl.java:53)
	at java.base/java.lang.Thread.run(Thread.java:1583)
11:47:52.082 [Thread-4] ERROR com.charlessun.javaplcadapter.worker.impl.ConsumerWorkerImpl -- processingStrategy.process(record) 處理失敗: Processing failed
java.lang.RuntimeException: Processing failed
	at com.charlessun.javaplcadapter.worker.impl.ConsumerWorkerImpl.pollLoop(ConsumerWorkerImpl.java:53)
	at java.base/java.lang.Thread.run(Thread.java:1583)
11:47:52.082 [Thread-4] ERROR com.charlessun.javaplcadapter.worker.impl.ConsumerWorkerImpl -- processingStrategy.process(record) 處理失敗: Processing failed
java.lang.RuntimeException: Processing failed
	at com.charlessun.javaplcadapter.worker.impl.ConsumerWorkerImpl.pollLoop(ConsumerWorkerImpl.java:53)
	at java.base/java.lang.Thread.run(Thread.java:1583)
11:47:52.082 [Thread-4] ERROR com.charlessun.javaplcadapter.worker.impl.ConsumerWorkerImpl -- processingStrategy.process(record) 處理失敗: Processing failed
java.lang.RuntimeException: Processing failed
	at com.charlessun.javaplcadapter.worker.impl.ConsumerWorkerImpl.pollLoop(ConsumerWorkerImpl.java:53)
	at java.base/java.lang.Thread.run(Thread.java:1583)
11:47:52.083 [Thread-4] ERROR com.charlessun.javaplcadapter.worker.impl.ConsumerWorkerImpl -- processingStrategy.process(record) 處理失敗: Processing failed
java.lang.RuntimeException: Processing failed
	at com.charlessun.javaplcadapter.worker.impl.ConsumerWorkerImpl.pollLoop(ConsumerWorkerImpl.java:53)
	at java.base/java.lang.Thread.run(Thread.java:1583)
11:47:52.083 [Thread-4] ERROR com.charlessun.javaplcadapter.worker.impl.ConsumerWorkerImpl -- processingStrategy.process(record) 處理失敗: Processing failed
java.lang.RuntimeException: Processing failed
	at com.charlessun.javaplcadapter.worker.impl.ConsumerWorkerImpl.pollLoop(ConsumerWorkerImpl.java:53)
	at java.base/java.lang.Thread.run(Thread.java:1583)
11:47:52.084 [Thread-4] ERROR com.charlessun.javaplcadapter.worker.impl.ConsumerWorkerImpl -- processingStrategy.process(record) 處理失敗: Processing failed
java.lang.RuntimeException: Processing failed
	at com.charlessun.javaplcadapter.worker.impl.ConsumerWorkerImpl.pollLoop(ConsumerWorkerImpl.java:53)
	at java.base/java.lang.Thread.run(Thread.java:1583)
11:47:52.084 [Thread-4] ERROR com.charlessun.javaplcadapter.worker.impl.ConsumerWorkerImpl -- processingStrategy.process(record) 處理失敗: Processing failed
java.lang.RuntimeException: Processing failed
	at com.charlessun.javaplcadapter.worker.impl.ConsumerWorkerImpl.pollLoop(ConsumerWorkerImpl.java:53)
	at java.base/java.lang.Thread.run(Thread.java:1583)
11:47:52.084 [Thread-4] ERROR com.charlessun.javaplcadapter.worker.impl.ConsumerWorkerImpl -- processingStrategy.process(record) 處理失敗: Processing failed
java.lang.RuntimeException: Processing failed
	at com.charlessun.javaplcadapter.worker.impl.ConsumerWorkerImpl.pollLoop(ConsumerWorkerImpl.java:53)
	at java.base/java.lang.Thread.run(Thread.java:1583)
11:47:52.084 [Thread-4] ERROR com.charlessun.javaplcadapter.worker.impl.ConsumerWorkerImpl -- processingStrategy.process(record) 處理失敗: Processing failed
java.lang.RuntimeException: Processing failed
	at com.charlessun.javaplcadapter.worker.impl.ConsumerWorkerImpl.pollLoop(ConsumerWorkerImpl.java:53)
	at java.base/java.lang.Thread.run(Thread.java:1583)
11:47:52.085 [Thread-4] ERROR com.charlessun.javaplcadapter.worker.impl.ConsumerWorkerImpl -- processingStrategy.process(record) 處理失敗: Processing failed
java.lang.RuntimeException: Processing failed
	at com.charlessun.javaplcadapter.worker.impl.ConsumerWorkerImpl.pollLoop(ConsumerWorkerImpl.java:53)
	at java.base/java.lang.Thread.run(Thread.java:1583)
11:47:52.085 [Thread-4] ERROR com.charlessun.javaplcadapter.worker.impl.ConsumerWorkerImpl -- processingStrategy.process(record) 處理失敗: Processing failed
java.lang.RuntimeException: Processing failed
	at com.charlessun.javaplcadapter.worker.impl.ConsumerWorkerImpl.pollLoop(ConsumerWorkerImpl.java:53)
	at java.base/java.lang.Thread.run(Thread.java:1583)
11:47:52.085 [Thread-4] ERROR com.charlessun.javaplcadapter.worker.impl.ConsumerWorkerImpl -- processingStrategy.process(record) 處理失敗: Processing failed
java.lang.RuntimeException: Processing failed
	at com.charlessun.javaplcadapter.worker.impl.ConsumerWorkerImpl.pollLoop(ConsumerWorkerImpl.java:53)
	at java.base/java.lang.Thread.run(Thread.java:1583)
11:47:52.086 [Thread-4] ERROR com.charlessun.javaplcadapter.worker.impl.ConsumerWorkerImpl -- processingStrategy.process(record) 處理失敗: Processing failed
java.lang.RuntimeException: Processing failed
	at com.charlessun.javaplcadapter.worker.impl.ConsumerWorkerImpl.pollLoop(ConsumerWorkerImpl.java:53)
	at java.base/java.lang.Thread.run(Thread.java:1583)
11:47:52.086 [Thread-4] ERROR com.charlessun.javaplcadapter.worker.impl.ConsumerWorkerImpl -- processingStrategy.process(record) 處理失敗: Processing failed
java.lang.RuntimeException: Processing failed
	at com.charlessun.javaplcadapter.worker.impl.ConsumerWorkerImpl.pollLoop(ConsumerWorkerImpl.java:53)
	at java.base/java.lang.Thread.run(Thread.java:1583)
11:47:52.086 [Thread-4] ERROR com.charlessun.javaplcadapter.worker.impl.ConsumerWorkerImpl -- processingStrategy.process(record) 處理失敗: Processing failed
java.lang.RuntimeException: Processing failed
	at com.charlessun.javaplcadapter.worker.impl.ConsumerWorkerImpl.pollLoop(ConsumerWorkerImpl.java:53)
	at java.base/java.lang.Thread.run(Thread.java:1583)
11:47:52.086 [Thread-4] ERROR com.charlessun.javaplcadapter.worker.impl.ConsumerWorkerImpl -- processingStrategy.process(record) 處理失敗: Processing failed
java.lang.RuntimeException: Processing failed
	at com.charlessun.javaplcadapter.worker.impl.ConsumerWorkerImpl.pollLoop(ConsumerWorkerImpl.java:53)
	at java.base/java.lang.Thread.run(Thread.java:1583)
11:47:52.087 [Thread-4] ERROR com.charlessun.javaplcadapter.worker.impl.ConsumerWorkerImpl -- processingStrategy.process(record) 處理失敗: Processing failed
java.lang.RuntimeException: Processing failed
	at com.charlessun.javaplcadapter.worker.impl.ConsumerWorkerImpl.pollLoop(ConsumerWorkerImpl.java:53)
	at java.base/java.lang.Thread.run(Thread.java:1583)
11:47:52.087 [Thread-4] ERROR com.charlessun.javaplcadapter.worker.impl.ConsumerWorkerImpl -- processingStrategy.process(record) 處理失敗: Processing failed
java.lang.RuntimeException: Processing failed
	at com.charlessun.javaplcadapter.worker.impl.ConsumerWorkerImpl.pollLoop(ConsumerWorkerImpl.java:53)
	at java.base/java.lang.Thread.run(Thread.java:1583)
11:47:52.087 [Thread-4] ERROR com.charlessun.javaplcadapter.worker.impl.ConsumerWorkerImpl -- processingStrategy.process(record) 處理失敗: Processing failed
java.lang.RuntimeException: Processing failed
	at com.charlessun.javaplcadapter.worker.impl.ConsumerWorkerImpl.pollLoop(ConsumerWorkerImpl.java:53)
	at java.base/java.lang.Thread.run(Thread.java:1583)
11:47:52.087 [Thread-4] ERROR com.charlessun.javaplcadapter.worker.impl.ConsumerWorkerImpl -- processingStrategy.process(record) 處理失敗: Processing failed
java.lang.RuntimeException: Processing failed
	at com.charlessun.javaplcadapter.worker.impl.ConsumerWorkerImpl.pollLoop(ConsumerWorkerImpl.java:53)
	at java.base/java.lang.Thread.run(Thread.java:1583)
11:47:52.087 [Thread-4] ERROR com.charlessun.javaplcadapter.worker.impl.ConsumerWorkerImpl -- processingStrategy.process(record) 處理失敗: Processing failed
java.lang.RuntimeException: Processing failed
	at com.charlessun.javaplcadapter.worker.impl.ConsumerWorkerImpl.pollLoop(ConsumerWorkerImpl.java:53)
	at java.base/java.lang.Thread.run(Thread.java:1583)
11:47:52.088 [Thread-4] ERROR com.charlessun.javaplcadapter.worker.impl.ConsumerWorkerImpl -- processingStrategy.process(record) 處理失敗: Processing failed
java.lang.RuntimeException: Processing failed
	at com.charlessun.javaplcadapter.worker.impl.ConsumerWorkerImpl.pollLoop(ConsumerWorkerImpl.java:53)
	at java.base/java.lang.Thread.run(Thread.java:1583)
11:47:52.088 [Thread-4] ERROR com.charlessun.javaplcadapter.worker.impl.ConsumerWorkerImpl -- processingStrategy.process(record) 處理失敗: Processing failed
java.lang.RuntimeException: Processing failed
	at com.charlessun.javaplcadapter.worker.impl.ConsumerWorkerImpl.pollLoop(ConsumerWorkerImpl.java:53)
	at java.base/java.lang.Thread.run(Thread.java:1583)
11:47:52.088 [Thread-4] ERROR com.charlessun.javaplcadapter.worker.impl.ConsumerWorkerImpl -- processingStrategy.process(record) 處理失敗: Processing failed
java.lang.RuntimeException: Processing failed
	at com.charlessun.javaplcadapter.worker.impl.ConsumerWorkerImpl.pollLoop(ConsumerWorkerImpl.java:53)
	at java.base/java.lang.Thread.run(Thread.java:1583)
11:47:52.088 [Thread-4] ERROR com.charlessun.javaplcadapter.worker.impl.ConsumerWorkerImpl -- processingStrategy.process(record) 處理失敗: Processing failed
java.lang.RuntimeException: Processing failed
	at com.charlessun.javaplcadapter.worker.impl.ConsumerWorkerImpl.pollLoop(ConsumerWorkerImpl.java:53)
	at java.base/java.lang.Thread.run(Thread.java:1583)
11:47:52.089 [Thread-4] ERROR com.charlessun.javaplcadapter.worker.impl.ConsumerWorkerImpl -- processingStrategy.process(record) 處理失敗: Processing failed
java.lang.RuntimeException: Processing failed
	at com.charlessun.javaplcadapter.worker.impl.ConsumerWorkerImpl.pollLoop(ConsumerWorkerImpl.java:53)
	at java.base/java.lang.Thread.run(Thread.java:1583)
11:47:52.089 [Thread-4] ERROR com.charlessun.javaplcadapter.worker.impl.ConsumerWorkerImpl -- processingStrategy.process(record) 處理失敗: Processing failed
java.lang.RuntimeException: Processing failed
	at com.charlessun.javaplcadapter.worker.impl.ConsumerWorkerImpl.pollLoop(ConsumerWorkerImpl.java:53)
	at java.base/java.lang.Thread.run(Thread.java:1583)
11:47:52.089 [Thread-4] ERROR com.charlessun.javaplcadapter.worker.impl.ConsumerWorkerImpl -- processingStrategy.process(record) 處理失敗: Processing failed
java.lang.RuntimeException: Processing failed
	at com.charlessun.javaplcadapter.worker.impl.ConsumerWorkerImpl.pollLoop(ConsumerWorkerImpl.java:53)
	at java.base/java.lang.Thread.run(Thread.java:1583)
11:47:52.089 [Thread-4] ERROR com.charlessun.javaplcadapter.worker.impl.ConsumerWorkerImpl -- processingStrategy.process(record) 處理失敗: Processing failed
java.lang.RuntimeException: Processing failed
	at com.charlessun.javaplcadapter.worker.impl.ConsumerWorkerImpl.pollLoop(ConsumerWorkerImpl.java:53)
	at java.base/java.lang.Thread.run(Thread.java:1583)
11:47:52.089 [Thread-4] ERROR com.charlessun.javaplcadapter.worker.impl.ConsumerWorkerImpl -- processingStrategy.process(record) 處理失敗: Processing failed
java.lang.RuntimeException: Processing failed
	at com.charlessun.javaplcadapter.worker.impl.ConsumerWorkerImpl.pollLoop(ConsumerWorkerImpl.java:53)
	at java.base/java.lang.Thread.run(Thread.java:1583)
11:47:52.089 [Thread-4] ERROR com.charlessun.javaplcadapter.worker.impl.ConsumerWorkerImpl -- processingStrategy.process(record) 處理失敗: Processing failed
java.lang.RuntimeException: Processing failed
	at com.charlessun.javaplcadapter.worker.impl.ConsumerWorkerImpl.pollLoop(ConsumerWorkerImpl.java:53)
	at java.base/java.lang.Thread.run(Thread.java:1583)
11:47:52.090 [Thread-4] ERROR com.charlessun.javaplcadapter.worker.impl.ConsumerWorkerImpl -- processingStrategy.process(record) 處理失敗: Processing failed
java.lang.RuntimeException: Processing failed
	at com.charlessun.javaplcadapter.worker.impl.ConsumerWorkerImpl.pollLoop(ConsumerWorkerImpl.java:53)
	at java.base/java.lang.Thread.run(Thread.java:1583)
11:47:52.090 [Thread-4] ERROR com.charlessun.javaplcadapter.worker.impl.ConsumerWorkerImpl -- processingStrategy.process(record) 處理失敗: Processing failed
java.lang.RuntimeException: Processing failed
	at com.charlessun.javaplcadapter.worker.impl.ConsumerWorkerImpl.pollLoop(ConsumerWorkerImpl.java:53)
	at java.base/java.lang.Thread.run(Thread.java:1583)
11:47:52.090 [Thread-4] ERROR com.charlessun.javaplcadapter.worker.impl.ConsumerWorkerImpl -- processingStrategy.process(record) 處理失敗: Processing failed
java.lang.RuntimeException: Processing failed
	at com.charlessun.javaplcadapter.worker.impl.ConsumerWorkerImpl.pollLoop(ConsumerWorkerImpl.java:53)
	at java.base/java.lang.Thread.run(Thread.java:1583)
11:47:52.090 [Thread-4] ERROR com.charlessun.javaplcadapter.worker.impl.ConsumerWorkerImpl -- processingStrategy.process(record) 處理失敗: Processing failed
java.lang.RuntimeException: Processing failed
	at com.charlessun.javaplcadapter.worker.impl.ConsumerWorkerImpl.pollLoop(ConsumerWorkerImpl.java:53)
	at java.base/java.lang.Thread.run(Thread.java:1583)
11:47:52.090 [Thread-4] ERROR com.charlessun.javaplcadapter.worker.impl.ConsumerWorkerImpl -- processingStrategy.process(record) 處理失敗: Processing failed
java.lang.RuntimeException: Processing failed
	at com.charlessun.javaplcadapter.worker.impl.ConsumerWorkerImpl.pollLoop(ConsumerWorkerImpl.java:53)
	at java.base/java.lang.Thread.run(Thread.java:1583)
11:47:52.090 [Thread-4] ERROR com.charlessun.javaplcadapter.worker.impl.ConsumerWorkerImpl -- processingStrategy.process(record) 處理失敗: Processing failed
java.lang.RuntimeException: Processing failed
	at com.charlessun.javaplcadapter.worker.impl.ConsumerWorkerImpl.pollLoop(ConsumerWorkerImpl.java:53)
	at java.base/java.lang.Thread.run(Thread.java:1583)
11:47:52.090 [Thread-4] ERROR com.charlessun.javaplcadapter.worker.impl.ConsumerWorkerImpl -- processingStrategy.process(record) 處理失敗: Processing failed
java.lang.RuntimeException: Processing failed
	at com.charlessun.javaplcadapter.worker.impl.ConsumerWorkerImpl.pollLoop(ConsumerWorkerImpl.java:53)
	at java.base/java.lang.Thread.run(Thread.java:1583)
11:47:52.091 [Thread-4] ERROR com.charlessun.javaplcadapter.worker.impl.ConsumerWorkerImpl -- processingStrategy.process(record) 處理失敗: Processing failed
java.lang.RuntimeException: Processing failed
	at com.charlessun.javaplcadapter.worker.impl.ConsumerWorkerImpl.pollLoop(ConsumerWorkerImpl.java:53)
	at java.base/java.lang.Thread.run(Thread.java:1583)
11:47:52.091 [Thread-4] ERROR com.charlessun.javaplcadapter.worker.impl.ConsumerWorkerImpl -- processingStrategy.process(record) 處理失敗: Processing failed
java.lang.RuntimeException: Processing failed
	at com.charlessun.javaplcadapter.worker.impl.ConsumerWorkerImpl.pollLoop(ConsumerWorkerImpl.java:53)
	at java.base/java.lang.Thread.run(Thread.java:1583)
11:47:52.091 [Thread-4] ERROR com.charlessun.javaplcadapter.worker.impl.ConsumerWorkerImpl -- processingStrategy.process(record) 處理失敗: Processing failed
java.lang.RuntimeException: Processing failed
	at com.charlessun.javaplcadapter.worker.impl.ConsumerWorkerImpl.pollLoop(ConsumerWorkerImpl.java:53)
	at java.base/java.lang.Thread.run(Thread.java:1583)
11:47:52.091 [Thread-4] ERROR com.charlessun.javaplcadapter.worker.impl.ConsumerWorkerImpl -- processingStrategy.process(record) 處理失敗: Processing failed
java.lang.RuntimeException: Processing failed
	at com.charlessun.javaplcadapter.worker.impl.ConsumerWorkerImpl.pollLoop(ConsumerWorkerImpl.java:53)
	at java.base/java.lang.Thread.run(Thread.java:1583)
11:47:52.091 [Thread-4] ERROR com.charlessun.javaplcadapter.worker.impl.ConsumerWorkerImpl -- processingStrategy.process(record) 處理失敗: Processing failed
java.lang.RuntimeException: Processing failed
	at com.charlessun.javaplcadapter.worker.impl.ConsumerWorkerImpl.pollLoop(ConsumerWorkerImpl.java:53)
	at java.base/java.lang.Thread.run(Thread.java:1583)
11:47:52.091 [Thread-4] ERROR com.charlessun.javaplcadapter.worker.impl.ConsumerWorkerImpl -- processingStrategy.process(record) 處理失敗: Processing failed
java.lang.RuntimeException: Processing failed
	at com.charlessun.javaplcadapter.worker.impl.ConsumerWorkerImpl.pollLoop(ConsumerWorkerImpl.java:53)
	at java.base/java.lang.Thread.run(Thread.java:1583)
11:47:52.091 [Thread-4] ERROR com.charlessun.javaplcadapter.worker.impl.ConsumerWorkerImpl -- processingStrategy.process(record) 處理失敗: Processing failed
java.lang.RuntimeException: Processing failed
	at com.charlessun.javaplcadapter.worker.impl.ConsumerWorkerImpl.pollLoop(ConsumerWorkerImpl.java:53)
	at java.base/java.lang.Thread.run(Thread.java:1583)
11:47:52.091 [Thread-4] ERROR com.charlessun.javaplcadapter.worker.impl.ConsumerWorkerImpl -- processingStrategy.process(record) 處理失敗: Processing failed
java.lang.RuntimeException: Processing failed
	at com.charlessun.javaplcadapter.worker.impl.ConsumerWorkerImpl.pollLoop(ConsumerWorkerImpl.java:53)
	at java.base/java.lang.Thread.run(Thread.java:1583)
11:47:52.092 [Thread-4] ERROR com.charlessun.javaplcadapter.worker.impl.ConsumerWorkerImpl -- processingStrategy.process(record) 處理失敗: Processing failed
java.lang.RuntimeException: Processing failed
	at com.charlessun.javaplcadapter.worker.impl.ConsumerWorkerImpl.pollLoop(ConsumerWorkerImpl.java:53)
	at java.base/java.lang.Thread.run(Thread.java:1583)
11:47:52.092 [Thread-4] ERROR com.charlessun.javaplcadapter.worker.impl.ConsumerWorkerImpl -- processingStrategy.process(record) 處理失敗: Processing failed
java.lang.RuntimeException: Processing failed
	at com.charlessun.javaplcadapter.worker.impl.ConsumerWorkerImpl.pollLoop(ConsumerWorkerImpl.java:53)
	at java.base/java.lang.Thread.run(Thread.java:1583)
11:47:52.092 [Thread-4] ERROR com.charlessun.javaplcadapter.worker.impl.ConsumerWorkerImpl -- processingStrategy.process(record) 處理失敗: Processing failed
java.lang.RuntimeException: Processing failed
	at com.charlessun.javaplcadapter.worker.impl.ConsumerWorkerImpl.pollLoop(ConsumerWorkerImpl.java:53)
	at java.base/java.lang.Thread.run(Thread.java:1583)
11:47:52.092 [Thread-4] ERROR com.charlessun.javaplcadapter.worker.impl.ConsumerWorkerImpl -- processingStrategy.process(record) 處理失敗: Processing failed
java.lang.RuntimeException: Processing failed
	at com.charlessun.javaplcadapter.worker.impl.ConsumerWorkerImpl.pollLoop(ConsumerWorkerImpl.java:53)
	at java.base/java.lang.Thread.run(Thread.java:1583)
11:47:52.092 [Thread-4] ERROR com.charlessun.javaplcadapter.worker.impl.ConsumerWorkerImpl -- processingStrategy.process(record) 處理失敗: Processing failed
java.lang.RuntimeException: Processing failed
	at com.charlessun.javaplcadapter.worker.impl.ConsumerWorkerImpl.pollLoop(ConsumerWorkerImpl.java:53)
	at java.base/java.lang.Thread.run(Thread.java:1583)
11:47:52.093 [Thread-4] ERROR com.charlessun.javaplcadapter.worker.impl.ConsumerWorkerImpl -- processingStrategy.process(record) 處理失敗: Processing failed
java.lang.RuntimeException: Processing failed
	at com.charlessun.javaplcadapter.worker.impl.ConsumerWorkerImpl.pollLoop(ConsumerWorkerImpl.java:53)
	at java.base/java.lang.Thread.run(Thread.java:1583)
11:47:52.093 [Thread-4] ERROR com.charlessun.javaplcadapter.worker.impl.ConsumerWorkerImpl -- processingStrategy.process(record) 處理失敗: Processing failed
java.lang.RuntimeException: Processing failed
	at com.charlessun.javaplcadapter.worker.impl.ConsumerWorkerImpl.pollLoop(ConsumerWorkerImpl.java:53)
	at java.base/java.lang.Thread.run(Thread.java:1583)
11:47:52.093 [Thread-4] ERROR com.charlessun.javaplcadapter.worker.impl.ConsumerWorkerImpl -- processingStrategy.process(record) 處理失敗: Processing failed
java.lang.RuntimeException: Processing failed
	at com.charlessun.javaplcadapter.worker.impl.ConsumerWorkerImpl.pollLoop(ConsumerWorkerImpl.java:53)
	at java.base/java.lang.Thread.run(Thread.java:1583)
11:47:52.093 [Thread-4] ERROR com.charlessun.javaplcadapter.worker.impl.ConsumerWorkerImpl -- processingStrategy.process(record) 處理失敗: Processing failed
java.lang.RuntimeException: Processing failed
	at com.charlessun.javaplcadapter.worker.impl.ConsumerWorkerImpl.pollLoop(ConsumerWorkerImpl.java:53)
	at java.base/java.lang.Thread.run(Thread.java:1583)
11:47:52.093 [Thread-4] ERROR com.charlessun.javaplcadapter.worker.impl.ConsumerWorkerImpl -- processingStrategy.process(record) 處理失敗: Processing failed
java.lang.RuntimeException: Processing failed
	at com.charlessun.javaplcadapter.worker.impl.ConsumerWorkerImpl.pollLoop(ConsumerWorkerImpl.java:53)
	at java.base/java.lang.Thread.run(Thread.java:1583)
11:47:52.093 [Thread-4] ERROR com.charlessun.javaplcadapter.worker.impl.ConsumerWorkerImpl -- processingStrategy.process(record) 處理失敗: Processing failed
java.lang.RuntimeException: Processing failed
	at com.charlessun.javaplcadapter.worker.impl.ConsumerWorkerImpl.pollLoop(ConsumerWorkerImpl.java:53)
	at java.base/java.lang.Thread.run(Thread.java:1583)
11:47:52.093 [Thread-4] ERROR com.charlessun.javaplcadapter.worker.impl.ConsumerWorkerImpl -- processingStrategy.process(record) 處理失敗: Processing failed
java.lang.RuntimeException: Processing failed
	at com.charlessun.javaplcadapter.worker.impl.ConsumerWorkerImpl.pollLoop(ConsumerWorkerImpl.java:53)
	at java.base/java.lang.Thread.run(Thread.java:1583)
11:47:52.093 [Thread-4] ERROR com.charlessun.javaplcadapter.worker.impl.ConsumerWorkerImpl -- processingStrategy.process(record) 處理失敗: Processing failed
java.lang.RuntimeException: Processing failed
	at com.charlessun.javaplcadapter.worker.impl.ConsumerWorkerImpl.pollLoop(ConsumerWorkerImpl.java:53)
	at java.base/java.lang.Thread.run(Thread.java:1583)
11:47:52.094 [Thread-4] ERROR com.charlessun.javaplcadapter.worker.impl.ConsumerWorkerImpl -- processingStrategy.process(record) 處理失敗: Processing failed
java.lang.RuntimeException: Processing failed
	at com.charlessun.javaplcadapter.worker.impl.ConsumerWorkerImpl.pollLoop(ConsumerWorkerImpl.java:53)
	at java.base/java.lang.Thread.run(Thread.java:1583)
11:47:52.094 [Thread-4] ERROR com.charlessun.javaplcadapter.worker.impl.ConsumerWorkerImpl -- processingStrategy.process(record) 處理失敗: Processing failed
java.lang.RuntimeException: Processing failed
	at com.charlessun.javaplcadapter.worker.impl.ConsumerWorkerImpl.pollLoop(ConsumerWorkerImpl.java:53)
	at java.base/java.lang.Thread.run(Thread.java:1583)
11:47:52.094 [Thread-4] ERROR com.charlessun.javaplcadapter.worker.impl.ConsumerWorkerImpl -- processingStrategy.process(record) 處理失敗: Processing failed
java.lang.RuntimeException: Processing failed
	at com.charlessun.javaplcadapter.worker.impl.ConsumerWorkerImpl.pollLoop(ConsumerWorkerImpl.java:53)
	at java.base/java.lang.Thread.run(Thread.java:1583)
11:47:52.094 [Thread-4] ERROR com.charlessun.javaplcadapter.worker.impl.ConsumerWorkerImpl -- processingStrategy.process(record) 處理失敗: Processing failed
java.lang.RuntimeException: Processing failed
	at com.charlessun.javaplcadapter.worker.impl.ConsumerWorkerImpl.pollLoop(ConsumerWorkerImpl.java:53)
	at java.base/java.lang.Thread.run(Thread.java:1583)
11:47:52.094 [Thread-4] ERROR com.charlessun.javaplcadapter.worker.impl.ConsumerWorkerImpl -- processingStrategy.process(record) 處理失敗: Processing failed
java.lang.RuntimeException: Processing failed
	at com.charlessun.javaplcadapter.worker.impl.ConsumerWorkerImpl.pollLoop(ConsumerWorkerImpl.java:53)
	at java.base/java.lang.Thread.run(Thread.java:1583)
11:47:52.094 [Thread-4] ERROR com.charlessun.javaplcadapter.worker.impl.ConsumerWorkerImpl -- processingStrategy.process(record) 處理失敗: Processing failed
java.lang.RuntimeException: Processing failed
	at com.charlessun.javaplcadapter.worker.impl.ConsumerWorkerImpl.pollLoop(ConsumerWorkerImpl.java:53)
	at java.base/java.lang.Thread.run(Thread.java:1583)
11:47:52.094 [Thread-4] ERROR com.charlessun.javaplcadapter.worker.impl.ConsumerWorkerImpl -- processingStrategy.process(record) 處理失敗: Processing failed
java.lang.RuntimeException: Processing failed
	at com.charlessun.javaplcadapter.worker.impl.ConsumerWorkerImpl.pollLoop(ConsumerWorkerImpl.java:53)
	at java.base/java.lang.Thread.run(Thread.java:1583)
11:47:52.094 [Thread-4] ERROR com.charlessun.javaplcadapter.worker.impl.ConsumerWorkerImpl -- processingStrategy.process(record) 處理失敗: Processing failed
java.lang.RuntimeException: Processing failed
	at com.charlessun.javaplcadapter.worker.impl.ConsumerWorkerImpl.pollLoop(ConsumerWorkerImpl.java:53)
	at java.base/java.lang.Thread.run(Thread.java:1583)
11:47:52.095 [Thread-4] ERROR com.charlessun.javaplcadapter.worker.impl.ConsumerWorkerImpl -- processingStrategy.process(record) 處理失敗: Processing failed
java.lang.RuntimeException: Processing failed
	at com.charlessun.javaplcadapter.worker.impl.ConsumerWorkerImpl.pollLoop(ConsumerWorkerImpl.java:53)
	at java.base/java.lang.Thread.run(Thread.java:1583)
11:47:52.095 [Thread-4] ERROR com.charlessun.javaplcadapter.worker.impl.ConsumerWorkerImpl -- processingStrategy.process(record) 處理失敗: Processing failed
java.lang.RuntimeException: Processing failed
	at com.charlessun.javaplcadapter.worker.impl.ConsumerWorkerImpl.pollLoop(ConsumerWorkerImpl.java:53)
	at java.base/java.lang.Thread.run(Thread.java:1583)
11:47:52.095 [Thread-4] ERROR com.charlessun.javaplcadapter.worker.impl.ConsumerWorkerImpl -- processingStrategy.process(record) 處理失敗: Processing failed
java.lang.RuntimeException: Processing failed
	at com.charlessun.javaplcadapter.worker.impl.ConsumerWorkerImpl.pollLoop(ConsumerWorkerImpl.java:53)
	at java.base/java.lang.Thread.run(Thread.java:1583)
11:47:52.095 [Thread-4] ERROR com.charlessun.javaplcadapter.worker.impl.ConsumerWorkerImpl -- processingStrategy.process(record) 處理失敗: Processing failed
java.lang.RuntimeException: Processing failed
	at com.charlessun.javaplcadapter.worker.impl.ConsumerWorkerImpl.pollLoop(ConsumerWorkerImpl.java:53)
	at java.base/java.lang.Thread.run(Thread.java:1583)
11:47:52.095 [Thread-4] ERROR com.charlessun.javaplcadapter.worker.impl.ConsumerWorkerImpl -- processingStrategy.process(record) 處理失敗: Processing failed
java.lang.RuntimeException: Processing failed
	at com.charlessun.javaplcadapter.worker.impl.ConsumerWorkerImpl.pollLoop(ConsumerWorkerImpl.java:53)
	at java.base/java.lang.Thread.run(Thread.java:1583)
11:47:52.095 [Thread-4] ERROR com.charlessun.javaplcadapter.worker.impl.ConsumerWorkerImpl -- processingStrategy.process(record) 處理失敗: Processing failed
java.lang.RuntimeException: Processing failed
	at com.charlessun.javaplcadapter.worker.impl.ConsumerWorkerImpl.pollLoop(ConsumerWorkerImpl.java:53)
	at java.base/java.lang.Thread.run(Thread.java:1583)
11:47:52.096 [Thread-4] ERROR com.charlessun.javaplcadapter.worker.impl.ConsumerWorkerImpl -- processingStrategy.process(record) 處理失敗: Processing failed
java.lang.RuntimeException: Processing failed
	at com.charlessun.javaplcadapter.worker.impl.ConsumerWorkerImpl.pollLoop(ConsumerWorkerImpl.java:53)
	at java.base/java.lang.Thread.run(Thread.java:1583)
11:47:52.096 [Thread-4] ERROR com.charlessun.javaplcadapter.worker.impl.ConsumerWorkerImpl -- processingStrategy.process(record) 處理失敗: Processing failed
java.lang.RuntimeException: Processing failed
	at com.charlessun.javaplcadapter.worker.impl.ConsumerWorkerImpl.pollLoop(ConsumerWorkerImpl.java:53)
	at java.base/java.lang.Thread.run(Thread.java:1583)
11:47:52.096 [Thread-4] ERROR com.charlessun.javaplcadapter.worker.impl.ConsumerWorkerImpl -- processingStrategy.process(record) 處理失敗: Processing failed
java.lang.RuntimeException: Processing failed
	at com.charlessun.javaplcadapter.worker.impl.ConsumerWorkerImpl.pollLoop(ConsumerWorkerImpl.java:53)
	at java.base/java.lang.Thread.run(Thread.java:1583)
11:47:52.096 [Thread-4] ERROR com.charlessun.javaplcadapter.worker.impl.ConsumerWorkerImpl -- processingStrategy.process(record) 處理失敗: Processing failed
java.lang.RuntimeException: Processing failed
	at com.charlessun.javaplcadapter.worker.impl.ConsumerWorkerImpl.pollLoop(ConsumerWorkerImpl.java:53)
	at java.base/java.lang.Thread.run(Thread.java:1583)
11:47:52.096 [Thread-4] ERROR com.charlessun.javaplcadapter.worker.impl.ConsumerWorkerImpl -- processingStrategy.process(record) 處理失敗: Processing failed
java.lang.RuntimeException: Processing failed
	at com.charlessun.javaplcadapter.worker.impl.ConsumerWorkerImpl.pollLoop(ConsumerWorkerImpl.java:53)
	at java.base/java.lang.Thread.run(Thread.java:1583)
11:47:52.096 [Thread-4] ERROR com.charlessun.javaplcadapter.worker.impl.ConsumerWorkerImpl -- processingStrategy.process(record) 處理失敗: Processing failed
java.lang.RuntimeException: Processing failed
	at com.charlessun.javaplcadapter.worker.impl.ConsumerWorkerImpl.pollLoop(ConsumerWorkerImpl.java:53)
	at java.base/java.lang.Thread.run(Thread.java:1583)
11:47:52.096 [Thread-4] ERROR com.charlessun.javaplcadapter.worker.impl.ConsumerWorkerImpl -- processingStrategy.process(record) 處理失敗: Processing failed
java.lang.RuntimeException: Processing failed
	at com.charlessun.javaplcadapter.worker.impl.ConsumerWorkerImpl.pollLoop(ConsumerWorkerImpl.java:53)
	at java.base/java.lang.Thread.run(Thread.java:1583)
11:47:52.097 [Thread-4] ERROR com.charlessun.javaplcadapter.worker.impl.ConsumerWorkerImpl -- processingStrategy.process(record) 處理失敗: Processing failed
java.lang.RuntimeException: Processing failed
	at com.charlessun.javaplcadapter.worker.impl.ConsumerWorkerImpl.pollLoop(ConsumerWorkerImpl.java:53)
	at java.base/java.lang.Thread.run(Thread.java:1583)
11:47:52.097 [Thread-4] ERROR com.charlessun.javaplcadapter.worker.impl.ConsumerWorkerImpl -- processingStrategy.process(record) 處理失敗: Processing failed
java.lang.RuntimeException: Processing failed
	at com.charlessun.javaplcadapter.worker.impl.ConsumerWorkerImpl.pollLoop(ConsumerWorkerImpl.java:53)
	at java.base/java.lang.Thread.run(Thread.java:1583)
11:47:52.097 [Thread-4] ERROR com.charlessun.javaplcadapter.worker.impl.ConsumerWorkerImpl -- processingStrategy.process(record) 處理失敗: Processing failed
java.lang.RuntimeException: Processing failed
	at com.charlessun.javaplcadapter.worker.impl.ConsumerWorkerImpl.pollLoop(ConsumerWorkerImpl.java:53)
	at java.base/java.lang.Thread.run(Thread.java:1583)
11:47:52.097 [Thread-4] ERROR com.charlessun.javaplcadapter.worker.impl.ConsumerWorkerImpl -- processingStrategy.process(record) 處理失敗: Processing failed
java.lang.RuntimeException: Processing failed
	at com.charlessun.javaplcadapter.worker.impl.ConsumerWorkerImpl.pollLoop(ConsumerWorkerImpl.java:53)
	at java.base/java.lang.Thread.run(Thread.java:1583)
11:47:52.097 [Thread-4] ERROR com.charlessun.javaplcadapter.worker.impl.ConsumerWorkerImpl -- processingStrategy.process(record) 處理失敗: Processing failed
java.lang.RuntimeException: Processing failed
	at com.charlessun.javaplcadapter.worker.impl.ConsumerWorkerImpl.pollLoop(ConsumerWorkerImpl.java:53)
	at java.base/java.lang.Thread.run(Thread.java:1583)
11:47:52.097 [Thread-4] ERROR com.charlessun.javaplcadapter.worker.impl.ConsumerWorkerImpl -- processingStrategy.process(record) 處理失敗: Processing failed
java.lang.RuntimeException: Processing failed
	at com.charlessun.javaplcadapter.worker.impl.ConsumerWorkerImpl.pollLoop(ConsumerWorkerImpl.java:53)
	at java.base/java.lang.Thread.run(Thread.java:1583)
11:47:52.098 [Thread-4] ERROR com.charlessun.javaplcadapter.worker.impl.ConsumerWorkerImpl -- processingStrategy.process(record) 處理失敗: Processing failed
java.lang.RuntimeException: Processing failed
	at com.charlessun.javaplcadapter.worker.impl.ConsumerWorkerImpl.pollLoop(ConsumerWorkerImpl.java:53)
	at java.base/java.lang.Thread.run(Thread.java:1583)
11:47:52.098 [Thread-4] ERROR com.charlessun.javaplcadapter.worker.impl.ConsumerWorkerImpl -- processingStrategy.process(record) 處理失敗: Processing failed
java.lang.RuntimeException: Processing failed
	at com.charlessun.javaplcadapter.worker.impl.ConsumerWorkerImpl.pollLoop(ConsumerWorkerImpl.java:53)
	at java.base/java.lang.Thread.run(Thread.java:1583)
11:47:52.098 [Thread-4] ERROR com.charlessun.javaplcadapter.worker.impl.ConsumerWorkerImpl -- processingStrategy.process(record) 處理失敗: Processing failed
java.lang.RuntimeException: Processing failed
	at com.charlessun.javaplcadapter.worker.impl.ConsumerWorkerImpl.pollLoop(ConsumerWorkerImpl.java:53)
	at java.base/java.lang.Thread.run(Thread.java:1583)
11:47:52.098 [Thread-4] ERROR com.charlessun.javaplcadapter.worker.impl.ConsumerWorkerImpl -- processingStrategy.process(record) 處理失敗: Processing failed
java.lang.RuntimeException: Processing failed
	at com.charlessun.javaplcadapter.worker.impl.ConsumerWorkerImpl.pollLoop(ConsumerWorkerImpl.java:53)
	at java.base/java.lang.Thread.run(Thread.java:1583)
11:47:52.098 [Thread-4] ERROR com.charlessun.javaplcadapter.worker.impl.ConsumerWorkerImpl -- processingStrategy.process(record) 處理失敗: Processing failed
java.lang.RuntimeException: Processing failed
	at com.charlessun.javaplcadapter.worker.impl.ConsumerWorkerImpl.pollLoop(ConsumerWorkerImpl.java:53)
	at java.base/java.lang.Thread.run(Thread.java:1583)
11:47:52.098 [Thread-4] ERROR com.charlessun.javaplcadapter.worker.impl.ConsumerWorkerImpl -- processingStrategy.process(record) 處理失敗: Processing failed
java.lang.RuntimeException: Processing failed
	at com.charlessun.javaplcadapter.worker.impl.ConsumerWorkerImpl.pollLoop(ConsumerWorkerImpl.java:53)
	at java.base/java.lang.Thread.run(Thread.java:1583)
11:47:52.098 [Thread-4] ERROR com.charlessun.javaplcadapter.worker.impl.ConsumerWorkerImpl -- processingStrategy.process(record) 處理失敗: Processing failed
java.lang.RuntimeException: Processing failed
	at com.charlessun.javaplcadapter.worker.impl.ConsumerWorkerImpl.pollLoop(ConsumerWorkerImpl.java:53)
	at java.base/java.lang.Thread.run(Thread.java:1583)
11:47:52.099 [Thread-4] ERROR com.charlessun.javaplcadapter.worker.impl.ConsumerWorkerImpl -- processingStrategy.process(record) 處理失敗: Processing failed
java.lang.RuntimeException: Processing failed
	at com.charlessun.javaplcadapter.worker.impl.ConsumerWorkerImpl.pollLoop(ConsumerWorkerImpl.java:53)
	at java.base/java.lang.Thread.run(Thread.java:1583)
11:47:52.099 [Thread-4] ERROR com.charlessun.javaplcadapter.worker.impl.ConsumerWorkerImpl -- processingStrategy.process(record) 處理失敗: Processing failed
java.lang.RuntimeException: Processing failed
	at com.charlessun.javaplcadapter.worker.impl.ConsumerWorkerImpl.pollLoop(ConsumerWorkerImpl.java:53)
	at java.base/java.lang.Thread.run(Thread.java:1583)
11:47:52.099 [Thread-4] ERROR com.charlessun.javaplcadapter.worker.impl.ConsumerWorkerImpl -- processingStrategy.process(record) 處理失敗: Processing failed
java.lang.RuntimeException: Processing failed
	at com.charlessun.javaplcadapter.worker.impl.ConsumerWorkerImpl.pollLoop(ConsumerWorkerImpl.java:53)
	at java.base/java.lang.Thread.run(Thread.java:1583)
11:47:52.099 [Thread-4] ERROR com.charlessun.javaplcadapter.worker.impl.ConsumerWorkerImpl -- processingStrategy.process(record) 處理失敗: Processing failed
java.lang.RuntimeException: Processing failed
	at com.charlessun.javaplcadapter.worker.impl.ConsumerWorkerImpl.pollLoop(ConsumerWorkerImpl.java:53)
	at java.base/java.lang.Thread.run(Thread.java:1583)
11:47:52.099 [Thread-4] ERROR com.charlessun.javaplcadapter.worker.impl.ConsumerWorkerImpl -- processingStrategy.process(record) 處理失敗: Processing failed
java.lang.RuntimeException: Processing failed
	at com.charlessun.javaplcadapter.worker.impl.ConsumerWorkerImpl.pollLoop(ConsumerWorkerImpl.java:53)
	at java.base/java.lang.Thread.run(Thread.java:1583)
11:47:52.099 [Thread-4] ERROR com.charlessun.javaplcadapter.worker.impl.ConsumerWorkerImpl -- processingStrategy.process(record) 處理失敗: Processing failed
java.lang.RuntimeException: Processing failed
	at com.charlessun.javaplcadapter.worker.impl.ConsumerWorkerImpl.pollLoop(ConsumerWorkerImpl.java:53)
	at java.base/java.lang.Thread.run(Thread.java:1583)
11:47:52.100 [Thread-4] ERROR com.charlessun.javaplcadapter.worker.impl.ConsumerWorkerImpl -- processingStrategy.process(record) 處理失敗: Processing failed
java.lang.RuntimeException: Processing failed
	at com.charlessun.javaplcadapter.worker.impl.ConsumerWorkerImpl.pollLoop(ConsumerWorkerImpl.java:53)
	at java.base/java.lang.Thread.run(Thread.java:1583)
11:47:52.100 [Thread-4] ERROR com.charlessun.javaplcadapter.worker.impl.ConsumerWorkerImpl -- processingStrategy.process(record) 處理失敗: Processing failed
java.lang.RuntimeException: Processing failed
	at com.charlessun.javaplcadapter.worker.impl.ConsumerWorkerImpl.pollLoop(ConsumerWorkerImpl.java:53)
	at java.base/java.lang.Thread.run(Thread.java:1583)
11:47:52.100 [Thread-4] ERROR com.charlessun.javaplcadapter.worker.impl.ConsumerWorkerImpl -- processingStrategy.process(record) 處理失敗: Processing failed
java.lang.RuntimeException: Processing failed
	at com.charlessun.javaplcadapter.worker.impl.ConsumerWorkerImpl.pollLoop(ConsumerWorkerImpl.java:53)
	at java.base/java.lang.Thread.run(Thread.java:1583)
11:47:52.100 [Thread-4] ERROR com.charlessun.javaplcadapter.worker.impl.ConsumerWorkerImpl -- processingStrategy.process(record) 處理失敗: Processing failed
java.lang.RuntimeException: Processing failed
	at com.charlessun.javaplcadapter.worker.impl.ConsumerWorkerImpl.pollLoop(ConsumerWorkerImpl.java:53)
	at java.base/java.lang.Thread.run(Thread.java:1583)
11:47:52.100 [Thread-4] ERROR com.charlessun.javaplcadapter.worker.impl.ConsumerWorkerImpl -- processingStrategy.process(record) 處理失敗: Processing failed
java.lang.RuntimeException: Processing failed
	at com.charlessun.javaplcadapter.worker.impl.ConsumerWorkerImpl.pollLoop(ConsumerWorkerImpl.java:53)
	at java.base/java.lang.Thread.run(Thread.java:1583)
11:47:52.100 [Thread-4] ERROR com.charlessun.javaplcadapter.worker.impl.ConsumerWorkerImpl -- processingStrategy.process(record) 處理失敗: Processing failed
java.lang.RuntimeException: Processing failed
	at com.charlessun.javaplcadapter.worker.impl.ConsumerWorkerImpl.pollLoop(ConsumerWorkerImpl.java:53)
	at java.base/java.lang.Thread.run(Thread.java:1583)
11:47:52.100 [Thread-4] ERROR com.charlessun.javaplcadapter.worker.impl.ConsumerWorkerImpl -- processingStrategy.process(record) 處理失敗: Processing failed
java.lang.RuntimeException: Processing failed
	at com.charlessun.javaplcadapter.worker.impl.ConsumerWorkerImpl.pollLoop(ConsumerWorkerImpl.java:53)
	at java.base/java.lang.Thread.run(Thread.java:1583)
11:47:52.100 [Thread-4] ERROR com.charlessun.javaplcadapter.worker.impl.ConsumerWorkerImpl -- processingStrategy.process(record) 處理失敗: Processing failed
java.lang.RuntimeException: Processing failed
	at com.charlessun.javaplcadapter.worker.impl.ConsumerWorkerImpl.pollLoop(ConsumerWorkerImpl.java:53)
	at java.base/java.lang.Thread.run(Thread.java:1583)
11:47:52.101 [Thread-4] ERROR com.charlessun.javaplcadapter.worker.impl.ConsumerWorkerImpl -- processingStrategy.process(record) 處理失敗: Processing failed
java.lang.RuntimeException: Processing failed
	at com.charlessun.javaplcadapter.worker.impl.ConsumerWorkerImpl.pollLoop(ConsumerWorkerImpl.java:53)
	at java.base/java.lang.Thread.run(Thread.java:1583)
11:47:52.101 [Thread-4] ERROR com.charlessun.javaplcadapter.worker.impl.ConsumerWorkerImpl -- processingStrategy.process(record) 處理失敗: Processing failed
java.lang.RuntimeException: Processing failed
	at com.charlessun.javaplcadapter.worker.impl.ConsumerWorkerImpl.pollLoop(ConsumerWorkerImpl.java:53)
	at java.base/java.lang.Thread.run(Thread.java:1583)
11:47:52.101 [Thread-4] ERROR com.charlessun.javaplcadapter.worker.impl.ConsumerWorkerImpl -- processingStrategy.process(record) 處理失敗: Processing failed
java.lang.RuntimeException: Processing failed
	at com.charlessun.javaplcadapter.worker.impl.ConsumerWorkerImpl.pollLoop(ConsumerWorkerImpl.java:53)
	at java.base/java.lang.Thread.run(Thread.java:1583)
11:47:52.101 [Thread-4] ERROR com.charlessun.javaplcadapter.worker.impl.ConsumerWorkerImpl -- processingStrategy.process(record) 處理失敗: Processing failed
java.lang.RuntimeException: Processing failed
	at com.charlessun.javaplcadapter.worker.impl.ConsumerWorkerImpl.pollLoop(ConsumerWorkerImpl.java:53)
	at java.base/java.lang.Thread.run(Thread.java:1583)
11:47:52.101 [Thread-4] ERROR com.charlessun.javaplcadapter.worker.impl.ConsumerWorkerImpl -- processingStrategy.process(record) 處理失敗: Processing failed
java.lang.RuntimeException: Processing failed
	at com.charlessun.javaplcadapter.worker.impl.ConsumerWorkerImpl.pollLoop(ConsumerWorkerImpl.java:53)
	at java.base/java.lang.Thread.run(Thread.java:1583)
11:47:52.101 [Thread-4] ERROR com.charlessun.javaplcadapter.worker.impl.ConsumerWorkerImpl -- processingStrategy.process(record) 處理失敗: Processing failed
java.lang.RuntimeException: Processing failed
	at com.charlessun.javaplcadapter.worker.impl.ConsumerWorkerImpl.pollLoop(ConsumerWorkerImpl.java:53)
	at java.base/java.lang.Thread.run(Thread.java:1583)
11:47:52.101 [Thread-4] ERROR com.charlessun.javaplcadapter.worker.impl.ConsumerWorkerImpl -- processingStrategy.process(record) 處理失敗: Processing failed
java.lang.RuntimeException: Processing failed
	at com.charlessun.javaplcadapter.worker.impl.ConsumerWorkerImpl.pollLoop(ConsumerWorkerImpl.java:53)
	at java.base/java.lang.Thread.run(Thread.java:1583)
11:47:52.102 [Thread-4] ERROR com.charlessun.javaplcadapter.worker.impl.ConsumerWorkerImpl -- processingStrategy.process(record) 處理失敗: Processing failed
java.lang.RuntimeException: Processing failed
	at com.charlessun.javaplcadapter.worker.impl.ConsumerWorkerImpl.pollLoop(ConsumerWorkerImpl.java:53)
	at java.base/java.lang.Thread.run(Thread.java:1583)
11:47:52.102 [Thread-4] ERROR com.charlessun.javaplcadapter.worker.impl.ConsumerWorkerImpl -- processingStrategy.process(record) 處理失敗: Processing failed
java.lang.RuntimeException: Processing failed
	at com.charlessun.javaplcadapter.worker.impl.ConsumerWorkerImpl.pollLoop(ConsumerWorkerImpl.java:53)
	at java.base/java.lang.Thread.run(Thread.java:1583)
11:47:52.102 [Thread-4] ERROR com.charlessun.javaplcadapter.worker.impl.ConsumerWorkerImpl -- processingStrategy.process(record) 處理失敗: Processing failed
java.lang.RuntimeException: Processing failed
	at com.charlessun.javaplcadapter.worker.impl.ConsumerWorkerImpl.pollLoop(ConsumerWorkerImpl.java:53)
	at java.base/java.lang.Thread.run(Thread.java:1583)
11:47:52.102 [Thread-4] ERROR com.charlessun.javaplcadapter.worker.impl.ConsumerWorkerImpl -- processingStrategy.process(record) 處理失敗: Processing failed
java.lang.RuntimeException: Processing failed
	at com.charlessun.javaplcadapter.worker.impl.ConsumerWorkerImpl.pollLoop(ConsumerWorkerImpl.java:53)
	at java.base/java.lang.Thread.run(Thread.java:1583)
11:47:52.102 [Thread-4] ERROR com.charlessun.javaplcadapter.worker.impl.ConsumerWorkerImpl -- processingStrategy.process(record) 處理失敗: Processing failed
java.lang.RuntimeException: Processing failed
	at com.charlessun.javaplcadapter.worker.impl.ConsumerWorkerImpl.pollLoop(ConsumerWorkerImpl.java:53)
	at java.base/java.lang.Thread.run(Thread.java:1583)
11:47:52.102 [Thread-4] ERROR com.charlessun.javaplcadapter.worker.impl.ConsumerWorkerImpl -- processingStrategy.process(record) 處理失敗: Processing failed
java.lang.RuntimeException: Processing failed
	at com.charlessun.javaplcadapter.worker.impl.ConsumerWorkerImpl.pollLoop(ConsumerWorkerImpl.java:53)
	at java.base/java.lang.Thread.run(Thread.java:1583)
11:47:52.102 [Thread-4] ERROR com.charlessun.javaplcadapter.worker.impl.ConsumerWorkerImpl -- processingStrategy.process(record) 處理失敗: Processing failed
java.lang.RuntimeException: Processing failed
	at com.charlessun.javaplcadapter.worker.impl.ConsumerWorkerImpl.pollLoop(ConsumerWorkerImpl.java:53)
	at java.base/java.lang.Thread.run(Thread.java:1583)
11:47:52.102 [Thread-4] ERROR com.charlessun.javaplcadapter.worker.impl.ConsumerWorkerImpl -- processingStrategy.process(record) 處理失敗: Processing failed
java.lang.RuntimeException: Processing failed
	at com.charlessun.javaplcadapter.worker.impl.ConsumerWorkerImpl.pollLoop(ConsumerWorkerImpl.java:53)
	at java.base/java.lang.Thread.run(Thread.java:1583)
11:47:52.102 [Thread-4] ERROR com.charlessun.javaplcadapter.worker.impl.ConsumerWorkerImpl -- processingStrategy.process(record) 處理失敗: Processing failed
java.lang.RuntimeException: Processing failed
	at com.charlessun.javaplcadapter.worker.impl.ConsumerWorkerImpl.pollLoop(ConsumerWorkerImpl.java:53)
	at java.base/java.lang.Thread.run(Thread.java:1583)
11:47:52.103 [Thread-4] ERROR com.charlessun.javaplcadapter.worker.impl.ConsumerWorkerImpl -- processingStrategy.process(record) 處理失敗: Processing failed
java.lang.RuntimeException: Processing failed
	at com.charlessun.javaplcadapter.worker.impl.ConsumerWorkerImpl.pollLoop(ConsumerWorkerImpl.java:53)
	at java.base/java.lang.Thread.run(Thread.java:1583)
11:47:52.103 [Thread-4] ERROR com.charlessun.javaplcadapter.worker.impl.ConsumerWorkerImpl -- processingStrategy.process(record) 處理失敗: Processing failed
java.lang.RuntimeException: Processing failed
	at com.charlessun.javaplcadapter.worker.impl.ConsumerWorkerImpl.pollLoop(ConsumerWorkerImpl.java:53)
	at java.base/java.lang.Thread.run(Thread.java:1583)
11:47:52.103 [Thread-4] ERROR com.charlessun.javaplcadapter.worker.impl.ConsumerWorkerImpl -- processingStrategy.process(record) 處理失敗: Processing failed
java.lang.RuntimeException: Processing failed
	at com.charlessun.javaplcadapter.worker.impl.ConsumerWorkerImpl.pollLoop(ConsumerWorkerImpl.java:53)
	at java.base/java.lang.Thread.run(Thread.java:1583)
11:47:52.103 [Thread-4] ERROR com.charlessun.javaplcadapter.worker.impl.ConsumerWorkerImpl -- processingStrategy.process(record) 處理失敗: Processing failed
java.lang.RuntimeException: Processing failed
	at com.charlessun.javaplcadapter.worker.impl.ConsumerWorkerImpl.pollLoop(ConsumerWorkerImpl.java:53)
	at java.base/java.lang.Thread.run(Thread.java:1583)
11:47:52.103 [Thread-4] ERROR com.charlessun.javaplcadapter.worker.impl.ConsumerWorkerImpl -- processingStrategy.process(record) 處理失敗: Processing failed
java.lang.RuntimeException: Processing failed
	at com.charlessun.javaplcadapter.worker.impl.ConsumerWorkerImpl.pollLoop(ConsumerWorkerImpl.java:53)
	at java.base/java.lang.Thread.run(Thread.java:1583)
11:47:52.103 [Thread-4] ERROR com.charlessun.javaplcadapter.worker.impl.ConsumerWorkerImpl -- processingStrategy.process(record) 處理失敗: Processing failed
java.lang.RuntimeException: Processing failed
	at com.charlessun.javaplcadapter.worker.impl.ConsumerWorkerImpl.pollLoop(ConsumerWorkerImpl.java:53)
	at java.base/java.lang.Thread.run(Thread.java:1583)
11:47:52.103 [Thread-4] ERROR com.charlessun.javaplcadapter.worker.impl.ConsumerWorkerImpl -- processingStrategy.process(record) 處理失敗: Processing failed
java.lang.RuntimeException: Processing failed
	at com.charlessun.javaplcadapter.worker.impl.ConsumerWorkerImpl.pollLoop(ConsumerWorkerImpl.java:53)
	at java.base/java.lang.Thread.run(Thread.java:1583)
11:47:52.103 [Thread-4] ERROR com.charlessun.javaplcadapter.worker.impl.ConsumerWorkerImpl -- processingStrategy.process(record) 處理失敗: Processing failed
java.lang.RuntimeException: Processing failed
	at com.charlessun.javaplcadapter.worker.impl.ConsumerWorkerImpl.pollLoop(ConsumerWorkerImpl.java:53)
	at java.base/java.lang.Thread.run(Thread.java:1583)
11:47:52.104 [Thread-4] ERROR com.charlessun.javaplcadapter.worker.impl.ConsumerWorkerImpl -- processingStrategy.process(record) 處理失敗: Processing failed
java.lang.RuntimeException: Processing failed
	at com.charlessun.javaplcadapter.worker.impl.ConsumerWorkerImpl.pollLoop(ConsumerWorkerImpl.java:53)
	at java.base/java.lang.Thread.run(Thread.java:1583)
11:47:52.104 [Thread-4] ERROR com.charlessun.javaplcadapter.worker.impl.ConsumerWorkerImpl -- processingStrategy.process(record) 處理失敗: Processing failed
java.lang.RuntimeException: Processing failed
	at com.charlessun.javaplcadapter.worker.impl.ConsumerWorkerImpl.pollLoop(ConsumerWorkerImpl.java:53)
	at java.base/java.lang.Thread.run(Thread.java:1583)
11:47:52.104 [Thread-4] ERROR com.charlessun.javaplcadapter.worker.impl.ConsumerWorkerImpl -- processingStrategy.process(record) 處理失敗: Processing failed
java.lang.RuntimeException: Processing failed
	at com.charlessun.javaplcadapter.worker.impl.ConsumerWorkerImpl.pollLoop(ConsumerWorkerImpl.java:53)
	at java.base/java.lang.Thread.run(Thread.java:1583)
11:47:52.104 [Thread-4] ERROR com.charlessun.javaplcadapter.worker.impl.ConsumerWorkerImpl -- processingStrategy.process(record) 處理失敗: Processing failed
java.lang.RuntimeException: Processing failed
	at com.charlessun.javaplcadapter.worker.impl.ConsumerWorkerImpl.pollLoop(ConsumerWorkerImpl.java:53)
	at java.base/java.lang.Thread.run(Thread.java:1583)
11:47:52.104 [Thread-4] ERROR com.charlessun.javaplcadapter.worker.impl.ConsumerWorkerImpl -- processingStrategy.process(record) 處理失敗: Processing failed
java.lang.RuntimeException: Processing failed
	at com.charlessun.javaplcadapter.worker.impl.ConsumerWorkerImpl.pollLoop(ConsumerWorkerImpl.java:53)
	at java.base/java.lang.Thread.run(Thread.java:1583)
11:47:52.104 [Thread-4] ERROR com.charlessun.javaplcadapter.worker.impl.ConsumerWorkerImpl -- processingStrategy.process(record) 處理失敗: Processing failed
java.lang.RuntimeException: Processing failed
	at com.charlessun.javaplcadapter.worker.impl.ConsumerWorkerImpl.pollLoop(ConsumerWorkerImpl.java:53)
	at java.base/java.lang.Thread.run(Thread.java:1583)
11:47:52.104 [Thread-4] ERROR com.charlessun.javaplcadapter.worker.impl.ConsumerWorkerImpl -- processingStrategy.process(record) 處理失敗: Processing failed
java.lang.RuntimeException: Processing failed
	at com.charlessun.javaplcadapter.worker.impl.ConsumerWorkerImpl.pollLoop(ConsumerWorkerImpl.java:53)
	at java.base/java.lang.Thread.run(Thread.java:1583)
11:47:52.105 [Thread-4] ERROR com.charlessun.javaplcadapter.worker.impl.ConsumerWorkerImpl -- processingStrategy.process(record) 處理失敗: Processing failed
java.lang.RuntimeException: Processing failed
	at com.charlessun.javaplcadapter.worker.impl.ConsumerWorkerImpl.pollLoop(ConsumerWorkerImpl.java:53)
	at java.base/java.lang.Thread.run(Thread.java:1583)
11:47:52.105 [Thread-4] ERROR com.charlessun.javaplcadapter.worker.impl.ConsumerWorkerImpl -- processingStrategy.process(record) 處理失敗: Processing failed
java.lang.RuntimeException: Processing failed
	at com.charlessun.javaplcadapter.worker.impl.ConsumerWorkerImpl.pollLoop(ConsumerWorkerImpl.java:53)
	at java.base/java.lang.Thread.run(Thread.java:1583)
11:47:52.105 [Thread-4] ERROR com.charlessun.javaplcadapter.worker.impl.ConsumerWorkerImpl -- processingStrategy.process(record) 處理失敗: Processing failed
java.lang.RuntimeException: Processing failed
	at com.charlessun.javaplcadapter.worker.impl.ConsumerWorkerImpl.pollLoop(ConsumerWorkerImpl.java:53)
	at java.base/java.lang.Thread.run(Thread.java:1583)
11:47:52.105 [Thread-4] ERROR com.charlessun.javaplcadapter.worker.impl.ConsumerWorkerImpl -- processingStrategy.process(record) 處理失敗: Processing failed
java.lang.RuntimeException: Processing failed
	at com.charlessun.javaplcadapter.worker.impl.ConsumerWorkerImpl.pollLoop(ConsumerWorkerImpl.java:53)
	at java.base/java.lang.Thread.run(Thread.java:1583)
11:47:52.105 [Thread-4] ERROR com.charlessun.javaplcadapter.worker.impl.ConsumerWorkerImpl -- processingStrategy.process(record) 處理失敗: Processing failed
java.lang.RuntimeException: Processing failed
	at com.charlessun.javaplcadapter.worker.impl.ConsumerWorkerImpl.pollLoop(ConsumerWorkerImpl.java:53)
	at java.base/java.lang.Thread.run(Thread.java:1583)
11:47:52.105 [Thread-4] ERROR com.charlessun.javaplcadapter.worker.impl.ConsumerWorkerImpl -- processingStrategy.process(record) 處理失敗: Processing failed
java.lang.RuntimeException: Processing failed
	at com.charlessun.javaplcadapter.worker.impl.ConsumerWorkerImpl.pollLoop(ConsumerWorkerImpl.java:53)
	at java.base/java.lang.Thread.run(Thread.java:1583)
11:47:52.105 [Thread-4] ERROR com.charlessun.javaplcadapter.worker.impl.ConsumerWorkerImpl -- processingStrategy.process(record) 處理失敗: Processing failed
java.lang.RuntimeException: Processing failed
	at com.charlessun.javaplcadapter.worker.impl.ConsumerWorkerImpl.pollLoop(ConsumerWorkerImpl.java:53)
	at java.base/java.lang.Thread.run(Thread.java:1583)
11:47:52.105 [Thread-4] ERROR com.charlessun.javaplcadapter.worker.impl.ConsumerWorkerImpl -- processingStrategy.process(record) 處理失敗: Processing failed
java.lang.RuntimeException: Processing failed
	at com.charlessun.javaplcadapter.worker.impl.ConsumerWorkerImpl.pollLoop(ConsumerWorkerImpl.java:53)
	at java.base/java.lang.Thread.run(Thread.java:1583)
11:47:52.106 [Thread-4] ERROR com.charlessun.javaplcadapter.worker.impl.ConsumerWorkerImpl -- processingStrategy.process(record) 處理失敗: Processing failed
java.lang.RuntimeException: Processing failed
	at com.charlessun.javaplcadapter.worker.impl.ConsumerWorkerImpl.pollLoop(ConsumerWorkerImpl.java:53)
	at java.base/java.lang.Thread.run(Thread.java:1583)
11:47:52.106 [Thread-4] ERROR com.charlessun.javaplcadapter.worker.impl.ConsumerWorkerImpl -- processingStrategy.process(record) 處理失敗: Processing failed
java.lang.RuntimeException: Processing failed
	at com.charlessun.javaplcadapter.worker.impl.ConsumerWorkerImpl.pollLoop(ConsumerWorkerImpl.java:53)
	at java.base/java.lang.Thread.run(Thread.java:1583)
11:47:52.106 [Thread-4] ERROR com.charlessun.javaplcadapter.worker.impl.ConsumerWorkerImpl -- processingStrategy.process(record) 處理失敗: Processing failed
java.lang.RuntimeException: Processing failed
	at com.charlessun.javaplcadapter.worker.impl.ConsumerWorkerImpl.pollLoop(ConsumerWorkerImpl.java:53)
	at java.base/java.lang.Thread.run(Thread.java:1583)
11:47:52.106 [Thread-4] ERROR com.charlessun.javaplcadapter.worker.impl.ConsumerWorkerImpl -- processingStrategy.process(record) 處理失敗: Processing failed
java.lang.RuntimeException: Processing failed
	at com.charlessun.javaplcadapter.worker.impl.ConsumerWorkerImpl.pollLoop(ConsumerWorkerImpl.java:53)
	at java.base/java.lang.Thread.run(Thread.java:1583)
11:47:52.106 [Thread-4] ERROR com.charlessun.javaplcadapter.worker.impl.ConsumerWorkerImpl -- processingStrategy.process(record) 處理失敗: Processing failed
java.lang.RuntimeException: Processing failed
	at com.charlessun.javaplcadapter.worker.impl.ConsumerWorkerImpl.pollLoop(ConsumerWorkerImpl.java:53)
	at java.base/java.lang.Thread.run(Thread.java:1583)
11:47:52.106 [Thread-4] ERROR com.charlessun.javaplcadapter.worker.impl.ConsumerWorkerImpl -- processingStrategy.process(record) 處理失敗: Processing failed
java.lang.RuntimeException: Processing failed
	at com.charlessun.javaplcadapter.worker.impl.ConsumerWorkerImpl.pollLoop(ConsumerWorkerImpl.java:53)
	at java.base/java.lang.Thread.run(Thread.java:1583)
11:47:52.106 [Thread-4] ERROR com.charlessun.javaplcadapter.worker.impl.ConsumerWorkerImpl -- processingStrategy.process(record) 處理失敗: Processing failed
java.lang.RuntimeException: Processing failed
	at com.charlessun.javaplcadapter.worker.impl.ConsumerWorkerImpl.pollLoop(ConsumerWorkerImpl.java:53)
	at java.base/java.lang.Thread.run(Thread.java:1583)
11:47:52.106 [Thread-4] ERROR com.charlessun.javaplcadapter.worker.impl.ConsumerWorkerImpl -- processingStrategy.process(record) 處理失敗: Processing failed
java.lang.RuntimeException: Processing failed
	at com.charlessun.javaplcadapter.worker.impl.ConsumerWorkerImpl.pollLoop(ConsumerWorkerImpl.java:53)
	at java.base/java.lang.Thread.run(Thread.java:1583)
11:47:52.107 [Thread-4] ERROR com.charlessun.javaplcadapter.worker.impl.ConsumerWorkerImpl -- processingStrategy.process(record) 處理失敗: Processing failed
java.lang.RuntimeException: Processing failed
	at com.charlessun.javaplcadapter.worker.impl.ConsumerWorkerImpl.pollLoop(ConsumerWorkerImpl.java:53)
	at java.base/java.lang.Thread.run(Thread.java:1583)
11:47:52.107 [Thread-4] ERROR com.charlessun.javaplcadapter.worker.impl.ConsumerWorkerImpl -- processingStrategy.process(record) 處理失敗: Processing failed
java.lang.RuntimeException: Processing failed
	at com.charlessun.javaplcadapter.worker.impl.ConsumerWorkerImpl.pollLoop(ConsumerWorkerImpl.java:53)
	at java.base/java.lang.Thread.run(Thread.java:1583)
11:47:52.107 [Thread-4] ERROR com.charlessun.javaplcadapter.worker.impl.ConsumerWorkerImpl -- processingStrategy.process(record) 處理失敗: Processing failed
java.lang.RuntimeException: Processing failed
	at com.charlessun.javaplcadapter.worker.impl.ConsumerWorkerImpl.pollLoop(ConsumerWorkerImpl.java:53)
	at java.base/java.lang.Thread.run(Thread.java:1583)
11:47:52.107 [Thread-4] ERROR com.charlessun.javaplcadapter.worker.impl.ConsumerWorkerImpl -- processingStrategy.process(record) 處理失敗: Processing failed
java.lang.RuntimeException: Processing failed
	at com.charlessun.javaplcadapter.worker.impl.ConsumerWorkerImpl.pollLoop(ConsumerWorkerImpl.java:53)
	at java.base/java.lang.Thread.run(Thread.java:1583)
11:47:52.107 [Thread-4] ERROR com.charlessun.javaplcadapter.worker.impl.ConsumerWorkerImpl -- processingStrategy.process(record) 處理失敗: Processing failed
java.lang.RuntimeException: Processing failed
	at com.charlessun.javaplcadapter.worker.impl.ConsumerWorkerImpl.pollLoop(ConsumerWorkerImpl.java:53)
	at java.base/java.lang.Thread.run(Thread.java:1583)
11:47:52.107 [Thread-4] ERROR com.charlessun.javaplcadapter.worker.impl.ConsumerWorkerImpl -- processingStrategy.process(record) 處理失敗: Processing failed
java.lang.RuntimeException: Processing failed
	at com.charlessun.javaplcadapter.worker.impl.ConsumerWorkerImpl.pollLoop(ConsumerWorkerImpl.java:53)
	at java.base/java.lang.Thread.run(Thread.java:1583)
11:47:52.107 [Thread-4] ERROR com.charlessun.javaplcadapter.worker.impl.ConsumerWorkerImpl -- processingStrategy.process(record) 處理失敗: Processing failed
java.lang.RuntimeException: Processing failed
	at com.charlessun.javaplcadapter.worker.impl.ConsumerWorkerImpl.pollLoop(ConsumerWorkerImpl.java:53)
	at java.base/java.lang.Thread.run(Thread.java:1583)
11:47:52.107 [Thread-4] ERROR com.charlessun.javaplcadapter.worker.impl.ConsumerWorkerImpl -- processingStrategy.process(record) 處理失敗: Processing failed
java.lang.RuntimeException: Processing failed
	at com.charlessun.javaplcadapter.worker.impl.ConsumerWorkerImpl.pollLoop(ConsumerWorkerImpl.java:53)
	at java.base/java.lang.Thread.run(Thread.java:1583)
11:47:52.107 [Thread-4] ERROR com.charlessun.javaplcadapter.worker.impl.ConsumerWorkerImpl -- processingStrategy.process(record) 處理失敗: Processing failed
java.lang.RuntimeException: Processing failed
	at com.charlessun.javaplcadapter.worker.impl.ConsumerWorkerImpl.pollLoop(ConsumerWorkerImpl.java:53)
	at java.base/java.lang.Thread.run(Thread.java:1583)
11:47:52.108 [Thread-4] ERROR com.charlessun.javaplcadapter.worker.impl.ConsumerWorkerImpl -- processingStrategy.process(record) 處理失敗: Processing failed
java.lang.RuntimeException: Processing failed
	at com.charlessun.javaplcadapter.worker.impl.ConsumerWorkerImpl.pollLoop(ConsumerWorkerImpl.java:53)
	at java.base/java.lang.Thread.run(Thread.java:1583)
11:47:52.108 [Thread-4] ERROR com.charlessun.javaplcadapter.worker.impl.ConsumerWorkerImpl -- processingStrategy.process(record) 處理失敗: Processing failed
java.lang.RuntimeException: Processing failed
	at com.charlessun.javaplcadapter.worker.impl.ConsumerWorkerImpl.pollLoop(ConsumerWorkerImpl.java:53)
	at java.base/java.lang.Thread.run(Thread.java:1583)
11:47:52.108 [Thread-4] ERROR com.charlessun.javaplcadapter.worker.impl.ConsumerWorkerImpl -- processingStrategy.process(record) 處理失敗: Processing failed
java.lang.RuntimeException: Processing failed
	at com.charlessun.javaplcadapter.worker.impl.ConsumerWorkerImpl.pollLoop(ConsumerWorkerImpl.java:53)
	at java.base/java.lang.Thread.run(Thread.java:1583)
11:47:52.108 [Thread-4] ERROR com.charlessun.javaplcadapter.worker.impl.ConsumerWorkerImpl -- processingStrategy.process(record) 處理失敗: Processing failed
java.lang.RuntimeException: Processing failed
	at com.charlessun.javaplcadapter.worker.impl.ConsumerWorkerImpl.pollLoop(ConsumerWorkerImpl.java:53)
	at java.base/java.lang.Thread.run(Thread.java:1583)
11:47:52.108 [Thread-4] ERROR com.charlessun.javaplcadapter.worker.impl.ConsumerWorkerImpl -- processingStrategy.process(record) 處理失敗: Processing failed
java.lang.RuntimeException: Processing failed
	at com.charlessun.javaplcadapter.worker.impl.ConsumerWorkerImpl.pollLoop(ConsumerWorkerImpl.java:53)
	at java.base/java.lang.Thread.run(Thread.java:1583)
11:47:52.109 [Thread-4] ERROR com.charlessun.javaplcadapter.worker.impl.ConsumerWorkerImpl -- processingStrategy.process(record) 處理失敗: Processing failed
java.lang.RuntimeException: Processing failed
	at com.charlessun.javaplcadapter.worker.impl.ConsumerWorkerImpl.pollLoop(ConsumerWorkerImpl.java:53)
	at java.base/java.lang.Thread.run(Thread.java:1583)
11:47:52.109 [Thread-4] ERROR com.charlessun.javaplcadapter.worker.impl.ConsumerWorkerImpl -- processingStrategy.process(record) 處理失敗: Processing failed
java.lang.RuntimeException: Processing failed
	at com.charlessun.javaplcadapter.worker.impl.ConsumerWorkerImpl.pollLoop(ConsumerWorkerImpl.java:53)
	at java.base/java.lang.Thread.run(Thread.java:1583)
11:47:52.109 [Thread-4] ERROR com.charlessun.javaplcadapter.worker.impl.ConsumerWorkerImpl -- processingStrategy.process(record) 處理失敗: Processing failed
java.lang.RuntimeException: Processing failed
	at com.charlessun.javaplcadapter.worker.impl.ConsumerWorkerImpl.pollLoop(ConsumerWorkerImpl.java:53)
	at java.base/java.lang.Thread.run(Thread.java:1583)
11:47:52.109 [Thread-4] ERROR com.charlessun.javaplcadapter.worker.impl.ConsumerWorkerImpl -- processingStrategy.process(record) 處理失敗: Processing failed
java.lang.RuntimeException: Processing failed
	at com.charlessun.javaplcadapter.worker.impl.ConsumerWorkerImpl.pollLoop(ConsumerWorkerImpl.java:53)
	at java.base/java.lang.Thread.run(Thread.java:1583)
11:47:52.109 [Thread-4] ERROR com.charlessun.javaplcadapter.worker.impl.ConsumerWorkerImpl -- processingStrategy.process(record) 處理失敗: Processing failed
java.lang.RuntimeException: Processing failed
	at com.charlessun.javaplcadapter.worker.impl.ConsumerWorkerImpl.pollLoop(ConsumerWorkerImpl.java:53)
	at java.base/java.lang.Thread.run(Thread.java:1583)
11:47:52.109 [Thread-4] ERROR com.charlessun.javaplcadapter.worker.impl.ConsumerWorkerImpl -- processingStrategy.process(record) 處理失敗: Processing failed
java.lang.RuntimeException: Processing failed
	at com.charlessun.javaplcadapter.worker.impl.ConsumerWorkerImpl.pollLoop(ConsumerWorkerImpl.java:53)
	at java.base/java.lang.Thread.run(Thread.java:1583)
11:47:52.109 [Thread-4] ERROR com.charlessun.javaplcadapter.worker.impl.ConsumerWorkerImpl -- processingStrategy.process(record) 處理失敗: Processing failed
java.lang.RuntimeException: Processing failed
	at com.charlessun.javaplcadapter.worker.impl.ConsumerWorkerImpl.pollLoop(ConsumerWorkerImpl.java:53)
	at java.base/java.lang.Thread.run(Thread.java:1583)
11:47:52.109 [Thread-4] ERROR com.charlessun.javaplcadapter.worker.impl.ConsumerWorkerImpl -- processingStrategy.process(record) 處理失敗: Processing failed
java.lang.RuntimeException: Processing failed
	at com.charlessun.javaplcadapter.worker.impl.ConsumerWorkerImpl.pollLoop(ConsumerWorkerImpl.java:53)
	at java.base/java.lang.Thread.run(Thread.java:1583)
11:47:52.110 [Thread-4] ERROR com.charlessun.javaplcadapter.worker.impl.ConsumerWorkerImpl -- processingStrategy.process(record) 處理失敗: Processing failed
java.lang.RuntimeException: Processing failed
	at com.charlessun.javaplcadapter.worker.impl.ConsumerWorkerImpl.pollLoop(ConsumerWorkerImpl.java:53)
	at java.base/java.lang.Thread.run(Thread.java:1583)
11:47:52.110 [Thread-4] ERROR com.charlessun.javaplcadapter.worker.impl.ConsumerWorkerImpl -- processingStrategy.process(record) 處理失敗: Processing failed
java.lang.RuntimeException: Processing failed
	at com.charlessun.javaplcadapter.worker.impl.ConsumerWorkerImpl.pollLoop(ConsumerWorkerImpl.java:53)
	at java.base/java.lang.Thread.run(Thread.java:1583)
11:47:52.110 [Thread-4] ERROR com.charlessun.javaplcadapter.worker.impl.ConsumerWorkerImpl -- processingStrategy.process(record) 處理失敗: Processing failed
java.lang.RuntimeException: Processing failed
	at com.charlessun.javaplcadapter.worker.impl.ConsumerWorkerImpl.pollLoop(ConsumerWorkerImpl.java:53)
	at java.base/java.lang.Thread.run(Thread.java:1583)
11:47:52.110 [Thread-4] ERROR com.charlessun.javaplcadapter.worker.impl.ConsumerWorkerImpl -- processingStrategy.process(record) 處理失敗: Processing failed
java.lang.RuntimeException: Processing failed
	at com.charlessun.javaplcadapter.worker.impl.ConsumerWorkerImpl.pollLoop(ConsumerWorkerImpl.java:53)
	at java.base/java.lang.Thread.run(Thread.java:1583)
11:47:52.110 [Thread-4] ERROR com.charlessun.javaplcadapter.worker.impl.ConsumerWorkerImpl -- processingStrategy.process(record) 處理失敗: Processing failed
java.lang.RuntimeException: Processing failed
	at com.charlessun.javaplcadapter.worker.impl.ConsumerWorkerImpl.pollLoop(ConsumerWorkerImpl.java:53)
	at java.base/java.lang.Thread.run(Thread.java:1583)
11:47:52.110 [Thread-4] ERROR com.charlessun.javaplcadapter.worker.impl.ConsumerWorkerImpl -- processingStrategy.process(record) 處理失敗: Processing failed
java.lang.RuntimeException: Processing failed
	at com.charlessun.javaplcadapter.worker.impl.ConsumerWorkerImpl.pollLoop(ConsumerWorkerImpl.java:53)
	at java.base/java.lang.Thread.run(Thread.java:1583)
11:47:52.110 [Thread-4] ERROR com.charlessun.javaplcadapter.worker.impl.ConsumerWorkerImpl -- processingStrategy.process(record) 處理失敗: Processing failed
java.lang.RuntimeException: Processing failed
	at com.charlessun.javaplcadapter.worker.impl.ConsumerWorkerImpl.pollLoop(ConsumerWorkerImpl.java:53)
	at java.base/java.lang.Thread.run(Thread.java:1583)
11:47:52.111 [Thread-4] ERROR com.charlessun.javaplcadapter.worker.impl.ConsumerWorkerImpl -- processingStrategy.process(record) 處理失敗: Processing failed
java.lang.RuntimeException: Processing failed
	at com.charlessun.javaplcadapter.worker.impl.ConsumerWorkerImpl.pollLoop(ConsumerWorkerImpl.java:53)
	at java.base/java.lang.Thread.run(Thread.java:1583)
11:47:52.111 [Thread-4] ERROR com.charlessun.javaplcadapter.worker.impl.ConsumerWorkerImpl -- processingStrategy.process(record) 處理失敗: Processing failed
java.lang.RuntimeException: Processing failed
	at com.charlessun.javaplcadapter.worker.impl.ConsumerWorkerImpl.pollLoop(ConsumerWorkerImpl.java:53)
	at java.base/java.lang.Thread.run(Thread.java:1583)
11:47:52.111 [Thread-4] ERROR com.charlessun.javaplcadapter.worker.impl.ConsumerWorkerImpl -- processingStrategy.process(record) 處理失敗: Processing failed
java.lang.RuntimeException: Processing failed
	at com.charlessun.javaplcadapter.worker.impl.ConsumerWorkerImpl.pollLoop(ConsumerWorkerImpl.java:53)
	at java.base/java.lang.Thread.run(Thread.java:1583)
11:47:52.111 [Thread-4] ERROR com.charlessun.javaplcadapter.worker.impl.ConsumerWorkerImpl -- processingStrategy.process(record) 處理失敗: Processing failed
java.lang.RuntimeException: Processing failed
	at com.charlessun.javaplcadapter.worker.impl.ConsumerWorkerImpl.pollLoop(ConsumerWorkerImpl.java:53)
	at java.base/java.lang.Thread.run(Thread.java:1583)
11:47:52.111 [Thread-4] ERROR com.charlessun.javaplcadapter.worker.impl.ConsumerWorkerImpl -- processingStrategy.process(record) 處理失敗: Processing failed
java.lang.RuntimeException: Processing failed
	at com.charlessun.javaplcadapter.worker.impl.ConsumerWorkerImpl.pollLoop(ConsumerWorkerImpl.java:53)
	at java.base/java.lang.Thread.run(Thread.java:1583)
11:47:52.111 [Thread-4] ERROR com.charlessun.javaplcadapter.worker.impl.ConsumerWorkerImpl -- processingStrategy.process(record) 處理失敗: Processing failed
java.lang.RuntimeException: Processing failed
	at com.charlessun.javaplcadapter.worker.impl.ConsumerWorkerImpl.pollLoop(ConsumerWorkerImpl.java:53)
	at java.base/java.lang.Thread.run(Thread.java:1583)
11:47:52.111 [Thread-4] ERROR com.charlessun.javaplcadapter.worker.impl.ConsumerWorkerImpl -- processingStrategy.process(record) 處理失敗: Processing failed
java.lang.RuntimeException: Processing failed
	at com.charlessun.javaplcadapter.worker.impl.ConsumerWorkerImpl.pollLoop(ConsumerWorkerImpl.java:53)
	at java.base/java.lang.Thread.run(Thread.java:1583)
11:47:52.111 [Thread-4] ERROR com.charlessun.javaplcadapter.worker.impl.ConsumerWorkerImpl -- processingStrategy.process(record) 處理失敗: Processing failed
java.lang.RuntimeException: Processing failed
	at com.charlessun.javaplcadapter.worker.impl.ConsumerWorkerImpl.pollLoop(ConsumerWorkerImpl.java:53)
	at java.base/java.lang.Thread.run(Thread.java:1583)
11:47:52.112 [Thread-4] ERROR com.charlessun.javaplcadapter.worker.impl.ConsumerWorkerImpl -- processingStrategy.process(record) 處理失敗: Processing failed
java.lang.RuntimeException: Processing failed
	at com.charlessun.javaplcadapter.worker.impl.ConsumerWorkerImpl.pollLoop(ConsumerWorkerImpl.java:53)
	at java.base/java.lang.Thread.run(Thread.java:1583)
11:47:52.112 [Thread-4] ERROR com.charlessun.javaplcadapter.worker.impl.ConsumerWorkerImpl -- processingStrategy.process(record) 處理失敗: Processing failed
java.lang.RuntimeException: Processing failed
	at com.charlessun.javaplcadapter.worker.impl.ConsumerWorkerImpl.pollLoop(ConsumerWorkerImpl.java:53)
	at java.base/java.lang.Thread.run(Thread.java:1583)
11:47:52.112 [Thread-4] ERROR com.charlessun.javaplcadapter.worker.impl.ConsumerWorkerImpl -- processingStrategy.process(record) 處理失敗: Processing failed
java.lang.RuntimeException: Processing failed
	at com.charlessun.javaplcadapter.worker.impl.ConsumerWorkerImpl.pollLoop(ConsumerWorkerImpl.java:53)
	at java.base/java.lang.Thread.run(Thread.java:1583)
11:47:52.112 [Thread-4] ERROR com.charlessun.javaplcadapter.worker.impl.ConsumerWorkerImpl -- processingStrategy.process(record) 處理失敗: Processing failed
java.lang.RuntimeException: Processing failed
	at com.charlessun.javaplcadapter.worker.impl.ConsumerWorkerImpl.pollLoop(ConsumerWorkerImpl.java:53)
	at java.base/java.lang.Thread.run(Thread.java:1583)
11:47:52.112 [Thread-4] ERROR com.charlessun.javaplcadapter.worker.impl.ConsumerWorkerImpl -- processingStrategy.process(record) 處理失敗: Processing failed
java.lang.RuntimeException: Processing failed
	at com.charlessun.javaplcadapter.worker.impl.ConsumerWorkerImpl.pollLoop(ConsumerWorkerImpl.java:53)
	at java.base/java.lang.Thread.run(Thread.java:1583)
11:47:52.112 [Thread-4] ERROR com.charlessun.javaplcadapter.worker.impl.ConsumerWorkerImpl -- processingStrategy.process(record) 處理失敗: Processing failed
java.lang.RuntimeException: Processing failed
	at com.charlessun.javaplcadapter.worker.impl.ConsumerWorkerImpl.pollLoop(ConsumerWorkerImpl.java:53)
	at java.base/java.lang.Thread.run(Thread.java:1583)
11:47:52.112 [Thread-4] ERROR com.charlessun.javaplcadapter.worker.impl.ConsumerWorkerImpl -- processingStrategy.process(record) 處理失敗: Processing failed
java.lang.RuntimeException: Processing failed
	at com.charlessun.javaplcadapter.worker.impl.ConsumerWorkerImpl.pollLoop(ConsumerWorkerImpl.java:53)
	at java.base/java.lang.Thread.run(Thread.java:1583)
11:47:52.112 [Thread-4] ERROR com.charlessun.javaplcadapter.worker.impl.ConsumerWorkerImpl -- processingStrategy.process(record) 處理失敗: Processing failed
java.lang.RuntimeException: Processing failed
	at com.charlessun.javaplcadapter.worker.impl.ConsumerWorkerImpl.pollLoop(ConsumerWorkerImpl.java:53)
	at java.base/java.lang.Thread.run(Thread.java:1583)
11:47:52.113 [Thread-4] ERROR com.charlessun.javaplcadapter.worker.impl.ConsumerWorkerImpl -- processingStrategy.process(record) 處理失敗: Processing failed
java.lang.RuntimeException: Processing failed
	at com.charlessun.javaplcadapter.worker.impl.ConsumerWorkerImpl.pollLoop(ConsumerWorkerImpl.java:53)
	at java.base/java.lang.Thread.run(Thread.java:1583)
11:47:52.113 [Thread-4] ERROR com.charlessun.javaplcadapter.worker.impl.ConsumerWorkerImpl -- processingStrategy.process(record) 處理失敗: Processing failed
java.lang.RuntimeException: Processing failed
	at com.charlessun.javaplcadapter.worker.impl.ConsumerWorkerImpl.pollLoop(ConsumerWorkerImpl.java:53)
	at java.base/java.lang.Thread.run(Thread.java:1583)
11:47:52.113 [Thread-4] ERROR com.charlessun.javaplcadapter.worker.impl.ConsumerWorkerImpl -- processingStrategy.process(record) 處理失敗: Processing failed
java.lang.RuntimeException: Processing failed
	at com.charlessun.javaplcadapter.worker.impl.ConsumerWorkerImpl.pollLoop(ConsumerWorkerImpl.java:53)
	at java.base/java.lang.Thread.run(Thread.java:1583)
11:47:52.113 [Thread-4] ERROR com.charlessun.javaplcadapter.worker.impl.ConsumerWorkerImpl -- processingStrategy.process(record) 處理失敗: Processing failed
java.lang.RuntimeException: Processing failed
	at com.charlessun.javaplcadapter.worker.impl.ConsumerWorkerImpl.pollLoop(ConsumerWorkerImpl.java:53)
	at java.base/java.lang.Thread.run(Thread.java:1583)
11:47:52.113 [Thread-4] ERROR com.charlessun.javaplcadapter.worker.impl.ConsumerWorkerImpl -- processingStrategy.process(record) 處理失敗: Processing failed
java.lang.RuntimeException: Processing failed
	at com.charlessun.javaplcadapter.worker.impl.ConsumerWorkerImpl.pollLoop(ConsumerWorkerImpl.java:53)
	at java.base/java.lang.Thread.run(Thread.java:1583)
11:47:52.113 [Thread-4] ERROR com.charlessun.javaplcadapter.worker.impl.ConsumerWorkerImpl -- processingStrategy.process(record) 處理失敗: Processing failed
java.lang.RuntimeException: Processing failed
	at com.charlessun.javaplcadapter.worker.impl.ConsumerWorkerImpl.pollLoop(ConsumerWorkerImpl.java:53)
	at java.base/java.lang.Thread.run(Thread.java:1583)
11:47:52.113 [Thread-4] ERROR com.charlessun.javaplcadapter.worker.impl.ConsumerWorkerImpl -- processingStrategy.process(record) 處理失敗: Processing failed
java.lang.RuntimeException: Processing failed
	at com.charlessun.javaplcadapter.worker.impl.ConsumerWorkerImpl.pollLoop(ConsumerWorkerImpl.java:53)
	at java.base/java.lang.Thread.run(Thread.java:1583)
11:47:52.114 [Thread-4] ERROR com.charlessun.javaplcadapter.worker.impl.ConsumerWorkerImpl -- processingStrategy.process(record) 處理失敗: Processing failed
java.lang.RuntimeException: Processing failed
	at com.charlessun.javaplcadapter.worker.impl.ConsumerWorkerImpl.pollLoop(ConsumerWorkerImpl.java:53)
	at java.base/java.lang.Thread.run(Thread.java:1583)
11:47:52.114 [Thread-4] ERROR com.charlessun.javaplcadapter.worker.impl.ConsumerWorkerImpl -- processingStrategy.process(record) 處理失敗: Processing failed
java.lang.RuntimeException: Processing failed
	at com.charlessun.javaplcadapter.worker.impl.ConsumerWorkerImpl.pollLoop(ConsumerWorkerImpl.java:53)
	at java.base/java.lang.Thread.run(Thread.java:1583)
11:47:52.114 [Thread-4] ERROR com.charlessun.javaplcadapter.worker.impl.ConsumerWorkerImpl -- processingStrategy.process(record) 處理失敗: Processing failed
java.lang.RuntimeException: Processing failed
	at com.charlessun.javaplcadapter.worker.impl.ConsumerWorkerImpl.pollLoop(ConsumerWorkerImpl.java:53)
	at java.base/java.lang.Thread.run(Thread.java:1583)
11:47:52.114 [Thread-4] ERROR com.charlessun.javaplcadapter.worker.impl.ConsumerWorkerImpl -- processingStrategy.process(record) 處理失敗: Processing failed
java.lang.RuntimeException: Processing failed
	at com.charlessun.javaplcadapter.worker.impl.ConsumerWorkerImpl.pollLoop(ConsumerWorkerImpl.java:53)
	at java.base/java.lang.Thread.run(Thread.java:1583)
11:47:52.114 [Thread-4] ERROR com.charlessun.javaplcadapter.worker.impl.ConsumerWorkerImpl -- processingStrategy.process(record) 處理失敗: Processing failed
java.lang.RuntimeException: Processing failed
	at com.charlessun.javaplcadapter.worker.impl.ConsumerWorkerImpl.pollLoop(ConsumerWorkerImpl.java:53)
	at java.base/java.lang.Thread.run(Thread.java:1583)
11:47:52.114 [Thread-4] ERROR com.charlessun.javaplcadapter.worker.impl.ConsumerWorkerImpl -- processingStrategy.process(record) 處理失敗: Processing failed
java.lang.RuntimeException: Processing failed
	at com.charlessun.javaplcadapter.worker.impl.ConsumerWorkerImpl.pollLoop(ConsumerWorkerImpl.java:53)
	at java.base/java.lang.Thread.run(Thread.java:1583)
11:47:52.114 [Thread-4] ERROR com.charlessun.javaplcadapter.worker.impl.ConsumerWorkerImpl -- processingStrategy.process(record) 處理失敗: Processing failed
java.lang.RuntimeException: Processing failed
	at com.charlessun.javaplcadapter.worker.impl.ConsumerWorkerImpl.pollLoop(ConsumerWorkerImpl.java:53)
	at java.base/java.lang.Thread.run(Thread.java:1583)
11:47:52.114 [Thread-4] ERROR com.charlessun.javaplcadapter.worker.impl.ConsumerWorkerImpl -- processingStrategy.process(record) 處理失敗: Processing failed
java.lang.RuntimeException: Processing failed
	at com.charlessun.javaplcadapter.worker.impl.ConsumerWorkerImpl.pollLoop(ConsumerWorkerImpl.java:53)
	at java.base/java.lang.Thread.run(Thread.java:1583)
11:47:52.115 [Thread-4] ERROR com.charlessun.javaplcadapter.worker.impl.ConsumerWorkerImpl -- processingStrategy.process(record) 處理失敗: Processing failed
java.lang.RuntimeException: Processing failed
	at com.charlessun.javaplcadapter.worker.impl.ConsumerWorkerImpl.pollLoop(ConsumerWorkerImpl.java:53)
	at java.base/java.lang.Thread.run(Thread.java:1583)
11:47:52.115 [Thread-4] ERROR com.charlessun.javaplcadapter.worker.impl.ConsumerWorkerImpl -- processingStrategy.process(record) 處理失敗: Processing failed
java.lang.RuntimeException: Processing failed
	at com.charlessun.javaplcadapter.worker.impl.ConsumerWorkerImpl.pollLoop(ConsumerWorkerImpl.java:53)
	at java.base/java.lang.Thread.run(Thread.java:1583)
11:47:52.115 [Thread-4] ERROR com.charlessun.javaplcadapter.worker.impl.ConsumerWorkerImpl -- processingStrategy.process(record) 處理失敗: Processing failed
java.lang.RuntimeException: Processing failed
	at com.charlessun.javaplcadapter.worker.impl.ConsumerWorkerImpl.pollLoop(ConsumerWorkerImpl.java:53)
	at java.base/java.lang.Thread.run(Thread.java:1583)
11:47:52.115 [Thread-4] ERROR com.charlessun.javaplcadapter.worker.impl.ConsumerWorkerImpl -- processingStrategy.process(record) 處理失敗: Processing failed
java.lang.RuntimeException: Processing failed
	at com.charlessun.javaplcadapter.worker.impl.ConsumerWorkerImpl.pollLoop(ConsumerWorkerImpl.java:53)
	at java.base/java.lang.Thread.run(Thread.java:1583)
11:47:52.115 [Thread-4] ERROR com.charlessun.javaplcadapter.worker.impl.ConsumerWorkerImpl -- processingStrategy.process(record) 處理失敗: Processing failed
java.lang.RuntimeException: Processing failed
	at com.charlessun.javaplcadapter.worker.impl.ConsumerWorkerImpl.pollLoop(ConsumerWorkerImpl.java:53)
	at java.base/java.lang.Thread.run(Thread.java:1583)
11:47:52.115 [Thread-4] ERROR com.charlessun.javaplcadapter.worker.impl.ConsumerWorkerImpl -- processingStrategy.process(record) 處理失敗: Processing failed
java.lang.RuntimeException: Processing failed
	at com.charlessun.javaplcadapter.worker.impl.ConsumerWorkerImpl.pollLoop(ConsumerWorkerImpl.java:53)
	at java.base/java.lang.Thread.run(Thread.java:1583)
11:47:52.115 [Thread-4] ERROR com.charlessun.javaplcadapter.worker.impl.ConsumerWorkerImpl -- processingStrategy.process(record) 處理失敗: Processing failed
java.lang.RuntimeException: Processing failed
	at com.charlessun.javaplcadapter.worker.impl.ConsumerWorkerImpl.pollLoop(ConsumerWorkerImpl.java:53)
	at java.base/java.lang.Thread.run(Thread.java:1583)
11:47:52.115 [Thread-4] ERROR com.charlessun.javaplcadapter.worker.impl.ConsumerWorkerImpl -- processingStrategy.process(record) 處理失敗: Processing failed
java.lang.RuntimeException: Processing failed
	at com.charlessun.javaplcadapter.worker.impl.ConsumerWorkerImpl.pollLoop(ConsumerWorkerImpl.java:53)
	at java.base/java.lang.Thread.run(Thread.java:1583)
11:47:52.115 [Thread-4] ERROR com.charlessun.javaplcadapter.worker.impl.ConsumerWorkerImpl -- processingStrategy.process(record) 處理失敗: Processing failed
java.lang.RuntimeException: Processing failed
	at com.charlessun.javaplcadapter.worker.impl.ConsumerWorkerImpl.pollLoop(ConsumerWorkerImpl.java:53)
	at java.base/java.lang.Thread.run(Thread.java:1583)
11:47:52.115 [Thread-4] ERROR com.charlessun.javaplcadapter.worker.impl.ConsumerWorkerImpl -- processingStrategy.process(record) 處理失敗: Processing failed
java.lang.RuntimeException: Processing failed
	at com.charlessun.javaplcadapter.worker.impl.ConsumerWorkerImpl.pollLoop(ConsumerWorkerImpl.java:53)
	at java.base/java.lang.Thread.run(Thread.java:1583)
11:47:52.115 [Thread-4] ERROR com.charlessun.javaplcadapter.worker.impl.ConsumerWorkerImpl -- processingStrategy.process(record) 處理失敗: Processing failed
java.lang.RuntimeException: Processing failed
	at com.charlessun.javaplcadapter.worker.impl.ConsumerWorkerImpl.pollLoop(ConsumerWorkerImpl.java:53)
	at java.base/java.lang.Thread.run(Thread.java:1583)
11:47:52.115 [Thread-4] ERROR com.charlessun.javaplcadapter.worker.impl.ConsumerWorkerImpl -- processingStrategy.process(record) 處理失敗: Processing failed
java.lang.RuntimeException: Processing failed
	at com.charlessun.javaplcadapter.worker.impl.ConsumerWorkerImpl.pollLoop(ConsumerWorkerImpl.java:53)
	at java.base/java.lang.Thread.run(Thread.java:1583)
11:47:52.115 [Thread-4] ERROR com.charlessun.javaplcadapter.worker.impl.ConsumerWorkerImpl -- processingStrategy.process(record) 處理失敗: Processing failed
java.lang.RuntimeException: Processing failed
	at com.charlessun.javaplcadapter.worker.impl.ConsumerWorkerImpl.pollLoop(ConsumerWorkerImpl.java:53)
	at java.base/java.lang.Thread.run(Thread.java:1583)
11:47:52.116 [Thread-4] ERROR com.charlessun.javaplcadapter.worker.impl.ConsumerWorkerImpl -- processingStrategy.process(record) 處理失敗: Processing failed
java.lang.RuntimeException: Processing failed
	at com.charlessun.javaplcadapter.worker.impl.ConsumerWorkerImpl.pollLoop(ConsumerWorkerImpl.java:53)
	at java.base/java.lang.Thread.run(Thread.java:1583)
11:47:52.116 [Thread-4] ERROR com.charlessun.javaplcadapter.worker.impl.ConsumerWorkerImpl -- processingStrategy.process(record) 處理失敗: Processing failed
java.lang.RuntimeException: Processing failed
	at com.charlessun.javaplcadapter.worker.impl.ConsumerWorkerImpl.pollLoop(ConsumerWorkerImpl.java:53)
	at java.base/java.lang.Thread.run(Thread.java:1583)
11:47:52.116 [Thread-4] ERROR com.charlessun.javaplcadapter.worker.impl.ConsumerWorkerImpl -- processingStrategy.process(record) 處理失敗: Processing failed
java.lang.RuntimeException: Processing failed
	at com.charlessun.javaplcadapter.worker.impl.ConsumerWorkerImpl.pollLoop(ConsumerWorkerImpl.java:53)
	at java.base/java.lang.Thread.run(Thread.java:1583)
11:47:52.116 [Thread-4] ERROR com.charlessun.javaplcadapter.worker.impl.ConsumerWorkerImpl -- processingStrategy.process(record) 處理失敗: Processing failed
java.lang.RuntimeException: Processing failed
	at com.charlessun.javaplcadapter.worker.impl.ConsumerWorkerImpl.pollLoop(ConsumerWorkerImpl.java:53)
	at java.base/java.lang.Thread.run(Thread.java:1583)
11:47:52.116 [Thread-4] ERROR com.charlessun.javaplcadapter.worker.impl.ConsumerWorkerImpl -- processingStrategy.process(record) 處理失敗: Processing failed
java.lang.RuntimeException: Processing failed
	at com.charlessun.javaplcadapter.worker.impl.ConsumerWorkerImpl.pollLoop(ConsumerWorkerImpl.java:53)
	at java.base/java.lang.Thread.run(Thread.java:1583)
11:47:52.116 [Thread-4] ERROR com.charlessun.javaplcadapter.worker.impl.ConsumerWorkerImpl -- processingStrategy.process(record) 處理失敗: Processing failed
java.lang.RuntimeException: Processing failed
	at com.charlessun.javaplcadapter.worker.impl.ConsumerWorkerImpl.pollLoop(ConsumerWorkerImpl.java:53)
	at java.base/java.lang.Thread.run(Thread.java:1583)
11:47:52.116 [Thread-4] ERROR com.charlessun.javaplcadapter.worker.impl.ConsumerWorkerImpl -- processingStrategy.process(record) 處理失敗: Processing failed
java.lang.RuntimeException: Processing failed
	at com.charlessun.javaplcadapter.worker.impl.ConsumerWorkerImpl.pollLoop(ConsumerWorkerImpl.java:53)
	at java.base/java.lang.Thread.run(Thread.java:1583)
11:47:52.116 [Thread-4] ERROR com.charlessun.javaplcadapter.worker.impl.ConsumerWorkerImpl -- processingStrategy.process(record) 處理失敗: Processing failed
java.lang.RuntimeException: Processing failed
	at com.charlessun.javaplcadapter.worker.impl.ConsumerWorkerImpl.pollLoop(ConsumerWorkerImpl.java:53)
	at java.base/java.lang.Thread.run(Thread.java:1583)
11:47:52.116 [Thread-4] ERROR com.charlessun.javaplcadapter.worker.impl.ConsumerWorkerImpl -- processingStrategy.process(record) 處理失敗: Processing failed
java.lang.RuntimeException: Processing failed
	at com.charlessun.javaplcadapter.worker.impl.ConsumerWorkerImpl.pollLoop(ConsumerWorkerImpl.java:53)
	at java.base/java.lang.Thread.run(Thread.java:1583)
11:47:52.116 [Thread-4] ERROR com.charlessun.javaplcadapter.worker.impl.ConsumerWorkerImpl -- processingStrategy.process(record) 處理失敗: Processing failed
java.lang.RuntimeException: Processing failed
	at com.charlessun.javaplcadapter.worker.impl.ConsumerWorkerImpl.pollLoop(ConsumerWorkerImpl.java:53)
	at java.base/java.lang.Thread.run(Thread.java:1583)
11:47:52.116 [Thread-4] ERROR com.charlessun.javaplcadapter.worker.impl.ConsumerWorkerImpl -- processingStrategy.process(record) 處理失敗: Processing failed
java.lang.RuntimeException: Processing failed
	at com.charlessun.javaplcadapter.worker.impl.ConsumerWorkerImpl.pollLoop(ConsumerWorkerImpl.java:53)
	at java.base/java.lang.Thread.run(Thread.java:1583)
11:47:52.116 [Thread-4] ERROR com.charlessun.javaplcadapter.worker.impl.ConsumerWorkerImpl -- processingStrategy.process(record) 處理失敗: Processing failed
java.lang.RuntimeException: Processing failed
	at com.charlessun.javaplcadapter.worker.impl.ConsumerWorkerImpl.pollLoop(ConsumerWorkerImpl.java:53)
	at java.base/java.lang.Thread.run(Thread.java:1583)
11:47:52.117 [Thread-4] ERROR com.charlessun.javaplcadapter.worker.impl.ConsumerWorkerImpl -- processingStrategy.process(record) 處理失敗: Processing failed
java.lang.RuntimeException: Processing failed
	at com.charlessun.javaplcadapter.worker.impl.ConsumerWorkerImpl.pollLoop(ConsumerWorkerImpl.java:53)
	at java.base/java.lang.Thread.run(Thread.java:1583)
11:47:52.117 [Thread-4] ERROR com.charlessun.javaplcadapter.worker.impl.ConsumerWorkerImpl -- processingStrategy.process(record) 處理失敗: Processing failed
java.lang.RuntimeException: Processing failed
	at com.charlessun.javaplcadapter.worker.impl.ConsumerWorkerImpl.pollLoop(ConsumerWorkerImpl.java:53)
	at java.base/java.lang.Thread.run(Thread.java:1583)
11:47:52.117 [Thread-4] ERROR com.charlessun.javaplcadapter.worker.impl.ConsumerWorkerImpl -- processingStrategy.process(record) 處理失敗: Processing failed
java.lang.RuntimeException: Processing failed
	at com.charlessun.javaplcadapter.worker.impl.ConsumerWorkerImpl.pollLoop(ConsumerWorkerImpl.java:53)
	at java.base/java.lang.Thread.run(Thread.java:1583)
11:47:52.117 [Thread-4] ERROR com.charlessun.javaplcadapter.worker.impl.ConsumerWorkerImpl -- processingStrategy.process(record) 處理失敗: Processing failed
java.lang.RuntimeException: Processing failed
	at com.charlessun.javaplcadapter.worker.impl.ConsumerWorkerImpl.pollLoop(ConsumerWorkerImpl.java:53)
	at java.base/java.lang.Thread.run(Thread.java:1583)
11:47:52.117 [Thread-4] ERROR com.charlessun.javaplcadapter.worker.impl.ConsumerWorkerImpl -- processingStrategy.process(record) 處理失敗: Processing failed
java.lang.RuntimeException: Processing failed
	at com.charlessun.javaplcadapter.worker.impl.ConsumerWorkerImpl.pollLoop(ConsumerWorkerImpl.java:53)
	at java.base/java.lang.Thread.run(Thread.java:1583)
11:47:52.117 [Thread-4] ERROR com.charlessun.javaplcadapter.worker.impl.ConsumerWorkerImpl -- processingStrategy.process(record) 處理失敗: Processing failed
java.lang.RuntimeException: Processing failed
	at com.charlessun.javaplcadapter.worker.impl.ConsumerWorkerImpl.pollLoop(ConsumerWorkerImpl.java:53)
	at java.base/java.lang.Thread.run(Thread.java:1583)
11:47:52.117 [Thread-4] ERROR com.charlessun.javaplcadapter.worker.impl.ConsumerWorkerImpl -- processingStrategy.process(record) 處理失敗: Processing failed
java.lang.RuntimeException: Processing failed
	at com.charlessun.javaplcadapter.worker.impl.ConsumerWorkerImpl.pollLoop(ConsumerWorkerImpl.java:53)
	at java.base/java.lang.Thread.run(Thread.java:1583)
11:47:52.117 [Thread-4] ERROR com.charlessun.javaplcadapter.worker.impl.ConsumerWorkerImpl -- processingStrategy.process(record) 處理失敗: Processing failed
java.lang.RuntimeException: Processing failed
	at com.charlessun.javaplcadapter.worker.impl.ConsumerWorkerImpl.pollLoop(ConsumerWorkerImpl.java:53)
	at java.base/java.lang.Thread.run(Thread.java:1583)
11:47:52.117 [Thread-4] ERROR com.charlessun.javaplcadapter.worker.impl.ConsumerWorkerImpl -- processingStrategy.process(record) 處理失敗: Processing failed
java.lang.RuntimeException: Processing failed
	at com.charlessun.javaplcadapter.worker.impl.ConsumerWorkerImpl.pollLoop(ConsumerWorkerImpl.java:53)
	at java.base/java.lang.Thread.run(Thread.java:1583)
11:47:52.117 [Thread-4] ERROR com.charlessun.javaplcadapter.worker.impl.ConsumerWorkerImpl -- processingStrategy.process(record) 處理失敗: Processing failed
java.lang.RuntimeException: Processing failed
	at com.charlessun.javaplcadapter.worker.impl.ConsumerWorkerImpl.pollLoop(ConsumerWorkerImpl.java:53)
	at java.base/java.lang.Thread.run(Thread.java:1583)
11:47:52.117 [Thread-4] ERROR com.charlessun.javaplcadapter.worker.impl.ConsumerWorkerImpl -- processingStrategy.process(record) 處理失敗: Processing failed
java.lang.RuntimeException: Processing failed
	at com.charlessun.javaplcadapter.worker.impl.ConsumerWorkerImpl.pollLoop(ConsumerWorkerImpl.java:53)
	at java.base/java.lang.Thread.run(Thread.java:1583)
11:47:52.117 [Thread-4] ERROR com.charlessun.javaplcadapter.worker.impl.ConsumerWorkerImpl -- processingStrategy.process(record) 處理失敗: Processing failed
java.lang.RuntimeException: Processing failed
	at com.charlessun.javaplcadapter.worker.impl.ConsumerWorkerImpl.pollLoop(ConsumerWorkerImpl.java:53)
	at java.base/java.lang.Thread.run(Thread.java:1583)
11:47:52.117 [Thread-4] ERROR com.charlessun.javaplcadapter.worker.impl.ConsumerWorkerImpl -- processingStrategy.process(record) 處理失敗: Processing failed
java.lang.RuntimeException: Processing failed
	at com.charlessun.javaplcadapter.worker.impl.ConsumerWorkerImpl.pollLoop(ConsumerWorkerImpl.java:53)
	at java.base/java.lang.Thread.run(Thread.java:1583)
11:47:52.117 [Thread-4] ERROR com.charlessun.javaplcadapter.worker.impl.ConsumerWorkerImpl -- processingStrategy.process(record) 處理失敗: Processing failed
java.lang.RuntimeException: Processing failed
	at com.charlessun.javaplcadapter.worker.impl.ConsumerWorkerImpl.pollLoop(ConsumerWorkerImpl.java:53)
	at java.base/java.lang.Thread.run(Thread.java:1583)
11:47:52.117 [Thread-4] ERROR com.charlessun.javaplcadapter.worker.impl.ConsumerWorkerImpl -- processingStrategy.process(record) 處理失敗: Processing failed
java.lang.RuntimeException: Processing failed
	at com.charlessun.javaplcadapter.worker.impl.ConsumerWorkerImpl.pollLoop(ConsumerWorkerImpl.java:53)
	at java.base/java.lang.Thread.run(Thread.java:1583)
11:47:52.117 [Thread-4] ERROR com.charlessun.javaplcadapter.worker.impl.ConsumerWorkerImpl -- processingStrategy.process(record) 處理失敗: Processing failed
java.lang.RuntimeException: Processing failed
	at com.charlessun.javaplcadapter.worker.impl.ConsumerWorkerImpl.pollLoop(ConsumerWorkerImpl.java:53)
	at java.base/java.lang.Thread.run(Thread.java:1583)
11:47:52.118 [Thread-4] ERROR com.charlessun.javaplcadapter.worker.impl.ConsumerWorkerImpl -- processingStrategy.process(record) 處理失敗: Processing failed
java.lang.RuntimeException: Processing failed
	at com.charlessun.javaplcadapter.worker.impl.ConsumerWorkerImpl.pollLoop(ConsumerWorkerImpl.java:53)
	at java.base/java.lang.Thread.run(Thread.java:1583)
11:47:52.118 [Thread-4] ERROR com.charlessun.javaplcadapter.worker.impl.ConsumerWorkerImpl -- processingStrategy.process(record) 處理失敗: Processing failed
java.lang.RuntimeException: Processing failed
	at com.charlessun.javaplcadapter.worker.impl.ConsumerWorkerImpl.pollLoop(ConsumerWorkerImpl.java:53)
	at java.base/java.lang.Thread.run(Thread.java:1583)
11:47:52.118 [Thread-4] ERROR com.charlessun.javaplcadapter.worker.impl.ConsumerWorkerImpl -- processingStrategy.process(record) 處理失敗: Processing failed
java.lang.RuntimeException: Processing failed
	at com.charlessun.javaplcadapter.worker.impl.ConsumerWorkerImpl.pollLoop(ConsumerWorkerImpl.java:53)
	at java.base/java.lang.Thread.run(Thread.java:1583)
11:47:52.118 [Thread-4] ERROR com.charlessun.javaplcadapter.worker.impl.ConsumerWorkerImpl -- processingStrategy.process(record) 處理失敗: Processing failed
java.lang.RuntimeException: Processing failed
	at com.charlessun.javaplcadapter.worker.impl.ConsumerWorkerImpl.pollLoop(ConsumerWorkerImpl.java:53)
	at java.base/java.lang.Thread.run(Thread.java:1583)
11:47:52.118 [Thread-4] ERROR com.charlessun.javaplcadapter.worker.impl.ConsumerWorkerImpl -- processingStrategy.process(record) 處理失敗: Processing failed
java.lang.RuntimeException: Processing failed
	at com.charlessun.javaplcadapter.worker.impl.ConsumerWorkerImpl.pollLoop(ConsumerWorkerImpl.java:53)
	at java.base/java.lang.Thread.run(Thread.java:1583)
11:47:52.118 [Thread-4] ERROR com.charlessun.javaplcadapter.worker.impl.ConsumerWorkerImpl -- processingStrategy.process(record) 處理失敗: Processing failed
java.lang.RuntimeException: Processing failed
	at com.charlessun.javaplcadapter.worker.impl.ConsumerWorkerImpl.pollLoop(ConsumerWorkerImpl.java:53)
	at java.base/java.lang.Thread.run(Thread.java:1583)
11:47:52.118 [Thread-4] ERROR com.charlessun.javaplcadapter.worker.impl.ConsumerWorkerImpl -- processingStrategy.process(record) 處理失敗: Processing failed
java.lang.RuntimeException: Processing failed
	at com.charlessun.javaplcadapter.worker.impl.ConsumerWorkerImpl.pollLoop(ConsumerWorkerImpl.java:53)
	at java.base/java.lang.Thread.run(Thread.java:1583)
11:47:52.119 [Thread-4] ERROR com.charlessun.javaplcadapter.worker.impl.ConsumerWorkerImpl -- processingStrategy.process(record) 處理失敗: Processing failed
java.lang.RuntimeException: Processing failed
	at com.charlessun.javaplcadapter.worker.impl.ConsumerWorkerImpl.pollLoop(ConsumerWorkerImpl.java:53)
	at java.base/java.lang.Thread.run(Thread.java:1583)
11:47:52.119 [Thread-4] ERROR com.charlessun.javaplcadapter.worker.impl.ConsumerWorkerImpl -- processingStrategy.process(record) 處理失敗: Processing failed
java.lang.RuntimeException: Processing failed
	at com.charlessun.javaplcadapter.worker.impl.ConsumerWorkerImpl.pollLoop(ConsumerWorkerImpl.java:53)
	at java.base/java.lang.Thread.run(Thread.java:1583)
11:47:52.119 [Thread-4] ERROR com.charlessun.javaplcadapter.worker.impl.ConsumerWorkerImpl -- processingStrategy.process(record) 處理失敗: Processing failed
java.lang.RuntimeException: Processing failed
	at com.charlessun.javaplcadapter.worker.impl.ConsumerWorkerImpl.pollLoop(ConsumerWorkerImpl.java:53)
	at java.base/java.lang.Thread.run(Thread.java:1583)
11:47:52.119 [Thread-4] ERROR com.charlessun.javaplcadapter.worker.impl.ConsumerWorkerImpl -- processingStrategy.process(record) 處理失敗: Processing failed
java.lang.RuntimeException: Processing failed
	at com.charlessun.javaplcadapter.worker.impl.ConsumerWorkerImpl.pollLoop(ConsumerWorkerImpl.java:53)
	at java.base/java.lang.Thread.run(Thread.java:1583)
11:47:52.119 [Thread-4] ERROR com.charlessun.javaplcadapter.worker.impl.ConsumerWorkerImpl -- processingStrategy.process(record) 處理失敗: Processing failed
java.lang.RuntimeException: Processing failed
	at com.charlessun.javaplcadapter.worker.impl.ConsumerWorkerImpl.pollLoop(ConsumerWorkerImpl.java:53)
	at java.base/java.lang.Thread.run(Thread.java:1583)
11:47:52.119 [Thread-4] ERROR com.charlessun.javaplcadapter.worker.impl.ConsumerWorkerImpl -- processingStrategy.process(record) 處理失敗: Processing failed
java.lang.RuntimeException: Processing failed
	at com.charlessun.javaplcadapter.worker.impl.ConsumerWorkerImpl.pollLoop(ConsumerWorkerImpl.java:53)
	at java.base/java.lang.Thread.run(Thread.java:1583)
11:47:52.119 [Thread-4] ERROR com.charlessun.javaplcadapter.worker.impl.ConsumerWorkerImpl -- processingStrategy.process(record) 處理失敗: Processing failed
java.lang.RuntimeException: Processing failed
	at com.charlessun.javaplcadapter.worker.impl.ConsumerWorkerImpl.pollLoop(ConsumerWorkerImpl.java:53)
	at java.base/java.lang.Thread.run(Thread.java:1583)
11:47:52.119 [Thread-4] ERROR com.charlessun.javaplcadapter.worker.impl.ConsumerWorkerImpl -- processingStrategy.process(record) 處理失敗: Processing failed
java.lang.RuntimeException: Processing failed
	at com.charlessun.javaplcadapter.worker.impl.ConsumerWorkerImpl.pollLoop(ConsumerWorkerImpl.java:53)
	at java.base/java.lang.Thread.run(Thread.java:1583)
11:47:52.119 [Thread-4] ERROR com.charlessun.javaplcadapter.worker.impl.ConsumerWorkerImpl -- processingStrategy.process(record) 處理失敗: Processing failed
java.lang.RuntimeException: Processing failed
	at com.charlessun.javaplcadapter.worker.impl.ConsumerWorkerImpl.pollLoop(ConsumerWorkerImpl.java:53)
	at java.base/java.lang.Thread.run(Thread.java:1583)
11:47:52.119 [Thread-4] ERROR com.charlessun.javaplcadapter.worker.impl.ConsumerWorkerImpl -- processingStrategy.process(record) 處理失敗: Processing failed
java.lang.RuntimeException: Processing failed
	at com.charlessun.javaplcadapter.worker.impl.ConsumerWorkerImpl.pollLoop(ConsumerWorkerImpl.java:53)
	at java.base/java.lang.Thread.run(Thread.java:1583)
11:47:52.120 [Thread-4] ERROR com.charlessun.javaplcadapter.worker.impl.ConsumerWorkerImpl -- processingStrategy.process(record) 處理失敗: Processing failed
java.lang.RuntimeException: Processing failed
	at com.charlessun.javaplcadapter.worker.impl.ConsumerWorkerImpl.pollLoop(ConsumerWorkerImpl.java:53)
	at java.base/java.lang.Thread.run(Thread.java:1583)
11:47:52.120 [Thread-4] ERROR com.charlessun.javaplcadapter.worker.impl.ConsumerWorkerImpl -- processingStrategy.process(record) 處理失敗: Processing failed
java.lang.RuntimeException: Processing failed
	at com.charlessun.javaplcadapter.worker.impl.ConsumerWorkerImpl.pollLoop(ConsumerWorkerImpl.java:53)
	at java.base/java.lang.Thread.run(Thread.java:1583)
11:47:52.120 [Thread-4] ERROR com.charlessun.javaplcadapter.worker.impl.ConsumerWorkerImpl -- processingStrategy.process(record) 處理失敗: Processing failed
java.lang.RuntimeException: Processing failed
	at com.charlessun.javaplcadapter.worker.impl.ConsumerWorkerImpl.pollLoop(ConsumerWorkerImpl.java:53)
	at java.base/java.lang.Thread.run(Thread.java:1583)
11:47:52.120 [Thread-4] ERROR com.charlessun.javaplcadapter.worker.impl.ConsumerWorkerImpl -- processingStrategy.process(record) 處理失敗: Processing failed
java.lang.RuntimeException: Processing failed
	at com.charlessun.javaplcadapter.worker.impl.ConsumerWorkerImpl.pollLoop(ConsumerWorkerImpl.java:53)
	at java.base/java.lang.Thread.run(Thread.java:1583)
11:47:52.120 [Thread-4] ERROR com.charlessun.javaplcadapter.worker.impl.ConsumerWorkerImpl -- processingStrategy.process(record) 處理失敗: Processing failed
java.lang.RuntimeException: Processing failed
	at com.charlessun.javaplcadapter.worker.impl.ConsumerWorkerImpl.pollLoop(ConsumerWorkerImpl.java:53)
	at java.base/java.lang.Thread.run(Thread.java:1583)
11:47:52.120 [Thread-4] ERROR com.charlessun.javaplcadapter.worker.impl.ConsumerWorkerImpl -- processingStrategy.process(record) 處理失敗: Processing failed
java.lang.RuntimeException: Processing failed
	at com.charlessun.javaplcadapter.worker.impl.ConsumerWorkerImpl.pollLoop(ConsumerWorkerImpl.java:53)
	at java.base/java.lang.Thread.run(Thread.java:1583)
11:47:52.120 [Thread-4] ERROR com.charlessun.javaplcadapter.worker.impl.ConsumerWorkerImpl -- processingStrategy.process(record) 處理失敗: Processing failed
java.lang.RuntimeException: Processing failed
	at com.charlessun.javaplcadapter.worker.impl.ConsumerWorkerImpl.pollLoop(ConsumerWorkerImpl.java:53)
	at java.base/java.lang.Thread.run(Thread.java:1583)
11:47:52.120 [Thread-4] ERROR com.charlessun.javaplcadapter.worker.impl.ConsumerWorkerImpl -- processingStrategy.process(record) 處理失敗: Processing failed
java.lang.RuntimeException: Processing failed
	at com.charlessun.javaplcadapter.worker.impl.ConsumerWorkerImpl.pollLoop(ConsumerWorkerImpl.java:53)
	at java.base/java.lang.Thread.run(Thread.java:1583)
11:47:52.120 [Thread-4] ERROR com.charlessun.javaplcadapter.worker.impl.ConsumerWorkerImpl -- processingStrategy.process(record) 處理失敗: Processing failed
java.lang.RuntimeException: Processing failed
	at com.charlessun.javaplcadapter.worker.impl.ConsumerWorkerImpl.pollLoop(ConsumerWorkerImpl.java:53)
	at java.base/java.lang.Thread.run(Thread.java:1583)
11:47:52.120 [Thread-4] ERROR com.charlessun.javaplcadapter.worker.impl.ConsumerWorkerImpl -- processingStrategy.process(record) 處理失敗: Processing failed
java.lang.RuntimeException: Processing failed
	at com.charlessun.javaplcadapter.worker.impl.ConsumerWorkerImpl.pollLoop(ConsumerWorkerImpl.java:53)
	at java.base/java.lang.Thread.run(Thread.java:1583)
11:47:52.120 [Thread-4] ERROR com.charlessun.javaplcadapter.worker.impl.ConsumerWorkerImpl -- processingStrategy.process(record) 處理失敗: Processing failed
java.lang.RuntimeException: Processing failed
	at com.charlessun.javaplcadapter.worker.impl.ConsumerWorkerImpl.pollLoop(ConsumerWorkerImpl.java:53)
	at java.base/java.lang.Thread.run(Thread.java:1583)
11:47:52.120 [Thread-4] ERROR com.charlessun.javaplcadapter.worker.impl.ConsumerWorkerImpl -- processingStrategy.process(record) 處理失敗: Processing failed
java.lang.RuntimeException: Processing failed
	at com.charlessun.javaplcadapter.worker.impl.ConsumerWorkerImpl.pollLoop(ConsumerWorkerImpl.java:53)
	at java.base/java.lang.Thread.run(Thread.java:1583)
11:47:52.120 [Thread-4] ERROR com.charlessun.javaplcadapter.worker.impl.ConsumerWorkerImpl -- processingStrategy.process(record) 處理失敗: Processing failed
java.lang.RuntimeException: Processing failed
	at com.charlessun.javaplcadapter.worker.impl.ConsumerWorkerImpl.pollLoop(ConsumerWorkerImpl.java:53)
	at java.base/java.lang.Thread.run(Thread.java:1583)
11:47:52.121 [Thread-4] ERROR com.charlessun.javaplcadapter.worker.impl.ConsumerWorkerImpl -- processingStrategy.process(record) 處理失敗: Processing failed
java.lang.RuntimeException: Processing failed
	at com.charlessun.javaplcadapter.worker.impl.ConsumerWorkerImpl.pollLoop(ConsumerWorkerImpl.java:53)
	at java.base/java.lang.Thread.run(Thread.java:1583)
11:47:52.121 [Thread-4] ERROR com.charlessun.javaplcadapter.worker.impl.ConsumerWorkerImpl -- processingStrategy.process(record) 處理失敗: Processing failed
java.lang.RuntimeException: Processing failed
	at com.charlessun.javaplcadapter.worker.impl.ConsumerWorkerImpl.pollLoop(ConsumerWorkerImpl.java:53)
	at java.base/java.lang.Thread.run(Thread.java:1583)
11:47:52.121 [Thread-4] ERROR com.charlessun.javaplcadapter.worker.impl.ConsumerWorkerImpl -- processingStrategy.process(record) 處理失敗: Processing failed
java.lang.RuntimeException: Processing failed
	at com.charlessun.javaplcadapter.worker.impl.ConsumerWorkerImpl.pollLoop(ConsumerWorkerImpl.java:53)
	at java.base/java.lang.Thread.run(Thread.java:1583)
11:47:52.121 [Thread-4] ERROR com.charlessun.javaplcadapter.worker.impl.ConsumerWorkerImpl -- processingStrategy.process(record) 處理失敗: Processing failed
java.lang.RuntimeException: Processing failed
	at com.charlessun.javaplcadapter.worker.impl.ConsumerWorkerImpl.pollLoop(ConsumerWorkerImpl.java:53)
	at java.base/java.lang.Thread.run(Thread.java:1583)
11:47:52.121 [Thread-4] ERROR com.charlessun.javaplcadapter.worker.impl.ConsumerWorkerImpl -- processingStrategy.process(record) 處理失敗: Processing failed
java.lang.RuntimeException: Processing failed
	at com.charlessun.javaplcadapter.worker.impl.ConsumerWorkerImpl.pollLoop(ConsumerWorkerImpl.java:53)
	at java.base/java.lang.Thread.run(Thread.java:1583)
11:47:52.121 [Thread-4] ERROR com.charlessun.javaplcadapter.worker.impl.ConsumerWorkerImpl -- processingStrategy.process(record) 處理失敗: Processing failed
java.lang.RuntimeException: Processing failed
	at com.charlessun.javaplcadapter.worker.impl.ConsumerWorkerImpl.pollLoop(ConsumerWorkerImpl.java:53)
	at java.base/java.lang.Thread.run(Thread.java:1583)
11:47:52.121 [Thread-4] ERROR com.charlessun.javaplcadapter.worker.impl.ConsumerWorkerImpl -- processingStrategy.process(record) 處理失敗: Processing failed
java.lang.RuntimeException: Processing failed
	at com.charlessun.javaplcadapter.worker.impl.ConsumerWorkerImpl.pollLoop(ConsumerWorkerImpl.java:53)
	at java.base/java.lang.Thread.run(Thread.java:1583)
11:47:52.121 [Thread-4] ERROR com.charlessun.javaplcadapter.worker.impl.ConsumerWorkerImpl -- processingStrategy.process(record) 處理失敗: Processing failed
java.lang.RuntimeException: Processing failed
	at com.charlessun.javaplcadapter.worker.impl.ConsumerWorkerImpl.pollLoop(ConsumerWorkerImpl.java:53)
	at java.base/java.lang.Thread.run(Thread.java:1583)
11:47:52.122 [Thread-4] ERROR com.charlessun.javaplcadapter.worker.impl.ConsumerWorkerImpl -- processingStrategy.process(record) 處理失敗: Processing failed
java.lang.RuntimeException: Processing failed
	at com.charlessun.javaplcadapter.worker.impl.ConsumerWorkerImpl.pollLoop(ConsumerWorkerImpl.java:53)
	at java.base/java.lang.Thread.run(Thread.java:1583)
11:47:52.122 [Thread-4] ERROR com.charlessun.javaplcadapter.worker.impl.ConsumerWorkerImpl -- processingStrategy.process(record) 處理失敗: Processing failed
java.lang.RuntimeException: Processing failed
	at com.charlessun.javaplcadapter.worker.impl.ConsumerWorkerImpl.pollLoop(ConsumerWorkerImpl.java:53)
	at java.base/java.lang.Thread.run(Thread.java:1583)
11:47:52.122 [Thread-4] ERROR com.charlessun.javaplcadapter.worker.impl.ConsumerWorkerImpl -- processingStrategy.process(record) 處理失敗: Processing failed
java.lang.RuntimeException: Processing failed
	at com.charlessun.javaplcadapter.worker.impl.ConsumerWorkerImpl.pollLoop(ConsumerWorkerImpl.java:53)
	at java.base/java.lang.Thread.run(Thread.java:1583)
11:47:52.122 [Thread-4] ERROR com.charlessun.javaplcadapter.worker.impl.ConsumerWorkerImpl -- processingStrategy.process(record) 處理失敗: Processing failed
java.lang.RuntimeException: Processing failed
	at com.charlessun.javaplcadapter.worker.impl.ConsumerWorkerImpl.pollLoop(ConsumerWorkerImpl.java:53)
	at java.base/java.lang.Thread.run(Thread.java:1583)
11:47:52.122 [Thread-4] ERROR com.charlessun.javaplcadapter.worker.impl.ConsumerWorkerImpl -- processingStrategy.process(record) 處理失敗: Processing failed
java.lang.RuntimeException: Processing failed
	at com.charlessun.javaplcadapter.worker.impl.ConsumerWorkerImpl.pollLoop(ConsumerWorkerImpl.java:53)
	at java.base/java.lang.Thread.run(Thread.java:1583)
11:47:52.122 [Thread-4] ERROR com.charlessun.javaplcadapter.worker.impl.ConsumerWorkerImpl -- processingStrategy.process(record) 處理失敗: Processing failed
java.lang.RuntimeException: Processing failed
	at com.charlessun.javaplcadapter.worker.impl.ConsumerWorkerImpl.pollLoop(ConsumerWorkerImpl.java:53)
	at java.base/java.lang.Thread.run(Thread.java:1583)
11:47:52.122 [Thread-4] ERROR com.charlessun.javaplcadapter.worker.impl.ConsumerWorkerImpl -- processingStrategy.process(record) 處理失敗: Processing failed
java.lang.RuntimeException: Processing failed
	at com.charlessun.javaplcadapter.worker.impl.ConsumerWorkerImpl.pollLoop(ConsumerWorkerImpl.java:53)
	at java.base/java.lang.Thread.run(Thread.java:1583)
11:47:52.122 [Thread-4] ERROR com.charlessun.javaplcadapter.worker.impl.ConsumerWorkerImpl -- processingStrategy.process(record) 處理失敗: Processing failed
java.lang.RuntimeException: Processing failed
	at com.charlessun.javaplcadapter.worker.impl.ConsumerWorkerImpl.pollLoop(ConsumerWorkerImpl.java:53)
	at java.base/java.lang.Thread.run(Thread.java:1583)
11:47:52.123 [Thread-4] ERROR com.charlessun.javaplcadapter.worker.impl.ConsumerWorkerImpl -- processingStrategy.process(record) 處理失敗: Processing failed
java.lang.RuntimeException: Processing failed
	at com.charlessun.javaplcadapter.worker.impl.ConsumerWorkerImpl.pollLoop(ConsumerWorkerImpl.java:53)
	at java.base/java.lang.Thread.run(Thread.java:1583)
11:47:52.123 [Thread-4] ERROR com.charlessun.javaplcadapter.worker.impl.ConsumerWorkerImpl -- processingStrategy.process(record) 處理失敗: Processing failed
java.lang.RuntimeException: Processing failed
	at com.charlessun.javaplcadapter.worker.impl.ConsumerWorkerImpl.pollLoop(ConsumerWorkerImpl.java:53)
	at java.base/java.lang.Thread.run(Thread.java:1583)
11:47:52.123 [Thread-4] ERROR com.charlessun.javaplcadapter.worker.impl.ConsumerWorkerImpl -- processingStrategy.process(record) 處理失敗: Processing failed
java.lang.RuntimeException: Processing failed
	at com.charlessun.javaplcadapter.worker.impl.ConsumerWorkerImpl.pollLoop(ConsumerWorkerImpl.java:53)
	at java.base/java.lang.Thread.run(Thread.java:1583)
11:47:52.123 [Thread-4] ERROR com.charlessun.javaplcadapter.worker.impl.ConsumerWorkerImpl -- processingStrategy.process(record) 處理失敗: Processing failed
java.lang.RuntimeException: Processing failed
	at com.charlessun.javaplcadapter.worker.impl.ConsumerWorkerImpl.pollLoop(ConsumerWorkerImpl.java:53)
	at java.base/java.lang.Thread.run(Thread.java:1583)
11:47:52.123 [Thread-4] ERROR com.charlessun.javaplcadapter.worker.impl.ConsumerWorkerImpl -- processingStrategy.process(record) 處理失敗: Processing failed
java.lang.RuntimeException: Processing failed
	at com.charlessun.javaplcadapter.worker.impl.ConsumerWorkerImpl.pollLoop(ConsumerWorkerImpl.java:53)
	at java.base/java.lang.Thread.run(Thread.java:1583)
11:47:52.123 [Thread-4] ERROR com.charlessun.javaplcadapter.worker.impl.ConsumerWorkerImpl -- processingStrategy.process(record) 處理失敗: Processing failed
java.lang.RuntimeException: Processing failed
	at com.charlessun.javaplcadapter.worker.impl.ConsumerWorkerImpl.pollLoop(ConsumerWorkerImpl.java:53)
	at java.base/java.lang.Thread.run(Thread.java:1583)
11:47:52.123 [Thread-4] ERROR com.charlessun.javaplcadapter.worker.impl.ConsumerWorkerImpl -- processingStrategy.process(record) 處理失敗: Processing failed
java.lang.RuntimeException: Processing failed
	at com.charlessun.javaplcadapter.worker.impl.ConsumerWorkerImpl.pollLoop(ConsumerWorkerImpl.java:53)
	at java.base/java.lang.Thread.run(Thread.java:1583)
11:47:52.123 [Thread-4] ERROR com.charlessun.javaplcadapter.worker.impl.ConsumerWorkerImpl -- processingStrategy.process(record) 處理失敗: Processing failed
java.lang.RuntimeException: Processing failed
	at com.charlessun.javaplcadapter.worker.impl.ConsumerWorkerImpl.pollLoop(ConsumerWorkerImpl.java:53)
	at java.base/java.lang.Thread.run(Thread.java:1583)
11:47:52.124 [Thread-4] ERROR com.charlessun.javaplcadapter.worker.impl.ConsumerWorkerImpl -- processingStrategy.process(record) 處理失敗: Processing failed
java.lang.RuntimeException: Processing failed
	at com.charlessun.javaplcadapter.worker.impl.ConsumerWorkerImpl.pollLoop(ConsumerWorkerImpl.java:53)
	at java.base/java.lang.Thread.run(Thread.java:1583)
11:47:52.124 [Thread-4] ERROR com.charlessun.javaplcadapter.worker.impl.ConsumerWorkerImpl -- processingStrategy.process(record) 處理失敗: Processing failed
java.lang.RuntimeException: Processing failed
	at com.charlessun.javaplcadapter.worker.impl.ConsumerWorkerImpl.pollLoop(ConsumerWorkerImpl.java:53)
	at java.base/java.lang.Thread.run(Thread.java:1583)
11:47:52.124 [Thread-4] ERROR com.charlessun.javaplcadapter.worker.impl.ConsumerWorkerImpl -- processingStrategy.process(record) 處理失敗: Processing failed
java.lang.RuntimeException: Processing failed
	at com.charlessun.javaplcadapter.worker.impl.ConsumerWorkerImpl.pollLoop(ConsumerWorkerImpl.java:53)
	at java.base/java.lang.Thread.run(Thread.java:1583)
11:47:52.124 [Thread-4] ERROR com.charlessun.javaplcadapter.worker.impl.ConsumerWorkerImpl -- processingStrategy.process(record) 處理失敗: Processing failed
java.lang.RuntimeException: Processing failed
	at com.charlessun.javaplcadapter.worker.impl.ConsumerWorkerImpl.pollLoop(ConsumerWorkerImpl.java:53)
	at java.base/java.lang.Thread.run(Thread.java:1583)
11:47:52.124 [Thread-4] ERROR com.charlessun.javaplcadapter.worker.impl.ConsumerWorkerImpl -- processingStrategy.process(record) 處理失敗: Processing failed
java.lang.RuntimeException: Processing failed
	at com.charlessun.javaplcadapter.worker.impl.ConsumerWorkerImpl.pollLoop(ConsumerWorkerImpl.java:53)
	at java.base/java.lang.Thread.run(Thread.java:1583)
11:47:52.124 [Thread-4] ERROR com.charlessun.javaplcadapter.worker.impl.ConsumerWorkerImpl -- processingStrategy.process(record) 處理失敗: Processing failed
java.lang.RuntimeException: Processing failed
	at com.charlessun.javaplcadapter.worker.impl.ConsumerWorkerImpl.pollLoop(ConsumerWorkerImpl.java:53)
	at java.base/java.lang.Thread.run(Thread.java:1583)
11:47:52.124 [Thread-4] ERROR com.charlessun.javaplcadapter.worker.impl.ConsumerWorkerImpl -- processingStrategy.process(record) 處理失敗: Processing failed
java.lang.RuntimeException: Processing failed
	at com.charlessun.javaplcadapter.worker.impl.ConsumerWorkerImpl.pollLoop(ConsumerWorkerImpl.java:53)
	at java.base/java.lang.Thread.run(Thread.java:1583)
11:47:52.124 [Thread-4] ERROR com.charlessun.javaplcadapter.worker.impl.ConsumerWorkerImpl -- processingStrategy.process(record) 處理失敗: Processing failed
java.lang.RuntimeException: Processing failed
	at com.charlessun.javaplcadapter.worker.impl.ConsumerWorkerImpl.pollLoop(ConsumerWorkerImpl.java:53)
	at java.base/java.lang.Thread.run(Thread.java:1583)
11:47:52.124 [Thread-4] ERROR com.charlessun.javaplcadapter.worker.impl.ConsumerWorkerImpl -- processingStrategy.process(record) 處理失敗: Processing failed
java.lang.RuntimeException: Processing failed
	at com.charlessun.javaplcadapter.worker.impl.ConsumerWorkerImpl.pollLoop(ConsumerWorkerImpl.java:53)
	at java.base/java.lang.Thread.run(Thread.java:1583)
11:47:52.125 [Thread-4] ERROR com.charlessun.javaplcadapter.worker.impl.ConsumerWorkerImpl -- processingStrategy.process(record) 處理失敗: Processing failed
java.lang.RuntimeException: Processing failed
	at com.charlessun.javaplcadapter.worker.impl.ConsumerWorkerImpl.pollLoop(ConsumerWorkerImpl.java:53)
	at java.base/java.lang.Thread.run(Thread.java:1583)
11:47:52.125 [Thread-4] ERROR com.charlessun.javaplcadapter.worker.impl.ConsumerWorkerImpl -- processingStrategy.process(record) 處理失敗: Processing failed
java.lang.RuntimeException: Processing failed
	at com.charlessun.javaplcadapter.worker.impl.ConsumerWorkerImpl.pollLoop(ConsumerWorkerImpl.java:53)
	at java.base/java.lang.Thread.run(Thread.java:1583)
11:47:52.125 [Thread-4] ERROR com.charlessun.javaplcadapter.worker.impl.ConsumerWorkerImpl -- processingStrategy.process(record) 處理失敗: Processing failed
java.lang.RuntimeException: Processing failed
	at com.charlessun.javaplcadapter.worker.impl.ConsumerWorkerImpl.pollLoop(ConsumerWorkerImpl.java:53)
	at java.base/java.lang.Thread.run(Thread.java:1583)
11:47:52.125 [Thread-4] ERROR com.charlessun.javaplcadapter.worker.impl.ConsumerWorkerImpl -- processingStrategy.process(record) 處理失敗: Processing failed
java.lang.RuntimeException: Processing failed
	at com.charlessun.javaplcadapter.worker.impl.ConsumerWorkerImpl.pollLoop(ConsumerWorkerImpl.java:53)
	at java.base/java.lang.Thread.run(Thread.java:1583)
11:47:52.125 [Thread-4] ERROR com.charlessun.javaplcadapter.worker.impl.ConsumerWorkerImpl -- processingStrategy.process(record) 處理失敗: Processing failed
java.lang.RuntimeException: Processing failed
	at com.charlessun.javaplcadapter.worker.impl.ConsumerWorkerImpl.pollLoop(ConsumerWorkerImpl.java:53)
	at java.base/java.lang.Thread.run(Thread.java:1583)
11:47:52.125 [Thread-4] ERROR com.charlessun.javaplcadapter.worker.impl.ConsumerWorkerImpl -- processingStrategy.process(record) 處理失敗: Processing failed
java.lang.RuntimeException: Processing failed
	at com.charlessun.javaplcadapter.worker.impl.ConsumerWorkerImpl.pollLoop(ConsumerWorkerImpl.java:53)
	at java.base/java.lang.Thread.run(Thread.java:1583)
11:47:52.125 [Thread-4] ERROR com.charlessun.javaplcadapter.worker.impl.ConsumerWorkerImpl -- processingStrategy.process(record) 處理失敗: Processing failed
java.lang.RuntimeException: Processing failed
	at com.charlessun.javaplcadapter.worker.impl.ConsumerWorkerImpl.pollLoop(ConsumerWorkerImpl.java:53)
	at java.base/java.lang.Thread.run(Thread.java:1583)
11:47:52.126 [Thread-4] ERROR com.charlessun.javaplcadapter.worker.impl.ConsumerWorkerImpl -- processingStrategy.process(record) 處理失敗: Processing failed
java.lang.RuntimeException: Processing failed
	at com.charlessun.javaplcadapter.worker.impl.ConsumerWorkerImpl.pollLoop(ConsumerWorkerImpl.java:53)
	at java.base/java.lang.Thread.run(Thread.java:1583)
11:47:52.126 [Thread-4] ERROR com.charlessun.javaplcadapter.worker.impl.ConsumerWorkerImpl -- processingStrategy.process(record) 處理失敗: Processing failed
java.lang.RuntimeException: Processing failed
	at com.charlessun.javaplcadapter.worker.impl.ConsumerWorkerImpl.pollLoop(ConsumerWorkerImpl.java:53)
	at java.base/java.lang.Thread.run(Thread.java:1583)
11:47:52.126 [Thread-4] ERROR com.charlessun.javaplcadapter.worker.impl.ConsumerWorkerImpl -- processingStrategy.process(record) 處理失敗: Processing failed
java.lang.RuntimeException: Processing failed
	at com.charlessun.javaplcadapter.worker.impl.ConsumerWorkerImpl.pollLoop(ConsumerWorkerImpl.java:53)
	at java.base/java.lang.Thread.run(Thread.java:1583)
11:47:52.126 [Thread-4] ERROR com.charlessun.javaplcadapter.worker.impl.ConsumerWorkerImpl -- processingStrategy.process(record) 處理失敗: Processing failed
java.lang.RuntimeException: Processing failed
	at com.charlessun.javaplcadapter.worker.impl.ConsumerWorkerImpl.pollLoop(ConsumerWorkerImpl.java:53)
	at java.base/java.lang.Thread.run(Thread.java:1583)
11:47:52.126 [Thread-4] ERROR com.charlessun.javaplcadapter.worker.impl.ConsumerWorkerImpl -- processingStrategy.process(record) 處理失敗: Processing failed
java.lang.RuntimeException: Processing failed
	at com.charlessun.javaplcadapter.worker.impl.ConsumerWorkerImpl.pollLoop(ConsumerWorkerImpl.java:53)
	at java.base/java.lang.Thread.run(Thread.java:1583)
11:47:52.126 [Thread-4] ERROR com.charlessun.javaplcadapter.worker.impl.ConsumerWorkerImpl -- processingStrategy.process(record) 處理失敗: Processing failed
java.lang.RuntimeException: Processing failed
	at com.charlessun.javaplcadapter.worker.impl.ConsumerWorkerImpl.pollLoop(ConsumerWorkerImpl.java:53)
	at java.base/java.lang.Thread.run(Thread.java:1583)
11:47:52.127 [Thread-4] ERROR com.charlessun.javaplcadapter.worker.impl.ConsumerWorkerImpl -- processingStrategy.process(record) 處理失敗: Processing failed
java.lang.RuntimeException: Processing failed
	at com.charlessun.javaplcadapter.worker.impl.ConsumerWorkerImpl.pollLoop(ConsumerWorkerImpl.java:53)
	at java.base/java.lang.Thread.run(Thread.java:1583)
11:47:52.127 [Thread-4] ERROR com.charlessun.javaplcadapter.worker.impl.ConsumerWorkerImpl -- processingStrategy.process(record) 處理失敗: Processing failed
java.lang.RuntimeException: Processing failed
	at com.charlessun.javaplcadapter.worker.impl.ConsumerWorkerImpl.pollLoop(ConsumerWorkerImpl.java:53)
	at java.base/java.lang.Thread.run(Thread.java:1583)
11:47:52.127 [Thread-4] ERROR com.charlessun.javaplcadapter.worker.impl.ConsumerWorkerImpl -- processingStrategy.process(record) 處理失敗: Processing failed
java.lang.RuntimeException: Processing failed
	at com.charlessun.javaplcadapter.worker.impl.ConsumerWorkerImpl.pollLoop(ConsumerWorkerImpl.java:53)
	at java.base/java.lang.Thread.run(Thread.java:1583)
11:47:52.127 [Thread-4] ERROR com.charlessun.javaplcadapter.worker.impl.ConsumerWorkerImpl -- processingStrategy.process(record) 處理失敗: Processing failed
java.lang.RuntimeException: Processing failed
	at com.charlessun.javaplcadapter.worker.impl.ConsumerWorkerImpl.pollLoop(ConsumerWorkerImpl.java:53)
	at java.base/java.lang.Thread.run(Thread.java:1583)
11:47:52.127 [Thread-4] ERROR com.charlessun.javaplcadapter.worker.impl.ConsumerWorkerImpl -- processingStrategy.process(record) 處理失敗: Processing failed
java.lang.RuntimeException: Processing failed
	at com.charlessun.javaplcadapter.worker.impl.ConsumerWorkerImpl.pollLoop(ConsumerWorkerImpl.java:53)
	at java.base/java.lang.Thread.run(Thread.java:1583)
11:47:52.127 [Thread-4] ERROR com.charlessun.javaplcadapter.worker.impl.ConsumerWorkerImpl -- processingStrategy.process(record) 處理失敗: Processing failed
java.lang.RuntimeException: Processing failed
	at com.charlessun.javaplcadapter.worker.impl.ConsumerWorkerImpl.pollLoop(ConsumerWorkerImpl.java:53)
	at java.base/java.lang.Thread.run(Thread.java:1583)
11:47:52.127 [Thread-4] ERROR com.charlessun.javaplcadapter.worker.impl.ConsumerWorkerImpl -- processingStrategy.process(record) 處理失敗: Processing failed
java.lang.RuntimeException: Processing failed
	at com.charlessun.javaplcadapter.worker.impl.ConsumerWorkerImpl.pollLoop(ConsumerWorkerImpl.java:53)
	at java.base/java.lang.Thread.run(Thread.java:1583)
11:47:52.127 [Thread-4] ERROR com.charlessun.javaplcadapter.worker.impl.ConsumerWorkerImpl -- processingStrategy.process(record) 處理失敗: Processing failed
java.lang.RuntimeException: Processing failed
	at com.charlessun.javaplcadapter.worker.impl.ConsumerWorkerImpl.pollLoop(ConsumerWorkerImpl.java:53)
	at java.base/java.lang.Thread.run(Thread.java:1583)
11:47:52.128 [Thread-4] ERROR com.charlessun.javaplcadapter.worker.impl.ConsumerWorkerImpl -- processingStrategy.process(record) 處理失敗: Processing failed
java.lang.RuntimeException: Processing failed
	at com.charlessun.javaplcadapter.worker.impl.ConsumerWorkerImpl.pollLoop(ConsumerWorkerImpl.java:53)
	at java.base/java.lang.Thread.run(Thread.java:1583)
11:47:52.128 [Thread-4] ERROR com.charlessun.javaplcadapter.worker.impl.ConsumerWorkerImpl -- processingStrategy.process(record) 處理失敗: Processing failed
java.lang.RuntimeException: Processing failed
	at com.charlessun.javaplcadapter.worker.impl.ConsumerWorkerImpl.pollLoop(ConsumerWorkerImpl.java:53)
	at java.base/java.lang.Thread.run(Thread.java:1583)
11:47:52.128 [Thread-4] ERROR com.charlessun.javaplcadapter.worker.impl.ConsumerWorkerImpl -- processingStrategy.process(record) 處理失敗: Processing failed
java.lang.RuntimeException: Processing failed
	at com.charlessun.javaplcadapter.worker.impl.ConsumerWorkerImpl.pollLoop(ConsumerWorkerImpl.java:53)
	at java.base/java.lang.Thread.run(Thread.java:1583)
11:47:52.128 [Thread-4] ERROR com.charlessun.javaplcadapter.worker.impl.ConsumerWorkerImpl -- processingStrategy.process(record) 處理失敗: Processing failed
java.lang.RuntimeException: Processing failed
	at com.charlessun.javaplcadapter.worker.impl.ConsumerWorkerImpl.pollLoop(ConsumerWorkerImpl.java:53)
	at java.base/java.lang.Thread.run(Thread.java:1583)
11:47:52.128 [Thread-4] ERROR com.charlessun.javaplcadapter.worker.impl.ConsumerWorkerImpl -- processingStrategy.process(record) 處理失敗: Processing failed
java.lang.RuntimeException: Processing failed
	at com.charlessun.javaplcadapter.worker.impl.ConsumerWorkerImpl.pollLoop(ConsumerWorkerImpl.java:53)
	at java.base/java.lang.Thread.run(Thread.java:1583)
11:47:52.128 [Thread-4] ERROR com.charlessun.javaplcadapter.worker.impl.ConsumerWorkerImpl -- processingStrategy.process(record) 處理失敗: Processing failed
java.lang.RuntimeException: Processing failed
	at com.charlessun.javaplcadapter.worker.impl.ConsumerWorkerImpl.pollLoop(ConsumerWorkerImpl.java:53)
	at java.base/java.lang.Thread.run(Thread.java:1583)
11:47:52.128 [Thread-4] ERROR com.charlessun.javaplcadapter.worker.impl.ConsumerWorkerImpl -- processingStrategy.process(record) 處理失敗: Processing failed
java.lang.RuntimeException: Processing failed
	at com.charlessun.javaplcadapter.worker.impl.ConsumerWorkerImpl.pollLoop(ConsumerWorkerImpl.java:53)
	at java.base/java.lang.Thread.run(Thread.java:1583)
11:47:52.136 [Thread-4] ERROR com.charlessun.javaplcadapter.worker.impl.ConsumerWorkerImpl -- processingStrategy.process(record) 處理失敗: Processing failed
java.lang.RuntimeException: Processing failed
	at com.charlessun.javaplcadapter.worker.impl.ConsumerWorkerImpl.pollLoop(ConsumerWorkerImpl.java:53)
	at java.base/java.lang.Thread.run(Thread.java:1583)
11:47:52.137 [Thread-4] ERROR com.charlessun.javaplcadapter.worker.impl.ConsumerWorkerImpl -- processingStrategy.process(record) 處理失敗: Processing failed
java.lang.RuntimeException: Processing failed
	at com.charlessun.javaplcadapter.worker.impl.ConsumerWorkerImpl.pollLoop(ConsumerWorkerImpl.java:53)
	at java.base/java.lang.Thread.run(Thread.java:1583)
11:47:52.138 [Thread-4] ERROR com.charlessun.javaplcadapter.worker.impl.ConsumerWorkerImpl -- processingStrategy.process(record) 處理失敗: Processing failed
java.lang.RuntimeException: Processing failed
	at com.charlessun.javaplcadapter.worker.impl.ConsumerWorkerImpl.pollLoop(ConsumerWorkerImpl.java:53)
	at java.base/java.lang.Thread.run(Thread.java:1583)
11:47:52.139 [Thread-4] ERROR com.charlessun.javaplcadapter.worker.impl.ConsumerWorkerImpl -- processingStrategy.process(record) 處理失敗: Processing failed
java.lang.RuntimeException: Processing failed
	at com.charlessun.javaplcadapter.worker.impl.ConsumerWorkerImpl.pollLoop(ConsumerWorkerImpl.java:53)
	at java.base/java.lang.Thread.run(Thread.java:1583)
11:47:52.139 [Thread-4] ERROR com.charlessun.javaplcadapter.worker.impl.ConsumerWorkerImpl -- processingStrategy.process(record) 處理失敗: Processing failed
java.lang.RuntimeException: Processing failed
	at com.charlessun.javaplcadapter.worker.impl.ConsumerWorkerImpl.pollLoop(ConsumerWorkerImpl.java:53)
	at java.base/java.lang.Thread.run(Thread.java:1583)
11:47:52.139 [Thread-4] ERROR com.charlessun.javaplcadapter.worker.impl.ConsumerWorkerImpl -- processingStrategy.process(record) 處理失敗: Processing failed
java.lang.RuntimeException: Processing failed
	at com.charlessun.javaplcadapter.worker.impl.ConsumerWorkerImpl.pollLoop(ConsumerWorkerImpl.java:53)
	at java.base/java.lang.Thread.run(Thread.java:1583)
11:47:52.139 [Thread-4] ERROR com.charlessun.javaplcadapter.worker.impl.ConsumerWorkerImpl -- processingStrategy.process(record) 處理失敗: Processing failed
java.lang.RuntimeException: Processing failed
	at com.charlessun.javaplcadapter.worker.impl.ConsumerWorkerImpl.pollLoop(ConsumerWorkerImpl.java:53)
	at java.base/java.lang.Thread.run(Thread.java:1583)
11:47:52.139 [Thread-4] ERROR com.charlessun.javaplcadapter.worker.impl.ConsumerWorkerImpl -- processingStrategy.process(record) 處理失敗: Processing failed
java.lang.RuntimeException: Processing failed
	at com.charlessun.javaplcadapter.worker.impl.ConsumerWorkerImpl.pollLoop(ConsumerWorkerImpl.java:53)
	at java.base/java.lang.Thread.run(Thread.java:1583)
11:47:52.140 [Thread-4] ERROR com.charlessun.javaplcadapter.worker.impl.ConsumerWorkerImpl -- processingStrategy.process(record) 處理失敗: Processing failed
java.lang.RuntimeException: Processing failed
	at com.charlessun.javaplcadapter.worker.impl.ConsumerWorkerImpl.pollLoop(ConsumerWorkerImpl.java:53)
	at java.base/java.lang.Thread.run(Thread.java:1583)
11:47:52.140 [Thread-4] ERROR com.charlessun.javaplcadapter.worker.impl.ConsumerWorkerImpl -- processingStrategy.process(record) 處理失敗: Processing failed
java.lang.RuntimeException: Processing failed
	at com.charlessun.javaplcadapter.worker.impl.ConsumerWorkerImpl.pollLoop(ConsumerWorkerImpl.java:53)
	at java.base/java.lang.Thread.run(Thread.java:1583)
11:47:52.140 [Thread-4] ERROR com.charlessun.javaplcadapter.worker.impl.ConsumerWorkerImpl -- processingStrategy.process(record) 處理失敗: Processing failed
java.lang.RuntimeException: Processing failed
	at com.charlessun.javaplcadapter.worker.impl.ConsumerWorkerImpl.pollLoop(ConsumerWorkerImpl.java:53)
	at java.base/java.lang.Thread.run(Thread.java:1583)
11:47:52.140 [Thread-4] ERROR com.charlessun.javaplcadapter.worker.impl.ConsumerWorkerImpl -- processingStrategy.process(record) 處理失敗: Processing failed
java.lang.RuntimeException: Processing failed
	at com.charlessun.javaplcadapter.worker.impl.ConsumerWorkerImpl.pollLoop(ConsumerWorkerImpl.java:53)
	at java.base/java.lang.Thread.run(Thread.java:1583)
11:47:52.140 [Thread-4] ERROR com.charlessun.javaplcadapter.worker.impl.ConsumerWorkerImpl -- processingStrategy.process(record) 處理失敗: Processing failed
java.lang.RuntimeException: Processing failed
	at com.charlessun.javaplcadapter.worker.impl.ConsumerWorkerImpl.pollLoop(ConsumerWorkerImpl.java:53)
	at java.base/java.lang.Thread.run(Thread.java:1583)
11:47:52.141 [Thread-4] ERROR com.charlessun.javaplcadapter.worker.impl.ConsumerWorkerImpl -- processingStrategy.process(record) 處理失敗: Processing failed
java.lang.RuntimeException: Processing failed
	at com.charlessun.javaplcadapter.worker.impl.ConsumerWorkerImpl.pollLoop(ConsumerWorkerImpl.java:53)
	at java.base/java.lang.Thread.run(Thread.java:1583)
11:47:52.141 [Thread-4] ERROR com.charlessun.javaplcadapter.worker.impl.ConsumerWorkerImpl -- processingStrategy.process(record) 處理失敗: Processing failed
java.lang.RuntimeException: Processing failed
	at com.charlessun.javaplcadapter.worker.impl.ConsumerWorkerImpl.pollLoop(ConsumerWorkerImpl.java:53)
	at java.base/java.lang.Thread.run(Thread.java:1583)
11:47:52.141 [Thread-4] ERROR com.charlessun.javaplcadapter.worker.impl.ConsumerWorkerImpl -- processingStrategy.process(record) 處理失敗: Processing failed
java.lang.RuntimeException: Processing failed
	at com.charlessun.javaplcadapter.worker.impl.ConsumerWorkerImpl.pollLoop(ConsumerWorkerImpl.java:53)
	at java.base/java.lang.Thread.run(Thread.java:1583)
11:47:52.141 [Thread-4] ERROR com.charlessun.javaplcadapter.worker.impl.ConsumerWorkerImpl -- processingStrategy.process(record) 處理失敗: Processing failed
java.lang.RuntimeException: Processing failed
	at com.charlessun.javaplcadapter.worker.impl.ConsumerWorkerImpl.pollLoop(ConsumerWorkerImpl.java:53)
	at java.base/java.lang.Thread.run(Thread.java:1583)
11:47:52.141 [Thread-4] ERROR com.charlessun.javaplcadapter.worker.impl.ConsumerWorkerImpl -- processingStrategy.process(record) 處理失敗: Processing failed
java.lang.RuntimeException: Processing failed
	at com.charlessun.javaplcadapter.worker.impl.ConsumerWorkerImpl.pollLoop(ConsumerWorkerImpl.java:53)
	at java.base/java.lang.Thread.run(Thread.java:1583)
11:47:52.141 [Thread-4] ERROR com.charlessun.javaplcadapter.worker.impl.ConsumerWorkerImpl -- processingStrategy.process(record) 處理失敗: Processing failed
java.lang.RuntimeException: Processing failed
	at com.charlessun.javaplcadapter.worker.impl.ConsumerWorkerImpl.pollLoop(ConsumerWorkerImpl.java:53)
	at java.base/java.lang.Thread.run(Thread.java:1583)
11:47:52.142 [Thread-4] ERROR com.charlessun.javaplcadapter.worker.impl.ConsumerWorkerImpl -- processingStrategy.process(record) 處理失敗: Processing failed
java.lang.RuntimeException: Processing failed
	at com.charlessun.javaplcadapter.worker.impl.ConsumerWorkerImpl.pollLoop(ConsumerWorkerImpl.java:53)
	at java.base/java.lang.Thread.run(Thread.java:1583)
11:47:52.142 [Thread-4] ERROR com.charlessun.javaplcadapter.worker.impl.ConsumerWorkerImpl -- processingStrategy.process(record) 處理失敗: Processing failed
java.lang.RuntimeException: Processing failed
	at com.charlessun.javaplcadapter.worker.impl.ConsumerWorkerImpl.pollLoop(ConsumerWorkerImpl.java:53)
	at java.base/java.lang.Thread.run(Thread.java:1583)
11:47:52.142 [Thread-4] ERROR com.charlessun.javaplcadapter.worker.impl.ConsumerWorkerImpl -- processingStrategy.process(record) 處理失敗: Processing failed
java.lang.RuntimeException: Processing failed
	at com.charlessun.javaplcadapter.worker.impl.ConsumerWorkerImpl.pollLoop(ConsumerWorkerImpl.java:53)
	at java.base/java.lang.Thread.run(Thread.java:1583)
11:47:52.142 [Thread-4] ERROR com.charlessun.javaplcadapter.worker.impl.ConsumerWorkerImpl -- processingStrategy.process(record) 處理失敗: Processing failed
java.lang.RuntimeException: Processing failed
	at com.charlessun.javaplcadapter.worker.impl.ConsumerWorkerImpl.pollLoop(ConsumerWorkerImpl.java:53)
	at java.base/java.lang.Thread.run(Thread.java:1583)
11:47:52.142 [Thread-4] ERROR com.charlessun.javaplcadapter.worker.impl.ConsumerWorkerImpl -- processingStrategy.process(record) 處理失敗: Processing failed
java.lang.RuntimeException: Processing failed
	at com.charlessun.javaplcadapter.worker.impl.ConsumerWorkerImpl.pollLoop(ConsumerWorkerImpl.java:53)
	at java.base/java.lang.Thread.run(Thread.java:1583)
11:47:52.142 [Thread-4] ERROR com.charlessun.javaplcadapter.worker.impl.ConsumerWorkerImpl -- processingStrategy.process(record) 處理失敗: Processing failed
java.lang.RuntimeException: Processing failed
	at com.charlessun.javaplcadapter.worker.impl.ConsumerWorkerImpl.pollLoop(ConsumerWorkerImpl.java:53)
	at java.base/java.lang.Thread.run(Thread.java:1583)
11:47:52.143 [Thread-4] ERROR com.charlessun.javaplcadapter.worker.impl.ConsumerWorkerImpl -- processingStrategy.process(record) 處理失敗: Processing failed
java.lang.RuntimeException: Processing failed
	at com.charlessun.javaplcadapter.worker.impl.ConsumerWorkerImpl.pollLoop(ConsumerWorkerImpl.java:53)
	at java.base/java.lang.Thread.run(Thread.java:1583)
11:47:52.143 [Thread-4] ERROR com.charlessun.javaplcadapter.worker.impl.ConsumerWorkerImpl -- processingStrategy.process(record) 處理失敗: Processing failed
java.lang.RuntimeException: Processing failed
	at com.charlessun.javaplcadapter.worker.impl.ConsumerWorkerImpl.pollLoop(ConsumerWorkerImpl.java:53)
	at java.base/java.lang.Thread.run(Thread.java:1583)
11:47:52.143 [Thread-4] ERROR com.charlessun.javaplcadapter.worker.impl.ConsumerWorkerImpl -- processingStrategy.process(record) 處理失敗: Processing failed
java.lang.RuntimeException: Processing failed
	at com.charlessun.javaplcadapter.worker.impl.ConsumerWorkerImpl.pollLoop(ConsumerWorkerImpl.java:53)
	at java.base/java.lang.Thread.run(Thread.java:1583)
11:47:52.143 [Thread-4] ERROR com.charlessun.javaplcadapter.worker.impl.ConsumerWorkerImpl -- processingStrategy.process(record) 處理失敗: Processing failed
java.lang.RuntimeException: Processing failed
	at com.charlessun.javaplcadapter.worker.impl.ConsumerWorkerImpl.pollLoop(ConsumerWorkerImpl.java:53)
	at java.base/java.lang.Thread.run(Thread.java:1583)
11:47:52.143 [Thread-4] ERROR com.charlessun.javaplcadapter.worker.impl.ConsumerWorkerImpl -- processingStrategy.process(record) 處理失敗: Processing failed
java.lang.RuntimeException: Processing failed
	at com.charlessun.javaplcadapter.worker.impl.ConsumerWorkerImpl.pollLoop(ConsumerWorkerImpl.java:53)
	at java.base/java.lang.Thread.run(Thread.java:1583)
11:47:52.143 [Thread-4] ERROR com.charlessun.javaplcadapter.worker.impl.ConsumerWorkerImpl -- processingStrategy.process(record) 處理失敗: Processing failed
java.lang.RuntimeException: Processing failed
	at com.charlessun.javaplcadapter.worker.impl.ConsumerWorkerImpl.pollLoop(ConsumerWorkerImpl.java:53)
	at java.base/java.lang.Thread.run(Thread.java:1583)
11:47:52.143 [Thread-4] ERROR com.charlessun.javaplcadapter.worker.impl.ConsumerWorkerImpl -- processingStrategy.process(record) 處理失敗: Processing failed
java.lang.RuntimeException: Processing failed
	at com.charlessun.javaplcadapter.worker.impl.ConsumerWorkerImpl.pollLoop(ConsumerWorkerImpl.java:53)
	at java.base/java.lang.Thread.run(Thread.java:1583)
11:47:52.143 [Thread-4] ERROR com.charlessun.javaplcadapter.worker.impl.ConsumerWorkerImpl -- processingStrategy.process(record) 處理失敗: Processing failed
java.lang.RuntimeException: Processing failed
	at com.charlessun.javaplcadapter.worker.impl.ConsumerWorkerImpl.pollLoop(ConsumerWorkerImpl.java:53)
	at java.base/java.lang.Thread.run(Thread.java:1583)
11:47:52.144 [Thread-4] ERROR com.charlessun.javaplcadapter.worker.impl.ConsumerWorkerImpl -- processingStrategy.process(record) 處理失敗: Processing failed
java.lang.RuntimeException: Processing failed
	at com.charlessun.javaplcadapter.worker.impl.ConsumerWorkerImpl.pollLoop(ConsumerWorkerImpl.java:53)
	at java.base/java.lang.Thread.run(Thread.java:1583)
11:47:52.144 [Thread-4] ERROR com.charlessun.javaplcadapter.worker.impl.ConsumerWorkerImpl -- processingStrategy.process(record) 處理失敗: Processing failed
java.lang.RuntimeException: Processing failed
	at com.charlessun.javaplcadapter.worker.impl.ConsumerWorkerImpl.pollLoop(ConsumerWorkerImpl.java:53)
	at java.base/java.lang.Thread.run(Thread.java:1583)
11:47:52.144 [Thread-4] ERROR com.charlessun.javaplcadapter.worker.impl.ConsumerWorkerImpl -- processingStrategy.process(record) 處理失敗: Processing failed
java.lang.RuntimeException: Processing failed
	at com.charlessun.javaplcadapter.worker.impl.ConsumerWorkerImpl.pollLoop(ConsumerWorkerImpl.java:53)
	at java.base/java.lang.Thread.run(Thread.java:1583)
11:47:52.144 [Thread-4] ERROR com.charlessun.javaplcadapter.worker.impl.ConsumerWorkerImpl -- processingStrategy.process(record) 處理失敗: Processing failed
java.lang.RuntimeException: Processing failed
	at com.charlessun.javaplcadapter.worker.impl.ConsumerWorkerImpl.pollLoop(ConsumerWorkerImpl.java:53)
	at java.base/java.lang.Thread.run(Thread.java:1583)
11:47:52.144 [Thread-4] ERROR com.charlessun.javaplcadapter.worker.impl.ConsumerWorkerImpl -- processingStrategy.process(record) 處理失敗: Processing failed
java.lang.RuntimeException: Processing failed
	at com.charlessun.javaplcadapter.worker.impl.ConsumerWorkerImpl.pollLoop(ConsumerWorkerImpl.java:53)
	at java.base/java.lang.Thread.run(Thread.java:1583)
11:47:52.144 [Thread-4] ERROR com.charlessun.javaplcadapter.worker.impl.ConsumerWorkerImpl -- processingStrategy.process(record) 處理失敗: Processing failed
java.lang.RuntimeException: Processing failed
	at com.charlessun.javaplcadapter.worker.impl.ConsumerWorkerImpl.pollLoop(ConsumerWorkerImpl.java:53)
	at java.base/java.lang.Thread.run(Thread.java:1583)
11:47:52.144 [Thread-4] ERROR com.charlessun.javaplcadapter.worker.impl.ConsumerWorkerImpl -- processingStrategy.process(record) 處理失敗: Processing failed
java.lang.RuntimeException: Processing failed
	at com.charlessun.javaplcadapter.worker.impl.ConsumerWorkerImpl.pollLoop(ConsumerWorkerImpl.java:53)
	at java.base/java.lang.Thread.run(Thread.java:1583)
11:47:52.145 [Thread-4] ERROR com.charlessun.javaplcadapter.worker.impl.ConsumerWorkerImpl -- processingStrategy.process(record) 處理失敗: Processing failed
java.lang.RuntimeException: Processing failed
	at com.charlessun.javaplcadapter.worker.impl.ConsumerWorkerImpl.pollLoop(ConsumerWorkerImpl.java:53)
	at java.base/java.lang.Thread.run(Thread.java:1583)
11:47:52.145 [Thread-4] ERROR com.charlessun.javaplcadapter.worker.impl.ConsumerWorkerImpl -- processingStrategy.process(record) 處理失敗: Processing failed
java.lang.RuntimeException: Processing failed
	at com.charlessun.javaplcadapter.worker.impl.ConsumerWorkerImpl.pollLoop(ConsumerWorkerImpl.java:53)
	at java.base/java.lang.Thread.run(Thread.java:1583)
11:47:52.145 [Thread-4] ERROR com.charlessun.javaplcadapter.worker.impl.ConsumerWorkerImpl -- processingStrategy.process(record) 處理失敗: Processing failed
java.lang.RuntimeException: Processing failed
	at com.charlessun.javaplcadapter.worker.impl.ConsumerWorkerImpl.pollLoop(ConsumerWorkerImpl.java:53)
	at java.base/java.lang.Thread.run(Thread.java:1583)
11:47:52.145 [Thread-4] ERROR com.charlessun.javaplcadapter.worker.impl.ConsumerWorkerImpl -- processingStrategy.process(record) 處理失敗: Processing failed
java.lang.RuntimeException: Processing failed
	at com.charlessun.javaplcadapter.worker.impl.ConsumerWorkerImpl.pollLoop(ConsumerWorkerImpl.java:53)
	at java.base/java.lang.Thread.run(Thread.java:1583)
11:47:52.145 [Thread-4] ERROR com.charlessun.javaplcadapter.worker.impl.ConsumerWorkerImpl -- processingStrategy.process(record) 處理失敗: Processing failed
java.lang.RuntimeException: Processing failed
	at com.charlessun.javaplcadapter.worker.impl.ConsumerWorkerImpl.pollLoop(ConsumerWorkerImpl.java:53)
	at java.base/java.lang.Thread.run(Thread.java:1583)
11:47:52.145 [Thread-4] ERROR com.charlessun.javaplcadapter.worker.impl.ConsumerWorkerImpl -- processingStrategy.process(record) 處理失敗: Processing failed
java.lang.RuntimeException: Processing failed
	at com.charlessun.javaplcadapter.worker.impl.ConsumerWorkerImpl.pollLoop(ConsumerWorkerImpl.java:53)
	at java.base/java.lang.Thread.run(Thread.java:1583)
11:47:52.145 [Thread-4] ERROR com.charlessun.javaplcadapter.worker.impl.ConsumerWorkerImpl -- processingStrategy.process(record) 處理失敗: Processing failed
java.lang.RuntimeException: Processing failed
	at com.charlessun.javaplcadapter.worker.impl.ConsumerWorkerImpl.pollLoop(ConsumerWorkerImpl.java:53)
	at java.base/java.lang.Thread.run(Thread.java:1583)
11:47:52.145 [Thread-4] ERROR com.charlessun.javaplcadapter.worker.impl.ConsumerWorkerImpl -- processingStrategy.process(record) 處理失敗: Processing failed
java.lang.RuntimeException: Processing failed
	at com.charlessun.javaplcadapter.worker.impl.ConsumerWorkerImpl.pollLoop(ConsumerWorkerImpl.java:53)
	at java.base/java.lang.Thread.run(Thread.java:1583)
11:47:52.146 [Thread-4] ERROR com.charlessun.javaplcadapter.worker.impl.ConsumerWorkerImpl -- processingStrategy.process(record) 處理失敗: Processing failed
java.lang.RuntimeException: Processing failed
	at com.charlessun.javaplcadapter.worker.impl.ConsumerWorkerImpl.pollLoop(ConsumerWorkerImpl.java:53)
	at java.base/java.lang.Thread.run(Thread.java:1583)
11:47:52.146 [Thread-4] ERROR com.charlessun.javaplcadapter.worker.impl.ConsumerWorkerImpl -- processingStrategy.process(record) 處理失敗: Processing failed
java.lang.RuntimeException: Processing failed
	at com.charlessun.javaplcadapter.worker.impl.ConsumerWorkerImpl.pollLoop(ConsumerWorkerImpl.java:53)
	at java.base/java.lang.Thread.run(Thread.java:1583)
11:47:52.146 [Thread-4] ERROR com.charlessun.javaplcadapter.worker.impl.ConsumerWorkerImpl -- processingStrategy.process(record) 處理失敗: Processing failed
java.lang.RuntimeException: Processing failed
	at com.charlessun.javaplcadapter.worker.impl.ConsumerWorkerImpl.pollLoop(ConsumerWorkerImpl.java:53)
	at java.base/java.lang.Thread.run(Thread.java:1583)
11:47:52.146 [Thread-4] ERROR com.charlessun.javaplcadapter.worker.impl.ConsumerWorkerImpl -- processingStrategy.process(record) 處理失敗: Processing failed
java.lang.RuntimeException: Processing failed
	at com.charlessun.javaplcadapter.worker.impl.ConsumerWorkerImpl.pollLoop(ConsumerWorkerImpl.java:53)
	at java.base/java.lang.Thread.run(Thread.java:1583)
11:47:52.146 [Thread-4] ERROR com.charlessun.javaplcadapter.worker.impl.ConsumerWorkerImpl -- processingStrategy.process(record) 處理失敗: Processing failed
java.lang.RuntimeException: Processing failed
	at com.charlessun.javaplcadapter.worker.impl.ConsumerWorkerImpl.pollLoop(ConsumerWorkerImpl.java:53)
	at java.base/java.lang.Thread.run(Thread.java:1583)
11:47:52.147 [Thread-4] ERROR com.charlessun.javaplcadapter.worker.impl.ConsumerWorkerImpl -- processingStrategy.process(record) 處理失敗: Processing failed
java.lang.RuntimeException: Processing failed
	at com.charlessun.javaplcadapter.worker.impl.ConsumerWorkerImpl.pollLoop(ConsumerWorkerImpl.java:53)
	at java.base/java.lang.Thread.run(Thread.java:1583)
11:47:52.147 [Thread-4] ERROR com.charlessun.javaplcadapter.worker.impl.ConsumerWorkerImpl -- processingStrategy.process(record) 處理失敗: Processing failed
java.lang.RuntimeException: Processing failed
	at com.charlessun.javaplcadapter.worker.impl.ConsumerWorkerImpl.pollLoop(ConsumerWorkerImpl.java:53)
	at java.base/java.lang.Thread.run(Thread.java:1583)
11:47:52.147 [Thread-4] ERROR com.charlessun.javaplcadapter.worker.impl.ConsumerWorkerImpl -- processingStrategy.process(record) 處理失敗: Processing failed
java.lang.RuntimeException: Processing failed
	at com.charlessun.javaplcadapter.worker.impl.ConsumerWorkerImpl.pollLoop(ConsumerWorkerImpl.java:53)
	at java.base/java.lang.Thread.run(Thread.java:1583)
11:47:52.147 [Thread-4] ERROR com.charlessun.javaplcadapter.worker.impl.ConsumerWorkerImpl -- processingStrategy.process(record) 處理失敗: Processing failed
java.lang.RuntimeException: Processing failed
	at com.charlessun.javaplcadapter.worker.impl.ConsumerWorkerImpl.pollLoop(ConsumerWorkerImpl.java:53)
	at java.base/java.lang.Thread.run(Thread.java:1583)
11:47:52.147 [Thread-4] ERROR com.charlessun.javaplcadapter.worker.impl.ConsumerWorkerImpl -- processingStrategy.process(record) 處理失敗: Processing failed
java.lang.RuntimeException: Processing failed
	at com.charlessun.javaplcadapter.worker.impl.ConsumerWorkerImpl.pollLoop(ConsumerWorkerImpl.java:53)
	at java.base/java.lang.Thread.run(Thread.java:1583)
11:47:52.148 [Thread-4] ERROR com.charlessun.javaplcadapter.worker.impl.ConsumerWorkerImpl -- processingStrategy.process(record) 處理失敗: Processing failed
java.lang.RuntimeException: Processing failed
	at com.charlessun.javaplcadapter.worker.impl.ConsumerWorkerImpl.pollLoop(ConsumerWorkerImpl.java:53)
	at java.base/java.lang.Thread.run(Thread.java:1583)
11:47:52.149 [Thread-4] ERROR com.charlessun.javaplcadapter.worker.impl.ConsumerWorkerImpl -- processingStrategy.process(record) 處理失敗: Processing failed
java.lang.RuntimeException: Processing failed
	at com.charlessun.javaplcadapter.worker.impl.ConsumerWorkerImpl.pollLoop(ConsumerWorkerImpl.java:53)
	at java.base/java.lang.Thread.run(Thread.java:1583)
]]></system-out>
  </testcase>
  <testcase name="testWorkerPollsAndProcessesRecords" classname="com.charlessun.javaplcadapter.worker.ConsumerWorkerTest" time="0.577"/>
</testsuite>