<?xml version="1.0" encoding="UTF-8"?>
<testsuite xmlns:xsi="http://www.w3.org/2001/XMLSchema-instance" xsi:noNamespaceSchemaLocation="https://maven.apache.org/surefire/maven-surefire-plugin/xsd/surefire-test-report-3.0.xsd" version="3.0" name="com.charlessun.javaplcadapter.worker.ConsumerWorkerTest" time="1.293" tests="2" errors="0" skipped="0" failures="0">
  <properties>
    <property name="java.specification.version" value="21"/>
    <property name="sun.cpu.isalist" value="amd64"/>
    <property name="sun.jnu.encoding" value="MS950"/>
    <property name="java.class.path" value="C:\java\java_plc_kafka_adapter\target\test-classes;C:\java\java_plc_kafka_adapter\target\classes;C:\Users\Administrator\.m2\repository\org\springframework\boot\spring-boot-starter\3.3.4\spring-boot-starter-3.3.4.jar;C:\Users\Administrator\.m2\repository\org\springframework\boot\spring-boot\3.3.4\spring-boot-3.3.4.jar;C:\Users\Administrator\.m2\repository\org\springframework\boot\spring-boot-autoconfigure\3.3.4\spring-boot-autoconfigure-3.3.4.jar;C:\Users\Administrator\.m2\repository\org\springframework\boot\spring-boot-starter-logging\3.3.4\spring-boot-starter-logging-3.3.4.jar;C:\Users\Administrator\.m2\repository\org\apache\logging\log4j\log4j-to-slf4j\2.23.1\log4j-to-slf4j-2.23.1.jar;C:\Users\Administrator\.m2\repository\org\apache\logging\log4j\log4j-api\2.23.1\log4j-api-2.23.1.jar;C:\Users\Administrator\.m2\repository\org\slf4j\jul-to-slf4j\2.0.16\jul-to-slf4j-2.0.16.jar;C:\Users\Administrator\.m2\repository\jakarta\annotation\jakarta.annotation-api\2.1.1\jakarta.annotation-api-2.1.1.jar;C:\Users\Administrator\.m2\repository\org\springframework\spring-core\6.1.13\spring-core-6.1.13.jar;C:\Users\Administrator\.m2\repository\org\springframework\spring-jcl\6.1.13\spring-jcl-6.1.13.jar;C:\Users\Administrator\.m2\repository\org\yaml\snakeyaml\2.2\snakeyaml-2.2.jar;C:\Users\Administrator\.m2\repository\org\springframework\kafka\spring-kafka\3.3.4\spring-kafka-3.3.4.jar;C:\Users\Administrator\.m2\repository\org\springframework\spring-context\6.2.4\spring-context-6.2.4.jar;C:\Users\Administrator\.m2\repository\org\springframework\spring-aop\6.2.4\spring-aop-6.2.4.jar;C:\Users\Administrator\.m2\repository\org\springframework\spring-beans\6.2.4\spring-beans-6.2.4.jar;C:\Users\Administrator\.m2\repository\org\springframework\spring-expression\6.2.4\spring-expression-6.2.4.jar;C:\Users\Administrator\.m2\repository\org\springframework\spring-messaging\6.2.4\spring-messaging-6.2.4.jar;C:\Users\Administrator\.m2\repository\org\springframework\spring-tx\6.2.4\spring-tx-6.2.4.jar;C:\Users\Administrator\.m2\repository\org\springframework\retry\spring-retry\2.0.11\spring-retry-2.0.11.jar;C:\Users\Administrator\.m2\repository\org\apache\kafka\kafka-clients\3.8.1\kafka-clients-3.8.1.jar;C:\Users\Administrator\.m2\repository\com\github\luben\zstd-jni\1.5.6-4\zstd-jni-1.5.6-4.jar;C:\Users\Administrator\.m2\repository\org\lz4\lz4-java\1.8.0\lz4-java-1.8.0.jar;C:\Users\Administrator\.m2\repository\org\xerial\snappy\snappy-java\1.1.10.5\snappy-java-1.1.10.5.jar;C:\Users\Administrator\.m2\repository\io\micrometer\micrometer-observation\1.14.5\micrometer-observation-1.14.5.jar;C:\Users\Administrator\.m2\repository\io\micrometer\micrometer-commons\1.14.5\micrometer-commons-1.14.5.jar;C:\Users\Administrator\.m2\repository\org\projectlombok\lombok\1.18.34\lombok-1.18.34.jar;C:\Users\Administrator\.m2\repository\org\springframework\boot\spring-boot-starter-test\3.3.4\spring-boot-starter-test-3.3.4.jar;C:\Users\Administrator\.m2\repository\org\springframework\boot\spring-boot-test\3.3.4\spring-boot-test-3.3.4.jar;C:\Users\Administrator\.m2\repository\org\springframework\boot\spring-boot-test-autoconfigure\3.3.4\spring-boot-test-autoconfigure-3.3.4.jar;C:\Users\Administrator\.m2\repository\com\jayway\jsonpath\json-path\2.9.0\json-path-2.9.0.jar;C:\Users\Administrator\.m2\repository\jakarta\xml\bind\jakarta.xml.bind-api\4.0.2\jakarta.xml.bind-api-4.0.2.jar;C:\Users\Administrator\.m2\repository\jakarta\activation\jakarta.activation-api\2.1.3\jakarta.activation-api-2.1.3.jar;C:\Users\Administrator\.m2\repository\net\minidev\json-smart\2.5.1\json-smart-2.5.1.jar;C:\Users\Administrator\.m2\repository\net\minidev\accessors-smart\2.5.1\accessors-smart-2.5.1.jar;C:\Users\Administrator\.m2\repository\org\ow2\asm\asm\9.6\asm-9.6.jar;C:\Users\Administrator\.m2\repository\org\assertj\assertj-core\3.25.3\assertj-core-3.25.3.jar;C:\Users\Administrator\.m2\repository\net\bytebuddy\byte-buddy\1.14.11\byte-buddy-1.14.11.jar;C:\Users\Administrator\.m2\repository\org\awaitility\awaitility\4.2.2\awaitility-4.2.2.jar;C:\Users\Administrator\.m2\repository\org\hamcrest\hamcrest\2.2\hamcrest-2.2.jar;C:\Users\Administrator\.m2\repository\org\mockito\mockito-core\5.11.0\mockito-core-5.11.0.jar;C:\Users\Administrator\.m2\repository\net\bytebuddy\byte-buddy-agent\1.14.12\byte-buddy-agent-1.14.12.jar;C:\Users\Administrator\.m2\repository\org\objenesis\objenesis\3.3\objenesis-3.3.jar;C:\Users\Administrator\.m2\repository\org\skyscreamer\jsonassert\1.5.3\jsonassert-1.5.3.jar;C:\Users\Administrator\.m2\repository\com\vaadin\external\google\android-json\0.0.20131108.vaadin1\android-json-0.0.20131108.vaadin1.jar;C:\Users\Administrator\.m2\repository\org\springframework\spring-test\6.1.13\spring-test-6.1.13.jar;C:\Users\Administrator\.m2\repository\org\xmlunit\xmlunit-core\2.9.1\xmlunit-core-2.9.1.jar;C:\Users\Administrator\.m2\repository\org\junit\jupiter\junit-jupiter\5.11.0\junit-jupiter-5.11.0.jar;C:\Users\Administrator\.m2\repository\org\junit\jupiter\junit-jupiter-api\5.11.0\junit-jupiter-api-5.11.0.jar;C:\Users\Administrator\.m2\repository\org\opentest4j\opentest4j\1.3.0\opentest4j-1.3.0.jar;C:\Users\Administrator\.m2\repository\org\junit\platform\junit-platform-commons\1.11.0\junit-platform-commons-1.11.0.jar;C:\Users\Administrator\.m2\repository\org\apiguardian\apiguardian-api\1.1.2\apiguardian-api-1.1.2.jar;C:\Users\Administrator\.m2\repository\org\junit\jupiter\junit-jupiter-params\5.11.0\junit-jupiter-params-5.11.0.jar;C:\Users\Administrator\.m2\repository\org\junit\jupiter\junit-jupiter-engine\5.11.0\junit-jupiter-engine-5.11.0.jar;C:\Users\Administrator\.m2\repository\org\junit\platform\junit-platform-engine\1.11.0\junit-platform-engine-1.11.0.jar;C:\Users\Administrator\.m2\repository\org\mockito\mockito-junit-jupiter\5.13.0\mockito-junit-jupiter-5.13.0.jar;C:\Users\Administrator\.m2\repository\org\slf4j\slf4j-api\2.0.9\slf4j-api-2.0.9.jar;C:\Users\Administrator\.m2\repository\ch\qos\logback\logback-classic\1.4.11\logback-classic-1.4.11.jar;C:\Users\Administrator\.m2\repository\ch\qos\logback\logback-core\1.4.11\logback-core-1.4.11.jar;"/>
    <property name="java.vm.vendor" value="Oracle Corporation"/>
    <property name="sun.arch.data.model" value="64"/>
    <property name="user.variant" value=""/>
    <property name="java.vendor.url" value="https://java.oracle.com/"/>
    <property name="user.timezone" value="Asia/Taipei"/>
    <property name="os.name" value="Windows 10"/>
    <property name="java.vm.specification.version" value="21"/>
    <property name="sun.java.launcher" value="SUN_STANDARD"/>
    <property name="user.country" value="TW"/>
    <property name="sun.boot.library.path" value="C:\Program Files\Java\jdk-21\bin"/>
    <property name="sun.java.command" value="C:\Users\Administrator\AppData\Local\Temp\surefire14540700052802888917\surefirebooter-20251009110104840_3.jar C:\Users\Administrator\AppData\Local\Temp\surefire14540700052802888917 2025-10-09T11-01-04_698-jvmRun1 surefire-20251009110104840_1tmp surefire_0-20251009110104840_2tmp"/>
    <property name="jdk.debug" value="release"/>
    <property name="surefire.test.class.path" value="C:\java\java_plc_kafka_adapter\target\test-classes;C:\java\java_plc_kafka_adapter\target\classes;C:\Users\Administrator\.m2\repository\org\springframework\boot\spring-boot-starter\3.3.4\spring-boot-starter-3.3.4.jar;C:\Users\Administrator\.m2\repository\org\springframework\boot\spring-boot\3.3.4\spring-boot-3.3.4.jar;C:\Users\Administrator\.m2\repository\org\springframework\boot\spring-boot-autoconfigure\3.3.4\spring-boot-autoconfigure-3.3.4.jar;C:\Users\Administrator\.m2\repository\org\springframework\boot\spring-boot-starter-logging\3.3.4\spring-boot-starter-logging-3.3.4.jar;C:\Users\Administrator\.m2\repository\org\apache\logging\log4j\log4j-to-slf4j\2.23.1\log4j-to-slf4j-2.23.1.jar;C:\Users\Administrator\.m2\repository\org\apache\logging\log4j\log4j-api\2.23.1\log4j-api-2.23.1.jar;C:\Users\Administrator\.m2\repository\org\slf4j\jul-to-slf4j\2.0.16\jul-to-slf4j-2.0.16.jar;C:\Users\Administrator\.m2\repository\jakarta\annotation\jakarta.annotation-api\2.1.1\jakarta.annotation-api-2.1.1.jar;C:\Users\Administrator\.m2\repository\org\springframework\spring-core\6.1.13\spring-core-6.1.13.jar;C:\Users\Administrator\.m2\repository\org\springframework\spring-jcl\6.1.13\spring-jcl-6.1.13.jar;C:\Users\Administrator\.m2\repository\org\yaml\snakeyaml\2.2\snakeyaml-2.2.jar;C:\Users\Administrator\.m2\repository\org\springframework\kafka\spring-kafka\3.3.4\spring-kafka-3.3.4.jar;C:\Users\Administrator\.m2\repository\org\springframework\spring-context\6.2.4\spring-context-6.2.4.jar;C:\Users\Administrator\.m2\repository\org\springframework\spring-aop\6.2.4\spring-aop-6.2.4.jar;C:\Users\Administrator\.m2\repository\org\springframework\spring-beans\6.2.4\spring-beans-6.2.4.jar;C:\Users\Administrator\.m2\repository\org\springframework\spring-expression\6.2.4\spring-expression-6.2.4.jar;C:\Users\Administrator\.m2\repository\org\springframework\spring-messaging\6.2.4\spring-messaging-6.2.4.jar;C:\Users\Administrator\.m2\repository\org\springframework\spring-tx\6.2.4\spring-tx-6.2.4.jar;C:\Users\Administrator\.m2\repository\org\springframework\retry\spring-retry\2.0.11\spring-retry-2.0.11.jar;C:\Users\Administrator\.m2\repository\org\apache\kafka\kafka-clients\3.8.1\kafka-clients-3.8.1.jar;C:\Users\Administrator\.m2\repository\com\github\luben\zstd-jni\1.5.6-4\zstd-jni-1.5.6-4.jar;C:\Users\Administrator\.m2\repository\org\lz4\lz4-java\1.8.0\lz4-java-1.8.0.jar;C:\Users\Administrator\.m2\repository\org\xerial\snappy\snappy-java\1.1.10.5\snappy-java-1.1.10.5.jar;C:\Users\Administrator\.m2\repository\io\micrometer\micrometer-observation\1.14.5\micrometer-observation-1.14.5.jar;C:\Users\Administrator\.m2\repository\io\micrometer\micrometer-commons\1.14.5\micrometer-commons-1.14.5.jar;C:\Users\Administrator\.m2\repository\org\projectlombok\lombok\1.18.34\lombok-1.18.34.jar;C:\Users\Administrator\.m2\repository\org\springframework\boot\spring-boot-starter-test\3.3.4\spring-boot-starter-test-3.3.4.jar;C:\Users\Administrator\.m2\repository\org\springframework\boot\spring-boot-test\3.3.4\spring-boot-test-3.3.4.jar;C:\Users\Administrator\.m2\repository\org\springframework\boot\spring-boot-test-autoconfigure\3.3.4\spring-boot-test-autoconfigure-3.3.4.jar;C:\Users\Administrator\.m2\repository\com\jayway\jsonpath\json-path\2.9.0\json-path-2.9.0.jar;C:\Users\Administrator\.m2\repository\jakarta\xml\bind\jakarta.xml.bind-api\4.0.2\jakarta.xml.bind-api-4.0.2.jar;C:\Users\Administrator\.m2\repository\jakarta\activation\jakarta.activation-api\2.1.3\jakarta.activation-api-2.1.3.jar;C:\Users\Administrator\.m2\repository\net\minidev\json-smart\2.5.1\json-smart-2.5.1.jar;C:\Users\Administrator\.m2\repository\net\minidev\accessors-smart\2.5.1\accessors-smart-2.5.1.jar;C:\Users\Administrator\.m2\repository\org\ow2\asm\asm\9.6\asm-9.6.jar;C:\Users\Administrator\.m2\repository\org\assertj\assertj-core\3.25.3\assertj-core-3.25.3.jar;C:\Users\Administrator\.m2\repository\net\bytebuddy\byte-buddy\1.14.11\byte-buddy-1.14.11.jar;C:\Users\Administrator\.m2\repository\org\awaitility\awaitility\4.2.2\awaitility-4.2.2.jar;C:\Users\Administrator\.m2\repository\org\hamcrest\hamcrest\2.2\hamcrest-2.2.jar;C:\Users\Administrator\.m2\repository\org\mockito\mockito-core\5.11.0\mockito-core-5.11.0.jar;C:\Users\Administrator\.m2\repository\net\bytebuddy\byte-buddy-agent\1.14.12\byte-buddy-agent-1.14.12.jar;C:\Users\Administrator\.m2\repository\org\objenesis\objenesis\3.3\objenesis-3.3.jar;C:\Users\Administrator\.m2\repository\org\skyscreamer\jsonassert\1.5.3\jsonassert-1.5.3.jar;C:\Users\Administrator\.m2\repository\com\vaadin\external\google\android-json\0.0.20131108.vaadin1\android-json-0.0.20131108.vaadin1.jar;C:\Users\Administrator\.m2\repository\org\springframework\spring-test\6.1.13\spring-test-6.1.13.jar;C:\Users\Administrator\.m2\repository\org\xmlunit\xmlunit-core\2.9.1\xmlunit-core-2.9.1.jar;C:\Users\Administrator\.m2\repository\org\junit\jupiter\junit-jupiter\5.11.0\junit-jupiter-5.11.0.jar;C:\Users\Administrator\.m2\repository\org\junit\jupiter\junit-jupiter-api\5.11.0\junit-jupiter-api-5.11.0.jar;C:\Users\Administrator\.m2\repository\org\opentest4j\opentest4j\1.3.0\opentest4j-1.3.0.jar;C:\Users\Administrator\.m2\repository\org\junit\platform\junit-platform-commons\1.11.0\junit-platform-commons-1.11.0.jar;C:\Users\Administrator\.m2\repository\org\apiguardian\apiguardian-api\1.1.2\apiguardian-api-1.1.2.jar;C:\Users\Administrator\.m2\repository\org\junit\jupiter\junit-jupiter-params\5.11.0\junit-jupiter-params-5.11.0.jar;C:\Users\Administrator\.m2\repository\org\junit\jupiter\junit-jupiter-engine\5.11.0\junit-jupiter-engine-5.11.0.jar;C:\Users\Administrator\.m2\repository\org\junit\platform\junit-platform-engine\1.11.0\junit-platform-engine-1.11.0.jar;C:\Users\Administrator\.m2\repository\org\mockito\mockito-junit-jupiter\5.13.0\mockito-junit-jupiter-5.13.0.jar;C:\Users\Administrator\.m2\repository\org\slf4j\slf4j-api\2.0.9\slf4j-api-2.0.9.jar;C:\Users\Administrator\.m2\repository\ch\qos\logback\logback-classic\1.4.11\logback-classic-1.4.11.jar;C:\Users\Administrator\.m2\repository\ch\qos\logback\logback-core\1.4.11\logback-core-1.4.11.jar;"/>
    <property name="sun.cpu.endian" value="little"/>
    <property name="user.home" value="C:\Users\Administrator"/>
    <property name="user.language" value="zh"/>
    <property name="java.specification.vendor" value="Oracle Corporation"/>
    <property name="java.version.date" value="2025-07-15"/>
    <property name="java.home" value="C:\Program Files\Java\jdk-21"/>
    <property name="file.separator" value="\"/>
    <property name="basedir" value="C:\java\java_plc_kafka_adapter"/>
    <property name="java.vm.compressedOopsMode" value="Zero based"/>
    <property name="line.separator" value="&#10;"/>
    <property name="java.vm.specification.vendor" value="Oracle Corporation"/>
    <property name="java.specification.name" value="Java Platform API Specification"/>
    <property name="surefire.real.class.path" value="C:\Users\Administrator\AppData\Local\Temp\surefire14540700052802888917\surefirebooter-20251009110104840_3.jar"/>
    <property name="user.script" value=""/>
    <property name="sun.management.compiler" value="HotSpot 64-Bit Tiered Compilers"/>
    <property name="java.runtime.version" value="21.0.8+12-LTS-250"/>
    <property name="user.name" value="Administrator"/>
    <property name="stdout.encoding" value="MS950"/>
    <property name="path.separator" value=";"/>
    <property name="os.version" value="10.0"/>
    <property name="java.runtime.name" value="Java(TM) SE Runtime Environment"/>
    <property name="file.encoding" value="UTF-8"/>
    <property name="java.vm.name" value="Java HotSpot(TM) 64-Bit Server VM"/>
    <property name="localRepository" value="C:\Users\Administrator\.m2\repository"/>
    <property name="java.vendor.url.bug" value="https://bugreport.java.com/bugreport/"/>
    <property name="java.io.tmpdir" value="C:\Users\ADMINI~1\AppData\Local\Temp\"/>
    <property name="java.version" value="21.0.8"/>
    <property name="user.dir" value="C:\java\java_plc_kafka_adapter"/>
    <property name="os.arch" value="amd64"/>
    <property name="java.vm.specification.name" value="Java Virtual Machine Specification"/>
    <property name="sun.os.patch.level" value=""/>
    <property name="native.encoding" value="MS950"/>
    <property name="java.library.path" value="C:\Program Files\Java\jdk-21\bin;C:\Windows\Sun\Java\bin;C:\Windows\system32;C:\Windows;C:\Program Files\Common Files\Oracle\Java\javapath;C:\Program Files\Eclipse Adoptium\jdk-11.0.28.6-hotspot\bin;C:\Program Files (x86)\Common Files\Intel\Shared Libraries\redist\intel64\compiler;C:\Windows\system32;C:\Windows;C:\Windows\System32\Wbem;C:\Windows\System32\WindowsPowerShell\v1.0\;C:\Windows\System32\OpenSSH\;C:\Program Files (x86)\QuickTime\QTSystem\;C:\Program Files (x86)\Windows Live\Shared;C:\Program Files\NVIDIA Corporation\NVIDIA app\NvDLISR;C:\Program Files (x86)\NVIDIA Corporation\PhysX\Common;C:\Program Files\nodejs\;C:\Program Files (x86)\Windows Kits\8.1\Windows Performance Toolkit\;C:\Program Files\Microsoft SQL Server\120\Tools\Binn\;C:\Program Files\Common Files\Autodesk Shared\;C:\Program Files\dotnet\;C:\Program Files\Go\bin;C:\Program Files\Git\cmd;C:\Program Files\Docker\Docker\resources\bin;C:\Users\Administrator\AppData\Local\Programs\Python\Python313\Scripts\;C:\Users\Administrator\AppData\Local\Programs\Python\Python313\;C:\Users\Administrator\AppData\Local\Microsoft\WindowsApps;C:\Users\Administrator\AppData\Roaming\npm;C:\Users\Administrator\AppData\Local\Programs\Microsoft VS Code\bin;C:\Program Files\JetBrains\IntelliJ IDEA Community Edition 2025.2\bin;C:\Users\Administrator\go\bin;C:\msys64\ucrt64\bin;C:\Program Files (x86)\Microsoft Visual Studio\2022\BuildTools\VC\Tools\MSVC\14.44.35207\bin\Hostx64\x64;C:\msys64\mingw64\bin;C:\apache-maven\bin;;."/>
    <property name="java.vm.info" value="mixed mode, sharing"/>
    <property name="stderr.encoding" value="MS950"/>
    <property name="java.vendor" value="Oracle Corporation"/>
    <property name="java.vm.version" value="21.0.8+12-LTS-250"/>
    <property name="sun.io.unicode.encoding" value="UnicodeLittle"/>
    <property name="java.class.version" value="65.0"/>
  </properties>
  <testcase name="testWorkerHandlesProcessingExceptionGracefully" classname="com.charlessun.javaplcadapter.worker.ConsumerWorkerTest" time="0.725">
    <system-out><![CDATA[11:01:06.813 [Thread-1] ERROR com.charlessun.javaplcadapter.worker.impl.ConsumerWorkerImpl -- processingStrategy.process(record) 處理失敗: Processing failed
java.lang.RuntimeException: Processing failed
	at com.charlessun.javaplcadapter.worker.impl.ConsumerWorkerImpl.pollLoop(ConsumerWorkerImpl.java:51)
	at java.base/java.lang.Thread.run(Thread.java:1583)
11:01:06.821 [Thread-1] ERROR com.charlessun.javaplcadapter.worker.impl.ConsumerWorkerImpl -- processingStrategy.process(record) 處理失敗: Processing failed
java.lang.RuntimeException: Processing failed
	at com.charlessun.javaplcadapter.worker.impl.ConsumerWorkerImpl.pollLoop(ConsumerWorkerImpl.java:51)
	at java.base/java.lang.Thread.run(Thread.java:1583)
11:01:06.821 [Thread-1] ERROR com.charlessun.javaplcadapter.worker.impl.ConsumerWorkerImpl -- processingStrategy.process(record) 處理失敗: Processing failed
java.lang.RuntimeException: Processing failed
	at com.charlessun.javaplcadapter.worker.impl.ConsumerWorkerImpl.pollLoop(ConsumerWorkerImpl.java:51)
	at java.base/java.lang.Thread.run(Thread.java:1583)
11:01:06.822 [Thread-1] ERROR com.charlessun.javaplcadapter.worker.impl.ConsumerWorkerImpl -- processingStrategy.process(record) 處理失敗: Processing failed
java.lang.RuntimeException: Processing failed
	at com.charlessun.javaplcadapter.worker.impl.ConsumerWorkerImpl.pollLoop(ConsumerWorkerImpl.java:51)
	at java.base/java.lang.Thread.run(Thread.java:1583)
11:01:06.822 [Thread-1] ERROR com.charlessun.javaplcadapter.worker.impl.ConsumerWorkerImpl -- processingStrategy.process(record) 處理失敗: Processing failed
java.lang.RuntimeException: Processing failed
	at com.charlessun.javaplcadapter.worker.impl.ConsumerWorkerImpl.pollLoop(ConsumerWorkerImpl.java:51)
	at java.base/java.lang.Thread.run(Thread.java:1583)
11:01:06.823 [Thread-1] ERROR com.charlessun.javaplcadapter.worker.impl.ConsumerWorkerImpl -- processingStrategy.process(record) 處理失敗: Processing failed
java.lang.RuntimeException: Processing failed
	at com.charlessun.javaplcadapter.worker.impl.ConsumerWorkerImpl.pollLoop(ConsumerWorkerImpl.java:51)
	at java.base/java.lang.Thread.run(Thread.java:1583)
11:01:06.823 [Thread-1] ERROR com.charlessun.javaplcadapter.worker.impl.ConsumerWorkerImpl -- processingStrategy.process(record) 處理失敗: Processing failed
java.lang.RuntimeException: Processing failed
	at com.charlessun.javaplcadapter.worker.impl.ConsumerWorkerImpl.pollLoop(ConsumerWorkerImpl.java:51)
	at java.base/java.lang.Thread.run(Thread.java:1583)
11:01:06.823 [Thread-1] ERROR com.charlessun.javaplcadapter.worker.impl.ConsumerWorkerImpl -- processingStrategy.process(record) 處理失敗: Processing failed
java.lang.RuntimeException: Processing failed
	at com.charlessun.javaplcadapter.worker.impl.ConsumerWorkerImpl.pollLoop(ConsumerWorkerImpl.java:51)
	at java.base/java.lang.Thread.run(Thread.java:1583)
11:01:06.824 [Thread-1] ERROR com.charlessun.javaplcadapter.worker.impl.ConsumerWorkerImpl -- processingStrategy.process(record) 處理失敗: Processing failed
java.lang.RuntimeException: Processing failed
	at com.charlessun.javaplcadapter.worker.impl.ConsumerWorkerImpl.pollLoop(ConsumerWorkerImpl.java:51)
	at java.base/java.lang.Thread.run(Thread.java:1583)
11:01:06.824 [Thread-1] ERROR com.charlessun.javaplcadapter.worker.impl.ConsumerWorkerImpl -- processingStrategy.process(record) 處理失敗: Processing failed
java.lang.RuntimeException: Processing failed
	at com.charlessun.javaplcadapter.worker.impl.ConsumerWorkerImpl.pollLoop(ConsumerWorkerImpl.java:51)
	at java.base/java.lang.Thread.run(Thread.java:1583)
11:01:06.825 [Thread-1] ERROR com.charlessun.javaplcadapter.worker.impl.ConsumerWorkerImpl -- processingStrategy.process(record) 處理失敗: Processing failed
java.lang.RuntimeException: Processing failed
	at com.charlessun.javaplcadapter.worker.impl.ConsumerWorkerImpl.pollLoop(ConsumerWorkerImpl.java:51)
	at java.base/java.lang.Thread.run(Thread.java:1583)
11:01:06.825 [Thread-1] ERROR com.charlessun.javaplcadapter.worker.impl.ConsumerWorkerImpl -- processingStrategy.process(record) 處理失敗: Processing failed
java.lang.RuntimeException: Processing failed
	at com.charlessun.javaplcadapter.worker.impl.ConsumerWorkerImpl.pollLoop(ConsumerWorkerImpl.java:51)
	at java.base/java.lang.Thread.run(Thread.java:1583)
11:01:06.826 [Thread-1] ERROR com.charlessun.javaplcadapter.worker.impl.ConsumerWorkerImpl -- processingStrategy.process(record) 處理失敗: Processing failed
java.lang.RuntimeException: Processing failed
	at com.charlessun.javaplcadapter.worker.impl.ConsumerWorkerImpl.pollLoop(ConsumerWorkerImpl.java:51)
	at java.base/java.lang.Thread.run(Thread.java:1583)
11:01:06.826 [Thread-1] ERROR com.charlessun.javaplcadapter.worker.impl.ConsumerWorkerImpl -- processingStrategy.process(record) 處理失敗: Processing failed
java.lang.RuntimeException: Processing failed
	at com.charlessun.javaplcadapter.worker.impl.ConsumerWorkerImpl.pollLoop(ConsumerWorkerImpl.java:51)
	at java.base/java.lang.Thread.run(Thread.java:1583)
11:01:06.826 [Thread-1] ERROR com.charlessun.javaplcadapter.worker.impl.ConsumerWorkerImpl -- processingStrategy.process(record) 處理失敗: Processing failed
java.lang.RuntimeException: Processing failed
	at com.charlessun.javaplcadapter.worker.impl.ConsumerWorkerImpl.pollLoop(ConsumerWorkerImpl.java:51)
	at java.base/java.lang.Thread.run(Thread.java:1583)
11:01:06.827 [Thread-1] ERROR com.charlessun.javaplcadapter.worker.impl.ConsumerWorkerImpl -- processingStrategy.process(record) 處理失敗: Processing failed
java.lang.RuntimeException: Processing failed
	at com.charlessun.javaplcadapter.worker.impl.ConsumerWorkerImpl.pollLoop(ConsumerWorkerImpl.java:51)
	at java.base/java.lang.Thread.run(Thread.java:1583)
11:01:06.827 [Thread-1] ERROR com.charlessun.javaplcadapter.worker.impl.ConsumerWorkerImpl -- processingStrategy.process(record) 處理失敗: Processing failed
java.lang.RuntimeException: Processing failed
	at com.charlessun.javaplcadapter.worker.impl.ConsumerWorkerImpl.pollLoop(ConsumerWorkerImpl.java:51)
	at java.base/java.lang.Thread.run(Thread.java:1583)
11:01:06.828 [Thread-1] ERROR com.charlessun.javaplcadapter.worker.impl.ConsumerWorkerImpl -- processingStrategy.process(record) 處理失敗: Processing failed
java.lang.RuntimeException: Processing failed
	at com.charlessun.javaplcadapter.worker.impl.ConsumerWorkerImpl.pollLoop(ConsumerWorkerImpl.java:51)
	at java.base/java.lang.Thread.run(Thread.java:1583)
11:01:06.828 [Thread-1] ERROR com.charlessun.javaplcadapter.worker.impl.ConsumerWorkerImpl -- processingStrategy.process(record) 處理失敗: Processing failed
java.lang.RuntimeException: Processing failed
	at com.charlessun.javaplcadapter.worker.impl.ConsumerWorkerImpl.pollLoop(ConsumerWorkerImpl.java:51)
	at java.base/java.lang.Thread.run(Thread.java:1583)
11:01:06.828 [Thread-1] ERROR com.charlessun.javaplcadapter.worker.impl.ConsumerWorkerImpl -- processingStrategy.process(record) 處理失敗: Processing failed
java.lang.RuntimeException: Processing failed
	at com.charlessun.javaplcadapter.worker.impl.ConsumerWorkerImpl.pollLoop(ConsumerWorkerImpl.java:51)
	at java.base/java.lang.Thread.run(Thread.java:1583)
11:01:06.829 [Thread-1] ERROR com.charlessun.javaplcadapter.worker.impl.ConsumerWorkerImpl -- processingStrategy.process(record) 處理失敗: Processing failed
java.lang.RuntimeException: Processing failed
	at com.charlessun.javaplcadapter.worker.impl.ConsumerWorkerImpl.pollLoop(ConsumerWorkerImpl.java:51)
	at java.base/java.lang.Thread.run(Thread.java:1583)
11:01:06.829 [Thread-1] ERROR com.charlessun.javaplcadapter.worker.impl.ConsumerWorkerImpl -- processingStrategy.process(record) 處理失敗: Processing failed
java.lang.RuntimeException: Processing failed
	at com.charlessun.javaplcadapter.worker.impl.ConsumerWorkerImpl.pollLoop(ConsumerWorkerImpl.java:51)
	at java.base/java.lang.Thread.run(Thread.java:1583)
11:01:06.830 [Thread-1] ERROR com.charlessun.javaplcadapter.worker.impl.ConsumerWorkerImpl -- processingStrategy.process(record) 處理失敗: Processing failed
java.lang.RuntimeException: Processing failed
	at com.charlessun.javaplcadapter.worker.impl.ConsumerWorkerImpl.pollLoop(ConsumerWorkerImpl.java:51)
	at java.base/java.lang.Thread.run(Thread.java:1583)
11:01:06.830 [Thread-1] ERROR com.charlessun.javaplcadapter.worker.impl.ConsumerWorkerImpl -- processingStrategy.process(record) 處理失敗: Processing failed
java.lang.RuntimeException: Processing failed
	at com.charlessun.javaplcadapter.worker.impl.ConsumerWorkerImpl.pollLoop(ConsumerWorkerImpl.java:51)
	at java.base/java.lang.Thread.run(Thread.java:1583)
11:01:06.831 [Thread-1] ERROR com.charlessun.javaplcadapter.worker.impl.ConsumerWorkerImpl -- processingStrategy.process(record) 處理失敗: Processing failed
java.lang.RuntimeException: Processing failed
	at com.charlessun.javaplcadapter.worker.impl.ConsumerWorkerImpl.pollLoop(ConsumerWorkerImpl.java:51)
	at java.base/java.lang.Thread.run(Thread.java:1583)
11:01:06.831 [Thread-1] ERROR com.charlessun.javaplcadapter.worker.impl.ConsumerWorkerImpl -- processingStrategy.process(record) 處理失敗: Processing failed
java.lang.RuntimeException: Processing failed
	at com.charlessun.javaplcadapter.worker.impl.ConsumerWorkerImpl.pollLoop(ConsumerWorkerImpl.java:51)
	at java.base/java.lang.Thread.run(Thread.java:1583)
11:01:06.831 [Thread-1] ERROR com.charlessun.javaplcadapter.worker.impl.ConsumerWorkerImpl -- processingStrategy.process(record) 處理失敗: Processing failed
java.lang.RuntimeException: Processing failed
	at com.charlessun.javaplcadapter.worker.impl.ConsumerWorkerImpl.pollLoop(ConsumerWorkerImpl.java:51)
	at java.base/java.lang.Thread.run(Thread.java:1583)
11:01:06.832 [Thread-1] ERROR com.charlessun.javaplcadapter.worker.impl.ConsumerWorkerImpl -- processingStrategy.process(record) 處理失敗: Processing failed
java.lang.RuntimeException: Processing failed
	at com.charlessun.javaplcadapter.worker.impl.ConsumerWorkerImpl.pollLoop(ConsumerWorkerImpl.java:51)
	at java.base/java.lang.Thread.run(Thread.java:1583)
11:01:06.832 [Thread-1] ERROR com.charlessun.javaplcadapter.worker.impl.ConsumerWorkerImpl -- processingStrategy.process(record) 處理失敗: Processing failed
java.lang.RuntimeException: Processing failed
	at com.charlessun.javaplcadapter.worker.impl.ConsumerWorkerImpl.pollLoop(ConsumerWorkerImpl.java:51)
	at java.base/java.lang.Thread.run(Thread.java:1583)
11:01:06.832 [Thread-1] ERROR com.charlessun.javaplcadapter.worker.impl.ConsumerWorkerImpl -- processingStrategy.process(record) 處理失敗: Processing failed
java.lang.RuntimeException: Processing failed
	at com.charlessun.javaplcadapter.worker.impl.ConsumerWorkerImpl.pollLoop(ConsumerWorkerImpl.java:51)
	at java.base/java.lang.Thread.run(Thread.java:1583)
11:01:06.833 [Thread-1] ERROR com.charlessun.javaplcadapter.worker.impl.ConsumerWorkerImpl -- processingStrategy.process(record) 處理失敗: Processing failed
java.lang.RuntimeException: Processing failed
	at com.charlessun.javaplcadapter.worker.impl.ConsumerWorkerImpl.pollLoop(ConsumerWorkerImpl.java:51)
	at java.base/java.lang.Thread.run(Thread.java:1583)
11:01:06.833 [Thread-1] ERROR com.charlessun.javaplcadapter.worker.impl.ConsumerWorkerImpl -- processingStrategy.process(record) 處理失敗: Processing failed
java.lang.RuntimeException: Processing failed
	at com.charlessun.javaplcadapter.worker.impl.ConsumerWorkerImpl.pollLoop(ConsumerWorkerImpl.java:51)
	at java.base/java.lang.Thread.run(Thread.java:1583)
11:01:06.833 [Thread-1] ERROR com.charlessun.javaplcadapter.worker.impl.ConsumerWorkerImpl -- processingStrategy.process(record) 處理失敗: Processing failed
java.lang.RuntimeException: Processing failed
	at com.charlessun.javaplcadapter.worker.impl.ConsumerWorkerImpl.pollLoop(ConsumerWorkerImpl.java:51)
	at java.base/java.lang.Thread.run(Thread.java:1583)
11:01:06.834 [Thread-1] ERROR com.charlessun.javaplcadapter.worker.impl.ConsumerWorkerImpl -- processingStrategy.process(record) 處理失敗: Processing failed
java.lang.RuntimeException: Processing failed
	at com.charlessun.javaplcadapter.worker.impl.ConsumerWorkerImpl.pollLoop(ConsumerWorkerImpl.java:51)
	at java.base/java.lang.Thread.run(Thread.java:1583)
11:01:06.834 [Thread-1] ERROR com.charlessun.javaplcadapter.worker.impl.ConsumerWorkerImpl -- processingStrategy.process(record) 處理失敗: Processing failed
java.lang.RuntimeException: Processing failed
	at com.charlessun.javaplcadapter.worker.impl.ConsumerWorkerImpl.pollLoop(ConsumerWorkerImpl.java:51)
	at java.base/java.lang.Thread.run(Thread.java:1583)
11:01:06.834 [Thread-1] ERROR com.charlessun.javaplcadapter.worker.impl.ConsumerWorkerImpl -- processingStrategy.process(record) 處理失敗: Processing failed
java.lang.RuntimeException: Processing failed
	at com.charlessun.javaplcadapter.worker.impl.ConsumerWorkerImpl.pollLoop(ConsumerWorkerImpl.java:51)
	at java.base/java.lang.Thread.run(Thread.java:1583)
11:01:06.835 [Thread-1] ERROR com.charlessun.javaplcadapter.worker.impl.ConsumerWorkerImpl -- processingStrategy.process(record) 處理失敗: Processing failed
java.lang.RuntimeException: Processing failed
	at com.charlessun.javaplcadapter.worker.impl.ConsumerWorkerImpl.pollLoop(ConsumerWorkerImpl.java:51)
	at java.base/java.lang.Thread.run(Thread.java:1583)
11:01:06.835 [Thread-1] ERROR com.charlessun.javaplcadapter.worker.impl.ConsumerWorkerImpl -- processingStrategy.process(record) 處理失敗: Processing failed
java.lang.RuntimeException: Processing failed
	at com.charlessun.javaplcadapter.worker.impl.ConsumerWorkerImpl.pollLoop(ConsumerWorkerImpl.java:51)
	at java.base/java.lang.Thread.run(Thread.java:1583)
11:01:06.835 [Thread-1] ERROR com.charlessun.javaplcadapter.worker.impl.ConsumerWorkerImpl -- processingStrategy.process(record) 處理失敗: Processing failed
java.lang.RuntimeException: Processing failed
	at com.charlessun.javaplcadapter.worker.impl.ConsumerWorkerImpl.pollLoop(ConsumerWorkerImpl.java:51)
	at java.base/java.lang.Thread.run(Thread.java:1583)
11:01:06.835 [Thread-1] ERROR com.charlessun.javaplcadapter.worker.impl.ConsumerWorkerImpl -- processingStrategy.process(record) 處理失敗: Processing failed
java.lang.RuntimeException: Processing failed
	at com.charlessun.javaplcadapter.worker.impl.ConsumerWorkerImpl.pollLoop(ConsumerWorkerImpl.java:51)
	at java.base/java.lang.Thread.run(Thread.java:1583)
11:01:06.836 [Thread-1] ERROR com.charlessun.javaplcadapter.worker.impl.ConsumerWorkerImpl -- processingStrategy.process(record) 處理失敗: Processing failed
java.lang.RuntimeException: Processing failed
	at com.charlessun.javaplcadapter.worker.impl.ConsumerWorkerImpl.pollLoop(ConsumerWorkerImpl.java:51)
	at java.base/java.lang.Thread.run(Thread.java:1583)
11:01:06.836 [Thread-1] ERROR com.charlessun.javaplcadapter.worker.impl.ConsumerWorkerImpl -- processingStrategy.process(record) 處理失敗: Processing failed
java.lang.RuntimeException: Processing failed
	at com.charlessun.javaplcadapter.worker.impl.ConsumerWorkerImpl.pollLoop(ConsumerWorkerImpl.java:51)
	at java.base/java.lang.Thread.run(Thread.java:1583)
11:01:06.836 [Thread-1] ERROR com.charlessun.javaplcadapter.worker.impl.ConsumerWorkerImpl -- processingStrategy.process(record) 處理失敗: Processing failed
java.lang.RuntimeException: Processing failed
	at com.charlessun.javaplcadapter.worker.impl.ConsumerWorkerImpl.pollLoop(ConsumerWorkerImpl.java:51)
	at java.base/java.lang.Thread.run(Thread.java:1583)
11:01:06.836 [Thread-1] ERROR com.charlessun.javaplcadapter.worker.impl.ConsumerWorkerImpl -- processingStrategy.process(record) 處理失敗: Processing failed
java.lang.RuntimeException: Processing failed
	at com.charlessun.javaplcadapter.worker.impl.ConsumerWorkerImpl.pollLoop(ConsumerWorkerImpl.java:51)
	at java.base/java.lang.Thread.run(Thread.java:1583)
11:01:06.837 [Thread-1] ERROR com.charlessun.javaplcadapter.worker.impl.ConsumerWorkerImpl -- processingStrategy.process(record) 處理失敗: Processing failed
java.lang.RuntimeException: Processing failed
	at com.charlessun.javaplcadapter.worker.impl.ConsumerWorkerImpl.pollLoop(ConsumerWorkerImpl.java:51)
	at java.base/java.lang.Thread.run(Thread.java:1583)
11:01:06.837 [Thread-1] ERROR com.charlessun.javaplcadapter.worker.impl.ConsumerWorkerImpl -- processingStrategy.process(record) 處理失敗: Processing failed
java.lang.RuntimeException: Processing failed
	at com.charlessun.javaplcadapter.worker.impl.ConsumerWorkerImpl.pollLoop(ConsumerWorkerImpl.java:51)
	at java.base/java.lang.Thread.run(Thread.java:1583)
11:01:06.837 [Thread-1] ERROR com.charlessun.javaplcadapter.worker.impl.ConsumerWorkerImpl -- processingStrategy.process(record) 處理失敗: Processing failed
java.lang.RuntimeException: Processing failed
	at com.charlessun.javaplcadapter.worker.impl.ConsumerWorkerImpl.pollLoop(ConsumerWorkerImpl.java:51)
	at java.base/java.lang.Thread.run(Thread.java:1583)
11:01:06.838 [Thread-1] ERROR com.charlessun.javaplcadapter.worker.impl.ConsumerWorkerImpl -- processingStrategy.process(record) 處理失敗: Processing failed
java.lang.RuntimeException: Processing failed
	at com.charlessun.javaplcadapter.worker.impl.ConsumerWorkerImpl.pollLoop(ConsumerWorkerImpl.java:51)
	at java.base/java.lang.Thread.run(Thread.java:1583)
11:01:06.838 [Thread-1] ERROR com.charlessun.javaplcadapter.worker.impl.ConsumerWorkerImpl -- processingStrategy.process(record) 處理失敗: Processing failed
java.lang.RuntimeException: Processing failed
	at com.charlessun.javaplcadapter.worker.impl.ConsumerWorkerImpl.pollLoop(ConsumerWorkerImpl.java:51)
	at java.base/java.lang.Thread.run(Thread.java:1583)
11:01:06.838 [Thread-1] ERROR com.charlessun.javaplcadapter.worker.impl.ConsumerWorkerImpl -- processingStrategy.process(record) 處理失敗: Processing failed
java.lang.RuntimeException: Processing failed
	at com.charlessun.javaplcadapter.worker.impl.ConsumerWorkerImpl.pollLoop(ConsumerWorkerImpl.java:51)
	at java.base/java.lang.Thread.run(Thread.java:1583)
11:01:06.839 [Thread-1] ERROR com.charlessun.javaplcadapter.worker.impl.ConsumerWorkerImpl -- processingStrategy.process(record) 處理失敗: Processing failed
java.lang.RuntimeException: Processing failed
	at com.charlessun.javaplcadapter.worker.impl.ConsumerWorkerImpl.pollLoop(ConsumerWorkerImpl.java:51)
	at java.base/java.lang.Thread.run(Thread.java:1583)
11:01:06.839 [Thread-1] ERROR com.charlessun.javaplcadapter.worker.impl.ConsumerWorkerImpl -- processingStrategy.process(record) 處理失敗: Processing failed
java.lang.RuntimeException: Processing failed
	at com.charlessun.javaplcadapter.worker.impl.ConsumerWorkerImpl.pollLoop(ConsumerWorkerImpl.java:51)
	at java.base/java.lang.Thread.run(Thread.java:1583)
11:01:06.839 [Thread-1] ERROR com.charlessun.javaplcadapter.worker.impl.ConsumerWorkerImpl -- processingStrategy.process(record) 處理失敗: Processing failed
java.lang.RuntimeException: Processing failed
	at com.charlessun.javaplcadapter.worker.impl.ConsumerWorkerImpl.pollLoop(ConsumerWorkerImpl.java:51)
	at java.base/java.lang.Thread.run(Thread.java:1583)
11:01:06.839 [Thread-1] ERROR com.charlessun.javaplcadapter.worker.impl.ConsumerWorkerImpl -- processingStrategy.process(record) 處理失敗: Processing failed
java.lang.RuntimeException: Processing failed
	at com.charlessun.javaplcadapter.worker.impl.ConsumerWorkerImpl.pollLoop(ConsumerWorkerImpl.java:51)
	at java.base/java.lang.Thread.run(Thread.java:1583)
11:01:06.840 [Thread-1] ERROR com.charlessun.javaplcadapter.worker.impl.ConsumerWorkerImpl -- processingStrategy.process(record) 處理失敗: Processing failed
java.lang.RuntimeException: Processing failed
	at com.charlessun.javaplcadapter.worker.impl.ConsumerWorkerImpl.pollLoop(ConsumerWorkerImpl.java:51)
	at java.base/java.lang.Thread.run(Thread.java:1583)
11:01:06.840 [Thread-1] ERROR com.charlessun.javaplcadapter.worker.impl.ConsumerWorkerImpl -- processingStrategy.process(record) 處理失敗: Processing failed
java.lang.RuntimeException: Processing failed
	at com.charlessun.javaplcadapter.worker.impl.ConsumerWorkerImpl.pollLoop(ConsumerWorkerImpl.java:51)
	at java.base/java.lang.Thread.run(Thread.java:1583)
11:01:06.840 [Thread-1] ERROR com.charlessun.javaplcadapter.worker.impl.ConsumerWorkerImpl -- processingStrategy.process(record) 處理失敗: Processing failed
java.lang.RuntimeException: Processing failed
	at com.charlessun.javaplcadapter.worker.impl.ConsumerWorkerImpl.pollLoop(ConsumerWorkerImpl.java:51)
	at java.base/java.lang.Thread.run(Thread.java:1583)
11:01:06.841 [Thread-1] ERROR com.charlessun.javaplcadapter.worker.impl.ConsumerWorkerImpl -- processingStrategy.process(record) 處理失敗: Processing failed
java.lang.RuntimeException: Processing failed
	at com.charlessun.javaplcadapter.worker.impl.ConsumerWorkerImpl.pollLoop(ConsumerWorkerImpl.java:51)
	at java.base/java.lang.Thread.run(Thread.java:1583)
11:01:06.841 [Thread-1] ERROR com.charlessun.javaplcadapter.worker.impl.ConsumerWorkerImpl -- processingStrategy.process(record) 處理失敗: Processing failed
java.lang.RuntimeException: Processing failed
	at com.charlessun.javaplcadapter.worker.impl.ConsumerWorkerImpl.pollLoop(ConsumerWorkerImpl.java:51)
	at java.base/java.lang.Thread.run(Thread.java:1583)
11:01:06.841 [Thread-1] ERROR com.charlessun.javaplcadapter.worker.impl.ConsumerWorkerImpl -- processingStrategy.process(record) 處理失敗: Processing failed
java.lang.RuntimeException: Processing failed
	at com.charlessun.javaplcadapter.worker.impl.ConsumerWorkerImpl.pollLoop(ConsumerWorkerImpl.java:51)
	at java.base/java.lang.Thread.run(Thread.java:1583)
11:01:06.842 [Thread-1] ERROR com.charlessun.javaplcadapter.worker.impl.ConsumerWorkerImpl -- processingStrategy.process(record) 處理失敗: Processing failed
java.lang.RuntimeException: Processing failed
	at com.charlessun.javaplcadapter.worker.impl.ConsumerWorkerImpl.pollLoop(ConsumerWorkerImpl.java:51)
	at java.base/java.lang.Thread.run(Thread.java:1583)
11:01:06.842 [Thread-1] ERROR com.charlessun.javaplcadapter.worker.impl.ConsumerWorkerImpl -- processingStrategy.process(record) 處理失敗: Processing failed
java.lang.RuntimeException: Processing failed
	at com.charlessun.javaplcadapter.worker.impl.ConsumerWorkerImpl.pollLoop(ConsumerWorkerImpl.java:51)
	at java.base/java.lang.Thread.run(Thread.java:1583)
11:01:06.842 [Thread-1] ERROR com.charlessun.javaplcadapter.worker.impl.ConsumerWorkerImpl -- processingStrategy.process(record) 處理失敗: Processing failed
java.lang.RuntimeException: Processing failed
	at com.charlessun.javaplcadapter.worker.impl.ConsumerWorkerImpl.pollLoop(ConsumerWorkerImpl.java:51)
	at java.base/java.lang.Thread.run(Thread.java:1583)
11:01:06.843 [Thread-1] ERROR com.charlessun.javaplcadapter.worker.impl.ConsumerWorkerImpl -- processingStrategy.process(record) 處理失敗: Processing failed
java.lang.RuntimeException: Processing failed
	at com.charlessun.javaplcadapter.worker.impl.ConsumerWorkerImpl.pollLoop(ConsumerWorkerImpl.java:51)
	at java.base/java.lang.Thread.run(Thread.java:1583)
11:01:06.843 [Thread-1] ERROR com.charlessun.javaplcadapter.worker.impl.ConsumerWorkerImpl -- processingStrategy.process(record) 處理失敗: Processing failed
java.lang.RuntimeException: Processing failed
	at com.charlessun.javaplcadapter.worker.impl.ConsumerWorkerImpl.pollLoop(ConsumerWorkerImpl.java:51)
	at java.base/java.lang.Thread.run(Thread.java:1583)
11:01:06.844 [Thread-1] ERROR com.charlessun.javaplcadapter.worker.impl.ConsumerWorkerImpl -- processingStrategy.process(record) 處理失敗: Processing failed
java.lang.RuntimeException: Processing failed
	at com.charlessun.javaplcadapter.worker.impl.ConsumerWorkerImpl.pollLoop(ConsumerWorkerImpl.java:51)
	at java.base/java.lang.Thread.run(Thread.java:1583)
11:01:06.844 [Thread-1] ERROR com.charlessun.javaplcadapter.worker.impl.ConsumerWorkerImpl -- processingStrategy.process(record) 處理失敗: Processing failed
java.lang.RuntimeException: Processing failed
	at com.charlessun.javaplcadapter.worker.impl.ConsumerWorkerImpl.pollLoop(ConsumerWorkerImpl.java:51)
	at java.base/java.lang.Thread.run(Thread.java:1583)
11:01:06.844 [Thread-1] ERROR com.charlessun.javaplcadapter.worker.impl.ConsumerWorkerImpl -- processingStrategy.process(record) 處理失敗: Processing failed
java.lang.RuntimeException: Processing failed
	at com.charlessun.javaplcadapter.worker.impl.ConsumerWorkerImpl.pollLoop(ConsumerWorkerImpl.java:51)
	at java.base/java.lang.Thread.run(Thread.java:1583)
11:01:06.845 [Thread-1] ERROR com.charlessun.javaplcadapter.worker.impl.ConsumerWorkerImpl -- processingStrategy.process(record) 處理失敗: Processing failed
java.lang.RuntimeException: Processing failed
	at com.charlessun.javaplcadapter.worker.impl.ConsumerWorkerImpl.pollLoop(ConsumerWorkerImpl.java:51)
	at java.base/java.lang.Thread.run(Thread.java:1583)
11:01:06.845 [Thread-1] ERROR com.charlessun.javaplcadapter.worker.impl.ConsumerWorkerImpl -- processingStrategy.process(record) 處理失敗: Processing failed
java.lang.RuntimeException: Processing failed
	at com.charlessun.javaplcadapter.worker.impl.ConsumerWorkerImpl.pollLoop(ConsumerWorkerImpl.java:51)
	at java.base/java.lang.Thread.run(Thread.java:1583)
11:01:06.846 [Thread-1] ERROR com.charlessun.javaplcadapter.worker.impl.ConsumerWorkerImpl -- processingStrategy.process(record) 處理失敗: Processing failed
java.lang.RuntimeException: Processing failed
	at com.charlessun.javaplcadapter.worker.impl.ConsumerWorkerImpl.pollLoop(ConsumerWorkerImpl.java:51)
	at java.base/java.lang.Thread.run(Thread.java:1583)
11:01:06.846 [Thread-1] ERROR com.charlessun.javaplcadapter.worker.impl.ConsumerWorkerImpl -- processingStrategy.process(record) 處理失敗: Processing failed
java.lang.RuntimeException: Processing failed
	at com.charlessun.javaplcadapter.worker.impl.ConsumerWorkerImpl.pollLoop(ConsumerWorkerImpl.java:51)
	at java.base/java.lang.Thread.run(Thread.java:1583)
11:01:06.846 [Thread-1] ERROR com.charlessun.javaplcadapter.worker.impl.ConsumerWorkerImpl -- processingStrategy.process(record) 處理失敗: Processing failed
java.lang.RuntimeException: Processing failed
	at com.charlessun.javaplcadapter.worker.impl.ConsumerWorkerImpl.pollLoop(ConsumerWorkerImpl.java:51)
	at java.base/java.lang.Thread.run(Thread.java:1583)
11:01:06.847 [Thread-1] ERROR com.charlessun.javaplcadapter.worker.impl.ConsumerWorkerImpl -- processingStrategy.process(record) 處理失敗: Processing failed
java.lang.RuntimeException: Processing failed
	at com.charlessun.javaplcadapter.worker.impl.ConsumerWorkerImpl.pollLoop(ConsumerWorkerImpl.java:51)
	at java.base/java.lang.Thread.run(Thread.java:1583)
11:01:06.847 [Thread-1] ERROR com.charlessun.javaplcadapter.worker.impl.ConsumerWorkerImpl -- processingStrategy.process(record) 處理失敗: Processing failed
java.lang.RuntimeException: Processing failed
	at com.charlessun.javaplcadapter.worker.impl.ConsumerWorkerImpl.pollLoop(ConsumerWorkerImpl.java:51)
	at java.base/java.lang.Thread.run(Thread.java:1583)
11:01:06.847 [Thread-1] ERROR com.charlessun.javaplcadapter.worker.impl.ConsumerWorkerImpl -- processingStrategy.process(record) 處理失敗: Processing failed
java.lang.RuntimeException: Processing failed
	at com.charlessun.javaplcadapter.worker.impl.ConsumerWorkerImpl.pollLoop(ConsumerWorkerImpl.java:51)
	at java.base/java.lang.Thread.run(Thread.java:1583)
11:01:06.847 [Thread-1] ERROR com.charlessun.javaplcadapter.worker.impl.ConsumerWorkerImpl -- processingStrategy.process(record) 處理失敗: Processing failed
java.lang.RuntimeException: Processing failed
	at com.charlessun.javaplcadapter.worker.impl.ConsumerWorkerImpl.pollLoop(ConsumerWorkerImpl.java:51)
	at java.base/java.lang.Thread.run(Thread.java:1583)
11:01:06.848 [Thread-1] ERROR com.charlessun.javaplcadapter.worker.impl.ConsumerWorkerImpl -- processingStrategy.process(record) 處理失敗: Processing failed
java.lang.RuntimeException: Processing failed
	at com.charlessun.javaplcadapter.worker.impl.ConsumerWorkerImpl.pollLoop(ConsumerWorkerImpl.java:51)
	at java.base/java.lang.Thread.run(Thread.java:1583)
11:01:06.848 [Thread-1] ERROR com.charlessun.javaplcadapter.worker.impl.ConsumerWorkerImpl -- processingStrategy.process(record) 處理失敗: Processing failed
java.lang.RuntimeException: Processing failed
	at com.charlessun.javaplcadapter.worker.impl.ConsumerWorkerImpl.pollLoop(ConsumerWorkerImpl.java:51)
	at java.base/java.lang.Thread.run(Thread.java:1583)
11:01:06.848 [Thread-1] ERROR com.charlessun.javaplcadapter.worker.impl.ConsumerWorkerImpl -- processingStrategy.process(record) 處理失敗: Processing failed
java.lang.RuntimeException: Processing failed
	at com.charlessun.javaplcadapter.worker.impl.ConsumerWorkerImpl.pollLoop(ConsumerWorkerImpl.java:51)
	at java.base/java.lang.Thread.run(Thread.java:1583)
11:01:06.848 [Thread-1] ERROR com.charlessun.javaplcadapter.worker.impl.ConsumerWorkerImpl -- processingStrategy.process(record) 處理失敗: Processing failed
java.lang.RuntimeException: Processing failed
	at com.charlessun.javaplcadapter.worker.impl.ConsumerWorkerImpl.pollLoop(ConsumerWorkerImpl.java:51)
	at java.base/java.lang.Thread.run(Thread.java:1583)
11:01:06.849 [Thread-1] ERROR com.charlessun.javaplcadapter.worker.impl.ConsumerWorkerImpl -- processingStrategy.process(record) 處理失敗: Processing failed
java.lang.RuntimeException: Processing failed
	at com.charlessun.javaplcadapter.worker.impl.ConsumerWorkerImpl.pollLoop(ConsumerWorkerImpl.java:51)
	at java.base/java.lang.Thread.run(Thread.java:1583)
11:01:06.849 [Thread-1] ERROR com.charlessun.javaplcadapter.worker.impl.ConsumerWorkerImpl -- processingStrategy.process(record) 處理失敗: Processing failed
java.lang.RuntimeException: Processing failed
	at com.charlessun.javaplcadapter.worker.impl.ConsumerWorkerImpl.pollLoop(ConsumerWorkerImpl.java:51)
	at java.base/java.lang.Thread.run(Thread.java:1583)
11:01:06.849 [Thread-1] ERROR com.charlessun.javaplcadapter.worker.impl.ConsumerWorkerImpl -- processingStrategy.process(record) 處理失敗: Processing failed
java.lang.RuntimeException: Processing failed
	at com.charlessun.javaplcadapter.worker.impl.ConsumerWorkerImpl.pollLoop(ConsumerWorkerImpl.java:51)
	at java.base/java.lang.Thread.run(Thread.java:1583)
11:01:06.850 [Thread-1] ERROR com.charlessun.javaplcadapter.worker.impl.ConsumerWorkerImpl -- processingStrategy.process(record) 處理失敗: Processing failed
java.lang.RuntimeException: Processing failed
	at com.charlessun.javaplcadapter.worker.impl.ConsumerWorkerImpl.pollLoop(ConsumerWorkerImpl.java:51)
	at java.base/java.lang.Thread.run(Thread.java:1583)
11:01:06.850 [Thread-1] ERROR com.charlessun.javaplcadapter.worker.impl.ConsumerWorkerImpl -- processingStrategy.process(record) 處理失敗: Processing failed
java.lang.RuntimeException: Processing failed
	at com.charlessun.javaplcadapter.worker.impl.ConsumerWorkerImpl.pollLoop(ConsumerWorkerImpl.java:51)
	at java.base/java.lang.Thread.run(Thread.java:1583)
11:01:06.850 [Thread-1] ERROR com.charlessun.javaplcadapter.worker.impl.ConsumerWorkerImpl -- processingStrategy.process(record) 處理失敗: Processing failed
java.lang.RuntimeException: Processing failed
	at com.charlessun.javaplcadapter.worker.impl.ConsumerWorkerImpl.pollLoop(ConsumerWorkerImpl.java:51)
	at java.base/java.lang.Thread.run(Thread.java:1583)
11:01:06.851 [Thread-1] ERROR com.charlessun.javaplcadapter.worker.impl.ConsumerWorkerImpl -- processingStrategy.process(record) 處理失敗: Processing failed
java.lang.RuntimeException: Processing failed
	at com.charlessun.javaplcadapter.worker.impl.ConsumerWorkerImpl.pollLoop(ConsumerWorkerImpl.java:51)
	at java.base/java.lang.Thread.run(Thread.java:1583)
11:01:06.851 [Thread-1] ERROR com.charlessun.javaplcadapter.worker.impl.ConsumerWorkerImpl -- processingStrategy.process(record) 處理失敗: Processing failed
java.lang.RuntimeException: Processing failed
	at com.charlessun.javaplcadapter.worker.impl.ConsumerWorkerImpl.pollLoop(ConsumerWorkerImpl.java:51)
	at java.base/java.lang.Thread.run(Thread.java:1583)
11:01:06.851 [Thread-1] ERROR com.charlessun.javaplcadapter.worker.impl.ConsumerWorkerImpl -- processingStrategy.process(record) 處理失敗: Processing failed
java.lang.RuntimeException: Processing failed
	at com.charlessun.javaplcadapter.worker.impl.ConsumerWorkerImpl.pollLoop(ConsumerWorkerImpl.java:51)
	at java.base/java.lang.Thread.run(Thread.java:1583)
11:01:06.851 [Thread-1] ERROR com.charlessun.javaplcadapter.worker.impl.ConsumerWorkerImpl -- processingStrategy.process(record) 處理失敗: Processing failed
java.lang.RuntimeException: Processing failed
	at com.charlessun.javaplcadapter.worker.impl.ConsumerWorkerImpl.pollLoop(ConsumerWorkerImpl.java:51)
	at java.base/java.lang.Thread.run(Thread.java:1583)
11:01:06.852 [Thread-1] ERROR com.charlessun.javaplcadapter.worker.impl.ConsumerWorkerImpl -- processingStrategy.process(record) 處理失敗: Processing failed
java.lang.RuntimeException: Processing failed
	at com.charlessun.javaplcadapter.worker.impl.ConsumerWorkerImpl.pollLoop(ConsumerWorkerImpl.java:51)
	at java.base/java.lang.Thread.run(Thread.java:1583)
11:01:06.852 [Thread-1] ERROR com.charlessun.javaplcadapter.worker.impl.ConsumerWorkerImpl -- processingStrategy.process(record) 處理失敗: Processing failed
java.lang.RuntimeException: Processing failed
	at com.charlessun.javaplcadapter.worker.impl.ConsumerWorkerImpl.pollLoop(ConsumerWorkerImpl.java:51)
	at java.base/java.lang.Thread.run(Thread.java:1583)
11:01:06.852 [Thread-1] ERROR com.charlessun.javaplcadapter.worker.impl.ConsumerWorkerImpl -- processingStrategy.process(record) 處理失敗: Processing failed
java.lang.RuntimeException: Processing failed
	at com.charlessun.javaplcadapter.worker.impl.ConsumerWorkerImpl.pollLoop(ConsumerWorkerImpl.java:51)
	at java.base/java.lang.Thread.run(Thread.java:1583)
11:01:06.853 [Thread-1] ERROR com.charlessun.javaplcadapter.worker.impl.ConsumerWorkerImpl -- processingStrategy.process(record) 處理失敗: Processing failed
java.lang.RuntimeException: Processing failed
	at com.charlessun.javaplcadapter.worker.impl.ConsumerWorkerImpl.pollLoop(ConsumerWorkerImpl.java:51)
	at java.base/java.lang.Thread.run(Thread.java:1583)
11:01:06.853 [Thread-1] ERROR com.charlessun.javaplcadapter.worker.impl.ConsumerWorkerImpl -- processingStrategy.process(record) 處理失敗: Processing failed
java.lang.RuntimeException: Processing failed
	at com.charlessun.javaplcadapter.worker.impl.ConsumerWorkerImpl.pollLoop(ConsumerWorkerImpl.java:51)
	at java.base/java.lang.Thread.run(Thread.java:1583)
11:01:06.853 [Thread-1] ERROR com.charlessun.javaplcadapter.worker.impl.ConsumerWorkerImpl -- processingStrategy.process(record) 處理失敗: Processing failed
java.lang.RuntimeException: Processing failed
	at com.charlessun.javaplcadapter.worker.impl.ConsumerWorkerImpl.pollLoop(ConsumerWorkerImpl.java:51)
	at java.base/java.lang.Thread.run(Thread.java:1583)
11:01:06.853 [Thread-1] ERROR com.charlessun.javaplcadapter.worker.impl.ConsumerWorkerImpl -- processingStrategy.process(record) 處理失敗: Processing failed
java.lang.RuntimeException: Processing failed
	at com.charlessun.javaplcadapter.worker.impl.ConsumerWorkerImpl.pollLoop(ConsumerWorkerImpl.java:51)
	at java.base/java.lang.Thread.run(Thread.java:1583)
11:01:06.854 [Thread-1] ERROR com.charlessun.javaplcadapter.worker.impl.ConsumerWorkerImpl -- processingStrategy.process(record) 處理失敗: Processing failed
java.lang.RuntimeException: Processing failed
	at com.charlessun.javaplcadapter.worker.impl.ConsumerWorkerImpl.pollLoop(ConsumerWorkerImpl.java:51)
	at java.base/java.lang.Thread.run(Thread.java:1583)
11:01:06.854 [Thread-1] ERROR com.charlessun.javaplcadapter.worker.impl.ConsumerWorkerImpl -- processingStrategy.process(record) 處理失敗: Processing failed
java.lang.RuntimeException: Processing failed
	at com.charlessun.javaplcadapter.worker.impl.ConsumerWorkerImpl.pollLoop(ConsumerWorkerImpl.java:51)
	at java.base/java.lang.Thread.run(Thread.java:1583)
11:01:06.854 [Thread-1] ERROR com.charlessun.javaplcadapter.worker.impl.ConsumerWorkerImpl -- processingStrategy.process(record) 處理失敗: Processing failed
java.lang.RuntimeException: Processing failed
	at com.charlessun.javaplcadapter.worker.impl.ConsumerWorkerImpl.pollLoop(ConsumerWorkerImpl.java:51)
	at java.base/java.lang.Thread.run(Thread.java:1583)
11:01:06.855 [Thread-1] ERROR com.charlessun.javaplcadapter.worker.impl.ConsumerWorkerImpl -- processingStrategy.process(record) 處理失敗: Processing failed
java.lang.RuntimeException: Processing failed
	at com.charlessun.javaplcadapter.worker.impl.ConsumerWorkerImpl.pollLoop(ConsumerWorkerImpl.java:51)
	at java.base/java.lang.Thread.run(Thread.java:1583)
11:01:06.855 [Thread-1] ERROR com.charlessun.javaplcadapter.worker.impl.ConsumerWorkerImpl -- processingStrategy.process(record) 處理失敗: Processing failed
java.lang.RuntimeException: Processing failed
	at com.charlessun.javaplcadapter.worker.impl.ConsumerWorkerImpl.pollLoop(ConsumerWorkerImpl.java:51)
	at java.base/java.lang.Thread.run(Thread.java:1583)
11:01:06.855 [Thread-1] ERROR com.charlessun.javaplcadapter.worker.impl.ConsumerWorkerImpl -- processingStrategy.process(record) 處理失敗: Processing failed
java.lang.RuntimeException: Processing failed
	at com.charlessun.javaplcadapter.worker.impl.ConsumerWorkerImpl.pollLoop(ConsumerWorkerImpl.java:51)
	at java.base/java.lang.Thread.run(Thread.java:1583)
11:01:06.855 [Thread-1] ERROR com.charlessun.javaplcadapter.worker.impl.ConsumerWorkerImpl -- processingStrategy.process(record) 處理失敗: Processing failed
java.lang.RuntimeException: Processing failed
	at com.charlessun.javaplcadapter.worker.impl.ConsumerWorkerImpl.pollLoop(ConsumerWorkerImpl.java:51)
	at java.base/java.lang.Thread.run(Thread.java:1583)
11:01:06.856 [Thread-1] ERROR com.charlessun.javaplcadapter.worker.impl.ConsumerWorkerImpl -- processingStrategy.process(record) 處理失敗: Processing failed
java.lang.RuntimeException: Processing failed
	at com.charlessun.javaplcadapter.worker.impl.ConsumerWorkerImpl.pollLoop(ConsumerWorkerImpl.java:51)
	at java.base/java.lang.Thread.run(Thread.java:1583)
11:01:06.856 [Thread-1] ERROR com.charlessun.javaplcadapter.worker.impl.ConsumerWorkerImpl -- processingStrategy.process(record) 處理失敗: Processing failed
java.lang.RuntimeException: Processing failed
	at com.charlessun.javaplcadapter.worker.impl.ConsumerWorkerImpl.pollLoop(ConsumerWorkerImpl.java:51)
	at java.base/java.lang.Thread.run(Thread.java:1583)
11:01:06.856 [Thread-1] ERROR com.charlessun.javaplcadapter.worker.impl.ConsumerWorkerImpl -- processingStrategy.process(record) 處理失敗: Processing failed
java.lang.RuntimeException: Processing failed
	at com.charlessun.javaplcadapter.worker.impl.ConsumerWorkerImpl.pollLoop(ConsumerWorkerImpl.java:51)
	at java.base/java.lang.Thread.run(Thread.java:1583)
11:01:06.857 [Thread-1] ERROR com.charlessun.javaplcadapter.worker.impl.ConsumerWorkerImpl -- processingStrategy.process(record) 處理失敗: Processing failed
java.lang.RuntimeException: Processing failed
	at com.charlessun.javaplcadapter.worker.impl.ConsumerWorkerImpl.pollLoop(ConsumerWorkerImpl.java:51)
	at java.base/java.lang.Thread.run(Thread.java:1583)
11:01:06.857 [Thread-1] ERROR com.charlessun.javaplcadapter.worker.impl.ConsumerWorkerImpl -- processingStrategy.process(record) 處理失敗: Processing failed
java.lang.RuntimeException: Processing failed
	at com.charlessun.javaplcadapter.worker.impl.ConsumerWorkerImpl.pollLoop(ConsumerWorkerImpl.java:51)
	at java.base/java.lang.Thread.run(Thread.java:1583)
11:01:06.857 [Thread-1] ERROR com.charlessun.javaplcadapter.worker.impl.ConsumerWorkerImpl -- processingStrategy.process(record) 處理失敗: Processing failed
java.lang.RuntimeException: Processing failed
	at com.charlessun.javaplcadapter.worker.impl.ConsumerWorkerImpl.pollLoop(ConsumerWorkerImpl.java:51)
	at java.base/java.lang.Thread.run(Thread.java:1583)
11:01:06.858 [Thread-1] ERROR com.charlessun.javaplcadapter.worker.impl.ConsumerWorkerImpl -- processingStrategy.process(record) 處理失敗: Processing failed
java.lang.RuntimeException: Processing failed
	at com.charlessun.javaplcadapter.worker.impl.ConsumerWorkerImpl.pollLoop(ConsumerWorkerImpl.java:51)
	at java.base/java.lang.Thread.run(Thread.java:1583)
11:01:06.858 [Thread-1] ERROR com.charlessun.javaplcadapter.worker.impl.ConsumerWorkerImpl -- processingStrategy.process(record) 處理失敗: Processing failed
java.lang.RuntimeException: Processing failed
	at com.charlessun.javaplcadapter.worker.impl.ConsumerWorkerImpl.pollLoop(ConsumerWorkerImpl.java:51)
	at java.base/java.lang.Thread.run(Thread.java:1583)
11:01:06.858 [Thread-1] ERROR com.charlessun.javaplcadapter.worker.impl.ConsumerWorkerImpl -- processingStrategy.process(record) 處理失敗: Processing failed
java.lang.RuntimeException: Processing failed
	at com.charlessun.javaplcadapter.worker.impl.ConsumerWorkerImpl.pollLoop(ConsumerWorkerImpl.java:51)
	at java.base/java.lang.Thread.run(Thread.java:1583)
11:01:06.858 [Thread-1] ERROR com.charlessun.javaplcadapter.worker.impl.ConsumerWorkerImpl -- processingStrategy.process(record) 處理失敗: Processing failed
java.lang.RuntimeException: Processing failed
	at com.charlessun.javaplcadapter.worker.impl.ConsumerWorkerImpl.pollLoop(ConsumerWorkerImpl.java:51)
	at java.base/java.lang.Thread.run(Thread.java:1583)
11:01:06.858 [Thread-1] ERROR com.charlessun.javaplcadapter.worker.impl.ConsumerWorkerImpl -- processingStrategy.process(record) 處理失敗: Processing failed
java.lang.RuntimeException: Processing failed
	at com.charlessun.javaplcadapter.worker.impl.ConsumerWorkerImpl.pollLoop(ConsumerWorkerImpl.java:51)
	at java.base/java.lang.Thread.run(Thread.java:1583)
11:01:06.859 [Thread-1] ERROR com.charlessun.javaplcadapter.worker.impl.ConsumerWorkerImpl -- processingStrategy.process(record) 處理失敗: Processing failed
java.lang.RuntimeException: Processing failed
	at com.charlessun.javaplcadapter.worker.impl.ConsumerWorkerImpl.pollLoop(ConsumerWorkerImpl.java:51)
	at java.base/java.lang.Thread.run(Thread.java:1583)
11:01:06.859 [Thread-1] ERROR com.charlessun.javaplcadapter.worker.impl.ConsumerWorkerImpl -- processingStrategy.process(record) 處理失敗: Processing failed
java.lang.RuntimeException: Processing failed
	at com.charlessun.javaplcadapter.worker.impl.ConsumerWorkerImpl.pollLoop(ConsumerWorkerImpl.java:51)
	at java.base/java.lang.Thread.run(Thread.java:1583)
11:01:06.859 [Thread-1] ERROR com.charlessun.javaplcadapter.worker.impl.ConsumerWorkerImpl -- processingStrategy.process(record) 處理失敗: Processing failed
java.lang.RuntimeException: Processing failed
	at com.charlessun.javaplcadapter.worker.impl.ConsumerWorkerImpl.pollLoop(ConsumerWorkerImpl.java:51)
	at java.base/java.lang.Thread.run(Thread.java:1583)
11:01:06.859 [Thread-1] ERROR com.charlessun.javaplcadapter.worker.impl.ConsumerWorkerImpl -- processingStrategy.process(record) 處理失敗: Processing failed
java.lang.RuntimeException: Processing failed
	at com.charlessun.javaplcadapter.worker.impl.ConsumerWorkerImpl.pollLoop(ConsumerWorkerImpl.java:51)
	at java.base/java.lang.Thread.run(Thread.java:1583)
11:01:06.860 [Thread-1] ERROR com.charlessun.javaplcadapter.worker.impl.ConsumerWorkerImpl -- processingStrategy.process(record) 處理失敗: Processing failed
java.lang.RuntimeException: Processing failed
	at com.charlessun.javaplcadapter.worker.impl.ConsumerWorkerImpl.pollLoop(ConsumerWorkerImpl.java:51)
	at java.base/java.lang.Thread.run(Thread.java:1583)
11:01:06.860 [Thread-1] ERROR com.charlessun.javaplcadapter.worker.impl.ConsumerWorkerImpl -- processingStrategy.process(record) 處理失敗: Processing failed
java.lang.RuntimeException: Processing failed
	at com.charlessun.javaplcadapter.worker.impl.ConsumerWorkerImpl.pollLoop(ConsumerWorkerImpl.java:51)
	at java.base/java.lang.Thread.run(Thread.java:1583)
11:01:06.860 [Thread-1] ERROR com.charlessun.javaplcadapter.worker.impl.ConsumerWorkerImpl -- processingStrategy.process(record) 處理失敗: Processing failed
java.lang.RuntimeException: Processing failed
	at com.charlessun.javaplcadapter.worker.impl.ConsumerWorkerImpl.pollLoop(ConsumerWorkerImpl.java:51)
	at java.base/java.lang.Thread.run(Thread.java:1583)
11:01:06.860 [Thread-1] ERROR com.charlessun.javaplcadapter.worker.impl.ConsumerWorkerImpl -- processingStrategy.process(record) 處理失敗: Processing failed
java.lang.RuntimeException: Processing failed
	at com.charlessun.javaplcadapter.worker.impl.ConsumerWorkerImpl.pollLoop(ConsumerWorkerImpl.java:51)
	at java.base/java.lang.Thread.run(Thread.java:1583)
11:01:06.861 [Thread-1] ERROR com.charlessun.javaplcadapter.worker.impl.ConsumerWorkerImpl -- processingStrategy.process(record) 處理失敗: Processing failed
java.lang.RuntimeException: Processing failed
	at com.charlessun.javaplcadapter.worker.impl.ConsumerWorkerImpl.pollLoop(ConsumerWorkerImpl.java:51)
	at java.base/java.lang.Thread.run(Thread.java:1583)
11:01:06.861 [Thread-1] ERROR com.charlessun.javaplcadapter.worker.impl.ConsumerWorkerImpl -- processingStrategy.process(record) 處理失敗: Processing failed
java.lang.RuntimeException: Processing failed
	at com.charlessun.javaplcadapter.worker.impl.ConsumerWorkerImpl.pollLoop(ConsumerWorkerImpl.java:51)
	at java.base/java.lang.Thread.run(Thread.java:1583)
11:01:06.861 [Thread-1] ERROR com.charlessun.javaplcadapter.worker.impl.ConsumerWorkerImpl -- processingStrategy.process(record) 處理失敗: Processing failed
java.lang.RuntimeException: Processing failed
	at com.charlessun.javaplcadapter.worker.impl.ConsumerWorkerImpl.pollLoop(ConsumerWorkerImpl.java:51)
	at java.base/java.lang.Thread.run(Thread.java:1583)
11:01:06.861 [Thread-1] ERROR com.charlessun.javaplcadapter.worker.impl.ConsumerWorkerImpl -- processingStrategy.process(record) 處理失敗: Processing failed
java.lang.RuntimeException: Processing failed
	at com.charlessun.javaplcadapter.worker.impl.ConsumerWorkerImpl.pollLoop(ConsumerWorkerImpl.java:51)
	at java.base/java.lang.Thread.run(Thread.java:1583)
11:01:06.862 [Thread-1] ERROR com.charlessun.javaplcadapter.worker.impl.ConsumerWorkerImpl -- processingStrategy.process(record) 處理失敗: Processing failed
java.lang.RuntimeException: Processing failed
	at com.charlessun.javaplcadapter.worker.impl.ConsumerWorkerImpl.pollLoop(ConsumerWorkerImpl.java:51)
	at java.base/java.lang.Thread.run(Thread.java:1583)
11:01:06.862 [Thread-1] ERROR com.charlessun.javaplcadapter.worker.impl.ConsumerWorkerImpl -- processingStrategy.process(record) 處理失敗: Processing failed
java.lang.RuntimeException: Processing failed
	at com.charlessun.javaplcadapter.worker.impl.ConsumerWorkerImpl.pollLoop(ConsumerWorkerImpl.java:51)
	at java.base/java.lang.Thread.run(Thread.java:1583)
11:01:06.862 [Thread-1] ERROR com.charlessun.javaplcadapter.worker.impl.ConsumerWorkerImpl -- processingStrategy.process(record) 處理失敗: Processing failed
java.lang.RuntimeException: Processing failed
	at com.charlessun.javaplcadapter.worker.impl.ConsumerWorkerImpl.pollLoop(ConsumerWorkerImpl.java:51)
	at java.base/java.lang.Thread.run(Thread.java:1583)
11:01:06.863 [Thread-1] ERROR com.charlessun.javaplcadapter.worker.impl.ConsumerWorkerImpl -- processingStrategy.process(record) 處理失敗: Processing failed
java.lang.RuntimeException: Processing failed
	at com.charlessun.javaplcadapter.worker.impl.ConsumerWorkerImpl.pollLoop(ConsumerWorkerImpl.java:51)
	at java.base/java.lang.Thread.run(Thread.java:1583)
11:01:06.863 [Thread-1] ERROR com.charlessun.javaplcadapter.worker.impl.ConsumerWorkerImpl -- processingStrategy.process(record) 處理失敗: Processing failed
java.lang.RuntimeException: Processing failed
	at com.charlessun.javaplcadapter.worker.impl.ConsumerWorkerImpl.pollLoop(ConsumerWorkerImpl.java:51)
	at java.base/java.lang.Thread.run(Thread.java:1583)
11:01:06.863 [Thread-1] ERROR com.charlessun.javaplcadapter.worker.impl.ConsumerWorkerImpl -- processingStrategy.process(record) 處理失敗: Processing failed
java.lang.RuntimeException: Processing failed
	at com.charlessun.javaplcadapter.worker.impl.ConsumerWorkerImpl.pollLoop(ConsumerWorkerImpl.java:51)
	at java.base/java.lang.Thread.run(Thread.java:1583)
11:01:06.863 [Thread-1] ERROR com.charlessun.javaplcadapter.worker.impl.ConsumerWorkerImpl -- processingStrategy.process(record) 處理失敗: Processing failed
java.lang.RuntimeException: Processing failed
	at com.charlessun.javaplcadapter.worker.impl.ConsumerWorkerImpl.pollLoop(ConsumerWorkerImpl.java:51)
	at java.base/java.lang.Thread.run(Thread.java:1583)
11:01:06.863 [Thread-1] ERROR com.charlessun.javaplcadapter.worker.impl.ConsumerWorkerImpl -- processingStrategy.process(record) 處理失敗: Processing failed
java.lang.RuntimeException: Processing failed
	at com.charlessun.javaplcadapter.worker.impl.ConsumerWorkerImpl.pollLoop(ConsumerWorkerImpl.java:51)
	at java.base/java.lang.Thread.run(Thread.java:1583)
11:01:06.864 [Thread-1] ERROR com.charlessun.javaplcadapter.worker.impl.ConsumerWorkerImpl -- processingStrategy.process(record) 處理失敗: Processing failed
java.lang.RuntimeException: Processing failed
	at com.charlessun.javaplcadapter.worker.impl.ConsumerWorkerImpl.pollLoop(ConsumerWorkerImpl.java:51)
	at java.base/java.lang.Thread.run(Thread.java:1583)
11:01:06.864 [Thread-1] ERROR com.charlessun.javaplcadapter.worker.impl.ConsumerWorkerImpl -- processingStrategy.process(record) 處理失敗: Processing failed
java.lang.RuntimeException: Processing failed
	at com.charlessun.javaplcadapter.worker.impl.ConsumerWorkerImpl.pollLoop(ConsumerWorkerImpl.java:51)
	at java.base/java.lang.Thread.run(Thread.java:1583)
11:01:06.864 [Thread-1] ERROR com.charlessun.javaplcadapter.worker.impl.ConsumerWorkerImpl -- processingStrategy.process(record) 處理失敗: Processing failed
java.lang.RuntimeException: Processing failed
	at com.charlessun.javaplcadapter.worker.impl.ConsumerWorkerImpl.pollLoop(ConsumerWorkerImpl.java:51)
	at java.base/java.lang.Thread.run(Thread.java:1583)
11:01:06.864 [Thread-1] ERROR com.charlessun.javaplcadapter.worker.impl.ConsumerWorkerImpl -- processingStrategy.process(record) 處理失敗: Processing failed
java.lang.RuntimeException: Processing failed
	at com.charlessun.javaplcadapter.worker.impl.ConsumerWorkerImpl.pollLoop(ConsumerWorkerImpl.java:51)
	at java.base/java.lang.Thread.run(Thread.java:1583)
11:01:06.865 [Thread-1] ERROR com.charlessun.javaplcadapter.worker.impl.ConsumerWorkerImpl -- processingStrategy.process(record) 處理失敗: Processing failed
java.lang.RuntimeException: Processing failed
	at com.charlessun.javaplcadapter.worker.impl.ConsumerWorkerImpl.pollLoop(ConsumerWorkerImpl.java:51)
	at java.base/java.lang.Thread.run(Thread.java:1583)
11:01:06.865 [Thread-1] ERROR com.charlessun.javaplcadapter.worker.impl.ConsumerWorkerImpl -- processingStrategy.process(record) 處理失敗: Processing failed
java.lang.RuntimeException: Processing failed
	at com.charlessun.javaplcadapter.worker.impl.ConsumerWorkerImpl.pollLoop(ConsumerWorkerImpl.java:51)
	at java.base/java.lang.Thread.run(Thread.java:1583)
11:01:06.865 [Thread-1] ERROR com.charlessun.javaplcadapter.worker.impl.ConsumerWorkerImpl -- processingStrategy.process(record) 處理失敗: Processing failed
java.lang.RuntimeException: Processing failed
	at com.charlessun.javaplcadapter.worker.impl.ConsumerWorkerImpl.pollLoop(ConsumerWorkerImpl.java:51)
	at java.base/java.lang.Thread.run(Thread.java:1583)
11:01:06.865 [Thread-1] ERROR com.charlessun.javaplcadapter.worker.impl.ConsumerWorkerImpl -- processingStrategy.process(record) 處理失敗: Processing failed
java.lang.RuntimeException: Processing failed
	at com.charlessun.javaplcadapter.worker.impl.ConsumerWorkerImpl.pollLoop(ConsumerWorkerImpl.java:51)
	at java.base/java.lang.Thread.run(Thread.java:1583)
11:01:06.866 [Thread-1] ERROR com.charlessun.javaplcadapter.worker.impl.ConsumerWorkerImpl -- processingStrategy.process(record) 處理失敗: Processing failed
java.lang.RuntimeException: Processing failed
	at com.charlessun.javaplcadapter.worker.impl.ConsumerWorkerImpl.pollLoop(ConsumerWorkerImpl.java:51)
	at java.base/java.lang.Thread.run(Thread.java:1583)
11:01:06.866 [Thread-1] ERROR com.charlessun.javaplcadapter.worker.impl.ConsumerWorkerImpl -- processingStrategy.process(record) 處理失敗: Processing failed
java.lang.RuntimeException: Processing failed
	at com.charlessun.javaplcadapter.worker.impl.ConsumerWorkerImpl.pollLoop(ConsumerWorkerImpl.java:51)
	at java.base/java.lang.Thread.run(Thread.java:1583)
11:01:06.866 [Thread-1] ERROR com.charlessun.javaplcadapter.worker.impl.ConsumerWorkerImpl -- processingStrategy.process(record) 處理失敗: Processing failed
java.lang.RuntimeException: Processing failed
	at com.charlessun.javaplcadapter.worker.impl.ConsumerWorkerImpl.pollLoop(ConsumerWorkerImpl.java:51)
	at java.base/java.lang.Thread.run(Thread.java:1583)
11:01:06.866 [Thread-1] ERROR com.charlessun.javaplcadapter.worker.impl.ConsumerWorkerImpl -- processingStrategy.process(record) 處理失敗: Processing failed
java.lang.RuntimeException: Processing failed
	at com.charlessun.javaplcadapter.worker.impl.ConsumerWorkerImpl.pollLoop(ConsumerWorkerImpl.java:51)
	at java.base/java.lang.Thread.run(Thread.java:1583)
11:01:06.866 [Thread-1] ERROR com.charlessun.javaplcadapter.worker.impl.ConsumerWorkerImpl -- processingStrategy.process(record) 處理失敗: Processing failed
java.lang.RuntimeException: Processing failed
	at com.charlessun.javaplcadapter.worker.impl.ConsumerWorkerImpl.pollLoop(ConsumerWorkerImpl.java:51)
	at java.base/java.lang.Thread.run(Thread.java:1583)
11:01:06.867 [Thread-1] ERROR com.charlessun.javaplcadapter.worker.impl.ConsumerWorkerImpl -- processingStrategy.process(record) 處理失敗: Processing failed
java.lang.RuntimeException: Processing failed
	at com.charlessun.javaplcadapter.worker.impl.ConsumerWorkerImpl.pollLoop(ConsumerWorkerImpl.java:51)
	at java.base/java.lang.Thread.run(Thread.java:1583)
11:01:06.867 [Thread-1] ERROR com.charlessun.javaplcadapter.worker.impl.ConsumerWorkerImpl -- processingStrategy.process(record) 處理失敗: Processing failed
java.lang.RuntimeException: Processing failed
	at com.charlessun.javaplcadapter.worker.impl.ConsumerWorkerImpl.pollLoop(ConsumerWorkerImpl.java:51)
	at java.base/java.lang.Thread.run(Thread.java:1583)
11:01:06.867 [Thread-1] ERROR com.charlessun.javaplcadapter.worker.impl.ConsumerWorkerImpl -- processingStrategy.process(record) 處理失敗: Processing failed
java.lang.RuntimeException: Processing failed
	at com.charlessun.javaplcadapter.worker.impl.ConsumerWorkerImpl.pollLoop(ConsumerWorkerImpl.java:51)
	at java.base/java.lang.Thread.run(Thread.java:1583)
11:01:06.867 [Thread-1] ERROR com.charlessun.javaplcadapter.worker.impl.ConsumerWorkerImpl -- processingStrategy.process(record) 處理失敗: Processing failed
java.lang.RuntimeException: Processing failed
	at com.charlessun.javaplcadapter.worker.impl.ConsumerWorkerImpl.pollLoop(ConsumerWorkerImpl.java:51)
	at java.base/java.lang.Thread.run(Thread.java:1583)
11:01:06.868 [Thread-1] ERROR com.charlessun.javaplcadapter.worker.impl.ConsumerWorkerImpl -- processingStrategy.process(record) 處理失敗: Processing failed
java.lang.RuntimeException: Processing failed
	at com.charlessun.javaplcadapter.worker.impl.ConsumerWorkerImpl.pollLoop(ConsumerWorkerImpl.java:51)
	at java.base/java.lang.Thread.run(Thread.java:1583)
11:01:06.868 [Thread-1] ERROR com.charlessun.javaplcadapter.worker.impl.ConsumerWorkerImpl -- processingStrategy.process(record) 處理失敗: Processing failed
java.lang.RuntimeException: Processing failed
	at com.charlessun.javaplcadapter.worker.impl.ConsumerWorkerImpl.pollLoop(ConsumerWorkerImpl.java:51)
	at java.base/java.lang.Thread.run(Thread.java:1583)
11:01:06.869 [Thread-1] ERROR com.charlessun.javaplcadapter.worker.impl.ConsumerWorkerImpl -- processingStrategy.process(record) 處理失敗: Processing failed
java.lang.RuntimeException: Processing failed
	at com.charlessun.javaplcadapter.worker.impl.ConsumerWorkerImpl.pollLoop(ConsumerWorkerImpl.java:51)
	at java.base/java.lang.Thread.run(Thread.java:1583)
11:01:06.869 [Thread-1] ERROR com.charlessun.javaplcadapter.worker.impl.ConsumerWorkerImpl -- processingStrategy.process(record) 處理失敗: Processing failed
java.lang.RuntimeException: Processing failed
	at com.charlessun.javaplcadapter.worker.impl.ConsumerWorkerImpl.pollLoop(ConsumerWorkerImpl.java:51)
	at java.base/java.lang.Thread.run(Thread.java:1583)
11:01:06.869 [Thread-1] ERROR com.charlessun.javaplcadapter.worker.impl.ConsumerWorkerImpl -- processingStrategy.process(record) 處理失敗: Processing failed
java.lang.RuntimeException: Processing failed
	at com.charlessun.javaplcadapter.worker.impl.ConsumerWorkerImpl.pollLoop(ConsumerWorkerImpl.java:51)
	at java.base/java.lang.Thread.run(Thread.java:1583)
11:01:06.870 [Thread-1] ERROR com.charlessun.javaplcadapter.worker.impl.ConsumerWorkerImpl -- processingStrategy.process(record) 處理失敗: Processing failed
java.lang.RuntimeException: Processing failed
	at com.charlessun.javaplcadapter.worker.impl.ConsumerWorkerImpl.pollLoop(ConsumerWorkerImpl.java:51)
	at java.base/java.lang.Thread.run(Thread.java:1583)
11:01:06.870 [Thread-1] ERROR com.charlessun.javaplcadapter.worker.impl.ConsumerWorkerImpl -- processingStrategy.process(record) 處理失敗: Processing failed
java.lang.RuntimeException: Processing failed
	at com.charlessun.javaplcadapter.worker.impl.ConsumerWorkerImpl.pollLoop(ConsumerWorkerImpl.java:51)
	at java.base/java.lang.Thread.run(Thread.java:1583)
11:01:06.871 [Thread-1] ERROR com.charlessun.javaplcadapter.worker.impl.ConsumerWorkerImpl -- processingStrategy.process(record) 處理失敗: Processing failed
java.lang.RuntimeException: Processing failed
	at com.charlessun.javaplcadapter.worker.impl.ConsumerWorkerImpl.pollLoop(ConsumerWorkerImpl.java:51)
	at java.base/java.lang.Thread.run(Thread.java:1583)
11:01:06.872 [Thread-1] ERROR com.charlessun.javaplcadapter.worker.impl.ConsumerWorkerImpl -- processingStrategy.process(record) 處理失敗: Processing failed
java.lang.RuntimeException: Processing failed
	at com.charlessun.javaplcadapter.worker.impl.ConsumerWorkerImpl.pollLoop(ConsumerWorkerImpl.java:51)
	at java.base/java.lang.Thread.run(Thread.java:1583)
11:01:06.872 [Thread-1] ERROR com.charlessun.javaplcadapter.worker.impl.ConsumerWorkerImpl -- processingStrategy.process(record) 處理失敗: Processing failed
java.lang.RuntimeException: Processing failed
	at com.charlessun.javaplcadapter.worker.impl.ConsumerWorkerImpl.pollLoop(ConsumerWorkerImpl.java:51)
	at java.base/java.lang.Thread.run(Thread.java:1583)
11:01:06.876 [Thread-1] ERROR com.charlessun.javaplcadapter.worker.impl.ConsumerWorkerImpl -- processingStrategy.process(record) 處理失敗: Processing failed
java.lang.RuntimeException: Processing failed
	at com.charlessun.javaplcadapter.worker.impl.ConsumerWorkerImpl.pollLoop(ConsumerWorkerImpl.java:51)
	at java.base/java.lang.Thread.run(Thread.java:1583)
11:01:06.877 [Thread-1] ERROR com.charlessun.javaplcadapter.worker.impl.ConsumerWorkerImpl -- processingStrategy.process(record) 處理失敗: Processing failed
java.lang.RuntimeException: Processing failed
	at com.charlessun.javaplcadapter.worker.impl.ConsumerWorkerImpl.pollLoop(ConsumerWorkerImpl.java:51)
	at java.base/java.lang.Thread.run(Thread.java:1583)
11:01:06.877 [Thread-1] ERROR com.charlessun.javaplcadapter.worker.impl.ConsumerWorkerImpl -- processingStrategy.process(record) 處理失敗: Processing failed
java.lang.RuntimeException: Processing failed
	at com.charlessun.javaplcadapter.worker.impl.ConsumerWorkerImpl.pollLoop(ConsumerWorkerImpl.java:51)
	at java.base/java.lang.Thread.run(Thread.java:1583)
11:01:06.878 [Thread-1] ERROR com.charlessun.javaplcadapter.worker.impl.ConsumerWorkerImpl -- processingStrategy.process(record) 處理失敗: Processing failed
java.lang.RuntimeException: Processing failed
	at com.charlessun.javaplcadapter.worker.impl.ConsumerWorkerImpl.pollLoop(ConsumerWorkerImpl.java:51)
	at java.base/java.lang.Thread.run(Thread.java:1583)
11:01:06.879 [Thread-1] ERROR com.charlessun.javaplcadapter.worker.impl.ConsumerWorkerImpl -- processingStrategy.process(record) 處理失敗: Processing failed
java.lang.RuntimeException: Processing failed
	at com.charlessun.javaplcadapter.worker.impl.ConsumerWorkerImpl.pollLoop(ConsumerWorkerImpl.java:51)
	at java.base/java.lang.Thread.run(Thread.java:1583)
11:01:06.881 [Thread-1] ERROR com.charlessun.javaplcadapter.worker.impl.ConsumerWorkerImpl -- processingStrategy.process(record) 處理失敗: Processing failed
java.lang.RuntimeException: Processing failed
	at com.charlessun.javaplcadapter.worker.impl.ConsumerWorkerImpl.pollLoop(ConsumerWorkerImpl.java:51)
	at java.base/java.lang.Thread.run(Thread.java:1583)
11:01:06.882 [Thread-1] ERROR com.charlessun.javaplcadapter.worker.impl.ConsumerWorkerImpl -- processingStrategy.process(record) 處理失敗: Processing failed
java.lang.RuntimeException: Processing failed
	at com.charlessun.javaplcadapter.worker.impl.ConsumerWorkerImpl.pollLoop(ConsumerWorkerImpl.java:51)
	at java.base/java.lang.Thread.run(Thread.java:1583)
11:01:06.882 [Thread-1] ERROR com.charlessun.javaplcadapter.worker.impl.ConsumerWorkerImpl -- processingStrategy.process(record) 處理失敗: Processing failed
java.lang.RuntimeException: Processing failed
	at com.charlessun.javaplcadapter.worker.impl.ConsumerWorkerImpl.pollLoop(ConsumerWorkerImpl.java:51)
	at java.base/java.lang.Thread.run(Thread.java:1583)
11:01:06.883 [Thread-1] ERROR com.charlessun.javaplcadapter.worker.impl.ConsumerWorkerImpl -- processingStrategy.process(record) 處理失敗: Processing failed
java.lang.RuntimeException: Processing failed
	at com.charlessun.javaplcadapter.worker.impl.ConsumerWorkerImpl.pollLoop(ConsumerWorkerImpl.java:51)
	at java.base/java.lang.Thread.run(Thread.java:1583)
11:01:06.883 [Thread-1] ERROR com.charlessun.javaplcadapter.worker.impl.ConsumerWorkerImpl -- processingStrategy.process(record) 處理失敗: Processing failed
java.lang.RuntimeException: Processing failed
	at com.charlessun.javaplcadapter.worker.impl.ConsumerWorkerImpl.pollLoop(ConsumerWorkerImpl.java:51)
	at java.base/java.lang.Thread.run(Thread.java:1583)
11:01:06.884 [Thread-1] ERROR com.charlessun.javaplcadapter.worker.impl.ConsumerWorkerImpl -- processingStrategy.process(record) 處理失敗: Processing failed
java.lang.RuntimeException: Processing failed
	at com.charlessun.javaplcadapter.worker.impl.ConsumerWorkerImpl.pollLoop(ConsumerWorkerImpl.java:51)
	at java.base/java.lang.Thread.run(Thread.java:1583)
11:01:06.884 [Thread-1] ERROR com.charlessun.javaplcadapter.worker.impl.ConsumerWorkerImpl -- processingStrategy.process(record) 處理失敗: Processing failed
java.lang.RuntimeException: Processing failed
	at com.charlessun.javaplcadapter.worker.impl.ConsumerWorkerImpl.pollLoop(ConsumerWorkerImpl.java:51)
	at java.base/java.lang.Thread.run(Thread.java:1583)
11:01:06.884 [Thread-1] ERROR com.charlessun.javaplcadapter.worker.impl.ConsumerWorkerImpl -- processingStrategy.process(record) 處理失敗: Processing failed
java.lang.RuntimeException: Processing failed
	at com.charlessun.javaplcadapter.worker.impl.ConsumerWorkerImpl.pollLoop(ConsumerWorkerImpl.java:51)
	at java.base/java.lang.Thread.run(Thread.java:1583)
11:01:06.885 [Thread-1] ERROR com.charlessun.javaplcadapter.worker.impl.ConsumerWorkerImpl -- processingStrategy.process(record) 處理失敗: Processing failed
java.lang.RuntimeException: Processing failed
	at com.charlessun.javaplcadapter.worker.impl.ConsumerWorkerImpl.pollLoop(ConsumerWorkerImpl.java:51)
	at java.base/java.lang.Thread.run(Thread.java:1583)
11:01:06.886 [Thread-1] ERROR com.charlessun.javaplcadapter.worker.impl.ConsumerWorkerImpl -- processingStrategy.process(record) 處理失敗: Processing failed
java.lang.RuntimeException: Processing failed
	at com.charlessun.javaplcadapter.worker.impl.ConsumerWorkerImpl.pollLoop(ConsumerWorkerImpl.java:51)
	at java.base/java.lang.Thread.run(Thread.java:1583)
11:01:06.887 [Thread-1] ERROR com.charlessun.javaplcadapter.worker.impl.ConsumerWorkerImpl -- processingStrategy.process(record) 處理失敗: Processing failed
java.lang.RuntimeException: Processing failed
	at com.charlessun.javaplcadapter.worker.impl.ConsumerWorkerImpl.pollLoop(ConsumerWorkerImpl.java:51)
	at java.base/java.lang.Thread.run(Thread.java:1583)
11:01:06.887 [Thread-1] ERROR com.charlessun.javaplcadapter.worker.impl.ConsumerWorkerImpl -- processingStrategy.process(record) 處理失敗: Processing failed
java.lang.RuntimeException: Processing failed
	at com.charlessun.javaplcadapter.worker.impl.ConsumerWorkerImpl.pollLoop(ConsumerWorkerImpl.java:51)
	at java.base/java.lang.Thread.run(Thread.java:1583)
11:01:06.887 [Thread-1] ERROR com.charlessun.javaplcadapter.worker.impl.ConsumerWorkerImpl -- processingStrategy.process(record) 處理失敗: Processing failed
java.lang.RuntimeException: Processing failed
	at com.charlessun.javaplcadapter.worker.impl.ConsumerWorkerImpl.pollLoop(ConsumerWorkerImpl.java:51)
	at java.base/java.lang.Thread.run(Thread.java:1583)
11:01:06.888 [Thread-1] ERROR com.charlessun.javaplcadapter.worker.impl.ConsumerWorkerImpl -- processingStrategy.process(record) 處理失敗: Processing failed
java.lang.RuntimeException: Processing failed
	at com.charlessun.javaplcadapter.worker.impl.ConsumerWorkerImpl.pollLoop(ConsumerWorkerImpl.java:51)
	at java.base/java.lang.Thread.run(Thread.java:1583)
11:01:06.889 [Thread-1] ERROR com.charlessun.javaplcadapter.worker.impl.ConsumerWorkerImpl -- processingStrategy.process(record) 處理失敗: Processing failed
java.lang.RuntimeException: Processing failed
	at com.charlessun.javaplcadapter.worker.impl.ConsumerWorkerImpl.pollLoop(ConsumerWorkerImpl.java:51)
	at java.base/java.lang.Thread.run(Thread.java:1583)
11:01:06.889 [Thread-1] ERROR com.charlessun.javaplcadapter.worker.impl.ConsumerWorkerImpl -- processingStrategy.process(record) 處理失敗: Processing failed
java.lang.RuntimeException: Processing failed
	at com.charlessun.javaplcadapter.worker.impl.ConsumerWorkerImpl.pollLoop(ConsumerWorkerImpl.java:51)
	at java.base/java.lang.Thread.run(Thread.java:1583)
11:01:06.889 [Thread-1] ERROR com.charlessun.javaplcadapter.worker.impl.ConsumerWorkerImpl -- processingStrategy.process(record) 處理失敗: Processing failed
java.lang.RuntimeException: Processing failed
	at com.charlessun.javaplcadapter.worker.impl.ConsumerWorkerImpl.pollLoop(ConsumerWorkerImpl.java:51)
	at java.base/java.lang.Thread.run(Thread.java:1583)
11:01:06.889 [Thread-1] ERROR com.charlessun.javaplcadapter.worker.impl.ConsumerWorkerImpl -- processingStrategy.process(record) 處理失敗: Processing failed
java.lang.RuntimeException: Processing failed
	at com.charlessun.javaplcadapter.worker.impl.ConsumerWorkerImpl.pollLoop(ConsumerWorkerImpl.java:51)
	at java.base/java.lang.Thread.run(Thread.java:1583)
11:01:06.890 [Thread-1] ERROR com.charlessun.javaplcadapter.worker.impl.ConsumerWorkerImpl -- processingStrategy.process(record) 處理失敗: Processing failed
java.lang.RuntimeException: Processing failed
	at com.charlessun.javaplcadapter.worker.impl.ConsumerWorkerImpl.pollLoop(ConsumerWorkerImpl.java:51)
	at java.base/java.lang.Thread.run(Thread.java:1583)
11:01:06.890 [Thread-1] ERROR com.charlessun.javaplcadapter.worker.impl.ConsumerWorkerImpl -- processingStrategy.process(record) 處理失敗: Processing failed
java.lang.RuntimeException: Processing failed
	at com.charlessun.javaplcadapter.worker.impl.ConsumerWorkerImpl.pollLoop(ConsumerWorkerImpl.java:51)
	at java.base/java.lang.Thread.run(Thread.java:1583)
11:01:06.891 [Thread-1] ERROR com.charlessun.javaplcadapter.worker.impl.ConsumerWorkerImpl -- processingStrategy.process(record) 處理失敗: Processing failed
java.lang.RuntimeException: Processing failed
	at com.charlessun.javaplcadapter.worker.impl.ConsumerWorkerImpl.pollLoop(ConsumerWorkerImpl.java:51)
	at java.base/java.lang.Thread.run(Thread.java:1583)
11:01:06.891 [Thread-1] ERROR com.charlessun.javaplcadapter.worker.impl.ConsumerWorkerImpl -- processingStrategy.process(record) 處理失敗: Processing failed
java.lang.RuntimeException: Processing failed
	at com.charlessun.javaplcadapter.worker.impl.ConsumerWorkerImpl.pollLoop(ConsumerWorkerImpl.java:51)
	at java.base/java.lang.Thread.run(Thread.java:1583)
11:01:06.892 [Thread-1] ERROR com.charlessun.javaplcadapter.worker.impl.ConsumerWorkerImpl -- processingStrategy.process(record) 處理失敗: Processing failed
java.lang.RuntimeException: Processing failed
	at com.charlessun.javaplcadapter.worker.impl.ConsumerWorkerImpl.pollLoop(ConsumerWorkerImpl.java:51)
	at java.base/java.lang.Thread.run(Thread.java:1583)
11:01:06.892 [Thread-1] ERROR com.charlessun.javaplcadapter.worker.impl.ConsumerWorkerImpl -- processingStrategy.process(record) 處理失敗: Processing failed
java.lang.RuntimeException: Processing failed
	at com.charlessun.javaplcadapter.worker.impl.ConsumerWorkerImpl.pollLoop(ConsumerWorkerImpl.java:51)
	at java.base/java.lang.Thread.run(Thread.java:1583)
11:01:06.893 [Thread-1] ERROR com.charlessun.javaplcadapter.worker.impl.ConsumerWorkerImpl -- processingStrategy.process(record) 處理失敗: Processing failed
java.lang.RuntimeException: Processing failed
	at com.charlessun.javaplcadapter.worker.impl.ConsumerWorkerImpl.pollLoop(ConsumerWorkerImpl.java:51)
	at java.base/java.lang.Thread.run(Thread.java:1583)
11:01:06.894 [Thread-1] ERROR com.charlessun.javaplcadapter.worker.impl.ConsumerWorkerImpl -- processingStrategy.process(record) 處理失敗: Processing failed
java.lang.RuntimeException: Processing failed
	at com.charlessun.javaplcadapter.worker.impl.ConsumerWorkerImpl.pollLoop(ConsumerWorkerImpl.java:51)
	at java.base/java.lang.Thread.run(Thread.java:1583)
11:01:06.895 [Thread-1] ERROR com.charlessun.javaplcadapter.worker.impl.ConsumerWorkerImpl -- processingStrategy.process(record) 處理失敗: Processing failed
java.lang.RuntimeException: Processing failed
	at com.charlessun.javaplcadapter.worker.impl.ConsumerWorkerImpl.pollLoop(ConsumerWorkerImpl.java:51)
	at java.base/java.lang.Thread.run(Thread.java:1583)
11:01:06.895 [Thread-1] ERROR com.charlessun.javaplcadapter.worker.impl.ConsumerWorkerImpl -- processingStrategy.process(record) 處理失敗: Processing failed
java.lang.RuntimeException: Processing failed
	at com.charlessun.javaplcadapter.worker.impl.ConsumerWorkerImpl.pollLoop(ConsumerWorkerImpl.java:51)
	at java.base/java.lang.Thread.run(Thread.java:1583)
11:01:06.896 [Thread-1] ERROR com.charlessun.javaplcadapter.worker.impl.ConsumerWorkerImpl -- processingStrategy.process(record) 處理失敗: Processing failed
java.lang.RuntimeException: Processing failed
	at com.charlessun.javaplcadapter.worker.impl.ConsumerWorkerImpl.pollLoop(ConsumerWorkerImpl.java:51)
	at java.base/java.lang.Thread.run(Thread.java:1583)
11:01:06.896 [Thread-1] ERROR com.charlessun.javaplcadapter.worker.impl.ConsumerWorkerImpl -- processingStrategy.process(record) 處理失敗: Processing failed
java.lang.RuntimeException: Processing failed
	at com.charlessun.javaplcadapter.worker.impl.ConsumerWorkerImpl.pollLoop(ConsumerWorkerImpl.java:51)
	at java.base/java.lang.Thread.run(Thread.java:1583)
11:01:06.897 [Thread-1] ERROR com.charlessun.javaplcadapter.worker.impl.ConsumerWorkerImpl -- processingStrategy.process(record) 處理失敗: Processing failed
java.lang.RuntimeException: Processing failed
	at com.charlessun.javaplcadapter.worker.impl.ConsumerWorkerImpl.pollLoop(ConsumerWorkerImpl.java:51)
	at java.base/java.lang.Thread.run(Thread.java:1583)
11:01:06.897 [Thread-1] ERROR com.charlessun.javaplcadapter.worker.impl.ConsumerWorkerImpl -- processingStrategy.process(record) 處理失敗: Processing failed
java.lang.RuntimeException: Processing failed
	at com.charlessun.javaplcadapter.worker.impl.ConsumerWorkerImpl.pollLoop(ConsumerWorkerImpl.java:51)
	at java.base/java.lang.Thread.run(Thread.java:1583)
11:01:06.898 [Thread-1] ERROR com.charlessun.javaplcadapter.worker.impl.ConsumerWorkerImpl -- processingStrategy.process(record) 處理失敗: Processing failed
java.lang.RuntimeException: Processing failed
	at com.charlessun.javaplcadapter.worker.impl.ConsumerWorkerImpl.pollLoop(ConsumerWorkerImpl.java:51)
	at java.base/java.lang.Thread.run(Thread.java:1583)
11:01:06.898 [Thread-1] ERROR com.charlessun.javaplcadapter.worker.impl.ConsumerWorkerImpl -- processingStrategy.process(record) 處理失敗: Processing failed
java.lang.RuntimeException: Processing failed
	at com.charlessun.javaplcadapter.worker.impl.ConsumerWorkerImpl.pollLoop(ConsumerWorkerImpl.java:51)
	at java.base/java.lang.Thread.run(Thread.java:1583)
11:01:06.899 [Thread-1] ERROR com.charlessun.javaplcadapter.worker.impl.ConsumerWorkerImpl -- processingStrategy.process(record) 處理失敗: Processing failed
java.lang.RuntimeException: Processing failed
	at com.charlessun.javaplcadapter.worker.impl.ConsumerWorkerImpl.pollLoop(ConsumerWorkerImpl.java:51)
	at java.base/java.lang.Thread.run(Thread.java:1583)
11:01:06.899 [Thread-1] ERROR com.charlessun.javaplcadapter.worker.impl.ConsumerWorkerImpl -- processingStrategy.process(record) 處理失敗: Processing failed
java.lang.RuntimeException: Processing failed
	at com.charlessun.javaplcadapter.worker.impl.ConsumerWorkerImpl.pollLoop(ConsumerWorkerImpl.java:51)
	at java.base/java.lang.Thread.run(Thread.java:1583)
11:01:06.899 [Thread-1] ERROR com.charlessun.javaplcadapter.worker.impl.ConsumerWorkerImpl -- processingStrategy.process(record) 處理失敗: Processing failed
java.lang.RuntimeException: Processing failed
	at com.charlessun.javaplcadapter.worker.impl.ConsumerWorkerImpl.pollLoop(ConsumerWorkerImpl.java:51)
	at java.base/java.lang.Thread.run(Thread.java:1583)
11:01:06.900 [Thread-1] ERROR com.charlessun.javaplcadapter.worker.impl.ConsumerWorkerImpl -- processingStrategy.process(record) 處理失敗: Processing failed
java.lang.RuntimeException: Processing failed
	at com.charlessun.javaplcadapter.worker.impl.ConsumerWorkerImpl.pollLoop(ConsumerWorkerImpl.java:51)
	at java.base/java.lang.Thread.run(Thread.java:1583)
11:01:06.901 [Thread-1] ERROR com.charlessun.javaplcadapter.worker.impl.ConsumerWorkerImpl -- processingStrategy.process(record) 處理失敗: Processing failed
java.lang.RuntimeException: Processing failed
	at com.charlessun.javaplcadapter.worker.impl.ConsumerWorkerImpl.pollLoop(ConsumerWorkerImpl.java:51)
	at java.base/java.lang.Thread.run(Thread.java:1583)
11:01:06.901 [Thread-1] ERROR com.charlessun.javaplcadapter.worker.impl.ConsumerWorkerImpl -- processingStrategy.process(record) 處理失敗: Processing failed
java.lang.RuntimeException: Processing failed
	at com.charlessun.javaplcadapter.worker.impl.ConsumerWorkerImpl.pollLoop(ConsumerWorkerImpl.java:51)
	at java.base/java.lang.Thread.run(Thread.java:1583)
11:01:06.902 [Thread-1] ERROR com.charlessun.javaplcadapter.worker.impl.ConsumerWorkerImpl -- processingStrategy.process(record) 處理失敗: Processing failed
java.lang.RuntimeException: Processing failed
	at com.charlessun.javaplcadapter.worker.impl.ConsumerWorkerImpl.pollLoop(ConsumerWorkerImpl.java:51)
	at java.base/java.lang.Thread.run(Thread.java:1583)
11:01:06.902 [Thread-1] ERROR com.charlessun.javaplcadapter.worker.impl.ConsumerWorkerImpl -- processingStrategy.process(record) 處理失敗: Processing failed
java.lang.RuntimeException: Processing failed
	at com.charlessun.javaplcadapter.worker.impl.ConsumerWorkerImpl.pollLoop(ConsumerWorkerImpl.java:51)
	at java.base/java.lang.Thread.run(Thread.java:1583)
11:01:06.903 [Thread-1] ERROR com.charlessun.javaplcadapter.worker.impl.ConsumerWorkerImpl -- processingStrategy.process(record) 處理失敗: Processing failed
java.lang.RuntimeException: Processing failed
	at com.charlessun.javaplcadapter.worker.impl.ConsumerWorkerImpl.pollLoop(ConsumerWorkerImpl.java:51)
	at java.base/java.lang.Thread.run(Thread.java:1583)
11:01:06.904 [Thread-1] ERROR com.charlessun.javaplcadapter.worker.impl.ConsumerWorkerImpl -- processingStrategy.process(record) 處理失敗: Processing failed
java.lang.RuntimeException: Processing failed
	at com.charlessun.javaplcadapter.worker.impl.ConsumerWorkerImpl.pollLoop(ConsumerWorkerImpl.java:51)
	at java.base/java.lang.Thread.run(Thread.java:1583)
11:01:06.905 [Thread-1] ERROR com.charlessun.javaplcadapter.worker.impl.ConsumerWorkerImpl -- processingStrategy.process(record) 處理失敗: Processing failed
java.lang.RuntimeException: Processing failed
	at com.charlessun.javaplcadapter.worker.impl.ConsumerWorkerImpl.pollLoop(ConsumerWorkerImpl.java:51)
	at java.base/java.lang.Thread.run(Thread.java:1583)
11:01:06.905 [Thread-1] ERROR com.charlessun.javaplcadapter.worker.impl.ConsumerWorkerImpl -- processingStrategy.process(record) 處理失敗: Processing failed
java.lang.RuntimeException: Processing failed
	at com.charlessun.javaplcadapter.worker.impl.ConsumerWorkerImpl.pollLoop(ConsumerWorkerImpl.java:51)
	at java.base/java.lang.Thread.run(Thread.java:1583)
11:01:06.906 [Thread-1] ERROR com.charlessun.javaplcadapter.worker.impl.ConsumerWorkerImpl -- processingStrategy.process(record) 處理失敗: Processing failed
java.lang.RuntimeException: Processing failed
	at com.charlessun.javaplcadapter.worker.impl.ConsumerWorkerImpl.pollLoop(ConsumerWorkerImpl.java:51)
	at java.base/java.lang.Thread.run(Thread.java:1583)
11:01:06.906 [Thread-1] ERROR com.charlessun.javaplcadapter.worker.impl.ConsumerWorkerImpl -- processingStrategy.process(record) 處理失敗: Processing failed
java.lang.RuntimeException: Processing failed
	at com.charlessun.javaplcadapter.worker.impl.ConsumerWorkerImpl.pollLoop(ConsumerWorkerImpl.java:51)
	at java.base/java.lang.Thread.run(Thread.java:1583)
11:01:06.907 [Thread-1] ERROR com.charlessun.javaplcadapter.worker.impl.ConsumerWorkerImpl -- processingStrategy.process(record) 處理失敗: Processing failed
java.lang.RuntimeException: Processing failed
	at com.charlessun.javaplcadapter.worker.impl.ConsumerWorkerImpl.pollLoop(ConsumerWorkerImpl.java:51)
	at java.base/java.lang.Thread.run(Thread.java:1583)
11:01:06.908 [Thread-1] ERROR com.charlessun.javaplcadapter.worker.impl.ConsumerWorkerImpl -- processingStrategy.process(record) 處理失敗: Processing failed
java.lang.RuntimeException: Processing failed
	at com.charlessun.javaplcadapter.worker.impl.ConsumerWorkerImpl.pollLoop(ConsumerWorkerImpl.java:51)
	at java.base/java.lang.Thread.run(Thread.java:1583)
11:01:06.908 [Thread-1] ERROR com.charlessun.javaplcadapter.worker.impl.ConsumerWorkerImpl -- processingStrategy.process(record) 處理失敗: Processing failed
java.lang.RuntimeException: Processing failed
	at com.charlessun.javaplcadapter.worker.impl.ConsumerWorkerImpl.pollLoop(ConsumerWorkerImpl.java:51)
	at java.base/java.lang.Thread.run(Thread.java:1583)
11:01:06.909 [Thread-1] ERROR com.charlessun.javaplcadapter.worker.impl.ConsumerWorkerImpl -- processingStrategy.process(record) 處理失敗: Processing failed
java.lang.RuntimeException: Processing failed
	at com.charlessun.javaplcadapter.worker.impl.ConsumerWorkerImpl.pollLoop(ConsumerWorkerImpl.java:51)
	at java.base/java.lang.Thread.run(Thread.java:1583)
11:01:06.910 [Thread-1] ERROR com.charlessun.javaplcadapter.worker.impl.ConsumerWorkerImpl -- processingStrategy.process(record) 處理失敗: Processing failed
java.lang.RuntimeException: Processing failed
	at com.charlessun.javaplcadapter.worker.impl.ConsumerWorkerImpl.pollLoop(ConsumerWorkerImpl.java:51)
	at java.base/java.lang.Thread.run(Thread.java:1583)
11:01:06.910 [Thread-1] ERROR com.charlessun.javaplcadapter.worker.impl.ConsumerWorkerImpl -- processingStrategy.process(record) 處理失敗: Processing failed
java.lang.RuntimeException: Processing failed
	at com.charlessun.javaplcadapter.worker.impl.ConsumerWorkerImpl.pollLoop(ConsumerWorkerImpl.java:51)
	at java.base/java.lang.Thread.run(Thread.java:1583)
11:01:06.911 [Thread-1] ERROR com.charlessun.javaplcadapter.worker.impl.ConsumerWorkerImpl -- processingStrategy.process(record) 處理失敗: Processing failed
java.lang.RuntimeException: Processing failed
	at com.charlessun.javaplcadapter.worker.impl.ConsumerWorkerImpl.pollLoop(ConsumerWorkerImpl.java:51)
	at java.base/java.lang.Thread.run(Thread.java:1583)
11:01:06.912 [Thread-1] ERROR com.charlessun.javaplcadapter.worker.impl.ConsumerWorkerImpl -- processingStrategy.process(record) 處理失敗: Processing failed
java.lang.RuntimeException: Processing failed
	at com.charlessun.javaplcadapter.worker.impl.ConsumerWorkerImpl.pollLoop(ConsumerWorkerImpl.java:51)
	at java.base/java.lang.Thread.run(Thread.java:1583)
11:01:06.912 [Thread-1] ERROR com.charlessun.javaplcadapter.worker.impl.ConsumerWorkerImpl -- processingStrategy.process(record) 處理失敗: Processing failed
java.lang.RuntimeException: Processing failed
	at com.charlessun.javaplcadapter.worker.impl.ConsumerWorkerImpl.pollLoop(ConsumerWorkerImpl.java:51)
	at java.base/java.lang.Thread.run(Thread.java:1583)
11:01:06.912 [Thread-1] ERROR com.charlessun.javaplcadapter.worker.impl.ConsumerWorkerImpl -- processingStrategy.process(record) 處理失敗: Processing failed
java.lang.RuntimeException: Processing failed
	at com.charlessun.javaplcadapter.worker.impl.ConsumerWorkerImpl.pollLoop(ConsumerWorkerImpl.java:51)
	at java.base/java.lang.Thread.run(Thread.java:1583)
11:01:06.913 [Thread-1] ERROR com.charlessun.javaplcadapter.worker.impl.ConsumerWorkerImpl -- processingStrategy.process(record) 處理失敗: Processing failed
java.lang.RuntimeException: Processing failed
	at com.charlessun.javaplcadapter.worker.impl.ConsumerWorkerImpl.pollLoop(ConsumerWorkerImpl.java:51)
	at java.base/java.lang.Thread.run(Thread.java:1583)
11:01:06.913 [Thread-1] ERROR com.charlessun.javaplcadapter.worker.impl.ConsumerWorkerImpl -- processingStrategy.process(record) 處理失敗: Processing failed
java.lang.RuntimeException: Processing failed
	at com.charlessun.javaplcadapter.worker.impl.ConsumerWorkerImpl.pollLoop(ConsumerWorkerImpl.java:51)
	at java.base/java.lang.Thread.run(Thread.java:1583)
11:01:06.913 [Thread-1] ERROR com.charlessun.javaplcadapter.worker.impl.ConsumerWorkerImpl -- processingStrategy.process(record) 處理失敗: Processing failed
java.lang.RuntimeException: Processing failed
	at com.charlessun.javaplcadapter.worker.impl.ConsumerWorkerImpl.pollLoop(ConsumerWorkerImpl.java:51)
	at java.base/java.lang.Thread.run(Thread.java:1583)
11:01:06.914 [Thread-1] ERROR com.charlessun.javaplcadapter.worker.impl.ConsumerWorkerImpl -- processingStrategy.process(record) 處理失敗: Processing failed
java.lang.RuntimeException: Processing failed
	at com.charlessun.javaplcadapter.worker.impl.ConsumerWorkerImpl.pollLoop(ConsumerWorkerImpl.java:51)
	at java.base/java.lang.Thread.run(Thread.java:1583)
11:01:06.914 [Thread-1] ERROR com.charlessun.javaplcadapter.worker.impl.ConsumerWorkerImpl -- processingStrategy.process(record) 處理失敗: Processing failed
java.lang.RuntimeException: Processing failed
	at com.charlessun.javaplcadapter.worker.impl.ConsumerWorkerImpl.pollLoop(ConsumerWorkerImpl.java:51)
	at java.base/java.lang.Thread.run(Thread.java:1583)
11:01:06.915 [Thread-1] ERROR com.charlessun.javaplcadapter.worker.impl.ConsumerWorkerImpl -- processingStrategy.process(record) 處理失敗: Processing failed
java.lang.RuntimeException: Processing failed
	at com.charlessun.javaplcadapter.worker.impl.ConsumerWorkerImpl.pollLoop(ConsumerWorkerImpl.java:51)
	at java.base/java.lang.Thread.run(Thread.java:1583)
11:01:06.915 [Thread-1] ERROR com.charlessun.javaplcadapter.worker.impl.ConsumerWorkerImpl -- processingStrategy.process(record) 處理失敗: Processing failed
java.lang.RuntimeException: Processing failed
	at com.charlessun.javaplcadapter.worker.impl.ConsumerWorkerImpl.pollLoop(ConsumerWorkerImpl.java:51)
	at java.base/java.lang.Thread.run(Thread.java:1583)
11:01:06.915 [Thread-1] ERROR com.charlessun.javaplcadapter.worker.impl.ConsumerWorkerImpl -- processingStrategy.process(record) 處理失敗: Processing failed
java.lang.RuntimeException: Processing failed
	at com.charlessun.javaplcadapter.worker.impl.ConsumerWorkerImpl.pollLoop(ConsumerWorkerImpl.java:51)
	at java.base/java.lang.Thread.run(Thread.java:1583)
11:01:06.915 [Thread-1] ERROR com.charlessun.javaplcadapter.worker.impl.ConsumerWorkerImpl -- processingStrategy.process(record) 處理失敗: Processing failed
java.lang.RuntimeException: Processing failed
	at com.charlessun.javaplcadapter.worker.impl.ConsumerWorkerImpl.pollLoop(ConsumerWorkerImpl.java:51)
	at java.base/java.lang.Thread.run(Thread.java:1583)
11:01:06.916 [Thread-1] ERROR com.charlessun.javaplcadapter.worker.impl.ConsumerWorkerImpl -- processingStrategy.process(record) 處理失敗: Processing failed
java.lang.RuntimeException: Processing failed
	at com.charlessun.javaplcadapter.worker.impl.ConsumerWorkerImpl.pollLoop(ConsumerWorkerImpl.java:51)
	at java.base/java.lang.Thread.run(Thread.java:1583)
11:01:06.916 [Thread-1] ERROR com.charlessun.javaplcadapter.worker.impl.ConsumerWorkerImpl -- processingStrategy.process(record) 處理失敗: Processing failed
java.lang.RuntimeException: Processing failed
	at com.charlessun.javaplcadapter.worker.impl.ConsumerWorkerImpl.pollLoop(ConsumerWorkerImpl.java:51)
	at java.base/java.lang.Thread.run(Thread.java:1583)
11:01:06.916 [Thread-1] ERROR com.charlessun.javaplcadapter.worker.impl.ConsumerWorkerImpl -- processingStrategy.process(record) 處理失敗: Processing failed
java.lang.RuntimeException: Processing failed
	at com.charlessun.javaplcadapter.worker.impl.ConsumerWorkerImpl.pollLoop(ConsumerWorkerImpl.java:51)
	at java.base/java.lang.Thread.run(Thread.java:1583)
11:01:06.916 [Thread-1] ERROR com.charlessun.javaplcadapter.worker.impl.ConsumerWorkerImpl -- processingStrategy.process(record) 處理失敗: Processing failed
java.lang.RuntimeException: Processing failed
	at com.charlessun.javaplcadapter.worker.impl.ConsumerWorkerImpl.pollLoop(ConsumerWorkerImpl.java:51)
	at java.base/java.lang.Thread.run(Thread.java:1583)
11:01:06.917 [Thread-1] ERROR com.charlessun.javaplcadapter.worker.impl.ConsumerWorkerImpl -- processingStrategy.process(record) 處理失敗: Processing failed
java.lang.RuntimeException: Processing failed
	at com.charlessun.javaplcadapter.worker.impl.ConsumerWorkerImpl.pollLoop(ConsumerWorkerImpl.java:51)
	at java.base/java.lang.Thread.run(Thread.java:1583)
11:01:06.917 [Thread-1] ERROR com.charlessun.javaplcadapter.worker.impl.ConsumerWorkerImpl -- processingStrategy.process(record) 處理失敗: Processing failed
java.lang.RuntimeException: Processing failed
	at com.charlessun.javaplcadapter.worker.impl.ConsumerWorkerImpl.pollLoop(ConsumerWorkerImpl.java:51)
	at java.base/java.lang.Thread.run(Thread.java:1583)
11:01:06.917 [Thread-1] ERROR com.charlessun.javaplcadapter.worker.impl.ConsumerWorkerImpl -- processingStrategy.process(record) 處理失敗: Processing failed
java.lang.RuntimeException: Processing failed
	at com.charlessun.javaplcadapter.worker.impl.ConsumerWorkerImpl.pollLoop(ConsumerWorkerImpl.java:51)
	at java.base/java.lang.Thread.run(Thread.java:1583)
11:01:06.918 [Thread-1] ERROR com.charlessun.javaplcadapter.worker.impl.ConsumerWorkerImpl -- processingStrategy.process(record) 處理失敗: Processing failed
java.lang.RuntimeException: Processing failed
	at com.charlessun.javaplcadapter.worker.impl.ConsumerWorkerImpl.pollLoop(ConsumerWorkerImpl.java:51)
	at java.base/java.lang.Thread.run(Thread.java:1583)
11:01:06.918 [Thread-1] ERROR com.charlessun.javaplcadapter.worker.impl.ConsumerWorkerImpl -- processingStrategy.process(record) 處理失敗: Processing failed
java.lang.RuntimeException: Processing failed
	at com.charlessun.javaplcadapter.worker.impl.ConsumerWorkerImpl.pollLoop(ConsumerWorkerImpl.java:51)
	at java.base/java.lang.Thread.run(Thread.java:1583)
11:01:06.918 [Thread-1] ERROR com.charlessun.javaplcadapter.worker.impl.ConsumerWorkerImpl -- processingStrategy.process(record) 處理失敗: Processing failed
java.lang.RuntimeException: Processing failed
	at com.charlessun.javaplcadapter.worker.impl.ConsumerWorkerImpl.pollLoop(ConsumerWorkerImpl.java:51)
	at java.base/java.lang.Thread.run(Thread.java:1583)
11:01:06.918 [Thread-1] ERROR com.charlessun.javaplcadapter.worker.impl.ConsumerWorkerImpl -- processingStrategy.process(record) 處理失敗: Processing failed
java.lang.RuntimeException: Processing failed
	at com.charlessun.javaplcadapter.worker.impl.ConsumerWorkerImpl.pollLoop(ConsumerWorkerImpl.java:51)
	at java.base/java.lang.Thread.run(Thread.java:1583)
11:01:06.919 [Thread-1] ERROR com.charlessun.javaplcadapter.worker.impl.ConsumerWorkerImpl -- processingStrategy.process(record) 處理失敗: Processing failed
java.lang.RuntimeException: Processing failed
	at com.charlessun.javaplcadapter.worker.impl.ConsumerWorkerImpl.pollLoop(ConsumerWorkerImpl.java:51)
	at java.base/java.lang.Thread.run(Thread.java:1583)
11:01:06.919 [Thread-1] ERROR com.charlessun.javaplcadapter.worker.impl.ConsumerWorkerImpl -- processingStrategy.process(record) 處理失敗: Processing failed
java.lang.RuntimeException: Processing failed
	at com.charlessun.javaplcadapter.worker.impl.ConsumerWorkerImpl.pollLoop(ConsumerWorkerImpl.java:51)
	at java.base/java.lang.Thread.run(Thread.java:1583)
11:01:06.919 [Thread-1] ERROR com.charlessun.javaplcadapter.worker.impl.ConsumerWorkerImpl -- processingStrategy.process(record) 處理失敗: Processing failed
java.lang.RuntimeException: Processing failed
	at com.charlessun.javaplcadapter.worker.impl.ConsumerWorkerImpl.pollLoop(ConsumerWorkerImpl.java:51)
	at java.base/java.lang.Thread.run(Thread.java:1583)
11:01:06.920 [Thread-1] ERROR com.charlessun.javaplcadapter.worker.impl.ConsumerWorkerImpl -- processingStrategy.process(record) 處理失敗: Processing failed
java.lang.RuntimeException: Processing failed
	at com.charlessun.javaplcadapter.worker.impl.ConsumerWorkerImpl.pollLoop(ConsumerWorkerImpl.java:51)
	at java.base/java.lang.Thread.run(Thread.java:1583)
11:01:06.920 [Thread-1] ERROR com.charlessun.javaplcadapter.worker.impl.ConsumerWorkerImpl -- processingStrategy.process(record) 處理失敗: Processing failed
java.lang.RuntimeException: Processing failed
	at com.charlessun.javaplcadapter.worker.impl.ConsumerWorkerImpl.pollLoop(ConsumerWorkerImpl.java:51)
	at java.base/java.lang.Thread.run(Thread.java:1583)
11:01:06.921 [Thread-1] ERROR com.charlessun.javaplcadapter.worker.impl.ConsumerWorkerImpl -- processingStrategy.process(record) 處理失敗: Processing failed
java.lang.RuntimeException: Processing failed
	at com.charlessun.javaplcadapter.worker.impl.ConsumerWorkerImpl.pollLoop(ConsumerWorkerImpl.java:51)
	at java.base/java.lang.Thread.run(Thread.java:1583)
11:01:06.921 [Thread-1] ERROR com.charlessun.javaplcadapter.worker.impl.ConsumerWorkerImpl -- processingStrategy.process(record) 處理失敗: Processing failed
java.lang.RuntimeException: Processing failed
	at com.charlessun.javaplcadapter.worker.impl.ConsumerWorkerImpl.pollLoop(ConsumerWorkerImpl.java:51)
	at java.base/java.lang.Thread.run(Thread.java:1583)
11:01:06.922 [Thread-1] ERROR com.charlessun.javaplcadapter.worker.impl.ConsumerWorkerImpl -- processingStrategy.process(record) 處理失敗: Processing failed
java.lang.RuntimeException: Processing failed
	at com.charlessun.javaplcadapter.worker.impl.ConsumerWorkerImpl.pollLoop(ConsumerWorkerImpl.java:51)
	at java.base/java.lang.Thread.run(Thread.java:1583)
11:01:06.923 [Thread-1] ERROR com.charlessun.javaplcadapter.worker.impl.ConsumerWorkerImpl -- processingStrategy.process(record) 處理失敗: Processing failed
java.lang.RuntimeException: Processing failed
	at com.charlessun.javaplcadapter.worker.impl.ConsumerWorkerImpl.pollLoop(ConsumerWorkerImpl.java:51)
	at java.base/java.lang.Thread.run(Thread.java:1583)
11:01:06.923 [Thread-1] ERROR com.charlessun.javaplcadapter.worker.impl.ConsumerWorkerImpl -- processingStrategy.process(record) 處理失敗: Processing failed
java.lang.RuntimeException: Processing failed
	at com.charlessun.javaplcadapter.worker.impl.ConsumerWorkerImpl.pollLoop(ConsumerWorkerImpl.java:51)
	at java.base/java.lang.Thread.run(Thread.java:1583)
11:01:06.925 [Thread-1] ERROR com.charlessun.javaplcadapter.worker.impl.ConsumerWorkerImpl -- processingStrategy.process(record) 處理失敗: Processing failed
java.lang.RuntimeException: Processing failed
	at com.charlessun.javaplcadapter.worker.impl.ConsumerWorkerImpl.pollLoop(ConsumerWorkerImpl.java:51)
	at java.base/java.lang.Thread.run(Thread.java:1583)
11:01:06.926 [Thread-1] ERROR com.charlessun.javaplcadapter.worker.impl.ConsumerWorkerImpl -- processingStrategy.process(record) 處理失敗: Processing failed
java.lang.RuntimeException: Processing failed
	at com.charlessun.javaplcadapter.worker.impl.ConsumerWorkerImpl.pollLoop(ConsumerWorkerImpl.java:51)
	at java.base/java.lang.Thread.run(Thread.java:1583)
11:01:06.928 [Thread-1] ERROR com.charlessun.javaplcadapter.worker.impl.ConsumerWorkerImpl -- processingStrategy.process(record) 處理失敗: Processing failed
java.lang.RuntimeException: Processing failed
	at com.charlessun.javaplcadapter.worker.impl.ConsumerWorkerImpl.pollLoop(ConsumerWorkerImpl.java:51)
	at java.base/java.lang.Thread.run(Thread.java:1583)
11:01:06.928 [Thread-1] ERROR com.charlessun.javaplcadapter.worker.impl.ConsumerWorkerImpl -- processingStrategy.process(record) 處理失敗: Processing failed
java.lang.RuntimeException: Processing failed
	at com.charlessun.javaplcadapter.worker.impl.ConsumerWorkerImpl.pollLoop(ConsumerWorkerImpl.java:51)
	at java.base/java.lang.Thread.run(Thread.java:1583)
11:01:06.929 [Thread-1] ERROR com.charlessun.javaplcadapter.worker.impl.ConsumerWorkerImpl -- processingStrategy.process(record) 處理失敗: Processing failed
java.lang.RuntimeException: Processing failed
	at com.charlessun.javaplcadapter.worker.impl.ConsumerWorkerImpl.pollLoop(ConsumerWorkerImpl.java:51)
	at java.base/java.lang.Thread.run(Thread.java:1583)
11:01:06.930 [Thread-1] ERROR com.charlessun.javaplcadapter.worker.impl.ConsumerWorkerImpl -- processingStrategy.process(record) 處理失敗: Processing failed
java.lang.RuntimeException: Processing failed
	at com.charlessun.javaplcadapter.worker.impl.ConsumerWorkerImpl.pollLoop(ConsumerWorkerImpl.java:51)
	at java.base/java.lang.Thread.run(Thread.java:1583)
11:01:06.930 [Thread-1] ERROR com.charlessun.javaplcadapter.worker.impl.ConsumerWorkerImpl -- processingStrategy.process(record) 處理失敗: Processing failed
java.lang.RuntimeException: Processing failed
	at com.charlessun.javaplcadapter.worker.impl.ConsumerWorkerImpl.pollLoop(ConsumerWorkerImpl.java:51)
	at java.base/java.lang.Thread.run(Thread.java:1583)
11:01:06.930 [Thread-1] ERROR com.charlessun.javaplcadapter.worker.impl.ConsumerWorkerImpl -- processingStrategy.process(record) 處理失敗: Processing failed
java.lang.RuntimeException: Processing failed
	at com.charlessun.javaplcadapter.worker.impl.ConsumerWorkerImpl.pollLoop(ConsumerWorkerImpl.java:51)
	at java.base/java.lang.Thread.run(Thread.java:1583)
11:01:06.930 [Thread-1] ERROR com.charlessun.javaplcadapter.worker.impl.ConsumerWorkerImpl -- processingStrategy.process(record) 處理失敗: Processing failed
java.lang.RuntimeException: Processing failed
	at com.charlessun.javaplcadapter.worker.impl.ConsumerWorkerImpl.pollLoop(ConsumerWorkerImpl.java:51)
	at java.base/java.lang.Thread.run(Thread.java:1583)
11:01:06.931 [Thread-1] ERROR com.charlessun.javaplcadapter.worker.impl.ConsumerWorkerImpl -- processingStrategy.process(record) 處理失敗: Processing failed
java.lang.RuntimeException: Processing failed
	at com.charlessun.javaplcadapter.worker.impl.ConsumerWorkerImpl.pollLoop(ConsumerWorkerImpl.java:51)
	at java.base/java.lang.Thread.run(Thread.java:1583)
11:01:06.931 [Thread-1] ERROR com.charlessun.javaplcadapter.worker.impl.ConsumerWorkerImpl -- processingStrategy.process(record) 處理失敗: Processing failed
java.lang.RuntimeException: Processing failed
	at com.charlessun.javaplcadapter.worker.impl.ConsumerWorkerImpl.pollLoop(ConsumerWorkerImpl.java:51)
	at java.base/java.lang.Thread.run(Thread.java:1583)
11:01:06.931 [Thread-1] ERROR com.charlessun.javaplcadapter.worker.impl.ConsumerWorkerImpl -- processingStrategy.process(record) 處理失敗: Processing failed
java.lang.RuntimeException: Processing failed
	at com.charlessun.javaplcadapter.worker.impl.ConsumerWorkerImpl.pollLoop(ConsumerWorkerImpl.java:51)
	at java.base/java.lang.Thread.run(Thread.java:1583)
11:01:06.931 [Thread-1] ERROR com.charlessun.javaplcadapter.worker.impl.ConsumerWorkerImpl -- processingStrategy.process(record) 處理失敗: Processing failed
java.lang.RuntimeException: Processing failed
	at com.charlessun.javaplcadapter.worker.impl.ConsumerWorkerImpl.pollLoop(ConsumerWorkerImpl.java:51)
	at java.base/java.lang.Thread.run(Thread.java:1583)
11:01:06.932 [Thread-1] ERROR com.charlessun.javaplcadapter.worker.impl.ConsumerWorkerImpl -- processingStrategy.process(record) 處理失敗: Processing failed
java.lang.RuntimeException: Processing failed
	at com.charlessun.javaplcadapter.worker.impl.ConsumerWorkerImpl.pollLoop(ConsumerWorkerImpl.java:51)
	at java.base/java.lang.Thread.run(Thread.java:1583)
11:01:06.932 [Thread-1] ERROR com.charlessun.javaplcadapter.worker.impl.ConsumerWorkerImpl -- processingStrategy.process(record) 處理失敗: Processing failed
java.lang.RuntimeException: Processing failed
	at com.charlessun.javaplcadapter.worker.impl.ConsumerWorkerImpl.pollLoop(ConsumerWorkerImpl.java:51)
	at java.base/java.lang.Thread.run(Thread.java:1583)
11:01:06.933 [Thread-1] ERROR com.charlessun.javaplcadapter.worker.impl.ConsumerWorkerImpl -- processingStrategy.process(record) 處理失敗: Processing failed
java.lang.RuntimeException: Processing failed
	at com.charlessun.javaplcadapter.worker.impl.ConsumerWorkerImpl.pollLoop(ConsumerWorkerImpl.java:51)
	at java.base/java.lang.Thread.run(Thread.java:1583)
11:01:06.933 [Thread-1] ERROR com.charlessun.javaplcadapter.worker.impl.ConsumerWorkerImpl -- processingStrategy.process(record) 處理失敗: Processing failed
java.lang.RuntimeException: Processing failed
	at com.charlessun.javaplcadapter.worker.impl.ConsumerWorkerImpl.pollLoop(ConsumerWorkerImpl.java:51)
	at java.base/java.lang.Thread.run(Thread.java:1583)
11:01:06.933 [Thread-1] ERROR com.charlessun.javaplcadapter.worker.impl.ConsumerWorkerImpl -- processingStrategy.process(record) 處理失敗: Processing failed
java.lang.RuntimeException: Processing failed
	at com.charlessun.javaplcadapter.worker.impl.ConsumerWorkerImpl.pollLoop(ConsumerWorkerImpl.java:51)
	at java.base/java.lang.Thread.run(Thread.java:1583)
11:01:06.934 [Thread-1] ERROR com.charlessun.javaplcadapter.worker.impl.ConsumerWorkerImpl -- processingStrategy.process(record) 處理失敗: Processing failed
java.lang.RuntimeException: Processing failed
	at com.charlessun.javaplcadapter.worker.impl.ConsumerWorkerImpl.pollLoop(ConsumerWorkerImpl.java:51)
	at java.base/java.lang.Thread.run(Thread.java:1583)
11:01:06.934 [Thread-1] ERROR com.charlessun.javaplcadapter.worker.impl.ConsumerWorkerImpl -- processingStrategy.process(record) 處理失敗: Processing failed
java.lang.RuntimeException: Processing failed
	at com.charlessun.javaplcadapter.worker.impl.ConsumerWorkerImpl.pollLoop(ConsumerWorkerImpl.java:51)
	at java.base/java.lang.Thread.run(Thread.java:1583)
11:01:06.934 [Thread-1] ERROR com.charlessun.javaplcadapter.worker.impl.ConsumerWorkerImpl -- processingStrategy.process(record) 處理失敗: Processing failed
java.lang.RuntimeException: Processing failed
	at com.charlessun.javaplcadapter.worker.impl.ConsumerWorkerImpl.pollLoop(ConsumerWorkerImpl.java:51)
	at java.base/java.lang.Thread.run(Thread.java:1583)
11:01:06.935 [Thread-1] ERROR com.charlessun.javaplcadapter.worker.impl.ConsumerWorkerImpl -- processingStrategy.process(record) 處理失敗: Processing failed
java.lang.RuntimeException: Processing failed
	at com.charlessun.javaplcadapter.worker.impl.ConsumerWorkerImpl.pollLoop(ConsumerWorkerImpl.java:51)
	at java.base/java.lang.Thread.run(Thread.java:1583)
11:01:06.935 [Thread-1] ERROR com.charlessun.javaplcadapter.worker.impl.ConsumerWorkerImpl -- processingStrategy.process(record) 處理失敗: Processing failed
java.lang.RuntimeException: Processing failed
	at com.charlessun.javaplcadapter.worker.impl.ConsumerWorkerImpl.pollLoop(ConsumerWorkerImpl.java:51)
	at java.base/java.lang.Thread.run(Thread.java:1583)
11:01:06.936 [Thread-1] ERROR com.charlessun.javaplcadapter.worker.impl.ConsumerWorkerImpl -- processingStrategy.process(record) 處理失敗: Processing failed
java.lang.RuntimeException: Processing failed
	at com.charlessun.javaplcadapter.worker.impl.ConsumerWorkerImpl.pollLoop(ConsumerWorkerImpl.java:51)
	at java.base/java.lang.Thread.run(Thread.java:1583)
11:01:06.936 [Thread-1] ERROR com.charlessun.javaplcadapter.worker.impl.ConsumerWorkerImpl -- processingStrategy.process(record) 處理失敗: Processing failed
java.lang.RuntimeException: Processing failed
	at com.charlessun.javaplcadapter.worker.impl.ConsumerWorkerImpl.pollLoop(ConsumerWorkerImpl.java:51)
	at java.base/java.lang.Thread.run(Thread.java:1583)
11:01:06.936 [Thread-1] ERROR com.charlessun.javaplcadapter.worker.impl.ConsumerWorkerImpl -- processingStrategy.process(record) 處理失敗: Processing failed
java.lang.RuntimeException: Processing failed
	at com.charlessun.javaplcadapter.worker.impl.ConsumerWorkerImpl.pollLoop(ConsumerWorkerImpl.java:51)
	at java.base/java.lang.Thread.run(Thread.java:1583)
11:01:06.936 [Thread-1] ERROR com.charlessun.javaplcadapter.worker.impl.ConsumerWorkerImpl -- processingStrategy.process(record) 處理失敗: Processing failed
java.lang.RuntimeException: Processing failed
	at com.charlessun.javaplcadapter.worker.impl.ConsumerWorkerImpl.pollLoop(ConsumerWorkerImpl.java:51)
	at java.base/java.lang.Thread.run(Thread.java:1583)
11:01:06.937 [Thread-1] ERROR com.charlessun.javaplcadapter.worker.impl.ConsumerWorkerImpl -- processingStrategy.process(record) 處理失敗: Processing failed
java.lang.RuntimeException: Processing failed
	at com.charlessun.javaplcadapter.worker.impl.ConsumerWorkerImpl.pollLoop(ConsumerWorkerImpl.java:51)
	at java.base/java.lang.Thread.run(Thread.java:1583)
11:01:06.937 [Thread-1] ERROR com.charlessun.javaplcadapter.worker.impl.ConsumerWorkerImpl -- processingStrategy.process(record) 處理失敗: Processing failed
java.lang.RuntimeException: Processing failed
	at com.charlessun.javaplcadapter.worker.impl.ConsumerWorkerImpl.pollLoop(ConsumerWorkerImpl.java:51)
	at java.base/java.lang.Thread.run(Thread.java:1583)
11:01:06.937 [Thread-1] ERROR com.charlessun.javaplcadapter.worker.impl.ConsumerWorkerImpl -- processingStrategy.process(record) 處理失敗: Processing failed
java.lang.RuntimeException: Processing failed
	at com.charlessun.javaplcadapter.worker.impl.ConsumerWorkerImpl.pollLoop(ConsumerWorkerImpl.java:51)
	at java.base/java.lang.Thread.run(Thread.java:1583)
11:01:06.937 [Thread-1] ERROR com.charlessun.javaplcadapter.worker.impl.ConsumerWorkerImpl -- processingStrategy.process(record) 處理失敗: Processing failed
java.lang.RuntimeException: Processing failed
	at com.charlessun.javaplcadapter.worker.impl.ConsumerWorkerImpl.pollLoop(ConsumerWorkerImpl.java:51)
	at java.base/java.lang.Thread.run(Thread.java:1583)
11:01:06.938 [Thread-1] ERROR com.charlessun.javaplcadapter.worker.impl.ConsumerWorkerImpl -- processingStrategy.process(record) 處理失敗: Processing failed
java.lang.RuntimeException: Processing failed
	at com.charlessun.javaplcadapter.worker.impl.ConsumerWorkerImpl.pollLoop(ConsumerWorkerImpl.java:51)
	at java.base/java.lang.Thread.run(Thread.java:1583)
11:01:06.938 [Thread-1] ERROR com.charlessun.javaplcadapter.worker.impl.ConsumerWorkerImpl -- processingStrategy.process(record) 處理失敗: Processing failed
java.lang.RuntimeException: Processing failed
	at com.charlessun.javaplcadapter.worker.impl.ConsumerWorkerImpl.pollLoop(ConsumerWorkerImpl.java:51)
	at java.base/java.lang.Thread.run(Thread.java:1583)
11:01:06.938 [Thread-1] ERROR com.charlessun.javaplcadapter.worker.impl.ConsumerWorkerImpl -- processingStrategy.process(record) 處理失敗: Processing failed
java.lang.RuntimeException: Processing failed
	at com.charlessun.javaplcadapter.worker.impl.ConsumerWorkerImpl.pollLoop(ConsumerWorkerImpl.java:51)
	at java.base/java.lang.Thread.run(Thread.java:1583)
11:01:06.939 [Thread-1] ERROR com.charlessun.javaplcadapter.worker.impl.ConsumerWorkerImpl -- processingStrategy.process(record) 處理失敗: Processing failed
java.lang.RuntimeException: Processing failed
	at com.charlessun.javaplcadapter.worker.impl.ConsumerWorkerImpl.pollLoop(ConsumerWorkerImpl.java:51)
	at java.base/java.lang.Thread.run(Thread.java:1583)
11:01:06.939 [Thread-1] ERROR com.charlessun.javaplcadapter.worker.impl.ConsumerWorkerImpl -- processingStrategy.process(record) 處理失敗: Processing failed
java.lang.RuntimeException: Processing failed
	at com.charlessun.javaplcadapter.worker.impl.ConsumerWorkerImpl.pollLoop(ConsumerWorkerImpl.java:51)
	at java.base/java.lang.Thread.run(Thread.java:1583)
11:01:06.939 [Thread-1] ERROR com.charlessun.javaplcadapter.worker.impl.ConsumerWorkerImpl -- processingStrategy.process(record) 處理失敗: Processing failed
java.lang.RuntimeException: Processing failed
	at com.charlessun.javaplcadapter.worker.impl.ConsumerWorkerImpl.pollLoop(ConsumerWorkerImpl.java:51)
	at java.base/java.lang.Thread.run(Thread.java:1583)
11:01:06.940 [Thread-1] ERROR com.charlessun.javaplcadapter.worker.impl.ConsumerWorkerImpl -- processingStrategy.process(record) 處理失敗: Processing failed
java.lang.RuntimeException: Processing failed
	at com.charlessun.javaplcadapter.worker.impl.ConsumerWorkerImpl.pollLoop(ConsumerWorkerImpl.java:51)
	at java.base/java.lang.Thread.run(Thread.java:1583)
11:01:06.940 [Thread-1] ERROR com.charlessun.javaplcadapter.worker.impl.ConsumerWorkerImpl -- processingStrategy.process(record) 處理失敗: Processing failed
java.lang.RuntimeException: Processing failed
	at com.charlessun.javaplcadapter.worker.impl.ConsumerWorkerImpl.pollLoop(ConsumerWorkerImpl.java:51)
	at java.base/java.lang.Thread.run(Thread.java:1583)
11:01:06.940 [Thread-1] ERROR com.charlessun.javaplcadapter.worker.impl.ConsumerWorkerImpl -- processingStrategy.process(record) 處理失敗: Processing failed
java.lang.RuntimeException: Processing failed
	at com.charlessun.javaplcadapter.worker.impl.ConsumerWorkerImpl.pollLoop(ConsumerWorkerImpl.java:51)
	at java.base/java.lang.Thread.run(Thread.java:1583)
11:01:06.940 [Thread-1] ERROR com.charlessun.javaplcadapter.worker.impl.ConsumerWorkerImpl -- processingStrategy.process(record) 處理失敗: Processing failed
java.lang.RuntimeException: Processing failed
	at com.charlessun.javaplcadapter.worker.impl.ConsumerWorkerImpl.pollLoop(ConsumerWorkerImpl.java:51)
	at java.base/java.lang.Thread.run(Thread.java:1583)
11:01:06.941 [Thread-1] ERROR com.charlessun.javaplcadapter.worker.impl.ConsumerWorkerImpl -- processingStrategy.process(record) 處理失敗: Processing failed
java.lang.RuntimeException: Processing failed
	at com.charlessun.javaplcadapter.worker.impl.ConsumerWorkerImpl.pollLoop(ConsumerWorkerImpl.java:51)
	at java.base/java.lang.Thread.run(Thread.java:1583)
11:01:06.941 [Thread-1] ERROR com.charlessun.javaplcadapter.worker.impl.ConsumerWorkerImpl -- processingStrategy.process(record) 處理失敗: Processing failed
java.lang.RuntimeException: Processing failed
	at com.charlessun.javaplcadapter.worker.impl.ConsumerWorkerImpl.pollLoop(ConsumerWorkerImpl.java:51)
	at java.base/java.lang.Thread.run(Thread.java:1583)
11:01:06.941 [Thread-1] ERROR com.charlessun.javaplcadapter.worker.impl.ConsumerWorkerImpl -- processingStrategy.process(record) 處理失敗: Processing failed
java.lang.RuntimeException: Processing failed
	at com.charlessun.javaplcadapter.worker.impl.ConsumerWorkerImpl.pollLoop(ConsumerWorkerImpl.java:51)
	at java.base/java.lang.Thread.run(Thread.java:1583)
11:01:06.942 [Thread-1] ERROR com.charlessun.javaplcadapter.worker.impl.ConsumerWorkerImpl -- processingStrategy.process(record) 處理失敗: Processing failed
java.lang.RuntimeException: Processing failed
	at com.charlessun.javaplcadapter.worker.impl.ConsumerWorkerImpl.pollLoop(ConsumerWorkerImpl.java:51)
	at java.base/java.lang.Thread.run(Thread.java:1583)
11:01:06.942 [Thread-1] ERROR com.charlessun.javaplcadapter.worker.impl.ConsumerWorkerImpl -- processingStrategy.process(record) 處理失敗: Processing failed
java.lang.RuntimeException: Processing failed
	at com.charlessun.javaplcadapter.worker.impl.ConsumerWorkerImpl.pollLoop(ConsumerWorkerImpl.java:51)
	at java.base/java.lang.Thread.run(Thread.java:1583)
11:01:06.942 [Thread-1] ERROR com.charlessun.javaplcadapter.worker.impl.ConsumerWorkerImpl -- processingStrategy.process(record) 處理失敗: Processing failed
java.lang.RuntimeException: Processing failed
	at com.charlessun.javaplcadapter.worker.impl.ConsumerWorkerImpl.pollLoop(ConsumerWorkerImpl.java:51)
	at java.base/java.lang.Thread.run(Thread.java:1583)
11:01:06.942 [Thread-1] ERROR com.charlessun.javaplcadapter.worker.impl.ConsumerWorkerImpl -- processingStrategy.process(record) 處理失敗: Processing failed
java.lang.RuntimeException: Processing failed
	at com.charlessun.javaplcadapter.worker.impl.ConsumerWorkerImpl.pollLoop(ConsumerWorkerImpl.java:51)
	at java.base/java.lang.Thread.run(Thread.java:1583)
11:01:06.943 [Thread-1] ERROR com.charlessun.javaplcadapter.worker.impl.ConsumerWorkerImpl -- processingStrategy.process(record) 處理失敗: Processing failed
java.lang.RuntimeException: Processing failed
	at com.charlessun.javaplcadapter.worker.impl.ConsumerWorkerImpl.pollLoop(ConsumerWorkerImpl.java:51)
	at java.base/java.lang.Thread.run(Thread.java:1583)
11:01:06.943 [Thread-1] ERROR com.charlessun.javaplcadapter.worker.impl.ConsumerWorkerImpl -- processingStrategy.process(record) 處理失敗: Processing failed
java.lang.RuntimeException: Processing failed
	at com.charlessun.javaplcadapter.worker.impl.ConsumerWorkerImpl.pollLoop(ConsumerWorkerImpl.java:51)
	at java.base/java.lang.Thread.run(Thread.java:1583)
11:01:06.944 [Thread-1] ERROR com.charlessun.javaplcadapter.worker.impl.ConsumerWorkerImpl -- processingStrategy.process(record) 處理失敗: Processing failed
java.lang.RuntimeException: Processing failed
	at com.charlessun.javaplcadapter.worker.impl.ConsumerWorkerImpl.pollLoop(ConsumerWorkerImpl.java:51)
	at java.base/java.lang.Thread.run(Thread.java:1583)
11:01:06.944 [Thread-1] ERROR com.charlessun.javaplcadapter.worker.impl.ConsumerWorkerImpl -- processingStrategy.process(record) 處理失敗: Processing failed
java.lang.RuntimeException: Processing failed
	at com.charlessun.javaplcadapter.worker.impl.ConsumerWorkerImpl.pollLoop(ConsumerWorkerImpl.java:51)
	at java.base/java.lang.Thread.run(Thread.java:1583)
11:01:06.945 [Thread-1] ERROR com.charlessun.javaplcadapter.worker.impl.ConsumerWorkerImpl -- processingStrategy.process(record) 處理失敗: Processing failed
java.lang.RuntimeException: Processing failed
	at com.charlessun.javaplcadapter.worker.impl.ConsumerWorkerImpl.pollLoop(ConsumerWorkerImpl.java:51)
	at java.base/java.lang.Thread.run(Thread.java:1583)
11:01:06.945 [Thread-1] ERROR com.charlessun.javaplcadapter.worker.impl.ConsumerWorkerImpl -- processingStrategy.process(record) 處理失敗: Processing failed
java.lang.RuntimeException: Processing failed
	at com.charlessun.javaplcadapter.worker.impl.ConsumerWorkerImpl.pollLoop(ConsumerWorkerImpl.java:51)
	at java.base/java.lang.Thread.run(Thread.java:1583)
11:01:06.946 [Thread-1] ERROR com.charlessun.javaplcadapter.worker.impl.ConsumerWorkerImpl -- processingStrategy.process(record) 處理失敗: Processing failed
java.lang.RuntimeException: Processing failed
	at com.charlessun.javaplcadapter.worker.impl.ConsumerWorkerImpl.pollLoop(ConsumerWorkerImpl.java:51)
	at java.base/java.lang.Thread.run(Thread.java:1583)
11:01:06.946 [Thread-1] ERROR com.charlessun.javaplcadapter.worker.impl.ConsumerWorkerImpl -- processingStrategy.process(record) 處理失敗: Processing failed
java.lang.RuntimeException: Processing failed
	at com.charlessun.javaplcadapter.worker.impl.ConsumerWorkerImpl.pollLoop(ConsumerWorkerImpl.java:51)
	at java.base/java.lang.Thread.run(Thread.java:1583)
11:01:06.947 [Thread-1] ERROR com.charlessun.javaplcadapter.worker.impl.ConsumerWorkerImpl -- processingStrategy.process(record) 處理失敗: Processing failed
java.lang.RuntimeException: Processing failed
	at com.charlessun.javaplcadapter.worker.impl.ConsumerWorkerImpl.pollLoop(ConsumerWorkerImpl.java:51)
	at java.base/java.lang.Thread.run(Thread.java:1583)
11:01:06.947 [Thread-1] ERROR com.charlessun.javaplcadapter.worker.impl.ConsumerWorkerImpl -- processingStrategy.process(record) 處理失敗: Processing failed
java.lang.RuntimeException: Processing failed
	at com.charlessun.javaplcadapter.worker.impl.ConsumerWorkerImpl.pollLoop(ConsumerWorkerImpl.java:51)
	at java.base/java.lang.Thread.run(Thread.java:1583)
11:01:06.948 [Thread-1] ERROR com.charlessun.javaplcadapter.worker.impl.ConsumerWorkerImpl -- processingStrategy.process(record) 處理失敗: Processing failed
java.lang.RuntimeException: Processing failed
	at com.charlessun.javaplcadapter.worker.impl.ConsumerWorkerImpl.pollLoop(ConsumerWorkerImpl.java:51)
	at java.base/java.lang.Thread.run(Thread.java:1583)
11:01:06.948 [Thread-1] ERROR com.charlessun.javaplcadapter.worker.impl.ConsumerWorkerImpl -- processingStrategy.process(record) 處理失敗: Processing failed
java.lang.RuntimeException: Processing failed
	at com.charlessun.javaplcadapter.worker.impl.ConsumerWorkerImpl.pollLoop(ConsumerWorkerImpl.java:51)
	at java.base/java.lang.Thread.run(Thread.java:1583)
11:01:06.949 [Thread-1] ERROR com.charlessun.javaplcadapter.worker.impl.ConsumerWorkerImpl -- processingStrategy.process(record) 處理失敗: Processing failed
java.lang.RuntimeException: Processing failed
	at com.charlessun.javaplcadapter.worker.impl.ConsumerWorkerImpl.pollLoop(ConsumerWorkerImpl.java:51)
	at java.base/java.lang.Thread.run(Thread.java:1583)
11:01:06.950 [Thread-1] ERROR com.charlessun.javaplcadapter.worker.impl.ConsumerWorkerImpl -- processingStrategy.process(record) 處理失敗: Processing failed
java.lang.RuntimeException: Processing failed
	at com.charlessun.javaplcadapter.worker.impl.ConsumerWorkerImpl.pollLoop(ConsumerWorkerImpl.java:51)
	at java.base/java.lang.Thread.run(Thread.java:1583)
11:01:06.950 [Thread-1] ERROR com.charlessun.javaplcadapter.worker.impl.ConsumerWorkerImpl -- processingStrategy.process(record) 處理失敗: Processing failed
java.lang.RuntimeException: Processing failed
	at com.charlessun.javaplcadapter.worker.impl.ConsumerWorkerImpl.pollLoop(ConsumerWorkerImpl.java:51)
	at java.base/java.lang.Thread.run(Thread.java:1583)
11:01:06.953 [Thread-1] ERROR com.charlessun.javaplcadapter.worker.impl.ConsumerWorkerImpl -- processingStrategy.process(record) 處理失敗: Processing failed
java.lang.RuntimeException: Processing failed
	at com.charlessun.javaplcadapter.worker.impl.ConsumerWorkerImpl.pollLoop(ConsumerWorkerImpl.java:51)
	at java.base/java.lang.Thread.run(Thread.java:1583)
11:01:06.954 [Thread-1] ERROR com.charlessun.javaplcadapter.worker.impl.ConsumerWorkerImpl -- processingStrategy.process(record) 處理失敗: Processing failed
java.lang.RuntimeException: Processing failed
	at com.charlessun.javaplcadapter.worker.impl.ConsumerWorkerImpl.pollLoop(ConsumerWorkerImpl.java:51)
	at java.base/java.lang.Thread.run(Thread.java:1583)
11:01:06.955 [Thread-1] ERROR com.charlessun.javaplcadapter.worker.impl.ConsumerWorkerImpl -- processingStrategy.process(record) 處理失敗: Processing failed
java.lang.RuntimeException: Processing failed
	at com.charlessun.javaplcadapter.worker.impl.ConsumerWorkerImpl.pollLoop(ConsumerWorkerImpl.java:51)
	at java.base/java.lang.Thread.run(Thread.java:1583)
11:01:06.955 [Thread-1] ERROR com.charlessun.javaplcadapter.worker.impl.ConsumerWorkerImpl -- processingStrategy.process(record) 處理失敗: Processing failed
java.lang.RuntimeException: Processing failed
	at com.charlessun.javaplcadapter.worker.impl.ConsumerWorkerImpl.pollLoop(ConsumerWorkerImpl.java:51)
	at java.base/java.lang.Thread.run(Thread.java:1583)
11:01:06.955 [Thread-1] ERROR com.charlessun.javaplcadapter.worker.impl.ConsumerWorkerImpl -- processingStrategy.process(record) 處理失敗: Processing failed
java.lang.RuntimeException: Processing failed
	at com.charlessun.javaplcadapter.worker.impl.ConsumerWorkerImpl.pollLoop(ConsumerWorkerImpl.java:51)
	at java.base/java.lang.Thread.run(Thread.java:1583)
11:01:06.956 [Thread-1] ERROR com.charlessun.javaplcadapter.worker.impl.ConsumerWorkerImpl -- processingStrategy.process(record) 處理失敗: Processing failed
java.lang.RuntimeException: Processing failed
	at com.charlessun.javaplcadapter.worker.impl.ConsumerWorkerImpl.pollLoop(ConsumerWorkerImpl.java:51)
	at java.base/java.lang.Thread.run(Thread.java:1583)
11:01:06.956 [Thread-1] ERROR com.charlessun.javaplcadapter.worker.impl.ConsumerWorkerImpl -- processingStrategy.process(record) 處理失敗: Processing failed
java.lang.RuntimeException: Processing failed
	at com.charlessun.javaplcadapter.worker.impl.ConsumerWorkerImpl.pollLoop(ConsumerWorkerImpl.java:51)
	at java.base/java.lang.Thread.run(Thread.java:1583)
11:01:06.957 [Thread-1] ERROR com.charlessun.javaplcadapter.worker.impl.ConsumerWorkerImpl -- processingStrategy.process(record) 處理失敗: Processing failed
java.lang.RuntimeException: Processing failed
	at com.charlessun.javaplcadapter.worker.impl.ConsumerWorkerImpl.pollLoop(ConsumerWorkerImpl.java:51)
	at java.base/java.lang.Thread.run(Thread.java:1583)
11:01:06.957 [Thread-1] ERROR com.charlessun.javaplcadapter.worker.impl.ConsumerWorkerImpl -- processingStrategy.process(record) 處理失敗: Processing failed
java.lang.RuntimeException: Processing failed
	at com.charlessun.javaplcadapter.worker.impl.ConsumerWorkerImpl.pollLoop(ConsumerWorkerImpl.java:51)
	at java.base/java.lang.Thread.run(Thread.java:1583)
11:01:06.958 [Thread-1] ERROR com.charlessun.javaplcadapter.worker.impl.ConsumerWorkerImpl -- processingStrategy.process(record) 處理失敗: Processing failed
java.lang.RuntimeException: Processing failed
	at com.charlessun.javaplcadapter.worker.impl.ConsumerWorkerImpl.pollLoop(ConsumerWorkerImpl.java:51)
	at java.base/java.lang.Thread.run(Thread.java:1583)
11:01:06.958 [Thread-1] ERROR com.charlessun.javaplcadapter.worker.impl.ConsumerWorkerImpl -- processingStrategy.process(record) 處理失敗: Processing failed
java.lang.RuntimeException: Processing failed
	at com.charlessun.javaplcadapter.worker.impl.ConsumerWorkerImpl.pollLoop(ConsumerWorkerImpl.java:51)
	at java.base/java.lang.Thread.run(Thread.java:1583)
11:01:06.959 [Thread-1] ERROR com.charlessun.javaplcadapter.worker.impl.ConsumerWorkerImpl -- processingStrategy.process(record) 處理失敗: Processing failed
java.lang.RuntimeException: Processing failed
	at com.charlessun.javaplcadapter.worker.impl.ConsumerWorkerImpl.pollLoop(ConsumerWorkerImpl.java:51)
	at java.base/java.lang.Thread.run(Thread.java:1583)
11:01:06.960 [Thread-1] ERROR com.charlessun.javaplcadapter.worker.impl.ConsumerWorkerImpl -- processingStrategy.process(record) 處理失敗: Processing failed
java.lang.RuntimeException: Processing failed
	at com.charlessun.javaplcadapter.worker.impl.ConsumerWorkerImpl.pollLoop(ConsumerWorkerImpl.java:51)
	at java.base/java.lang.Thread.run(Thread.java:1583)
11:01:06.960 [Thread-1] ERROR com.charlessun.javaplcadapter.worker.impl.ConsumerWorkerImpl -- processingStrategy.process(record) 處理失敗: Processing failed
java.lang.RuntimeException: Processing failed
	at com.charlessun.javaplcadapter.worker.impl.ConsumerWorkerImpl.pollLoop(ConsumerWorkerImpl.java:51)
	at java.base/java.lang.Thread.run(Thread.java:1583)
11:01:06.960 [Thread-1] ERROR com.charlessun.javaplcadapter.worker.impl.ConsumerWorkerImpl -- processingStrategy.process(record) 處理失敗: Processing failed
java.lang.RuntimeException: Processing failed
	at com.charlessun.javaplcadapter.worker.impl.ConsumerWorkerImpl.pollLoop(ConsumerWorkerImpl.java:51)
	at java.base/java.lang.Thread.run(Thread.java:1583)
11:01:06.961 [Thread-1] ERROR com.charlessun.javaplcadapter.worker.impl.ConsumerWorkerImpl -- processingStrategy.process(record) 處理失敗: Processing failed
java.lang.RuntimeException: Processing failed
	at com.charlessun.javaplcadapter.worker.impl.ConsumerWorkerImpl.pollLoop(ConsumerWorkerImpl.java:51)
	at java.base/java.lang.Thread.run(Thread.java:1583)
11:01:06.961 [Thread-1] ERROR com.charlessun.javaplcadapter.worker.impl.ConsumerWorkerImpl -- processingStrategy.process(record) 處理失敗: Processing failed
java.lang.RuntimeException: Processing failed
	at com.charlessun.javaplcadapter.worker.impl.ConsumerWorkerImpl.pollLoop(ConsumerWorkerImpl.java:51)
	at java.base/java.lang.Thread.run(Thread.java:1583)
11:01:06.961 [Thread-1] ERROR com.charlessun.javaplcadapter.worker.impl.ConsumerWorkerImpl -- processingStrategy.process(record) 處理失敗: Processing failed
java.lang.RuntimeException: Processing failed
	at com.charlessun.javaplcadapter.worker.impl.ConsumerWorkerImpl.pollLoop(ConsumerWorkerImpl.java:51)
	at java.base/java.lang.Thread.run(Thread.java:1583)
11:01:06.961 [Thread-1] ERROR com.charlessun.javaplcadapter.worker.impl.ConsumerWorkerImpl -- processingStrategy.process(record) 處理失敗: Processing failed
java.lang.RuntimeException: Processing failed
	at com.charlessun.javaplcadapter.worker.impl.ConsumerWorkerImpl.pollLoop(ConsumerWorkerImpl.java:51)
	at java.base/java.lang.Thread.run(Thread.java:1583)
11:01:06.962 [Thread-1] ERROR com.charlessun.javaplcadapter.worker.impl.ConsumerWorkerImpl -- processingStrategy.process(record) 處理失敗: Processing failed
java.lang.RuntimeException: Processing failed
	at com.charlessun.javaplcadapter.worker.impl.ConsumerWorkerImpl.pollLoop(ConsumerWorkerImpl.java:51)
	at java.base/java.lang.Thread.run(Thread.java:1583)
11:01:06.962 [Thread-1] ERROR com.charlessun.javaplcadapter.worker.impl.ConsumerWorkerImpl -- processingStrategy.process(record) 處理失敗: Processing failed
java.lang.RuntimeException: Processing failed
	at com.charlessun.javaplcadapter.worker.impl.ConsumerWorkerImpl.pollLoop(ConsumerWorkerImpl.java:51)
	at java.base/java.lang.Thread.run(Thread.java:1583)
11:01:06.962 [Thread-1] ERROR com.charlessun.javaplcadapter.worker.impl.ConsumerWorkerImpl -- processingStrategy.process(record) 處理失敗: Processing failed
java.lang.RuntimeException: Processing failed
	at com.charlessun.javaplcadapter.worker.impl.ConsumerWorkerImpl.pollLoop(ConsumerWorkerImpl.java:51)
	at java.base/java.lang.Thread.run(Thread.java:1583)
11:01:06.962 [Thread-1] ERROR com.charlessun.javaplcadapter.worker.impl.ConsumerWorkerImpl -- processingStrategy.process(record) 處理失敗: Processing failed
java.lang.RuntimeException: Processing failed
	at com.charlessun.javaplcadapter.worker.impl.ConsumerWorkerImpl.pollLoop(ConsumerWorkerImpl.java:51)
	at java.base/java.lang.Thread.run(Thread.java:1583)
11:01:06.963 [Thread-1] ERROR com.charlessun.javaplcadapter.worker.impl.ConsumerWorkerImpl -- processingStrategy.process(record) 處理失敗: Processing failed
java.lang.RuntimeException: Processing failed
	at com.charlessun.javaplcadapter.worker.impl.ConsumerWorkerImpl.pollLoop(ConsumerWorkerImpl.java:51)
	at java.base/java.lang.Thread.run(Thread.java:1583)
11:01:06.963 [Thread-1] ERROR com.charlessun.javaplcadapter.worker.impl.ConsumerWorkerImpl -- processingStrategy.process(record) 處理失敗: Processing failed
java.lang.RuntimeException: Processing failed
	at com.charlessun.javaplcadapter.worker.impl.ConsumerWorkerImpl.pollLoop(ConsumerWorkerImpl.java:51)
	at java.base/java.lang.Thread.run(Thread.java:1583)
11:01:06.963 [Thread-1] ERROR com.charlessun.javaplcadapter.worker.impl.ConsumerWorkerImpl -- processingStrategy.process(record) 處理失敗: Processing failed
java.lang.RuntimeException: Processing failed
	at com.charlessun.javaplcadapter.worker.impl.ConsumerWorkerImpl.pollLoop(ConsumerWorkerImpl.java:51)
	at java.base/java.lang.Thread.run(Thread.java:1583)
11:01:06.964 [Thread-1] ERROR com.charlessun.javaplcadapter.worker.impl.ConsumerWorkerImpl -- processingStrategy.process(record) 處理失敗: Processing failed
java.lang.RuntimeException: Processing failed
	at com.charlessun.javaplcadapter.worker.impl.ConsumerWorkerImpl.pollLoop(ConsumerWorkerImpl.java:51)
	at java.base/java.lang.Thread.run(Thread.java:1583)
11:01:06.964 [Thread-1] ERROR com.charlessun.javaplcadapter.worker.impl.ConsumerWorkerImpl -- processingStrategy.process(record) 處理失敗: Processing failed
java.lang.RuntimeException: Processing failed
	at com.charlessun.javaplcadapter.worker.impl.ConsumerWorkerImpl.pollLoop(ConsumerWorkerImpl.java:51)
	at java.base/java.lang.Thread.run(Thread.java:1583)
11:01:06.965 [Thread-1] ERROR com.charlessun.javaplcadapter.worker.impl.ConsumerWorkerImpl -- processingStrategy.process(record) 處理失敗: Processing failed
java.lang.RuntimeException: Processing failed
	at com.charlessun.javaplcadapter.worker.impl.ConsumerWorkerImpl.pollLoop(ConsumerWorkerImpl.java:51)
	at java.base/java.lang.Thread.run(Thread.java:1583)
11:01:06.965 [Thread-1] ERROR com.charlessun.javaplcadapter.worker.impl.ConsumerWorkerImpl -- processingStrategy.process(record) 處理失敗: Processing failed
java.lang.RuntimeException: Processing failed
	at com.charlessun.javaplcadapter.worker.impl.ConsumerWorkerImpl.pollLoop(ConsumerWorkerImpl.java:51)
	at java.base/java.lang.Thread.run(Thread.java:1583)
11:01:06.965 [Thread-1] ERROR com.charlessun.javaplcadapter.worker.impl.ConsumerWorkerImpl -- processingStrategy.process(record) 處理失敗: Processing failed
java.lang.RuntimeException: Processing failed
	at com.charlessun.javaplcadapter.worker.impl.ConsumerWorkerImpl.pollLoop(ConsumerWorkerImpl.java:51)
	at java.base/java.lang.Thread.run(Thread.java:1583)
11:01:06.966 [Thread-1] ERROR com.charlessun.javaplcadapter.worker.impl.ConsumerWorkerImpl -- processingStrategy.process(record) 處理失敗: Processing failed
java.lang.RuntimeException: Processing failed
	at com.charlessun.javaplcadapter.worker.impl.ConsumerWorkerImpl.pollLoop(ConsumerWorkerImpl.java:51)
	at java.base/java.lang.Thread.run(Thread.java:1583)
11:01:06.966 [Thread-1] ERROR com.charlessun.javaplcadapter.worker.impl.ConsumerWorkerImpl -- processingStrategy.process(record) 處理失敗: Processing failed
java.lang.RuntimeException: Processing failed
	at com.charlessun.javaplcadapter.worker.impl.ConsumerWorkerImpl.pollLoop(ConsumerWorkerImpl.java:51)
	at java.base/java.lang.Thread.run(Thread.java:1583)
11:01:06.967 [Thread-1] ERROR com.charlessun.javaplcadapter.worker.impl.ConsumerWorkerImpl -- processingStrategy.process(record) 處理失敗: Processing failed
java.lang.RuntimeException: Processing failed
	at com.charlessun.javaplcadapter.worker.impl.ConsumerWorkerImpl.pollLoop(ConsumerWorkerImpl.java:51)
	at java.base/java.lang.Thread.run(Thread.java:1583)
11:01:06.969 [Thread-1] ERROR com.charlessun.javaplcadapter.worker.impl.ConsumerWorkerImpl -- processingStrategy.process(record) 處理失敗: Processing failed
java.lang.RuntimeException: Processing failed
	at com.charlessun.javaplcadapter.worker.impl.ConsumerWorkerImpl.pollLoop(ConsumerWorkerImpl.java:51)
	at java.base/java.lang.Thread.run(Thread.java:1583)
11:01:06.969 [Thread-1] ERROR com.charlessun.javaplcadapter.worker.impl.ConsumerWorkerImpl -- processingStrategy.process(record) 處理失敗: Processing failed
java.lang.RuntimeException: Processing failed
	at com.charlessun.javaplcadapter.worker.impl.ConsumerWorkerImpl.pollLoop(ConsumerWorkerImpl.java:51)
	at java.base/java.lang.Thread.run(Thread.java:1583)
11:01:06.970 [Thread-1] ERROR com.charlessun.javaplcadapter.worker.impl.ConsumerWorkerImpl -- processingStrategy.process(record) 處理失敗: Processing failed
java.lang.RuntimeException: Processing failed
	at com.charlessun.javaplcadapter.worker.impl.ConsumerWorkerImpl.pollLoop(ConsumerWorkerImpl.java:51)
	at java.base/java.lang.Thread.run(Thread.java:1583)
11:01:06.970 [Thread-1] ERROR com.charlessun.javaplcadapter.worker.impl.ConsumerWorkerImpl -- processingStrategy.process(record) 處理失敗: Processing failed
java.lang.RuntimeException: Processing failed
	at com.charlessun.javaplcadapter.worker.impl.ConsumerWorkerImpl.pollLoop(ConsumerWorkerImpl.java:51)
	at java.base/java.lang.Thread.run(Thread.java:1583)
11:01:06.970 [Thread-1] ERROR com.charlessun.javaplcadapter.worker.impl.ConsumerWorkerImpl -- processingStrategy.process(record) 處理失敗: Processing failed
java.lang.RuntimeException: Processing failed
	at com.charlessun.javaplcadapter.worker.impl.ConsumerWorkerImpl.pollLoop(ConsumerWorkerImpl.java:51)
	at java.base/java.lang.Thread.run(Thread.java:1583)
11:01:06.971 [Thread-1] ERROR com.charlessun.javaplcadapter.worker.impl.ConsumerWorkerImpl -- processingStrategy.process(record) 處理失敗: Processing failed
java.lang.RuntimeException: Processing failed
	at com.charlessun.javaplcadapter.worker.impl.ConsumerWorkerImpl.pollLoop(ConsumerWorkerImpl.java:51)
	at java.base/java.lang.Thread.run(Thread.java:1583)
11:01:06.971 [Thread-1] ERROR com.charlessun.javaplcadapter.worker.impl.ConsumerWorkerImpl -- processingStrategy.process(record) 處理失敗: Processing failed
java.lang.RuntimeException: Processing failed
	at com.charlessun.javaplcadapter.worker.impl.ConsumerWorkerImpl.pollLoop(ConsumerWorkerImpl.java:51)
	at java.base/java.lang.Thread.run(Thread.java:1583)
11:01:06.971 [Thread-1] ERROR com.charlessun.javaplcadapter.worker.impl.ConsumerWorkerImpl -- processingStrategy.process(record) 處理失敗: Processing failed
java.lang.RuntimeException: Processing failed
	at com.charlessun.javaplcadapter.worker.impl.ConsumerWorkerImpl.pollLoop(ConsumerWorkerImpl.java:51)
	at java.base/java.lang.Thread.run(Thread.java:1583)
11:01:06.972 [Thread-1] ERROR com.charlessun.javaplcadapter.worker.impl.ConsumerWorkerImpl -- processingStrategy.process(record) 處理失敗: Processing failed
java.lang.RuntimeException: Processing failed
	at com.charlessun.javaplcadapter.worker.impl.ConsumerWorkerImpl.pollLoop(ConsumerWorkerImpl.java:51)
	at java.base/java.lang.Thread.run(Thread.java:1583)
11:01:06.972 [Thread-1] ERROR com.charlessun.javaplcadapter.worker.impl.ConsumerWorkerImpl -- processingStrategy.process(record) 處理失敗: Processing failed
java.lang.RuntimeException: Processing failed
	at com.charlessun.javaplcadapter.worker.impl.ConsumerWorkerImpl.pollLoop(ConsumerWorkerImpl.java:51)
	at java.base/java.lang.Thread.run(Thread.java:1583)
11:01:06.972 [Thread-1] ERROR com.charlessun.javaplcadapter.worker.impl.ConsumerWorkerImpl -- processingStrategy.process(record) 處理失敗: Processing failed
java.lang.RuntimeException: Processing failed
	at com.charlessun.javaplcadapter.worker.impl.ConsumerWorkerImpl.pollLoop(ConsumerWorkerImpl.java:51)
	at java.base/java.lang.Thread.run(Thread.java:1583)
11:01:06.973 [Thread-1] ERROR com.charlessun.javaplcadapter.worker.impl.ConsumerWorkerImpl -- processingStrategy.process(record) 處理失敗: Processing failed
java.lang.RuntimeException: Processing failed
	at com.charlessun.javaplcadapter.worker.impl.ConsumerWorkerImpl.pollLoop(ConsumerWorkerImpl.java:51)
	at java.base/java.lang.Thread.run(Thread.java:1583)
11:01:06.973 [Thread-1] ERROR com.charlessun.javaplcadapter.worker.impl.ConsumerWorkerImpl -- processingStrategy.process(record) 處理失敗: Processing failed
java.lang.RuntimeException: Processing failed
	at com.charlessun.javaplcadapter.worker.impl.ConsumerWorkerImpl.pollLoop(ConsumerWorkerImpl.java:51)
	at java.base/java.lang.Thread.run(Thread.java:1583)
11:01:06.973 [Thread-1] ERROR com.charlessun.javaplcadapter.worker.impl.ConsumerWorkerImpl -- processingStrategy.process(record) 處理失敗: Processing failed
java.lang.RuntimeException: Processing failed
	at com.charlessun.javaplcadapter.worker.impl.ConsumerWorkerImpl.pollLoop(ConsumerWorkerImpl.java:51)
	at java.base/java.lang.Thread.run(Thread.java:1583)
11:01:06.974 [Thread-1] ERROR com.charlessun.javaplcadapter.worker.impl.ConsumerWorkerImpl -- processingStrategy.process(record) 處理失敗: Processing failed
java.lang.RuntimeException: Processing failed
	at com.charlessun.javaplcadapter.worker.impl.ConsumerWorkerImpl.pollLoop(ConsumerWorkerImpl.java:51)
	at java.base/java.lang.Thread.run(Thread.java:1583)
11:01:06.974 [Thread-1] ERROR com.charlessun.javaplcadapter.worker.impl.ConsumerWorkerImpl -- processingStrategy.process(record) 處理失敗: Processing failed
java.lang.RuntimeException: Processing failed
	at com.charlessun.javaplcadapter.worker.impl.ConsumerWorkerImpl.pollLoop(ConsumerWorkerImpl.java:51)
	at java.base/java.lang.Thread.run(Thread.java:1583)
11:01:06.974 [Thread-1] ERROR com.charlessun.javaplcadapter.worker.impl.ConsumerWorkerImpl -- processingStrategy.process(record) 處理失敗: Processing failed
java.lang.RuntimeException: Processing failed
	at com.charlessun.javaplcadapter.worker.impl.ConsumerWorkerImpl.pollLoop(ConsumerWorkerImpl.java:51)
	at java.base/java.lang.Thread.run(Thread.java:1583)
11:01:06.974 [Thread-1] ERROR com.charlessun.javaplcadapter.worker.impl.ConsumerWorkerImpl -- processingStrategy.process(record) 處理失敗: Processing failed
java.lang.RuntimeException: Processing failed
	at com.charlessun.javaplcadapter.worker.impl.ConsumerWorkerImpl.pollLoop(ConsumerWorkerImpl.java:51)
	at java.base/java.lang.Thread.run(Thread.java:1583)
11:01:06.975 [Thread-1] ERROR com.charlessun.javaplcadapter.worker.impl.ConsumerWorkerImpl -- processingStrategy.process(record) 處理失敗: Processing failed
java.lang.RuntimeException: Processing failed
	at com.charlessun.javaplcadapter.worker.impl.ConsumerWorkerImpl.pollLoop(ConsumerWorkerImpl.java:51)
	at java.base/java.lang.Thread.run(Thread.java:1583)
11:01:06.975 [Thread-1] ERROR com.charlessun.javaplcadapter.worker.impl.ConsumerWorkerImpl -- processingStrategy.process(record) 處理失敗: Processing failed
java.lang.RuntimeException: Processing failed
	at com.charlessun.javaplcadapter.worker.impl.ConsumerWorkerImpl.pollLoop(ConsumerWorkerImpl.java:51)
	at java.base/java.lang.Thread.run(Thread.java:1583)
11:01:06.975 [Thread-1] ERROR com.charlessun.javaplcadapter.worker.impl.ConsumerWorkerImpl -- processingStrategy.process(record) 處理失敗: Processing failed
java.lang.RuntimeException: Processing failed
	at com.charlessun.javaplcadapter.worker.impl.ConsumerWorkerImpl.pollLoop(ConsumerWorkerImpl.java:51)
	at java.base/java.lang.Thread.run(Thread.java:1583)
11:01:06.975 [Thread-1] ERROR com.charlessun.javaplcadapter.worker.impl.ConsumerWorkerImpl -- processingStrategy.process(record) 處理失敗: Processing failed
java.lang.RuntimeException: Processing failed
	at com.charlessun.javaplcadapter.worker.impl.ConsumerWorkerImpl.pollLoop(ConsumerWorkerImpl.java:51)
	at java.base/java.lang.Thread.run(Thread.java:1583)
11:01:06.976 [Thread-1] ERROR com.charlessun.javaplcadapter.worker.impl.ConsumerWorkerImpl -- processingStrategy.process(record) 處理失敗: Processing failed
java.lang.RuntimeException: Processing failed
	at com.charlessun.javaplcadapter.worker.impl.ConsumerWorkerImpl.pollLoop(ConsumerWorkerImpl.java:51)
	at java.base/java.lang.Thread.run(Thread.java:1583)
11:01:06.977 [Thread-1] ERROR com.charlessun.javaplcadapter.worker.impl.ConsumerWorkerImpl -- processingStrategy.process(record) 處理失敗: Processing failed
java.lang.RuntimeException: Processing failed
	at com.charlessun.javaplcadapter.worker.impl.ConsumerWorkerImpl.pollLoop(ConsumerWorkerImpl.java:51)
	at java.base/java.lang.Thread.run(Thread.java:1583)
11:01:06.978 [Thread-1] ERROR com.charlessun.javaplcadapter.worker.impl.ConsumerWorkerImpl -- processingStrategy.process(record) 處理失敗: Processing failed
java.lang.RuntimeException: Processing failed
	at com.charlessun.javaplcadapter.worker.impl.ConsumerWorkerImpl.pollLoop(ConsumerWorkerImpl.java:51)
	at java.base/java.lang.Thread.run(Thread.java:1583)
11:01:06.978 [Thread-1] ERROR com.charlessun.javaplcadapter.worker.impl.ConsumerWorkerImpl -- processingStrategy.process(record) 處理失敗: Processing failed
java.lang.RuntimeException: Processing failed
	at com.charlessun.javaplcadapter.worker.impl.ConsumerWorkerImpl.pollLoop(ConsumerWorkerImpl.java:51)
	at java.base/java.lang.Thread.run(Thread.java:1583)
11:01:06.979 [Thread-1] ERROR com.charlessun.javaplcadapter.worker.impl.ConsumerWorkerImpl -- processingStrategy.process(record) 處理失敗: Processing failed
java.lang.RuntimeException: Processing failed
	at com.charlessun.javaplcadapter.worker.impl.ConsumerWorkerImpl.pollLoop(ConsumerWorkerImpl.java:51)
	at java.base/java.lang.Thread.run(Thread.java:1583)
11:01:06.979 [Thread-1] ERROR com.charlessun.javaplcadapter.worker.impl.ConsumerWorkerImpl -- processingStrategy.process(record) 處理失敗: Processing failed
java.lang.RuntimeException: Processing failed
	at com.charlessun.javaplcadapter.worker.impl.ConsumerWorkerImpl.pollLoop(ConsumerWorkerImpl.java:51)
	at java.base/java.lang.Thread.run(Thread.java:1583)
11:01:06.979 [Thread-1] ERROR com.charlessun.javaplcadapter.worker.impl.ConsumerWorkerImpl -- processingStrategy.process(record) 處理失敗: Processing failed
java.lang.RuntimeException: Processing failed
	at com.charlessun.javaplcadapter.worker.impl.ConsumerWorkerImpl.pollLoop(ConsumerWorkerImpl.java:51)
	at java.base/java.lang.Thread.run(Thread.java:1583)
11:01:06.980 [Thread-1] ERROR com.charlessun.javaplcadapter.worker.impl.ConsumerWorkerImpl -- processingStrategy.process(record) 處理失敗: Processing failed
java.lang.RuntimeException: Processing failed
	at com.charlessun.javaplcadapter.worker.impl.ConsumerWorkerImpl.pollLoop(ConsumerWorkerImpl.java:51)
	at java.base/java.lang.Thread.run(Thread.java:1583)
11:01:06.980 [Thread-1] ERROR com.charlessun.javaplcadapter.worker.impl.ConsumerWorkerImpl -- processingStrategy.process(record) 處理失敗: Processing failed
java.lang.RuntimeException: Processing failed
	at com.charlessun.javaplcadapter.worker.impl.ConsumerWorkerImpl.pollLoop(ConsumerWorkerImpl.java:51)
	at java.base/java.lang.Thread.run(Thread.java:1583)
11:01:06.980 [Thread-1] ERROR com.charlessun.javaplcadapter.worker.impl.ConsumerWorkerImpl -- processingStrategy.process(record) 處理失敗: Processing failed
java.lang.RuntimeException: Processing failed
	at com.charlessun.javaplcadapter.worker.impl.ConsumerWorkerImpl.pollLoop(ConsumerWorkerImpl.java:51)
	at java.base/java.lang.Thread.run(Thread.java:1583)
11:01:06.981 [Thread-1] ERROR com.charlessun.javaplcadapter.worker.impl.ConsumerWorkerImpl -- processingStrategy.process(record) 處理失敗: Processing failed
java.lang.RuntimeException: Processing failed
	at com.charlessun.javaplcadapter.worker.impl.ConsumerWorkerImpl.pollLoop(ConsumerWorkerImpl.java:51)
	at java.base/java.lang.Thread.run(Thread.java:1583)
11:01:06.981 [Thread-1] ERROR com.charlessun.javaplcadapter.worker.impl.ConsumerWorkerImpl -- processingStrategy.process(record) 處理失敗: Processing failed
java.lang.RuntimeException: Processing failed
	at com.charlessun.javaplcadapter.worker.impl.ConsumerWorkerImpl.pollLoop(ConsumerWorkerImpl.java:51)
	at java.base/java.lang.Thread.run(Thread.java:1583)
11:01:06.981 [Thread-1] ERROR com.charlessun.javaplcadapter.worker.impl.ConsumerWorkerImpl -- processingStrategy.process(record) 處理失敗: Processing failed
java.lang.RuntimeException: Processing failed
	at com.charlessun.javaplcadapter.worker.impl.ConsumerWorkerImpl.pollLoop(ConsumerWorkerImpl.java:51)
	at java.base/java.lang.Thread.run(Thread.java:1583)
11:01:06.981 [Thread-1] ERROR com.charlessun.javaplcadapter.worker.impl.ConsumerWorkerImpl -- processingStrategy.process(record) 處理失敗: Processing failed
java.lang.RuntimeException: Processing failed
	at com.charlessun.javaplcadapter.worker.impl.ConsumerWorkerImpl.pollLoop(ConsumerWorkerImpl.java:51)
	at java.base/java.lang.Thread.run(Thread.java:1583)
11:01:06.982 [Thread-1] ERROR com.charlessun.javaplcadapter.worker.impl.ConsumerWorkerImpl -- processingStrategy.process(record) 處理失敗: Processing failed
java.lang.RuntimeException: Processing failed
	at com.charlessun.javaplcadapter.worker.impl.ConsumerWorkerImpl.pollLoop(ConsumerWorkerImpl.java:51)
	at java.base/java.lang.Thread.run(Thread.java:1583)
11:01:06.982 [Thread-1] ERROR com.charlessun.javaplcadapter.worker.impl.ConsumerWorkerImpl -- processingStrategy.process(record) 處理失敗: Processing failed
java.lang.RuntimeException: Processing failed
	at com.charlessun.javaplcadapter.worker.impl.ConsumerWorkerImpl.pollLoop(ConsumerWorkerImpl.java:51)
	at java.base/java.lang.Thread.run(Thread.java:1583)
11:01:06.982 [Thread-1] ERROR com.charlessun.javaplcadapter.worker.impl.ConsumerWorkerImpl -- processingStrategy.process(record) 處理失敗: Processing failed
java.lang.RuntimeException: Processing failed
	at com.charlessun.javaplcadapter.worker.impl.ConsumerWorkerImpl.pollLoop(ConsumerWorkerImpl.java:51)
	at java.base/java.lang.Thread.run(Thread.java:1583)
11:01:06.982 [Thread-1] ERROR com.charlessun.javaplcadapter.worker.impl.ConsumerWorkerImpl -- processingStrategy.process(record) 處理失敗: Processing failed
java.lang.RuntimeException: Processing failed
	at com.charlessun.javaplcadapter.worker.impl.ConsumerWorkerImpl.pollLoop(ConsumerWorkerImpl.java:51)
	at java.base/java.lang.Thread.run(Thread.java:1583)
11:01:06.983 [Thread-1] ERROR com.charlessun.javaplcadapter.worker.impl.ConsumerWorkerImpl -- processingStrategy.process(record) 處理失敗: Processing failed
java.lang.RuntimeException: Processing failed
	at com.charlessun.javaplcadapter.worker.impl.ConsumerWorkerImpl.pollLoop(ConsumerWorkerImpl.java:51)
	at java.base/java.lang.Thread.run(Thread.java:1583)
11:01:06.983 [Thread-1] ERROR com.charlessun.javaplcadapter.worker.impl.ConsumerWorkerImpl -- processingStrategy.process(record) 處理失敗: Processing failed
java.lang.RuntimeException: Processing failed
	at com.charlessun.javaplcadapter.worker.impl.ConsumerWorkerImpl.pollLoop(ConsumerWorkerImpl.java:51)
	at java.base/java.lang.Thread.run(Thread.java:1583)
11:01:06.983 [Thread-1] ERROR com.charlessun.javaplcadapter.worker.impl.ConsumerWorkerImpl -- processingStrategy.process(record) 處理失敗: Processing failed
java.lang.RuntimeException: Processing failed
	at com.charlessun.javaplcadapter.worker.impl.ConsumerWorkerImpl.pollLoop(ConsumerWorkerImpl.java:51)
	at java.base/java.lang.Thread.run(Thread.java:1583)
11:01:06.983 [Thread-1] ERROR com.charlessun.javaplcadapter.worker.impl.ConsumerWorkerImpl -- processingStrategy.process(record) 處理失敗: Processing failed
java.lang.RuntimeException: Processing failed
	at com.charlessun.javaplcadapter.worker.impl.ConsumerWorkerImpl.pollLoop(ConsumerWorkerImpl.java:51)
	at java.base/java.lang.Thread.run(Thread.java:1583)
11:01:06.984 [Thread-1] ERROR com.charlessun.javaplcadapter.worker.impl.ConsumerWorkerImpl -- processingStrategy.process(record) 處理失敗: Processing failed
java.lang.RuntimeException: Processing failed
	at com.charlessun.javaplcadapter.worker.impl.ConsumerWorkerImpl.pollLoop(ConsumerWorkerImpl.java:51)
	at java.base/java.lang.Thread.run(Thread.java:1583)
11:01:06.984 [Thread-1] ERROR com.charlessun.javaplcadapter.worker.impl.ConsumerWorkerImpl -- processingStrategy.process(record) 處理失敗: Processing failed
java.lang.RuntimeException: Processing failed
	at com.charlessun.javaplcadapter.worker.impl.ConsumerWorkerImpl.pollLoop(ConsumerWorkerImpl.java:51)
	at java.base/java.lang.Thread.run(Thread.java:1583)
11:01:06.984 [Thread-1] ERROR com.charlessun.javaplcadapter.worker.impl.ConsumerWorkerImpl -- processingStrategy.process(record) 處理失敗: Processing failed
java.lang.RuntimeException: Processing failed
	at com.charlessun.javaplcadapter.worker.impl.ConsumerWorkerImpl.pollLoop(ConsumerWorkerImpl.java:51)
	at java.base/java.lang.Thread.run(Thread.java:1583)
11:01:06.984 [Thread-1] ERROR com.charlessun.javaplcadapter.worker.impl.ConsumerWorkerImpl -- processingStrategy.process(record) 處理失敗: Processing failed
java.lang.RuntimeException: Processing failed
	at com.charlessun.javaplcadapter.worker.impl.ConsumerWorkerImpl.pollLoop(ConsumerWorkerImpl.java:51)
	at java.base/java.lang.Thread.run(Thread.java:1583)
11:01:06.984 [Thread-1] ERROR com.charlessun.javaplcadapter.worker.impl.ConsumerWorkerImpl -- processingStrategy.process(record) 處理失敗: Processing failed
java.lang.RuntimeException: Processing failed
	at com.charlessun.javaplcadapter.worker.impl.ConsumerWorkerImpl.pollLoop(ConsumerWorkerImpl.java:51)
	at java.base/java.lang.Thread.run(Thread.java:1583)
11:01:06.985 [Thread-1] ERROR com.charlessun.javaplcadapter.worker.impl.ConsumerWorkerImpl -- processingStrategy.process(record) 處理失敗: Processing failed
java.lang.RuntimeException: Processing failed
	at com.charlessun.javaplcadapter.worker.impl.ConsumerWorkerImpl.pollLoop(ConsumerWorkerImpl.java:51)
	at java.base/java.lang.Thread.run(Thread.java:1583)
11:01:06.985 [Thread-1] ERROR com.charlessun.javaplcadapter.worker.impl.ConsumerWorkerImpl -- processingStrategy.process(record) 處理失敗: Processing failed
java.lang.RuntimeException: Processing failed
	at com.charlessun.javaplcadapter.worker.impl.ConsumerWorkerImpl.pollLoop(ConsumerWorkerImpl.java:51)
	at java.base/java.lang.Thread.run(Thread.java:1583)
11:01:06.985 [Thread-1] ERROR com.charlessun.javaplcadapter.worker.impl.ConsumerWorkerImpl -- processingStrategy.process(record) 處理失敗: Processing failed
java.lang.RuntimeException: Processing failed
	at com.charlessun.javaplcadapter.worker.impl.ConsumerWorkerImpl.pollLoop(ConsumerWorkerImpl.java:51)
	at java.base/java.lang.Thread.run(Thread.java:1583)
11:01:06.985 [Thread-1] ERROR com.charlessun.javaplcadapter.worker.impl.ConsumerWorkerImpl -- processingStrategy.process(record) 處理失敗: Processing failed
java.lang.RuntimeException: Processing failed
	at com.charlessun.javaplcadapter.worker.impl.ConsumerWorkerImpl.pollLoop(ConsumerWorkerImpl.java:51)
	at java.base/java.lang.Thread.run(Thread.java:1583)
11:01:06.986 [Thread-1] ERROR com.charlessun.javaplcadapter.worker.impl.ConsumerWorkerImpl -- processingStrategy.process(record) 處理失敗: Processing failed
java.lang.RuntimeException: Processing failed
	at com.charlessun.javaplcadapter.worker.impl.ConsumerWorkerImpl.pollLoop(ConsumerWorkerImpl.java:51)
	at java.base/java.lang.Thread.run(Thread.java:1583)
11:01:06.986 [Thread-1] ERROR com.charlessun.javaplcadapter.worker.impl.ConsumerWorkerImpl -- processingStrategy.process(record) 處理失敗: Processing failed
java.lang.RuntimeException: Processing failed
	at com.charlessun.javaplcadapter.worker.impl.ConsumerWorkerImpl.pollLoop(ConsumerWorkerImpl.java:51)
	at java.base/java.lang.Thread.run(Thread.java:1583)
11:01:06.986 [Thread-1] ERROR com.charlessun.javaplcadapter.worker.impl.ConsumerWorkerImpl -- processingStrategy.process(record) 處理失敗: Processing failed
java.lang.RuntimeException: Processing failed
	at com.charlessun.javaplcadapter.worker.impl.ConsumerWorkerImpl.pollLoop(ConsumerWorkerImpl.java:51)
	at java.base/java.lang.Thread.run(Thread.java:1583)
11:01:06.986 [Thread-1] ERROR com.charlessun.javaplcadapter.worker.impl.ConsumerWorkerImpl -- processingStrategy.process(record) 處理失敗: Processing failed
java.lang.RuntimeException: Processing failed
	at com.charlessun.javaplcadapter.worker.impl.ConsumerWorkerImpl.pollLoop(ConsumerWorkerImpl.java:51)
	at java.base/java.lang.Thread.run(Thread.java:1583)
11:01:06.987 [Thread-1] ERROR com.charlessun.javaplcadapter.worker.impl.ConsumerWorkerImpl -- processingStrategy.process(record) 處理失敗: Processing failed
java.lang.RuntimeException: Processing failed
	at com.charlessun.javaplcadapter.worker.impl.ConsumerWorkerImpl.pollLoop(ConsumerWorkerImpl.java:51)
	at java.base/java.lang.Thread.run(Thread.java:1583)
11:01:06.987 [Thread-1] ERROR com.charlessun.javaplcadapter.worker.impl.ConsumerWorkerImpl -- processingStrategy.process(record) 處理失敗: Processing failed
java.lang.RuntimeException: Processing failed
	at com.charlessun.javaplcadapter.worker.impl.ConsumerWorkerImpl.pollLoop(ConsumerWorkerImpl.java:51)
	at java.base/java.lang.Thread.run(Thread.java:1583)
11:01:06.988 [Thread-1] ERROR com.charlessun.javaplcadapter.worker.impl.ConsumerWorkerImpl -- processingStrategy.process(record) 處理失敗: Processing failed
java.lang.RuntimeException: Processing failed
	at com.charlessun.javaplcadapter.worker.impl.ConsumerWorkerImpl.pollLoop(ConsumerWorkerImpl.java:51)
	at java.base/java.lang.Thread.run(Thread.java:1583)
11:01:06.988 [Thread-1] ERROR com.charlessun.javaplcadapter.worker.impl.ConsumerWorkerImpl -- processingStrategy.process(record) 處理失敗: Processing failed
java.lang.RuntimeException: Processing failed
	at com.charlessun.javaplcadapter.worker.impl.ConsumerWorkerImpl.pollLoop(ConsumerWorkerImpl.java:51)
	at java.base/java.lang.Thread.run(Thread.java:1583)
11:01:06.988 [Thread-1] ERROR com.charlessun.javaplcadapter.worker.impl.ConsumerWorkerImpl -- processingStrategy.process(record) 處理失敗: Processing failed
java.lang.RuntimeException: Processing failed
	at com.charlessun.javaplcadapter.worker.impl.ConsumerWorkerImpl.pollLoop(ConsumerWorkerImpl.java:51)
	at java.base/java.lang.Thread.run(Thread.java:1583)
11:01:06.989 [Thread-1] ERROR com.charlessun.javaplcadapter.worker.impl.ConsumerWorkerImpl -- processingStrategy.process(record) 處理失敗: Processing failed
java.lang.RuntimeException: Processing failed
	at com.charlessun.javaplcadapter.worker.impl.ConsumerWorkerImpl.pollLoop(ConsumerWorkerImpl.java:51)
	at java.base/java.lang.Thread.run(Thread.java:1583)
11:01:06.989 [Thread-1] ERROR com.charlessun.javaplcadapter.worker.impl.ConsumerWorkerImpl -- processingStrategy.process(record) 處理失敗: Processing failed
java.lang.RuntimeException: Processing failed
	at com.charlessun.javaplcadapter.worker.impl.ConsumerWorkerImpl.pollLoop(ConsumerWorkerImpl.java:51)
	at java.base/java.lang.Thread.run(Thread.java:1583)
11:01:06.989 [Thread-1] ERROR com.charlessun.javaplcadapter.worker.impl.ConsumerWorkerImpl -- processingStrategy.process(record) 處理失敗: Processing failed
java.lang.RuntimeException: Processing failed
	at com.charlessun.javaplcadapter.worker.impl.ConsumerWorkerImpl.pollLoop(ConsumerWorkerImpl.java:51)
	at java.base/java.lang.Thread.run(Thread.java:1583)
11:01:06.990 [Thread-1] ERROR com.charlessun.javaplcadapter.worker.impl.ConsumerWorkerImpl -- processingStrategy.process(record) 處理失敗: Processing failed
java.lang.RuntimeException: Processing failed
	at com.charlessun.javaplcadapter.worker.impl.ConsumerWorkerImpl.pollLoop(ConsumerWorkerImpl.java:51)
	at java.base/java.lang.Thread.run(Thread.java:1583)
11:01:06.990 [Thread-1] ERROR com.charlessun.javaplcadapter.worker.impl.ConsumerWorkerImpl -- processingStrategy.process(record) 處理失敗: Processing failed
java.lang.RuntimeException: Processing failed
	at com.charlessun.javaplcadapter.worker.impl.ConsumerWorkerImpl.pollLoop(ConsumerWorkerImpl.java:51)
	at java.base/java.lang.Thread.run(Thread.java:1583)
11:01:06.991 [Thread-1] ERROR com.charlessun.javaplcadapter.worker.impl.ConsumerWorkerImpl -- processingStrategy.process(record) 處理失敗: Processing failed
java.lang.RuntimeException: Processing failed
	at com.charlessun.javaplcadapter.worker.impl.ConsumerWorkerImpl.pollLoop(ConsumerWorkerImpl.java:51)
	at java.base/java.lang.Thread.run(Thread.java:1583)
11:01:06.991 [Thread-1] ERROR com.charlessun.javaplcadapter.worker.impl.ConsumerWorkerImpl -- processingStrategy.process(record) 處理失敗: Processing failed
java.lang.RuntimeException: Processing failed
	at com.charlessun.javaplcadapter.worker.impl.ConsumerWorkerImpl.pollLoop(ConsumerWorkerImpl.java:51)
	at java.base/java.lang.Thread.run(Thread.java:1583)
11:01:06.991 [Thread-1] ERROR com.charlessun.javaplcadapter.worker.impl.ConsumerWorkerImpl -- processingStrategy.process(record) 處理失敗: Processing failed
java.lang.RuntimeException: Processing failed
	at com.charlessun.javaplcadapter.worker.impl.ConsumerWorkerImpl.pollLoop(ConsumerWorkerImpl.java:51)
	at java.base/java.lang.Thread.run(Thread.java:1583)
11:01:06.992 [Thread-1] ERROR com.charlessun.javaplcadapter.worker.impl.ConsumerWorkerImpl -- processingStrategy.process(record) 處理失敗: Processing failed
java.lang.RuntimeException: Processing failed
	at com.charlessun.javaplcadapter.worker.impl.ConsumerWorkerImpl.pollLoop(ConsumerWorkerImpl.java:51)
	at java.base/java.lang.Thread.run(Thread.java:1583)
11:01:06.992 [Thread-1] ERROR com.charlessun.javaplcadapter.worker.impl.ConsumerWorkerImpl -- processingStrategy.process(record) 處理失敗: Processing failed
java.lang.RuntimeException: Processing failed
	at com.charlessun.javaplcadapter.worker.impl.ConsumerWorkerImpl.pollLoop(ConsumerWorkerImpl.java:51)
	at java.base/java.lang.Thread.run(Thread.java:1583)
11:01:06.992 [Thread-1] ERROR com.charlessun.javaplcadapter.worker.impl.ConsumerWorkerImpl -- processingStrategy.process(record) 處理失敗: Processing failed
java.lang.RuntimeException: Processing failed
	at com.charlessun.javaplcadapter.worker.impl.ConsumerWorkerImpl.pollLoop(ConsumerWorkerImpl.java:51)
	at java.base/java.lang.Thread.run(Thread.java:1583)
11:01:06.992 [Thread-1] ERROR com.charlessun.javaplcadapter.worker.impl.ConsumerWorkerImpl -- processingStrategy.process(record) 處理失敗: Processing failed
java.lang.RuntimeException: Processing failed
	at com.charlessun.javaplcadapter.worker.impl.ConsumerWorkerImpl.pollLoop(ConsumerWorkerImpl.java:51)
	at java.base/java.lang.Thread.run(Thread.java:1583)
11:01:06.992 [Thread-1] ERROR com.charlessun.javaplcadapter.worker.impl.ConsumerWorkerImpl -- processingStrategy.process(record) 處理失敗: Processing failed
java.lang.RuntimeException: Processing failed
	at com.charlessun.javaplcadapter.worker.impl.ConsumerWorkerImpl.pollLoop(ConsumerWorkerImpl.java:51)
	at java.base/java.lang.Thread.run(Thread.java:1583)
11:01:06.993 [Thread-1] ERROR com.charlessun.javaplcadapter.worker.impl.ConsumerWorkerImpl -- processingStrategy.process(record) 處理失敗: Processing failed
java.lang.RuntimeException: Processing failed
	at com.charlessun.javaplcadapter.worker.impl.ConsumerWorkerImpl.pollLoop(ConsumerWorkerImpl.java:51)
	at java.base/java.lang.Thread.run(Thread.java:1583)
11:01:06.993 [Thread-1] ERROR com.charlessun.javaplcadapter.worker.impl.ConsumerWorkerImpl -- processingStrategy.process(record) 處理失敗: Processing failed
java.lang.RuntimeException: Processing failed
	at com.charlessun.javaplcadapter.worker.impl.ConsumerWorkerImpl.pollLoop(ConsumerWorkerImpl.java:51)
	at java.base/java.lang.Thread.run(Thread.java:1583)
11:01:06.993 [Thread-1] ERROR com.charlessun.javaplcadapter.worker.impl.ConsumerWorkerImpl -- processingStrategy.process(record) 處理失敗: Processing failed
java.lang.RuntimeException: Processing failed
	at com.charlessun.javaplcadapter.worker.impl.ConsumerWorkerImpl.pollLoop(ConsumerWorkerImpl.java:51)
	at java.base/java.lang.Thread.run(Thread.java:1583)
11:01:06.993 [Thread-1] ERROR com.charlessun.javaplcadapter.worker.impl.ConsumerWorkerImpl -- processingStrategy.process(record) 處理失敗: Processing failed
java.lang.RuntimeException: Processing failed
	at com.charlessun.javaplcadapter.worker.impl.ConsumerWorkerImpl.pollLoop(ConsumerWorkerImpl.java:51)
	at java.base/java.lang.Thread.run(Thread.java:1583)
11:01:06.994 [Thread-1] ERROR com.charlessun.javaplcadapter.worker.impl.ConsumerWorkerImpl -- processingStrategy.process(record) 處理失敗: Processing failed
java.lang.RuntimeException: Processing failed
	at com.charlessun.javaplcadapter.worker.impl.ConsumerWorkerImpl.pollLoop(ConsumerWorkerImpl.java:51)
	at java.base/java.lang.Thread.run(Thread.java:1583)
11:01:06.994 [Thread-1] ERROR com.charlessun.javaplcadapter.worker.impl.ConsumerWorkerImpl -- processingStrategy.process(record) 處理失敗: Processing failed
java.lang.RuntimeException: Processing failed
	at com.charlessun.javaplcadapter.worker.impl.ConsumerWorkerImpl.pollLoop(ConsumerWorkerImpl.java:51)
	at java.base/java.lang.Thread.run(Thread.java:1583)
11:01:06.994 [Thread-1] ERROR com.charlessun.javaplcadapter.worker.impl.ConsumerWorkerImpl -- processingStrategy.process(record) 處理失敗: Processing failed
java.lang.RuntimeException: Processing failed
	at com.charlessun.javaplcadapter.worker.impl.ConsumerWorkerImpl.pollLoop(ConsumerWorkerImpl.java:51)
	at java.base/java.lang.Thread.run(Thread.java:1583)
11:01:06.994 [Thread-1] ERROR com.charlessun.javaplcadapter.worker.impl.ConsumerWorkerImpl -- processingStrategy.process(record) 處理失敗: Processing failed
java.lang.RuntimeException: Processing failed
	at com.charlessun.javaplcadapter.worker.impl.ConsumerWorkerImpl.pollLoop(ConsumerWorkerImpl.java:51)
	at java.base/java.lang.Thread.run(Thread.java:1583)
11:01:06.995 [Thread-1] ERROR com.charlessun.javaplcadapter.worker.impl.ConsumerWorkerImpl -- processingStrategy.process(record) 處理失敗: Processing failed
java.lang.RuntimeException: Processing failed
	at com.charlessun.javaplcadapter.worker.impl.ConsumerWorkerImpl.pollLoop(ConsumerWorkerImpl.java:51)
	at java.base/java.lang.Thread.run(Thread.java:1583)
11:01:06.995 [Thread-1] ERROR com.charlessun.javaplcadapter.worker.impl.ConsumerWorkerImpl -- processingStrategy.process(record) 處理失敗: Processing failed
java.lang.RuntimeException: Processing failed
	at com.charlessun.javaplcadapter.worker.impl.ConsumerWorkerImpl.pollLoop(ConsumerWorkerImpl.java:51)
	at java.base/java.lang.Thread.run(Thread.java:1583)
11:01:06.995 [Thread-1] ERROR com.charlessun.javaplcadapter.worker.impl.ConsumerWorkerImpl -- processingStrategy.process(record) 處理失敗: Processing failed
java.lang.RuntimeException: Processing failed
	at com.charlessun.javaplcadapter.worker.impl.ConsumerWorkerImpl.pollLoop(ConsumerWorkerImpl.java:51)
	at java.base/java.lang.Thread.run(Thread.java:1583)
11:01:06.995 [Thread-1] ERROR com.charlessun.javaplcadapter.worker.impl.ConsumerWorkerImpl -- processingStrategy.process(record) 處理失敗: Processing failed
java.lang.RuntimeException: Processing failed
	at com.charlessun.javaplcadapter.worker.impl.ConsumerWorkerImpl.pollLoop(ConsumerWorkerImpl.java:51)
	at java.base/java.lang.Thread.run(Thread.java:1583)
11:01:06.996 [Thread-1] ERROR com.charlessun.javaplcadapter.worker.impl.ConsumerWorkerImpl -- processingStrategy.process(record) 處理失敗: Processing failed
java.lang.RuntimeException: Processing failed
	at com.charlessun.javaplcadapter.worker.impl.ConsumerWorkerImpl.pollLoop(ConsumerWorkerImpl.java:51)
	at java.base/java.lang.Thread.run(Thread.java:1583)
11:01:06.996 [Thread-1] ERROR com.charlessun.javaplcadapter.worker.impl.ConsumerWorkerImpl -- processingStrategy.process(record) 處理失敗: Processing failed
java.lang.RuntimeException: Processing failed
	at com.charlessun.javaplcadapter.worker.impl.ConsumerWorkerImpl.pollLoop(ConsumerWorkerImpl.java:51)
	at java.base/java.lang.Thread.run(Thread.java:1583)
11:01:06.996 [Thread-1] ERROR com.charlessun.javaplcadapter.worker.impl.ConsumerWorkerImpl -- processingStrategy.process(record) 處理失敗: Processing failed
java.lang.RuntimeException: Processing failed
	at com.charlessun.javaplcadapter.worker.impl.ConsumerWorkerImpl.pollLoop(ConsumerWorkerImpl.java:51)
	at java.base/java.lang.Thread.run(Thread.java:1583)
11:01:06.997 [Thread-1] ERROR com.charlessun.javaplcadapter.worker.impl.ConsumerWorkerImpl -- processingStrategy.process(record) 處理失敗: Processing failed
java.lang.RuntimeException: Processing failed
	at com.charlessun.javaplcadapter.worker.impl.ConsumerWorkerImpl.pollLoop(ConsumerWorkerImpl.java:51)
	at java.base/java.lang.Thread.run(Thread.java:1583)
11:01:06.997 [Thread-1] ERROR com.charlessun.javaplcadapter.worker.impl.ConsumerWorkerImpl -- processingStrategy.process(record) 處理失敗: Processing failed
java.lang.RuntimeException: Processing failed
	at com.charlessun.javaplcadapter.worker.impl.ConsumerWorkerImpl.pollLoop(ConsumerWorkerImpl.java:51)
	at java.base/java.lang.Thread.run(Thread.java:1583)
11:01:06.997 [Thread-1] ERROR com.charlessun.javaplcadapter.worker.impl.ConsumerWorkerImpl -- processingStrategy.process(record) 處理失敗: Processing failed
java.lang.RuntimeException: Processing failed
	at com.charlessun.javaplcadapter.worker.impl.ConsumerWorkerImpl.pollLoop(ConsumerWorkerImpl.java:51)
	at java.base/java.lang.Thread.run(Thread.java:1583)
11:01:06.998 [Thread-1] ERROR com.charlessun.javaplcadapter.worker.impl.ConsumerWorkerImpl -- processingStrategy.process(record) 處理失敗: Processing failed
java.lang.RuntimeException: Processing failed
	at com.charlessun.javaplcadapter.worker.impl.ConsumerWorkerImpl.pollLoop(ConsumerWorkerImpl.java:51)
	at java.base/java.lang.Thread.run(Thread.java:1583)
11:01:06.999 [Thread-1] ERROR com.charlessun.javaplcadapter.worker.impl.ConsumerWorkerImpl -- processingStrategy.process(record) 處理失敗: Processing failed
java.lang.RuntimeException: Processing failed
	at com.charlessun.javaplcadapter.worker.impl.ConsumerWorkerImpl.pollLoop(ConsumerWorkerImpl.java:51)
	at java.base/java.lang.Thread.run(Thread.java:1583)
11:01:07.000 [Thread-1] ERROR com.charlessun.javaplcadapter.worker.impl.ConsumerWorkerImpl -- processingStrategy.process(record) 處理失敗: Processing failed
java.lang.RuntimeException: Processing failed
	at com.charlessun.javaplcadapter.worker.impl.ConsumerWorkerImpl.pollLoop(ConsumerWorkerImpl.java:51)
	at java.base/java.lang.Thread.run(Thread.java:1583)
11:01:07.000 [Thread-1] ERROR com.charlessun.javaplcadapter.worker.impl.ConsumerWorkerImpl -- processingStrategy.process(record) 處理失敗: Processing failed
java.lang.RuntimeException: Processing failed
	at com.charlessun.javaplcadapter.worker.impl.ConsumerWorkerImpl.pollLoop(ConsumerWorkerImpl.java:51)
	at java.base/java.lang.Thread.run(Thread.java:1583)
11:01:07.000 [Thread-1] ERROR com.charlessun.javaplcadapter.worker.impl.ConsumerWorkerImpl -- processingStrategy.process(record) 處理失敗: Processing failed
java.lang.RuntimeException: Processing failed
	at com.charlessun.javaplcadapter.worker.impl.ConsumerWorkerImpl.pollLoop(ConsumerWorkerImpl.java:51)
	at java.base/java.lang.Thread.run(Thread.java:1583)
11:01:07.001 [Thread-1] ERROR com.charlessun.javaplcadapter.worker.impl.ConsumerWorkerImpl -- processingStrategy.process(record) 處理失敗: Processing failed
java.lang.RuntimeException: Processing failed
	at com.charlessun.javaplcadapter.worker.impl.ConsumerWorkerImpl.pollLoop(ConsumerWorkerImpl.java:51)
	at java.base/java.lang.Thread.run(Thread.java:1583)
11:01:07.001 [Thread-1] ERROR com.charlessun.javaplcadapter.worker.impl.ConsumerWorkerImpl -- processingStrategy.process(record) 處理失敗: Processing failed
java.lang.RuntimeException: Processing failed
	at com.charlessun.javaplcadapter.worker.impl.ConsumerWorkerImpl.pollLoop(ConsumerWorkerImpl.java:51)
	at java.base/java.lang.Thread.run(Thread.java:1583)
11:01:07.001 [Thread-1] ERROR com.charlessun.javaplcadapter.worker.impl.ConsumerWorkerImpl -- processingStrategy.process(record) 處理失敗: Processing failed
java.lang.RuntimeException: Processing failed
	at com.charlessun.javaplcadapter.worker.impl.ConsumerWorkerImpl.pollLoop(ConsumerWorkerImpl.java:51)
	at java.base/java.lang.Thread.run(Thread.java:1583)
11:01:07.001 [Thread-1] ERROR com.charlessun.javaplcadapter.worker.impl.ConsumerWorkerImpl -- processingStrategy.process(record) 處理失敗: Processing failed
java.lang.RuntimeException: Processing failed
	at com.charlessun.javaplcadapter.worker.impl.ConsumerWorkerImpl.pollLoop(ConsumerWorkerImpl.java:51)
	at java.base/java.lang.Thread.run(Thread.java:1583)
11:01:07.002 [Thread-1] ERROR com.charlessun.javaplcadapter.worker.impl.ConsumerWorkerImpl -- processingStrategy.process(record) 處理失敗: Processing failed
java.lang.RuntimeException: Processing failed
	at com.charlessun.javaplcadapter.worker.impl.ConsumerWorkerImpl.pollLoop(ConsumerWorkerImpl.java:51)
	at java.base/java.lang.Thread.run(Thread.java:1583)
11:01:07.003 [Thread-1] ERROR com.charlessun.javaplcadapter.worker.impl.ConsumerWorkerImpl -- processingStrategy.process(record) 處理失敗: Processing failed
java.lang.RuntimeException: Processing failed
	at com.charlessun.javaplcadapter.worker.impl.ConsumerWorkerImpl.pollLoop(ConsumerWorkerImpl.java:51)
	at java.base/java.lang.Thread.run(Thread.java:1583)
11:01:07.003 [Thread-1] ERROR com.charlessun.javaplcadapter.worker.impl.ConsumerWorkerImpl -- processingStrategy.process(record) 處理失敗: Processing failed
java.lang.RuntimeException: Processing failed
	at com.charlessun.javaplcadapter.worker.impl.ConsumerWorkerImpl.pollLoop(ConsumerWorkerImpl.java:51)
	at java.base/java.lang.Thread.run(Thread.java:1583)
11:01:07.003 [Thread-1] ERROR com.charlessun.javaplcadapter.worker.impl.ConsumerWorkerImpl -- processingStrategy.process(record) 處理失敗: Processing failed
java.lang.RuntimeException: Processing failed
	at com.charlessun.javaplcadapter.worker.impl.ConsumerWorkerImpl.pollLoop(ConsumerWorkerImpl.java:51)
	at java.base/java.lang.Thread.run(Thread.java:1583)
11:01:07.003 [Thread-1] ERROR com.charlessun.javaplcadapter.worker.impl.ConsumerWorkerImpl -- processingStrategy.process(record) 處理失敗: Processing failed
java.lang.RuntimeException: Processing failed
	at com.charlessun.javaplcadapter.worker.impl.ConsumerWorkerImpl.pollLoop(ConsumerWorkerImpl.java:51)
	at java.base/java.lang.Thread.run(Thread.java:1583)
11:01:07.003 [Thread-1] ERROR com.charlessun.javaplcadapter.worker.impl.ConsumerWorkerImpl -- processingStrategy.process(record) 處理失敗: Processing failed
java.lang.RuntimeException: Processing failed
	at com.charlessun.javaplcadapter.worker.impl.ConsumerWorkerImpl.pollLoop(ConsumerWorkerImpl.java:51)
	at java.base/java.lang.Thread.run(Thread.java:1583)
11:01:07.004 [Thread-1] ERROR com.charlessun.javaplcadapter.worker.impl.ConsumerWorkerImpl -- processingStrategy.process(record) 處理失敗: Processing failed
java.lang.RuntimeException: Processing failed
	at com.charlessun.javaplcadapter.worker.impl.ConsumerWorkerImpl.pollLoop(ConsumerWorkerImpl.java:51)
	at java.base/java.lang.Thread.run(Thread.java:1583)
11:01:07.004 [Thread-1] ERROR com.charlessun.javaplcadapter.worker.impl.ConsumerWorkerImpl -- processingStrategy.process(record) 處理失敗: Processing failed
java.lang.RuntimeException: Processing failed
	at com.charlessun.javaplcadapter.worker.impl.ConsumerWorkerImpl.pollLoop(ConsumerWorkerImpl.java:51)
	at java.base/java.lang.Thread.run(Thread.java:1583)
11:01:07.004 [Thread-1] ERROR com.charlessun.javaplcadapter.worker.impl.ConsumerWorkerImpl -- processingStrategy.process(record) 處理失敗: Processing failed
java.lang.RuntimeException: Processing failed
	at com.charlessun.javaplcadapter.worker.impl.ConsumerWorkerImpl.pollLoop(ConsumerWorkerImpl.java:51)
	at java.base/java.lang.Thread.run(Thread.java:1583)
11:01:07.005 [Thread-1] ERROR com.charlessun.javaplcadapter.worker.impl.ConsumerWorkerImpl -- processingStrategy.process(record) 處理失敗: Processing failed
java.lang.RuntimeException: Processing failed
	at com.charlessun.javaplcadapter.worker.impl.ConsumerWorkerImpl.pollLoop(ConsumerWorkerImpl.java:51)
	at java.base/java.lang.Thread.run(Thread.java:1583)
11:01:07.005 [Thread-1] ERROR com.charlessun.javaplcadapter.worker.impl.ConsumerWorkerImpl -- processingStrategy.process(record) 處理失敗: Processing failed
java.lang.RuntimeException: Processing failed
	at com.charlessun.javaplcadapter.worker.impl.ConsumerWorkerImpl.pollLoop(ConsumerWorkerImpl.java:51)
	at java.base/java.lang.Thread.run(Thread.java:1583)
11:01:07.005 [Thread-1] ERROR com.charlessun.javaplcadapter.worker.impl.ConsumerWorkerImpl -- processingStrategy.process(record) 處理失敗: Processing failed
java.lang.RuntimeException: Processing failed
	at com.charlessun.javaplcadapter.worker.impl.ConsumerWorkerImpl.pollLoop(ConsumerWorkerImpl.java:51)
	at java.base/java.lang.Thread.run(Thread.java:1583)
11:01:07.005 [Thread-1] ERROR com.charlessun.javaplcadapter.worker.impl.ConsumerWorkerImpl -- processingStrategy.process(record) 處理失敗: Processing failed
java.lang.RuntimeException: Processing failed
	at com.charlessun.javaplcadapter.worker.impl.ConsumerWorkerImpl.pollLoop(ConsumerWorkerImpl.java:51)
	at java.base/java.lang.Thread.run(Thread.java:1583)
11:01:07.005 [Thread-1] ERROR com.charlessun.javaplcadapter.worker.impl.ConsumerWorkerImpl -- processingStrategy.process(record) 處理失敗: Processing failed
java.lang.RuntimeException: Processing failed
	at com.charlessun.javaplcadapter.worker.impl.ConsumerWorkerImpl.pollLoop(ConsumerWorkerImpl.java:51)
	at java.base/java.lang.Thread.run(Thread.java:1583)
11:01:07.006 [Thread-1] ERROR com.charlessun.javaplcadapter.worker.impl.ConsumerWorkerImpl -- processingStrategy.process(record) 處理失敗: Processing failed
java.lang.RuntimeException: Processing failed
	at com.charlessun.javaplcadapter.worker.impl.ConsumerWorkerImpl.pollLoop(ConsumerWorkerImpl.java:51)
	at java.base/java.lang.Thread.run(Thread.java:1583)
11:01:07.006 [Thread-1] ERROR com.charlessun.javaplcadapter.worker.impl.ConsumerWorkerImpl -- processingStrategy.process(record) 處理失敗: Processing failed
java.lang.RuntimeException: Processing failed
	at com.charlessun.javaplcadapter.worker.impl.ConsumerWorkerImpl.pollLoop(ConsumerWorkerImpl.java:51)
	at java.base/java.lang.Thread.run(Thread.java:1583)
11:01:07.007 [Thread-1] ERROR com.charlessun.javaplcadapter.worker.impl.ConsumerWorkerImpl -- processingStrategy.process(record) 處理失敗: Processing failed
java.lang.RuntimeException: Processing failed
	at com.charlessun.javaplcadapter.worker.impl.ConsumerWorkerImpl.pollLoop(ConsumerWorkerImpl.java:51)
	at java.base/java.lang.Thread.run(Thread.java:1583)
11:01:07.007 [Thread-1] ERROR com.charlessun.javaplcadapter.worker.impl.ConsumerWorkerImpl -- processingStrategy.process(record) 處理失敗: Processing failed
java.lang.RuntimeException: Processing failed
	at com.charlessun.javaplcadapter.worker.impl.ConsumerWorkerImpl.pollLoop(ConsumerWorkerImpl.java:51)
	at java.base/java.lang.Thread.run(Thread.java:1583)
11:01:07.007 [Thread-1] ERROR com.charlessun.javaplcadapter.worker.impl.ConsumerWorkerImpl -- processingStrategy.process(record) 處理失敗: Processing failed
java.lang.RuntimeException: Processing failed
	at com.charlessun.javaplcadapter.worker.impl.ConsumerWorkerImpl.pollLoop(ConsumerWorkerImpl.java:51)
	at java.base/java.lang.Thread.run(Thread.java:1583)
11:01:07.008 [Thread-1] ERROR com.charlessun.javaplcadapter.worker.impl.ConsumerWorkerImpl -- processingStrategy.process(record) 處理失敗: Processing failed
java.lang.RuntimeException: Processing failed
	at com.charlessun.javaplcadapter.worker.impl.ConsumerWorkerImpl.pollLoop(ConsumerWorkerImpl.java:51)
	at java.base/java.lang.Thread.run(Thread.java:1583)
11:01:07.008 [Thread-1] ERROR com.charlessun.javaplcadapter.worker.impl.ConsumerWorkerImpl -- processingStrategy.process(record) 處理失敗: Processing failed
java.lang.RuntimeException: Processing failed
	at com.charlessun.javaplcadapter.worker.impl.ConsumerWorkerImpl.pollLoop(ConsumerWorkerImpl.java:51)
	at java.base/java.lang.Thread.run(Thread.java:1583)
11:01:07.008 [Thread-1] ERROR com.charlessun.javaplcadapter.worker.impl.ConsumerWorkerImpl -- processingStrategy.process(record) 處理失敗: Processing failed
java.lang.RuntimeException: Processing failed
	at com.charlessun.javaplcadapter.worker.impl.ConsumerWorkerImpl.pollLoop(ConsumerWorkerImpl.java:51)
	at java.base/java.lang.Thread.run(Thread.java:1583)
11:01:07.009 [Thread-1] ERROR com.charlessun.javaplcadapter.worker.impl.ConsumerWorkerImpl -- processingStrategy.process(record) 處理失敗: Processing failed
java.lang.RuntimeException: Processing failed
	at com.charlessun.javaplcadapter.worker.impl.ConsumerWorkerImpl.pollLoop(ConsumerWorkerImpl.java:51)
	at java.base/java.lang.Thread.run(Thread.java:1583)
11:01:07.009 [Thread-1] ERROR com.charlessun.javaplcadapter.worker.impl.ConsumerWorkerImpl -- processingStrategy.process(record) 處理失敗: Processing failed
java.lang.RuntimeException: Processing failed
	at com.charlessun.javaplcadapter.worker.impl.ConsumerWorkerImpl.pollLoop(ConsumerWorkerImpl.java:51)
	at java.base/java.lang.Thread.run(Thread.java:1583)
11:01:07.009 [Thread-1] ERROR com.charlessun.javaplcadapter.worker.impl.ConsumerWorkerImpl -- processingStrategy.process(record) 處理失敗: Processing failed
java.lang.RuntimeException: Processing failed
	at com.charlessun.javaplcadapter.worker.impl.ConsumerWorkerImpl.pollLoop(ConsumerWorkerImpl.java:51)
	at java.base/java.lang.Thread.run(Thread.java:1583)
11:01:07.010 [Thread-1] ERROR com.charlessun.javaplcadapter.worker.impl.ConsumerWorkerImpl -- processingStrategy.process(record) 處理失敗: Processing failed
java.lang.RuntimeException: Processing failed
	at com.charlessun.javaplcadapter.worker.impl.ConsumerWorkerImpl.pollLoop(ConsumerWorkerImpl.java:51)
	at java.base/java.lang.Thread.run(Thread.java:1583)
11:01:07.010 [Thread-1] ERROR com.charlessun.javaplcadapter.worker.impl.ConsumerWorkerImpl -- processingStrategy.process(record) 處理失敗: Processing failed
java.lang.RuntimeException: Processing failed
	at com.charlessun.javaplcadapter.worker.impl.ConsumerWorkerImpl.pollLoop(ConsumerWorkerImpl.java:51)
	at java.base/java.lang.Thread.run(Thread.java:1583)
11:01:07.010 [Thread-1] ERROR com.charlessun.javaplcadapter.worker.impl.ConsumerWorkerImpl -- processingStrategy.process(record) 處理失敗: Processing failed
java.lang.RuntimeException: Processing failed
	at com.charlessun.javaplcadapter.worker.impl.ConsumerWorkerImpl.pollLoop(ConsumerWorkerImpl.java:51)
	at java.base/java.lang.Thread.run(Thread.java:1583)
11:01:07.011 [Thread-1] ERROR com.charlessun.javaplcadapter.worker.impl.ConsumerWorkerImpl -- processingStrategy.process(record) 處理失敗: Processing failed
java.lang.RuntimeException: Processing failed
	at com.charlessun.javaplcadapter.worker.impl.ConsumerWorkerImpl.pollLoop(ConsumerWorkerImpl.java:51)
	at java.base/java.lang.Thread.run(Thread.java:1583)
11:01:07.011 [Thread-1] ERROR com.charlessun.javaplcadapter.worker.impl.ConsumerWorkerImpl -- processingStrategy.process(record) 處理失敗: Processing failed
java.lang.RuntimeException: Processing failed
	at com.charlessun.javaplcadapter.worker.impl.ConsumerWorkerImpl.pollLoop(ConsumerWorkerImpl.java:51)
	at java.base/java.lang.Thread.run(Thread.java:1583)
11:01:07.012 [Thread-1] ERROR com.charlessun.javaplcadapter.worker.impl.ConsumerWorkerImpl -- processingStrategy.process(record) 處理失敗: Processing failed
java.lang.RuntimeException: Processing failed
	at com.charlessun.javaplcadapter.worker.impl.ConsumerWorkerImpl.pollLoop(ConsumerWorkerImpl.java:51)
	at java.base/java.lang.Thread.run(Thread.java:1583)
11:01:07.012 [Thread-1] ERROR com.charlessun.javaplcadapter.worker.impl.ConsumerWorkerImpl -- processingStrategy.process(record) 處理失敗: Processing failed
java.lang.RuntimeException: Processing failed
	at com.charlessun.javaplcadapter.worker.impl.ConsumerWorkerImpl.pollLoop(ConsumerWorkerImpl.java:51)
	at java.base/java.lang.Thread.run(Thread.java:1583)
11:01:07.012 [Thread-1] ERROR com.charlessun.javaplcadapter.worker.impl.ConsumerWorkerImpl -- processingStrategy.process(record) 處理失敗: Processing failed
java.lang.RuntimeException: Processing failed
	at com.charlessun.javaplcadapter.worker.impl.ConsumerWorkerImpl.pollLoop(ConsumerWorkerImpl.java:51)
	at java.base/java.lang.Thread.run(Thread.java:1583)
11:01:07.012 [Thread-1] ERROR com.charlessun.javaplcadapter.worker.impl.ConsumerWorkerImpl -- processingStrategy.process(record) 處理失敗: Processing failed
java.lang.RuntimeException: Processing failed
	at com.charlessun.javaplcadapter.worker.impl.ConsumerWorkerImpl.pollLoop(ConsumerWorkerImpl.java:51)
	at java.base/java.lang.Thread.run(Thread.java:1583)
11:01:07.013 [Thread-1] ERROR com.charlessun.javaplcadapter.worker.impl.ConsumerWorkerImpl -- processingStrategy.process(record) 處理失敗: Processing failed
java.lang.RuntimeException: Processing failed
	at com.charlessun.javaplcadapter.worker.impl.ConsumerWorkerImpl.pollLoop(ConsumerWorkerImpl.java:51)
	at java.base/java.lang.Thread.run(Thread.java:1583)
11:01:07.013 [Thread-1] ERROR com.charlessun.javaplcadapter.worker.impl.ConsumerWorkerImpl -- processingStrategy.process(record) 處理失敗: Processing failed
java.lang.RuntimeException: Processing failed
	at com.charlessun.javaplcadapter.worker.impl.ConsumerWorkerImpl.pollLoop(ConsumerWorkerImpl.java:51)
	at java.base/java.lang.Thread.run(Thread.java:1583)
11:01:07.013 [Thread-1] ERROR com.charlessun.javaplcadapter.worker.impl.ConsumerWorkerImpl -- processingStrategy.process(record) 處理失敗: Processing failed
java.lang.RuntimeException: Processing failed
	at com.charlessun.javaplcadapter.worker.impl.ConsumerWorkerImpl.pollLoop(ConsumerWorkerImpl.java:51)
	at java.base/java.lang.Thread.run(Thread.java:1583)
11:01:07.013 [Thread-1] ERROR com.charlessun.javaplcadapter.worker.impl.ConsumerWorkerImpl -- processingStrategy.process(record) 處理失敗: Processing failed
java.lang.RuntimeException: Processing failed
	at com.charlessun.javaplcadapter.worker.impl.ConsumerWorkerImpl.pollLoop(ConsumerWorkerImpl.java:51)
	at java.base/java.lang.Thread.run(Thread.java:1583)
11:01:07.013 [Thread-1] ERROR com.charlessun.javaplcadapter.worker.impl.ConsumerWorkerImpl -- processingStrategy.process(record) 處理失敗: Processing failed
java.lang.RuntimeException: Processing failed
	at com.charlessun.javaplcadapter.worker.impl.ConsumerWorkerImpl.pollLoop(ConsumerWorkerImpl.java:51)
	at java.base/java.lang.Thread.run(Thread.java:1583)
11:01:07.014 [Thread-1] ERROR com.charlessun.javaplcadapter.worker.impl.ConsumerWorkerImpl -- processingStrategy.process(record) 處理失敗: Processing failed
java.lang.RuntimeException: Processing failed
	at com.charlessun.javaplcadapter.worker.impl.ConsumerWorkerImpl.pollLoop(ConsumerWorkerImpl.java:51)
	at java.base/java.lang.Thread.run(Thread.java:1583)
11:01:07.014 [Thread-1] ERROR com.charlessun.javaplcadapter.worker.impl.ConsumerWorkerImpl -- processingStrategy.process(record) 處理失敗: Processing failed
java.lang.RuntimeException: Processing failed
	at com.charlessun.javaplcadapter.worker.impl.ConsumerWorkerImpl.pollLoop(ConsumerWorkerImpl.java:51)
	at java.base/java.lang.Thread.run(Thread.java:1583)
11:01:07.014 [Thread-1] ERROR com.charlessun.javaplcadapter.worker.impl.ConsumerWorkerImpl -- processingStrategy.process(record) 處理失敗: Processing failed
java.lang.RuntimeException: Processing failed
	at com.charlessun.javaplcadapter.worker.impl.ConsumerWorkerImpl.pollLoop(ConsumerWorkerImpl.java:51)
	at java.base/java.lang.Thread.run(Thread.java:1583)
11:01:07.014 [Thread-1] ERROR com.charlessun.javaplcadapter.worker.impl.ConsumerWorkerImpl -- processingStrategy.process(record) 處理失敗: Processing failed
java.lang.RuntimeException: Processing failed
	at com.charlessun.javaplcadapter.worker.impl.ConsumerWorkerImpl.pollLoop(ConsumerWorkerImpl.java:51)
	at java.base/java.lang.Thread.run(Thread.java:1583)
11:01:07.015 [Thread-1] ERROR com.charlessun.javaplcadapter.worker.impl.ConsumerWorkerImpl -- processingStrategy.process(record) 處理失敗: Processing failed
java.lang.RuntimeException: Processing failed
	at com.charlessun.javaplcadapter.worker.impl.ConsumerWorkerImpl.pollLoop(ConsumerWorkerImpl.java:51)
	at java.base/java.lang.Thread.run(Thread.java:1583)
11:01:07.015 [Thread-1] ERROR com.charlessun.javaplcadapter.worker.impl.ConsumerWorkerImpl -- processingStrategy.process(record) 處理失敗: Processing failed
java.lang.RuntimeException: Processing failed
	at com.charlessun.javaplcadapter.worker.impl.ConsumerWorkerImpl.pollLoop(ConsumerWorkerImpl.java:51)
	at java.base/java.lang.Thread.run(Thread.java:1583)
11:01:07.015 [Thread-1] ERROR com.charlessun.javaplcadapter.worker.impl.ConsumerWorkerImpl -- processingStrategy.process(record) 處理失敗: Processing failed
java.lang.RuntimeException: Processing failed
	at com.charlessun.javaplcadapter.worker.impl.ConsumerWorkerImpl.pollLoop(ConsumerWorkerImpl.java:51)
	at java.base/java.lang.Thread.run(Thread.java:1583)
11:01:07.015 [Thread-1] ERROR com.charlessun.javaplcadapter.worker.impl.ConsumerWorkerImpl -- processingStrategy.process(record) 處理失敗: Processing failed
java.lang.RuntimeException: Processing failed
	at com.charlessun.javaplcadapter.worker.impl.ConsumerWorkerImpl.pollLoop(ConsumerWorkerImpl.java:51)
	at java.base/java.lang.Thread.run(Thread.java:1583)
11:01:07.016 [Thread-1] ERROR com.charlessun.javaplcadapter.worker.impl.ConsumerWorkerImpl -- processingStrategy.process(record) 處理失敗: Processing failed
java.lang.RuntimeException: Processing failed
	at com.charlessun.javaplcadapter.worker.impl.ConsumerWorkerImpl.pollLoop(ConsumerWorkerImpl.java:51)
	at java.base/java.lang.Thread.run(Thread.java:1583)
11:01:07.016 [Thread-1] ERROR com.charlessun.javaplcadapter.worker.impl.ConsumerWorkerImpl -- processingStrategy.process(record) 處理失敗: Processing failed
java.lang.RuntimeException: Processing failed
	at com.charlessun.javaplcadapter.worker.impl.ConsumerWorkerImpl.pollLoop(ConsumerWorkerImpl.java:51)
	at java.base/java.lang.Thread.run(Thread.java:1583)
11:01:07.016 [Thread-1] ERROR com.charlessun.javaplcadapter.worker.impl.ConsumerWorkerImpl -- processingStrategy.process(record) 處理失敗: Processing failed
java.lang.RuntimeException: Processing failed
	at com.charlessun.javaplcadapter.worker.impl.ConsumerWorkerImpl.pollLoop(ConsumerWorkerImpl.java:51)
	at java.base/java.lang.Thread.run(Thread.java:1583)
11:01:07.016 [Thread-1] ERROR com.charlessun.javaplcadapter.worker.impl.ConsumerWorkerImpl -- processingStrategy.process(record) 處理失敗: Processing failed
java.lang.RuntimeException: Processing failed
	at com.charlessun.javaplcadapter.worker.impl.ConsumerWorkerImpl.pollLoop(ConsumerWorkerImpl.java:51)
	at java.base/java.lang.Thread.run(Thread.java:1583)
11:01:07.017 [Thread-1] ERROR com.charlessun.javaplcadapter.worker.impl.ConsumerWorkerImpl -- processingStrategy.process(record) 處理失敗: Processing failed
java.lang.RuntimeException: Processing failed
	at com.charlessun.javaplcadapter.worker.impl.ConsumerWorkerImpl.pollLoop(ConsumerWorkerImpl.java:51)
	at java.base/java.lang.Thread.run(Thread.java:1583)
11:01:07.017 [Thread-1] ERROR com.charlessun.javaplcadapter.worker.impl.ConsumerWorkerImpl -- processingStrategy.process(record) 處理失敗: Processing failed
java.lang.RuntimeException: Processing failed
	at com.charlessun.javaplcadapter.worker.impl.ConsumerWorkerImpl.pollLoop(ConsumerWorkerImpl.java:51)
	at java.base/java.lang.Thread.run(Thread.java:1583)
11:01:07.018 [Thread-1] ERROR com.charlessun.javaplcadapter.worker.impl.ConsumerWorkerImpl -- processingStrategy.process(record) 處理失敗: Processing failed
java.lang.RuntimeException: Processing failed
	at com.charlessun.javaplcadapter.worker.impl.ConsumerWorkerImpl.pollLoop(ConsumerWorkerImpl.java:51)
	at java.base/java.lang.Thread.run(Thread.java:1583)
11:01:07.018 [Thread-1] ERROR com.charlessun.javaplcadapter.worker.impl.ConsumerWorkerImpl -- processingStrategy.process(record) 處理失敗: Processing failed
java.lang.RuntimeException: Processing failed
	at com.charlessun.javaplcadapter.worker.impl.ConsumerWorkerImpl.pollLoop(ConsumerWorkerImpl.java:51)
	at java.base/java.lang.Thread.run(Thread.java:1583)
11:01:07.019 [Thread-1] ERROR com.charlessun.javaplcadapter.worker.impl.ConsumerWorkerImpl -- processingStrategy.process(record) 處理失敗: Processing failed
java.lang.RuntimeException: Processing failed
	at com.charlessun.javaplcadapter.worker.impl.ConsumerWorkerImpl.pollLoop(ConsumerWorkerImpl.java:51)
	at java.base/java.lang.Thread.run(Thread.java:1583)
11:01:07.020 [Thread-1] ERROR com.charlessun.javaplcadapter.worker.impl.ConsumerWorkerImpl -- processingStrategy.process(record) 處理失敗: Processing failed
java.lang.RuntimeException: Processing failed
	at com.charlessun.javaplcadapter.worker.impl.ConsumerWorkerImpl.pollLoop(ConsumerWorkerImpl.java:51)
	at java.base/java.lang.Thread.run(Thread.java:1583)
11:01:07.022 [Thread-1] ERROR com.charlessun.javaplcadapter.worker.impl.ConsumerWorkerImpl -- processingStrategy.process(record) 處理失敗: Processing failed
java.lang.RuntimeException: Processing failed
	at com.charlessun.javaplcadapter.worker.impl.ConsumerWorkerImpl.pollLoop(ConsumerWorkerImpl.java:51)
	at java.base/java.lang.Thread.run(Thread.java:1583)
11:01:07.023 [Thread-1] ERROR com.charlessun.javaplcadapter.worker.impl.ConsumerWorkerImpl -- processingStrategy.process(record) 處理失敗: Processing failed
java.lang.RuntimeException: Processing failed
	at com.charlessun.javaplcadapter.worker.impl.ConsumerWorkerImpl.pollLoop(ConsumerWorkerImpl.java:51)
	at java.base/java.lang.Thread.run(Thread.java:1583)
11:01:07.023 [Thread-1] ERROR com.charlessun.javaplcadapter.worker.impl.ConsumerWorkerImpl -- processingStrategy.process(record) 處理失敗: Processing failed
java.lang.RuntimeException: Processing failed
	at com.charlessun.javaplcadapter.worker.impl.ConsumerWorkerImpl.pollLoop(ConsumerWorkerImpl.java:51)
	at java.base/java.lang.Thread.run(Thread.java:1583)
11:01:07.024 [Thread-1] ERROR com.charlessun.javaplcadapter.worker.impl.ConsumerWorkerImpl -- processingStrategy.process(record) 處理失敗: Processing failed
java.lang.RuntimeException: Processing failed
	at com.charlessun.javaplcadapter.worker.impl.ConsumerWorkerImpl.pollLoop(ConsumerWorkerImpl.java:51)
	at java.base/java.lang.Thread.run(Thread.java:1583)
11:01:07.024 [Thread-1] ERROR com.charlessun.javaplcadapter.worker.impl.ConsumerWorkerImpl -- processingStrategy.process(record) 處理失敗: Processing failed
java.lang.RuntimeException: Processing failed
	at com.charlessun.javaplcadapter.worker.impl.ConsumerWorkerImpl.pollLoop(ConsumerWorkerImpl.java:51)
	at java.base/java.lang.Thread.run(Thread.java:1583)
11:01:07.024 [Thread-1] ERROR com.charlessun.javaplcadapter.worker.impl.ConsumerWorkerImpl -- processingStrategy.process(record) 處理失敗: Processing failed
java.lang.RuntimeException: Processing failed
	at com.charlessun.javaplcadapter.worker.impl.ConsumerWorkerImpl.pollLoop(ConsumerWorkerImpl.java:51)
	at java.base/java.lang.Thread.run(Thread.java:1583)
11:01:07.024 [Thread-1] ERROR com.charlessun.javaplcadapter.worker.impl.ConsumerWorkerImpl -- processingStrategy.process(record) 處理失敗: Processing failed
java.lang.RuntimeException: Processing failed
	at com.charlessun.javaplcadapter.worker.impl.ConsumerWorkerImpl.pollLoop(ConsumerWorkerImpl.java:51)
	at java.base/java.lang.Thread.run(Thread.java:1583)
11:01:07.025 [Thread-1] ERROR com.charlessun.javaplcadapter.worker.impl.ConsumerWorkerImpl -- processingStrategy.process(record) 處理失敗: Processing failed
java.lang.RuntimeException: Processing failed
	at com.charlessun.javaplcadapter.worker.impl.ConsumerWorkerImpl.pollLoop(ConsumerWorkerImpl.java:51)
	at java.base/java.lang.Thread.run(Thread.java:1583)
11:01:07.025 [Thread-1] ERROR com.charlessun.javaplcadapter.worker.impl.ConsumerWorkerImpl -- processingStrategy.process(record) 處理失敗: Processing failed
java.lang.RuntimeException: Processing failed
	at com.charlessun.javaplcadapter.worker.impl.ConsumerWorkerImpl.pollLoop(ConsumerWorkerImpl.java:51)
	at java.base/java.lang.Thread.run(Thread.java:1583)
11:01:07.025 [Thread-1] ERROR com.charlessun.javaplcadapter.worker.impl.ConsumerWorkerImpl -- processingStrategy.process(record) 處理失敗: Processing failed
java.lang.RuntimeException: Processing failed
	at com.charlessun.javaplcadapter.worker.impl.ConsumerWorkerImpl.pollLoop(ConsumerWorkerImpl.java:51)
	at java.base/java.lang.Thread.run(Thread.java:1583)
11:01:07.026 [Thread-1] ERROR com.charlessun.javaplcadapter.worker.impl.ConsumerWorkerImpl -- processingStrategy.process(record) 處理失敗: Processing failed
java.lang.RuntimeException: Processing failed
	at com.charlessun.javaplcadapter.worker.impl.ConsumerWorkerImpl.pollLoop(ConsumerWorkerImpl.java:51)
	at java.base/java.lang.Thread.run(Thread.java:1583)
11:01:07.026 [Thread-1] ERROR com.charlessun.javaplcadapter.worker.impl.ConsumerWorkerImpl -- processingStrategy.process(record) 處理失敗: Processing failed
java.lang.RuntimeException: Processing failed
	at com.charlessun.javaplcadapter.worker.impl.ConsumerWorkerImpl.pollLoop(ConsumerWorkerImpl.java:51)
	at java.base/java.lang.Thread.run(Thread.java:1583)
11:01:07.027 [Thread-1] ERROR com.charlessun.javaplcadapter.worker.impl.ConsumerWorkerImpl -- processingStrategy.process(record) 處理失敗: Processing failed
java.lang.RuntimeException: Processing failed
	at com.charlessun.javaplcadapter.worker.impl.ConsumerWorkerImpl.pollLoop(ConsumerWorkerImpl.java:51)
	at java.base/java.lang.Thread.run(Thread.java:1583)
11:01:07.027 [Thread-1] ERROR com.charlessun.javaplcadapter.worker.impl.ConsumerWorkerImpl -- processingStrategy.process(record) 處理失敗: Processing failed
java.lang.RuntimeException: Processing failed
	at com.charlessun.javaplcadapter.worker.impl.ConsumerWorkerImpl.pollLoop(ConsumerWorkerImpl.java:51)
	at java.base/java.lang.Thread.run(Thread.java:1583)
11:01:07.027 [Thread-1] ERROR com.charlessun.javaplcadapter.worker.impl.ConsumerWorkerImpl -- processingStrategy.process(record) 處理失敗: Processing failed
java.lang.RuntimeException: Processing failed
	at com.charlessun.javaplcadapter.worker.impl.ConsumerWorkerImpl.pollLoop(ConsumerWorkerImpl.java:51)
	at java.base/java.lang.Thread.run(Thread.java:1583)
11:01:07.027 [Thread-1] ERROR com.charlessun.javaplcadapter.worker.impl.ConsumerWorkerImpl -- processingStrategy.process(record) 處理失敗: Processing failed
java.lang.RuntimeException: Processing failed
	at com.charlessun.javaplcadapter.worker.impl.ConsumerWorkerImpl.pollLoop(ConsumerWorkerImpl.java:51)
	at java.base/java.lang.Thread.run(Thread.java:1583)
11:01:07.028 [Thread-1] ERROR com.charlessun.javaplcadapter.worker.impl.ConsumerWorkerImpl -- processingStrategy.process(record) 處理失敗: Processing failed
java.lang.RuntimeException: Processing failed
	at com.charlessun.javaplcadapter.worker.impl.ConsumerWorkerImpl.pollLoop(ConsumerWorkerImpl.java:51)
	at java.base/java.lang.Thread.run(Thread.java:1583)
11:01:07.028 [Thread-1] ERROR com.charlessun.javaplcadapter.worker.impl.ConsumerWorkerImpl -- processingStrategy.process(record) 處理失敗: Processing failed
java.lang.RuntimeException: Processing failed
	at com.charlessun.javaplcadapter.worker.impl.ConsumerWorkerImpl.pollLoop(ConsumerWorkerImpl.java:51)
	at java.base/java.lang.Thread.run(Thread.java:1583)
11:01:07.028 [Thread-1] ERROR com.charlessun.javaplcadapter.worker.impl.ConsumerWorkerImpl -- processingStrategy.process(record) 處理失敗: Processing failed
java.lang.RuntimeException: Processing failed
	at com.charlessun.javaplcadapter.worker.impl.ConsumerWorkerImpl.pollLoop(ConsumerWorkerImpl.java:51)
	at java.base/java.lang.Thread.run(Thread.java:1583)
11:01:07.029 [Thread-1] ERROR com.charlessun.javaplcadapter.worker.impl.ConsumerWorkerImpl -- processingStrategy.process(record) 處理失敗: Processing failed
java.lang.RuntimeException: Processing failed
	at com.charlessun.javaplcadapter.worker.impl.ConsumerWorkerImpl.pollLoop(ConsumerWorkerImpl.java:51)
	at java.base/java.lang.Thread.run(Thread.java:1583)
11:01:07.029 [Thread-1] ERROR com.charlessun.javaplcadapter.worker.impl.ConsumerWorkerImpl -- processingStrategy.process(record) 處理失敗: Processing failed
java.lang.RuntimeException: Processing failed
	at com.charlessun.javaplcadapter.worker.impl.ConsumerWorkerImpl.pollLoop(ConsumerWorkerImpl.java:51)
	at java.base/java.lang.Thread.run(Thread.java:1583)
11:01:07.029 [Thread-1] ERROR com.charlessun.javaplcadapter.worker.impl.ConsumerWorkerImpl -- processingStrategy.process(record) 處理失敗: Processing failed
java.lang.RuntimeException: Processing failed
	at com.charlessun.javaplcadapter.worker.impl.ConsumerWorkerImpl.pollLoop(ConsumerWorkerImpl.java:51)
	at java.base/java.lang.Thread.run(Thread.java:1583)
11:01:07.029 [Thread-1] ERROR com.charlessun.javaplcadapter.worker.impl.ConsumerWorkerImpl -- processingStrategy.process(record) 處理失敗: Processing failed
java.lang.RuntimeException: Processing failed
	at com.charlessun.javaplcadapter.worker.impl.ConsumerWorkerImpl.pollLoop(ConsumerWorkerImpl.java:51)
	at java.base/java.lang.Thread.run(Thread.java:1583)
11:01:07.029 [Thread-1] ERROR com.charlessun.javaplcadapter.worker.impl.ConsumerWorkerImpl -- processingStrategy.process(record) 處理失敗: Processing failed
java.lang.RuntimeException: Processing failed
	at com.charlessun.javaplcadapter.worker.impl.ConsumerWorkerImpl.pollLoop(ConsumerWorkerImpl.java:51)
	at java.base/java.lang.Thread.run(Thread.java:1583)
11:01:07.029 [Thread-1] ERROR com.charlessun.javaplcadapter.worker.impl.ConsumerWorkerImpl -- processingStrategy.process(record) 處理失敗: Processing failed
java.lang.RuntimeException: Processing failed
	at com.charlessun.javaplcadapter.worker.impl.ConsumerWorkerImpl.pollLoop(ConsumerWorkerImpl.java:51)
	at java.base/java.lang.Thread.run(Thread.java:1583)
11:01:07.030 [Thread-1] ERROR com.charlessun.javaplcadapter.worker.impl.ConsumerWorkerImpl -- processingStrategy.process(record) 處理失敗: Processing failed
java.lang.RuntimeException: Processing failed
	at com.charlessun.javaplcadapter.worker.impl.ConsumerWorkerImpl.pollLoop(ConsumerWorkerImpl.java:51)
	at java.base/java.lang.Thread.run(Thread.java:1583)
11:01:07.030 [Thread-1] ERROR com.charlessun.javaplcadapter.worker.impl.ConsumerWorkerImpl -- processingStrategy.process(record) 處理失敗: Processing failed
java.lang.RuntimeException: Processing failed
	at com.charlessun.javaplcadapter.worker.impl.ConsumerWorkerImpl.pollLoop(ConsumerWorkerImpl.java:51)
	at java.base/java.lang.Thread.run(Thread.java:1583)
11:01:07.030 [Thread-1] ERROR com.charlessun.javaplcadapter.worker.impl.ConsumerWorkerImpl -- processingStrategy.process(record) 處理失敗: Processing failed
java.lang.RuntimeException: Processing failed
	at com.charlessun.javaplcadapter.worker.impl.ConsumerWorkerImpl.pollLoop(ConsumerWorkerImpl.java:51)
	at java.base/java.lang.Thread.run(Thread.java:1583)
11:01:07.030 [Thread-1] ERROR com.charlessun.javaplcadapter.worker.impl.ConsumerWorkerImpl -- processingStrategy.process(record) 處理失敗: Processing failed
java.lang.RuntimeException: Processing failed
	at com.charlessun.javaplcadapter.worker.impl.ConsumerWorkerImpl.pollLoop(ConsumerWorkerImpl.java:51)
	at java.base/java.lang.Thread.run(Thread.java:1583)
11:01:07.030 [Thread-1] ERROR com.charlessun.javaplcadapter.worker.impl.ConsumerWorkerImpl -- processingStrategy.process(record) 處理失敗: Processing failed
java.lang.RuntimeException: Processing failed
	at com.charlessun.javaplcadapter.worker.impl.ConsumerWorkerImpl.pollLoop(ConsumerWorkerImpl.java:51)
	at java.base/java.lang.Thread.run(Thread.java:1583)
11:01:07.030 [Thread-1] ERROR com.charlessun.javaplcadapter.worker.impl.ConsumerWorkerImpl -- processingStrategy.process(record) 處理失敗: Processing failed
java.lang.RuntimeException: Processing failed
	at com.charlessun.javaplcadapter.worker.impl.ConsumerWorkerImpl.pollLoop(ConsumerWorkerImpl.java:51)
	at java.base/java.lang.Thread.run(Thread.java:1583)
11:01:07.031 [Thread-1] ERROR com.charlessun.javaplcadapter.worker.impl.ConsumerWorkerImpl -- processingStrategy.process(record) 處理失敗: Processing failed
java.lang.RuntimeException: Processing failed
	at com.charlessun.javaplcadapter.worker.impl.ConsumerWorkerImpl.pollLoop(ConsumerWorkerImpl.java:51)
	at java.base/java.lang.Thread.run(Thread.java:1583)
11:01:07.031 [Thread-1] ERROR com.charlessun.javaplcadapter.worker.impl.ConsumerWorkerImpl -- processingStrategy.process(record) 處理失敗: Processing failed
java.lang.RuntimeException: Processing failed
	at com.charlessun.javaplcadapter.worker.impl.ConsumerWorkerImpl.pollLoop(ConsumerWorkerImpl.java:51)
	at java.base/java.lang.Thread.run(Thread.java:1583)
11:01:07.031 [Thread-1] ERROR com.charlessun.javaplcadapter.worker.impl.ConsumerWorkerImpl -- processingStrategy.process(record) 處理失敗: Processing failed
java.lang.RuntimeException: Processing failed
	at com.charlessun.javaplcadapter.worker.impl.ConsumerWorkerImpl.pollLoop(ConsumerWorkerImpl.java:51)
	at java.base/java.lang.Thread.run(Thread.java:1583)
11:01:07.031 [Thread-1] ERROR com.charlessun.javaplcadapter.worker.impl.ConsumerWorkerImpl -- processingStrategy.process(record) 處理失敗: Processing failed
java.lang.RuntimeException: Processing failed
	at com.charlessun.javaplcadapter.worker.impl.ConsumerWorkerImpl.pollLoop(ConsumerWorkerImpl.java:51)
	at java.base/java.lang.Thread.run(Thread.java:1583)
11:01:07.032 [Thread-1] ERROR com.charlessun.javaplcadapter.worker.impl.ConsumerWorkerImpl -- processingStrategy.process(record) 處理失敗: Processing failed
java.lang.RuntimeException: Processing failed
	at com.charlessun.javaplcadapter.worker.impl.ConsumerWorkerImpl.pollLoop(ConsumerWorkerImpl.java:51)
	at java.base/java.lang.Thread.run(Thread.java:1583)
11:01:07.032 [Thread-1] ERROR com.charlessun.javaplcadapter.worker.impl.ConsumerWorkerImpl -- processingStrategy.process(record) 處理失敗: Processing failed
java.lang.RuntimeException: Processing failed
	at com.charlessun.javaplcadapter.worker.impl.ConsumerWorkerImpl.pollLoop(ConsumerWorkerImpl.java:51)
	at java.base/java.lang.Thread.run(Thread.java:1583)
11:01:07.032 [Thread-1] ERROR com.charlessun.javaplcadapter.worker.impl.ConsumerWorkerImpl -- processingStrategy.process(record) 處理失敗: Processing failed
java.lang.RuntimeException: Processing failed
	at com.charlessun.javaplcadapter.worker.impl.ConsumerWorkerImpl.pollLoop(ConsumerWorkerImpl.java:51)
	at java.base/java.lang.Thread.run(Thread.java:1583)
11:01:07.032 [Thread-1] ERROR com.charlessun.javaplcadapter.worker.impl.ConsumerWorkerImpl -- processingStrategy.process(record) 處理失敗: Processing failed
java.lang.RuntimeException: Processing failed
	at com.charlessun.javaplcadapter.worker.impl.ConsumerWorkerImpl.pollLoop(ConsumerWorkerImpl.java:51)
	at java.base/java.lang.Thread.run(Thread.java:1583)
11:01:07.032 [Thread-1] ERROR com.charlessun.javaplcadapter.worker.impl.ConsumerWorkerImpl -- processingStrategy.process(record) 處理失敗: Processing failed
java.lang.RuntimeException: Processing failed
	at com.charlessun.javaplcadapter.worker.impl.ConsumerWorkerImpl.pollLoop(ConsumerWorkerImpl.java:51)
	at java.base/java.lang.Thread.run(Thread.java:1583)
11:01:07.032 [Thread-1] ERROR com.charlessun.javaplcadapter.worker.impl.ConsumerWorkerImpl -- processingStrategy.process(record) 處理失敗: Processing failed
java.lang.RuntimeException: Processing failed
	at com.charlessun.javaplcadapter.worker.impl.ConsumerWorkerImpl.pollLoop(ConsumerWorkerImpl.java:51)
	at java.base/java.lang.Thread.run(Thread.java:1583)
11:01:07.033 [Thread-1] ERROR com.charlessun.javaplcadapter.worker.impl.ConsumerWorkerImpl -- processingStrategy.process(record) 處理失敗: Processing failed
java.lang.RuntimeException: Processing failed
	at com.charlessun.javaplcadapter.worker.impl.ConsumerWorkerImpl.pollLoop(ConsumerWorkerImpl.java:51)
	at java.base/java.lang.Thread.run(Thread.java:1583)
11:01:07.033 [Thread-1] ERROR com.charlessun.javaplcadapter.worker.impl.ConsumerWorkerImpl -- processingStrategy.process(record) 處理失敗: Processing failed
java.lang.RuntimeException: Processing failed
	at com.charlessun.javaplcadapter.worker.impl.ConsumerWorkerImpl.pollLoop(ConsumerWorkerImpl.java:51)
	at java.base/java.lang.Thread.run(Thread.java:1583)
11:01:07.033 [Thread-1] ERROR com.charlessun.javaplcadapter.worker.impl.ConsumerWorkerImpl -- processingStrategy.process(record) 處理失敗: Processing failed
java.lang.RuntimeException: Processing failed
	at com.charlessun.javaplcadapter.worker.impl.ConsumerWorkerImpl.pollLoop(ConsumerWorkerImpl.java:51)
	at java.base/java.lang.Thread.run(Thread.java:1583)
11:01:07.033 [Thread-1] ERROR com.charlessun.javaplcadapter.worker.impl.ConsumerWorkerImpl -- processingStrategy.process(record) 處理失敗: Processing failed
java.lang.RuntimeException: Processing failed
	at com.charlessun.javaplcadapter.worker.impl.ConsumerWorkerImpl.pollLoop(ConsumerWorkerImpl.java:51)
	at java.base/java.lang.Thread.run(Thread.java:1583)
11:01:07.033 [Thread-1] ERROR com.charlessun.javaplcadapter.worker.impl.ConsumerWorkerImpl -- processingStrategy.process(record) 處理失敗: Processing failed
java.lang.RuntimeException: Processing failed
	at com.charlessun.javaplcadapter.worker.impl.ConsumerWorkerImpl.pollLoop(ConsumerWorkerImpl.java:51)
	at java.base/java.lang.Thread.run(Thread.java:1583)
11:01:07.034 [Thread-1] ERROR com.charlessun.javaplcadapter.worker.impl.ConsumerWorkerImpl -- processingStrategy.process(record) 處理失敗: Processing failed
java.lang.RuntimeException: Processing failed
	at com.charlessun.javaplcadapter.worker.impl.ConsumerWorkerImpl.pollLoop(ConsumerWorkerImpl.java:51)
	at java.base/java.lang.Thread.run(Thread.java:1583)
11:01:07.034 [Thread-1] ERROR com.charlessun.javaplcadapter.worker.impl.ConsumerWorkerImpl -- processingStrategy.process(record) 處理失敗: Processing failed
java.lang.RuntimeException: Processing failed
	at com.charlessun.javaplcadapter.worker.impl.ConsumerWorkerImpl.pollLoop(ConsumerWorkerImpl.java:51)
	at java.base/java.lang.Thread.run(Thread.java:1583)
11:01:07.034 [Thread-1] ERROR com.charlessun.javaplcadapter.worker.impl.ConsumerWorkerImpl -- processingStrategy.process(record) 處理失敗: Processing failed
java.lang.RuntimeException: Processing failed
	at com.charlessun.javaplcadapter.worker.impl.ConsumerWorkerImpl.pollLoop(ConsumerWorkerImpl.java:51)
	at java.base/java.lang.Thread.run(Thread.java:1583)
11:01:07.034 [Thread-1] ERROR com.charlessun.javaplcadapter.worker.impl.ConsumerWorkerImpl -- processingStrategy.process(record) 處理失敗: Processing failed
java.lang.RuntimeException: Processing failed
	at com.charlessun.javaplcadapter.worker.impl.ConsumerWorkerImpl.pollLoop(ConsumerWorkerImpl.java:51)
	at java.base/java.lang.Thread.run(Thread.java:1583)
11:01:07.034 [Thread-1] ERROR com.charlessun.javaplcadapter.worker.impl.ConsumerWorkerImpl -- processingStrategy.process(record) 處理失敗: Processing failed
java.lang.RuntimeException: Processing failed
	at com.charlessun.javaplcadapter.worker.impl.ConsumerWorkerImpl.pollLoop(ConsumerWorkerImpl.java:51)
	at java.base/java.lang.Thread.run(Thread.java:1583)
11:01:07.034 [Thread-1] ERROR com.charlessun.javaplcadapter.worker.impl.ConsumerWorkerImpl -- processingStrategy.process(record) 處理失敗: Processing failed
java.lang.RuntimeException: Processing failed
	at com.charlessun.javaplcadapter.worker.impl.ConsumerWorkerImpl.pollLoop(ConsumerWorkerImpl.java:51)
	at java.base/java.lang.Thread.run(Thread.java:1583)
11:01:07.035 [Thread-1] ERROR com.charlessun.javaplcadapter.worker.impl.ConsumerWorkerImpl -- processingStrategy.process(record) 處理失敗: Processing failed
java.lang.RuntimeException: Processing failed
	at com.charlessun.javaplcadapter.worker.impl.ConsumerWorkerImpl.pollLoop(ConsumerWorkerImpl.java:51)
	at java.base/java.lang.Thread.run(Thread.java:1583)
11:01:07.035 [Thread-1] ERROR com.charlessun.javaplcadapter.worker.impl.ConsumerWorkerImpl -- processingStrategy.process(record) 處理失敗: Processing failed
java.lang.RuntimeException: Processing failed
	at com.charlessun.javaplcadapter.worker.impl.ConsumerWorkerImpl.pollLoop(ConsumerWorkerImpl.java:51)
	at java.base/java.lang.Thread.run(Thread.java:1583)
11:01:07.035 [Thread-1] ERROR com.charlessun.javaplcadapter.worker.impl.ConsumerWorkerImpl -- processingStrategy.process(record) 處理失敗: Processing failed
java.lang.RuntimeException: Processing failed
	at com.charlessun.javaplcadapter.worker.impl.ConsumerWorkerImpl.pollLoop(ConsumerWorkerImpl.java:51)
	at java.base/java.lang.Thread.run(Thread.java:1583)
11:01:07.035 [Thread-1] ERROR com.charlessun.javaplcadapter.worker.impl.ConsumerWorkerImpl -- processingStrategy.process(record) 處理失敗: Processing failed
java.lang.RuntimeException: Processing failed
	at com.charlessun.javaplcadapter.worker.impl.ConsumerWorkerImpl.pollLoop(ConsumerWorkerImpl.java:51)
	at java.base/java.lang.Thread.run(Thread.java:1583)
11:01:07.035 [Thread-1] ERROR com.charlessun.javaplcadapter.worker.impl.ConsumerWorkerImpl -- processingStrategy.process(record) 處理失敗: Processing failed
java.lang.RuntimeException: Processing failed
	at com.charlessun.javaplcadapter.worker.impl.ConsumerWorkerImpl.pollLoop(ConsumerWorkerImpl.java:51)
	at java.base/java.lang.Thread.run(Thread.java:1583)
11:01:07.035 [Thread-1] ERROR com.charlessun.javaplcadapter.worker.impl.ConsumerWorkerImpl -- processingStrategy.process(record) 處理失敗: Processing failed
java.lang.RuntimeException: Processing failed
	at com.charlessun.javaplcadapter.worker.impl.ConsumerWorkerImpl.pollLoop(ConsumerWorkerImpl.java:51)
	at java.base/java.lang.Thread.run(Thread.java:1583)
11:01:07.036 [Thread-1] ERROR com.charlessun.javaplcadapter.worker.impl.ConsumerWorkerImpl -- processingStrategy.process(record) 處理失敗: Processing failed
java.lang.RuntimeException: Processing failed
	at com.charlessun.javaplcadapter.worker.impl.ConsumerWorkerImpl.pollLoop(ConsumerWorkerImpl.java:51)
	at java.base/java.lang.Thread.run(Thread.java:1583)
11:01:07.036 [Thread-1] ERROR com.charlessun.javaplcadapter.worker.impl.ConsumerWorkerImpl -- processingStrategy.process(record) 處理失敗: Processing failed
java.lang.RuntimeException: Processing failed
	at com.charlessun.javaplcadapter.worker.impl.ConsumerWorkerImpl.pollLoop(ConsumerWorkerImpl.java:51)
	at java.base/java.lang.Thread.run(Thread.java:1583)
11:01:07.036 [Thread-1] ERROR com.charlessun.javaplcadapter.worker.impl.ConsumerWorkerImpl -- processingStrategy.process(record) 處理失敗: Processing failed
java.lang.RuntimeException: Processing failed
	at com.charlessun.javaplcadapter.worker.impl.ConsumerWorkerImpl.pollLoop(ConsumerWorkerImpl.java:51)
	at java.base/java.lang.Thread.run(Thread.java:1583)
11:01:07.036 [Thread-1] ERROR com.charlessun.javaplcadapter.worker.impl.ConsumerWorkerImpl -- processingStrategy.process(record) 處理失敗: Processing failed
java.lang.RuntimeException: Processing failed
	at com.charlessun.javaplcadapter.worker.impl.ConsumerWorkerImpl.pollLoop(ConsumerWorkerImpl.java:51)
	at java.base/java.lang.Thread.run(Thread.java:1583)
11:01:07.036 [Thread-1] ERROR com.charlessun.javaplcadapter.worker.impl.ConsumerWorkerImpl -- processingStrategy.process(record) 處理失敗: Processing failed
java.lang.RuntimeException: Processing failed
	at com.charlessun.javaplcadapter.worker.impl.ConsumerWorkerImpl.pollLoop(ConsumerWorkerImpl.java:51)
	at java.base/java.lang.Thread.run(Thread.java:1583)
11:01:07.036 [Thread-1] ERROR com.charlessun.javaplcadapter.worker.impl.ConsumerWorkerImpl -- processingStrategy.process(record) 處理失敗: Processing failed
java.lang.RuntimeException: Processing failed
	at com.charlessun.javaplcadapter.worker.impl.ConsumerWorkerImpl.pollLoop(ConsumerWorkerImpl.java:51)
	at java.base/java.lang.Thread.run(Thread.java:1583)
11:01:07.037 [Thread-1] ERROR com.charlessun.javaplcadapter.worker.impl.ConsumerWorkerImpl -- processingStrategy.process(record) 處理失敗: Processing failed
java.lang.RuntimeException: Processing failed
	at com.charlessun.javaplcadapter.worker.impl.ConsumerWorkerImpl.pollLoop(ConsumerWorkerImpl.java:51)
	at java.base/java.lang.Thread.run(Thread.java:1583)
11:01:07.037 [Thread-1] ERROR com.charlessun.javaplcadapter.worker.impl.ConsumerWorkerImpl -- processingStrategy.process(record) 處理失敗: Processing failed
java.lang.RuntimeException: Processing failed
	at com.charlessun.javaplcadapter.worker.impl.ConsumerWorkerImpl.pollLoop(ConsumerWorkerImpl.java:51)
	at java.base/java.lang.Thread.run(Thread.java:1583)
11:01:07.037 [Thread-1] ERROR com.charlessun.javaplcadapter.worker.impl.ConsumerWorkerImpl -- processingStrategy.process(record) 處理失敗: Processing failed
java.lang.RuntimeException: Processing failed
	at com.charlessun.javaplcadapter.worker.impl.ConsumerWorkerImpl.pollLoop(ConsumerWorkerImpl.java:51)
	at java.base/java.lang.Thread.run(Thread.java:1583)
11:01:07.037 [Thread-1] ERROR com.charlessun.javaplcadapter.worker.impl.ConsumerWorkerImpl -- processingStrategy.process(record) 處理失敗: Processing failed
java.lang.RuntimeException: Processing failed
	at com.charlessun.javaplcadapter.worker.impl.ConsumerWorkerImpl.pollLoop(ConsumerWorkerImpl.java:51)
	at java.base/java.lang.Thread.run(Thread.java:1583)
11:01:07.037 [Thread-1] ERROR com.charlessun.javaplcadapter.worker.impl.ConsumerWorkerImpl -- processingStrategy.process(record) 處理失敗: Processing failed
java.lang.RuntimeException: Processing failed
	at com.charlessun.javaplcadapter.worker.impl.ConsumerWorkerImpl.pollLoop(ConsumerWorkerImpl.java:51)
	at java.base/java.lang.Thread.run(Thread.java:1583)
11:01:07.038 [Thread-1] ERROR com.charlessun.javaplcadapter.worker.impl.ConsumerWorkerImpl -- processingStrategy.process(record) 處理失敗: Processing failed
java.lang.RuntimeException: Processing failed
	at com.charlessun.javaplcadapter.worker.impl.ConsumerWorkerImpl.pollLoop(ConsumerWorkerImpl.java:51)
	at java.base/java.lang.Thread.run(Thread.java:1583)
11:01:07.038 [Thread-1] ERROR com.charlessun.javaplcadapter.worker.impl.ConsumerWorkerImpl -- processingStrategy.process(record) 處理失敗: Processing failed
java.lang.RuntimeException: Processing failed
	at com.charlessun.javaplcadapter.worker.impl.ConsumerWorkerImpl.pollLoop(ConsumerWorkerImpl.java:51)
	at java.base/java.lang.Thread.run(Thread.java:1583)
11:01:07.038 [Thread-1] ERROR com.charlessun.javaplcadapter.worker.impl.ConsumerWorkerImpl -- processingStrategy.process(record) 處理失敗: Processing failed
java.lang.RuntimeException: Processing failed
	at com.charlessun.javaplcadapter.worker.impl.ConsumerWorkerImpl.pollLoop(ConsumerWorkerImpl.java:51)
	at java.base/java.lang.Thread.run(Thread.java:1583)
11:01:07.038 [Thread-1] ERROR com.charlessun.javaplcadapter.worker.impl.ConsumerWorkerImpl -- processingStrategy.process(record) 處理失敗: Processing failed
java.lang.RuntimeException: Processing failed
	at com.charlessun.javaplcadapter.worker.impl.ConsumerWorkerImpl.pollLoop(ConsumerWorkerImpl.java:51)
	at java.base/java.lang.Thread.run(Thread.java:1583)
11:01:07.038 [Thread-1] ERROR com.charlessun.javaplcadapter.worker.impl.ConsumerWorkerImpl -- processingStrategy.process(record) 處理失敗: Processing failed
java.lang.RuntimeException: Processing failed
	at com.charlessun.javaplcadapter.worker.impl.ConsumerWorkerImpl.pollLoop(ConsumerWorkerImpl.java:51)
	at java.base/java.lang.Thread.run(Thread.java:1583)
11:01:07.038 [Thread-1] ERROR com.charlessun.javaplcadapter.worker.impl.ConsumerWorkerImpl -- processingStrategy.process(record) 處理失敗: Processing failed
java.lang.RuntimeException: Processing failed
	at com.charlessun.javaplcadapter.worker.impl.ConsumerWorkerImpl.pollLoop(ConsumerWorkerImpl.java:51)
	at java.base/java.lang.Thread.run(Thread.java:1583)
11:01:07.038 [Thread-1] ERROR com.charlessun.javaplcadapter.worker.impl.ConsumerWorkerImpl -- processingStrategy.process(record) 處理失敗: Processing failed
java.lang.RuntimeException: Processing failed
	at com.charlessun.javaplcadapter.worker.impl.ConsumerWorkerImpl.pollLoop(ConsumerWorkerImpl.java:51)
	at java.base/java.lang.Thread.run(Thread.java:1583)
11:01:07.038 [Thread-1] ERROR com.charlessun.javaplcadapter.worker.impl.ConsumerWorkerImpl -- processingStrategy.process(record) 處理失敗: Processing failed
java.lang.RuntimeException: Processing failed
	at com.charlessun.javaplcadapter.worker.impl.ConsumerWorkerImpl.pollLoop(ConsumerWorkerImpl.java:51)
	at java.base/java.lang.Thread.run(Thread.java:1583)
11:01:07.039 [Thread-1] ERROR com.charlessun.javaplcadapter.worker.impl.ConsumerWorkerImpl -- processingStrategy.process(record) 處理失敗: Processing failed
java.lang.RuntimeException: Processing failed
	at com.charlessun.javaplcadapter.worker.impl.ConsumerWorkerImpl.pollLoop(ConsumerWorkerImpl.java:51)
	at java.base/java.lang.Thread.run(Thread.java:1583)
11:01:07.039 [Thread-1] ERROR com.charlessun.javaplcadapter.worker.impl.ConsumerWorkerImpl -- processingStrategy.process(record) 處理失敗: Processing failed
java.lang.RuntimeException: Processing failed
	at com.charlessun.javaplcadapter.worker.impl.ConsumerWorkerImpl.pollLoop(ConsumerWorkerImpl.java:51)
	at java.base/java.lang.Thread.run(Thread.java:1583)
11:01:07.039 [Thread-1] ERROR com.charlessun.javaplcadapter.worker.impl.ConsumerWorkerImpl -- processingStrategy.process(record) 處理失敗: Processing failed
java.lang.RuntimeException: Processing failed
	at com.charlessun.javaplcadapter.worker.impl.ConsumerWorkerImpl.pollLoop(ConsumerWorkerImpl.java:51)
	at java.base/java.lang.Thread.run(Thread.java:1583)
11:01:07.039 [Thread-1] ERROR com.charlessun.javaplcadapter.worker.impl.ConsumerWorkerImpl -- processingStrategy.process(record) 處理失敗: Processing failed
java.lang.RuntimeException: Processing failed
	at com.charlessun.javaplcadapter.worker.impl.ConsumerWorkerImpl.pollLoop(ConsumerWorkerImpl.java:51)
	at java.base/java.lang.Thread.run(Thread.java:1583)
11:01:07.040 [Thread-1] ERROR com.charlessun.javaplcadapter.worker.impl.ConsumerWorkerImpl -- processingStrategy.process(record) 處理失敗: Processing failed
java.lang.RuntimeException: Processing failed
	at com.charlessun.javaplcadapter.worker.impl.ConsumerWorkerImpl.pollLoop(ConsumerWorkerImpl.java:51)
	at java.base/java.lang.Thread.run(Thread.java:1583)
11:01:07.040 [Thread-1] ERROR com.charlessun.javaplcadapter.worker.impl.ConsumerWorkerImpl -- processingStrategy.process(record) 處理失敗: Processing failed
java.lang.RuntimeException: Processing failed
	at com.charlessun.javaplcadapter.worker.impl.ConsumerWorkerImpl.pollLoop(ConsumerWorkerImpl.java:51)
	at java.base/java.lang.Thread.run(Thread.java:1583)
11:01:07.040 [Thread-1] ERROR com.charlessun.javaplcadapter.worker.impl.ConsumerWorkerImpl -- processingStrategy.process(record) 處理失敗: Processing failed
java.lang.RuntimeException: Processing failed
	at com.charlessun.javaplcadapter.worker.impl.ConsumerWorkerImpl.pollLoop(ConsumerWorkerImpl.java:51)
	at java.base/java.lang.Thread.run(Thread.java:1583)
11:01:07.040 [Thread-1] ERROR com.charlessun.javaplcadapter.worker.impl.ConsumerWorkerImpl -- processingStrategy.process(record) 處理失敗: Processing failed
java.lang.RuntimeException: Processing failed
	at com.charlessun.javaplcadapter.worker.impl.ConsumerWorkerImpl.pollLoop(ConsumerWorkerImpl.java:51)
	at java.base/java.lang.Thread.run(Thread.java:1583)
11:01:07.040 [Thread-1] ERROR com.charlessun.javaplcadapter.worker.impl.ConsumerWorkerImpl -- processingStrategy.process(record) 處理失敗: Processing failed
java.lang.RuntimeException: Processing failed
	at com.charlessun.javaplcadapter.worker.impl.ConsumerWorkerImpl.pollLoop(ConsumerWorkerImpl.java:51)
	at java.base/java.lang.Thread.run(Thread.java:1583)
11:01:07.041 [Thread-1] ERROR com.charlessun.javaplcadapter.worker.impl.ConsumerWorkerImpl -- processingStrategy.process(record) 處理失敗: Processing failed
java.lang.RuntimeException: Processing failed
	at com.charlessun.javaplcadapter.worker.impl.ConsumerWorkerImpl.pollLoop(ConsumerWorkerImpl.java:51)
	at java.base/java.lang.Thread.run(Thread.java:1583)
11:01:07.041 [Thread-1] ERROR com.charlessun.javaplcadapter.worker.impl.ConsumerWorkerImpl -- processingStrategy.process(record) 處理失敗: Processing failed
java.lang.RuntimeException: Processing failed
	at com.charlessun.javaplcadapter.worker.impl.ConsumerWorkerImpl.pollLoop(ConsumerWorkerImpl.java:51)
	at java.base/java.lang.Thread.run(Thread.java:1583)
11:01:07.041 [Thread-1] ERROR com.charlessun.javaplcadapter.worker.impl.ConsumerWorkerImpl -- processingStrategy.process(record) 處理失敗: Processing failed
java.lang.RuntimeException: Processing failed
	at com.charlessun.javaplcadapter.worker.impl.ConsumerWorkerImpl.pollLoop(ConsumerWorkerImpl.java:51)
	at java.base/java.lang.Thread.run(Thread.java:1583)
11:01:07.042 [Thread-1] ERROR com.charlessun.javaplcadapter.worker.impl.ConsumerWorkerImpl -- processingStrategy.process(record) 處理失敗: Processing failed
java.lang.RuntimeException: Processing failed
	at com.charlessun.javaplcadapter.worker.impl.ConsumerWorkerImpl.pollLoop(ConsumerWorkerImpl.java:51)
	at java.base/java.lang.Thread.run(Thread.java:1583)
11:01:07.042 [Thread-1] ERROR com.charlessun.javaplcadapter.worker.impl.ConsumerWorkerImpl -- processingStrategy.process(record) 處理失敗: Processing failed
java.lang.RuntimeException: Processing failed
	at com.charlessun.javaplcadapter.worker.impl.ConsumerWorkerImpl.pollLoop(ConsumerWorkerImpl.java:51)
	at java.base/java.lang.Thread.run(Thread.java:1583)
11:01:07.042 [Thread-1] ERROR com.charlessun.javaplcadapter.worker.impl.ConsumerWorkerImpl -- processingStrategy.process(record) 處理失敗: Processing failed
java.lang.RuntimeException: Processing failed
	at com.charlessun.javaplcadapter.worker.impl.ConsumerWorkerImpl.pollLoop(ConsumerWorkerImpl.java:51)
	at java.base/java.lang.Thread.run(Thread.java:1583)
11:01:07.042 [Thread-1] ERROR com.charlessun.javaplcadapter.worker.impl.ConsumerWorkerImpl -- processingStrategy.process(record) 處理失敗: Processing failed
java.lang.RuntimeException: Processing failed
	at com.charlessun.javaplcadapter.worker.impl.ConsumerWorkerImpl.pollLoop(ConsumerWorkerImpl.java:51)
	at java.base/java.lang.Thread.run(Thread.java:1583)
11:01:07.043 [Thread-1] ERROR com.charlessun.javaplcadapter.worker.impl.ConsumerWorkerImpl -- processingStrategy.process(record) 處理失敗: Processing failed
java.lang.RuntimeException: Processing failed
	at com.charlessun.javaplcadapter.worker.impl.ConsumerWorkerImpl.pollLoop(ConsumerWorkerImpl.java:51)
	at java.base/java.lang.Thread.run(Thread.java:1583)
11:01:07.043 [Thread-1] ERROR com.charlessun.javaplcadapter.worker.impl.ConsumerWorkerImpl -- processingStrategy.process(record) 處理失敗: Processing failed
java.lang.RuntimeException: Processing failed
	at com.charlessun.javaplcadapter.worker.impl.ConsumerWorkerImpl.pollLoop(ConsumerWorkerImpl.java:51)
	at java.base/java.lang.Thread.run(Thread.java:1583)
11:01:07.043 [Thread-1] ERROR com.charlessun.javaplcadapter.worker.impl.ConsumerWorkerImpl -- processingStrategy.process(record) 處理失敗: Processing failed
java.lang.RuntimeException: Processing failed
	at com.charlessun.javaplcadapter.worker.impl.ConsumerWorkerImpl.pollLoop(ConsumerWorkerImpl.java:51)
	at java.base/java.lang.Thread.run(Thread.java:1583)
11:01:07.044 [Thread-1] ERROR com.charlessun.javaplcadapter.worker.impl.ConsumerWorkerImpl -- processingStrategy.process(record) 處理失敗: Processing failed
java.lang.RuntimeException: Processing failed
	at com.charlessun.javaplcadapter.worker.impl.ConsumerWorkerImpl.pollLoop(ConsumerWorkerImpl.java:51)
	at java.base/java.lang.Thread.run(Thread.java:1583)
11:01:07.044 [Thread-1] ERROR com.charlessun.javaplcadapter.worker.impl.ConsumerWorkerImpl -- processingStrategy.process(record) 處理失敗: Processing failed
java.lang.RuntimeException: Processing failed
	at com.charlessun.javaplcadapter.worker.impl.ConsumerWorkerImpl.pollLoop(ConsumerWorkerImpl.java:51)
	at java.base/java.lang.Thread.run(Thread.java:1583)
11:01:07.044 [Thread-1] ERROR com.charlessun.javaplcadapter.worker.impl.ConsumerWorkerImpl -- processingStrategy.process(record) 處理失敗: Processing failed
java.lang.RuntimeException: Processing failed
	at com.charlessun.javaplcadapter.worker.impl.ConsumerWorkerImpl.pollLoop(ConsumerWorkerImpl.java:51)
	at java.base/java.lang.Thread.run(Thread.java:1583)
11:01:07.044 [Thread-1] ERROR com.charlessun.javaplcadapter.worker.impl.ConsumerWorkerImpl -- processingStrategy.process(record) 處理失敗: Processing failed
java.lang.RuntimeException: Processing failed
	at com.charlessun.javaplcadapter.worker.impl.ConsumerWorkerImpl.pollLoop(ConsumerWorkerImpl.java:51)
	at java.base/java.lang.Thread.run(Thread.java:1583)
11:01:07.045 [Thread-1] ERROR com.charlessun.javaplcadapter.worker.impl.ConsumerWorkerImpl -- processingStrategy.process(record) 處理失敗: Processing failed
java.lang.RuntimeException: Processing failed
	at com.charlessun.javaplcadapter.worker.impl.ConsumerWorkerImpl.pollLoop(ConsumerWorkerImpl.java:51)
	at java.base/java.lang.Thread.run(Thread.java:1583)
11:01:07.045 [Thread-1] ERROR com.charlessun.javaplcadapter.worker.impl.ConsumerWorkerImpl -- processingStrategy.process(record) 處理失敗: Processing failed
java.lang.RuntimeException: Processing failed
	at com.charlessun.javaplcadapter.worker.impl.ConsumerWorkerImpl.pollLoop(ConsumerWorkerImpl.java:51)
	at java.base/java.lang.Thread.run(Thread.java:1583)
11:01:07.045 [Thread-1] ERROR com.charlessun.javaplcadapter.worker.impl.ConsumerWorkerImpl -- processingStrategy.process(record) 處理失敗: Processing failed
java.lang.RuntimeException: Processing failed
	at com.charlessun.javaplcadapter.worker.impl.ConsumerWorkerImpl.pollLoop(ConsumerWorkerImpl.java:51)
	at java.base/java.lang.Thread.run(Thread.java:1583)
11:01:07.045 [Thread-1] ERROR com.charlessun.javaplcadapter.worker.impl.ConsumerWorkerImpl -- processingStrategy.process(record) 處理失敗: Processing failed
java.lang.RuntimeException: Processing failed
	at com.charlessun.javaplcadapter.worker.impl.ConsumerWorkerImpl.pollLoop(ConsumerWorkerImpl.java:51)
	at java.base/java.lang.Thread.run(Thread.java:1583)
11:01:07.046 [Thread-1] ERROR com.charlessun.javaplcadapter.worker.impl.ConsumerWorkerImpl -- processingStrategy.process(record) 處理失敗: Processing failed
java.lang.RuntimeException: Processing failed
	at com.charlessun.javaplcadapter.worker.impl.ConsumerWorkerImpl.pollLoop(ConsumerWorkerImpl.java:51)
	at java.base/java.lang.Thread.run(Thread.java:1583)
11:01:07.046 [Thread-1] ERROR com.charlessun.javaplcadapter.worker.impl.ConsumerWorkerImpl -- processingStrategy.process(record) 處理失敗: Processing failed
java.lang.RuntimeException: Processing failed
	at com.charlessun.javaplcadapter.worker.impl.ConsumerWorkerImpl.pollLoop(ConsumerWorkerImpl.java:51)
	at java.base/java.lang.Thread.run(Thread.java:1583)
11:01:07.046 [Thread-1] ERROR com.charlessun.javaplcadapter.worker.impl.ConsumerWorkerImpl -- processingStrategy.process(record) 處理失敗: Processing failed
java.lang.RuntimeException: Processing failed
	at com.charlessun.javaplcadapter.worker.impl.ConsumerWorkerImpl.pollLoop(ConsumerWorkerImpl.java:51)
	at java.base/java.lang.Thread.run(Thread.java:1583)
11:01:07.046 [Thread-1] ERROR com.charlessun.javaplcadapter.worker.impl.ConsumerWorkerImpl -- processingStrategy.process(record) 處理失敗: Processing failed
java.lang.RuntimeException: Processing failed
	at com.charlessun.javaplcadapter.worker.impl.ConsumerWorkerImpl.pollLoop(ConsumerWorkerImpl.java:51)
	at java.base/java.lang.Thread.run(Thread.java:1583)
11:01:07.047 [Thread-1] ERROR com.charlessun.javaplcadapter.worker.impl.ConsumerWorkerImpl -- processingStrategy.process(record) 處理失敗: Processing failed
java.lang.RuntimeException: Processing failed
	at com.charlessun.javaplcadapter.worker.impl.ConsumerWorkerImpl.pollLoop(ConsumerWorkerImpl.java:51)
	at java.base/java.lang.Thread.run(Thread.java:1583)
11:01:07.047 [Thread-1] ERROR com.charlessun.javaplcadapter.worker.impl.ConsumerWorkerImpl -- processingStrategy.process(record) 處理失敗: Processing failed
java.lang.RuntimeException: Processing failed
	at com.charlessun.javaplcadapter.worker.impl.ConsumerWorkerImpl.pollLoop(ConsumerWorkerImpl.java:51)
	at java.base/java.lang.Thread.run(Thread.java:1583)
11:01:07.047 [Thread-1] ERROR com.charlessun.javaplcadapter.worker.impl.ConsumerWorkerImpl -- processingStrategy.process(record) 處理失敗: Processing failed
java.lang.RuntimeException: Processing failed
	at com.charlessun.javaplcadapter.worker.impl.ConsumerWorkerImpl.pollLoop(ConsumerWorkerImpl.java:51)
	at java.base/java.lang.Thread.run(Thread.java:1583)
11:01:07.047 [Thread-1] ERROR com.charlessun.javaplcadapter.worker.impl.ConsumerWorkerImpl -- processingStrategy.process(record) 處理失敗: Processing failed
java.lang.RuntimeException: Processing failed
	at com.charlessun.javaplcadapter.worker.impl.ConsumerWorkerImpl.pollLoop(ConsumerWorkerImpl.java:51)
	at java.base/java.lang.Thread.run(Thread.java:1583)
11:01:07.048 [Thread-1] ERROR com.charlessun.javaplcadapter.worker.impl.ConsumerWorkerImpl -- processingStrategy.process(record) 處理失敗: Processing failed
java.lang.RuntimeException: Processing failed
	at com.charlessun.javaplcadapter.worker.impl.ConsumerWorkerImpl.pollLoop(ConsumerWorkerImpl.java:51)
	at java.base/java.lang.Thread.run(Thread.java:1583)
11:01:07.048 [Thread-1] ERROR com.charlessun.javaplcadapter.worker.impl.ConsumerWorkerImpl -- processingStrategy.process(record) 處理失敗: Processing failed
java.lang.RuntimeException: Processing failed
	at com.charlessun.javaplcadapter.worker.impl.ConsumerWorkerImpl.pollLoop(ConsumerWorkerImpl.java:51)
	at java.base/java.lang.Thread.run(Thread.java:1583)
11:01:07.048 [Thread-1] ERROR com.charlessun.javaplcadapter.worker.impl.ConsumerWorkerImpl -- processingStrategy.process(record) 處理失敗: Processing failed
java.lang.RuntimeException: Processing failed
	at com.charlessun.javaplcadapter.worker.impl.ConsumerWorkerImpl.pollLoop(ConsumerWorkerImpl.java:51)
	at java.base/java.lang.Thread.run(Thread.java:1583)
11:01:07.048 [Thread-1] ERROR com.charlessun.javaplcadapter.worker.impl.ConsumerWorkerImpl -- processingStrategy.process(record) 處理失敗: Processing failed
java.lang.RuntimeException: Processing failed
	at com.charlessun.javaplcadapter.worker.impl.ConsumerWorkerImpl.pollLoop(ConsumerWorkerImpl.java:51)
	at java.base/java.lang.Thread.run(Thread.java:1583)
11:01:07.048 [Thread-1] ERROR com.charlessun.javaplcadapter.worker.impl.ConsumerWorkerImpl -- processingStrategy.process(record) 處理失敗: Processing failed
java.lang.RuntimeException: Processing failed
	at com.charlessun.javaplcadapter.worker.impl.ConsumerWorkerImpl.pollLoop(ConsumerWorkerImpl.java:51)
	at java.base/java.lang.Thread.run(Thread.java:1583)
11:01:07.049 [Thread-1] ERROR com.charlessun.javaplcadapter.worker.impl.ConsumerWorkerImpl -- processingStrategy.process(record) 處理失敗: Processing failed
java.lang.RuntimeException: Processing failed
	at com.charlessun.javaplcadapter.worker.impl.ConsumerWorkerImpl.pollLoop(ConsumerWorkerImpl.java:51)
	at java.base/java.lang.Thread.run(Thread.java:1583)
11:01:07.049 [Thread-1] ERROR com.charlessun.javaplcadapter.worker.impl.ConsumerWorkerImpl -- processingStrategy.process(record) 處理失敗: Processing failed
java.lang.RuntimeException: Processing failed
	at com.charlessun.javaplcadapter.worker.impl.ConsumerWorkerImpl.pollLoop(ConsumerWorkerImpl.java:51)
	at java.base/java.lang.Thread.run(Thread.java:1583)
11:01:07.049 [Thread-1] ERROR com.charlessun.javaplcadapter.worker.impl.ConsumerWorkerImpl -- processingStrategy.process(record) 處理失敗: Processing failed
java.lang.RuntimeException: Processing failed
	at com.charlessun.javaplcadapter.worker.impl.ConsumerWorkerImpl.pollLoop(ConsumerWorkerImpl.java:51)
	at java.base/java.lang.Thread.run(Thread.java:1583)
11:01:07.049 [Thread-1] ERROR com.charlessun.javaplcadapter.worker.impl.ConsumerWorkerImpl -- processingStrategy.process(record) 處理失敗: Processing failed
java.lang.RuntimeException: Processing failed
	at com.charlessun.javaplcadapter.worker.impl.ConsumerWorkerImpl.pollLoop(ConsumerWorkerImpl.java:51)
	at java.base/java.lang.Thread.run(Thread.java:1583)
11:01:07.050 [Thread-1] ERROR com.charlessun.javaplcadapter.worker.impl.ConsumerWorkerImpl -- processingStrategy.process(record) 處理失敗: Processing failed
java.lang.RuntimeException: Processing failed
	at com.charlessun.javaplcadapter.worker.impl.ConsumerWorkerImpl.pollLoop(ConsumerWorkerImpl.java:51)
	at java.base/java.lang.Thread.run(Thread.java:1583)
11:01:07.050 [Thread-1] ERROR com.charlessun.javaplcadapter.worker.impl.ConsumerWorkerImpl -- processingStrategy.process(record) 處理失敗: Processing failed
java.lang.RuntimeException: Processing failed
	at com.charlessun.javaplcadapter.worker.impl.ConsumerWorkerImpl.pollLoop(ConsumerWorkerImpl.java:51)
	at java.base/java.lang.Thread.run(Thread.java:1583)
11:01:07.050 [Thread-1] ERROR com.charlessun.javaplcadapter.worker.impl.ConsumerWorkerImpl -- processingStrategy.process(record) 處理失敗: Processing failed
java.lang.RuntimeException: Processing failed
	at com.charlessun.javaplcadapter.worker.impl.ConsumerWorkerImpl.pollLoop(ConsumerWorkerImpl.java:51)
	at java.base/java.lang.Thread.run(Thread.java:1583)
11:01:07.050 [Thread-1] ERROR com.charlessun.javaplcadapter.worker.impl.ConsumerWorkerImpl -- processingStrategy.process(record) 處理失敗: Processing failed
java.lang.RuntimeException: Processing failed
	at com.charlessun.javaplcadapter.worker.impl.ConsumerWorkerImpl.pollLoop(ConsumerWorkerImpl.java:51)
	at java.base/java.lang.Thread.run(Thread.java:1583)
11:01:07.051 [Thread-1] ERROR com.charlessun.javaplcadapter.worker.impl.ConsumerWorkerImpl -- processingStrategy.process(record) 處理失敗: Processing failed
java.lang.RuntimeException: Processing failed
	at com.charlessun.javaplcadapter.worker.impl.ConsumerWorkerImpl.pollLoop(ConsumerWorkerImpl.java:51)
	at java.base/java.lang.Thread.run(Thread.java:1583)
11:01:07.051 [Thread-1] ERROR com.charlessun.javaplcadapter.worker.impl.ConsumerWorkerImpl -- processingStrategy.process(record) 處理失敗: Processing failed
java.lang.RuntimeException: Processing failed
	at com.charlessun.javaplcadapter.worker.impl.ConsumerWorkerImpl.pollLoop(ConsumerWorkerImpl.java:51)
	at java.base/java.lang.Thread.run(Thread.java:1583)
11:01:07.051 [Thread-1] ERROR com.charlessun.javaplcadapter.worker.impl.ConsumerWorkerImpl -- processingStrategy.process(record) 處理失敗: Processing failed
java.lang.RuntimeException: Processing failed
	at com.charlessun.javaplcadapter.worker.impl.ConsumerWorkerImpl.pollLoop(ConsumerWorkerImpl.java:51)
	at java.base/java.lang.Thread.run(Thread.java:1583)
11:01:07.051 [Thread-1] ERROR com.charlessun.javaplcadapter.worker.impl.ConsumerWorkerImpl -- processingStrategy.process(record) 處理失敗: Processing failed
java.lang.RuntimeException: Processing failed
	at com.charlessun.javaplcadapter.worker.impl.ConsumerWorkerImpl.pollLoop(ConsumerWorkerImpl.java:51)
	at java.base/java.lang.Thread.run(Thread.java:1583)
11:01:07.052 [Thread-1] ERROR com.charlessun.javaplcadapter.worker.impl.ConsumerWorkerImpl -- processingStrategy.process(record) 處理失敗: Processing failed
java.lang.RuntimeException: Processing failed
	at com.charlessun.javaplcadapter.worker.impl.ConsumerWorkerImpl.pollLoop(ConsumerWorkerImpl.java:51)
	at java.base/java.lang.Thread.run(Thread.java:1583)
11:01:07.052 [Thread-1] ERROR com.charlessun.javaplcadapter.worker.impl.ConsumerWorkerImpl -- processingStrategy.process(record) 處理失敗: Processing failed
java.lang.RuntimeException: Processing failed
	at com.charlessun.javaplcadapter.worker.impl.ConsumerWorkerImpl.pollLoop(ConsumerWorkerImpl.java:51)
	at java.base/java.lang.Thread.run(Thread.java:1583)
11:01:07.052 [Thread-1] ERROR com.charlessun.javaplcadapter.worker.impl.ConsumerWorkerImpl -- processingStrategy.process(record) 處理失敗: Processing failed
java.lang.RuntimeException: Processing failed
	at com.charlessun.javaplcadapter.worker.impl.ConsumerWorkerImpl.pollLoop(ConsumerWorkerImpl.java:51)
	at java.base/java.lang.Thread.run(Thread.java:1583)
11:01:07.052 [Thread-1] ERROR com.charlessun.javaplcadapter.worker.impl.ConsumerWorkerImpl -- processingStrategy.process(record) 處理失敗: Processing failed
java.lang.RuntimeException: Processing failed
	at com.charlessun.javaplcadapter.worker.impl.ConsumerWorkerImpl.pollLoop(ConsumerWorkerImpl.java:51)
	at java.base/java.lang.Thread.run(Thread.java:1583)
11:01:07.052 [Thread-1] ERROR com.charlessun.javaplcadapter.worker.impl.ConsumerWorkerImpl -- processingStrategy.process(record) 處理失敗: Processing failed
java.lang.RuntimeException: Processing failed
	at com.charlessun.javaplcadapter.worker.impl.ConsumerWorkerImpl.pollLoop(ConsumerWorkerImpl.java:51)
	at java.base/java.lang.Thread.run(Thread.java:1583)
11:01:07.053 [Thread-1] ERROR com.charlessun.javaplcadapter.worker.impl.ConsumerWorkerImpl -- processingStrategy.process(record) 處理失敗: Processing failed
java.lang.RuntimeException: Processing failed
	at com.charlessun.javaplcadapter.worker.impl.ConsumerWorkerImpl.pollLoop(ConsumerWorkerImpl.java:51)
	at java.base/java.lang.Thread.run(Thread.java:1583)
11:01:07.053 [Thread-1] ERROR com.charlessun.javaplcadapter.worker.impl.ConsumerWorkerImpl -- processingStrategy.process(record) 處理失敗: Processing failed
java.lang.RuntimeException: Processing failed
	at com.charlessun.javaplcadapter.worker.impl.ConsumerWorkerImpl.pollLoop(ConsumerWorkerImpl.java:51)
	at java.base/java.lang.Thread.run(Thread.java:1583)
11:01:07.053 [Thread-1] ERROR com.charlessun.javaplcadapter.worker.impl.ConsumerWorkerImpl -- processingStrategy.process(record) 處理失敗: Processing failed
java.lang.RuntimeException: Processing failed
	at com.charlessun.javaplcadapter.worker.impl.ConsumerWorkerImpl.pollLoop(ConsumerWorkerImpl.java:51)
	at java.base/java.lang.Thread.run(Thread.java:1583)
11:01:07.053 [Thread-1] ERROR com.charlessun.javaplcadapter.worker.impl.ConsumerWorkerImpl -- processingStrategy.process(record) 處理失敗: Processing failed
java.lang.RuntimeException: Processing failed
	at com.charlessun.javaplcadapter.worker.impl.ConsumerWorkerImpl.pollLoop(ConsumerWorkerImpl.java:51)
	at java.base/java.lang.Thread.run(Thread.java:1583)
11:01:07.054 [Thread-1] ERROR com.charlessun.javaplcadapter.worker.impl.ConsumerWorkerImpl -- processingStrategy.process(record) 處理失敗: Processing failed
java.lang.RuntimeException: Processing failed
	at com.charlessun.javaplcadapter.worker.impl.ConsumerWorkerImpl.pollLoop(ConsumerWorkerImpl.java:51)
	at java.base/java.lang.Thread.run(Thread.java:1583)
11:01:07.054 [Thread-1] ERROR com.charlessun.javaplcadapter.worker.impl.ConsumerWorkerImpl -- processingStrategy.process(record) 處理失敗: Processing failed
java.lang.RuntimeException: Processing failed
	at com.charlessun.javaplcadapter.worker.impl.ConsumerWorkerImpl.pollLoop(ConsumerWorkerImpl.java:51)
	at java.base/java.lang.Thread.run(Thread.java:1583)
11:01:07.054 [Thread-1] ERROR com.charlessun.javaplcadapter.worker.impl.ConsumerWorkerImpl -- processingStrategy.process(record) 處理失敗: Processing failed
java.lang.RuntimeException: Processing failed
	at com.charlessun.javaplcadapter.worker.impl.ConsumerWorkerImpl.pollLoop(ConsumerWorkerImpl.java:51)
	at java.base/java.lang.Thread.run(Thread.java:1583)
11:01:07.055 [Thread-1] ERROR com.charlessun.javaplcadapter.worker.impl.ConsumerWorkerImpl -- processingStrategy.process(record) 處理失敗: Processing failed
java.lang.RuntimeException: Processing failed
	at com.charlessun.javaplcadapter.worker.impl.ConsumerWorkerImpl.pollLoop(ConsumerWorkerImpl.java:51)
	at java.base/java.lang.Thread.run(Thread.java:1583)
11:01:07.055 [Thread-1] ERROR com.charlessun.javaplcadapter.worker.impl.ConsumerWorkerImpl -- processingStrategy.process(record) 處理失敗: Processing failed
java.lang.RuntimeException: Processing failed
	at com.charlessun.javaplcadapter.worker.impl.ConsumerWorkerImpl.pollLoop(ConsumerWorkerImpl.java:51)
	at java.base/java.lang.Thread.run(Thread.java:1583)
11:01:07.056 [Thread-1] ERROR com.charlessun.javaplcadapter.worker.impl.ConsumerWorkerImpl -- processingStrategy.process(record) 處理失敗: Processing failed
java.lang.RuntimeException: Processing failed
	at com.charlessun.javaplcadapter.worker.impl.ConsumerWorkerImpl.pollLoop(ConsumerWorkerImpl.java:51)
	at java.base/java.lang.Thread.run(Thread.java:1583)
11:01:07.056 [Thread-1] ERROR com.charlessun.javaplcadapter.worker.impl.ConsumerWorkerImpl -- processingStrategy.process(record) 處理失敗: Processing failed
java.lang.RuntimeException: Processing failed
	at com.charlessun.javaplcadapter.worker.impl.ConsumerWorkerImpl.pollLoop(ConsumerWorkerImpl.java:51)
	at java.base/java.lang.Thread.run(Thread.java:1583)
11:01:07.056 [Thread-1] ERROR com.charlessun.javaplcadapter.worker.impl.ConsumerWorkerImpl -- processingStrategy.process(record) 處理失敗: Processing failed
java.lang.RuntimeException: Processing failed
	at com.charlessun.javaplcadapter.worker.impl.ConsumerWorkerImpl.pollLoop(ConsumerWorkerImpl.java:51)
	at java.base/java.lang.Thread.run(Thread.java:1583)
11:01:07.057 [Thread-1] ERROR com.charlessun.javaplcadapter.worker.impl.ConsumerWorkerImpl -- processingStrategy.process(record) 處理失敗: Processing failed
java.lang.RuntimeException: Processing failed
	at com.charlessun.javaplcadapter.worker.impl.ConsumerWorkerImpl.pollLoop(ConsumerWorkerImpl.java:51)
	at java.base/java.lang.Thread.run(Thread.java:1583)
11:01:07.057 [Thread-1] ERROR com.charlessun.javaplcadapter.worker.impl.ConsumerWorkerImpl -- processingStrategy.process(record) 處理失敗: Processing failed
java.lang.RuntimeException: Processing failed
	at com.charlessun.javaplcadapter.worker.impl.ConsumerWorkerImpl.pollLoop(ConsumerWorkerImpl.java:51)
	at java.base/java.lang.Thread.run(Thread.java:1583)
11:01:07.057 [Thread-1] ERROR com.charlessun.javaplcadapter.worker.impl.ConsumerWorkerImpl -- processingStrategy.process(record) 處理失敗: Processing failed
java.lang.RuntimeException: Processing failed
	at com.charlessun.javaplcadapter.worker.impl.ConsumerWorkerImpl.pollLoop(ConsumerWorkerImpl.java:51)
	at java.base/java.lang.Thread.run(Thread.java:1583)
11:01:07.057 [Thread-1] ERROR com.charlessun.javaplcadapter.worker.impl.ConsumerWorkerImpl -- processingStrategy.process(record) 處理失敗: Processing failed
java.lang.RuntimeException: Processing failed
	at com.charlessun.javaplcadapter.worker.impl.ConsumerWorkerImpl.pollLoop(ConsumerWorkerImpl.java:51)
	at java.base/java.lang.Thread.run(Thread.java:1583)
11:01:07.058 [Thread-1] ERROR com.charlessun.javaplcadapter.worker.impl.ConsumerWorkerImpl -- processingStrategy.process(record) 處理失敗: Processing failed
java.lang.RuntimeException: Processing failed
	at com.charlessun.javaplcadapter.worker.impl.ConsumerWorkerImpl.pollLoop(ConsumerWorkerImpl.java:51)
	at java.base/java.lang.Thread.run(Thread.java:1583)
11:01:07.058 [Thread-1] ERROR com.charlessun.javaplcadapter.worker.impl.ConsumerWorkerImpl -- processingStrategy.process(record) 處理失敗: Processing failed
java.lang.RuntimeException: Processing failed
	at com.charlessun.javaplcadapter.worker.impl.ConsumerWorkerImpl.pollLoop(ConsumerWorkerImpl.java:51)
	at java.base/java.lang.Thread.run(Thread.java:1583)
11:01:07.058 [Thread-1] ERROR com.charlessun.javaplcadapter.worker.impl.ConsumerWorkerImpl -- processingStrategy.process(record) 處理失敗: Processing failed
java.lang.RuntimeException: Processing failed
	at com.charlessun.javaplcadapter.worker.impl.ConsumerWorkerImpl.pollLoop(ConsumerWorkerImpl.java:51)
	at java.base/java.lang.Thread.run(Thread.java:1583)
11:01:07.058 [Thread-1] ERROR com.charlessun.javaplcadapter.worker.impl.ConsumerWorkerImpl -- processingStrategy.process(record) 處理失敗: Processing failed
java.lang.RuntimeException: Processing failed
	at com.charlessun.javaplcadapter.worker.impl.ConsumerWorkerImpl.pollLoop(ConsumerWorkerImpl.java:51)
	at java.base/java.lang.Thread.run(Thread.java:1583)
11:01:07.058 [Thread-1] ERROR com.charlessun.javaplcadapter.worker.impl.ConsumerWorkerImpl -- processingStrategy.process(record) 處理失敗: Processing failed
java.lang.RuntimeException: Processing failed
	at com.charlessun.javaplcadapter.worker.impl.ConsumerWorkerImpl.pollLoop(ConsumerWorkerImpl.java:51)
	at java.base/java.lang.Thread.run(Thread.java:1583)
11:01:07.059 [Thread-1] ERROR com.charlessun.javaplcadapter.worker.impl.ConsumerWorkerImpl -- processingStrategy.process(record) 處理失敗: Processing failed
java.lang.RuntimeException: Processing failed
	at com.charlessun.javaplcadapter.worker.impl.ConsumerWorkerImpl.pollLoop(ConsumerWorkerImpl.java:51)
	at java.base/java.lang.Thread.run(Thread.java:1583)
11:01:07.059 [Thread-1] ERROR com.charlessun.javaplcadapter.worker.impl.ConsumerWorkerImpl -- processingStrategy.process(record) 處理失敗: Processing failed
java.lang.RuntimeException: Processing failed
	at com.charlessun.javaplcadapter.worker.impl.ConsumerWorkerImpl.pollLoop(ConsumerWorkerImpl.java:51)
	at java.base/java.lang.Thread.run(Thread.java:1583)
11:01:07.059 [Thread-1] ERROR com.charlessun.javaplcadapter.worker.impl.ConsumerWorkerImpl -- processingStrategy.process(record) 處理失敗: Processing failed
java.lang.RuntimeException: Processing failed
	at com.charlessun.javaplcadapter.worker.impl.ConsumerWorkerImpl.pollLoop(ConsumerWorkerImpl.java:51)
	at java.base/java.lang.Thread.run(Thread.java:1583)
11:01:07.059 [Thread-1] ERROR com.charlessun.javaplcadapter.worker.impl.ConsumerWorkerImpl -- processingStrategy.process(record) 處理失敗: Processing failed
java.lang.RuntimeException: Processing failed
	at com.charlessun.javaplcadapter.worker.impl.ConsumerWorkerImpl.pollLoop(ConsumerWorkerImpl.java:51)
	at java.base/java.lang.Thread.run(Thread.java:1583)
11:01:07.059 [Thread-1] ERROR com.charlessun.javaplcadapter.worker.impl.ConsumerWorkerImpl -- processingStrategy.process(record) 處理失敗: Processing failed
java.lang.RuntimeException: Processing failed
	at com.charlessun.javaplcadapter.worker.impl.ConsumerWorkerImpl.pollLoop(ConsumerWorkerImpl.java:51)
	at java.base/java.lang.Thread.run(Thread.java:1583)
11:01:07.059 [Thread-1] ERROR com.charlessun.javaplcadapter.worker.impl.ConsumerWorkerImpl -- processingStrategy.process(record) 處理失敗: Processing failed
java.lang.RuntimeException: Processing failed
	at com.charlessun.javaplcadapter.worker.impl.ConsumerWorkerImpl.pollLoop(ConsumerWorkerImpl.java:51)
	at java.base/java.lang.Thread.run(Thread.java:1583)
11:01:07.060 [Thread-1] ERROR com.charlessun.javaplcadapter.worker.impl.ConsumerWorkerImpl -- processingStrategy.process(record) 處理失敗: Processing failed
java.lang.RuntimeException: Processing failed
	at com.charlessun.javaplcadapter.worker.impl.ConsumerWorkerImpl.pollLoop(ConsumerWorkerImpl.java:51)
	at java.base/java.lang.Thread.run(Thread.java:1583)
11:01:07.060 [Thread-1] ERROR com.charlessun.javaplcadapter.worker.impl.ConsumerWorkerImpl -- processingStrategy.process(record) 處理失敗: Processing failed
java.lang.RuntimeException: Processing failed
	at com.charlessun.javaplcadapter.worker.impl.ConsumerWorkerImpl.pollLoop(ConsumerWorkerImpl.java:51)
	at java.base/java.lang.Thread.run(Thread.java:1583)
11:01:07.060 [Thread-1] ERROR com.charlessun.javaplcadapter.worker.impl.ConsumerWorkerImpl -- processingStrategy.process(record) 處理失敗: Processing failed
java.lang.RuntimeException: Processing failed
	at com.charlessun.javaplcadapter.worker.impl.ConsumerWorkerImpl.pollLoop(ConsumerWorkerImpl.java:51)
	at java.base/java.lang.Thread.run(Thread.java:1583)
11:01:07.060 [Thread-1] ERROR com.charlessun.javaplcadapter.worker.impl.ConsumerWorkerImpl -- processingStrategy.process(record) 處理失敗: Processing failed
java.lang.RuntimeException: Processing failed
	at com.charlessun.javaplcadapter.worker.impl.ConsumerWorkerImpl.pollLoop(ConsumerWorkerImpl.java:51)
	at java.base/java.lang.Thread.run(Thread.java:1583)
11:01:07.060 [Thread-1] ERROR com.charlessun.javaplcadapter.worker.impl.ConsumerWorkerImpl -- processingStrategy.process(record) 處理失敗: Processing failed
java.lang.RuntimeException: Processing failed
	at com.charlessun.javaplcadapter.worker.impl.ConsumerWorkerImpl.pollLoop(ConsumerWorkerImpl.java:51)
	at java.base/java.lang.Thread.run(Thread.java:1583)
11:01:07.060 [Thread-1] ERROR com.charlessun.javaplcadapter.worker.impl.ConsumerWorkerImpl -- processingStrategy.process(record) 處理失敗: Processing failed
java.lang.RuntimeException: Processing failed
	at com.charlessun.javaplcadapter.worker.impl.ConsumerWorkerImpl.pollLoop(ConsumerWorkerImpl.java:51)
	at java.base/java.lang.Thread.run(Thread.java:1583)
11:01:07.060 [Thread-1] ERROR com.charlessun.javaplcadapter.worker.impl.ConsumerWorkerImpl -- processingStrategy.process(record) 處理失敗: Processing failed
java.lang.RuntimeException: Processing failed
	at com.charlessun.javaplcadapter.worker.impl.ConsumerWorkerImpl.pollLoop(ConsumerWorkerImpl.java:51)
	at java.base/java.lang.Thread.run(Thread.java:1583)
11:01:07.061 [Thread-1] ERROR com.charlessun.javaplcadapter.worker.impl.ConsumerWorkerImpl -- processingStrategy.process(record) 處理失敗: Processing failed
java.lang.RuntimeException: Processing failed
	at com.charlessun.javaplcadapter.worker.impl.ConsumerWorkerImpl.pollLoop(ConsumerWorkerImpl.java:51)
	at java.base/java.lang.Thread.run(Thread.java:1583)
11:01:07.061 [Thread-1] ERROR com.charlessun.javaplcadapter.worker.impl.ConsumerWorkerImpl -- processingStrategy.process(record) 處理失敗: Processing failed
java.lang.RuntimeException: Processing failed
	at com.charlessun.javaplcadapter.worker.impl.ConsumerWorkerImpl.pollLoop(ConsumerWorkerImpl.java:51)
	at java.base/java.lang.Thread.run(Thread.java:1583)
11:01:07.061 [Thread-1] ERROR com.charlessun.javaplcadapter.worker.impl.ConsumerWorkerImpl -- processingStrategy.process(record) 處理失敗: Processing failed
java.lang.RuntimeException: Processing failed
	at com.charlessun.javaplcadapter.worker.impl.ConsumerWorkerImpl.pollLoop(ConsumerWorkerImpl.java:51)
	at java.base/java.lang.Thread.run(Thread.java:1583)
11:01:07.061 [Thread-1] ERROR com.charlessun.javaplcadapter.worker.impl.ConsumerWorkerImpl -- processingStrategy.process(record) 處理失敗: Processing failed
java.lang.RuntimeException: Processing failed
	at com.charlessun.javaplcadapter.worker.impl.ConsumerWorkerImpl.pollLoop(ConsumerWorkerImpl.java:51)
	at java.base/java.lang.Thread.run(Thread.java:1583)
11:01:07.061 [Thread-1] ERROR com.charlessun.javaplcadapter.worker.impl.ConsumerWorkerImpl -- processingStrategy.process(record) 處理失敗: Processing failed
java.lang.RuntimeException: Processing failed
	at com.charlessun.javaplcadapter.worker.impl.ConsumerWorkerImpl.pollLoop(ConsumerWorkerImpl.java:51)
	at java.base/java.lang.Thread.run(Thread.java:1583)
11:01:07.062 [Thread-1] ERROR com.charlessun.javaplcadapter.worker.impl.ConsumerWorkerImpl -- processingStrategy.process(record) 處理失敗: Processing failed
java.lang.RuntimeException: Processing failed
	at com.charlessun.javaplcadapter.worker.impl.ConsumerWorkerImpl.pollLoop(ConsumerWorkerImpl.java:51)
	at java.base/java.lang.Thread.run(Thread.java:1583)
11:01:07.062 [Thread-1] ERROR com.charlessun.javaplcadapter.worker.impl.ConsumerWorkerImpl -- processingStrategy.process(record) 處理失敗: Processing failed
java.lang.RuntimeException: Processing failed
	at com.charlessun.javaplcadapter.worker.impl.ConsumerWorkerImpl.pollLoop(ConsumerWorkerImpl.java:51)
	at java.base/java.lang.Thread.run(Thread.java:1583)
11:01:07.062 [Thread-1] ERROR com.charlessun.javaplcadapter.worker.impl.ConsumerWorkerImpl -- processingStrategy.process(record) 處理失敗: Processing failed
java.lang.RuntimeException: Processing failed
	at com.charlessun.javaplcadapter.worker.impl.ConsumerWorkerImpl.pollLoop(ConsumerWorkerImpl.java:51)
	at java.base/java.lang.Thread.run(Thread.java:1583)
11:01:07.062 [Thread-1] ERROR com.charlessun.javaplcadapter.worker.impl.ConsumerWorkerImpl -- processingStrategy.process(record) 處理失敗: Processing failed
java.lang.RuntimeException: Processing failed
	at com.charlessun.javaplcadapter.worker.impl.ConsumerWorkerImpl.pollLoop(ConsumerWorkerImpl.java:51)
	at java.base/java.lang.Thread.run(Thread.java:1583)
11:01:07.062 [Thread-1] ERROR com.charlessun.javaplcadapter.worker.impl.ConsumerWorkerImpl -- processingStrategy.process(record) 處理失敗: Processing failed
java.lang.RuntimeException: Processing failed
	at com.charlessun.javaplcadapter.worker.impl.ConsumerWorkerImpl.pollLoop(ConsumerWorkerImpl.java:51)
	at java.base/java.lang.Thread.run(Thread.java:1583)
11:01:07.062 [Thread-1] ERROR com.charlessun.javaplcadapter.worker.impl.ConsumerWorkerImpl -- processingStrategy.process(record) 處理失敗: Processing failed
java.lang.RuntimeException: Processing failed
	at com.charlessun.javaplcadapter.worker.impl.ConsumerWorkerImpl.pollLoop(ConsumerWorkerImpl.java:51)
	at java.base/java.lang.Thread.run(Thread.java:1583)
11:01:07.062 [Thread-1] ERROR com.charlessun.javaplcadapter.worker.impl.ConsumerWorkerImpl -- processingStrategy.process(record) 處理失敗: Processing failed
java.lang.RuntimeException: Processing failed
	at com.charlessun.javaplcadapter.worker.impl.ConsumerWorkerImpl.pollLoop(ConsumerWorkerImpl.java:51)
	at java.base/java.lang.Thread.run(Thread.java:1583)
11:01:07.062 [Thread-1] ERROR com.charlessun.javaplcadapter.worker.impl.ConsumerWorkerImpl -- processingStrategy.process(record) 處理失敗: Processing failed
java.lang.RuntimeException: Processing failed
	at com.charlessun.javaplcadapter.worker.impl.ConsumerWorkerImpl.pollLoop(ConsumerWorkerImpl.java:51)
	at java.base/java.lang.Thread.run(Thread.java:1583)
11:01:07.063 [Thread-1] ERROR com.charlessun.javaplcadapter.worker.impl.ConsumerWorkerImpl -- processingStrategy.process(record) 處理失敗: Processing failed
java.lang.RuntimeException: Processing failed
	at com.charlessun.javaplcadapter.worker.impl.ConsumerWorkerImpl.pollLoop(ConsumerWorkerImpl.java:51)
	at java.base/java.lang.Thread.run(Thread.java:1583)
11:01:07.063 [Thread-1] ERROR com.charlessun.javaplcadapter.worker.impl.ConsumerWorkerImpl -- processingStrategy.process(record) 處理失敗: Processing failed
java.lang.RuntimeException: Processing failed
	at com.charlessun.javaplcadapter.worker.impl.ConsumerWorkerImpl.pollLoop(ConsumerWorkerImpl.java:51)
	at java.base/java.lang.Thread.run(Thread.java:1583)
11:01:07.063 [Thread-1] ERROR com.charlessun.javaplcadapter.worker.impl.ConsumerWorkerImpl -- processingStrategy.process(record) 處理失敗: Processing failed
java.lang.RuntimeException: Processing failed
	at com.charlessun.javaplcadapter.worker.impl.ConsumerWorkerImpl.pollLoop(ConsumerWorkerImpl.java:51)
	at java.base/java.lang.Thread.run(Thread.java:1583)
11:01:07.063 [Thread-1] ERROR com.charlessun.javaplcadapter.worker.impl.ConsumerWorkerImpl -- processingStrategy.process(record) 處理失敗: Processing failed
java.lang.RuntimeException: Processing failed
	at com.charlessun.javaplcadapter.worker.impl.ConsumerWorkerImpl.pollLoop(ConsumerWorkerImpl.java:51)
	at java.base/java.lang.Thread.run(Thread.java:1583)
11:01:07.063 [Thread-1] ERROR com.charlessun.javaplcadapter.worker.impl.ConsumerWorkerImpl -- processingStrategy.process(record) 處理失敗: Processing failed
java.lang.RuntimeException: Processing failed
	at com.charlessun.javaplcadapter.worker.impl.ConsumerWorkerImpl.pollLoop(ConsumerWorkerImpl.java:51)
	at java.base/java.lang.Thread.run(Thread.java:1583)
11:01:07.063 [Thread-1] ERROR com.charlessun.javaplcadapter.worker.impl.ConsumerWorkerImpl -- processingStrategy.process(record) 處理失敗: Processing failed
java.lang.RuntimeException: Processing failed
	at com.charlessun.javaplcadapter.worker.impl.ConsumerWorkerImpl.pollLoop(ConsumerWorkerImpl.java:51)
	at java.base/java.lang.Thread.run(Thread.java:1583)
11:01:07.064 [Thread-1] ERROR com.charlessun.javaplcadapter.worker.impl.ConsumerWorkerImpl -- processingStrategy.process(record) 處理失敗: Processing failed
java.lang.RuntimeException: Processing failed
	at com.charlessun.javaplcadapter.worker.impl.ConsumerWorkerImpl.pollLoop(ConsumerWorkerImpl.java:51)
	at java.base/java.lang.Thread.run(Thread.java:1583)
11:01:07.064 [Thread-1] ERROR com.charlessun.javaplcadapter.worker.impl.ConsumerWorkerImpl -- processingStrategy.process(record) 處理失敗: Processing failed
java.lang.RuntimeException: Processing failed
	at com.charlessun.javaplcadapter.worker.impl.ConsumerWorkerImpl.pollLoop(ConsumerWorkerImpl.java:51)
	at java.base/java.lang.Thread.run(Thread.java:1583)
11:01:07.064 [Thread-1] ERROR com.charlessun.javaplcadapter.worker.impl.ConsumerWorkerImpl -- processingStrategy.process(record) 處理失敗: Processing failed
java.lang.RuntimeException: Processing failed
	at com.charlessun.javaplcadapter.worker.impl.ConsumerWorkerImpl.pollLoop(ConsumerWorkerImpl.java:51)
	at java.base/java.lang.Thread.run(Thread.java:1583)
11:01:07.064 [Thread-1] ERROR com.charlessun.javaplcadapter.worker.impl.ConsumerWorkerImpl -- processingStrategy.process(record) 處理失敗: Processing failed
java.lang.RuntimeException: Processing failed
	at com.charlessun.javaplcadapter.worker.impl.ConsumerWorkerImpl.pollLoop(ConsumerWorkerImpl.java:51)
	at java.base/java.lang.Thread.run(Thread.java:1583)
11:01:07.064 [Thread-1] ERROR com.charlessun.javaplcadapter.worker.impl.ConsumerWorkerImpl -- processingStrategy.process(record) 處理失敗: Processing failed
java.lang.RuntimeException: Processing failed
	at com.charlessun.javaplcadapter.worker.impl.ConsumerWorkerImpl.pollLoop(ConsumerWorkerImpl.java:51)
	at java.base/java.lang.Thread.run(Thread.java:1583)
11:01:07.065 [Thread-1] ERROR com.charlessun.javaplcadapter.worker.impl.ConsumerWorkerImpl -- processingStrategy.process(record) 處理失敗: Processing failed
java.lang.RuntimeException: Processing failed
	at com.charlessun.javaplcadapter.worker.impl.ConsumerWorkerImpl.pollLoop(ConsumerWorkerImpl.java:51)
	at java.base/java.lang.Thread.run(Thread.java:1583)
11:01:07.065 [Thread-1] ERROR com.charlessun.javaplcadapter.worker.impl.ConsumerWorkerImpl -- processingStrategy.process(record) 處理失敗: Processing failed
java.lang.RuntimeException: Processing failed
	at com.charlessun.javaplcadapter.worker.impl.ConsumerWorkerImpl.pollLoop(ConsumerWorkerImpl.java:51)
	at java.base/java.lang.Thread.run(Thread.java:1583)
11:01:07.065 [Thread-1] ERROR com.charlessun.javaplcadapter.worker.impl.ConsumerWorkerImpl -- processingStrategy.process(record) 處理失敗: Processing failed
java.lang.RuntimeException: Processing failed
	at com.charlessun.javaplcadapter.worker.impl.ConsumerWorkerImpl.pollLoop(ConsumerWorkerImpl.java:51)
	at java.base/java.lang.Thread.run(Thread.java:1583)
11:01:07.065 [Thread-1] ERROR com.charlessun.javaplcadapter.worker.impl.ConsumerWorkerImpl -- processingStrategy.process(record) 處理失敗: Processing failed
java.lang.RuntimeException: Processing failed
	at com.charlessun.javaplcadapter.worker.impl.ConsumerWorkerImpl.pollLoop(ConsumerWorkerImpl.java:51)
	at java.base/java.lang.Thread.run(Thread.java:1583)
11:01:07.065 [Thread-1] ERROR com.charlessun.javaplcadapter.worker.impl.ConsumerWorkerImpl -- processingStrategy.process(record) 處理失敗: Processing failed
java.lang.RuntimeException: Processing failed
	at com.charlessun.javaplcadapter.worker.impl.ConsumerWorkerImpl.pollLoop(ConsumerWorkerImpl.java:51)
	at java.base/java.lang.Thread.run(Thread.java:1583)
11:01:07.066 [Thread-1] ERROR com.charlessun.javaplcadapter.worker.impl.ConsumerWorkerImpl -- processingStrategy.process(record) 處理失敗: Processing failed
java.lang.RuntimeException: Processing failed
	at com.charlessun.javaplcadapter.worker.impl.ConsumerWorkerImpl.pollLoop(ConsumerWorkerImpl.java:51)
	at java.base/java.lang.Thread.run(Thread.java:1583)
11:01:07.066 [Thread-1] ERROR com.charlessun.javaplcadapter.worker.impl.ConsumerWorkerImpl -- processingStrategy.process(record) 處理失敗: Processing failed
java.lang.RuntimeException: Processing failed
	at com.charlessun.javaplcadapter.worker.impl.ConsumerWorkerImpl.pollLoop(ConsumerWorkerImpl.java:51)
	at java.base/java.lang.Thread.run(Thread.java:1583)
11:01:07.066 [Thread-1] ERROR com.charlessun.javaplcadapter.worker.impl.ConsumerWorkerImpl -- processingStrategy.process(record) 處理失敗: Processing failed
java.lang.RuntimeException: Processing failed
	at com.charlessun.javaplcadapter.worker.impl.ConsumerWorkerImpl.pollLoop(ConsumerWorkerImpl.java:51)
	at java.base/java.lang.Thread.run(Thread.java:1583)
11:01:07.066 [Thread-1] ERROR com.charlessun.javaplcadapter.worker.impl.ConsumerWorkerImpl -- processingStrategy.process(record) 處理失敗: Processing failed
java.lang.RuntimeException: Processing failed
	at com.charlessun.javaplcadapter.worker.impl.ConsumerWorkerImpl.pollLoop(ConsumerWorkerImpl.java:51)
	at java.base/java.lang.Thread.run(Thread.java:1583)
11:01:07.066 [Thread-1] ERROR com.charlessun.javaplcadapter.worker.impl.ConsumerWorkerImpl -- processingStrategy.process(record) 處理失敗: Processing failed
java.lang.RuntimeException: Processing failed
	at com.charlessun.javaplcadapter.worker.impl.ConsumerWorkerImpl.pollLoop(ConsumerWorkerImpl.java:51)
	at java.base/java.lang.Thread.run(Thread.java:1583)
11:01:07.066 [Thread-1] ERROR com.charlessun.javaplcadapter.worker.impl.ConsumerWorkerImpl -- processingStrategy.process(record) 處理失敗: Processing failed
java.lang.RuntimeException: Processing failed
	at com.charlessun.javaplcadapter.worker.impl.ConsumerWorkerImpl.pollLoop(ConsumerWorkerImpl.java:51)
	at java.base/java.lang.Thread.run(Thread.java:1583)
11:01:07.066 [Thread-1] ERROR com.charlessun.javaplcadapter.worker.impl.ConsumerWorkerImpl -- processingStrategy.process(record) 處理失敗: Processing failed
java.lang.RuntimeException: Processing failed
	at com.charlessun.javaplcadapter.worker.impl.ConsumerWorkerImpl.pollLoop(ConsumerWorkerImpl.java:51)
	at java.base/java.lang.Thread.run(Thread.java:1583)
11:01:07.067 [Thread-1] ERROR com.charlessun.javaplcadapter.worker.impl.ConsumerWorkerImpl -- processingStrategy.process(record) 處理失敗: Processing failed
java.lang.RuntimeException: Processing failed
	at com.charlessun.javaplcadapter.worker.impl.ConsumerWorkerImpl.pollLoop(ConsumerWorkerImpl.java:51)
	at java.base/java.lang.Thread.run(Thread.java:1583)
11:01:07.067 [Thread-1] ERROR com.charlessun.javaplcadapter.worker.impl.ConsumerWorkerImpl -- processingStrategy.process(record) 處理失敗: Processing failed
java.lang.RuntimeException: Processing failed
	at com.charlessun.javaplcadapter.worker.impl.ConsumerWorkerImpl.pollLoop(ConsumerWorkerImpl.java:51)
	at java.base/java.lang.Thread.run(Thread.java:1583)
11:01:07.067 [Thread-1] ERROR com.charlessun.javaplcadapter.worker.impl.ConsumerWorkerImpl -- processingStrategy.process(record) 處理失敗: Processing failed
java.lang.RuntimeException: Processing failed
	at com.charlessun.javaplcadapter.worker.impl.ConsumerWorkerImpl.pollLoop(ConsumerWorkerImpl.java:51)
	at java.base/java.lang.Thread.run(Thread.java:1583)
11:01:07.068 [Thread-1] ERROR com.charlessun.javaplcadapter.worker.impl.ConsumerWorkerImpl -- processingStrategy.process(record) 處理失敗: Processing failed
java.lang.RuntimeException: Processing failed
	at com.charlessun.javaplcadapter.worker.impl.ConsumerWorkerImpl.pollLoop(ConsumerWorkerImpl.java:51)
	at java.base/java.lang.Thread.run(Thread.java:1583)
11:01:07.068 [Thread-1] ERROR com.charlessun.javaplcadapter.worker.impl.ConsumerWorkerImpl -- processingStrategy.process(record) 處理失敗: Processing failed
java.lang.RuntimeException: Processing failed
	at com.charlessun.javaplcadapter.worker.impl.ConsumerWorkerImpl.pollLoop(ConsumerWorkerImpl.java:51)
	at java.base/java.lang.Thread.run(Thread.java:1583)
11:01:07.068 [Thread-1] ERROR com.charlessun.javaplcadapter.worker.impl.ConsumerWorkerImpl -- processingStrategy.process(record) 處理失敗: Processing failed
java.lang.RuntimeException: Processing failed
	at com.charlessun.javaplcadapter.worker.impl.ConsumerWorkerImpl.pollLoop(ConsumerWorkerImpl.java:51)
	at java.base/java.lang.Thread.run(Thread.java:1583)
11:01:07.068 [Thread-1] ERROR com.charlessun.javaplcadapter.worker.impl.ConsumerWorkerImpl -- processingStrategy.process(record) 處理失敗: Processing failed
java.lang.RuntimeException: Processing failed
	at com.charlessun.javaplcadapter.worker.impl.ConsumerWorkerImpl.pollLoop(ConsumerWorkerImpl.java:51)
	at java.base/java.lang.Thread.run(Thread.java:1583)
11:01:07.068 [Thread-1] ERROR com.charlessun.javaplcadapter.worker.impl.ConsumerWorkerImpl -- processingStrategy.process(record) 處理失敗: Processing failed
java.lang.RuntimeException: Processing failed
	at com.charlessun.javaplcadapter.worker.impl.ConsumerWorkerImpl.pollLoop(ConsumerWorkerImpl.java:51)
	at java.base/java.lang.Thread.run(Thread.java:1583)
11:01:07.069 [Thread-1] ERROR com.charlessun.javaplcadapter.worker.impl.ConsumerWorkerImpl -- processingStrategy.process(record) 處理失敗: Processing failed
java.lang.RuntimeException: Processing failed
	at com.charlessun.javaplcadapter.worker.impl.ConsumerWorkerImpl.pollLoop(ConsumerWorkerImpl.java:51)
	at java.base/java.lang.Thread.run(Thread.java:1583)
11:01:07.069 [Thread-1] ERROR com.charlessun.javaplcadapter.worker.impl.ConsumerWorkerImpl -- processingStrategy.process(record) 處理失敗: Processing failed
java.lang.RuntimeException: Processing failed
	at com.charlessun.javaplcadapter.worker.impl.ConsumerWorkerImpl.pollLoop(ConsumerWorkerImpl.java:51)
	at java.base/java.lang.Thread.run(Thread.java:1583)
11:01:07.069 [Thread-1] ERROR com.charlessun.javaplcadapter.worker.impl.ConsumerWorkerImpl -- processingStrategy.process(record) 處理失敗: Processing failed
java.lang.RuntimeException: Processing failed
	at com.charlessun.javaplcadapter.worker.impl.ConsumerWorkerImpl.pollLoop(ConsumerWorkerImpl.java:51)
	at java.base/java.lang.Thread.run(Thread.java:1583)
11:01:07.069 [Thread-1] ERROR com.charlessun.javaplcadapter.worker.impl.ConsumerWorkerImpl -- processingStrategy.process(record) 處理失敗: Processing failed
java.lang.RuntimeException: Processing failed
	at com.charlessun.javaplcadapter.worker.impl.ConsumerWorkerImpl.pollLoop(ConsumerWorkerImpl.java:51)
	at java.base/java.lang.Thread.run(Thread.java:1583)
11:01:07.069 [Thread-1] ERROR com.charlessun.javaplcadapter.worker.impl.ConsumerWorkerImpl -- processingStrategy.process(record) 處理失敗: Processing failed
java.lang.RuntimeException: Processing failed
	at com.charlessun.javaplcadapter.worker.impl.ConsumerWorkerImpl.pollLoop(ConsumerWorkerImpl.java:51)
	at java.base/java.lang.Thread.run(Thread.java:1583)
11:01:07.069 [Thread-1] ERROR com.charlessun.javaplcadapter.worker.impl.ConsumerWorkerImpl -- processingStrategy.process(record) 處理失敗: Processing failed
java.lang.RuntimeException: Processing failed
	at com.charlessun.javaplcadapter.worker.impl.ConsumerWorkerImpl.pollLoop(ConsumerWorkerImpl.java:51)
	at java.base/java.lang.Thread.run(Thread.java:1583)
11:01:07.070 [Thread-1] ERROR com.charlessun.javaplcadapter.worker.impl.ConsumerWorkerImpl -- processingStrategy.process(record) 處理失敗: Processing failed
java.lang.RuntimeException: Processing failed
	at com.charlessun.javaplcadapter.worker.impl.ConsumerWorkerImpl.pollLoop(ConsumerWorkerImpl.java:51)
	at java.base/java.lang.Thread.run(Thread.java:1583)
11:01:07.070 [Thread-1] ERROR com.charlessun.javaplcadapter.worker.impl.ConsumerWorkerImpl -- processingStrategy.process(record) 處理失敗: Processing failed
java.lang.RuntimeException: Processing failed
	at com.charlessun.javaplcadapter.worker.impl.ConsumerWorkerImpl.pollLoop(ConsumerWorkerImpl.java:51)
	at java.base/java.lang.Thread.run(Thread.java:1583)
11:01:07.070 [Thread-1] ERROR com.charlessun.javaplcadapter.worker.impl.ConsumerWorkerImpl -- processingStrategy.process(record) 處理失敗: Processing failed
java.lang.RuntimeException: Processing failed
	at com.charlessun.javaplcadapter.worker.impl.ConsumerWorkerImpl.pollLoop(ConsumerWorkerImpl.java:51)
	at java.base/java.lang.Thread.run(Thread.java:1583)
11:01:07.070 [Thread-1] ERROR com.charlessun.javaplcadapter.worker.impl.ConsumerWorkerImpl -- processingStrategy.process(record) 處理失敗: Processing failed
java.lang.RuntimeException: Processing failed
	at com.charlessun.javaplcadapter.worker.impl.ConsumerWorkerImpl.pollLoop(ConsumerWorkerImpl.java:51)
	at java.base/java.lang.Thread.run(Thread.java:1583)
11:01:07.070 [Thread-1] ERROR com.charlessun.javaplcadapter.worker.impl.ConsumerWorkerImpl -- processingStrategy.process(record) 處理失敗: Processing failed
java.lang.RuntimeException: Processing failed
	at com.charlessun.javaplcadapter.worker.impl.ConsumerWorkerImpl.pollLoop(ConsumerWorkerImpl.java:51)
	at java.base/java.lang.Thread.run(Thread.java:1583)
11:01:07.071 [Thread-1] ERROR com.charlessun.javaplcadapter.worker.impl.ConsumerWorkerImpl -- processingStrategy.process(record) 處理失敗: Processing failed
java.lang.RuntimeException: Processing failed
	at com.charlessun.javaplcadapter.worker.impl.ConsumerWorkerImpl.pollLoop(ConsumerWorkerImpl.java:51)
	at java.base/java.lang.Thread.run(Thread.java:1583)
11:01:07.071 [Thread-1] ERROR com.charlessun.javaplcadapter.worker.impl.ConsumerWorkerImpl -- processingStrategy.process(record) 處理失敗: Processing failed
java.lang.RuntimeException: Processing failed
	at com.charlessun.javaplcadapter.worker.impl.ConsumerWorkerImpl.pollLoop(ConsumerWorkerImpl.java:51)
	at java.base/java.lang.Thread.run(Thread.java:1583)
11:01:07.071 [Thread-1] ERROR com.charlessun.javaplcadapter.worker.impl.ConsumerWorkerImpl -- processingStrategy.process(record) 處理失敗: Processing failed
java.lang.RuntimeException: Processing failed
	at com.charlessun.javaplcadapter.worker.impl.ConsumerWorkerImpl.pollLoop(ConsumerWorkerImpl.java:51)
	at java.base/java.lang.Thread.run(Thread.java:1583)
11:01:07.071 [Thread-1] ERROR com.charlessun.javaplcadapter.worker.impl.ConsumerWorkerImpl -- processingStrategy.process(record) 處理失敗: Processing failed
java.lang.RuntimeException: Processing failed
	at com.charlessun.javaplcadapter.worker.impl.ConsumerWorkerImpl.pollLoop(ConsumerWorkerImpl.java:51)
	at java.base/java.lang.Thread.run(Thread.java:1583)
11:01:07.071 [Thread-1] ERROR com.charlessun.javaplcadapter.worker.impl.ConsumerWorkerImpl -- processingStrategy.process(record) 處理失敗: Processing failed
java.lang.RuntimeException: Processing failed
	at com.charlessun.javaplcadapter.worker.impl.ConsumerWorkerImpl.pollLoop(ConsumerWorkerImpl.java:51)
	at java.base/java.lang.Thread.run(Thread.java:1583)
11:01:07.072 [Thread-1] ERROR com.charlessun.javaplcadapter.worker.impl.ConsumerWorkerImpl -- processingStrategy.process(record) 處理失敗: Processing failed
java.lang.RuntimeException: Processing failed
	at com.charlessun.javaplcadapter.worker.impl.ConsumerWorkerImpl.pollLoop(ConsumerWorkerImpl.java:51)
	at java.base/java.lang.Thread.run(Thread.java:1583)
11:01:07.072 [Thread-1] ERROR com.charlessun.javaplcadapter.worker.impl.ConsumerWorkerImpl -- processingStrategy.process(record) 處理失敗: Processing failed
java.lang.RuntimeException: Processing failed
	at com.charlessun.javaplcadapter.worker.impl.ConsumerWorkerImpl.pollLoop(ConsumerWorkerImpl.java:51)
	at java.base/java.lang.Thread.run(Thread.java:1583)
11:01:07.072 [Thread-1] ERROR com.charlessun.javaplcadapter.worker.impl.ConsumerWorkerImpl -- processingStrategy.process(record) 處理失敗: Processing failed
java.lang.RuntimeException: Processing failed
	at com.charlessun.javaplcadapter.worker.impl.ConsumerWorkerImpl.pollLoop(ConsumerWorkerImpl.java:51)
	at java.base/java.lang.Thread.run(Thread.java:1583)
11:01:07.072 [Thread-1] ERROR com.charlessun.javaplcadapter.worker.impl.ConsumerWorkerImpl -- processingStrategy.process(record) 處理失敗: Processing failed
java.lang.RuntimeException: Processing failed
	at com.charlessun.javaplcadapter.worker.impl.ConsumerWorkerImpl.pollLoop(ConsumerWorkerImpl.java:51)
	at java.base/java.lang.Thread.run(Thread.java:1583)
11:01:07.072 [Thread-1] ERROR com.charlessun.javaplcadapter.worker.impl.ConsumerWorkerImpl -- processingStrategy.process(record) 處理失敗: Processing failed
java.lang.RuntimeException: Processing failed
	at com.charlessun.javaplcadapter.worker.impl.ConsumerWorkerImpl.pollLoop(ConsumerWorkerImpl.java:51)
	at java.base/java.lang.Thread.run(Thread.java:1583)
11:01:07.073 [Thread-1] ERROR com.charlessun.javaplcadapter.worker.impl.ConsumerWorkerImpl -- processingStrategy.process(record) 處理失敗: Processing failed
java.lang.RuntimeException: Processing failed
	at com.charlessun.javaplcadapter.worker.impl.ConsumerWorkerImpl.pollLoop(ConsumerWorkerImpl.java:51)
	at java.base/java.lang.Thread.run(Thread.java:1583)
11:01:07.073 [Thread-1] ERROR com.charlessun.javaplcadapter.worker.impl.ConsumerWorkerImpl -- processingStrategy.process(record) 處理失敗: Processing failed
java.lang.RuntimeException: Processing failed
	at com.charlessun.javaplcadapter.worker.impl.ConsumerWorkerImpl.pollLoop(ConsumerWorkerImpl.java:51)
	at java.base/java.lang.Thread.run(Thread.java:1583)
11:01:07.073 [Thread-1] ERROR com.charlessun.javaplcadapter.worker.impl.ConsumerWorkerImpl -- processingStrategy.process(record) 處理失敗: Processing failed
java.lang.RuntimeException: Processing failed
	at com.charlessun.javaplcadapter.worker.impl.ConsumerWorkerImpl.pollLoop(ConsumerWorkerImpl.java:51)
	at java.base/java.lang.Thread.run(Thread.java:1583)
11:01:07.074 [Thread-1] ERROR com.charlessun.javaplcadapter.worker.impl.ConsumerWorkerImpl -- processingStrategy.process(record) 處理失敗: Processing failed
java.lang.RuntimeException: Processing failed
	at com.charlessun.javaplcadapter.worker.impl.ConsumerWorkerImpl.pollLoop(ConsumerWorkerImpl.java:51)
	at java.base/java.lang.Thread.run(Thread.java:1583)
11:01:07.074 [Thread-1] ERROR com.charlessun.javaplcadapter.worker.impl.ConsumerWorkerImpl -- processingStrategy.process(record) 處理失敗: Processing failed
java.lang.RuntimeException: Processing failed
	at com.charlessun.javaplcadapter.worker.impl.ConsumerWorkerImpl.pollLoop(ConsumerWorkerImpl.java:51)
	at java.base/java.lang.Thread.run(Thread.java:1583)
11:01:07.074 [Thread-1] ERROR com.charlessun.javaplcadapter.worker.impl.ConsumerWorkerImpl -- processingStrategy.process(record) 處理失敗: Processing failed
java.lang.RuntimeException: Processing failed
	at com.charlessun.javaplcadapter.worker.impl.ConsumerWorkerImpl.pollLoop(ConsumerWorkerImpl.java:51)
	at java.base/java.lang.Thread.run(Thread.java:1583)
11:01:07.075 [Thread-1] ERROR com.charlessun.javaplcadapter.worker.impl.ConsumerWorkerImpl -- processingStrategy.process(record) 處理失敗: Processing failed
java.lang.RuntimeException: Processing failed
	at com.charlessun.javaplcadapter.worker.impl.ConsumerWorkerImpl.pollLoop(ConsumerWorkerImpl.java:51)
	at java.base/java.lang.Thread.run(Thread.java:1583)
11:01:07.075 [Thread-1] ERROR com.charlessun.javaplcadapter.worker.impl.ConsumerWorkerImpl -- processingStrategy.process(record) 處理失敗: Processing failed
java.lang.RuntimeException: Processing failed
	at com.charlessun.javaplcadapter.worker.impl.ConsumerWorkerImpl.pollLoop(ConsumerWorkerImpl.java:51)
	at java.base/java.lang.Thread.run(Thread.java:1583)
11:01:07.075 [Thread-1] ERROR com.charlessun.javaplcadapter.worker.impl.ConsumerWorkerImpl -- processingStrategy.process(record) 處理失敗: Processing failed
java.lang.RuntimeException: Processing failed
	at com.charlessun.javaplcadapter.worker.impl.ConsumerWorkerImpl.pollLoop(ConsumerWorkerImpl.java:51)
	at java.base/java.lang.Thread.run(Thread.java:1583)
11:01:07.075 [Thread-1] ERROR com.charlessun.javaplcadapter.worker.impl.ConsumerWorkerImpl -- processingStrategy.process(record) 處理失敗: Processing failed
java.lang.RuntimeException: Processing failed
	at com.charlessun.javaplcadapter.worker.impl.ConsumerWorkerImpl.pollLoop(ConsumerWorkerImpl.java:51)
	at java.base/java.lang.Thread.run(Thread.java:1583)
11:01:07.076 [Thread-1] ERROR com.charlessun.javaplcadapter.worker.impl.ConsumerWorkerImpl -- processingStrategy.process(record) 處理失敗: Processing failed
java.lang.RuntimeException: Processing failed
	at com.charlessun.javaplcadapter.worker.impl.ConsumerWorkerImpl.pollLoop(ConsumerWorkerImpl.java:51)
	at java.base/java.lang.Thread.run(Thread.java:1583)
11:01:07.076 [Thread-1] ERROR com.charlessun.javaplcadapter.worker.impl.ConsumerWorkerImpl -- processingStrategy.process(record) 處理失敗: Processing failed
java.lang.RuntimeException: Processing failed
	at com.charlessun.javaplcadapter.worker.impl.ConsumerWorkerImpl.pollLoop(ConsumerWorkerImpl.java:51)
	at java.base/java.lang.Thread.run(Thread.java:1583)
11:01:07.076 [Thread-1] ERROR com.charlessun.javaplcadapter.worker.impl.ConsumerWorkerImpl -- processingStrategy.process(record) 處理失敗: Processing failed
java.lang.RuntimeException: Processing failed
	at com.charlessun.javaplcadapter.worker.impl.ConsumerWorkerImpl.pollLoop(ConsumerWorkerImpl.java:51)
	at java.base/java.lang.Thread.run(Thread.java:1583)
11:01:07.076 [Thread-1] ERROR com.charlessun.javaplcadapter.worker.impl.ConsumerWorkerImpl -- processingStrategy.process(record) 處理失敗: Processing failed
java.lang.RuntimeException: Processing failed
	at com.charlessun.javaplcadapter.worker.impl.ConsumerWorkerImpl.pollLoop(ConsumerWorkerImpl.java:51)
	at java.base/java.lang.Thread.run(Thread.java:1583)
11:01:07.077 [Thread-1] ERROR com.charlessun.javaplcadapter.worker.impl.ConsumerWorkerImpl -- processingStrategy.process(record) 處理失敗: Processing failed
java.lang.RuntimeException: Processing failed
	at com.charlessun.javaplcadapter.worker.impl.ConsumerWorkerImpl.pollLoop(ConsumerWorkerImpl.java:51)
	at java.base/java.lang.Thread.run(Thread.java:1583)
11:01:07.077 [Thread-1] ERROR com.charlessun.javaplcadapter.worker.impl.ConsumerWorkerImpl -- processingStrategy.process(record) 處理失敗: Processing failed
java.lang.RuntimeException: Processing failed
	at com.charlessun.javaplcadapter.worker.impl.ConsumerWorkerImpl.pollLoop(ConsumerWorkerImpl.java:51)
	at java.base/java.lang.Thread.run(Thread.java:1583)
11:01:07.077 [Thread-1] ERROR com.charlessun.javaplcadapter.worker.impl.ConsumerWorkerImpl -- processingStrategy.process(record) 處理失敗: Processing failed
java.lang.RuntimeException: Processing failed
	at com.charlessun.javaplcadapter.worker.impl.ConsumerWorkerImpl.pollLoop(ConsumerWorkerImpl.java:51)
	at java.base/java.lang.Thread.run(Thread.java:1583)
11:01:07.078 [Thread-1] ERROR com.charlessun.javaplcadapter.worker.impl.ConsumerWorkerImpl -- processingStrategy.process(record) 處理失敗: Processing failed
java.lang.RuntimeException: Processing failed
	at com.charlessun.javaplcadapter.worker.impl.ConsumerWorkerImpl.pollLoop(ConsumerWorkerImpl.java:51)
	at java.base/java.lang.Thread.run(Thread.java:1583)
11:01:07.078 [Thread-1] ERROR com.charlessun.javaplcadapter.worker.impl.ConsumerWorkerImpl -- processingStrategy.process(record) 處理失敗: Processing failed
java.lang.RuntimeException: Processing failed
	at com.charlessun.javaplcadapter.worker.impl.ConsumerWorkerImpl.pollLoop(ConsumerWorkerImpl.java:51)
	at java.base/java.lang.Thread.run(Thread.java:1583)
11:01:07.078 [Thread-1] ERROR com.charlessun.javaplcadapter.worker.impl.ConsumerWorkerImpl -- processingStrategy.process(record) 處理失敗: Processing failed
java.lang.RuntimeException: Processing failed
	at com.charlessun.javaplcadapter.worker.impl.ConsumerWorkerImpl.pollLoop(ConsumerWorkerImpl.java:51)
	at java.base/java.lang.Thread.run(Thread.java:1583)
11:01:07.078 [Thread-1] ERROR com.charlessun.javaplcadapter.worker.impl.ConsumerWorkerImpl -- processingStrategy.process(record) 處理失敗: Processing failed
java.lang.RuntimeException: Processing failed
	at com.charlessun.javaplcadapter.worker.impl.ConsumerWorkerImpl.pollLoop(ConsumerWorkerImpl.java:51)
	at java.base/java.lang.Thread.run(Thread.java:1583)
11:01:07.078 [Thread-1] ERROR com.charlessun.javaplcadapter.worker.impl.ConsumerWorkerImpl -- processingStrategy.process(record) 處理失敗: Processing failed
java.lang.RuntimeException: Processing failed
	at com.charlessun.javaplcadapter.worker.impl.ConsumerWorkerImpl.pollLoop(ConsumerWorkerImpl.java:51)
	at java.base/java.lang.Thread.run(Thread.java:1583)
11:01:07.079 [Thread-1] ERROR com.charlessun.javaplcadapter.worker.impl.ConsumerWorkerImpl -- processingStrategy.process(record) 處理失敗: Processing failed
java.lang.RuntimeException: Processing failed
	at com.charlessun.javaplcadapter.worker.impl.ConsumerWorkerImpl.pollLoop(ConsumerWorkerImpl.java:51)
	at java.base/java.lang.Thread.run(Thread.java:1583)
11:01:07.080 [Thread-1] ERROR com.charlessun.javaplcadapter.worker.impl.ConsumerWorkerImpl -- processingStrategy.process(record) 處理失敗: Processing failed
java.lang.RuntimeException: Processing failed
	at com.charlessun.javaplcadapter.worker.impl.ConsumerWorkerImpl.pollLoop(ConsumerWorkerImpl.java:51)
	at java.base/java.lang.Thread.run(Thread.java:1583)
11:01:07.080 [Thread-1] ERROR com.charlessun.javaplcadapter.worker.impl.ConsumerWorkerImpl -- processingStrategy.process(record) 處理失敗: Processing failed
java.lang.RuntimeException: Processing failed
	at com.charlessun.javaplcadapter.worker.impl.ConsumerWorkerImpl.pollLoop(ConsumerWorkerImpl.java:51)
	at java.base/java.lang.Thread.run(Thread.java:1583)
11:01:07.080 [Thread-1] ERROR com.charlessun.javaplcadapter.worker.impl.ConsumerWorkerImpl -- processingStrategy.process(record) 處理失敗: Processing failed
java.lang.RuntimeException: Processing failed
	at com.charlessun.javaplcadapter.worker.impl.ConsumerWorkerImpl.pollLoop(ConsumerWorkerImpl.java:51)
	at java.base/java.lang.Thread.run(Thread.java:1583)
11:01:07.080 [Thread-1] ERROR com.charlessun.javaplcadapter.worker.impl.ConsumerWorkerImpl -- processingStrategy.process(record) 處理失敗: Processing failed
java.lang.RuntimeException: Processing failed
	at com.charlessun.javaplcadapter.worker.impl.ConsumerWorkerImpl.pollLoop(ConsumerWorkerImpl.java:51)
	at java.base/java.lang.Thread.run(Thread.java:1583)
11:01:07.080 [Thread-1] ERROR com.charlessun.javaplcadapter.worker.impl.ConsumerWorkerImpl -- processingStrategy.process(record) 處理失敗: Processing failed
java.lang.RuntimeException: Processing failed
	at com.charlessun.javaplcadapter.worker.impl.ConsumerWorkerImpl.pollLoop(ConsumerWorkerImpl.java:51)
	at java.base/java.lang.Thread.run(Thread.java:1583)
11:01:07.081 [Thread-1] ERROR com.charlessun.javaplcadapter.worker.impl.ConsumerWorkerImpl -- processingStrategy.process(record) 處理失敗: Processing failed
java.lang.RuntimeException: Processing failed
	at com.charlessun.javaplcadapter.worker.impl.ConsumerWorkerImpl.pollLoop(ConsumerWorkerImpl.java:51)
	at java.base/java.lang.Thread.run(Thread.java:1583)
11:01:07.081 [Thread-1] ERROR com.charlessun.javaplcadapter.worker.impl.ConsumerWorkerImpl -- processingStrategy.process(record) 處理失敗: Processing failed
java.lang.RuntimeException: Processing failed
	at com.charlessun.javaplcadapter.worker.impl.ConsumerWorkerImpl.pollLoop(ConsumerWorkerImpl.java:51)
	at java.base/java.lang.Thread.run(Thread.java:1583)
11:01:07.081 [Thread-1] ERROR com.charlessun.javaplcadapter.worker.impl.ConsumerWorkerImpl -- processingStrategy.process(record) 處理失敗: Processing failed
java.lang.RuntimeException: Processing failed
	at com.charlessun.javaplcadapter.worker.impl.ConsumerWorkerImpl.pollLoop(ConsumerWorkerImpl.java:51)
	at java.base/java.lang.Thread.run(Thread.java:1583)
11:01:07.081 [Thread-1] ERROR com.charlessun.javaplcadapter.worker.impl.ConsumerWorkerImpl -- processingStrategy.process(record) 處理失敗: Processing failed
java.lang.RuntimeException: Processing failed
	at com.charlessun.javaplcadapter.worker.impl.ConsumerWorkerImpl.pollLoop(ConsumerWorkerImpl.java:51)
	at java.base/java.lang.Thread.run(Thread.java:1583)
11:01:07.081 [Thread-1] ERROR com.charlessun.javaplcadapter.worker.impl.ConsumerWorkerImpl -- processingStrategy.process(record) 處理失敗: Processing failed
java.lang.RuntimeException: Processing failed
	at com.charlessun.javaplcadapter.worker.impl.ConsumerWorkerImpl.pollLoop(ConsumerWorkerImpl.java:51)
	at java.base/java.lang.Thread.run(Thread.java:1583)
11:01:07.081 [Thread-1] ERROR com.charlessun.javaplcadapter.worker.impl.ConsumerWorkerImpl -- processingStrategy.process(record) 處理失敗: Processing failed
java.lang.RuntimeException: Processing failed
	at com.charlessun.javaplcadapter.worker.impl.ConsumerWorkerImpl.pollLoop(ConsumerWorkerImpl.java:51)
	at java.base/java.lang.Thread.run(Thread.java:1583)
11:01:07.081 [Thread-1] ERROR com.charlessun.javaplcadapter.worker.impl.ConsumerWorkerImpl -- processingStrategy.process(record) 處理失敗: Processing failed
java.lang.RuntimeException: Processing failed
	at com.charlessun.javaplcadapter.worker.impl.ConsumerWorkerImpl.pollLoop(ConsumerWorkerImpl.java:51)
	at java.base/java.lang.Thread.run(Thread.java:1583)
11:01:07.082 [Thread-1] ERROR com.charlessun.javaplcadapter.worker.impl.ConsumerWorkerImpl -- processingStrategy.process(record) 處理失敗: Processing failed
java.lang.RuntimeException: Processing failed
	at com.charlessun.javaplcadapter.worker.impl.ConsumerWorkerImpl.pollLoop(ConsumerWorkerImpl.java:51)
	at java.base/java.lang.Thread.run(Thread.java:1583)
11:01:07.082 [Thread-1] ERROR com.charlessun.javaplcadapter.worker.impl.ConsumerWorkerImpl -- processingStrategy.process(record) 處理失敗: Processing failed
java.lang.RuntimeException: Processing failed
	at com.charlessun.javaplcadapter.worker.impl.ConsumerWorkerImpl.pollLoop(ConsumerWorkerImpl.java:51)
	at java.base/java.lang.Thread.run(Thread.java:1583)
11:01:07.082 [Thread-1] ERROR com.charlessun.javaplcadapter.worker.impl.ConsumerWorkerImpl -- processingStrategy.process(record) 處理失敗: Processing failed
java.lang.RuntimeException: Processing failed
	at com.charlessun.javaplcadapter.worker.impl.ConsumerWorkerImpl.pollLoop(ConsumerWorkerImpl.java:51)
	at java.base/java.lang.Thread.run(Thread.java:1583)
11:01:07.082 [Thread-1] ERROR com.charlessun.javaplcadapter.worker.impl.ConsumerWorkerImpl -- processingStrategy.process(record) 處理失敗: Processing failed
java.lang.RuntimeException: Processing failed
	at com.charlessun.javaplcadapter.worker.impl.ConsumerWorkerImpl.pollLoop(ConsumerWorkerImpl.java:51)
	at java.base/java.lang.Thread.run(Thread.java:1583)
11:01:07.082 [Thread-1] ERROR com.charlessun.javaplcadapter.worker.impl.ConsumerWorkerImpl -- processingStrategy.process(record) 處理失敗: Processing failed
java.lang.RuntimeException: Processing failed
	at com.charlessun.javaplcadapter.worker.impl.ConsumerWorkerImpl.pollLoop(ConsumerWorkerImpl.java:51)
	at java.base/java.lang.Thread.run(Thread.java:1583)
11:01:07.083 [Thread-1] ERROR com.charlessun.javaplcadapter.worker.impl.ConsumerWorkerImpl -- processingStrategy.process(record) 處理失敗: Processing failed
java.lang.RuntimeException: Processing failed
	at com.charlessun.javaplcadapter.worker.impl.ConsumerWorkerImpl.pollLoop(ConsumerWorkerImpl.java:51)
	at java.base/java.lang.Thread.run(Thread.java:1583)
11:01:07.083 [Thread-1] ERROR com.charlessun.javaplcadapter.worker.impl.ConsumerWorkerImpl -- processingStrategy.process(record) 處理失敗: Processing failed
java.lang.RuntimeException: Processing failed
	at com.charlessun.javaplcadapter.worker.impl.ConsumerWorkerImpl.pollLoop(ConsumerWorkerImpl.java:51)
	at java.base/java.lang.Thread.run(Thread.java:1583)
11:01:07.084 [Thread-1] ERROR com.charlessun.javaplcadapter.worker.impl.ConsumerWorkerImpl -- processingStrategy.process(record) 處理失敗: Processing failed
java.lang.RuntimeException: Processing failed
	at com.charlessun.javaplcadapter.worker.impl.ConsumerWorkerImpl.pollLoop(ConsumerWorkerImpl.java:51)
	at java.base/java.lang.Thread.run(Thread.java:1583)
11:01:07.084 [Thread-1] ERROR com.charlessun.javaplcadapter.worker.impl.ConsumerWorkerImpl -- processingStrategy.process(record) 處理失敗: Processing failed
java.lang.RuntimeException: Processing failed
	at com.charlessun.javaplcadapter.worker.impl.ConsumerWorkerImpl.pollLoop(ConsumerWorkerImpl.java:51)
	at java.base/java.lang.Thread.run(Thread.java:1583)
11:01:07.084 [Thread-1] ERROR com.charlessun.javaplcadapter.worker.impl.ConsumerWorkerImpl -- processingStrategy.process(record) 處理失敗: Processing failed
java.lang.RuntimeException: Processing failed
	at com.charlessun.javaplcadapter.worker.impl.ConsumerWorkerImpl.pollLoop(ConsumerWorkerImpl.java:51)
	at java.base/java.lang.Thread.run(Thread.java:1583)
11:01:07.084 [Thread-1] ERROR com.charlessun.javaplcadapter.worker.impl.ConsumerWorkerImpl -- processingStrategy.process(record) 處理失敗: Processing failed
java.lang.RuntimeException: Processing failed
	at com.charlessun.javaplcadapter.worker.impl.ConsumerWorkerImpl.pollLoop(ConsumerWorkerImpl.java:51)
	at java.base/java.lang.Thread.run(Thread.java:1583)
11:01:07.085 [Thread-1] ERROR com.charlessun.javaplcadapter.worker.impl.ConsumerWorkerImpl -- processingStrategy.process(record) 處理失敗: Processing failed
java.lang.RuntimeException: Processing failed
	at com.charlessun.javaplcadapter.worker.impl.ConsumerWorkerImpl.pollLoop(ConsumerWorkerImpl.java:51)
	at java.base/java.lang.Thread.run(Thread.java:1583)
11:01:07.085 [Thread-1] ERROR com.charlessun.javaplcadapter.worker.impl.ConsumerWorkerImpl -- processingStrategy.process(record) 處理失敗: Processing failed
java.lang.RuntimeException: Processing failed
	at com.charlessun.javaplcadapter.worker.impl.ConsumerWorkerImpl.pollLoop(ConsumerWorkerImpl.java:51)
	at java.base/java.lang.Thread.run(Thread.java:1583)
11:01:07.085 [Thread-1] ERROR com.charlessun.javaplcadapter.worker.impl.ConsumerWorkerImpl -- processingStrategy.process(record) 處理失敗: Processing failed
java.lang.RuntimeException: Processing failed
	at com.charlessun.javaplcadapter.worker.impl.ConsumerWorkerImpl.pollLoop(ConsumerWorkerImpl.java:51)
	at java.base/java.lang.Thread.run(Thread.java:1583)
11:01:07.086 [Thread-1] ERROR com.charlessun.javaplcadapter.worker.impl.ConsumerWorkerImpl -- processingStrategy.process(record) 處理失敗: Processing failed
java.lang.RuntimeException: Processing failed
	at com.charlessun.javaplcadapter.worker.impl.ConsumerWorkerImpl.pollLoop(ConsumerWorkerImpl.java:51)
	at java.base/java.lang.Thread.run(Thread.java:1583)
11:01:07.086 [Thread-1] ERROR com.charlessun.javaplcadapter.worker.impl.ConsumerWorkerImpl -- processingStrategy.process(record) 處理失敗: Processing failed
java.lang.RuntimeException: Processing failed
	at com.charlessun.javaplcadapter.worker.impl.ConsumerWorkerImpl.pollLoop(ConsumerWorkerImpl.java:51)
	at java.base/java.lang.Thread.run(Thread.java:1583)
11:01:07.086 [Thread-1] ERROR com.charlessun.javaplcadapter.worker.impl.ConsumerWorkerImpl -- processingStrategy.process(record) 處理失敗: Processing failed
java.lang.RuntimeException: Processing failed
	at com.charlessun.javaplcadapter.worker.impl.ConsumerWorkerImpl.pollLoop(ConsumerWorkerImpl.java:51)
	at java.base/java.lang.Thread.run(Thread.java:1583)
11:01:07.086 [Thread-1] ERROR com.charlessun.javaplcadapter.worker.impl.ConsumerWorkerImpl -- processingStrategy.process(record) 處理失敗: Processing failed
java.lang.RuntimeException: Processing failed
	at com.charlessun.javaplcadapter.worker.impl.ConsumerWorkerImpl.pollLoop(ConsumerWorkerImpl.java:51)
	at java.base/java.lang.Thread.run(Thread.java:1583)
11:01:07.086 [Thread-1] ERROR com.charlessun.javaplcadapter.worker.impl.ConsumerWorkerImpl -- processingStrategy.process(record) 處理失敗: Processing failed
java.lang.RuntimeException: Processing failed
	at com.charlessun.javaplcadapter.worker.impl.ConsumerWorkerImpl.pollLoop(ConsumerWorkerImpl.java:51)
	at java.base/java.lang.Thread.run(Thread.java:1583)
11:01:07.086 [Thread-1] ERROR com.charlessun.javaplcadapter.worker.impl.ConsumerWorkerImpl -- processingStrategy.process(record) 處理失敗: Processing failed
java.lang.RuntimeException: Processing failed
	at com.charlessun.javaplcadapter.worker.impl.ConsumerWorkerImpl.pollLoop(ConsumerWorkerImpl.java:51)
	at java.base/java.lang.Thread.run(Thread.java:1583)
11:01:07.086 [Thread-1] ERROR com.charlessun.javaplcadapter.worker.impl.ConsumerWorkerImpl -- processingStrategy.process(record) 處理失敗: Processing failed
java.lang.RuntimeException: Processing failed
	at com.charlessun.javaplcadapter.worker.impl.ConsumerWorkerImpl.pollLoop(ConsumerWorkerImpl.java:51)
	at java.base/java.lang.Thread.run(Thread.java:1583)
11:01:07.087 [Thread-1] ERROR com.charlessun.javaplcadapter.worker.impl.ConsumerWorkerImpl -- processingStrategy.process(record) 處理失敗: Processing failed
java.lang.RuntimeException: Processing failed
	at com.charlessun.javaplcadapter.worker.impl.ConsumerWorkerImpl.pollLoop(ConsumerWorkerImpl.java:51)
	at java.base/java.lang.Thread.run(Thread.java:1583)
11:01:07.087 [Thread-1] ERROR com.charlessun.javaplcadapter.worker.impl.ConsumerWorkerImpl -- processingStrategy.process(record) 處理失敗: Processing failed
java.lang.RuntimeException: Processing failed
	at com.charlessun.javaplcadapter.worker.impl.ConsumerWorkerImpl.pollLoop(ConsumerWorkerImpl.java:51)
	at java.base/java.lang.Thread.run(Thread.java:1583)
11:01:07.087 [Thread-1] ERROR com.charlessun.javaplcadapter.worker.impl.ConsumerWorkerImpl -- processingStrategy.process(record) 處理失敗: Processing failed
java.lang.RuntimeException: Processing failed
	at com.charlessun.javaplcadapter.worker.impl.ConsumerWorkerImpl.pollLoop(ConsumerWorkerImpl.java:51)
	at java.base/java.lang.Thread.run(Thread.java:1583)
11:01:07.087 [Thread-1] ERROR com.charlessun.javaplcadapter.worker.impl.ConsumerWorkerImpl -- processingStrategy.process(record) 處理失敗: Processing failed
java.lang.RuntimeException: Processing failed
	at com.charlessun.javaplcadapter.worker.impl.ConsumerWorkerImpl.pollLoop(ConsumerWorkerImpl.java:51)
	at java.base/java.lang.Thread.run(Thread.java:1583)
11:01:07.087 [Thread-1] ERROR com.charlessun.javaplcadapter.worker.impl.ConsumerWorkerImpl -- processingStrategy.process(record) 處理失敗: Processing failed
java.lang.RuntimeException: Processing failed
	at com.charlessun.javaplcadapter.worker.impl.ConsumerWorkerImpl.pollLoop(ConsumerWorkerImpl.java:51)
	at java.base/java.lang.Thread.run(Thread.java:1583)
11:01:07.087 [Thread-1] ERROR com.charlessun.javaplcadapter.worker.impl.ConsumerWorkerImpl -- processingStrategy.process(record) 處理失敗: Processing failed
java.lang.RuntimeException: Processing failed
	at com.charlessun.javaplcadapter.worker.impl.ConsumerWorkerImpl.pollLoop(ConsumerWorkerImpl.java:51)
	at java.base/java.lang.Thread.run(Thread.java:1583)
11:01:07.087 [Thread-1] ERROR com.charlessun.javaplcadapter.worker.impl.ConsumerWorkerImpl -- processingStrategy.process(record) 處理失敗: Processing failed
java.lang.RuntimeException: Processing failed
	at com.charlessun.javaplcadapter.worker.impl.ConsumerWorkerImpl.pollLoop(ConsumerWorkerImpl.java:51)
	at java.base/java.lang.Thread.run(Thread.java:1583)
11:01:07.087 [Thread-1] ERROR com.charlessun.javaplcadapter.worker.impl.ConsumerWorkerImpl -- processingStrategy.process(record) 處理失敗: Processing failed
java.lang.RuntimeException: Processing failed
	at com.charlessun.javaplcadapter.worker.impl.ConsumerWorkerImpl.pollLoop(ConsumerWorkerImpl.java:51)
	at java.base/java.lang.Thread.run(Thread.java:1583)
11:01:07.087 [Thread-1] ERROR com.charlessun.javaplcadapter.worker.impl.ConsumerWorkerImpl -- processingStrategy.process(record) 處理失敗: Processing failed
java.lang.RuntimeException: Processing failed
	at com.charlessun.javaplcadapter.worker.impl.ConsumerWorkerImpl.pollLoop(ConsumerWorkerImpl.java:51)
	at java.base/java.lang.Thread.run(Thread.java:1583)
11:01:07.087 [Thread-1] ERROR com.charlessun.javaplcadapter.worker.impl.ConsumerWorkerImpl -- processingStrategy.process(record) 處理失敗: Processing failed
java.lang.RuntimeException: Processing failed
	at com.charlessun.javaplcadapter.worker.impl.ConsumerWorkerImpl.pollLoop(ConsumerWorkerImpl.java:51)
	at java.base/java.lang.Thread.run(Thread.java:1583)
11:01:07.087 [Thread-1] ERROR com.charlessun.javaplcadapter.worker.impl.ConsumerWorkerImpl -- processingStrategy.process(record) 處理失敗: Processing failed
java.lang.RuntimeException: Processing failed
	at com.charlessun.javaplcadapter.worker.impl.ConsumerWorkerImpl.pollLoop(ConsumerWorkerImpl.java:51)
	at java.base/java.lang.Thread.run(Thread.java:1583)
11:01:07.087 [Thread-1] ERROR com.charlessun.javaplcadapter.worker.impl.ConsumerWorkerImpl -- processingStrategy.process(record) 處理失敗: Processing failed
java.lang.RuntimeException: Processing failed
	at com.charlessun.javaplcadapter.worker.impl.ConsumerWorkerImpl.pollLoop(ConsumerWorkerImpl.java:51)
	at java.base/java.lang.Thread.run(Thread.java:1583)
11:01:07.088 [Thread-1] ERROR com.charlessun.javaplcadapter.worker.impl.ConsumerWorkerImpl -- processingStrategy.process(record) 處理失敗: Processing failed
java.lang.RuntimeException: Processing failed
	at com.charlessun.javaplcadapter.worker.impl.ConsumerWorkerImpl.pollLoop(ConsumerWorkerImpl.java:51)
	at java.base/java.lang.Thread.run(Thread.java:1583)
11:01:07.088 [Thread-1] ERROR com.charlessun.javaplcadapter.worker.impl.ConsumerWorkerImpl -- processingStrategy.process(record) 處理失敗: Processing failed
java.lang.RuntimeException: Processing failed
	at com.charlessun.javaplcadapter.worker.impl.ConsumerWorkerImpl.pollLoop(ConsumerWorkerImpl.java:51)
	at java.base/java.lang.Thread.run(Thread.java:1583)
11:01:07.088 [Thread-1] ERROR com.charlessun.javaplcadapter.worker.impl.ConsumerWorkerImpl -- processingStrategy.process(record) 處理失敗: Processing failed
java.lang.RuntimeException: Processing failed
	at com.charlessun.javaplcadapter.worker.impl.ConsumerWorkerImpl.pollLoop(ConsumerWorkerImpl.java:51)
	at java.base/java.lang.Thread.run(Thread.java:1583)
11:01:07.088 [Thread-1] ERROR com.charlessun.javaplcadapter.worker.impl.ConsumerWorkerImpl -- processingStrategy.process(record) 處理失敗: Processing failed
java.lang.RuntimeException: Processing failed
	at com.charlessun.javaplcadapter.worker.impl.ConsumerWorkerImpl.pollLoop(ConsumerWorkerImpl.java:51)
	at java.base/java.lang.Thread.run(Thread.java:1583)
11:01:07.088 [Thread-1] ERROR com.charlessun.javaplcadapter.worker.impl.ConsumerWorkerImpl -- processingStrategy.process(record) 處理失敗: Processing failed
java.lang.RuntimeException: Processing failed
	at com.charlessun.javaplcadapter.worker.impl.ConsumerWorkerImpl.pollLoop(ConsumerWorkerImpl.java:51)
	at java.base/java.lang.Thread.run(Thread.java:1583)
11:01:07.088 [Thread-1] ERROR com.charlessun.javaplcadapter.worker.impl.ConsumerWorkerImpl -- processingStrategy.process(record) 處理失敗: Processing failed
java.lang.RuntimeException: Processing failed
	at com.charlessun.javaplcadapter.worker.impl.ConsumerWorkerImpl.pollLoop(ConsumerWorkerImpl.java:51)
	at java.base/java.lang.Thread.run(Thread.java:1583)
11:01:07.088 [Thread-1] ERROR com.charlessun.javaplcadapter.worker.impl.ConsumerWorkerImpl -- processingStrategy.process(record) 處理失敗: Processing failed
java.lang.RuntimeException: Processing failed
	at com.charlessun.javaplcadapter.worker.impl.ConsumerWorkerImpl.pollLoop(ConsumerWorkerImpl.java:51)
	at java.base/java.lang.Thread.run(Thread.java:1583)
11:01:07.088 [Thread-1] ERROR com.charlessun.javaplcadapter.worker.impl.ConsumerWorkerImpl -- processingStrategy.process(record) 處理失敗: Processing failed
java.lang.RuntimeException: Processing failed
	at com.charlessun.javaplcadapter.worker.impl.ConsumerWorkerImpl.pollLoop(ConsumerWorkerImpl.java:51)
	at java.base/java.lang.Thread.run(Thread.java:1583)
11:01:07.088 [Thread-1] ERROR com.charlessun.javaplcadapter.worker.impl.ConsumerWorkerImpl -- processingStrategy.process(record) 處理失敗: Processing failed
java.lang.RuntimeException: Processing failed
	at com.charlessun.javaplcadapter.worker.impl.ConsumerWorkerImpl.pollLoop(ConsumerWorkerImpl.java:51)
	at java.base/java.lang.Thread.run(Thread.java:1583)
11:01:07.088 [Thread-1] ERROR com.charlessun.javaplcadapter.worker.impl.ConsumerWorkerImpl -- processingStrategy.process(record) 處理失敗: Processing failed
java.lang.RuntimeException: Processing failed
	at com.charlessun.javaplcadapter.worker.impl.ConsumerWorkerImpl.pollLoop(ConsumerWorkerImpl.java:51)
	at java.base/java.lang.Thread.run(Thread.java:1583)
11:01:07.088 [Thread-1] ERROR com.charlessun.javaplcadapter.worker.impl.ConsumerWorkerImpl -- processingStrategy.process(record) 處理失敗: Processing failed
java.lang.RuntimeException: Processing failed
	at com.charlessun.javaplcadapter.worker.impl.ConsumerWorkerImpl.pollLoop(ConsumerWorkerImpl.java:51)
	at java.base/java.lang.Thread.run(Thread.java:1583)
11:01:07.089 [Thread-1] ERROR com.charlessun.javaplcadapter.worker.impl.ConsumerWorkerImpl -- processingStrategy.process(record) 處理失敗: Processing failed
java.lang.RuntimeException: Processing failed
	at com.charlessun.javaplcadapter.worker.impl.ConsumerWorkerImpl.pollLoop(ConsumerWorkerImpl.java:51)
	at java.base/java.lang.Thread.run(Thread.java:1583)
11:01:07.089 [Thread-1] ERROR com.charlessun.javaplcadapter.worker.impl.ConsumerWorkerImpl -- processingStrategy.process(record) 處理失敗: Processing failed
java.lang.RuntimeException: Processing failed
	at com.charlessun.javaplcadapter.worker.impl.ConsumerWorkerImpl.pollLoop(ConsumerWorkerImpl.java:51)
	at java.base/java.lang.Thread.run(Thread.java:1583)
11:01:07.089 [Thread-1] ERROR com.charlessun.javaplcadapter.worker.impl.ConsumerWorkerImpl -- processingStrategy.process(record) 處理失敗: Processing failed
java.lang.RuntimeException: Processing failed
	at com.charlessun.javaplcadapter.worker.impl.ConsumerWorkerImpl.pollLoop(ConsumerWorkerImpl.java:51)
	at java.base/java.lang.Thread.run(Thread.java:1583)
11:01:07.089 [Thread-1] ERROR com.charlessun.javaplcadapter.worker.impl.ConsumerWorkerImpl -- processingStrategy.process(record) 處理失敗: Processing failed
java.lang.RuntimeException: Processing failed
	at com.charlessun.javaplcadapter.worker.impl.ConsumerWorkerImpl.pollLoop(ConsumerWorkerImpl.java:51)
	at java.base/java.lang.Thread.run(Thread.java:1583)
11:01:07.090 [Thread-1] ERROR com.charlessun.javaplcadapter.worker.impl.ConsumerWorkerImpl -- processingStrategy.process(record) 處理失敗: Processing failed
java.lang.RuntimeException: Processing failed
	at com.charlessun.javaplcadapter.worker.impl.ConsumerWorkerImpl.pollLoop(ConsumerWorkerImpl.java:51)
	at java.base/java.lang.Thread.run(Thread.java:1583)
11:01:07.090 [Thread-1] ERROR com.charlessun.javaplcadapter.worker.impl.ConsumerWorkerImpl -- processingStrategy.process(record) 處理失敗: Processing failed
java.lang.RuntimeException: Processing failed
	at com.charlessun.javaplcadapter.worker.impl.ConsumerWorkerImpl.pollLoop(ConsumerWorkerImpl.java:51)
	at java.base/java.lang.Thread.run(Thread.java:1583)
11:01:07.090 [Thread-1] ERROR com.charlessun.javaplcadapter.worker.impl.ConsumerWorkerImpl -- processingStrategy.process(record) 處理失敗: Processing failed
java.lang.RuntimeException: Processing failed
	at com.charlessun.javaplcadapter.worker.impl.ConsumerWorkerImpl.pollLoop(ConsumerWorkerImpl.java:51)
	at java.base/java.lang.Thread.run(Thread.java:1583)
11:01:07.091 [Thread-1] ERROR com.charlessun.javaplcadapter.worker.impl.ConsumerWorkerImpl -- processingStrategy.process(record) 處理失敗: Processing failed
java.lang.RuntimeException: Processing failed
	at com.charlessun.javaplcadapter.worker.impl.ConsumerWorkerImpl.pollLoop(ConsumerWorkerImpl.java:51)
	at java.base/java.lang.Thread.run(Thread.java:1583)
11:01:07.091 [Thread-1] ERROR com.charlessun.javaplcadapter.worker.impl.ConsumerWorkerImpl -- processingStrategy.process(record) 處理失敗: Processing failed
java.lang.RuntimeException: Processing failed
	at com.charlessun.javaplcadapter.worker.impl.ConsumerWorkerImpl.pollLoop(ConsumerWorkerImpl.java:51)
	at java.base/java.lang.Thread.run(Thread.java:1583)
11:01:07.091 [Thread-1] ERROR com.charlessun.javaplcadapter.worker.impl.ConsumerWorkerImpl -- processingStrategy.process(record) 處理失敗: Processing failed
java.lang.RuntimeException: Processing failed
	at com.charlessun.javaplcadapter.worker.impl.ConsumerWorkerImpl.pollLoop(ConsumerWorkerImpl.java:51)
	at java.base/java.lang.Thread.run(Thread.java:1583)
11:01:07.091 [Thread-1] ERROR com.charlessun.javaplcadapter.worker.impl.ConsumerWorkerImpl -- processingStrategy.process(record) 處理失敗: Processing failed
java.lang.RuntimeException: Processing failed
	at com.charlessun.javaplcadapter.worker.impl.ConsumerWorkerImpl.pollLoop(ConsumerWorkerImpl.java:51)
	at java.base/java.lang.Thread.run(Thread.java:1583)
11:01:07.092 [Thread-1] ERROR com.charlessun.javaplcadapter.worker.impl.ConsumerWorkerImpl -- processingStrategy.process(record) 處理失敗: Processing failed
java.lang.RuntimeException: Processing failed
	at com.charlessun.javaplcadapter.worker.impl.ConsumerWorkerImpl.pollLoop(ConsumerWorkerImpl.java:51)
	at java.base/java.lang.Thread.run(Thread.java:1583)
11:01:07.092 [Thread-1] ERROR com.charlessun.javaplcadapter.worker.impl.ConsumerWorkerImpl -- processingStrategy.process(record) 處理失敗: Processing failed
java.lang.RuntimeException: Processing failed
	at com.charlessun.javaplcadapter.worker.impl.ConsumerWorkerImpl.pollLoop(ConsumerWorkerImpl.java:51)
	at java.base/java.lang.Thread.run(Thread.java:1583)
11:01:07.092 [Thread-1] ERROR com.charlessun.javaplcadapter.worker.impl.ConsumerWorkerImpl -- processingStrategy.process(record) 處理失敗: Processing failed
java.lang.RuntimeException: Processing failed
	at com.charlessun.javaplcadapter.worker.impl.ConsumerWorkerImpl.pollLoop(ConsumerWorkerImpl.java:51)
	at java.base/java.lang.Thread.run(Thread.java:1583)
11:01:07.092 [Thread-1] ERROR com.charlessun.javaplcadapter.worker.impl.ConsumerWorkerImpl -- processingStrategy.process(record) 處理失敗: Processing failed
java.lang.RuntimeException: Processing failed
	at com.charlessun.javaplcadapter.worker.impl.ConsumerWorkerImpl.pollLoop(ConsumerWorkerImpl.java:51)
	at java.base/java.lang.Thread.run(Thread.java:1583)
11:01:07.092 [Thread-1] ERROR com.charlessun.javaplcadapter.worker.impl.ConsumerWorkerImpl -- processingStrategy.process(record) 處理失敗: Processing failed
java.lang.RuntimeException: Processing failed
	at com.charlessun.javaplcadapter.worker.impl.ConsumerWorkerImpl.pollLoop(ConsumerWorkerImpl.java:51)
	at java.base/java.lang.Thread.run(Thread.java:1583)
11:01:07.092 [Thread-1] ERROR com.charlessun.javaplcadapter.worker.impl.ConsumerWorkerImpl -- processingStrategy.process(record) 處理失敗: Processing failed
java.lang.RuntimeException: Processing failed
	at com.charlessun.javaplcadapter.worker.impl.ConsumerWorkerImpl.pollLoop(ConsumerWorkerImpl.java:51)
	at java.base/java.lang.Thread.run(Thread.java:1583)
11:01:07.092 [Thread-1] ERROR com.charlessun.javaplcadapter.worker.impl.ConsumerWorkerImpl -- processingStrategy.process(record) 處理失敗: Processing failed
java.lang.RuntimeException: Processing failed
	at com.charlessun.javaplcadapter.worker.impl.ConsumerWorkerImpl.pollLoop(ConsumerWorkerImpl.java:51)
	at java.base/java.lang.Thread.run(Thread.java:1583)
11:01:07.092 [Thread-1] ERROR com.charlessun.javaplcadapter.worker.impl.ConsumerWorkerImpl -- processingStrategy.process(record) 處理失敗: Processing failed
java.lang.RuntimeException: Processing failed
	at com.charlessun.javaplcadapter.worker.impl.ConsumerWorkerImpl.pollLoop(ConsumerWorkerImpl.java:51)
	at java.base/java.lang.Thread.run(Thread.java:1583)
11:01:07.092 [Thread-1] ERROR com.charlessun.javaplcadapter.worker.impl.ConsumerWorkerImpl -- processingStrategy.process(record) 處理失敗: Processing failed
java.lang.RuntimeException: Processing failed
	at com.charlessun.javaplcadapter.worker.impl.ConsumerWorkerImpl.pollLoop(ConsumerWorkerImpl.java:51)
	at java.base/java.lang.Thread.run(Thread.java:1583)
11:01:07.092 [Thread-1] ERROR com.charlessun.javaplcadapter.worker.impl.ConsumerWorkerImpl -- processingStrategy.process(record) 處理失敗: Processing failed
java.lang.RuntimeException: Processing failed
	at com.charlessun.javaplcadapter.worker.impl.ConsumerWorkerImpl.pollLoop(ConsumerWorkerImpl.java:51)
	at java.base/java.lang.Thread.run(Thread.java:1583)
11:01:07.093 [Thread-1] ERROR com.charlessun.javaplcadapter.worker.impl.ConsumerWorkerImpl -- processingStrategy.process(record) 處理失敗: Processing failed
java.lang.RuntimeException: Processing failed
	at com.charlessun.javaplcadapter.worker.impl.ConsumerWorkerImpl.pollLoop(ConsumerWorkerImpl.java:51)
	at java.base/java.lang.Thread.run(Thread.java:1583)
11:01:07.093 [Thread-1] ERROR com.charlessun.javaplcadapter.worker.impl.ConsumerWorkerImpl -- processingStrategy.process(record) 處理失敗: Processing failed
java.lang.RuntimeException: Processing failed
	at com.charlessun.javaplcadapter.worker.impl.ConsumerWorkerImpl.pollLoop(ConsumerWorkerImpl.java:51)
	at java.base/java.lang.Thread.run(Thread.java:1583)
11:01:07.094 [Thread-1] ERROR com.charlessun.javaplcadapter.worker.impl.ConsumerWorkerImpl -- processingStrategy.process(record) 處理失敗: Processing failed
java.lang.RuntimeException: Processing failed
	at com.charlessun.javaplcadapter.worker.impl.ConsumerWorkerImpl.pollLoop(ConsumerWorkerImpl.java:51)
	at java.base/java.lang.Thread.run(Thread.java:1583)
11:01:07.094 [Thread-1] ERROR com.charlessun.javaplcadapter.worker.impl.ConsumerWorkerImpl -- processingStrategy.process(record) 處理失敗: Processing failed
java.lang.RuntimeException: Processing failed
	at com.charlessun.javaplcadapter.worker.impl.ConsumerWorkerImpl.pollLoop(ConsumerWorkerImpl.java:51)
	at java.base/java.lang.Thread.run(Thread.java:1583)
11:01:07.094 [Thread-1] ERROR com.charlessun.javaplcadapter.worker.impl.ConsumerWorkerImpl -- processingStrategy.process(record) 處理失敗: Processing failed
java.lang.RuntimeException: Processing failed
	at com.charlessun.javaplcadapter.worker.impl.ConsumerWorkerImpl.pollLoop(ConsumerWorkerImpl.java:51)
	at java.base/java.lang.Thread.run(Thread.java:1583)
11:01:07.094 [Thread-1] ERROR com.charlessun.javaplcadapter.worker.impl.ConsumerWorkerImpl -- processingStrategy.process(record) 處理失敗: Processing failed
java.lang.RuntimeException: Processing failed
	at com.charlessun.javaplcadapter.worker.impl.ConsumerWorkerImpl.pollLoop(ConsumerWorkerImpl.java:51)
	at java.base/java.lang.Thread.run(Thread.java:1583)
11:01:07.094 [Thread-1] ERROR com.charlessun.javaplcadapter.worker.impl.ConsumerWorkerImpl -- processingStrategy.process(record) 處理失敗: Processing failed
java.lang.RuntimeException: Processing failed
	at com.charlessun.javaplcadapter.worker.impl.ConsumerWorkerImpl.pollLoop(ConsumerWorkerImpl.java:51)
	at java.base/java.lang.Thread.run(Thread.java:1583)
11:01:07.094 [Thread-1] ERROR com.charlessun.javaplcadapter.worker.impl.ConsumerWorkerImpl -- processingStrategy.process(record) 處理失敗: Processing failed
java.lang.RuntimeException: Processing failed
	at com.charlessun.javaplcadapter.worker.impl.ConsumerWorkerImpl.pollLoop(ConsumerWorkerImpl.java:51)
	at java.base/java.lang.Thread.run(Thread.java:1583)
11:01:07.094 [Thread-1] ERROR com.charlessun.javaplcadapter.worker.impl.ConsumerWorkerImpl -- processingStrategy.process(record) 處理失敗: Processing failed
java.lang.RuntimeException: Processing failed
	at com.charlessun.javaplcadapter.worker.impl.ConsumerWorkerImpl.pollLoop(ConsumerWorkerImpl.java:51)
	at java.base/java.lang.Thread.run(Thread.java:1583)
11:01:07.094 [Thread-1] ERROR com.charlessun.javaplcadapter.worker.impl.ConsumerWorkerImpl -- processingStrategy.process(record) 處理失敗: Processing failed
java.lang.RuntimeException: Processing failed
	at com.charlessun.javaplcadapter.worker.impl.ConsumerWorkerImpl.pollLoop(ConsumerWorkerImpl.java:51)
	at java.base/java.lang.Thread.run(Thread.java:1583)
11:01:07.095 [Thread-1] ERROR com.charlessun.javaplcadapter.worker.impl.ConsumerWorkerImpl -- processingStrategy.process(record) 處理失敗: Processing failed
java.lang.RuntimeException: Processing failed
	at com.charlessun.javaplcadapter.worker.impl.ConsumerWorkerImpl.pollLoop(ConsumerWorkerImpl.java:51)
	at java.base/java.lang.Thread.run(Thread.java:1583)
11:01:07.095 [Thread-1] ERROR com.charlessun.javaplcadapter.worker.impl.ConsumerWorkerImpl -- processingStrategy.process(record) 處理失敗: Processing failed
java.lang.RuntimeException: Processing failed
	at com.charlessun.javaplcadapter.worker.impl.ConsumerWorkerImpl.pollLoop(ConsumerWorkerImpl.java:51)
	at java.base/java.lang.Thread.run(Thread.java:1583)
11:01:07.095 [Thread-1] ERROR com.charlessun.javaplcadapter.worker.impl.ConsumerWorkerImpl -- processingStrategy.process(record) 處理失敗: Processing failed
java.lang.RuntimeException: Processing failed
	at com.charlessun.javaplcadapter.worker.impl.ConsumerWorkerImpl.pollLoop(ConsumerWorkerImpl.java:51)
	at java.base/java.lang.Thread.run(Thread.java:1583)
11:01:07.095 [Thread-1] ERROR com.charlessun.javaplcadapter.worker.impl.ConsumerWorkerImpl -- processingStrategy.process(record) 處理失敗: Processing failed
java.lang.RuntimeException: Processing failed
	at com.charlessun.javaplcadapter.worker.impl.ConsumerWorkerImpl.pollLoop(ConsumerWorkerImpl.java:51)
	at java.base/java.lang.Thread.run(Thread.java:1583)
11:01:07.095 [Thread-1] ERROR com.charlessun.javaplcadapter.worker.impl.ConsumerWorkerImpl -- processingStrategy.process(record) 處理失敗: Processing failed
java.lang.RuntimeException: Processing failed
	at com.charlessun.javaplcadapter.worker.impl.ConsumerWorkerImpl.pollLoop(ConsumerWorkerImpl.java:51)
	at java.base/java.lang.Thread.run(Thread.java:1583)
11:01:07.095 [Thread-1] ERROR com.charlessun.javaplcadapter.worker.impl.ConsumerWorkerImpl -- processingStrategy.process(record) 處理失敗: Processing failed
java.lang.RuntimeException: Processing failed
	at com.charlessun.javaplcadapter.worker.impl.ConsumerWorkerImpl.pollLoop(ConsumerWorkerImpl.java:51)
	at java.base/java.lang.Thread.run(Thread.java:1583)
11:01:07.095 [Thread-1] ERROR com.charlessun.javaplcadapter.worker.impl.ConsumerWorkerImpl -- processingStrategy.process(record) 處理失敗: Processing failed
java.lang.RuntimeException: Processing failed
	at com.charlessun.javaplcadapter.worker.impl.ConsumerWorkerImpl.pollLoop(ConsumerWorkerImpl.java:51)
	at java.base/java.lang.Thread.run(Thread.java:1583)
11:01:07.095 [Thread-1] ERROR com.charlessun.javaplcadapter.worker.impl.ConsumerWorkerImpl -- processingStrategy.process(record) 處理失敗: Processing failed
java.lang.RuntimeException: Processing failed
	at com.charlessun.javaplcadapter.worker.impl.ConsumerWorkerImpl.pollLoop(ConsumerWorkerImpl.java:51)
	at java.base/java.lang.Thread.run(Thread.java:1583)
11:01:07.095 [Thread-1] ERROR com.charlessun.javaplcadapter.worker.impl.ConsumerWorkerImpl -- processingStrategy.process(record) 處理失敗: Processing failed
java.lang.RuntimeException: Processing failed
	at com.charlessun.javaplcadapter.worker.impl.ConsumerWorkerImpl.pollLoop(ConsumerWorkerImpl.java:51)
	at java.base/java.lang.Thread.run(Thread.java:1583)
11:01:07.096 [Thread-1] ERROR com.charlessun.javaplcadapter.worker.impl.ConsumerWorkerImpl -- processingStrategy.process(record) 處理失敗: Processing failed
java.lang.RuntimeException: Processing failed
	at com.charlessun.javaplcadapter.worker.impl.ConsumerWorkerImpl.pollLoop(ConsumerWorkerImpl.java:51)
	at java.base/java.lang.Thread.run(Thread.java:1583)
11:01:07.096 [Thread-1] ERROR com.charlessun.javaplcadapter.worker.impl.ConsumerWorkerImpl -- processingStrategy.process(record) 處理失敗: Processing failed
java.lang.RuntimeException: Processing failed
	at com.charlessun.javaplcadapter.worker.impl.ConsumerWorkerImpl.pollLoop(ConsumerWorkerImpl.java:51)
	at java.base/java.lang.Thread.run(Thread.java:1583)
11:01:07.096 [Thread-1] ERROR com.charlessun.javaplcadapter.worker.impl.ConsumerWorkerImpl -- processingStrategy.process(record) 處理失敗: Processing failed
java.lang.RuntimeException: Processing failed
	at com.charlessun.javaplcadapter.worker.impl.ConsumerWorkerImpl.pollLoop(ConsumerWorkerImpl.java:51)
	at java.base/java.lang.Thread.run(Thread.java:1583)
11:01:07.096 [Thread-1] ERROR com.charlessun.javaplcadapter.worker.impl.ConsumerWorkerImpl -- processingStrategy.process(record) 處理失敗: Processing failed
java.lang.RuntimeException: Processing failed
	at com.charlessun.javaplcadapter.worker.impl.ConsumerWorkerImpl.pollLoop(ConsumerWorkerImpl.java:51)
	at java.base/java.lang.Thread.run(Thread.java:1583)
11:01:07.096 [Thread-1] ERROR com.charlessun.javaplcadapter.worker.impl.ConsumerWorkerImpl -- processingStrategy.process(record) 處理失敗: Processing failed
java.lang.RuntimeException: Processing failed
	at com.charlessun.javaplcadapter.worker.impl.ConsumerWorkerImpl.pollLoop(ConsumerWorkerImpl.java:51)
	at java.base/java.lang.Thread.run(Thread.java:1583)
11:01:07.096 [Thread-1] ERROR com.charlessun.javaplcadapter.worker.impl.ConsumerWorkerImpl -- processingStrategy.process(record) 處理失敗: Processing failed
java.lang.RuntimeException: Processing failed
	at com.charlessun.javaplcadapter.worker.impl.ConsumerWorkerImpl.pollLoop(ConsumerWorkerImpl.java:51)
	at java.base/java.lang.Thread.run(Thread.java:1583)
11:01:07.096 [Thread-1] ERROR com.charlessun.javaplcadapter.worker.impl.ConsumerWorkerImpl -- processingStrategy.process(record) 處理失敗: Processing failed
java.lang.RuntimeException: Processing failed
	at com.charlessun.javaplcadapter.worker.impl.ConsumerWorkerImpl.pollLoop(ConsumerWorkerImpl.java:51)
	at java.base/java.lang.Thread.run(Thread.java:1583)
11:01:07.096 [Thread-1] ERROR com.charlessun.javaplcadapter.worker.impl.ConsumerWorkerImpl -- processingStrategy.process(record) 處理失敗: Processing failed
java.lang.RuntimeException: Processing failed
	at com.charlessun.javaplcadapter.worker.impl.ConsumerWorkerImpl.pollLoop(ConsumerWorkerImpl.java:51)
	at java.base/java.lang.Thread.run(Thread.java:1583)
11:01:07.096 [Thread-1] ERROR com.charlessun.javaplcadapter.worker.impl.ConsumerWorkerImpl -- processingStrategy.process(record) 處理失敗: Processing failed
java.lang.RuntimeException: Processing failed
	at com.charlessun.javaplcadapter.worker.impl.ConsumerWorkerImpl.pollLoop(ConsumerWorkerImpl.java:51)
	at java.base/java.lang.Thread.run(Thread.java:1583)
11:01:07.097 [Thread-1] ERROR com.charlessun.javaplcadapter.worker.impl.ConsumerWorkerImpl -- processingStrategy.process(record) 處理失敗: Processing failed
java.lang.RuntimeException: Processing failed
	at com.charlessun.javaplcadapter.worker.impl.ConsumerWorkerImpl.pollLoop(ConsumerWorkerImpl.java:51)
	at java.base/java.lang.Thread.run(Thread.java:1583)
11:01:07.097 [Thread-1] ERROR com.charlessun.javaplcadapter.worker.impl.ConsumerWorkerImpl -- processingStrategy.process(record) 處理失敗: Processing failed
java.lang.RuntimeException: Processing failed
	at com.charlessun.javaplcadapter.worker.impl.ConsumerWorkerImpl.pollLoop(ConsumerWorkerImpl.java:51)
	at java.base/java.lang.Thread.run(Thread.java:1583)
11:01:07.097 [Thread-1] ERROR com.charlessun.javaplcadapter.worker.impl.ConsumerWorkerImpl -- processingStrategy.process(record) 處理失敗: Processing failed
java.lang.RuntimeException: Processing failed
	at com.charlessun.javaplcadapter.worker.impl.ConsumerWorkerImpl.pollLoop(ConsumerWorkerImpl.java:51)
	at java.base/java.lang.Thread.run(Thread.java:1583)
11:01:07.097 [Thread-1] ERROR com.charlessun.javaplcadapter.worker.impl.ConsumerWorkerImpl -- processingStrategy.process(record) 處理失敗: Processing failed
java.lang.RuntimeException: Processing failed
	at com.charlessun.javaplcadapter.worker.impl.ConsumerWorkerImpl.pollLoop(ConsumerWorkerImpl.java:51)
	at java.base/java.lang.Thread.run(Thread.java:1583)
11:01:07.097 [Thread-1] ERROR com.charlessun.javaplcadapter.worker.impl.ConsumerWorkerImpl -- processingStrategy.process(record) 處理失敗: Processing failed
java.lang.RuntimeException: Processing failed
	at com.charlessun.javaplcadapter.worker.impl.ConsumerWorkerImpl.pollLoop(ConsumerWorkerImpl.java:51)
	at java.base/java.lang.Thread.run(Thread.java:1583)
11:01:07.097 [Thread-1] ERROR com.charlessun.javaplcadapter.worker.impl.ConsumerWorkerImpl -- processingStrategy.process(record) 處理失敗: Processing failed
java.lang.RuntimeException: Processing failed
	at com.charlessun.javaplcadapter.worker.impl.ConsumerWorkerImpl.pollLoop(ConsumerWorkerImpl.java:51)
	at java.base/java.lang.Thread.run(Thread.java:1583)
11:01:07.097 [Thread-1] ERROR com.charlessun.javaplcadapter.worker.impl.ConsumerWorkerImpl -- processingStrategy.process(record) 處理失敗: Processing failed
java.lang.RuntimeException: Processing failed
	at com.charlessun.javaplcadapter.worker.impl.ConsumerWorkerImpl.pollLoop(ConsumerWorkerImpl.java:51)
	at java.base/java.lang.Thread.run(Thread.java:1583)
11:01:07.098 [Thread-1] ERROR com.charlessun.javaplcadapter.worker.impl.ConsumerWorkerImpl -- processingStrategy.process(record) 處理失敗: Processing failed
java.lang.RuntimeException: Processing failed
	at com.charlessun.javaplcadapter.worker.impl.ConsumerWorkerImpl.pollLoop(ConsumerWorkerImpl.java:51)
	at java.base/java.lang.Thread.run(Thread.java:1583)
11:01:07.098 [Thread-1] ERROR com.charlessun.javaplcadapter.worker.impl.ConsumerWorkerImpl -- processingStrategy.process(record) 處理失敗: Processing failed
java.lang.RuntimeException: Processing failed
	at com.charlessun.javaplcadapter.worker.impl.ConsumerWorkerImpl.pollLoop(ConsumerWorkerImpl.java:51)
	at java.base/java.lang.Thread.run(Thread.java:1583)
11:01:07.098 [Thread-1] ERROR com.charlessun.javaplcadapter.worker.impl.ConsumerWorkerImpl -- processingStrategy.process(record) 處理失敗: Processing failed
java.lang.RuntimeException: Processing failed
	at com.charlessun.javaplcadapter.worker.impl.ConsumerWorkerImpl.pollLoop(ConsumerWorkerImpl.java:51)
	at java.base/java.lang.Thread.run(Thread.java:1583)
11:01:07.098 [Thread-1] ERROR com.charlessun.javaplcadapter.worker.impl.ConsumerWorkerImpl -- processingStrategy.process(record) 處理失敗: Processing failed
java.lang.RuntimeException: Processing failed
	at com.charlessun.javaplcadapter.worker.impl.ConsumerWorkerImpl.pollLoop(ConsumerWorkerImpl.java:51)
	at java.base/java.lang.Thread.run(Thread.java:1583)
11:01:07.098 [Thread-1] ERROR com.charlessun.javaplcadapter.worker.impl.ConsumerWorkerImpl -- processingStrategy.process(record) 處理失敗: Processing failed
java.lang.RuntimeException: Processing failed
	at com.charlessun.javaplcadapter.worker.impl.ConsumerWorkerImpl.pollLoop(ConsumerWorkerImpl.java:51)
	at java.base/java.lang.Thread.run(Thread.java:1583)
11:01:07.098 [Thread-1] ERROR com.charlessun.javaplcadapter.worker.impl.ConsumerWorkerImpl -- processingStrategy.process(record) 處理失敗: Processing failed
java.lang.RuntimeException: Processing failed
	at com.charlessun.javaplcadapter.worker.impl.ConsumerWorkerImpl.pollLoop(ConsumerWorkerImpl.java:51)
	at java.base/java.lang.Thread.run(Thread.java:1583)
11:01:07.098 [Thread-1] ERROR com.charlessun.javaplcadapter.worker.impl.ConsumerWorkerImpl -- processingStrategy.process(record) 處理失敗: Processing failed
java.lang.RuntimeException: Processing failed
	at com.charlessun.javaplcadapter.worker.impl.ConsumerWorkerImpl.pollLoop(ConsumerWorkerImpl.java:51)
	at java.base/java.lang.Thread.run(Thread.java:1583)
11:01:07.098 [Thread-1] ERROR com.charlessun.javaplcadapter.worker.impl.ConsumerWorkerImpl -- processingStrategy.process(record) 處理失敗: Processing failed
java.lang.RuntimeException: Processing failed
	at com.charlessun.javaplcadapter.worker.impl.ConsumerWorkerImpl.pollLoop(ConsumerWorkerImpl.java:51)
	at java.base/java.lang.Thread.run(Thread.java:1583)
11:01:07.099 [Thread-1] ERROR com.charlessun.javaplcadapter.worker.impl.ConsumerWorkerImpl -- processingStrategy.process(record) 處理失敗: Processing failed
java.lang.RuntimeException: Processing failed
	at com.charlessun.javaplcadapter.worker.impl.ConsumerWorkerImpl.pollLoop(ConsumerWorkerImpl.java:51)
	at java.base/java.lang.Thread.run(Thread.java:1583)
11:01:07.099 [Thread-1] ERROR com.charlessun.javaplcadapter.worker.impl.ConsumerWorkerImpl -- processingStrategy.process(record) 處理失敗: Processing failed
java.lang.RuntimeException: Processing failed
	at com.charlessun.javaplcadapter.worker.impl.ConsumerWorkerImpl.pollLoop(ConsumerWorkerImpl.java:51)
	at java.base/java.lang.Thread.run(Thread.java:1583)
11:01:07.099 [Thread-1] ERROR com.charlessun.javaplcadapter.worker.impl.ConsumerWorkerImpl -- processingStrategy.process(record) 處理失敗: Processing failed
java.lang.RuntimeException: Processing failed
	at com.charlessun.javaplcadapter.worker.impl.ConsumerWorkerImpl.pollLoop(ConsumerWorkerImpl.java:51)
	at java.base/java.lang.Thread.run(Thread.java:1583)
11:01:07.099 [Thread-1] ERROR com.charlessun.javaplcadapter.worker.impl.ConsumerWorkerImpl -- processingStrategy.process(record) 處理失敗: Processing failed
java.lang.RuntimeException: Processing failed
	at com.charlessun.javaplcadapter.worker.impl.ConsumerWorkerImpl.pollLoop(ConsumerWorkerImpl.java:51)
	at java.base/java.lang.Thread.run(Thread.java:1583)
11:01:07.099 [Thread-1] ERROR com.charlessun.javaplcadapter.worker.impl.ConsumerWorkerImpl -- processingStrategy.process(record) 處理失敗: Processing failed
java.lang.RuntimeException: Processing failed
	at com.charlessun.javaplcadapter.worker.impl.ConsumerWorkerImpl.pollLoop(ConsumerWorkerImpl.java:51)
	at java.base/java.lang.Thread.run(Thread.java:1583)
11:01:07.099 [Thread-1] ERROR com.charlessun.javaplcadapter.worker.impl.ConsumerWorkerImpl -- processingStrategy.process(record) 處理失敗: Processing failed
java.lang.RuntimeException: Processing failed
	at com.charlessun.javaplcadapter.worker.impl.ConsumerWorkerImpl.pollLoop(ConsumerWorkerImpl.java:51)
	at java.base/java.lang.Thread.run(Thread.java:1583)
11:01:07.099 [Thread-1] ERROR com.charlessun.javaplcadapter.worker.impl.ConsumerWorkerImpl -- processingStrategy.process(record) 處理失敗: Processing failed
java.lang.RuntimeException: Processing failed
	at com.charlessun.javaplcadapter.worker.impl.ConsumerWorkerImpl.pollLoop(ConsumerWorkerImpl.java:51)
	at java.base/java.lang.Thread.run(Thread.java:1583)
11:01:07.099 [Thread-1] ERROR com.charlessun.javaplcadapter.worker.impl.ConsumerWorkerImpl -- processingStrategy.process(record) 處理失敗: Processing failed
java.lang.RuntimeException: Processing failed
	at com.charlessun.javaplcadapter.worker.impl.ConsumerWorkerImpl.pollLoop(ConsumerWorkerImpl.java:51)
	at java.base/java.lang.Thread.run(Thread.java:1583)
11:01:07.100 [Thread-1] ERROR com.charlessun.javaplcadapter.worker.impl.ConsumerWorkerImpl -- processingStrategy.process(record) 處理失敗: Processing failed
java.lang.RuntimeException: Processing failed
	at com.charlessun.javaplcadapter.worker.impl.ConsumerWorkerImpl.pollLoop(ConsumerWorkerImpl.java:51)
	at java.base/java.lang.Thread.run(Thread.java:1583)
11:01:07.100 [Thread-1] ERROR com.charlessun.javaplcadapter.worker.impl.ConsumerWorkerImpl -- processingStrategy.process(record) 處理失敗: Processing failed
java.lang.RuntimeException: Processing failed
	at com.charlessun.javaplcadapter.worker.impl.ConsumerWorkerImpl.pollLoop(ConsumerWorkerImpl.java:51)
	at java.base/java.lang.Thread.run(Thread.java:1583)
11:01:07.100 [Thread-1] ERROR com.charlessun.javaplcadapter.worker.impl.ConsumerWorkerImpl -- processingStrategy.process(record) 處理失敗: Processing failed
java.lang.RuntimeException: Processing failed
	at com.charlessun.javaplcadapter.worker.impl.ConsumerWorkerImpl.pollLoop(ConsumerWorkerImpl.java:51)
	at java.base/java.lang.Thread.run(Thread.java:1583)
11:01:07.100 [Thread-1] ERROR com.charlessun.javaplcadapter.worker.impl.ConsumerWorkerImpl -- processingStrategy.process(record) 處理失敗: Processing failed
java.lang.RuntimeException: Processing failed
	at com.charlessun.javaplcadapter.worker.impl.ConsumerWorkerImpl.pollLoop(ConsumerWorkerImpl.java:51)
	at java.base/java.lang.Thread.run(Thread.java:1583)
11:01:07.100 [Thread-1] ERROR com.charlessun.javaplcadapter.worker.impl.ConsumerWorkerImpl -- processingStrategy.process(record) 處理失敗: Processing failed
java.lang.RuntimeException: Processing failed
	at com.charlessun.javaplcadapter.worker.impl.ConsumerWorkerImpl.pollLoop(ConsumerWorkerImpl.java:51)
	at java.base/java.lang.Thread.run(Thread.java:1583)
11:01:07.100 [Thread-1] ERROR com.charlessun.javaplcadapter.worker.impl.ConsumerWorkerImpl -- processingStrategy.process(record) 處理失敗: Processing failed
java.lang.RuntimeException: Processing failed
	at com.charlessun.javaplcadapter.worker.impl.ConsumerWorkerImpl.pollLoop(ConsumerWorkerImpl.java:51)
	at java.base/java.lang.Thread.run(Thread.java:1583)
11:01:07.101 [Thread-1] ERROR com.charlessun.javaplcadapter.worker.impl.ConsumerWorkerImpl -- processingStrategy.process(record) 處理失敗: Processing failed
java.lang.RuntimeException: Processing failed
	at com.charlessun.javaplcadapter.worker.impl.ConsumerWorkerImpl.pollLoop(ConsumerWorkerImpl.java:51)
	at java.base/java.lang.Thread.run(Thread.java:1583)
11:01:07.101 [Thread-1] ERROR com.charlessun.javaplcadapter.worker.impl.ConsumerWorkerImpl -- processingStrategy.process(record) 處理失敗: Processing failed
java.lang.RuntimeException: Processing failed
	at com.charlessun.javaplcadapter.worker.impl.ConsumerWorkerImpl.pollLoop(ConsumerWorkerImpl.java:51)
	at java.base/java.lang.Thread.run(Thread.java:1583)
11:01:07.102 [Thread-1] ERROR com.charlessun.javaplcadapter.worker.impl.ConsumerWorkerImpl -- processingStrategy.process(record) 處理失敗: Processing failed
java.lang.RuntimeException: Processing failed
	at com.charlessun.javaplcadapter.worker.impl.ConsumerWorkerImpl.pollLoop(ConsumerWorkerImpl.java:51)
	at java.base/java.lang.Thread.run(Thread.java:1583)
11:01:07.102 [Thread-1] ERROR com.charlessun.javaplcadapter.worker.impl.ConsumerWorkerImpl -- processingStrategy.process(record) 處理失敗: Processing failed
java.lang.RuntimeException: Processing failed
	at com.charlessun.javaplcadapter.worker.impl.ConsumerWorkerImpl.pollLoop(ConsumerWorkerImpl.java:51)
	at java.base/java.lang.Thread.run(Thread.java:1583)
11:01:07.102 [Thread-1] ERROR com.charlessun.javaplcadapter.worker.impl.ConsumerWorkerImpl -- processingStrategy.process(record) 處理失敗: Processing failed
java.lang.RuntimeException: Processing failed
	at com.charlessun.javaplcadapter.worker.impl.ConsumerWorkerImpl.pollLoop(ConsumerWorkerImpl.java:51)
	at java.base/java.lang.Thread.run(Thread.java:1583)
11:01:07.102 [Thread-1] ERROR com.charlessun.javaplcadapter.worker.impl.ConsumerWorkerImpl -- processingStrategy.process(record) 處理失敗: Processing failed
java.lang.RuntimeException: Processing failed
	at com.charlessun.javaplcadapter.worker.impl.ConsumerWorkerImpl.pollLoop(ConsumerWorkerImpl.java:51)
	at java.base/java.lang.Thread.run(Thread.java:1583)
11:01:07.103 [Thread-1] ERROR com.charlessun.javaplcadapter.worker.impl.ConsumerWorkerImpl -- processingStrategy.process(record) 處理失敗: Processing failed
java.lang.RuntimeException: Processing failed
	at com.charlessun.javaplcadapter.worker.impl.ConsumerWorkerImpl.pollLoop(ConsumerWorkerImpl.java:51)
	at java.base/java.lang.Thread.run(Thread.java:1583)
11:01:07.103 [Thread-1] ERROR com.charlessun.javaplcadapter.worker.impl.ConsumerWorkerImpl -- processingStrategy.process(record) 處理失敗: Processing failed
java.lang.RuntimeException: Processing failed
	at com.charlessun.javaplcadapter.worker.impl.ConsumerWorkerImpl.pollLoop(ConsumerWorkerImpl.java:51)
	at java.base/java.lang.Thread.run(Thread.java:1583)
11:01:07.103 [Thread-1] ERROR com.charlessun.javaplcadapter.worker.impl.ConsumerWorkerImpl -- processingStrategy.process(record) 處理失敗: Processing failed
java.lang.RuntimeException: Processing failed
	at com.charlessun.javaplcadapter.worker.impl.ConsumerWorkerImpl.pollLoop(ConsumerWorkerImpl.java:51)
	at java.base/java.lang.Thread.run(Thread.java:1583)
11:01:07.103 [Thread-1] ERROR com.charlessun.javaplcadapter.worker.impl.ConsumerWorkerImpl -- processingStrategy.process(record) 處理失敗: Processing failed
java.lang.RuntimeException: Processing failed
	at com.charlessun.javaplcadapter.worker.impl.ConsumerWorkerImpl.pollLoop(ConsumerWorkerImpl.java:51)
	at java.base/java.lang.Thread.run(Thread.java:1583)
11:01:07.103 [Thread-1] ERROR com.charlessun.javaplcadapter.worker.impl.ConsumerWorkerImpl -- processingStrategy.process(record) 處理失敗: Processing failed
java.lang.RuntimeException: Processing failed
	at com.charlessun.javaplcadapter.worker.impl.ConsumerWorkerImpl.pollLoop(ConsumerWorkerImpl.java:51)
	at java.base/java.lang.Thread.run(Thread.java:1583)
11:01:07.103 [Thread-1] ERROR com.charlessun.javaplcadapter.worker.impl.ConsumerWorkerImpl -- processingStrategy.process(record) 處理失敗: Processing failed
java.lang.RuntimeException: Processing failed
	at com.charlessun.javaplcadapter.worker.impl.ConsumerWorkerImpl.pollLoop(ConsumerWorkerImpl.java:51)
	at java.base/java.lang.Thread.run(Thread.java:1583)
11:01:07.103 [Thread-1] ERROR com.charlessun.javaplcadapter.worker.impl.ConsumerWorkerImpl -- processingStrategy.process(record) 處理失敗: Processing failed
java.lang.RuntimeException: Processing failed
	at com.charlessun.javaplcadapter.worker.impl.ConsumerWorkerImpl.pollLoop(ConsumerWorkerImpl.java:51)
	at java.base/java.lang.Thread.run(Thread.java:1583)
11:01:07.103 [Thread-1] ERROR com.charlessun.javaplcadapter.worker.impl.ConsumerWorkerImpl -- processingStrategy.process(record) 處理失敗: Processing failed
java.lang.RuntimeException: Processing failed
	at com.charlessun.javaplcadapter.worker.impl.ConsumerWorkerImpl.pollLoop(ConsumerWorkerImpl.java:51)
	at java.base/java.lang.Thread.run(Thread.java:1583)
11:01:07.104 [Thread-1] ERROR com.charlessun.javaplcadapter.worker.impl.ConsumerWorkerImpl -- processingStrategy.process(record) 處理失敗: Processing failed
java.lang.RuntimeException: Processing failed
	at com.charlessun.javaplcadapter.worker.impl.ConsumerWorkerImpl.pollLoop(ConsumerWorkerImpl.java:51)
	at java.base/java.lang.Thread.run(Thread.java:1583)
11:01:07.104 [Thread-1] ERROR com.charlessun.javaplcadapter.worker.impl.ConsumerWorkerImpl -- processingStrategy.process(record) 處理失敗: Processing failed
java.lang.RuntimeException: Processing failed
	at com.charlessun.javaplcadapter.worker.impl.ConsumerWorkerImpl.pollLoop(ConsumerWorkerImpl.java:51)
	at java.base/java.lang.Thread.run(Thread.java:1583)
11:01:07.104 [Thread-1] ERROR com.charlessun.javaplcadapter.worker.impl.ConsumerWorkerImpl -- processingStrategy.process(record) 處理失敗: Processing failed
java.lang.RuntimeException: Processing failed
	at com.charlessun.javaplcadapter.worker.impl.ConsumerWorkerImpl.pollLoop(ConsumerWorkerImpl.java:51)
	at java.base/java.lang.Thread.run(Thread.java:1583)
11:01:07.104 [Thread-1] ERROR com.charlessun.javaplcadapter.worker.impl.ConsumerWorkerImpl -- processingStrategy.process(record) 處理失敗: Processing failed
java.lang.RuntimeException: Processing failed
	at com.charlessun.javaplcadapter.worker.impl.ConsumerWorkerImpl.pollLoop(ConsumerWorkerImpl.java:51)
	at java.base/java.lang.Thread.run(Thread.java:1583)
11:01:07.105 [Thread-1] ERROR com.charlessun.javaplcadapter.worker.impl.ConsumerWorkerImpl -- processingStrategy.process(record) 處理失敗: Processing failed
java.lang.RuntimeException: Processing failed
	at com.charlessun.javaplcadapter.worker.impl.ConsumerWorkerImpl.pollLoop(ConsumerWorkerImpl.java:51)
	at java.base/java.lang.Thread.run(Thread.java:1583)
11:01:07.105 [Thread-1] ERROR com.charlessun.javaplcadapter.worker.impl.ConsumerWorkerImpl -- processingStrategy.process(record) 處理失敗: Processing failed
java.lang.RuntimeException: Processing failed
	at com.charlessun.javaplcadapter.worker.impl.ConsumerWorkerImpl.pollLoop(ConsumerWorkerImpl.java:51)
	at java.base/java.lang.Thread.run(Thread.java:1583)
11:01:07.105 [Thread-1] ERROR com.charlessun.javaplcadapter.worker.impl.ConsumerWorkerImpl -- processingStrategy.process(record) 處理失敗: Processing failed
java.lang.RuntimeException: Processing failed
	at com.charlessun.javaplcadapter.worker.impl.ConsumerWorkerImpl.pollLoop(ConsumerWorkerImpl.java:51)
	at java.base/java.lang.Thread.run(Thread.java:1583)
11:01:07.105 [Thread-1] ERROR com.charlessun.javaplcadapter.worker.impl.ConsumerWorkerImpl -- processingStrategy.process(record) 處理失敗: Processing failed
java.lang.RuntimeException: Processing failed
	at com.charlessun.javaplcadapter.worker.impl.ConsumerWorkerImpl.pollLoop(ConsumerWorkerImpl.java:51)
	at java.base/java.lang.Thread.run(Thread.java:1583)
11:01:07.105 [Thread-1] ERROR com.charlessun.javaplcadapter.worker.impl.ConsumerWorkerImpl -- processingStrategy.process(record) 處理失敗: Processing failed
java.lang.RuntimeException: Processing failed
	at com.charlessun.javaplcadapter.worker.impl.ConsumerWorkerImpl.pollLoop(ConsumerWorkerImpl.java:51)
	at java.base/java.lang.Thread.run(Thread.java:1583)
11:01:07.109 [Thread-1] ERROR com.charlessun.javaplcadapter.worker.impl.ConsumerWorkerImpl -- processingStrategy.process(record) 處理失敗: Processing failed
java.lang.RuntimeException: Processing failed
	at com.charlessun.javaplcadapter.worker.impl.ConsumerWorkerImpl.pollLoop(ConsumerWorkerImpl.java:51)
	at java.base/java.lang.Thread.run(Thread.java:1583)
11:01:07.110 [Thread-1] ERROR com.charlessun.javaplcadapter.worker.impl.ConsumerWorkerImpl -- processingStrategy.process(record) 處理失敗: Processing failed
java.lang.RuntimeException: Processing failed
	at com.charlessun.javaplcadapter.worker.impl.ConsumerWorkerImpl.pollLoop(ConsumerWorkerImpl.java:51)
	at java.base/java.lang.Thread.run(Thread.java:1583)
11:01:07.111 [Thread-1] ERROR com.charlessun.javaplcadapter.worker.impl.ConsumerWorkerImpl -- processingStrategy.process(record) 處理失敗: Processing failed
java.lang.RuntimeException: Processing failed
	at com.charlessun.javaplcadapter.worker.impl.ConsumerWorkerImpl.pollLoop(ConsumerWorkerImpl.java:51)
	at java.base/java.lang.Thread.run(Thread.java:1583)
11:01:07.111 [Thread-1] ERROR com.charlessun.javaplcadapter.worker.impl.ConsumerWorkerImpl -- processingStrategy.process(record) 處理失敗: Processing failed
java.lang.RuntimeException: Processing failed
	at com.charlessun.javaplcadapter.worker.impl.ConsumerWorkerImpl.pollLoop(ConsumerWorkerImpl.java:51)
	at java.base/java.lang.Thread.run(Thread.java:1583)
11:01:07.111 [Thread-1] ERROR com.charlessun.javaplcadapter.worker.impl.ConsumerWorkerImpl -- processingStrategy.process(record) 處理失敗: Processing failed
java.lang.RuntimeException: Processing failed
	at com.charlessun.javaplcadapter.worker.impl.ConsumerWorkerImpl.pollLoop(ConsumerWorkerImpl.java:51)
	at java.base/java.lang.Thread.run(Thread.java:1583)
11:01:07.111 [Thread-1] ERROR com.charlessun.javaplcadapter.worker.impl.ConsumerWorkerImpl -- processingStrategy.process(record) 處理失敗: Processing failed
java.lang.RuntimeException: Processing failed
	at com.charlessun.javaplcadapter.worker.impl.ConsumerWorkerImpl.pollLoop(ConsumerWorkerImpl.java:51)
	at java.base/java.lang.Thread.run(Thread.java:1583)
11:01:07.111 [Thread-1] ERROR com.charlessun.javaplcadapter.worker.impl.ConsumerWorkerImpl -- processingStrategy.process(record) 處理失敗: Processing failed
java.lang.RuntimeException: Processing failed
	at com.charlessun.javaplcadapter.worker.impl.ConsumerWorkerImpl.pollLoop(ConsumerWorkerImpl.java:51)
	at java.base/java.lang.Thread.run(Thread.java:1583)
11:01:07.112 [Thread-1] ERROR com.charlessun.javaplcadapter.worker.impl.ConsumerWorkerImpl -- processingStrategy.process(record) 處理失敗: Processing failed
java.lang.RuntimeException: Processing failed
	at com.charlessun.javaplcadapter.worker.impl.ConsumerWorkerImpl.pollLoop(ConsumerWorkerImpl.java:51)
	at java.base/java.lang.Thread.run(Thread.java:1583)
11:01:07.112 [Thread-1] ERROR com.charlessun.javaplcadapter.worker.impl.ConsumerWorkerImpl -- processingStrategy.process(record) 處理失敗: Processing failed
java.lang.RuntimeException: Processing failed
	at com.charlessun.javaplcadapter.worker.impl.ConsumerWorkerImpl.pollLoop(ConsumerWorkerImpl.java:51)
	at java.base/java.lang.Thread.run(Thread.java:1583)
11:01:07.112 [Thread-1] ERROR com.charlessun.javaplcadapter.worker.impl.ConsumerWorkerImpl -- processingStrategy.process(record) 處理失敗: Processing failed
java.lang.RuntimeException: Processing failed
	at com.charlessun.javaplcadapter.worker.impl.ConsumerWorkerImpl.pollLoop(ConsumerWorkerImpl.java:51)
	at java.base/java.lang.Thread.run(Thread.java:1583)
11:01:07.112 [Thread-1] ERROR com.charlessun.javaplcadapter.worker.impl.ConsumerWorkerImpl -- processingStrategy.process(record) 處理失敗: Processing failed
java.lang.RuntimeException: Processing failed
	at com.charlessun.javaplcadapter.worker.impl.ConsumerWorkerImpl.pollLoop(ConsumerWorkerImpl.java:51)
	at java.base/java.lang.Thread.run(Thread.java:1583)
11:01:07.112 [Thread-1] ERROR com.charlessun.javaplcadapter.worker.impl.ConsumerWorkerImpl -- processingStrategy.process(record) 處理失敗: Processing failed
java.lang.RuntimeException: Processing failed
	at com.charlessun.javaplcadapter.worker.impl.ConsumerWorkerImpl.pollLoop(ConsumerWorkerImpl.java:51)
	at java.base/java.lang.Thread.run(Thread.java:1583)
11:01:07.112 [Thread-1] ERROR com.charlessun.javaplcadapter.worker.impl.ConsumerWorkerImpl -- processingStrategy.process(record) 處理失敗: Processing failed
java.lang.RuntimeException: Processing failed
	at com.charlessun.javaplcadapter.worker.impl.ConsumerWorkerImpl.pollLoop(ConsumerWorkerImpl.java:51)
	at java.base/java.lang.Thread.run(Thread.java:1583)
11:01:07.113 [Thread-1] ERROR com.charlessun.javaplcadapter.worker.impl.ConsumerWorkerImpl -- processingStrategy.process(record) 處理失敗: Processing failed
java.lang.RuntimeException: Processing failed
	at com.charlessun.javaplcadapter.worker.impl.ConsumerWorkerImpl.pollLoop(ConsumerWorkerImpl.java:51)
	at java.base/java.lang.Thread.run(Thread.java:1583)
11:01:07.113 [Thread-1] ERROR com.charlessun.javaplcadapter.worker.impl.ConsumerWorkerImpl -- processingStrategy.process(record) 處理失敗: Processing failed
java.lang.RuntimeException: Processing failed
	at com.charlessun.javaplcadapter.worker.impl.ConsumerWorkerImpl.pollLoop(ConsumerWorkerImpl.java:51)
	at java.base/java.lang.Thread.run(Thread.java:1583)
11:01:07.113 [Thread-1] ERROR com.charlessun.javaplcadapter.worker.impl.ConsumerWorkerImpl -- processingStrategy.process(record) 處理失敗: Processing failed
java.lang.RuntimeException: Processing failed
	at com.charlessun.javaplcadapter.worker.impl.ConsumerWorkerImpl.pollLoop(ConsumerWorkerImpl.java:51)
	at java.base/java.lang.Thread.run(Thread.java:1583)
11:01:07.113 [Thread-1] ERROR com.charlessun.javaplcadapter.worker.impl.ConsumerWorkerImpl -- processingStrategy.process(record) 處理失敗: Processing failed
java.lang.RuntimeException: Processing failed
	at com.charlessun.javaplcadapter.worker.impl.ConsumerWorkerImpl.pollLoop(ConsumerWorkerImpl.java:51)
	at java.base/java.lang.Thread.run(Thread.java:1583)
11:01:07.113 [Thread-1] ERROR com.charlessun.javaplcadapter.worker.impl.ConsumerWorkerImpl -- processingStrategy.process(record) 處理失敗: Processing failed
java.lang.RuntimeException: Processing failed
	at com.charlessun.javaplcadapter.worker.impl.ConsumerWorkerImpl.pollLoop(ConsumerWorkerImpl.java:51)
	at java.base/java.lang.Thread.run(Thread.java:1583)
11:01:07.113 [Thread-1] ERROR com.charlessun.javaplcadapter.worker.impl.ConsumerWorkerImpl -- processingStrategy.process(record) 處理失敗: Processing failed
java.lang.RuntimeException: Processing failed
	at com.charlessun.javaplcadapter.worker.impl.ConsumerWorkerImpl.pollLoop(ConsumerWorkerImpl.java:51)
	at java.base/java.lang.Thread.run(Thread.java:1583)
11:01:07.113 [Thread-1] ERROR com.charlessun.javaplcadapter.worker.impl.ConsumerWorkerImpl -- processingStrategy.process(record) 處理失敗: Processing failed
java.lang.RuntimeException: Processing failed
	at com.charlessun.javaplcadapter.worker.impl.ConsumerWorkerImpl.pollLoop(ConsumerWorkerImpl.java:51)
	at java.base/java.lang.Thread.run(Thread.java:1583)
11:01:07.114 [Thread-1] ERROR com.charlessun.javaplcadapter.worker.impl.ConsumerWorkerImpl -- processingStrategy.process(record) 處理失敗: Processing failed
java.lang.RuntimeException: Processing failed
	at com.charlessun.javaplcadapter.worker.impl.ConsumerWorkerImpl.pollLoop(ConsumerWorkerImpl.java:51)
	at java.base/java.lang.Thread.run(Thread.java:1583)
11:01:07.114 [Thread-1] ERROR com.charlessun.javaplcadapter.worker.impl.ConsumerWorkerImpl -- processingStrategy.process(record) 處理失敗: Processing failed
java.lang.RuntimeException: Processing failed
	at com.charlessun.javaplcadapter.worker.impl.ConsumerWorkerImpl.pollLoop(ConsumerWorkerImpl.java:51)
	at java.base/java.lang.Thread.run(Thread.java:1583)
11:01:07.114 [Thread-1] ERROR com.charlessun.javaplcadapter.worker.impl.ConsumerWorkerImpl -- processingStrategy.process(record) 處理失敗: Processing failed
java.lang.RuntimeException: Processing failed
	at com.charlessun.javaplcadapter.worker.impl.ConsumerWorkerImpl.pollLoop(ConsumerWorkerImpl.java:51)
	at java.base/java.lang.Thread.run(Thread.java:1583)
11:01:07.114 [Thread-1] ERROR com.charlessun.javaplcadapter.worker.impl.ConsumerWorkerImpl -- processingStrategy.process(record) 處理失敗: Processing failed
java.lang.RuntimeException: Processing failed
	at com.charlessun.javaplcadapter.worker.impl.ConsumerWorkerImpl.pollLoop(ConsumerWorkerImpl.java:51)
	at java.base/java.lang.Thread.run(Thread.java:1583)
11:01:07.114 [Thread-1] ERROR com.charlessun.javaplcadapter.worker.impl.ConsumerWorkerImpl -- processingStrategy.process(record) 處理失敗: Processing failed
java.lang.RuntimeException: Processing failed
	at com.charlessun.javaplcadapter.worker.impl.ConsumerWorkerImpl.pollLoop(ConsumerWorkerImpl.java:51)
	at java.base/java.lang.Thread.run(Thread.java:1583)
11:01:07.114 [Thread-1] ERROR com.charlessun.javaplcadapter.worker.impl.ConsumerWorkerImpl -- processingStrategy.process(record) 處理失敗: Processing failed
java.lang.RuntimeException: Processing failed
	at com.charlessun.javaplcadapter.worker.impl.ConsumerWorkerImpl.pollLoop(ConsumerWorkerImpl.java:51)
	at java.base/java.lang.Thread.run(Thread.java:1583)
11:01:07.114 [Thread-1] ERROR com.charlessun.javaplcadapter.worker.impl.ConsumerWorkerImpl -- processingStrategy.process(record) 處理失敗: Processing failed
java.lang.RuntimeException: Processing failed
	at com.charlessun.javaplcadapter.worker.impl.ConsumerWorkerImpl.pollLoop(ConsumerWorkerImpl.java:51)
	at java.base/java.lang.Thread.run(Thread.java:1583)
11:01:07.114 [Thread-1] ERROR com.charlessun.javaplcadapter.worker.impl.ConsumerWorkerImpl -- processingStrategy.process(record) 處理失敗: Processing failed
java.lang.RuntimeException: Processing failed
	at com.charlessun.javaplcadapter.worker.impl.ConsumerWorkerImpl.pollLoop(ConsumerWorkerImpl.java:51)
	at java.base/java.lang.Thread.run(Thread.java:1583)
11:01:07.114 [Thread-1] ERROR com.charlessun.javaplcadapter.worker.impl.ConsumerWorkerImpl -- processingStrategy.process(record) 處理失敗: Processing failed
java.lang.RuntimeException: Processing failed
	at com.charlessun.javaplcadapter.worker.impl.ConsumerWorkerImpl.pollLoop(ConsumerWorkerImpl.java:51)
	at java.base/java.lang.Thread.run(Thread.java:1583)
11:01:07.114 [Thread-1] ERROR com.charlessun.javaplcadapter.worker.impl.ConsumerWorkerImpl -- processingStrategy.process(record) 處理失敗: Processing failed
java.lang.RuntimeException: Processing failed
	at com.charlessun.javaplcadapter.worker.impl.ConsumerWorkerImpl.pollLoop(ConsumerWorkerImpl.java:51)
	at java.base/java.lang.Thread.run(Thread.java:1583)
11:01:07.115 [Thread-1] ERROR com.charlessun.javaplcadapter.worker.impl.ConsumerWorkerImpl -- processingStrategy.process(record) 處理失敗: Processing failed
java.lang.RuntimeException: Processing failed
	at com.charlessun.javaplcadapter.worker.impl.ConsumerWorkerImpl.pollLoop(ConsumerWorkerImpl.java:51)
	at java.base/java.lang.Thread.run(Thread.java:1583)
11:01:07.115 [Thread-1] ERROR com.charlessun.javaplcadapter.worker.impl.ConsumerWorkerImpl -- processingStrategy.process(record) 處理失敗: Processing failed
java.lang.RuntimeException: Processing failed
	at com.charlessun.javaplcadapter.worker.impl.ConsumerWorkerImpl.pollLoop(ConsumerWorkerImpl.java:51)
	at java.base/java.lang.Thread.run(Thread.java:1583)
11:01:07.115 [Thread-1] ERROR com.charlessun.javaplcadapter.worker.impl.ConsumerWorkerImpl -- processingStrategy.process(record) 處理失敗: Processing failed
java.lang.RuntimeException: Processing failed
	at com.charlessun.javaplcadapter.worker.impl.ConsumerWorkerImpl.pollLoop(ConsumerWorkerImpl.java:51)
	at java.base/java.lang.Thread.run(Thread.java:1583)
11:01:07.115 [Thread-1] ERROR com.charlessun.javaplcadapter.worker.impl.ConsumerWorkerImpl -- processingStrategy.process(record) 處理失敗: Processing failed
java.lang.RuntimeException: Processing failed
	at com.charlessun.javaplcadapter.worker.impl.ConsumerWorkerImpl.pollLoop(ConsumerWorkerImpl.java:51)
	at java.base/java.lang.Thread.run(Thread.java:1583)
11:01:07.115 [Thread-1] ERROR com.charlessun.javaplcadapter.worker.impl.ConsumerWorkerImpl -- processingStrategy.process(record) 處理失敗: Processing failed
java.lang.RuntimeException: Processing failed
	at com.charlessun.javaplcadapter.worker.impl.ConsumerWorkerImpl.pollLoop(ConsumerWorkerImpl.java:51)
	at java.base/java.lang.Thread.run(Thread.java:1583)
11:01:07.115 [Thread-1] ERROR com.charlessun.javaplcadapter.worker.impl.ConsumerWorkerImpl -- processingStrategy.process(record) 處理失敗: Processing failed
java.lang.RuntimeException: Processing failed
	at com.charlessun.javaplcadapter.worker.impl.ConsumerWorkerImpl.pollLoop(ConsumerWorkerImpl.java:51)
	at java.base/java.lang.Thread.run(Thread.java:1583)
11:01:07.115 [Thread-1] ERROR com.charlessun.javaplcadapter.worker.impl.ConsumerWorkerImpl -- processingStrategy.process(record) 處理失敗: Processing failed
java.lang.RuntimeException: Processing failed
	at com.charlessun.javaplcadapter.worker.impl.ConsumerWorkerImpl.pollLoop(ConsumerWorkerImpl.java:51)
	at java.base/java.lang.Thread.run(Thread.java:1583)
11:01:07.115 [Thread-1] ERROR com.charlessun.javaplcadapter.worker.impl.ConsumerWorkerImpl -- processingStrategy.process(record) 處理失敗: Processing failed
java.lang.RuntimeException: Processing failed
	at com.charlessun.javaplcadapter.worker.impl.ConsumerWorkerImpl.pollLoop(ConsumerWorkerImpl.java:51)
	at java.base/java.lang.Thread.run(Thread.java:1583)
11:01:07.115 [Thread-1] ERROR com.charlessun.javaplcadapter.worker.impl.ConsumerWorkerImpl -- processingStrategy.process(record) 處理失敗: Processing failed
java.lang.RuntimeException: Processing failed
	at com.charlessun.javaplcadapter.worker.impl.ConsumerWorkerImpl.pollLoop(ConsumerWorkerImpl.java:51)
	at java.base/java.lang.Thread.run(Thread.java:1583)
11:01:07.115 [Thread-1] ERROR com.charlessun.javaplcadapter.worker.impl.ConsumerWorkerImpl -- processingStrategy.process(record) 處理失敗: Processing failed
java.lang.RuntimeException: Processing failed
	at com.charlessun.javaplcadapter.worker.impl.ConsumerWorkerImpl.pollLoop(ConsumerWorkerImpl.java:51)
	at java.base/java.lang.Thread.run(Thread.java:1583)
11:01:07.115 [Thread-1] ERROR com.charlessun.javaplcadapter.worker.impl.ConsumerWorkerImpl -- processingStrategy.process(record) 處理失敗: Processing failed
java.lang.RuntimeException: Processing failed
	at com.charlessun.javaplcadapter.worker.impl.ConsumerWorkerImpl.pollLoop(ConsumerWorkerImpl.java:51)
	at java.base/java.lang.Thread.run(Thread.java:1583)
11:01:07.116 [Thread-1] ERROR com.charlessun.javaplcadapter.worker.impl.ConsumerWorkerImpl -- processingStrategy.process(record) 處理失敗: Processing failed
java.lang.RuntimeException: Processing failed
	at com.charlessun.javaplcadapter.worker.impl.ConsumerWorkerImpl.pollLoop(ConsumerWorkerImpl.java:51)
	at java.base/java.lang.Thread.run(Thread.java:1583)
11:01:07.116 [Thread-1] ERROR com.charlessun.javaplcadapter.worker.impl.ConsumerWorkerImpl -- processingStrategy.process(record) 處理失敗: Processing failed
java.lang.RuntimeException: Processing failed
	at com.charlessun.javaplcadapter.worker.impl.ConsumerWorkerImpl.pollLoop(ConsumerWorkerImpl.java:51)
	at java.base/java.lang.Thread.run(Thread.java:1583)
11:01:07.116 [Thread-1] ERROR com.charlessun.javaplcadapter.worker.impl.ConsumerWorkerImpl -- processingStrategy.process(record) 處理失敗: Processing failed
java.lang.RuntimeException: Processing failed
	at com.charlessun.javaplcadapter.worker.impl.ConsumerWorkerImpl.pollLoop(ConsumerWorkerImpl.java:51)
	at java.base/java.lang.Thread.run(Thread.java:1583)
11:01:07.116 [Thread-1] ERROR com.charlessun.javaplcadapter.worker.impl.ConsumerWorkerImpl -- processingStrategy.process(record) 處理失敗: Processing failed
java.lang.RuntimeException: Processing failed
	at com.charlessun.javaplcadapter.worker.impl.ConsumerWorkerImpl.pollLoop(ConsumerWorkerImpl.java:51)
	at java.base/java.lang.Thread.run(Thread.java:1583)
11:01:07.116 [Thread-1] ERROR com.charlessun.javaplcadapter.worker.impl.ConsumerWorkerImpl -- processingStrategy.process(record) 處理失敗: Processing failed
java.lang.RuntimeException: Processing failed
	at com.charlessun.javaplcadapter.worker.impl.ConsumerWorkerImpl.pollLoop(ConsumerWorkerImpl.java:51)
	at java.base/java.lang.Thread.run(Thread.java:1583)
11:01:07.116 [Thread-1] ERROR com.charlessun.javaplcadapter.worker.impl.ConsumerWorkerImpl -- processingStrategy.process(record) 處理失敗: Processing failed
java.lang.RuntimeException: Processing failed
	at com.charlessun.javaplcadapter.worker.impl.ConsumerWorkerImpl.pollLoop(ConsumerWorkerImpl.java:51)
	at java.base/java.lang.Thread.run(Thread.java:1583)
11:01:07.116 [Thread-1] ERROR com.charlessun.javaplcadapter.worker.impl.ConsumerWorkerImpl -- processingStrategy.process(record) 處理失敗: Processing failed
java.lang.RuntimeException: Processing failed
	at com.charlessun.javaplcadapter.worker.impl.ConsumerWorkerImpl.pollLoop(ConsumerWorkerImpl.java:51)
	at java.base/java.lang.Thread.run(Thread.java:1583)
11:01:07.116 [Thread-1] ERROR com.charlessun.javaplcadapter.worker.impl.ConsumerWorkerImpl -- processingStrategy.process(record) 處理失敗: Processing failed
java.lang.RuntimeException: Processing failed
	at com.charlessun.javaplcadapter.worker.impl.ConsumerWorkerImpl.pollLoop(ConsumerWorkerImpl.java:51)
	at java.base/java.lang.Thread.run(Thread.java:1583)
11:01:07.116 [Thread-1] ERROR com.charlessun.javaplcadapter.worker.impl.ConsumerWorkerImpl -- processingStrategy.process(record) 處理失敗: Processing failed
java.lang.RuntimeException: Processing failed
	at com.charlessun.javaplcadapter.worker.impl.ConsumerWorkerImpl.pollLoop(ConsumerWorkerImpl.java:51)
	at java.base/java.lang.Thread.run(Thread.java:1583)
11:01:07.116 [Thread-1] ERROR com.charlessun.javaplcadapter.worker.impl.ConsumerWorkerImpl -- processingStrategy.process(record) 處理失敗: Processing failed
java.lang.RuntimeException: Processing failed
	at com.charlessun.javaplcadapter.worker.impl.ConsumerWorkerImpl.pollLoop(ConsumerWorkerImpl.java:51)
	at java.base/java.lang.Thread.run(Thread.java:1583)
11:01:07.116 [Thread-1] ERROR com.charlessun.javaplcadapter.worker.impl.ConsumerWorkerImpl -- processingStrategy.process(record) 處理失敗: Processing failed
java.lang.RuntimeException: Processing failed
	at com.charlessun.javaplcadapter.worker.impl.ConsumerWorkerImpl.pollLoop(ConsumerWorkerImpl.java:51)
	at java.base/java.lang.Thread.run(Thread.java:1583)
11:01:07.116 [Thread-1] ERROR com.charlessun.javaplcadapter.worker.impl.ConsumerWorkerImpl -- processingStrategy.process(record) 處理失敗: Processing failed
java.lang.RuntimeException: Processing failed
	at com.charlessun.javaplcadapter.worker.impl.ConsumerWorkerImpl.pollLoop(ConsumerWorkerImpl.java:51)
	at java.base/java.lang.Thread.run(Thread.java:1583)
11:01:07.117 [Thread-1] ERROR com.charlessun.javaplcadapter.worker.impl.ConsumerWorkerImpl -- processingStrategy.process(record) 處理失敗: Processing failed
java.lang.RuntimeException: Processing failed
	at com.charlessun.javaplcadapter.worker.impl.ConsumerWorkerImpl.pollLoop(ConsumerWorkerImpl.java:51)
	at java.base/java.lang.Thread.run(Thread.java:1583)
11:01:07.117 [Thread-1] ERROR com.charlessun.javaplcadapter.worker.impl.ConsumerWorkerImpl -- processingStrategy.process(record) 處理失敗: Processing failed
java.lang.RuntimeException: Processing failed
	at com.charlessun.javaplcadapter.worker.impl.ConsumerWorkerImpl.pollLoop(ConsumerWorkerImpl.java:51)
	at java.base/java.lang.Thread.run(Thread.java:1583)
11:01:07.117 [Thread-1] ERROR com.charlessun.javaplcadapter.worker.impl.ConsumerWorkerImpl -- processingStrategy.process(record) 處理失敗: Processing failed
java.lang.RuntimeException: Processing failed
	at com.charlessun.javaplcadapter.worker.impl.ConsumerWorkerImpl.pollLoop(ConsumerWorkerImpl.java:51)
	at java.base/java.lang.Thread.run(Thread.java:1583)
11:01:07.117 [Thread-1] ERROR com.charlessun.javaplcadapter.worker.impl.ConsumerWorkerImpl -- processingStrategy.process(record) 處理失敗: Processing failed
java.lang.RuntimeException: Processing failed
	at com.charlessun.javaplcadapter.worker.impl.ConsumerWorkerImpl.pollLoop(ConsumerWorkerImpl.java:51)
	at java.base/java.lang.Thread.run(Thread.java:1583)
11:01:07.117 [Thread-1] ERROR com.charlessun.javaplcadapter.worker.impl.ConsumerWorkerImpl -- processingStrategy.process(record) 處理失敗: Processing failed
java.lang.RuntimeException: Processing failed
	at com.charlessun.javaplcadapter.worker.impl.ConsumerWorkerImpl.pollLoop(ConsumerWorkerImpl.java:51)
	at java.base/java.lang.Thread.run(Thread.java:1583)
11:01:07.117 [Thread-1] ERROR com.charlessun.javaplcadapter.worker.impl.ConsumerWorkerImpl -- processingStrategy.process(record) 處理失敗: Processing failed
java.lang.RuntimeException: Processing failed
	at com.charlessun.javaplcadapter.worker.impl.ConsumerWorkerImpl.pollLoop(ConsumerWorkerImpl.java:51)
	at java.base/java.lang.Thread.run(Thread.java:1583)
11:01:07.117 [Thread-1] ERROR com.charlessun.javaplcadapter.worker.impl.ConsumerWorkerImpl -- processingStrategy.process(record) 處理失敗: Processing failed
java.lang.RuntimeException: Processing failed
	at com.charlessun.javaplcadapter.worker.impl.ConsumerWorkerImpl.pollLoop(ConsumerWorkerImpl.java:51)
	at java.base/java.lang.Thread.run(Thread.java:1583)
11:01:07.117 [Thread-1] ERROR com.charlessun.javaplcadapter.worker.impl.ConsumerWorkerImpl -- processingStrategy.process(record) 處理失敗: Processing failed
java.lang.RuntimeException: Processing failed
	at com.charlessun.javaplcadapter.worker.impl.ConsumerWorkerImpl.pollLoop(ConsumerWorkerImpl.java:51)
	at java.base/java.lang.Thread.run(Thread.java:1583)
11:01:07.117 [Thread-1] ERROR com.charlessun.javaplcadapter.worker.impl.ConsumerWorkerImpl -- processingStrategy.process(record) 處理失敗: Processing failed
java.lang.RuntimeException: Processing failed
	at com.charlessun.javaplcadapter.worker.impl.ConsumerWorkerImpl.pollLoop(ConsumerWorkerImpl.java:51)
	at java.base/java.lang.Thread.run(Thread.java:1583)
11:01:07.117 [Thread-1] ERROR com.charlessun.javaplcadapter.worker.impl.ConsumerWorkerImpl -- processingStrategy.process(record) 處理失敗: Processing failed
java.lang.RuntimeException: Processing failed
	at com.charlessun.javaplcadapter.worker.impl.ConsumerWorkerImpl.pollLoop(ConsumerWorkerImpl.java:51)
	at java.base/java.lang.Thread.run(Thread.java:1583)
11:01:07.117 [Thread-1] ERROR com.charlessun.javaplcadapter.worker.impl.ConsumerWorkerImpl -- processingStrategy.process(record) 處理失敗: Processing failed
java.lang.RuntimeException: Processing failed
	at com.charlessun.javaplcadapter.worker.impl.ConsumerWorkerImpl.pollLoop(ConsumerWorkerImpl.java:51)
	at java.base/java.lang.Thread.run(Thread.java:1583)
11:01:07.117 [Thread-1] ERROR com.charlessun.javaplcadapter.worker.impl.ConsumerWorkerImpl -- processingStrategy.process(record) 處理失敗: Processing failed
java.lang.RuntimeException: Processing failed
	at com.charlessun.javaplcadapter.worker.impl.ConsumerWorkerImpl.pollLoop(ConsumerWorkerImpl.java:51)
	at java.base/java.lang.Thread.run(Thread.java:1583)
11:01:07.118 [Thread-1] ERROR com.charlessun.javaplcadapter.worker.impl.ConsumerWorkerImpl -- processingStrategy.process(record) 處理失敗: Processing failed
java.lang.RuntimeException: Processing failed
	at com.charlessun.javaplcadapter.worker.impl.ConsumerWorkerImpl.pollLoop(ConsumerWorkerImpl.java:51)
	at java.base/java.lang.Thread.run(Thread.java:1583)
11:01:07.118 [Thread-1] ERROR com.charlessun.javaplcadapter.worker.impl.ConsumerWorkerImpl -- processingStrategy.process(record) 處理失敗: Processing failed
java.lang.RuntimeException: Processing failed
	at com.charlessun.javaplcadapter.worker.impl.ConsumerWorkerImpl.pollLoop(ConsumerWorkerImpl.java:51)
	at java.base/java.lang.Thread.run(Thread.java:1583)
11:01:07.118 [Thread-1] ERROR com.charlessun.javaplcadapter.worker.impl.ConsumerWorkerImpl -- processingStrategy.process(record) 處理失敗: Processing failed
java.lang.RuntimeException: Processing failed
	at com.charlessun.javaplcadapter.worker.impl.ConsumerWorkerImpl.pollLoop(ConsumerWorkerImpl.java:51)
	at java.base/java.lang.Thread.run(Thread.java:1583)
11:01:07.118 [Thread-1] ERROR com.charlessun.javaplcadapter.worker.impl.ConsumerWorkerImpl -- processingStrategy.process(record) 處理失敗: Processing failed
java.lang.RuntimeException: Processing failed
	at com.charlessun.javaplcadapter.worker.impl.ConsumerWorkerImpl.pollLoop(ConsumerWorkerImpl.java:51)
	at java.base/java.lang.Thread.run(Thread.java:1583)
11:01:07.118 [Thread-1] ERROR com.charlessun.javaplcadapter.worker.impl.ConsumerWorkerImpl -- processingStrategy.process(record) 處理失敗: Processing failed
java.lang.RuntimeException: Processing failed
	at com.charlessun.javaplcadapter.worker.impl.ConsumerWorkerImpl.pollLoop(ConsumerWorkerImpl.java:51)
	at java.base/java.lang.Thread.run(Thread.java:1583)
11:01:07.118 [Thread-1] ERROR com.charlessun.javaplcadapter.worker.impl.ConsumerWorkerImpl -- processingStrategy.process(record) 處理失敗: Processing failed
java.lang.RuntimeException: Processing failed
	at com.charlessun.javaplcadapter.worker.impl.ConsumerWorkerImpl.pollLoop(ConsumerWorkerImpl.java:51)
	at java.base/java.lang.Thread.run(Thread.java:1583)
11:01:07.118 [Thread-1] ERROR com.charlessun.javaplcadapter.worker.impl.ConsumerWorkerImpl -- processingStrategy.process(record) 處理失敗: Processing failed
java.lang.RuntimeException: Processing failed
	at com.charlessun.javaplcadapter.worker.impl.ConsumerWorkerImpl.pollLoop(ConsumerWorkerImpl.java:51)
	at java.base/java.lang.Thread.run(Thread.java:1583)
11:01:07.118 [Thread-1] ERROR com.charlessun.javaplcadapter.worker.impl.ConsumerWorkerImpl -- processingStrategy.process(record) 處理失敗: Processing failed
java.lang.RuntimeException: Processing failed
	at com.charlessun.javaplcadapter.worker.impl.ConsumerWorkerImpl.pollLoop(ConsumerWorkerImpl.java:51)
	at java.base/java.lang.Thread.run(Thread.java:1583)
11:01:07.118 [Thread-1] ERROR com.charlessun.javaplcadapter.worker.impl.ConsumerWorkerImpl -- processingStrategy.process(record) 處理失敗: Processing failed
java.lang.RuntimeException: Processing failed
	at com.charlessun.javaplcadapter.worker.impl.ConsumerWorkerImpl.pollLoop(ConsumerWorkerImpl.java:51)
	at java.base/java.lang.Thread.run(Thread.java:1583)
11:01:07.118 [Thread-1] ERROR com.charlessun.javaplcadapter.worker.impl.ConsumerWorkerImpl -- processingStrategy.process(record) 處理失敗: Processing failed
java.lang.RuntimeException: Processing failed
	at com.charlessun.javaplcadapter.worker.impl.ConsumerWorkerImpl.pollLoop(ConsumerWorkerImpl.java:51)
	at java.base/java.lang.Thread.run(Thread.java:1583)
11:01:07.118 [Thread-1] ERROR com.charlessun.javaplcadapter.worker.impl.ConsumerWorkerImpl -- processingStrategy.process(record) 處理失敗: Processing failed
java.lang.RuntimeException: Processing failed
	at com.charlessun.javaplcadapter.worker.impl.ConsumerWorkerImpl.pollLoop(ConsumerWorkerImpl.java:51)
	at java.base/java.lang.Thread.run(Thread.java:1583)
11:01:07.119 [Thread-1] ERROR com.charlessun.javaplcadapter.worker.impl.ConsumerWorkerImpl -- processingStrategy.process(record) 處理失敗: Processing failed
java.lang.RuntimeException: Processing failed
	at com.charlessun.javaplcadapter.worker.impl.ConsumerWorkerImpl.pollLoop(ConsumerWorkerImpl.java:51)
	at java.base/java.lang.Thread.run(Thread.java:1583)
11:01:07.119 [Thread-1] ERROR com.charlessun.javaplcadapter.worker.impl.ConsumerWorkerImpl -- processingStrategy.process(record) 處理失敗: Processing failed
java.lang.RuntimeException: Processing failed
	at com.charlessun.javaplcadapter.worker.impl.ConsumerWorkerImpl.pollLoop(ConsumerWorkerImpl.java:51)
	at java.base/java.lang.Thread.run(Thread.java:1583)
11:01:07.119 [Thread-1] ERROR com.charlessun.javaplcadapter.worker.impl.ConsumerWorkerImpl -- processingStrategy.process(record) 處理失敗: Processing failed
java.lang.RuntimeException: Processing failed
	at com.charlessun.javaplcadapter.worker.impl.ConsumerWorkerImpl.pollLoop(ConsumerWorkerImpl.java:51)
	at java.base/java.lang.Thread.run(Thread.java:1583)
11:01:07.119 [Thread-1] ERROR com.charlessun.javaplcadapter.worker.impl.ConsumerWorkerImpl -- processingStrategy.process(record) 處理失敗: Processing failed
java.lang.RuntimeException: Processing failed
	at com.charlessun.javaplcadapter.worker.impl.ConsumerWorkerImpl.pollLoop(ConsumerWorkerImpl.java:51)
	at java.base/java.lang.Thread.run(Thread.java:1583)
11:01:07.119 [Thread-1] ERROR com.charlessun.javaplcadapter.worker.impl.ConsumerWorkerImpl -- processingStrategy.process(record) 處理失敗: Processing failed
java.lang.RuntimeException: Processing failed
	at com.charlessun.javaplcadapter.worker.impl.ConsumerWorkerImpl.pollLoop(ConsumerWorkerImpl.java:51)
	at java.base/java.lang.Thread.run(Thread.java:1583)
11:01:07.119 [Thread-1] ERROR com.charlessun.javaplcadapter.worker.impl.ConsumerWorkerImpl -- processingStrategy.process(record) 處理失敗: Processing failed
java.lang.RuntimeException: Processing failed
	at com.charlessun.javaplcadapter.worker.impl.ConsumerWorkerImpl.pollLoop(ConsumerWorkerImpl.java:51)
	at java.base/java.lang.Thread.run(Thread.java:1583)
11:01:07.119 [Thread-1] ERROR com.charlessun.javaplcadapter.worker.impl.ConsumerWorkerImpl -- processingStrategy.process(record) 處理失敗: Processing failed
java.lang.RuntimeException: Processing failed
	at com.charlessun.javaplcadapter.worker.impl.ConsumerWorkerImpl.pollLoop(ConsumerWorkerImpl.java:51)
	at java.base/java.lang.Thread.run(Thread.java:1583)
11:01:07.119 [Thread-1] ERROR com.charlessun.javaplcadapter.worker.impl.ConsumerWorkerImpl -- processingStrategy.process(record) 處理失敗: Processing failed
java.lang.RuntimeException: Processing failed
	at com.charlessun.javaplcadapter.worker.impl.ConsumerWorkerImpl.pollLoop(ConsumerWorkerImpl.java:51)
	at java.base/java.lang.Thread.run(Thread.java:1583)
11:01:07.119 [Thread-1] ERROR com.charlessun.javaplcadapter.worker.impl.ConsumerWorkerImpl -- processingStrategy.process(record) 處理失敗: Processing failed
java.lang.RuntimeException: Processing failed
	at com.charlessun.javaplcadapter.worker.impl.ConsumerWorkerImpl.pollLoop(ConsumerWorkerImpl.java:51)
	at java.base/java.lang.Thread.run(Thread.java:1583)
11:01:07.120 [Thread-1] ERROR com.charlessun.javaplcadapter.worker.impl.ConsumerWorkerImpl -- processingStrategy.process(record) 處理失敗: Processing failed
java.lang.RuntimeException: Processing failed
	at com.charlessun.javaplcadapter.worker.impl.ConsumerWorkerImpl.pollLoop(ConsumerWorkerImpl.java:51)
	at java.base/java.lang.Thread.run(Thread.java:1583)
11:01:07.120 [Thread-1] ERROR com.charlessun.javaplcadapter.worker.impl.ConsumerWorkerImpl -- processingStrategy.process(record) 處理失敗: Processing failed
java.lang.RuntimeException: Processing failed
	at com.charlessun.javaplcadapter.worker.impl.ConsumerWorkerImpl.pollLoop(ConsumerWorkerImpl.java:51)
	at java.base/java.lang.Thread.run(Thread.java:1583)
11:01:07.120 [Thread-1] ERROR com.charlessun.javaplcadapter.worker.impl.ConsumerWorkerImpl -- processingStrategy.process(record) 處理失敗: Processing failed
java.lang.RuntimeException: Processing failed
	at com.charlessun.javaplcadapter.worker.impl.ConsumerWorkerImpl.pollLoop(ConsumerWorkerImpl.java:51)
	at java.base/java.lang.Thread.run(Thread.java:1583)
11:01:07.120 [Thread-1] ERROR com.charlessun.javaplcadapter.worker.impl.ConsumerWorkerImpl -- processingStrategy.process(record) 處理失敗: Processing failed
java.lang.RuntimeException: Processing failed
	at com.charlessun.javaplcadapter.worker.impl.ConsumerWorkerImpl.pollLoop(ConsumerWorkerImpl.java:51)
	at java.base/java.lang.Thread.run(Thread.java:1583)
11:01:07.120 [Thread-1] ERROR com.charlessun.javaplcadapter.worker.impl.ConsumerWorkerImpl -- processingStrategy.process(record) 處理失敗: Processing failed
java.lang.RuntimeException: Processing failed
	at com.charlessun.javaplcadapter.worker.impl.ConsumerWorkerImpl.pollLoop(ConsumerWorkerImpl.java:51)
	at java.base/java.lang.Thread.run(Thread.java:1583)
11:01:07.120 [Thread-1] ERROR com.charlessun.javaplcadapter.worker.impl.ConsumerWorkerImpl -- processingStrategy.process(record) 處理失敗: Processing failed
java.lang.RuntimeException: Processing failed
	at com.charlessun.javaplcadapter.worker.impl.ConsumerWorkerImpl.pollLoop(ConsumerWorkerImpl.java:51)
	at java.base/java.lang.Thread.run(Thread.java:1583)
11:01:07.120 [Thread-1] ERROR com.charlessun.javaplcadapter.worker.impl.ConsumerWorkerImpl -- processingStrategy.process(record) 處理失敗: Processing failed
java.lang.RuntimeException: Processing failed
	at com.charlessun.javaplcadapter.worker.impl.ConsumerWorkerImpl.pollLoop(ConsumerWorkerImpl.java:51)
	at java.base/java.lang.Thread.run(Thread.java:1583)
11:01:07.120 [Thread-1] ERROR com.charlessun.javaplcadapter.worker.impl.ConsumerWorkerImpl -- processingStrategy.process(record) 處理失敗: Processing failed
java.lang.RuntimeException: Processing failed
	at com.charlessun.javaplcadapter.worker.impl.ConsumerWorkerImpl.pollLoop(ConsumerWorkerImpl.java:51)
	at java.base/java.lang.Thread.run(Thread.java:1583)
11:01:07.120 [Thread-1] ERROR com.charlessun.javaplcadapter.worker.impl.ConsumerWorkerImpl -- processingStrategy.process(record) 處理失敗: Processing failed
java.lang.RuntimeException: Processing failed
	at com.charlessun.javaplcadapter.worker.impl.ConsumerWorkerImpl.pollLoop(ConsumerWorkerImpl.java:51)
	at java.base/java.lang.Thread.run(Thread.java:1583)
11:01:07.121 [Thread-1] ERROR com.charlessun.javaplcadapter.worker.impl.ConsumerWorkerImpl -- processingStrategy.process(record) 處理失敗: Processing failed
java.lang.RuntimeException: Processing failed
	at com.charlessun.javaplcadapter.worker.impl.ConsumerWorkerImpl.pollLoop(ConsumerWorkerImpl.java:51)
	at java.base/java.lang.Thread.run(Thread.java:1583)
11:01:07.121 [Thread-1] ERROR com.charlessun.javaplcadapter.worker.impl.ConsumerWorkerImpl -- processingStrategy.process(record) 處理失敗: Processing failed
java.lang.RuntimeException: Processing failed
	at com.charlessun.javaplcadapter.worker.impl.ConsumerWorkerImpl.pollLoop(ConsumerWorkerImpl.java:51)
	at java.base/java.lang.Thread.run(Thread.java:1583)
11:01:07.121 [Thread-1] ERROR com.charlessun.javaplcadapter.worker.impl.ConsumerWorkerImpl -- processingStrategy.process(record) 處理失敗: Processing failed
java.lang.RuntimeException: Processing failed
	at com.charlessun.javaplcadapter.worker.impl.ConsumerWorkerImpl.pollLoop(ConsumerWorkerImpl.java:51)
	at java.base/java.lang.Thread.run(Thread.java:1583)
11:01:07.121 [Thread-1] ERROR com.charlessun.javaplcadapter.worker.impl.ConsumerWorkerImpl -- processingStrategy.process(record) 處理失敗: Processing failed
java.lang.RuntimeException: Processing failed
	at com.charlessun.javaplcadapter.worker.impl.ConsumerWorkerImpl.pollLoop(ConsumerWorkerImpl.java:51)
	at java.base/java.lang.Thread.run(Thread.java:1583)
11:01:07.121 [Thread-1] ERROR com.charlessun.javaplcadapter.worker.impl.ConsumerWorkerImpl -- processingStrategy.process(record) 處理失敗: Processing failed
java.lang.RuntimeException: Processing failed
	at com.charlessun.javaplcadapter.worker.impl.ConsumerWorkerImpl.pollLoop(ConsumerWorkerImpl.java:51)
	at java.base/java.lang.Thread.run(Thread.java:1583)
11:01:07.121 [Thread-1] ERROR com.charlessun.javaplcadapter.worker.impl.ConsumerWorkerImpl -- processingStrategy.process(record) 處理失敗: Processing failed
java.lang.RuntimeException: Processing failed
	at com.charlessun.javaplcadapter.worker.impl.ConsumerWorkerImpl.pollLoop(ConsumerWorkerImpl.java:51)
	at java.base/java.lang.Thread.run(Thread.java:1583)
11:01:07.121 [Thread-1] ERROR com.charlessun.javaplcadapter.worker.impl.ConsumerWorkerImpl -- processingStrategy.process(record) 處理失敗: Processing failed
java.lang.RuntimeException: Processing failed
	at com.charlessun.javaplcadapter.worker.impl.ConsumerWorkerImpl.pollLoop(ConsumerWorkerImpl.java:51)
	at java.base/java.lang.Thread.run(Thread.java:1583)
11:01:07.121 [Thread-1] ERROR com.charlessun.javaplcadapter.worker.impl.ConsumerWorkerImpl -- processingStrategy.process(record) 處理失敗: Processing failed
java.lang.RuntimeException: Processing failed
	at com.charlessun.javaplcadapter.worker.impl.ConsumerWorkerImpl.pollLoop(ConsumerWorkerImpl.java:51)
	at java.base/java.lang.Thread.run(Thread.java:1583)
11:01:07.122 [Thread-1] ERROR com.charlessun.javaplcadapter.worker.impl.ConsumerWorkerImpl -- processingStrategy.process(record) 處理失敗: Processing failed
java.lang.RuntimeException: Processing failed
	at com.charlessun.javaplcadapter.worker.impl.ConsumerWorkerImpl.pollLoop(ConsumerWorkerImpl.java:51)
	at java.base/java.lang.Thread.run(Thread.java:1583)
11:01:07.122 [Thread-1] ERROR com.charlessun.javaplcadapter.worker.impl.ConsumerWorkerImpl -- processingStrategy.process(record) 處理失敗: Processing failed
java.lang.RuntimeException: Processing failed
	at com.charlessun.javaplcadapter.worker.impl.ConsumerWorkerImpl.pollLoop(ConsumerWorkerImpl.java:51)
	at java.base/java.lang.Thread.run(Thread.java:1583)
11:01:07.122 [Thread-1] ERROR com.charlessun.javaplcadapter.worker.impl.ConsumerWorkerImpl -- processingStrategy.process(record) 處理失敗: Processing failed
java.lang.RuntimeException: Processing failed
	at com.charlessun.javaplcadapter.worker.impl.ConsumerWorkerImpl.pollLoop(ConsumerWorkerImpl.java:51)
	at java.base/java.lang.Thread.run(Thread.java:1583)
11:01:07.122 [Thread-1] ERROR com.charlessun.javaplcadapter.worker.impl.ConsumerWorkerImpl -- processingStrategy.process(record) 處理失敗: Processing failed
java.lang.RuntimeException: Processing failed
	at com.charlessun.javaplcadapter.worker.impl.ConsumerWorkerImpl.pollLoop(ConsumerWorkerImpl.java:51)
	at java.base/java.lang.Thread.run(Thread.java:1583)
11:01:07.122 [Thread-1] ERROR com.charlessun.javaplcadapter.worker.impl.ConsumerWorkerImpl -- processingStrategy.process(record) 處理失敗: Processing failed
java.lang.RuntimeException: Processing failed
	at com.charlessun.javaplcadapter.worker.impl.ConsumerWorkerImpl.pollLoop(ConsumerWorkerImpl.java:51)
	at java.base/java.lang.Thread.run(Thread.java:1583)
11:01:07.122 [Thread-1] ERROR com.charlessun.javaplcadapter.worker.impl.ConsumerWorkerImpl -- processingStrategy.process(record) 處理失敗: Processing failed
java.lang.RuntimeException: Processing failed
	at com.charlessun.javaplcadapter.worker.impl.ConsumerWorkerImpl.pollLoop(ConsumerWorkerImpl.java:51)
	at java.base/java.lang.Thread.run(Thread.java:1583)
11:01:07.122 [Thread-1] ERROR com.charlessun.javaplcadapter.worker.impl.ConsumerWorkerImpl -- processingStrategy.process(record) 處理失敗: Processing failed
java.lang.RuntimeException: Processing failed
	at com.charlessun.javaplcadapter.worker.impl.ConsumerWorkerImpl.pollLoop(ConsumerWorkerImpl.java:51)
	at java.base/java.lang.Thread.run(Thread.java:1583)
11:01:07.122 [Thread-1] ERROR com.charlessun.javaplcadapter.worker.impl.ConsumerWorkerImpl -- processingStrategy.process(record) 處理失敗: Processing failed
java.lang.RuntimeException: Processing failed
	at com.charlessun.javaplcadapter.worker.impl.ConsumerWorkerImpl.pollLoop(ConsumerWorkerImpl.java:51)
	at java.base/java.lang.Thread.run(Thread.java:1583)
11:01:07.123 [Thread-1] ERROR com.charlessun.javaplcadapter.worker.impl.ConsumerWorkerImpl -- processingStrategy.process(record) 處理失敗: Processing failed
java.lang.RuntimeException: Processing failed
	at com.charlessun.javaplcadapter.worker.impl.ConsumerWorkerImpl.pollLoop(ConsumerWorkerImpl.java:51)
	at java.base/java.lang.Thread.run(Thread.java:1583)
11:01:07.123 [Thread-1] ERROR com.charlessun.javaplcadapter.worker.impl.ConsumerWorkerImpl -- processingStrategy.process(record) 處理失敗: Processing failed
java.lang.RuntimeException: Processing failed
	at com.charlessun.javaplcadapter.worker.impl.ConsumerWorkerImpl.pollLoop(ConsumerWorkerImpl.java:51)
	at java.base/java.lang.Thread.run(Thread.java:1583)
11:01:07.123 [Thread-1] ERROR com.charlessun.javaplcadapter.worker.impl.ConsumerWorkerImpl -- processingStrategy.process(record) 處理失敗: Processing failed
java.lang.RuntimeException: Processing failed
	at com.charlessun.javaplcadapter.worker.impl.ConsumerWorkerImpl.pollLoop(ConsumerWorkerImpl.java:51)
	at java.base/java.lang.Thread.run(Thread.java:1583)
11:01:07.123 [Thread-1] ERROR com.charlessun.javaplcadapter.worker.impl.ConsumerWorkerImpl -- processingStrategy.process(record) 處理失敗: Processing failed
java.lang.RuntimeException: Processing failed
	at com.charlessun.javaplcadapter.worker.impl.ConsumerWorkerImpl.pollLoop(ConsumerWorkerImpl.java:51)
	at java.base/java.lang.Thread.run(Thread.java:1583)
11:01:07.123 [Thread-1] ERROR com.charlessun.javaplcadapter.worker.impl.ConsumerWorkerImpl -- processingStrategy.process(record) 處理失敗: Processing failed
java.lang.RuntimeException: Processing failed
	at com.charlessun.javaplcadapter.worker.impl.ConsumerWorkerImpl.pollLoop(ConsumerWorkerImpl.java:51)
	at java.base/java.lang.Thread.run(Thread.java:1583)
11:01:07.123 [Thread-1] ERROR com.charlessun.javaplcadapter.worker.impl.ConsumerWorkerImpl -- processingStrategy.process(record) 處理失敗: Processing failed
java.lang.RuntimeException: Processing failed
	at com.charlessun.javaplcadapter.worker.impl.ConsumerWorkerImpl.pollLoop(ConsumerWorkerImpl.java:51)
	at java.base/java.lang.Thread.run(Thread.java:1583)
11:01:07.123 [Thread-1] ERROR com.charlessun.javaplcadapter.worker.impl.ConsumerWorkerImpl -- processingStrategy.process(record) 處理失敗: Processing failed
java.lang.RuntimeException: Processing failed
	at com.charlessun.javaplcadapter.worker.impl.ConsumerWorkerImpl.pollLoop(ConsumerWorkerImpl.java:51)
	at java.base/java.lang.Thread.run(Thread.java:1583)
11:01:07.123 [Thread-1] ERROR com.charlessun.javaplcadapter.worker.impl.ConsumerWorkerImpl -- processingStrategy.process(record) 處理失敗: Processing failed
java.lang.RuntimeException: Processing failed
	at com.charlessun.javaplcadapter.worker.impl.ConsumerWorkerImpl.pollLoop(ConsumerWorkerImpl.java:51)
	at java.base/java.lang.Thread.run(Thread.java:1583)
11:01:07.124 [Thread-1] ERROR com.charlessun.javaplcadapter.worker.impl.ConsumerWorkerImpl -- processingStrategy.process(record) 處理失敗: Processing failed
java.lang.RuntimeException: Processing failed
	at com.charlessun.javaplcadapter.worker.impl.ConsumerWorkerImpl.pollLoop(ConsumerWorkerImpl.java:51)
	at java.base/java.lang.Thread.run(Thread.java:1583)
11:01:07.124 [Thread-1] ERROR com.charlessun.javaplcadapter.worker.impl.ConsumerWorkerImpl -- processingStrategy.process(record) 處理失敗: Processing failed
java.lang.RuntimeException: Processing failed
	at com.charlessun.javaplcadapter.worker.impl.ConsumerWorkerImpl.pollLoop(ConsumerWorkerImpl.java:51)
	at java.base/java.lang.Thread.run(Thread.java:1583)
11:01:07.125 [Thread-1] ERROR com.charlessun.javaplcadapter.worker.impl.ConsumerWorkerImpl -- processingStrategy.process(record) 處理失敗: Processing failed
java.lang.RuntimeException: Processing failed
	at com.charlessun.javaplcadapter.worker.impl.ConsumerWorkerImpl.pollLoop(ConsumerWorkerImpl.java:51)
	at java.base/java.lang.Thread.run(Thread.java:1583)
11:01:07.125 [Thread-1] ERROR com.charlessun.javaplcadapter.worker.impl.ConsumerWorkerImpl -- processingStrategy.process(record) 處理失敗: Processing failed
java.lang.RuntimeException: Processing failed
	at com.charlessun.javaplcadapter.worker.impl.ConsumerWorkerImpl.pollLoop(ConsumerWorkerImpl.java:51)
	at java.base/java.lang.Thread.run(Thread.java:1583)
11:01:07.125 [Thread-1] ERROR com.charlessun.javaplcadapter.worker.impl.ConsumerWorkerImpl -- processingStrategy.process(record) 處理失敗: Processing failed
java.lang.RuntimeException: Processing failed
	at com.charlessun.javaplcadapter.worker.impl.ConsumerWorkerImpl.pollLoop(ConsumerWorkerImpl.java:51)
	at java.base/java.lang.Thread.run(Thread.java:1583)
11:01:07.125 [Thread-1] ERROR com.charlessun.javaplcadapter.worker.impl.ConsumerWorkerImpl -- processingStrategy.process(record) 處理失敗: Processing failed
java.lang.RuntimeException: Processing failed
	at com.charlessun.javaplcadapter.worker.impl.ConsumerWorkerImpl.pollLoop(ConsumerWorkerImpl.java:51)
	at java.base/java.lang.Thread.run(Thread.java:1583)
11:01:07.126 [Thread-1] ERROR com.charlessun.javaplcadapter.worker.impl.ConsumerWorkerImpl -- processingStrategy.process(record) 處理失敗: Processing failed
java.lang.RuntimeException: Processing failed
	at com.charlessun.javaplcadapter.worker.impl.ConsumerWorkerImpl.pollLoop(ConsumerWorkerImpl.java:51)
	at java.base/java.lang.Thread.run(Thread.java:1583)
11:01:07.126 [Thread-1] ERROR com.charlessun.javaplcadapter.worker.impl.ConsumerWorkerImpl -- processingStrategy.process(record) 處理失敗: Processing failed
java.lang.RuntimeException: Processing failed
	at com.charlessun.javaplcadapter.worker.impl.ConsumerWorkerImpl.pollLoop(ConsumerWorkerImpl.java:51)
	at java.base/java.lang.Thread.run(Thread.java:1583)
11:01:07.126 [Thread-1] ERROR com.charlessun.javaplcadapter.worker.impl.ConsumerWorkerImpl -- processingStrategy.process(record) 處理失敗: Processing failed
java.lang.RuntimeException: Processing failed
	at com.charlessun.javaplcadapter.worker.impl.ConsumerWorkerImpl.pollLoop(ConsumerWorkerImpl.java:51)
	at java.base/java.lang.Thread.run(Thread.java:1583)
11:01:07.126 [Thread-1] ERROR com.charlessun.javaplcadapter.worker.impl.ConsumerWorkerImpl -- processingStrategy.process(record) 處理失敗: Processing failed
java.lang.RuntimeException: Processing failed
	at com.charlessun.javaplcadapter.worker.impl.ConsumerWorkerImpl.pollLoop(ConsumerWorkerImpl.java:51)
	at java.base/java.lang.Thread.run(Thread.java:1583)
11:01:07.126 [Thread-1] ERROR com.charlessun.javaplcadapter.worker.impl.ConsumerWorkerImpl -- processingStrategy.process(record) 處理失敗: Processing failed
java.lang.RuntimeException: Processing failed
	at com.charlessun.javaplcadapter.worker.impl.ConsumerWorkerImpl.pollLoop(ConsumerWorkerImpl.java:51)
	at java.base/java.lang.Thread.run(Thread.java:1583)
11:01:07.127 [Thread-1] ERROR com.charlessun.javaplcadapter.worker.impl.ConsumerWorkerImpl -- processingStrategy.process(record) 處理失敗: Processing failed
java.lang.RuntimeException: Processing failed
	at com.charlessun.javaplcadapter.worker.impl.ConsumerWorkerImpl.pollLoop(ConsumerWorkerImpl.java:51)
	at java.base/java.lang.Thread.run(Thread.java:1583)
11:01:07.127 [Thread-1] ERROR com.charlessun.javaplcadapter.worker.impl.ConsumerWorkerImpl -- processingStrategy.process(record) 處理失敗: Processing failed
java.lang.RuntimeException: Processing failed
	at com.charlessun.javaplcadapter.worker.impl.ConsumerWorkerImpl.pollLoop(ConsumerWorkerImpl.java:51)
	at java.base/java.lang.Thread.run(Thread.java:1583)
11:01:07.127 [Thread-1] ERROR com.charlessun.javaplcadapter.worker.impl.ConsumerWorkerImpl -- processingStrategy.process(record) 處理失敗: Processing failed
java.lang.RuntimeException: Processing failed
	at com.charlessun.javaplcadapter.worker.impl.ConsumerWorkerImpl.pollLoop(ConsumerWorkerImpl.java:51)
	at java.base/java.lang.Thread.run(Thread.java:1583)
11:01:07.127 [Thread-1] ERROR com.charlessun.javaplcadapter.worker.impl.ConsumerWorkerImpl -- processingStrategy.process(record) 處理失敗: Processing failed
java.lang.RuntimeException: Processing failed
	at com.charlessun.javaplcadapter.worker.impl.ConsumerWorkerImpl.pollLoop(ConsumerWorkerImpl.java:51)
	at java.base/java.lang.Thread.run(Thread.java:1583)
11:01:07.127 [Thread-1] ERROR com.charlessun.javaplcadapter.worker.impl.ConsumerWorkerImpl -- processingStrategy.process(record) 處理失敗: Processing failed
java.lang.RuntimeException: Processing failed
	at com.charlessun.javaplcadapter.worker.impl.ConsumerWorkerImpl.pollLoop(ConsumerWorkerImpl.java:51)
	at java.base/java.lang.Thread.run(Thread.java:1583)
11:01:07.127 [Thread-1] ERROR com.charlessun.javaplcadapter.worker.impl.ConsumerWorkerImpl -- processingStrategy.process(record) 處理失敗: Processing failed
java.lang.RuntimeException: Processing failed
	at com.charlessun.javaplcadapter.worker.impl.ConsumerWorkerImpl.pollLoop(ConsumerWorkerImpl.java:51)
	at java.base/java.lang.Thread.run(Thread.java:1583)
11:01:07.128 [Thread-1] ERROR com.charlessun.javaplcadapter.worker.impl.ConsumerWorkerImpl -- processingStrategy.process(record) 處理失敗: Processing failed
java.lang.RuntimeException: Processing failed
	at com.charlessun.javaplcadapter.worker.impl.ConsumerWorkerImpl.pollLoop(ConsumerWorkerImpl.java:51)
	at java.base/java.lang.Thread.run(Thread.java:1583)
11:01:07.128 [Thread-1] ERROR com.charlessun.javaplcadapter.worker.impl.ConsumerWorkerImpl -- processingStrategy.process(record) 處理失敗: Processing failed
java.lang.RuntimeException: Processing failed
	at com.charlessun.javaplcadapter.worker.impl.ConsumerWorkerImpl.pollLoop(ConsumerWorkerImpl.java:51)
	at java.base/java.lang.Thread.run(Thread.java:1583)
11:01:07.128 [Thread-1] ERROR com.charlessun.javaplcadapter.worker.impl.ConsumerWorkerImpl -- processingStrategy.process(record) 處理失敗: Processing failed
java.lang.RuntimeException: Processing failed
	at com.charlessun.javaplcadapter.worker.impl.ConsumerWorkerImpl.pollLoop(ConsumerWorkerImpl.java:51)
	at java.base/java.lang.Thread.run(Thread.java:1583)
11:01:07.128 [Thread-1] ERROR com.charlessun.javaplcadapter.worker.impl.ConsumerWorkerImpl -- processingStrategy.process(record) 處理失敗: Processing failed
java.lang.RuntimeException: Processing failed
	at com.charlessun.javaplcadapter.worker.impl.ConsumerWorkerImpl.pollLoop(ConsumerWorkerImpl.java:51)
	at java.base/java.lang.Thread.run(Thread.java:1583)
11:01:07.128 [Thread-1] ERROR com.charlessun.javaplcadapter.worker.impl.ConsumerWorkerImpl -- processingStrategy.process(record) 處理失敗: Processing failed
java.lang.RuntimeException: Processing failed
	at com.charlessun.javaplcadapter.worker.impl.ConsumerWorkerImpl.pollLoop(ConsumerWorkerImpl.java:51)
	at java.base/java.lang.Thread.run(Thread.java:1583)
11:01:07.128 [Thread-1] ERROR com.charlessun.javaplcadapter.worker.impl.ConsumerWorkerImpl -- processingStrategy.process(record) 處理失敗: Processing failed
java.lang.RuntimeException: Processing failed
	at com.charlessun.javaplcadapter.worker.impl.ConsumerWorkerImpl.pollLoop(ConsumerWorkerImpl.java:51)
	at java.base/java.lang.Thread.run(Thread.java:1583)
11:01:07.128 [Thread-1] ERROR com.charlessun.javaplcadapter.worker.impl.ConsumerWorkerImpl -- processingStrategy.process(record) 處理失敗: Processing failed
java.lang.RuntimeException: Processing failed
	at com.charlessun.javaplcadapter.worker.impl.ConsumerWorkerImpl.pollLoop(ConsumerWorkerImpl.java:51)
	at java.base/java.lang.Thread.run(Thread.java:1583)
11:01:07.128 [Thread-1] ERROR com.charlessun.javaplcadapter.worker.impl.ConsumerWorkerImpl -- processingStrategy.process(record) 處理失敗: Processing failed
java.lang.RuntimeException: Processing failed
	at com.charlessun.javaplcadapter.worker.impl.ConsumerWorkerImpl.pollLoop(ConsumerWorkerImpl.java:51)
	at java.base/java.lang.Thread.run(Thread.java:1583)
11:01:07.128 [Thread-1] ERROR com.charlessun.javaplcadapter.worker.impl.ConsumerWorkerImpl -- processingStrategy.process(record) 處理失敗: Processing failed
java.lang.RuntimeException: Processing failed
	at com.charlessun.javaplcadapter.worker.impl.ConsumerWorkerImpl.pollLoop(ConsumerWorkerImpl.java:51)
	at java.base/java.lang.Thread.run(Thread.java:1583)
11:01:07.129 [Thread-1] ERROR com.charlessun.javaplcadapter.worker.impl.ConsumerWorkerImpl -- processingStrategy.process(record) 處理失敗: Processing failed
java.lang.RuntimeException: Processing failed
	at com.charlessun.javaplcadapter.worker.impl.ConsumerWorkerImpl.pollLoop(ConsumerWorkerImpl.java:51)
	at java.base/java.lang.Thread.run(Thread.java:1583)
11:01:07.129 [Thread-1] ERROR com.charlessun.javaplcadapter.worker.impl.ConsumerWorkerImpl -- processingStrategy.process(record) 處理失敗: Processing failed
java.lang.RuntimeException: Processing failed
	at com.charlessun.javaplcadapter.worker.impl.ConsumerWorkerImpl.pollLoop(ConsumerWorkerImpl.java:51)
	at java.base/java.lang.Thread.run(Thread.java:1583)
11:01:07.129 [Thread-1] ERROR com.charlessun.javaplcadapter.worker.impl.ConsumerWorkerImpl -- processingStrategy.process(record) 處理失敗: Processing failed
java.lang.RuntimeException: Processing failed
	at com.charlessun.javaplcadapter.worker.impl.ConsumerWorkerImpl.pollLoop(ConsumerWorkerImpl.java:51)
	at java.base/java.lang.Thread.run(Thread.java:1583)
11:01:07.129 [Thread-1] ERROR com.charlessun.javaplcadapter.worker.impl.ConsumerWorkerImpl -- processingStrategy.process(record) 處理失敗: Processing failed
java.lang.RuntimeException: Processing failed
	at com.charlessun.javaplcadapter.worker.impl.ConsumerWorkerImpl.pollLoop(ConsumerWorkerImpl.java:51)
	at java.base/java.lang.Thread.run(Thread.java:1583)
11:01:07.129 [Thread-1] ERROR com.charlessun.javaplcadapter.worker.impl.ConsumerWorkerImpl -- processingStrategy.process(record) 處理失敗: Processing failed
java.lang.RuntimeException: Processing failed
	at com.charlessun.javaplcadapter.worker.impl.ConsumerWorkerImpl.pollLoop(ConsumerWorkerImpl.java:51)
	at java.base/java.lang.Thread.run(Thread.java:1583)
11:01:07.129 [Thread-1] ERROR com.charlessun.javaplcadapter.worker.impl.ConsumerWorkerImpl -- processingStrategy.process(record) 處理失敗: Processing failed
java.lang.RuntimeException: Processing failed
	at com.charlessun.javaplcadapter.worker.impl.ConsumerWorkerImpl.pollLoop(ConsumerWorkerImpl.java:51)
	at java.base/java.lang.Thread.run(Thread.java:1583)
11:01:07.129 [Thread-1] ERROR com.charlessun.javaplcadapter.worker.impl.ConsumerWorkerImpl -- processingStrategy.process(record) 處理失敗: Processing failed
java.lang.RuntimeException: Processing failed
	at com.charlessun.javaplcadapter.worker.impl.ConsumerWorkerImpl.pollLoop(ConsumerWorkerImpl.java:51)
	at java.base/java.lang.Thread.run(Thread.java:1583)
11:01:07.129 [Thread-1] ERROR com.charlessun.javaplcadapter.worker.impl.ConsumerWorkerImpl -- processingStrategy.process(record) 處理失敗: Processing failed
java.lang.RuntimeException: Processing failed
	at com.charlessun.javaplcadapter.worker.impl.ConsumerWorkerImpl.pollLoop(ConsumerWorkerImpl.java:51)
	at java.base/java.lang.Thread.run(Thread.java:1583)
11:01:07.130 [Thread-1] ERROR com.charlessun.javaplcadapter.worker.impl.ConsumerWorkerImpl -- processingStrategy.process(record) 處理失敗: Processing failed
java.lang.RuntimeException: Processing failed
	at com.charlessun.javaplcadapter.worker.impl.ConsumerWorkerImpl.pollLoop(ConsumerWorkerImpl.java:51)
	at java.base/java.lang.Thread.run(Thread.java:1583)
11:01:07.130 [Thread-1] ERROR com.charlessun.javaplcadapter.worker.impl.ConsumerWorkerImpl -- processingStrategy.process(record) 處理失敗: Processing failed
java.lang.RuntimeException: Processing failed
	at com.charlessun.javaplcadapter.worker.impl.ConsumerWorkerImpl.pollLoop(ConsumerWorkerImpl.java:51)
	at java.base/java.lang.Thread.run(Thread.java:1583)
11:01:07.130 [Thread-1] ERROR com.charlessun.javaplcadapter.worker.impl.ConsumerWorkerImpl -- processingStrategy.process(record) 處理失敗: Processing failed
java.lang.RuntimeException: Processing failed
	at com.charlessun.javaplcadapter.worker.impl.ConsumerWorkerImpl.pollLoop(ConsumerWorkerImpl.java:51)
	at java.base/java.lang.Thread.run(Thread.java:1583)
11:01:07.130 [Thread-1] ERROR com.charlessun.javaplcadapter.worker.impl.ConsumerWorkerImpl -- processingStrategy.process(record) 處理失敗: Processing failed
java.lang.RuntimeException: Processing failed
	at com.charlessun.javaplcadapter.worker.impl.ConsumerWorkerImpl.pollLoop(ConsumerWorkerImpl.java:51)
	at java.base/java.lang.Thread.run(Thread.java:1583)
11:01:07.130 [Thread-1] ERROR com.charlessun.javaplcadapter.worker.impl.ConsumerWorkerImpl -- processingStrategy.process(record) 處理失敗: Processing failed
java.lang.RuntimeException: Processing failed
	at com.charlessun.javaplcadapter.worker.impl.ConsumerWorkerImpl.pollLoop(ConsumerWorkerImpl.java:51)
	at java.base/java.lang.Thread.run(Thread.java:1583)
11:01:07.130 [Thread-1] ERROR com.charlessun.javaplcadapter.worker.impl.ConsumerWorkerImpl -- processingStrategy.process(record) 處理失敗: Processing failed
java.lang.RuntimeException: Processing failed
	at com.charlessun.javaplcadapter.worker.impl.ConsumerWorkerImpl.pollLoop(ConsumerWorkerImpl.java:51)
	at java.base/java.lang.Thread.run(Thread.java:1583)
11:01:07.130 [Thread-1] ERROR com.charlessun.javaplcadapter.worker.impl.ConsumerWorkerImpl -- processingStrategy.process(record) 處理失敗: Processing failed
java.lang.RuntimeException: Processing failed
	at com.charlessun.javaplcadapter.worker.impl.ConsumerWorkerImpl.pollLoop(ConsumerWorkerImpl.java:51)
	at java.base/java.lang.Thread.run(Thread.java:1583)
11:01:07.130 [Thread-1] ERROR com.charlessun.javaplcadapter.worker.impl.ConsumerWorkerImpl -- processingStrategy.process(record) 處理失敗: Processing failed
java.lang.RuntimeException: Processing failed
	at com.charlessun.javaplcadapter.worker.impl.ConsumerWorkerImpl.pollLoop(ConsumerWorkerImpl.java:51)
	at java.base/java.lang.Thread.run(Thread.java:1583)
11:01:07.130 [Thread-1] ERROR com.charlessun.javaplcadapter.worker.impl.ConsumerWorkerImpl -- processingStrategy.process(record) 處理失敗: Processing failed
java.lang.RuntimeException: Processing failed
	at com.charlessun.javaplcadapter.worker.impl.ConsumerWorkerImpl.pollLoop(ConsumerWorkerImpl.java:51)
	at java.base/java.lang.Thread.run(Thread.java:1583)
11:01:07.131 [Thread-1] ERROR com.charlessun.javaplcadapter.worker.impl.ConsumerWorkerImpl -- processingStrategy.process(record) 處理失敗: Processing failed
java.lang.RuntimeException: Processing failed
	at com.charlessun.javaplcadapter.worker.impl.ConsumerWorkerImpl.pollLoop(ConsumerWorkerImpl.java:51)
	at java.base/java.lang.Thread.run(Thread.java:1583)
11:01:07.131 [Thread-1] ERROR com.charlessun.javaplcadapter.worker.impl.ConsumerWorkerImpl -- processingStrategy.process(record) 處理失敗: Processing failed
java.lang.RuntimeException: Processing failed
	at com.charlessun.javaplcadapter.worker.impl.ConsumerWorkerImpl.pollLoop(ConsumerWorkerImpl.java:51)
	at java.base/java.lang.Thread.run(Thread.java:1583)
11:01:07.131 [Thread-1] ERROR com.charlessun.javaplcadapter.worker.impl.ConsumerWorkerImpl -- processingStrategy.process(record) 處理失敗: Processing failed
java.lang.RuntimeException: Processing failed
	at com.charlessun.javaplcadapter.worker.impl.ConsumerWorkerImpl.pollLoop(ConsumerWorkerImpl.java:51)
	at java.base/java.lang.Thread.run(Thread.java:1583)
11:01:07.131 [Thread-1] ERROR com.charlessun.javaplcadapter.worker.impl.ConsumerWorkerImpl -- processingStrategy.process(record) 處理失敗: Processing failed
java.lang.RuntimeException: Processing failed
	at com.charlessun.javaplcadapter.worker.impl.ConsumerWorkerImpl.pollLoop(ConsumerWorkerImpl.java:51)
	at java.base/java.lang.Thread.run(Thread.java:1583)
11:01:07.131 [Thread-1] ERROR com.charlessun.javaplcadapter.worker.impl.ConsumerWorkerImpl -- processingStrategy.process(record) 處理失敗: Processing failed
java.lang.RuntimeException: Processing failed
	at com.charlessun.javaplcadapter.worker.impl.ConsumerWorkerImpl.pollLoop(ConsumerWorkerImpl.java:51)
	at java.base/java.lang.Thread.run(Thread.java:1583)
11:01:07.131 [Thread-1] ERROR com.charlessun.javaplcadapter.worker.impl.ConsumerWorkerImpl -- processingStrategy.process(record) 處理失敗: Processing failed
java.lang.RuntimeException: Processing failed
	at com.charlessun.javaplcadapter.worker.impl.ConsumerWorkerImpl.pollLoop(ConsumerWorkerImpl.java:51)
	at java.base/java.lang.Thread.run(Thread.java:1583)
11:01:07.131 [Thread-1] ERROR com.charlessun.javaplcadapter.worker.impl.ConsumerWorkerImpl -- processingStrategy.process(record) 處理失敗: Processing failed
java.lang.RuntimeException: Processing failed
	at com.charlessun.javaplcadapter.worker.impl.ConsumerWorkerImpl.pollLoop(ConsumerWorkerImpl.java:51)
	at java.base/java.lang.Thread.run(Thread.java:1583)
11:01:07.131 [Thread-1] ERROR com.charlessun.javaplcadapter.worker.impl.ConsumerWorkerImpl -- processingStrategy.process(record) 處理失敗: Processing failed
java.lang.RuntimeException: Processing failed
	at com.charlessun.javaplcadapter.worker.impl.ConsumerWorkerImpl.pollLoop(ConsumerWorkerImpl.java:51)
	at java.base/java.lang.Thread.run(Thread.java:1583)
11:01:07.131 [Thread-1] ERROR com.charlessun.javaplcadapter.worker.impl.ConsumerWorkerImpl -- processingStrategy.process(record) 處理失敗: Processing failed
java.lang.RuntimeException: Processing failed
	at com.charlessun.javaplcadapter.worker.impl.ConsumerWorkerImpl.pollLoop(ConsumerWorkerImpl.java:51)
	at java.base/java.lang.Thread.run(Thread.java:1583)
11:01:07.131 [Thread-1] ERROR com.charlessun.javaplcadapter.worker.impl.ConsumerWorkerImpl -- processingStrategy.process(record) 處理失敗: Processing failed
java.lang.RuntimeException: Processing failed
	at com.charlessun.javaplcadapter.worker.impl.ConsumerWorkerImpl.pollLoop(ConsumerWorkerImpl.java:51)
	at java.base/java.lang.Thread.run(Thread.java:1583)
11:01:07.132 [Thread-1] ERROR com.charlessun.javaplcadapter.worker.impl.ConsumerWorkerImpl -- processingStrategy.process(record) 處理失敗: Processing failed
java.lang.RuntimeException: Processing failed
	at com.charlessun.javaplcadapter.worker.impl.ConsumerWorkerImpl.pollLoop(ConsumerWorkerImpl.java:51)
	at java.base/java.lang.Thread.run(Thread.java:1583)
11:01:07.132 [Thread-1] ERROR com.charlessun.javaplcadapter.worker.impl.ConsumerWorkerImpl -- processingStrategy.process(record) 處理失敗: Processing failed
java.lang.RuntimeException: Processing failed
	at com.charlessun.javaplcadapter.worker.impl.ConsumerWorkerImpl.pollLoop(ConsumerWorkerImpl.java:51)
	at java.base/java.lang.Thread.run(Thread.java:1583)
11:01:07.132 [Thread-1] ERROR com.charlessun.javaplcadapter.worker.impl.ConsumerWorkerImpl -- processingStrategy.process(record) 處理失敗: Processing failed
java.lang.RuntimeException: Processing failed
	at com.charlessun.javaplcadapter.worker.impl.ConsumerWorkerImpl.pollLoop(ConsumerWorkerImpl.java:51)
	at java.base/java.lang.Thread.run(Thread.java:1583)
11:01:07.132 [Thread-1] ERROR com.charlessun.javaplcadapter.worker.impl.ConsumerWorkerImpl -- processingStrategy.process(record) 處理失敗: Processing failed
java.lang.RuntimeException: Processing failed
	at com.charlessun.javaplcadapter.worker.impl.ConsumerWorkerImpl.pollLoop(ConsumerWorkerImpl.java:51)
	at java.base/java.lang.Thread.run(Thread.java:1583)
11:01:07.132 [Thread-1] ERROR com.charlessun.javaplcadapter.worker.impl.ConsumerWorkerImpl -- processingStrategy.process(record) 處理失敗: Processing failed
java.lang.RuntimeException: Processing failed
	at com.charlessun.javaplcadapter.worker.impl.ConsumerWorkerImpl.pollLoop(ConsumerWorkerImpl.java:51)
	at java.base/java.lang.Thread.run(Thread.java:1583)
11:01:07.133 [Thread-1] ERROR com.charlessun.javaplcadapter.worker.impl.ConsumerWorkerImpl -- processingStrategy.process(record) 處理失敗: Processing failed
java.lang.RuntimeException: Processing failed
	at com.charlessun.javaplcadapter.worker.impl.ConsumerWorkerImpl.pollLoop(ConsumerWorkerImpl.java:51)
	at java.base/java.lang.Thread.run(Thread.java:1583)
11:01:07.133 [Thread-1] ERROR com.charlessun.javaplcadapter.worker.impl.ConsumerWorkerImpl -- processingStrategy.process(record) 處理失敗: Processing failed
java.lang.RuntimeException: Processing failed
	at com.charlessun.javaplcadapter.worker.impl.ConsumerWorkerImpl.pollLoop(ConsumerWorkerImpl.java:51)
	at java.base/java.lang.Thread.run(Thread.java:1583)
11:01:07.133 [Thread-1] ERROR com.charlessun.javaplcadapter.worker.impl.ConsumerWorkerImpl -- processingStrategy.process(record) 處理失敗: Processing failed
java.lang.RuntimeException: Processing failed
	at com.charlessun.javaplcadapter.worker.impl.ConsumerWorkerImpl.pollLoop(ConsumerWorkerImpl.java:51)
	at java.base/java.lang.Thread.run(Thread.java:1583)
11:01:07.133 [Thread-1] ERROR com.charlessun.javaplcadapter.worker.impl.ConsumerWorkerImpl -- processingStrategy.process(record) 處理失敗: Processing failed
java.lang.RuntimeException: Processing failed
	at com.charlessun.javaplcadapter.worker.impl.ConsumerWorkerImpl.pollLoop(ConsumerWorkerImpl.java:51)
	at java.base/java.lang.Thread.run(Thread.java:1583)
11:01:07.133 [Thread-1] ERROR com.charlessun.javaplcadapter.worker.impl.ConsumerWorkerImpl -- processingStrategy.process(record) 處理失敗: Processing failed
java.lang.RuntimeException: Processing failed
	at com.charlessun.javaplcadapter.worker.impl.ConsumerWorkerImpl.pollLoop(ConsumerWorkerImpl.java:51)
	at java.base/java.lang.Thread.run(Thread.java:1583)
11:01:07.133 [Thread-1] ERROR com.charlessun.javaplcadapter.worker.impl.ConsumerWorkerImpl -- processingStrategy.process(record) 處理失敗: Processing failed
java.lang.RuntimeException: Processing failed
	at com.charlessun.javaplcadapter.worker.impl.ConsumerWorkerImpl.pollLoop(ConsumerWorkerImpl.java:51)
	at java.base/java.lang.Thread.run(Thread.java:1583)
11:01:07.134 [Thread-1] ERROR com.charlessun.javaplcadapter.worker.impl.ConsumerWorkerImpl -- processingStrategy.process(record) 處理失敗: Processing failed
java.lang.RuntimeException: Processing failed
	at com.charlessun.javaplcadapter.worker.impl.ConsumerWorkerImpl.pollLoop(ConsumerWorkerImpl.java:51)
	at java.base/java.lang.Thread.run(Thread.java:1583)
11:01:07.134 [Thread-1] ERROR com.charlessun.javaplcadapter.worker.impl.ConsumerWorkerImpl -- processingStrategy.process(record) 處理失敗: Processing failed
java.lang.RuntimeException: Processing failed
	at com.charlessun.javaplcadapter.worker.impl.ConsumerWorkerImpl.pollLoop(ConsumerWorkerImpl.java:51)
	at java.base/java.lang.Thread.run(Thread.java:1583)
11:01:07.134 [Thread-1] ERROR com.charlessun.javaplcadapter.worker.impl.ConsumerWorkerImpl -- processingStrategy.process(record) 處理失敗: Processing failed
java.lang.RuntimeException: Processing failed
	at com.charlessun.javaplcadapter.worker.impl.ConsumerWorkerImpl.pollLoop(ConsumerWorkerImpl.java:51)
	at java.base/java.lang.Thread.run(Thread.java:1583)
11:01:07.134 [Thread-1] ERROR com.charlessun.javaplcadapter.worker.impl.ConsumerWorkerImpl -- processingStrategy.process(record) 處理失敗: Processing failed
java.lang.RuntimeException: Processing failed
	at com.charlessun.javaplcadapter.worker.impl.ConsumerWorkerImpl.pollLoop(ConsumerWorkerImpl.java:51)
	at java.base/java.lang.Thread.run(Thread.java:1583)
11:01:07.134 [Thread-1] ERROR com.charlessun.javaplcadapter.worker.impl.ConsumerWorkerImpl -- processingStrategy.process(record) 處理失敗: Processing failed
java.lang.RuntimeException: Processing failed
	at com.charlessun.javaplcadapter.worker.impl.ConsumerWorkerImpl.pollLoop(ConsumerWorkerImpl.java:51)
	at java.base/java.lang.Thread.run(Thread.java:1583)
11:01:07.134 [Thread-1] ERROR com.charlessun.javaplcadapter.worker.impl.ConsumerWorkerImpl -- processingStrategy.process(record) 處理失敗: Processing failed
java.lang.RuntimeException: Processing failed
	at com.charlessun.javaplcadapter.worker.impl.ConsumerWorkerImpl.pollLoop(ConsumerWorkerImpl.java:51)
	at java.base/java.lang.Thread.run(Thread.java:1583)
11:01:07.134 [Thread-1] ERROR com.charlessun.javaplcadapter.worker.impl.ConsumerWorkerImpl -- processingStrategy.process(record) 處理失敗: Processing failed
java.lang.RuntimeException: Processing failed
	at com.charlessun.javaplcadapter.worker.impl.ConsumerWorkerImpl.pollLoop(ConsumerWorkerImpl.java:51)
	at java.base/java.lang.Thread.run(Thread.java:1583)
11:01:07.135 [Thread-1] ERROR com.charlessun.javaplcadapter.worker.impl.ConsumerWorkerImpl -- processingStrategy.process(record) 處理失敗: Processing failed
java.lang.RuntimeException: Processing failed
	at com.charlessun.javaplcadapter.worker.impl.ConsumerWorkerImpl.pollLoop(ConsumerWorkerImpl.java:51)
	at java.base/java.lang.Thread.run(Thread.java:1583)
11:01:07.135 [Thread-1] ERROR com.charlessun.javaplcadapter.worker.impl.ConsumerWorkerImpl -- processingStrategy.process(record) 處理失敗: Processing failed
java.lang.RuntimeException: Processing failed
	at com.charlessun.javaplcadapter.worker.impl.ConsumerWorkerImpl.pollLoop(ConsumerWorkerImpl.java:51)
	at java.base/java.lang.Thread.run(Thread.java:1583)
11:01:07.135 [Thread-1] ERROR com.charlessun.javaplcadapter.worker.impl.ConsumerWorkerImpl -- processingStrategy.process(record) 處理失敗: Processing failed
java.lang.RuntimeException: Processing failed
	at com.charlessun.javaplcadapter.worker.impl.ConsumerWorkerImpl.pollLoop(ConsumerWorkerImpl.java:51)
	at java.base/java.lang.Thread.run(Thread.java:1583)
11:01:07.135 [Thread-1] ERROR com.charlessun.javaplcadapter.worker.impl.ConsumerWorkerImpl -- processingStrategy.process(record) 處理失敗: Processing failed
java.lang.RuntimeException: Processing failed
	at com.charlessun.javaplcadapter.worker.impl.ConsumerWorkerImpl.pollLoop(ConsumerWorkerImpl.java:51)
	at java.base/java.lang.Thread.run(Thread.java:1583)
11:01:07.135 [Thread-1] ERROR com.charlessun.javaplcadapter.worker.impl.ConsumerWorkerImpl -- processingStrategy.process(record) 處理失敗: Processing failed
java.lang.RuntimeException: Processing failed
	at com.charlessun.javaplcadapter.worker.impl.ConsumerWorkerImpl.pollLoop(ConsumerWorkerImpl.java:51)
	at java.base/java.lang.Thread.run(Thread.java:1583)
11:01:07.135 [Thread-1] ERROR com.charlessun.javaplcadapter.worker.impl.ConsumerWorkerImpl -- processingStrategy.process(record) 處理失敗: Processing failed
java.lang.RuntimeException: Processing failed
	at com.charlessun.javaplcadapter.worker.impl.ConsumerWorkerImpl.pollLoop(ConsumerWorkerImpl.java:51)
	at java.base/java.lang.Thread.run(Thread.java:1583)
11:01:07.135 [Thread-1] ERROR com.charlessun.javaplcadapter.worker.impl.ConsumerWorkerImpl -- processingStrategy.process(record) 處理失敗: Processing failed
java.lang.RuntimeException: Processing failed
	at com.charlessun.javaplcadapter.worker.impl.ConsumerWorkerImpl.pollLoop(ConsumerWorkerImpl.java:51)
	at java.base/java.lang.Thread.run(Thread.java:1583)
11:01:07.135 [Thread-1] ERROR com.charlessun.javaplcadapter.worker.impl.ConsumerWorkerImpl -- processingStrategy.process(record) 處理失敗: Processing failed
java.lang.RuntimeException: Processing failed
	at com.charlessun.javaplcadapter.worker.impl.ConsumerWorkerImpl.pollLoop(ConsumerWorkerImpl.java:51)
	at java.base/java.lang.Thread.run(Thread.java:1583)
11:01:07.135 [Thread-1] ERROR com.charlessun.javaplcadapter.worker.impl.ConsumerWorkerImpl -- processingStrategy.process(record) 處理失敗: Processing failed
java.lang.RuntimeException: Processing failed
	at com.charlessun.javaplcadapter.worker.impl.ConsumerWorkerImpl.pollLoop(ConsumerWorkerImpl.java:51)
	at java.base/java.lang.Thread.run(Thread.java:1583)
11:01:07.135 [Thread-1] ERROR com.charlessun.javaplcadapter.worker.impl.ConsumerWorkerImpl -- processingStrategy.process(record) 處理失敗: Processing failed
java.lang.RuntimeException: Processing failed
	at com.charlessun.javaplcadapter.worker.impl.ConsumerWorkerImpl.pollLoop(ConsumerWorkerImpl.java:51)
	at java.base/java.lang.Thread.run(Thread.java:1583)
11:01:07.136 [Thread-1] ERROR com.charlessun.javaplcadapter.worker.impl.ConsumerWorkerImpl -- processingStrategy.process(record) 處理失敗: Processing failed
java.lang.RuntimeException: Processing failed
	at com.charlessun.javaplcadapter.worker.impl.ConsumerWorkerImpl.pollLoop(ConsumerWorkerImpl.java:51)
	at java.base/java.lang.Thread.run(Thread.java:1583)
11:01:07.136 [Thread-1] ERROR com.charlessun.javaplcadapter.worker.impl.ConsumerWorkerImpl -- processingStrategy.process(record) 處理失敗: Processing failed
java.lang.RuntimeException: Processing failed
	at com.charlessun.javaplcadapter.worker.impl.ConsumerWorkerImpl.pollLoop(ConsumerWorkerImpl.java:51)
	at java.base/java.lang.Thread.run(Thread.java:1583)
11:01:07.136 [Thread-1] ERROR com.charlessun.javaplcadapter.worker.impl.ConsumerWorkerImpl -- processingStrategy.process(record) 處理失敗: Processing failed
java.lang.RuntimeException: Processing failed
	at com.charlessun.javaplcadapter.worker.impl.ConsumerWorkerImpl.pollLoop(ConsumerWorkerImpl.java:51)
	at java.base/java.lang.Thread.run(Thread.java:1583)
11:01:07.136 [Thread-1] ERROR com.charlessun.javaplcadapter.worker.impl.ConsumerWorkerImpl -- processingStrategy.process(record) 處理失敗: Processing failed
java.lang.RuntimeException: Processing failed
	at com.charlessun.javaplcadapter.worker.impl.ConsumerWorkerImpl.pollLoop(ConsumerWorkerImpl.java:51)
	at java.base/java.lang.Thread.run(Thread.java:1583)
11:01:07.136 [Thread-1] ERROR com.charlessun.javaplcadapter.worker.impl.ConsumerWorkerImpl -- processingStrategy.process(record) 處理失敗: Processing failed
java.lang.RuntimeException: Processing failed
	at com.charlessun.javaplcadapter.worker.impl.ConsumerWorkerImpl.pollLoop(ConsumerWorkerImpl.java:51)
	at java.base/java.lang.Thread.run(Thread.java:1583)
11:01:07.136 [Thread-1] ERROR com.charlessun.javaplcadapter.worker.impl.ConsumerWorkerImpl -- processingStrategy.process(record) 處理失敗: Processing failed
java.lang.RuntimeException: Processing failed
	at com.charlessun.javaplcadapter.worker.impl.ConsumerWorkerImpl.pollLoop(ConsumerWorkerImpl.java:51)
	at java.base/java.lang.Thread.run(Thread.java:1583)
11:01:07.136 [Thread-1] ERROR com.charlessun.javaplcadapter.worker.impl.ConsumerWorkerImpl -- processingStrategy.process(record) 處理失敗: Processing failed
java.lang.RuntimeException: Processing failed
	at com.charlessun.javaplcadapter.worker.impl.ConsumerWorkerImpl.pollLoop(ConsumerWorkerImpl.java:51)
	at java.base/java.lang.Thread.run(Thread.java:1583)
11:01:07.136 [Thread-1] ERROR com.charlessun.javaplcadapter.worker.impl.ConsumerWorkerImpl -- processingStrategy.process(record) 處理失敗: Processing failed
java.lang.RuntimeException: Processing failed
	at com.charlessun.javaplcadapter.worker.impl.ConsumerWorkerImpl.pollLoop(ConsumerWorkerImpl.java:51)
	at java.base/java.lang.Thread.run(Thread.java:1583)
11:01:07.136 [Thread-1] ERROR com.charlessun.javaplcadapter.worker.impl.ConsumerWorkerImpl -- processingStrategy.process(record) 處理失敗: Processing failed
java.lang.RuntimeException: Processing failed
	at com.charlessun.javaplcadapter.worker.impl.ConsumerWorkerImpl.pollLoop(ConsumerWorkerImpl.java:51)
	at java.base/java.lang.Thread.run(Thread.java:1583)
11:01:07.136 [Thread-1] ERROR com.charlessun.javaplcadapter.worker.impl.ConsumerWorkerImpl -- processingStrategy.process(record) 處理失敗: Processing failed
java.lang.RuntimeException: Processing failed
	at com.charlessun.javaplcadapter.worker.impl.ConsumerWorkerImpl.pollLoop(ConsumerWorkerImpl.java:51)
	at java.base/java.lang.Thread.run(Thread.java:1583)
11:01:07.136 [Thread-1] ERROR com.charlessun.javaplcadapter.worker.impl.ConsumerWorkerImpl -- processingStrategy.process(record) 處理失敗: Processing failed
java.lang.RuntimeException: Processing failed
	at com.charlessun.javaplcadapter.worker.impl.ConsumerWorkerImpl.pollLoop(ConsumerWorkerImpl.java:51)
	at java.base/java.lang.Thread.run(Thread.java:1583)
11:01:07.137 [Thread-1] ERROR com.charlessun.javaplcadapter.worker.impl.ConsumerWorkerImpl -- processingStrategy.process(record) 處理失敗: Processing failed
java.lang.RuntimeException: Processing failed
	at com.charlessun.javaplcadapter.worker.impl.ConsumerWorkerImpl.pollLoop(ConsumerWorkerImpl.java:51)
	at java.base/java.lang.Thread.run(Thread.java:1583)
11:01:07.137 [Thread-1] ERROR com.charlessun.javaplcadapter.worker.impl.ConsumerWorkerImpl -- processingStrategy.process(record) 處理失敗: Processing failed
java.lang.RuntimeException: Processing failed
	at com.charlessun.javaplcadapter.worker.impl.ConsumerWorkerImpl.pollLoop(ConsumerWorkerImpl.java:51)
	at java.base/java.lang.Thread.run(Thread.java:1583)
11:01:07.137 [Thread-1] ERROR com.charlessun.javaplcadapter.worker.impl.ConsumerWorkerImpl -- processingStrategy.process(record) 處理失敗: Processing failed
java.lang.RuntimeException: Processing failed
	at com.charlessun.javaplcadapter.worker.impl.ConsumerWorkerImpl.pollLoop(ConsumerWorkerImpl.java:51)
	at java.base/java.lang.Thread.run(Thread.java:1583)
11:01:07.137 [Thread-1] ERROR com.charlessun.javaplcadapter.worker.impl.ConsumerWorkerImpl -- processingStrategy.process(record) 處理失敗: Processing failed
java.lang.RuntimeException: Processing failed
	at com.charlessun.javaplcadapter.worker.impl.ConsumerWorkerImpl.pollLoop(ConsumerWorkerImpl.java:51)
	at java.base/java.lang.Thread.run(Thread.java:1583)
11:01:07.137 [Thread-1] ERROR com.charlessun.javaplcadapter.worker.impl.ConsumerWorkerImpl -- processingStrategy.process(record) 處理失敗: Processing failed
java.lang.RuntimeException: Processing failed
	at com.charlessun.javaplcadapter.worker.impl.ConsumerWorkerImpl.pollLoop(ConsumerWorkerImpl.java:51)
	at java.base/java.lang.Thread.run(Thread.java:1583)
11:01:07.137 [Thread-1] ERROR com.charlessun.javaplcadapter.worker.impl.ConsumerWorkerImpl -- processingStrategy.process(record) 處理失敗: Processing failed
java.lang.RuntimeException: Processing failed
	at com.charlessun.javaplcadapter.worker.impl.ConsumerWorkerImpl.pollLoop(ConsumerWorkerImpl.java:51)
	at java.base/java.lang.Thread.run(Thread.java:1583)
11:01:07.137 [Thread-1] ERROR com.charlessun.javaplcadapter.worker.impl.ConsumerWorkerImpl -- processingStrategy.process(record) 處理失敗: Processing failed
java.lang.RuntimeException: Processing failed
	at com.charlessun.javaplcadapter.worker.impl.ConsumerWorkerImpl.pollLoop(ConsumerWorkerImpl.java:51)
	at java.base/java.lang.Thread.run(Thread.java:1583)
11:01:07.137 [Thread-1] ERROR com.charlessun.javaplcadapter.worker.impl.ConsumerWorkerImpl -- processingStrategy.process(record) 處理失敗: Processing failed
java.lang.RuntimeException: Processing failed
	at com.charlessun.javaplcadapter.worker.impl.ConsumerWorkerImpl.pollLoop(ConsumerWorkerImpl.java:51)
	at java.base/java.lang.Thread.run(Thread.java:1583)
11:01:07.137 [Thread-1] ERROR com.charlessun.javaplcadapter.worker.impl.ConsumerWorkerImpl -- processingStrategy.process(record) 處理失敗: Processing failed
java.lang.RuntimeException: Processing failed
	at com.charlessun.javaplcadapter.worker.impl.ConsumerWorkerImpl.pollLoop(ConsumerWorkerImpl.java:51)
	at java.base/java.lang.Thread.run(Thread.java:1583)
11:01:07.138 [Thread-1] ERROR com.charlessun.javaplcadapter.worker.impl.ConsumerWorkerImpl -- processingStrategy.process(record) 處理失敗: Processing failed
java.lang.RuntimeException: Processing failed
	at com.charlessun.javaplcadapter.worker.impl.ConsumerWorkerImpl.pollLoop(ConsumerWorkerImpl.java:51)
	at java.base/java.lang.Thread.run(Thread.java:1583)
11:01:07.138 [Thread-1] ERROR com.charlessun.javaplcadapter.worker.impl.ConsumerWorkerImpl -- processingStrategy.process(record) 處理失敗: Processing failed
java.lang.RuntimeException: Processing failed
	at com.charlessun.javaplcadapter.worker.impl.ConsumerWorkerImpl.pollLoop(ConsumerWorkerImpl.java:51)
	at java.base/java.lang.Thread.run(Thread.java:1583)
11:01:07.138 [Thread-1] ERROR com.charlessun.javaplcadapter.worker.impl.ConsumerWorkerImpl -- processingStrategy.process(record) 處理失敗: Processing failed
java.lang.RuntimeException: Processing failed
	at com.charlessun.javaplcadapter.worker.impl.ConsumerWorkerImpl.pollLoop(ConsumerWorkerImpl.java:51)
	at java.base/java.lang.Thread.run(Thread.java:1583)
11:01:07.138 [Thread-1] ERROR com.charlessun.javaplcadapter.worker.impl.ConsumerWorkerImpl -- processingStrategy.process(record) 處理失敗: Processing failed
java.lang.RuntimeException: Processing failed
	at com.charlessun.javaplcadapter.worker.impl.ConsumerWorkerImpl.pollLoop(ConsumerWorkerImpl.java:51)
	at java.base/java.lang.Thread.run(Thread.java:1583)
11:01:07.138 [Thread-1] ERROR com.charlessun.javaplcadapter.worker.impl.ConsumerWorkerImpl -- processingStrategy.process(record) 處理失敗: Processing failed
java.lang.RuntimeException: Processing failed
	at com.charlessun.javaplcadapter.worker.impl.ConsumerWorkerImpl.pollLoop(ConsumerWorkerImpl.java:51)
	at java.base/java.lang.Thread.run(Thread.java:1583)
11:01:07.138 [Thread-1] ERROR com.charlessun.javaplcadapter.worker.impl.ConsumerWorkerImpl -- processingStrategy.process(record) 處理失敗: Processing failed
java.lang.RuntimeException: Processing failed
	at com.charlessun.javaplcadapter.worker.impl.ConsumerWorkerImpl.pollLoop(ConsumerWorkerImpl.java:51)
	at java.base/java.lang.Thread.run(Thread.java:1583)
11:01:07.138 [Thread-1] ERROR com.charlessun.javaplcadapter.worker.impl.ConsumerWorkerImpl -- processingStrategy.process(record) 處理失敗: Processing failed
java.lang.RuntimeException: Processing failed
	at com.charlessun.javaplcadapter.worker.impl.ConsumerWorkerImpl.pollLoop(ConsumerWorkerImpl.java:51)
	at java.base/java.lang.Thread.run(Thread.java:1583)
11:01:07.138 [Thread-1] ERROR com.charlessun.javaplcadapter.worker.impl.ConsumerWorkerImpl -- processingStrategy.process(record) 處理失敗: Processing failed
java.lang.RuntimeException: Processing failed
	at com.charlessun.javaplcadapter.worker.impl.ConsumerWorkerImpl.pollLoop(ConsumerWorkerImpl.java:51)
	at java.base/java.lang.Thread.run(Thread.java:1583)
11:01:07.139 [Thread-1] ERROR com.charlessun.javaplcadapter.worker.impl.ConsumerWorkerImpl -- processingStrategy.process(record) 處理失敗: Processing failed
java.lang.RuntimeException: Processing failed
	at com.charlessun.javaplcadapter.worker.impl.ConsumerWorkerImpl.pollLoop(ConsumerWorkerImpl.java:51)
	at java.base/java.lang.Thread.run(Thread.java:1583)
11:01:07.139 [Thread-1] ERROR com.charlessun.javaplcadapter.worker.impl.ConsumerWorkerImpl -- processingStrategy.process(record) 處理失敗: Processing failed
java.lang.RuntimeException: Processing failed
	at com.charlessun.javaplcadapter.worker.impl.ConsumerWorkerImpl.pollLoop(ConsumerWorkerImpl.java:51)
	at java.base/java.lang.Thread.run(Thread.java:1583)
11:01:07.139 [Thread-1] ERROR com.charlessun.javaplcadapter.worker.impl.ConsumerWorkerImpl -- processingStrategy.process(record) 處理失敗: Processing failed
java.lang.RuntimeException: Processing failed
	at com.charlessun.javaplcadapter.worker.impl.ConsumerWorkerImpl.pollLoop(ConsumerWorkerImpl.java:51)
	at java.base/java.lang.Thread.run(Thread.java:1583)
11:01:07.139 [Thread-1] ERROR com.charlessun.javaplcadapter.worker.impl.ConsumerWorkerImpl -- processingStrategy.process(record) 處理失敗: Processing failed
java.lang.RuntimeException: Processing failed
	at com.charlessun.javaplcadapter.worker.impl.ConsumerWorkerImpl.pollLoop(ConsumerWorkerImpl.java:51)
	at java.base/java.lang.Thread.run(Thread.java:1583)
11:01:07.139 [Thread-1] ERROR com.charlessun.javaplcadapter.worker.impl.ConsumerWorkerImpl -- processingStrategy.process(record) 處理失敗: Processing failed
java.lang.RuntimeException: Processing failed
	at com.charlessun.javaplcadapter.worker.impl.ConsumerWorkerImpl.pollLoop(ConsumerWorkerImpl.java:51)
	at java.base/java.lang.Thread.run(Thread.java:1583)
11:01:07.139 [Thread-1] ERROR com.charlessun.javaplcadapter.worker.impl.ConsumerWorkerImpl -- processingStrategy.process(record) 處理失敗: Processing failed
java.lang.RuntimeException: Processing failed
	at com.charlessun.javaplcadapter.worker.impl.ConsumerWorkerImpl.pollLoop(ConsumerWorkerImpl.java:51)
	at java.base/java.lang.Thread.run(Thread.java:1583)
11:01:07.139 [Thread-1] ERROR com.charlessun.javaplcadapter.worker.impl.ConsumerWorkerImpl -- processingStrategy.process(record) 處理失敗: Processing failed
java.lang.RuntimeException: Processing failed
	at com.charlessun.javaplcadapter.worker.impl.ConsumerWorkerImpl.pollLoop(ConsumerWorkerImpl.java:51)
	at java.base/java.lang.Thread.run(Thread.java:1583)
11:01:07.140 [Thread-1] ERROR com.charlessun.javaplcadapter.worker.impl.ConsumerWorkerImpl -- processingStrategy.process(record) 處理失敗: Processing failed
java.lang.RuntimeException: Processing failed
	at com.charlessun.javaplcadapter.worker.impl.ConsumerWorkerImpl.pollLoop(ConsumerWorkerImpl.java:51)
	at java.base/java.lang.Thread.run(Thread.java:1583)
11:01:07.140 [Thread-1] ERROR com.charlessun.javaplcadapter.worker.impl.ConsumerWorkerImpl -- processingStrategy.process(record) 處理失敗: Processing failed
java.lang.RuntimeException: Processing failed
	at com.charlessun.javaplcadapter.worker.impl.ConsumerWorkerImpl.pollLoop(ConsumerWorkerImpl.java:51)
	at java.base/java.lang.Thread.run(Thread.java:1583)
11:01:07.140 [Thread-1] ERROR com.charlessun.javaplcadapter.worker.impl.ConsumerWorkerImpl -- processingStrategy.process(record) 處理失敗: Processing failed
java.lang.RuntimeException: Processing failed
	at com.charlessun.javaplcadapter.worker.impl.ConsumerWorkerImpl.pollLoop(ConsumerWorkerImpl.java:51)
	at java.base/java.lang.Thread.run(Thread.java:1583)
11:01:07.140 [Thread-1] ERROR com.charlessun.javaplcadapter.worker.impl.ConsumerWorkerImpl -- processingStrategy.process(record) 處理失敗: Processing failed
java.lang.RuntimeException: Processing failed
	at com.charlessun.javaplcadapter.worker.impl.ConsumerWorkerImpl.pollLoop(ConsumerWorkerImpl.java:51)
	at java.base/java.lang.Thread.run(Thread.java:1583)
11:01:07.140 [Thread-1] ERROR com.charlessun.javaplcadapter.worker.impl.ConsumerWorkerImpl -- processingStrategy.process(record) 處理失敗: Processing failed
java.lang.RuntimeException: Processing failed
	at com.charlessun.javaplcadapter.worker.impl.ConsumerWorkerImpl.pollLoop(ConsumerWorkerImpl.java:51)
	at java.base/java.lang.Thread.run(Thread.java:1583)
11:01:07.140 [Thread-1] ERROR com.charlessun.javaplcadapter.worker.impl.ConsumerWorkerImpl -- processingStrategy.process(record) 處理失敗: Processing failed
java.lang.RuntimeException: Processing failed
	at com.charlessun.javaplcadapter.worker.impl.ConsumerWorkerImpl.pollLoop(ConsumerWorkerImpl.java:51)
	at java.base/java.lang.Thread.run(Thread.java:1583)
11:01:07.140 [Thread-1] ERROR com.charlessun.javaplcadapter.worker.impl.ConsumerWorkerImpl -- processingStrategy.process(record) 處理失敗: Processing failed
java.lang.RuntimeException: Processing failed
	at com.charlessun.javaplcadapter.worker.impl.ConsumerWorkerImpl.pollLoop(ConsumerWorkerImpl.java:51)
	at java.base/java.lang.Thread.run(Thread.java:1583)
11:01:07.141 [Thread-1] ERROR com.charlessun.javaplcadapter.worker.impl.ConsumerWorkerImpl -- processingStrategy.process(record) 處理失敗: Processing failed
java.lang.RuntimeException: Processing failed
	at com.charlessun.javaplcadapter.worker.impl.ConsumerWorkerImpl.pollLoop(ConsumerWorkerImpl.java:51)
	at java.base/java.lang.Thread.run(Thread.java:1583)
11:01:07.141 [Thread-1] ERROR com.charlessun.javaplcadapter.worker.impl.ConsumerWorkerImpl -- processingStrategy.process(record) 處理失敗: Processing failed
java.lang.RuntimeException: Processing failed
	at com.charlessun.javaplcadapter.worker.impl.ConsumerWorkerImpl.pollLoop(ConsumerWorkerImpl.java:51)
	at java.base/java.lang.Thread.run(Thread.java:1583)
11:01:07.141 [Thread-1] ERROR com.charlessun.javaplcadapter.worker.impl.ConsumerWorkerImpl -- processingStrategy.process(record) 處理失敗: Processing failed
java.lang.RuntimeException: Processing failed
	at com.charlessun.javaplcadapter.worker.impl.ConsumerWorkerImpl.pollLoop(ConsumerWorkerImpl.java:51)
	at java.base/java.lang.Thread.run(Thread.java:1583)
11:01:07.141 [Thread-1] ERROR com.charlessun.javaplcadapter.worker.impl.ConsumerWorkerImpl -- processingStrategy.process(record) 處理失敗: Processing failed
java.lang.RuntimeException: Processing failed
	at com.charlessun.javaplcadapter.worker.impl.ConsumerWorkerImpl.pollLoop(ConsumerWorkerImpl.java:51)
	at java.base/java.lang.Thread.run(Thread.java:1583)
11:01:07.141 [Thread-1] ERROR com.charlessun.javaplcadapter.worker.impl.ConsumerWorkerImpl -- processingStrategy.process(record) 處理失敗: Processing failed
java.lang.RuntimeException: Processing failed
	at com.charlessun.javaplcadapter.worker.impl.ConsumerWorkerImpl.pollLoop(ConsumerWorkerImpl.java:51)
	at java.base/java.lang.Thread.run(Thread.java:1583)
11:01:07.141 [Thread-1] ERROR com.charlessun.javaplcadapter.worker.impl.ConsumerWorkerImpl -- processingStrategy.process(record) 處理失敗: Processing failed
java.lang.RuntimeException: Processing failed
	at com.charlessun.javaplcadapter.worker.impl.ConsumerWorkerImpl.pollLoop(ConsumerWorkerImpl.java:51)
	at java.base/java.lang.Thread.run(Thread.java:1583)
11:01:07.141 [Thread-1] ERROR com.charlessun.javaplcadapter.worker.impl.ConsumerWorkerImpl -- processingStrategy.process(record) 處理失敗: Processing failed
java.lang.RuntimeException: Processing failed
	at com.charlessun.javaplcadapter.worker.impl.ConsumerWorkerImpl.pollLoop(ConsumerWorkerImpl.java:51)
	at java.base/java.lang.Thread.run(Thread.java:1583)
11:01:07.142 [Thread-1] ERROR com.charlessun.javaplcadapter.worker.impl.ConsumerWorkerImpl -- processingStrategy.process(record) 處理失敗: Processing failed
java.lang.RuntimeException: Processing failed
	at com.charlessun.javaplcadapter.worker.impl.ConsumerWorkerImpl.pollLoop(ConsumerWorkerImpl.java:51)
	at java.base/java.lang.Thread.run(Thread.java:1583)
11:01:07.142 [Thread-1] ERROR com.charlessun.javaplcadapter.worker.impl.ConsumerWorkerImpl -- processingStrategy.process(record) 處理失敗: Processing failed
java.lang.RuntimeException: Processing failed
	at com.charlessun.javaplcadapter.worker.impl.ConsumerWorkerImpl.pollLoop(ConsumerWorkerImpl.java:51)
	at java.base/java.lang.Thread.run(Thread.java:1583)
11:01:07.142 [Thread-1] ERROR com.charlessun.javaplcadapter.worker.impl.ConsumerWorkerImpl -- processingStrategy.process(record) 處理失敗: Processing failed
java.lang.RuntimeException: Processing failed
	at com.charlessun.javaplcadapter.worker.impl.ConsumerWorkerImpl.pollLoop(ConsumerWorkerImpl.java:51)
	at java.base/java.lang.Thread.run(Thread.java:1583)
11:01:07.142 [Thread-1] ERROR com.charlessun.javaplcadapter.worker.impl.ConsumerWorkerImpl -- processingStrategy.process(record) 處理失敗: Processing failed
java.lang.RuntimeException: Processing failed
	at com.charlessun.javaplcadapter.worker.impl.ConsumerWorkerImpl.pollLoop(ConsumerWorkerImpl.java:51)
	at java.base/java.lang.Thread.run(Thread.java:1583)
11:01:07.142 [Thread-1] ERROR com.charlessun.javaplcadapter.worker.impl.ConsumerWorkerImpl -- processingStrategy.process(record) 處理失敗: Processing failed
java.lang.RuntimeException: Processing failed
	at com.charlessun.javaplcadapter.worker.impl.ConsumerWorkerImpl.pollLoop(ConsumerWorkerImpl.java:51)
	at java.base/java.lang.Thread.run(Thread.java:1583)
11:01:07.142 [Thread-1] ERROR com.charlessun.javaplcadapter.worker.impl.ConsumerWorkerImpl -- processingStrategy.process(record) 處理失敗: Processing failed
java.lang.RuntimeException: Processing failed
	at com.charlessun.javaplcadapter.worker.impl.ConsumerWorkerImpl.pollLoop(ConsumerWorkerImpl.java:51)
	at java.base/java.lang.Thread.run(Thread.java:1583)
11:01:07.142 [Thread-1] ERROR com.charlessun.javaplcadapter.worker.impl.ConsumerWorkerImpl -- processingStrategy.process(record) 處理失敗: Processing failed
java.lang.RuntimeException: Processing failed
	at com.charlessun.javaplcadapter.worker.impl.ConsumerWorkerImpl.pollLoop(ConsumerWorkerImpl.java:51)
	at java.base/java.lang.Thread.run(Thread.java:1583)
11:01:07.142 [Thread-1] ERROR com.charlessun.javaplcadapter.worker.impl.ConsumerWorkerImpl -- processingStrategy.process(record) 處理失敗: Processing failed
java.lang.RuntimeException: Processing failed
	at com.charlessun.javaplcadapter.worker.impl.ConsumerWorkerImpl.pollLoop(ConsumerWorkerImpl.java:51)
	at java.base/java.lang.Thread.run(Thread.java:1583)
11:01:07.143 [Thread-1] ERROR com.charlessun.javaplcadapter.worker.impl.ConsumerWorkerImpl -- processingStrategy.process(record) 處理失敗: Processing failed
java.lang.RuntimeException: Processing failed
	at com.charlessun.javaplcadapter.worker.impl.ConsumerWorkerImpl.pollLoop(ConsumerWorkerImpl.java:51)
	at java.base/java.lang.Thread.run(Thread.java:1583)
11:01:07.143 [Thread-1] ERROR com.charlessun.javaplcadapter.worker.impl.ConsumerWorkerImpl -- processingStrategy.process(record) 處理失敗: Processing failed
java.lang.RuntimeException: Processing failed
	at com.charlessun.javaplcadapter.worker.impl.ConsumerWorkerImpl.pollLoop(ConsumerWorkerImpl.java:51)
	at java.base/java.lang.Thread.run(Thread.java:1583)
11:01:07.143 [Thread-1] ERROR com.charlessun.javaplcadapter.worker.impl.ConsumerWorkerImpl -- processingStrategy.process(record) 處理失敗: Processing failed
java.lang.RuntimeException: Processing failed
	at com.charlessun.javaplcadapter.worker.impl.ConsumerWorkerImpl.pollLoop(ConsumerWorkerImpl.java:51)
	at java.base/java.lang.Thread.run(Thread.java:1583)
11:01:07.143 [Thread-1] ERROR com.charlessun.javaplcadapter.worker.impl.ConsumerWorkerImpl -- processingStrategy.process(record) 處理失敗: Processing failed
java.lang.RuntimeException: Processing failed
	at com.charlessun.javaplcadapter.worker.impl.ConsumerWorkerImpl.pollLoop(ConsumerWorkerImpl.java:51)
	at java.base/java.lang.Thread.run(Thread.java:1583)
11:01:07.143 [Thread-1] ERROR com.charlessun.javaplcadapter.worker.impl.ConsumerWorkerImpl -- processingStrategy.process(record) 處理失敗: Processing failed
java.lang.RuntimeException: Processing failed
	at com.charlessun.javaplcadapter.worker.impl.ConsumerWorkerImpl.pollLoop(ConsumerWorkerImpl.java:51)
	at java.base/java.lang.Thread.run(Thread.java:1583)
11:01:07.143 [Thread-1] ERROR com.charlessun.javaplcadapter.worker.impl.ConsumerWorkerImpl -- processingStrategy.process(record) 處理失敗: Processing failed
java.lang.RuntimeException: Processing failed
	at com.charlessun.javaplcadapter.worker.impl.ConsumerWorkerImpl.pollLoop(ConsumerWorkerImpl.java:51)
	at java.base/java.lang.Thread.run(Thread.java:1583)
11:01:07.143 [Thread-1] ERROR com.charlessun.javaplcadapter.worker.impl.ConsumerWorkerImpl -- processingStrategy.process(record) 處理失敗: Processing failed
java.lang.RuntimeException: Processing failed
	at com.charlessun.javaplcadapter.worker.impl.ConsumerWorkerImpl.pollLoop(ConsumerWorkerImpl.java:51)
	at java.base/java.lang.Thread.run(Thread.java:1583)
11:01:07.143 [Thread-1] ERROR com.charlessun.javaplcadapter.worker.impl.ConsumerWorkerImpl -- processingStrategy.process(record) 處理失敗: Processing failed
java.lang.RuntimeException: Processing failed
	at com.charlessun.javaplcadapter.worker.impl.ConsumerWorkerImpl.pollLoop(ConsumerWorkerImpl.java:51)
	at java.base/java.lang.Thread.run(Thread.java:1583)
11:01:07.144 [Thread-1] ERROR com.charlessun.javaplcadapter.worker.impl.ConsumerWorkerImpl -- processingStrategy.process(record) 處理失敗: Processing failed
java.lang.RuntimeException: Processing failed
	at com.charlessun.javaplcadapter.worker.impl.ConsumerWorkerImpl.pollLoop(ConsumerWorkerImpl.java:51)
	at java.base/java.lang.Thread.run(Thread.java:1583)
11:01:07.144 [Thread-1] ERROR com.charlessun.javaplcadapter.worker.impl.ConsumerWorkerImpl -- processingStrategy.process(record) 處理失敗: Processing failed
java.lang.RuntimeException: Processing failed
	at com.charlessun.javaplcadapter.worker.impl.ConsumerWorkerImpl.pollLoop(ConsumerWorkerImpl.java:51)
	at java.base/java.lang.Thread.run(Thread.java:1583)
11:01:07.144 [Thread-1] ERROR com.charlessun.javaplcadapter.worker.impl.ConsumerWorkerImpl -- processingStrategy.process(record) 處理失敗: Processing failed
java.lang.RuntimeException: Processing failed
	at com.charlessun.javaplcadapter.worker.impl.ConsumerWorkerImpl.pollLoop(ConsumerWorkerImpl.java:51)
	at java.base/java.lang.Thread.run(Thread.java:1583)
11:01:07.144 [Thread-1] ERROR com.charlessun.javaplcadapter.worker.impl.ConsumerWorkerImpl -- processingStrategy.process(record) 處理失敗: Processing failed
java.lang.RuntimeException: Processing failed
	at com.charlessun.javaplcadapter.worker.impl.ConsumerWorkerImpl.pollLoop(ConsumerWorkerImpl.java:51)
	at java.base/java.lang.Thread.run(Thread.java:1583)
11:01:07.144 [Thread-1] ERROR com.charlessun.javaplcadapter.worker.impl.ConsumerWorkerImpl -- processingStrategy.process(record) 處理失敗: Processing failed
java.lang.RuntimeException: Processing failed
	at com.charlessun.javaplcadapter.worker.impl.ConsumerWorkerImpl.pollLoop(ConsumerWorkerImpl.java:51)
	at java.base/java.lang.Thread.run(Thread.java:1583)
11:01:07.144 [Thread-1] ERROR com.charlessun.javaplcadapter.worker.impl.ConsumerWorkerImpl -- processingStrategy.process(record) 處理失敗: Processing failed
java.lang.RuntimeException: Processing failed
	at com.charlessun.javaplcadapter.worker.impl.ConsumerWorkerImpl.pollLoop(ConsumerWorkerImpl.java:51)
	at java.base/java.lang.Thread.run(Thread.java:1583)
11:01:07.144 [Thread-1] ERROR com.charlessun.javaplcadapter.worker.impl.ConsumerWorkerImpl -- processingStrategy.process(record) 處理失敗: Processing failed
java.lang.RuntimeException: Processing failed
	at com.charlessun.javaplcadapter.worker.impl.ConsumerWorkerImpl.pollLoop(ConsumerWorkerImpl.java:51)
	at java.base/java.lang.Thread.run(Thread.java:1583)
11:01:07.144 [Thread-1] ERROR com.charlessun.javaplcadapter.worker.impl.ConsumerWorkerImpl -- processingStrategy.process(record) 處理失敗: Processing failed
java.lang.RuntimeException: Processing failed
	at com.charlessun.javaplcadapter.worker.impl.ConsumerWorkerImpl.pollLoop(ConsumerWorkerImpl.java:51)
	at java.base/java.lang.Thread.run(Thread.java:1583)
11:01:07.145 [Thread-1] ERROR com.charlessun.javaplcadapter.worker.impl.ConsumerWorkerImpl -- processingStrategy.process(record) 處理失敗: Processing failed
java.lang.RuntimeException: Processing failed
	at com.charlessun.javaplcadapter.worker.impl.ConsumerWorkerImpl.pollLoop(ConsumerWorkerImpl.java:51)
	at java.base/java.lang.Thread.run(Thread.java:1583)
11:01:07.145 [Thread-1] ERROR com.charlessun.javaplcadapter.worker.impl.ConsumerWorkerImpl -- processingStrategy.process(record) 處理失敗: Processing failed
java.lang.RuntimeException: Processing failed
	at com.charlessun.javaplcadapter.worker.impl.ConsumerWorkerImpl.pollLoop(ConsumerWorkerImpl.java:51)
	at java.base/java.lang.Thread.run(Thread.java:1583)
11:01:07.145 [Thread-1] ERROR com.charlessun.javaplcadapter.worker.impl.ConsumerWorkerImpl -- processingStrategy.process(record) 處理失敗: Processing failed
java.lang.RuntimeException: Processing failed
	at com.charlessun.javaplcadapter.worker.impl.ConsumerWorkerImpl.pollLoop(ConsumerWorkerImpl.java:51)
	at java.base/java.lang.Thread.run(Thread.java:1583)
11:01:07.145 [Thread-1] ERROR com.charlessun.javaplcadapter.worker.impl.ConsumerWorkerImpl -- processingStrategy.process(record) 處理失敗: Processing failed
java.lang.RuntimeException: Processing failed
	at com.charlessun.javaplcadapter.worker.impl.ConsumerWorkerImpl.pollLoop(ConsumerWorkerImpl.java:51)
	at java.base/java.lang.Thread.run(Thread.java:1583)
11:01:07.145 [Thread-1] ERROR com.charlessun.javaplcadapter.worker.impl.ConsumerWorkerImpl -- processingStrategy.process(record) 處理失敗: Processing failed
java.lang.RuntimeException: Processing failed
	at com.charlessun.javaplcadapter.worker.impl.ConsumerWorkerImpl.pollLoop(ConsumerWorkerImpl.java:51)
	at java.base/java.lang.Thread.run(Thread.java:1583)
11:01:07.145 [Thread-1] ERROR com.charlessun.javaplcadapter.worker.impl.ConsumerWorkerImpl -- processingStrategy.process(record) 處理失敗: Processing failed
java.lang.RuntimeException: Processing failed
	at com.charlessun.javaplcadapter.worker.impl.ConsumerWorkerImpl.pollLoop(ConsumerWorkerImpl.java:51)
	at java.base/java.lang.Thread.run(Thread.java:1583)
11:01:07.145 [Thread-1] ERROR com.charlessun.javaplcadapter.worker.impl.ConsumerWorkerImpl -- processingStrategy.process(record) 處理失敗: Processing failed
java.lang.RuntimeException: Processing failed
	at com.charlessun.javaplcadapter.worker.impl.ConsumerWorkerImpl.pollLoop(ConsumerWorkerImpl.java:51)
	at java.base/java.lang.Thread.run(Thread.java:1583)
11:01:07.145 [Thread-1] ERROR com.charlessun.javaplcadapter.worker.impl.ConsumerWorkerImpl -- processingStrategy.process(record) 處理失敗: Processing failed
java.lang.RuntimeException: Processing failed
	at com.charlessun.javaplcadapter.worker.impl.ConsumerWorkerImpl.pollLoop(ConsumerWorkerImpl.java:51)
	at java.base/java.lang.Thread.run(Thread.java:1583)
11:01:07.145 [Thread-1] ERROR com.charlessun.javaplcadapter.worker.impl.ConsumerWorkerImpl -- processingStrategy.process(record) 處理失敗: Processing failed
java.lang.RuntimeException: Processing failed
	at com.charlessun.javaplcadapter.worker.impl.ConsumerWorkerImpl.pollLoop(ConsumerWorkerImpl.java:51)
	at java.base/java.lang.Thread.run(Thread.java:1583)
11:01:07.146 [Thread-1] ERROR com.charlessun.javaplcadapter.worker.impl.ConsumerWorkerImpl -- processingStrategy.process(record) 處理失敗: Processing failed
java.lang.RuntimeException: Processing failed
	at com.charlessun.javaplcadapter.worker.impl.ConsumerWorkerImpl.pollLoop(ConsumerWorkerImpl.java:51)
	at java.base/java.lang.Thread.run(Thread.java:1583)
11:01:07.146 [Thread-1] ERROR com.charlessun.javaplcadapter.worker.impl.ConsumerWorkerImpl -- processingStrategy.process(record) 處理失敗: Processing failed
java.lang.RuntimeException: Processing failed
	at com.charlessun.javaplcadapter.worker.impl.ConsumerWorkerImpl.pollLoop(ConsumerWorkerImpl.java:51)
	at java.base/java.lang.Thread.run(Thread.java:1583)
11:01:07.146 [Thread-1] ERROR com.charlessun.javaplcadapter.worker.impl.ConsumerWorkerImpl -- processingStrategy.process(record) 處理失敗: Processing failed
java.lang.RuntimeException: Processing failed
	at com.charlessun.javaplcadapter.worker.impl.ConsumerWorkerImpl.pollLoop(ConsumerWorkerImpl.java:51)
	at java.base/java.lang.Thread.run(Thread.java:1583)
11:01:07.146 [Thread-1] ERROR com.charlessun.javaplcadapter.worker.impl.ConsumerWorkerImpl -- processingStrategy.process(record) 處理失敗: Processing failed
java.lang.RuntimeException: Processing failed
	at com.charlessun.javaplcadapter.worker.impl.ConsumerWorkerImpl.pollLoop(ConsumerWorkerImpl.java:51)
	at java.base/java.lang.Thread.run(Thread.java:1583)
11:01:07.146 [Thread-1] ERROR com.charlessun.javaplcadapter.worker.impl.ConsumerWorkerImpl -- processingStrategy.process(record) 處理失敗: Processing failed
java.lang.RuntimeException: Processing failed
	at com.charlessun.javaplcadapter.worker.impl.ConsumerWorkerImpl.pollLoop(ConsumerWorkerImpl.java:51)
	at java.base/java.lang.Thread.run(Thread.java:1583)
11:01:07.146 [Thread-1] ERROR com.charlessun.javaplcadapter.worker.impl.ConsumerWorkerImpl -- processingStrategy.process(record) 處理失敗: Processing failed
java.lang.RuntimeException: Processing failed
	at com.charlessun.javaplcadapter.worker.impl.ConsumerWorkerImpl.pollLoop(ConsumerWorkerImpl.java:51)
	at java.base/java.lang.Thread.run(Thread.java:1583)
11:01:07.146 [Thread-1] ERROR com.charlessun.javaplcadapter.worker.impl.ConsumerWorkerImpl -- processingStrategy.process(record) 處理失敗: Processing failed
java.lang.RuntimeException: Processing failed
	at com.charlessun.javaplcadapter.worker.impl.ConsumerWorkerImpl.pollLoop(ConsumerWorkerImpl.java:51)
	at java.base/java.lang.Thread.run(Thread.java:1583)
11:01:07.146 [Thread-1] ERROR com.charlessun.javaplcadapter.worker.impl.ConsumerWorkerImpl -- processingStrategy.process(record) 處理失敗: Processing failed
java.lang.RuntimeException: Processing failed
	at com.charlessun.javaplcadapter.worker.impl.ConsumerWorkerImpl.pollLoop(ConsumerWorkerImpl.java:51)
	at java.base/java.lang.Thread.run(Thread.java:1583)
11:01:07.147 [Thread-1] ERROR com.charlessun.javaplcadapter.worker.impl.ConsumerWorkerImpl -- processingStrategy.process(record) 處理失敗: Processing failed
java.lang.RuntimeException: Processing failed
	at com.charlessun.javaplcadapter.worker.impl.ConsumerWorkerImpl.pollLoop(ConsumerWorkerImpl.java:51)
	at java.base/java.lang.Thread.run(Thread.java:1583)
11:01:07.147 [Thread-1] ERROR com.charlessun.javaplcadapter.worker.impl.ConsumerWorkerImpl -- processingStrategy.process(record) 處理失敗: Processing failed
java.lang.RuntimeException: Processing failed
	at com.charlessun.javaplcadapter.worker.impl.ConsumerWorkerImpl.pollLoop(ConsumerWorkerImpl.java:51)
	at java.base/java.lang.Thread.run(Thread.java:1583)
11:01:07.147 [Thread-1] ERROR com.charlessun.javaplcadapter.worker.impl.ConsumerWorkerImpl -- processingStrategy.process(record) 處理失敗: Processing failed
java.lang.RuntimeException: Processing failed
	at com.charlessun.javaplcadapter.worker.impl.ConsumerWorkerImpl.pollLoop(ConsumerWorkerImpl.java:51)
	at java.base/java.lang.Thread.run(Thread.java:1583)
11:01:07.147 [Thread-1] ERROR com.charlessun.javaplcadapter.worker.impl.ConsumerWorkerImpl -- processingStrategy.process(record) 處理失敗: Processing failed
java.lang.RuntimeException: Processing failed
	at com.charlessun.javaplcadapter.worker.impl.ConsumerWorkerImpl.pollLoop(ConsumerWorkerImpl.java:51)
	at java.base/java.lang.Thread.run(Thread.java:1583)
11:01:07.147 [Thread-1] ERROR com.charlessun.javaplcadapter.worker.impl.ConsumerWorkerImpl -- processingStrategy.process(record) 處理失敗: Processing failed
java.lang.RuntimeException: Processing failed
	at com.charlessun.javaplcadapter.worker.impl.ConsumerWorkerImpl.pollLoop(ConsumerWorkerImpl.java:51)
	at java.base/java.lang.Thread.run(Thread.java:1583)
11:01:07.147 [Thread-1] ERROR com.charlessun.javaplcadapter.worker.impl.ConsumerWorkerImpl -- processingStrategy.process(record) 處理失敗: Processing failed
java.lang.RuntimeException: Processing failed
	at com.charlessun.javaplcadapter.worker.impl.ConsumerWorkerImpl.pollLoop(ConsumerWorkerImpl.java:51)
	at java.base/java.lang.Thread.run(Thread.java:1583)
11:01:07.147 [Thread-1] ERROR com.charlessun.javaplcadapter.worker.impl.ConsumerWorkerImpl -- processingStrategy.process(record) 處理失敗: Processing failed
java.lang.RuntimeException: Processing failed
	at com.charlessun.javaplcadapter.worker.impl.ConsumerWorkerImpl.pollLoop(ConsumerWorkerImpl.java:51)
	at java.base/java.lang.Thread.run(Thread.java:1583)
11:01:07.147 [Thread-1] ERROR com.charlessun.javaplcadapter.worker.impl.ConsumerWorkerImpl -- processingStrategy.process(record) 處理失敗: Processing failed
java.lang.RuntimeException: Processing failed
	at com.charlessun.javaplcadapter.worker.impl.ConsumerWorkerImpl.pollLoop(ConsumerWorkerImpl.java:51)
	at java.base/java.lang.Thread.run(Thread.java:1583)
11:01:07.147 [Thread-1] ERROR com.charlessun.javaplcadapter.worker.impl.ConsumerWorkerImpl -- processingStrategy.process(record) 處理失敗: Processing failed
java.lang.RuntimeException: Processing failed
	at com.charlessun.javaplcadapter.worker.impl.ConsumerWorkerImpl.pollLoop(ConsumerWorkerImpl.java:51)
	at java.base/java.lang.Thread.run(Thread.java:1583)
11:01:07.148 [Thread-1] ERROR com.charlessun.javaplcadapter.worker.impl.ConsumerWorkerImpl -- processingStrategy.process(record) 處理失敗: Processing failed
java.lang.RuntimeException: Processing failed
	at com.charlessun.javaplcadapter.worker.impl.ConsumerWorkerImpl.pollLoop(ConsumerWorkerImpl.java:51)
	at java.base/java.lang.Thread.run(Thread.java:1583)
11:01:07.148 [Thread-1] ERROR com.charlessun.javaplcadapter.worker.impl.ConsumerWorkerImpl -- processingStrategy.process(record) 處理失敗: Processing failed
java.lang.RuntimeException: Processing failed
	at com.charlessun.javaplcadapter.worker.impl.ConsumerWorkerImpl.pollLoop(ConsumerWorkerImpl.java:51)
	at java.base/java.lang.Thread.run(Thread.java:1583)
11:01:07.148 [Thread-1] ERROR com.charlessun.javaplcadapter.worker.impl.ConsumerWorkerImpl -- processingStrategy.process(record) 處理失敗: Processing failed
java.lang.RuntimeException: Processing failed
	at com.charlessun.javaplcadapter.worker.impl.ConsumerWorkerImpl.pollLoop(ConsumerWorkerImpl.java:51)
	at java.base/java.lang.Thread.run(Thread.java:1583)
11:01:07.148 [Thread-1] ERROR com.charlessun.javaplcadapter.worker.impl.ConsumerWorkerImpl -- processingStrategy.process(record) 處理失敗: Processing failed
java.lang.RuntimeException: Processing failed
	at com.charlessun.javaplcadapter.worker.impl.ConsumerWorkerImpl.pollLoop(ConsumerWorkerImpl.java:51)
	at java.base/java.lang.Thread.run(Thread.java:1583)
11:01:07.148 [Thread-1] ERROR com.charlessun.javaplcadapter.worker.impl.ConsumerWorkerImpl -- processingStrategy.process(record) 處理失敗: Processing failed
java.lang.RuntimeException: Processing failed
	at com.charlessun.javaplcadapter.worker.impl.ConsumerWorkerImpl.pollLoop(ConsumerWorkerImpl.java:51)
	at java.base/java.lang.Thread.run(Thread.java:1583)
11:01:07.148 [Thread-1] ERROR com.charlessun.javaplcadapter.worker.impl.ConsumerWorkerImpl -- processingStrategy.process(record) 處理失敗: Processing failed
java.lang.RuntimeException: Processing failed
	at com.charlessun.javaplcadapter.worker.impl.ConsumerWorkerImpl.pollLoop(ConsumerWorkerImpl.java:51)
	at java.base/java.lang.Thread.run(Thread.java:1583)
11:01:07.148 [Thread-1] ERROR com.charlessun.javaplcadapter.worker.impl.ConsumerWorkerImpl -- processingStrategy.process(record) 處理失敗: Processing failed
java.lang.RuntimeException: Processing failed
	at com.charlessun.javaplcadapter.worker.impl.ConsumerWorkerImpl.pollLoop(ConsumerWorkerImpl.java:51)
	at java.base/java.lang.Thread.run(Thread.java:1583)
11:01:07.148 [Thread-1] ERROR com.charlessun.javaplcadapter.worker.impl.ConsumerWorkerImpl -- processingStrategy.process(record) 處理失敗: Processing failed
java.lang.RuntimeException: Processing failed
	at com.charlessun.javaplcadapter.worker.impl.ConsumerWorkerImpl.pollLoop(ConsumerWorkerImpl.java:51)
	at java.base/java.lang.Thread.run(Thread.java:1583)
11:01:07.148 [Thread-1] ERROR com.charlessun.javaplcadapter.worker.impl.ConsumerWorkerImpl -- processingStrategy.process(record) 處理失敗: Processing failed
java.lang.RuntimeException: Processing failed
	at com.charlessun.javaplcadapter.worker.impl.ConsumerWorkerImpl.pollLoop(ConsumerWorkerImpl.java:51)
	at java.base/java.lang.Thread.run(Thread.java:1583)
11:01:07.148 [Thread-1] ERROR com.charlessun.javaplcadapter.worker.impl.ConsumerWorkerImpl -- processingStrategy.process(record) 處理失敗: Processing failed
java.lang.RuntimeException: Processing failed
	at com.charlessun.javaplcadapter.worker.impl.ConsumerWorkerImpl.pollLoop(ConsumerWorkerImpl.java:51)
	at java.base/java.lang.Thread.run(Thread.java:1583)
11:01:07.148 [Thread-1] ERROR com.charlessun.javaplcadapter.worker.impl.ConsumerWorkerImpl -- processingStrategy.process(record) 處理失敗: Processing failed
java.lang.RuntimeException: Processing failed
	at com.charlessun.javaplcadapter.worker.impl.ConsumerWorkerImpl.pollLoop(ConsumerWorkerImpl.java:51)
	at java.base/java.lang.Thread.run(Thread.java:1583)
11:01:07.149 [Thread-1] ERROR com.charlessun.javaplcadapter.worker.impl.ConsumerWorkerImpl -- processingStrategy.process(record) 處理失敗: Processing failed
java.lang.RuntimeException: Processing failed
	at com.charlessun.javaplcadapter.worker.impl.ConsumerWorkerImpl.pollLoop(ConsumerWorkerImpl.java:51)
	at java.base/java.lang.Thread.run(Thread.java:1583)
11:01:07.149 [Thread-1] ERROR com.charlessun.javaplcadapter.worker.impl.ConsumerWorkerImpl -- processingStrategy.process(record) 處理失敗: Processing failed
java.lang.RuntimeException: Processing failed
	at com.charlessun.javaplcadapter.worker.impl.ConsumerWorkerImpl.pollLoop(ConsumerWorkerImpl.java:51)
	at java.base/java.lang.Thread.run(Thread.java:1583)
11:01:07.149 [Thread-1] ERROR com.charlessun.javaplcadapter.worker.impl.ConsumerWorkerImpl -- processingStrategy.process(record) 處理失敗: Processing failed
java.lang.RuntimeException: Processing failed
	at com.charlessun.javaplcadapter.worker.impl.ConsumerWorkerImpl.pollLoop(ConsumerWorkerImpl.java:51)
	at java.base/java.lang.Thread.run(Thread.java:1583)
11:01:07.149 [Thread-1] ERROR com.charlessun.javaplcadapter.worker.impl.ConsumerWorkerImpl -- processingStrategy.process(record) 處理失敗: Processing failed
java.lang.RuntimeException: Processing failed
	at com.charlessun.javaplcadapter.worker.impl.ConsumerWorkerImpl.pollLoop(ConsumerWorkerImpl.java:51)
	at java.base/java.lang.Thread.run(Thread.java:1583)
11:01:07.149 [Thread-1] ERROR com.charlessun.javaplcadapter.worker.impl.ConsumerWorkerImpl -- processingStrategy.process(record) 處理失敗: Processing failed
java.lang.RuntimeException: Processing failed
	at com.charlessun.javaplcadapter.worker.impl.ConsumerWorkerImpl.pollLoop(ConsumerWorkerImpl.java:51)
	at java.base/java.lang.Thread.run(Thread.java:1583)
11:01:07.149 [Thread-1] ERROR com.charlessun.javaplcadapter.worker.impl.ConsumerWorkerImpl -- processingStrategy.process(record) 處理失敗: Processing failed
java.lang.RuntimeException: Processing failed
	at com.charlessun.javaplcadapter.worker.impl.ConsumerWorkerImpl.pollLoop(ConsumerWorkerImpl.java:51)
	at java.base/java.lang.Thread.run(Thread.java:1583)
11:01:07.149 [Thread-1] ERROR com.charlessun.javaplcadapter.worker.impl.ConsumerWorkerImpl -- processingStrategy.process(record) 處理失敗: Processing failed
java.lang.RuntimeException: Processing failed
	at com.charlessun.javaplcadapter.worker.impl.ConsumerWorkerImpl.pollLoop(ConsumerWorkerImpl.java:51)
	at java.base/java.lang.Thread.run(Thread.java:1583)
11:01:07.149 [Thread-1] ERROR com.charlessun.javaplcadapter.worker.impl.ConsumerWorkerImpl -- processingStrategy.process(record) 處理失敗: Processing failed
java.lang.RuntimeException: Processing failed
	at com.charlessun.javaplcadapter.worker.impl.ConsumerWorkerImpl.pollLoop(ConsumerWorkerImpl.java:51)
	at java.base/java.lang.Thread.run(Thread.java:1583)
11:01:07.149 [Thread-1] ERROR com.charlessun.javaplcadapter.worker.impl.ConsumerWorkerImpl -- processingStrategy.process(record) 處理失敗: Processing failed
java.lang.RuntimeException: Processing failed
	at com.charlessun.javaplcadapter.worker.impl.ConsumerWorkerImpl.pollLoop(ConsumerWorkerImpl.java:51)
	at java.base/java.lang.Thread.run(Thread.java:1583)
11:01:07.150 [Thread-1] ERROR com.charlessun.javaplcadapter.worker.impl.ConsumerWorkerImpl -- processingStrategy.process(record) 處理失敗: Processing failed
java.lang.RuntimeException: Processing failed
	at com.charlessun.javaplcadapter.worker.impl.ConsumerWorkerImpl.pollLoop(ConsumerWorkerImpl.java:51)
	at java.base/java.lang.Thread.run(Thread.java:1583)
11:01:07.150 [Thread-1] ERROR com.charlessun.javaplcadapter.worker.impl.ConsumerWorkerImpl -- processingStrategy.process(record) 處理失敗: Processing failed
java.lang.RuntimeException: Processing failed
	at com.charlessun.javaplcadapter.worker.impl.ConsumerWorkerImpl.pollLoop(ConsumerWorkerImpl.java:51)
	at java.base/java.lang.Thread.run(Thread.java:1583)
11:01:07.150 [Thread-1] ERROR com.charlessun.javaplcadapter.worker.impl.ConsumerWorkerImpl -- processingStrategy.process(record) 處理失敗: Processing failed
java.lang.RuntimeException: Processing failed
	at com.charlessun.javaplcadapter.worker.impl.ConsumerWorkerImpl.pollLoop(ConsumerWorkerImpl.java:51)
	at java.base/java.lang.Thread.run(Thread.java:1583)
11:01:07.150 [Thread-1] ERROR com.charlessun.javaplcadapter.worker.impl.ConsumerWorkerImpl -- processingStrategy.process(record) 處理失敗: Processing failed
java.lang.RuntimeException: Processing failed
	at com.charlessun.javaplcadapter.worker.impl.ConsumerWorkerImpl.pollLoop(ConsumerWorkerImpl.java:51)
	at java.base/java.lang.Thread.run(Thread.java:1583)
11:01:07.150 [Thread-1] ERROR com.charlessun.javaplcadapter.worker.impl.ConsumerWorkerImpl -- processingStrategy.process(record) 處理失敗: Processing failed
java.lang.RuntimeException: Processing failed
	at com.charlessun.javaplcadapter.worker.impl.ConsumerWorkerImpl.pollLoop(ConsumerWorkerImpl.java:51)
	at java.base/java.lang.Thread.run(Thread.java:1583)
11:01:07.151 [Thread-1] ERROR com.charlessun.javaplcadapter.worker.impl.ConsumerWorkerImpl -- processingStrategy.process(record) 處理失敗: Processing failed
java.lang.RuntimeException: Processing failed
	at com.charlessun.javaplcadapter.worker.impl.ConsumerWorkerImpl.pollLoop(ConsumerWorkerImpl.java:51)
	at java.base/java.lang.Thread.run(Thread.java:1583)
11:01:07.151 [Thread-1] ERROR com.charlessun.javaplcadapter.worker.impl.ConsumerWorkerImpl -- processingStrategy.process(record) 處理失敗: Processing failed
java.lang.RuntimeException: Processing failed
	at com.charlessun.javaplcadapter.worker.impl.ConsumerWorkerImpl.pollLoop(ConsumerWorkerImpl.java:51)
	at java.base/java.lang.Thread.run(Thread.java:1583)
11:01:07.151 [Thread-1] ERROR com.charlessun.javaplcadapter.worker.impl.ConsumerWorkerImpl -- processingStrategy.process(record) 處理失敗: Processing failed
java.lang.RuntimeException: Processing failed
	at com.charlessun.javaplcadapter.worker.impl.ConsumerWorkerImpl.pollLoop(ConsumerWorkerImpl.java:51)
	at java.base/java.lang.Thread.run(Thread.java:1583)
11:01:07.151 [Thread-1] ERROR com.charlessun.javaplcadapter.worker.impl.ConsumerWorkerImpl -- processingStrategy.process(record) 處理失敗: Processing failed
java.lang.RuntimeException: Processing failed
	at com.charlessun.javaplcadapter.worker.impl.ConsumerWorkerImpl.pollLoop(ConsumerWorkerImpl.java:51)
	at java.base/java.lang.Thread.run(Thread.java:1583)
11:01:07.151 [Thread-1] ERROR com.charlessun.javaplcadapter.worker.impl.ConsumerWorkerImpl -- processingStrategy.process(record) 處理失敗: Processing failed
java.lang.RuntimeException: Processing failed
	at com.charlessun.javaplcadapter.worker.impl.ConsumerWorkerImpl.pollLoop(ConsumerWorkerImpl.java:51)
	at java.base/java.lang.Thread.run(Thread.java:1583)
11:01:07.151 [Thread-1] ERROR com.charlessun.javaplcadapter.worker.impl.ConsumerWorkerImpl -- processingStrategy.process(record) 處理失敗: Processing failed
java.lang.RuntimeException: Processing failed
	at com.charlessun.javaplcadapter.worker.impl.ConsumerWorkerImpl.pollLoop(ConsumerWorkerImpl.java:51)
	at java.base/java.lang.Thread.run(Thread.java:1583)
11:01:07.151 [Thread-1] ERROR com.charlessun.javaplcadapter.worker.impl.ConsumerWorkerImpl -- processingStrategy.process(record) 處理失敗: Processing failed
java.lang.RuntimeException: Processing failed
	at com.charlessun.javaplcadapter.worker.impl.ConsumerWorkerImpl.pollLoop(ConsumerWorkerImpl.java:51)
	at java.base/java.lang.Thread.run(Thread.java:1583)
11:01:07.152 [Thread-1] ERROR com.charlessun.javaplcadapter.worker.impl.ConsumerWorkerImpl -- processingStrategy.process(record) 處理失敗: Processing failed
java.lang.RuntimeException: Processing failed
	at com.charlessun.javaplcadapter.worker.impl.ConsumerWorkerImpl.pollLoop(ConsumerWorkerImpl.java:51)
	at java.base/java.lang.Thread.run(Thread.java:1583)
11:01:07.152 [Thread-1] ERROR com.charlessun.javaplcadapter.worker.impl.ConsumerWorkerImpl -- processingStrategy.process(record) 處理失敗: Processing failed
java.lang.RuntimeException: Processing failed
	at com.charlessun.javaplcadapter.worker.impl.ConsumerWorkerImpl.pollLoop(ConsumerWorkerImpl.java:51)
	at java.base/java.lang.Thread.run(Thread.java:1583)
11:01:07.152 [Thread-1] ERROR com.charlessun.javaplcadapter.worker.impl.ConsumerWorkerImpl -- processingStrategy.process(record) 處理失敗: Processing failed
java.lang.RuntimeException: Processing failed
	at com.charlessun.javaplcadapter.worker.impl.ConsumerWorkerImpl.pollLoop(ConsumerWorkerImpl.java:51)
	at java.base/java.lang.Thread.run(Thread.java:1583)
11:01:07.152 [Thread-1] ERROR com.charlessun.javaplcadapter.worker.impl.ConsumerWorkerImpl -- processingStrategy.process(record) 處理失敗: Processing failed
java.lang.RuntimeException: Processing failed
	at com.charlessun.javaplcadapter.worker.impl.ConsumerWorkerImpl.pollLoop(ConsumerWorkerImpl.java:51)
	at java.base/java.lang.Thread.run(Thread.java:1583)
11:01:07.152 [Thread-1] ERROR com.charlessun.javaplcadapter.worker.impl.ConsumerWorkerImpl -- processingStrategy.process(record) 處理失敗: Processing failed
java.lang.RuntimeException: Processing failed
	at com.charlessun.javaplcadapter.worker.impl.ConsumerWorkerImpl.pollLoop(ConsumerWorkerImpl.java:51)
	at java.base/java.lang.Thread.run(Thread.java:1583)
11:01:07.152 [Thread-1] ERROR com.charlessun.javaplcadapter.worker.impl.ConsumerWorkerImpl -- processingStrategy.process(record) 處理失敗: Processing failed
java.lang.RuntimeException: Processing failed
	at com.charlessun.javaplcadapter.worker.impl.ConsumerWorkerImpl.pollLoop(ConsumerWorkerImpl.java:51)
	at java.base/java.lang.Thread.run(Thread.java:1583)
11:01:07.152 [Thread-1] ERROR com.charlessun.javaplcadapter.worker.impl.ConsumerWorkerImpl -- processingStrategy.process(record) 處理失敗: Processing failed
java.lang.RuntimeException: Processing failed
	at com.charlessun.javaplcadapter.worker.impl.ConsumerWorkerImpl.pollLoop(ConsumerWorkerImpl.java:51)
	at java.base/java.lang.Thread.run(Thread.java:1583)
11:01:07.152 [Thread-1] ERROR com.charlessun.javaplcadapter.worker.impl.ConsumerWorkerImpl -- processingStrategy.process(record) 處理失敗: Processing failed
java.lang.RuntimeException: Processing failed
	at com.charlessun.javaplcadapter.worker.impl.ConsumerWorkerImpl.pollLoop(ConsumerWorkerImpl.java:51)
	at java.base/java.lang.Thread.run(Thread.java:1583)
11:01:07.152 [Thread-1] ERROR com.charlessun.javaplcadapter.worker.impl.ConsumerWorkerImpl -- processingStrategy.process(record) 處理失敗: Processing failed
java.lang.RuntimeException: Processing failed
	at com.charlessun.javaplcadapter.worker.impl.ConsumerWorkerImpl.pollLoop(ConsumerWorkerImpl.java:51)
	at java.base/java.lang.Thread.run(Thread.java:1583)
11:01:07.152 [Thread-1] ERROR com.charlessun.javaplcadapter.worker.impl.ConsumerWorkerImpl -- processingStrategy.process(record) 處理失敗: Processing failed
java.lang.RuntimeException: Processing failed
	at com.charlessun.javaplcadapter.worker.impl.ConsumerWorkerImpl.pollLoop(ConsumerWorkerImpl.java:51)
	at java.base/java.lang.Thread.run(Thread.java:1583)
11:01:07.152 [Thread-1] ERROR com.charlessun.javaplcadapter.worker.impl.ConsumerWorkerImpl -- processingStrategy.process(record) 處理失敗: Processing failed
java.lang.RuntimeException: Processing failed
	at com.charlessun.javaplcadapter.worker.impl.ConsumerWorkerImpl.pollLoop(ConsumerWorkerImpl.java:51)
	at java.base/java.lang.Thread.run(Thread.java:1583)
11:01:07.153 [Thread-1] ERROR com.charlessun.javaplcadapter.worker.impl.ConsumerWorkerImpl -- processingStrategy.process(record) 處理失敗: Processing failed
java.lang.RuntimeException: Processing failed
	at com.charlessun.javaplcadapter.worker.impl.ConsumerWorkerImpl.pollLoop(ConsumerWorkerImpl.java:51)
	at java.base/java.lang.Thread.run(Thread.java:1583)
11:01:07.153 [Thread-1] ERROR com.charlessun.javaplcadapter.worker.impl.ConsumerWorkerImpl -- processingStrategy.process(record) 處理失敗: Processing failed
java.lang.RuntimeException: Processing failed
	at com.charlessun.javaplcadapter.worker.impl.ConsumerWorkerImpl.pollLoop(ConsumerWorkerImpl.java:51)
	at java.base/java.lang.Thread.run(Thread.java:1583)
11:01:07.153 [Thread-1] ERROR com.charlessun.javaplcadapter.worker.impl.ConsumerWorkerImpl -- processingStrategy.process(record) 處理失敗: Processing failed
java.lang.RuntimeException: Processing failed
	at com.charlessun.javaplcadapter.worker.impl.ConsumerWorkerImpl.pollLoop(ConsumerWorkerImpl.java:51)
	at java.base/java.lang.Thread.run(Thread.java:1583)
11:01:07.153 [Thread-1] ERROR com.charlessun.javaplcadapter.worker.impl.ConsumerWorkerImpl -- processingStrategy.process(record) 處理失敗: Processing failed
java.lang.RuntimeException: Processing failed
	at com.charlessun.javaplcadapter.worker.impl.ConsumerWorkerImpl.pollLoop(ConsumerWorkerImpl.java:51)
	at java.base/java.lang.Thread.run(Thread.java:1583)
11:01:07.153 [Thread-1] ERROR com.charlessun.javaplcadapter.worker.impl.ConsumerWorkerImpl -- processingStrategy.process(record) 處理失敗: Processing failed
java.lang.RuntimeException: Processing failed
	at com.charlessun.javaplcadapter.worker.impl.ConsumerWorkerImpl.pollLoop(ConsumerWorkerImpl.java:51)
	at java.base/java.lang.Thread.run(Thread.java:1583)
11:01:07.153 [Thread-1] ERROR com.charlessun.javaplcadapter.worker.impl.ConsumerWorkerImpl -- processingStrategy.process(record) 處理失敗: Processing failed
java.lang.RuntimeException: Processing failed
	at com.charlessun.javaplcadapter.worker.impl.ConsumerWorkerImpl.pollLoop(ConsumerWorkerImpl.java:51)
	at java.base/java.lang.Thread.run(Thread.java:1583)
11:01:07.153 [Thread-1] ERROR com.charlessun.javaplcadapter.worker.impl.ConsumerWorkerImpl -- processingStrategy.process(record) 處理失敗: Processing failed
java.lang.RuntimeException: Processing failed
	at com.charlessun.javaplcadapter.worker.impl.ConsumerWorkerImpl.pollLoop(ConsumerWorkerImpl.java:51)
	at java.base/java.lang.Thread.run(Thread.java:1583)
11:01:07.153 [Thread-1] ERROR com.charlessun.javaplcadapter.worker.impl.ConsumerWorkerImpl -- processingStrategy.process(record) 處理失敗: Processing failed
java.lang.RuntimeException: Processing failed
	at com.charlessun.javaplcadapter.worker.impl.ConsumerWorkerImpl.pollLoop(ConsumerWorkerImpl.java:51)
	at java.base/java.lang.Thread.run(Thread.java:1583)
11:01:07.153 [Thread-1] ERROR com.charlessun.javaplcadapter.worker.impl.ConsumerWorkerImpl -- processingStrategy.process(record) 處理失敗: Processing failed
java.lang.RuntimeException: Processing failed
	at com.charlessun.javaplcadapter.worker.impl.ConsumerWorkerImpl.pollLoop(ConsumerWorkerImpl.java:51)
	at java.base/java.lang.Thread.run(Thread.java:1583)
11:01:07.153 [Thread-1] ERROR com.charlessun.javaplcadapter.worker.impl.ConsumerWorkerImpl -- processingStrategy.process(record) 處理失敗: Processing failed
java.lang.RuntimeException: Processing failed
	at com.charlessun.javaplcadapter.worker.impl.ConsumerWorkerImpl.pollLoop(ConsumerWorkerImpl.java:51)
	at java.base/java.lang.Thread.run(Thread.java:1583)
11:01:07.153 [Thread-1] ERROR com.charlessun.javaplcadapter.worker.impl.ConsumerWorkerImpl -- processingStrategy.process(record) 處理失敗: Processing failed
java.lang.RuntimeException: Processing failed
	at com.charlessun.javaplcadapter.worker.impl.ConsumerWorkerImpl.pollLoop(ConsumerWorkerImpl.java:51)
	at java.base/java.lang.Thread.run(Thread.java:1583)
11:01:07.153 [Thread-1] ERROR com.charlessun.javaplcadapter.worker.impl.ConsumerWorkerImpl -- processingStrategy.process(record) 處理失敗: Processing failed
java.lang.RuntimeException: Processing failed
	at com.charlessun.javaplcadapter.worker.impl.ConsumerWorkerImpl.pollLoop(ConsumerWorkerImpl.java:51)
	at java.base/java.lang.Thread.run(Thread.java:1583)
11:01:07.153 [Thread-1] ERROR com.charlessun.javaplcadapter.worker.impl.ConsumerWorkerImpl -- processingStrategy.process(record) 處理失敗: Processing failed
java.lang.RuntimeException: Processing failed
	at com.charlessun.javaplcadapter.worker.impl.ConsumerWorkerImpl.pollLoop(ConsumerWorkerImpl.java:51)
	at java.base/java.lang.Thread.run(Thread.java:1583)
11:01:07.154 [Thread-1] ERROR com.charlessun.javaplcadapter.worker.impl.ConsumerWorkerImpl -- processingStrategy.process(record) 處理失敗: Processing failed
java.lang.RuntimeException: Processing failed
	at com.charlessun.javaplcadapter.worker.impl.ConsumerWorkerImpl.pollLoop(ConsumerWorkerImpl.java:51)
	at java.base/java.lang.Thread.run(Thread.java:1583)
11:01:07.154 [Thread-1] ERROR com.charlessun.javaplcadapter.worker.impl.ConsumerWorkerImpl -- processingStrategy.process(record) 處理失敗: Processing failed
java.lang.RuntimeException: Processing failed
	at com.charlessun.javaplcadapter.worker.impl.ConsumerWorkerImpl.pollLoop(ConsumerWorkerImpl.java:51)
	at java.base/java.lang.Thread.run(Thread.java:1583)
11:01:07.154 [Thread-1] ERROR com.charlessun.javaplcadapter.worker.impl.ConsumerWorkerImpl -- processingStrategy.process(record) 處理失敗: Processing failed
java.lang.RuntimeException: Processing failed
	at com.charlessun.javaplcadapter.worker.impl.ConsumerWorkerImpl.pollLoop(ConsumerWorkerImpl.java:51)
	at java.base/java.lang.Thread.run(Thread.java:1583)
11:01:07.154 [Thread-1] ERROR com.charlessun.javaplcadapter.worker.impl.ConsumerWorkerImpl -- processingStrategy.process(record) 處理失敗: Processing failed
java.lang.RuntimeException: Processing failed
	at com.charlessun.javaplcadapter.worker.impl.ConsumerWorkerImpl.pollLoop(ConsumerWorkerImpl.java:51)
	at java.base/java.lang.Thread.run(Thread.java:1583)
11:01:07.154 [Thread-1] ERROR com.charlessun.javaplcadapter.worker.impl.ConsumerWorkerImpl -- processingStrategy.process(record) 處理失敗: Processing failed
java.lang.RuntimeException: Processing failed
	at com.charlessun.javaplcadapter.worker.impl.ConsumerWorkerImpl.pollLoop(ConsumerWorkerImpl.java:51)
	at java.base/java.lang.Thread.run(Thread.java:1583)
11:01:07.154 [Thread-1] ERROR com.charlessun.javaplcadapter.worker.impl.ConsumerWorkerImpl -- processingStrategy.process(record) 處理失敗: Processing failed
java.lang.RuntimeException: Processing failed
	at com.charlessun.javaplcadapter.worker.impl.ConsumerWorkerImpl.pollLoop(ConsumerWorkerImpl.java:51)
	at java.base/java.lang.Thread.run(Thread.java:1583)
11:01:07.154 [Thread-1] ERROR com.charlessun.javaplcadapter.worker.impl.ConsumerWorkerImpl -- processingStrategy.process(record) 處理失敗: Processing failed
java.lang.RuntimeException: Processing failed
	at com.charlessun.javaplcadapter.worker.impl.ConsumerWorkerImpl.pollLoop(ConsumerWorkerImpl.java:51)
	at java.base/java.lang.Thread.run(Thread.java:1583)
11:01:07.154 [Thread-1] ERROR com.charlessun.javaplcadapter.worker.impl.ConsumerWorkerImpl -- processingStrategy.process(record) 處理失敗: Processing failed
java.lang.RuntimeException: Processing failed
	at com.charlessun.javaplcadapter.worker.impl.ConsumerWorkerImpl.pollLoop(ConsumerWorkerImpl.java:51)
	at java.base/java.lang.Thread.run(Thread.java:1583)
11:01:07.154 [Thread-1] ERROR com.charlessun.javaplcadapter.worker.impl.ConsumerWorkerImpl -- processingStrategy.process(record) 處理失敗: Processing failed
java.lang.RuntimeException: Processing failed
	at com.charlessun.javaplcadapter.worker.impl.ConsumerWorkerImpl.pollLoop(ConsumerWorkerImpl.java:51)
	at java.base/java.lang.Thread.run(Thread.java:1583)
11:01:07.154 [Thread-1] ERROR com.charlessun.javaplcadapter.worker.impl.ConsumerWorkerImpl -- processingStrategy.process(record) 處理失敗: Processing failed
java.lang.RuntimeException: Processing failed
	at com.charlessun.javaplcadapter.worker.impl.ConsumerWorkerImpl.pollLoop(ConsumerWorkerImpl.java:51)
	at java.base/java.lang.Thread.run(Thread.java:1583)
11:01:07.154 [Thread-1] ERROR com.charlessun.javaplcadapter.worker.impl.ConsumerWorkerImpl -- processingStrategy.process(record) 處理失敗: Processing failed
java.lang.RuntimeException: Processing failed
	at com.charlessun.javaplcadapter.worker.impl.ConsumerWorkerImpl.pollLoop(ConsumerWorkerImpl.java:51)
	at java.base/java.lang.Thread.run(Thread.java:1583)
11:01:07.154 [Thread-1] ERROR com.charlessun.javaplcadapter.worker.impl.ConsumerWorkerImpl -- processingStrategy.process(record) 處理失敗: Processing failed
java.lang.RuntimeException: Processing failed
	at com.charlessun.javaplcadapter.worker.impl.ConsumerWorkerImpl.pollLoop(ConsumerWorkerImpl.java:51)
	at java.base/java.lang.Thread.run(Thread.java:1583)
11:01:07.155 [Thread-1] ERROR com.charlessun.javaplcadapter.worker.impl.ConsumerWorkerImpl -- processingStrategy.process(record) 處理失敗: Processing failed
java.lang.RuntimeException: Processing failed
	at com.charlessun.javaplcadapter.worker.impl.ConsumerWorkerImpl.pollLoop(ConsumerWorkerImpl.java:51)
	at java.base/java.lang.Thread.run(Thread.java:1583)
11:01:07.155 [Thread-1] ERROR com.charlessun.javaplcadapter.worker.impl.ConsumerWorkerImpl -- processingStrategy.process(record) 處理失敗: Processing failed
java.lang.RuntimeException: Processing failed
	at com.charlessun.javaplcadapter.worker.impl.ConsumerWorkerImpl.pollLoop(ConsumerWorkerImpl.java:51)
	at java.base/java.lang.Thread.run(Thread.java:1583)
11:01:07.155 [Thread-1] ERROR com.charlessun.javaplcadapter.worker.impl.ConsumerWorkerImpl -- processingStrategy.process(record) 處理失敗: Processing failed
java.lang.RuntimeException: Processing failed
	at com.charlessun.javaplcadapter.worker.impl.ConsumerWorkerImpl.pollLoop(ConsumerWorkerImpl.java:51)
	at java.base/java.lang.Thread.run(Thread.java:1583)
11:01:07.155 [Thread-1] ERROR com.charlessun.javaplcadapter.worker.impl.ConsumerWorkerImpl -- processingStrategy.process(record) 處理失敗: Processing failed
java.lang.RuntimeException: Processing failed
	at com.charlessun.javaplcadapter.worker.impl.ConsumerWorkerImpl.pollLoop(ConsumerWorkerImpl.java:51)
	at java.base/java.lang.Thread.run(Thread.java:1583)
11:01:07.155 [Thread-1] ERROR com.charlessun.javaplcadapter.worker.impl.ConsumerWorkerImpl -- processingStrategy.process(record) 處理失敗: Processing failed
java.lang.RuntimeException: Processing failed
	at com.charlessun.javaplcadapter.worker.impl.ConsumerWorkerImpl.pollLoop(ConsumerWorkerImpl.java:51)
	at java.base/java.lang.Thread.run(Thread.java:1583)
11:01:07.155 [Thread-1] ERROR com.charlessun.javaplcadapter.worker.impl.ConsumerWorkerImpl -- processingStrategy.process(record) 處理失敗: Processing failed
java.lang.RuntimeException: Processing failed
	at com.charlessun.javaplcadapter.worker.impl.ConsumerWorkerImpl.pollLoop(ConsumerWorkerImpl.java:51)
	at java.base/java.lang.Thread.run(Thread.java:1583)
11:01:07.155 [Thread-1] ERROR com.charlessun.javaplcadapter.worker.impl.ConsumerWorkerImpl -- processingStrategy.process(record) 處理失敗: Processing failed
java.lang.RuntimeException: Processing failed
	at com.charlessun.javaplcadapter.worker.impl.ConsumerWorkerImpl.pollLoop(ConsumerWorkerImpl.java:51)
	at java.base/java.lang.Thread.run(Thread.java:1583)
11:01:07.155 [Thread-1] ERROR com.charlessun.javaplcadapter.worker.impl.ConsumerWorkerImpl -- processingStrategy.process(record) 處理失敗: Processing failed
java.lang.RuntimeException: Processing failed
	at com.charlessun.javaplcadapter.worker.impl.ConsumerWorkerImpl.pollLoop(ConsumerWorkerImpl.java:51)
	at java.base/java.lang.Thread.run(Thread.java:1583)
11:01:07.155 [Thread-1] ERROR com.charlessun.javaplcadapter.worker.impl.ConsumerWorkerImpl -- processingStrategy.process(record) 處理失敗: Processing failed
java.lang.RuntimeException: Processing failed
	at com.charlessun.javaplcadapter.worker.impl.ConsumerWorkerImpl.pollLoop(ConsumerWorkerImpl.java:51)
	at java.base/java.lang.Thread.run(Thread.java:1583)
11:01:07.155 [Thread-1] ERROR com.charlessun.javaplcadapter.worker.impl.ConsumerWorkerImpl -- processingStrategy.process(record) 處理失敗: Processing failed
java.lang.RuntimeException: Processing failed
	at com.charlessun.javaplcadapter.worker.impl.ConsumerWorkerImpl.pollLoop(ConsumerWorkerImpl.java:51)
	at java.base/java.lang.Thread.run(Thread.java:1583)
11:01:07.155 [Thread-1] ERROR com.charlessun.javaplcadapter.worker.impl.ConsumerWorkerImpl -- processingStrategy.process(record) 處理失敗: Processing failed
java.lang.RuntimeException: Processing failed
	at com.charlessun.javaplcadapter.worker.impl.ConsumerWorkerImpl.pollLoop(ConsumerWorkerImpl.java:51)
	at java.base/java.lang.Thread.run(Thread.java:1583)
11:01:07.155 [Thread-1] ERROR com.charlessun.javaplcadapter.worker.impl.ConsumerWorkerImpl -- processingStrategy.process(record) 處理失敗: Processing failed
java.lang.RuntimeException: Processing failed
	at com.charlessun.javaplcadapter.worker.impl.ConsumerWorkerImpl.pollLoop(ConsumerWorkerImpl.java:51)
	at java.base/java.lang.Thread.run(Thread.java:1583)
11:01:07.155 [Thread-1] ERROR com.charlessun.javaplcadapter.worker.impl.ConsumerWorkerImpl -- processingStrategy.process(record) 處理失敗: Processing failed
java.lang.RuntimeException: Processing failed
	at com.charlessun.javaplcadapter.worker.impl.ConsumerWorkerImpl.pollLoop(ConsumerWorkerImpl.java:51)
	at java.base/java.lang.Thread.run(Thread.java:1583)
11:01:07.155 [Thread-1] ERROR com.charlessun.javaplcadapter.worker.impl.ConsumerWorkerImpl -- processingStrategy.process(record) 處理失敗: Processing failed
java.lang.RuntimeException: Processing failed
	at com.charlessun.javaplcadapter.worker.impl.ConsumerWorkerImpl.pollLoop(ConsumerWorkerImpl.java:51)
	at java.base/java.lang.Thread.run(Thread.java:1583)
11:01:07.156 [Thread-1] ERROR com.charlessun.javaplcadapter.worker.impl.ConsumerWorkerImpl -- processingStrategy.process(record) 處理失敗: Processing failed
java.lang.RuntimeException: Processing failed
	at com.charlessun.javaplcadapter.worker.impl.ConsumerWorkerImpl.pollLoop(ConsumerWorkerImpl.java:51)
	at java.base/java.lang.Thread.run(Thread.java:1583)
11:01:07.156 [Thread-1] ERROR com.charlessun.javaplcadapter.worker.impl.ConsumerWorkerImpl -- processingStrategy.process(record) 處理失敗: Processing failed
java.lang.RuntimeException: Processing failed
	at com.charlessun.javaplcadapter.worker.impl.ConsumerWorkerImpl.pollLoop(ConsumerWorkerImpl.java:51)
	at java.base/java.lang.Thread.run(Thread.java:1583)
11:01:07.156 [Thread-1] ERROR com.charlessun.javaplcadapter.worker.impl.ConsumerWorkerImpl -- processingStrategy.process(record) 處理失敗: Processing failed
java.lang.RuntimeException: Processing failed
	at com.charlessun.javaplcadapter.worker.impl.ConsumerWorkerImpl.pollLoop(ConsumerWorkerImpl.java:51)
	at java.base/java.lang.Thread.run(Thread.java:1583)
11:01:07.156 [Thread-1] ERROR com.charlessun.javaplcadapter.worker.impl.ConsumerWorkerImpl -- processingStrategy.process(record) 處理失敗: Processing failed
java.lang.RuntimeException: Processing failed
	at com.charlessun.javaplcadapter.worker.impl.ConsumerWorkerImpl.pollLoop(ConsumerWorkerImpl.java:51)
	at java.base/java.lang.Thread.run(Thread.java:1583)
11:01:07.156 [Thread-1] ERROR com.charlessun.javaplcadapter.worker.impl.ConsumerWorkerImpl -- processingStrategy.process(record) 處理失敗: Processing failed
java.lang.RuntimeException: Processing failed
	at com.charlessun.javaplcadapter.worker.impl.ConsumerWorkerImpl.pollLoop(ConsumerWorkerImpl.java:51)
	at java.base/java.lang.Thread.run(Thread.java:1583)
11:01:07.156 [Thread-1] ERROR com.charlessun.javaplcadapter.worker.impl.ConsumerWorkerImpl -- processingStrategy.process(record) 處理失敗: Processing failed
java.lang.RuntimeException: Processing failed
	at com.charlessun.javaplcadapter.worker.impl.ConsumerWorkerImpl.pollLoop(ConsumerWorkerImpl.java:51)
	at java.base/java.lang.Thread.run(Thread.java:1583)
11:01:07.157 [Thread-1] ERROR com.charlessun.javaplcadapter.worker.impl.ConsumerWorkerImpl -- processingStrategy.process(record) 處理失敗: Processing failed
java.lang.RuntimeException: Processing failed
	at com.charlessun.javaplcadapter.worker.impl.ConsumerWorkerImpl.pollLoop(ConsumerWorkerImpl.java:51)
	at java.base/java.lang.Thread.run(Thread.java:1583)
11:01:07.157 [Thread-1] ERROR com.charlessun.javaplcadapter.worker.impl.ConsumerWorkerImpl -- processingStrategy.process(record) 處理失敗: Processing failed
java.lang.RuntimeException: Processing failed
	at com.charlessun.javaplcadapter.worker.impl.ConsumerWorkerImpl.pollLoop(ConsumerWorkerImpl.java:51)
	at java.base/java.lang.Thread.run(Thread.java:1583)
11:01:07.157 [Thread-1] ERROR com.charlessun.javaplcadapter.worker.impl.ConsumerWorkerImpl -- processingStrategy.process(record) 處理失敗: Processing failed
java.lang.RuntimeException: Processing failed
	at com.charlessun.javaplcadapter.worker.impl.ConsumerWorkerImpl.pollLoop(ConsumerWorkerImpl.java:51)
	at java.base/java.lang.Thread.run(Thread.java:1583)
11:01:07.157 [Thread-1] ERROR com.charlessun.javaplcadapter.worker.impl.ConsumerWorkerImpl -- processingStrategy.process(record) 處理失敗: Processing failed
java.lang.RuntimeException: Processing failed
	at com.charlessun.javaplcadapter.worker.impl.ConsumerWorkerImpl.pollLoop(ConsumerWorkerImpl.java:51)
	at java.base/java.lang.Thread.run(Thread.java:1583)
11:01:07.157 [Thread-1] ERROR com.charlessun.javaplcadapter.worker.impl.ConsumerWorkerImpl -- processingStrategy.process(record) 處理失敗: Processing failed
java.lang.RuntimeException: Processing failed
	at com.charlessun.javaplcadapter.worker.impl.ConsumerWorkerImpl.pollLoop(ConsumerWorkerImpl.java:51)
	at java.base/java.lang.Thread.run(Thread.java:1583)
11:01:07.157 [Thread-1] ERROR com.charlessun.javaplcadapter.worker.impl.ConsumerWorkerImpl -- processingStrategy.process(record) 處理失敗: Processing failed
java.lang.RuntimeException: Processing failed
	at com.charlessun.javaplcadapter.worker.impl.ConsumerWorkerImpl.pollLoop(ConsumerWorkerImpl.java:51)
	at java.base/java.lang.Thread.run(Thread.java:1583)
11:01:07.157 [Thread-1] ERROR com.charlessun.javaplcadapter.worker.impl.ConsumerWorkerImpl -- processingStrategy.process(record) 處理失敗: Processing failed
java.lang.RuntimeException: Processing failed
	at com.charlessun.javaplcadapter.worker.impl.ConsumerWorkerImpl.pollLoop(ConsumerWorkerImpl.java:51)
	at java.base/java.lang.Thread.run(Thread.java:1583)
11:01:07.157 [Thread-1] ERROR com.charlessun.javaplcadapter.worker.impl.ConsumerWorkerImpl -- processingStrategy.process(record) 處理失敗: Processing failed
java.lang.RuntimeException: Processing failed
	at com.charlessun.javaplcadapter.worker.impl.ConsumerWorkerImpl.pollLoop(ConsumerWorkerImpl.java:51)
	at java.base/java.lang.Thread.run(Thread.java:1583)
11:01:07.157 [Thread-1] ERROR com.charlessun.javaplcadapter.worker.impl.ConsumerWorkerImpl -- processingStrategy.process(record) 處理失敗: Processing failed
java.lang.RuntimeException: Processing failed
	at com.charlessun.javaplcadapter.worker.impl.ConsumerWorkerImpl.pollLoop(ConsumerWorkerImpl.java:51)
	at java.base/java.lang.Thread.run(Thread.java:1583)
11:01:07.157 [Thread-1] ERROR com.charlessun.javaplcadapter.worker.impl.ConsumerWorkerImpl -- processingStrategy.process(record) 處理失敗: Processing failed
java.lang.RuntimeException: Processing failed
	at com.charlessun.javaplcadapter.worker.impl.ConsumerWorkerImpl.pollLoop(ConsumerWorkerImpl.java:51)
	at java.base/java.lang.Thread.run(Thread.java:1583)
11:01:07.157 [Thread-1] ERROR com.charlessun.javaplcadapter.worker.impl.ConsumerWorkerImpl -- processingStrategy.process(record) 處理失敗: Processing failed
java.lang.RuntimeException: Processing failed
	at com.charlessun.javaplcadapter.worker.impl.ConsumerWorkerImpl.pollLoop(ConsumerWorkerImpl.java:51)
	at java.base/java.lang.Thread.run(Thread.java:1583)
11:01:07.157 [Thread-1] ERROR com.charlessun.javaplcadapter.worker.impl.ConsumerWorkerImpl -- processingStrategy.process(record) 處理失敗: Processing failed
java.lang.RuntimeException: Processing failed
	at com.charlessun.javaplcadapter.worker.impl.ConsumerWorkerImpl.pollLoop(ConsumerWorkerImpl.java:51)
	at java.base/java.lang.Thread.run(Thread.java:1583)
11:01:07.157 [Thread-1] ERROR com.charlessun.javaplcadapter.worker.impl.ConsumerWorkerImpl -- processingStrategy.process(record) 處理失敗: Processing failed
java.lang.RuntimeException: Processing failed
	at com.charlessun.javaplcadapter.worker.impl.ConsumerWorkerImpl.pollLoop(ConsumerWorkerImpl.java:51)
	at java.base/java.lang.Thread.run(Thread.java:1583)
11:01:07.158 [Thread-1] ERROR com.charlessun.javaplcadapter.worker.impl.ConsumerWorkerImpl -- processingStrategy.process(record) 處理失敗: Processing failed
java.lang.RuntimeException: Processing failed
	at com.charlessun.javaplcadapter.worker.impl.ConsumerWorkerImpl.pollLoop(ConsumerWorkerImpl.java:51)
	at java.base/java.lang.Thread.run(Thread.java:1583)
11:01:07.158 [Thread-1] ERROR com.charlessun.javaplcadapter.worker.impl.ConsumerWorkerImpl -- processingStrategy.process(record) 處理失敗: Processing failed
java.lang.RuntimeException: Processing failed
	at com.charlessun.javaplcadapter.worker.impl.ConsumerWorkerImpl.pollLoop(ConsumerWorkerImpl.java:51)
	at java.base/java.lang.Thread.run(Thread.java:1583)
11:01:07.158 [Thread-1] ERROR com.charlessun.javaplcadapter.worker.impl.ConsumerWorkerImpl -- processingStrategy.process(record) 處理失敗: Processing failed
java.lang.RuntimeException: Processing failed
	at com.charlessun.javaplcadapter.worker.impl.ConsumerWorkerImpl.pollLoop(ConsumerWorkerImpl.java:51)
	at java.base/java.lang.Thread.run(Thread.java:1583)
11:01:07.158 [Thread-1] ERROR com.charlessun.javaplcadapter.worker.impl.ConsumerWorkerImpl -- processingStrategy.process(record) 處理失敗: Processing failed
java.lang.RuntimeException: Processing failed
	at com.charlessun.javaplcadapter.worker.impl.ConsumerWorkerImpl.pollLoop(ConsumerWorkerImpl.java:51)
	at java.base/java.lang.Thread.run(Thread.java:1583)
11:01:07.158 [Thread-1] ERROR com.charlessun.javaplcadapter.worker.impl.ConsumerWorkerImpl -- processingStrategy.process(record) 處理失敗: Processing failed
java.lang.RuntimeException: Processing failed
	at com.charlessun.javaplcadapter.worker.impl.ConsumerWorkerImpl.pollLoop(ConsumerWorkerImpl.java:51)
	at java.base/java.lang.Thread.run(Thread.java:1583)
11:01:07.158 [Thread-1] ERROR com.charlessun.javaplcadapter.worker.impl.ConsumerWorkerImpl -- processingStrategy.process(record) 處理失敗: Processing failed
java.lang.RuntimeException: Processing failed
	at com.charlessun.javaplcadapter.worker.impl.ConsumerWorkerImpl.pollLoop(ConsumerWorkerImpl.java:51)
	at java.base/java.lang.Thread.run(Thread.java:1583)
11:01:07.158 [Thread-1] ERROR com.charlessun.javaplcadapter.worker.impl.ConsumerWorkerImpl -- processingStrategy.process(record) 處理失敗: Processing failed
java.lang.RuntimeException: Processing failed
	at com.charlessun.javaplcadapter.worker.impl.ConsumerWorkerImpl.pollLoop(ConsumerWorkerImpl.java:51)
	at java.base/java.lang.Thread.run(Thread.java:1583)
11:01:07.158 [Thread-1] ERROR com.charlessun.javaplcadapter.worker.impl.ConsumerWorkerImpl -- processingStrategy.process(record) 處理失敗: Processing failed
java.lang.RuntimeException: Processing failed
	at com.charlessun.javaplcadapter.worker.impl.ConsumerWorkerImpl.pollLoop(ConsumerWorkerImpl.java:51)
	at java.base/java.lang.Thread.run(Thread.java:1583)
11:01:07.158 [Thread-1] ERROR com.charlessun.javaplcadapter.worker.impl.ConsumerWorkerImpl -- processingStrategy.process(record) 處理失敗: Processing failed
java.lang.RuntimeException: Processing failed
	at com.charlessun.javaplcadapter.worker.impl.ConsumerWorkerImpl.pollLoop(ConsumerWorkerImpl.java:51)
	at java.base/java.lang.Thread.run(Thread.java:1583)
11:01:07.158 [Thread-1] ERROR com.charlessun.javaplcadapter.worker.impl.ConsumerWorkerImpl -- processingStrategy.process(record) 處理失敗: Processing failed
java.lang.RuntimeException: Processing failed
	at com.charlessun.javaplcadapter.worker.impl.ConsumerWorkerImpl.pollLoop(ConsumerWorkerImpl.java:51)
	at java.base/java.lang.Thread.run(Thread.java:1583)
11:01:07.158 [Thread-1] ERROR com.charlessun.javaplcadapter.worker.impl.ConsumerWorkerImpl -- processingStrategy.process(record) 處理失敗: Processing failed
java.lang.RuntimeException: Processing failed
	at com.charlessun.javaplcadapter.worker.impl.ConsumerWorkerImpl.pollLoop(ConsumerWorkerImpl.java:51)
	at java.base/java.lang.Thread.run(Thread.java:1583)
11:01:07.158 [Thread-1] ERROR com.charlessun.javaplcadapter.worker.impl.ConsumerWorkerImpl -- processingStrategy.process(record) 處理失敗: Processing failed
java.lang.RuntimeException: Processing failed
	at com.charlessun.javaplcadapter.worker.impl.ConsumerWorkerImpl.pollLoop(ConsumerWorkerImpl.java:51)
	at java.base/java.lang.Thread.run(Thread.java:1583)
11:01:07.158 [Thread-1] ERROR com.charlessun.javaplcadapter.worker.impl.ConsumerWorkerImpl -- processingStrategy.process(record) 處理失敗: Processing failed
java.lang.RuntimeException: Processing failed
	at com.charlessun.javaplcadapter.worker.impl.ConsumerWorkerImpl.pollLoop(ConsumerWorkerImpl.java:51)
	at java.base/java.lang.Thread.run(Thread.java:1583)
11:01:07.158 [Thread-1] ERROR com.charlessun.javaplcadapter.worker.impl.ConsumerWorkerImpl -- processingStrategy.process(record) 處理失敗: Processing failed
java.lang.RuntimeException: Processing failed
	at com.charlessun.javaplcadapter.worker.impl.ConsumerWorkerImpl.pollLoop(ConsumerWorkerImpl.java:51)
	at java.base/java.lang.Thread.run(Thread.java:1583)
11:01:07.159 [Thread-1] ERROR com.charlessun.javaplcadapter.worker.impl.ConsumerWorkerImpl -- processingStrategy.process(record) 處理失敗: Processing failed
java.lang.RuntimeException: Processing failed
	at com.charlessun.javaplcadapter.worker.impl.ConsumerWorkerImpl.pollLoop(ConsumerWorkerImpl.java:51)
	at java.base/java.lang.Thread.run(Thread.java:1583)
11:01:07.159 [Thread-1] ERROR com.charlessun.javaplcadapter.worker.impl.ConsumerWorkerImpl -- processingStrategy.process(record) 處理失敗: Processing failed
java.lang.RuntimeException: Processing failed
	at com.charlessun.javaplcadapter.worker.impl.ConsumerWorkerImpl.pollLoop(ConsumerWorkerImpl.java:51)
	at java.base/java.lang.Thread.run(Thread.java:1583)
11:01:07.159 [Thread-1] ERROR com.charlessun.javaplcadapter.worker.impl.ConsumerWorkerImpl -- processingStrategy.process(record) 處理失敗: Processing failed
java.lang.RuntimeException: Processing failed
	at com.charlessun.javaplcadapter.worker.impl.ConsumerWorkerImpl.pollLoop(ConsumerWorkerImpl.java:51)
	at java.base/java.lang.Thread.run(Thread.java:1583)
11:01:07.159 [Thread-1] ERROR com.charlessun.javaplcadapter.worker.impl.ConsumerWorkerImpl -- processingStrategy.process(record) 處理失敗: Processing failed
java.lang.RuntimeException: Processing failed
	at com.charlessun.javaplcadapter.worker.impl.ConsumerWorkerImpl.pollLoop(ConsumerWorkerImpl.java:51)
	at java.base/java.lang.Thread.run(Thread.java:1583)
11:01:07.159 [Thread-1] ERROR com.charlessun.javaplcadapter.worker.impl.ConsumerWorkerImpl -- processingStrategy.process(record) 處理失敗: Processing failed
java.lang.RuntimeException: Processing failed
	at com.charlessun.javaplcadapter.worker.impl.ConsumerWorkerImpl.pollLoop(ConsumerWorkerImpl.java:51)
	at java.base/java.lang.Thread.run(Thread.java:1583)
11:01:07.159 [Thread-1] ERROR com.charlessun.javaplcadapter.worker.impl.ConsumerWorkerImpl -- processingStrategy.process(record) 處理失敗: Processing failed
java.lang.RuntimeException: Processing failed
	at com.charlessun.javaplcadapter.worker.impl.ConsumerWorkerImpl.pollLoop(ConsumerWorkerImpl.java:51)
	at java.base/java.lang.Thread.run(Thread.java:1583)
11:01:07.159 [Thread-1] ERROR com.charlessun.javaplcadapter.worker.impl.ConsumerWorkerImpl -- processingStrategy.process(record) 處理失敗: Processing failed
java.lang.RuntimeException: Processing failed
	at com.charlessun.javaplcadapter.worker.impl.ConsumerWorkerImpl.pollLoop(ConsumerWorkerImpl.java:51)
	at java.base/java.lang.Thread.run(Thread.java:1583)
11:01:07.160 [Thread-1] ERROR com.charlessun.javaplcadapter.worker.impl.ConsumerWorkerImpl -- processingStrategy.process(record) 處理失敗: Processing failed
java.lang.RuntimeException: Processing failed
	at com.charlessun.javaplcadapter.worker.impl.ConsumerWorkerImpl.pollLoop(ConsumerWorkerImpl.java:51)
	at java.base/java.lang.Thread.run(Thread.java:1583)
11:01:07.160 [Thread-1] ERROR com.charlessun.javaplcadapter.worker.impl.ConsumerWorkerImpl -- processingStrategy.process(record) 處理失敗: Processing failed
java.lang.RuntimeException: Processing failed
	at com.charlessun.javaplcadapter.worker.impl.ConsumerWorkerImpl.pollLoop(ConsumerWorkerImpl.java:51)
	at java.base/java.lang.Thread.run(Thread.java:1583)
11:01:07.160 [Thread-1] ERROR com.charlessun.javaplcadapter.worker.impl.ConsumerWorkerImpl -- processingStrategy.process(record) 處理失敗: Processing failed
java.lang.RuntimeException: Processing failed
	at com.charlessun.javaplcadapter.worker.impl.ConsumerWorkerImpl.pollLoop(ConsumerWorkerImpl.java:51)
	at java.base/java.lang.Thread.run(Thread.java:1583)
11:01:07.160 [Thread-1] ERROR com.charlessun.javaplcadapter.worker.impl.ConsumerWorkerImpl -- processingStrategy.process(record) 處理失敗: Processing failed
java.lang.RuntimeException: Processing failed
	at com.charlessun.javaplcadapter.worker.impl.ConsumerWorkerImpl.pollLoop(ConsumerWorkerImpl.java:51)
	at java.base/java.lang.Thread.run(Thread.java:1583)
11:01:07.160 [Thread-1] ERROR com.charlessun.javaplcadapter.worker.impl.ConsumerWorkerImpl -- processingStrategy.process(record) 處理失敗: Processing failed
java.lang.RuntimeException: Processing failed
	at com.charlessun.javaplcadapter.worker.impl.ConsumerWorkerImpl.pollLoop(ConsumerWorkerImpl.java:51)
	at java.base/java.lang.Thread.run(Thread.java:1583)
11:01:07.160 [Thread-1] ERROR com.charlessun.javaplcadapter.worker.impl.ConsumerWorkerImpl -- processingStrategy.process(record) 處理失敗: Processing failed
java.lang.RuntimeException: Processing failed
	at com.charlessun.javaplcadapter.worker.impl.ConsumerWorkerImpl.pollLoop(ConsumerWorkerImpl.java:51)
	at java.base/java.lang.Thread.run(Thread.java:1583)
11:01:07.160 [Thread-1] ERROR com.charlessun.javaplcadapter.worker.impl.ConsumerWorkerImpl -- processingStrategy.process(record) 處理失敗: Processing failed
java.lang.RuntimeException: Processing failed
	at com.charlessun.javaplcadapter.worker.impl.ConsumerWorkerImpl.pollLoop(ConsumerWorkerImpl.java:51)
	at java.base/java.lang.Thread.run(Thread.java:1583)
11:01:07.160 [Thread-1] ERROR com.charlessun.javaplcadapter.worker.impl.ConsumerWorkerImpl -- processingStrategy.process(record) 處理失敗: Processing failed
java.lang.RuntimeException: Processing failed
	at com.charlessun.javaplcadapter.worker.impl.ConsumerWorkerImpl.pollLoop(ConsumerWorkerImpl.java:51)
	at java.base/java.lang.Thread.run(Thread.java:1583)
11:01:07.160 [Thread-1] ERROR com.charlessun.javaplcadapter.worker.impl.ConsumerWorkerImpl -- processingStrategy.process(record) 處理失敗: Processing failed
java.lang.RuntimeException: Processing failed
	at com.charlessun.javaplcadapter.worker.impl.ConsumerWorkerImpl.pollLoop(ConsumerWorkerImpl.java:51)
	at java.base/java.lang.Thread.run(Thread.java:1583)
11:01:07.160 [Thread-1] ERROR com.charlessun.javaplcadapter.worker.impl.ConsumerWorkerImpl -- processingStrategy.process(record) 處理失敗: Processing failed
java.lang.RuntimeException: Processing failed
	at com.charlessun.javaplcadapter.worker.impl.ConsumerWorkerImpl.pollLoop(ConsumerWorkerImpl.java:51)
	at java.base/java.lang.Thread.run(Thread.java:1583)
11:01:07.160 [Thread-1] ERROR com.charlessun.javaplcadapter.worker.impl.ConsumerWorkerImpl -- processingStrategy.process(record) 處理失敗: Processing failed
java.lang.RuntimeException: Processing failed
	at com.charlessun.javaplcadapter.worker.impl.ConsumerWorkerImpl.pollLoop(ConsumerWorkerImpl.java:51)
	at java.base/java.lang.Thread.run(Thread.java:1583)
11:01:07.160 [Thread-1] ERROR com.charlessun.javaplcadapter.worker.impl.ConsumerWorkerImpl -- processingStrategy.process(record) 處理失敗: Processing failed
java.lang.RuntimeException: Processing failed
	at com.charlessun.javaplcadapter.worker.impl.ConsumerWorkerImpl.pollLoop(ConsumerWorkerImpl.java:51)
	at java.base/java.lang.Thread.run(Thread.java:1583)
11:01:07.160 [Thread-1] ERROR com.charlessun.javaplcadapter.worker.impl.ConsumerWorkerImpl -- processingStrategy.process(record) 處理失敗: Processing failed
java.lang.RuntimeException: Processing failed
	at com.charlessun.javaplcadapter.worker.impl.ConsumerWorkerImpl.pollLoop(ConsumerWorkerImpl.java:51)
	at java.base/java.lang.Thread.run(Thread.java:1583)
11:01:07.160 [Thread-1] ERROR com.charlessun.javaplcadapter.worker.impl.ConsumerWorkerImpl -- processingStrategy.process(record) 處理失敗: Processing failed
java.lang.RuntimeException: Processing failed
	at com.charlessun.javaplcadapter.worker.impl.ConsumerWorkerImpl.pollLoop(ConsumerWorkerImpl.java:51)
	at java.base/java.lang.Thread.run(Thread.java:1583)
11:01:07.161 [Thread-1] ERROR com.charlessun.javaplcadapter.worker.impl.ConsumerWorkerImpl -- processingStrategy.process(record) 處理失敗: Processing failed
java.lang.RuntimeException: Processing failed
	at com.charlessun.javaplcadapter.worker.impl.ConsumerWorkerImpl.pollLoop(ConsumerWorkerImpl.java:51)
	at java.base/java.lang.Thread.run(Thread.java:1583)
11:01:07.161 [Thread-1] ERROR com.charlessun.javaplcadapter.worker.impl.ConsumerWorkerImpl -- processingStrategy.process(record) 處理失敗: Processing failed
java.lang.RuntimeException: Processing failed
	at com.charlessun.javaplcadapter.worker.impl.ConsumerWorkerImpl.pollLoop(ConsumerWorkerImpl.java:51)
	at java.base/java.lang.Thread.run(Thread.java:1583)
11:01:07.161 [Thread-1] ERROR com.charlessun.javaplcadapter.worker.impl.ConsumerWorkerImpl -- processingStrategy.process(record) 處理失敗: Processing failed
java.lang.RuntimeException: Processing failed
	at com.charlessun.javaplcadapter.worker.impl.ConsumerWorkerImpl.pollLoop(ConsumerWorkerImpl.java:51)
	at java.base/java.lang.Thread.run(Thread.java:1583)
11:01:07.161 [Thread-1] ERROR com.charlessun.javaplcadapter.worker.impl.ConsumerWorkerImpl -- processingStrategy.process(record) 處理失敗: Processing failed
java.lang.RuntimeException: Processing failed
	at com.charlessun.javaplcadapter.worker.impl.ConsumerWorkerImpl.pollLoop(ConsumerWorkerImpl.java:51)
	at java.base/java.lang.Thread.run(Thread.java:1583)
11:01:07.161 [Thread-1] ERROR com.charlessun.javaplcadapter.worker.impl.ConsumerWorkerImpl -- processingStrategy.process(record) 處理失敗: Processing failed
java.lang.RuntimeException: Processing failed
	at com.charlessun.javaplcadapter.worker.impl.ConsumerWorkerImpl.pollLoop(ConsumerWorkerImpl.java:51)
	at java.base/java.lang.Thread.run(Thread.java:1583)
11:01:07.161 [Thread-1] ERROR com.charlessun.javaplcadapter.worker.impl.ConsumerWorkerImpl -- processingStrategy.process(record) 處理失敗: Processing failed
java.lang.RuntimeException: Processing failed
	at com.charlessun.javaplcadapter.worker.impl.ConsumerWorkerImpl.pollLoop(ConsumerWorkerImpl.java:51)
	at java.base/java.lang.Thread.run(Thread.java:1583)
11:01:07.161 [Thread-1] ERROR com.charlessun.javaplcadapter.worker.impl.ConsumerWorkerImpl -- processingStrategy.process(record) 處理失敗: Processing failed
java.lang.RuntimeException: Processing failed
	at com.charlessun.javaplcadapter.worker.impl.ConsumerWorkerImpl.pollLoop(ConsumerWorkerImpl.java:51)
	at java.base/java.lang.Thread.run(Thread.java:1583)
11:01:07.161 [Thread-1] ERROR com.charlessun.javaplcadapter.worker.impl.ConsumerWorkerImpl -- processingStrategy.process(record) 處理失敗: Processing failed
java.lang.RuntimeException: Processing failed
	at com.charlessun.javaplcadapter.worker.impl.ConsumerWorkerImpl.pollLoop(ConsumerWorkerImpl.java:51)
	at java.base/java.lang.Thread.run(Thread.java:1583)
11:01:07.161 [Thread-1] ERROR com.charlessun.javaplcadapter.worker.impl.ConsumerWorkerImpl -- processingStrategy.process(record) 處理失敗: Processing failed
java.lang.RuntimeException: Processing failed
	at com.charlessun.javaplcadapter.worker.impl.ConsumerWorkerImpl.pollLoop(ConsumerWorkerImpl.java:51)
	at java.base/java.lang.Thread.run(Thread.java:1583)
11:01:07.162 [Thread-1] ERROR com.charlessun.javaplcadapter.worker.impl.ConsumerWorkerImpl -- processingStrategy.process(record) 處理失敗: Processing failed
java.lang.RuntimeException: Processing failed
	at com.charlessun.javaplcadapter.worker.impl.ConsumerWorkerImpl.pollLoop(ConsumerWorkerImpl.java:51)
	at java.base/java.lang.Thread.run(Thread.java:1583)
11:01:07.162 [Thread-1] ERROR com.charlessun.javaplcadapter.worker.impl.ConsumerWorkerImpl -- processingStrategy.process(record) 處理失敗: Processing failed
java.lang.RuntimeException: Processing failed
	at com.charlessun.javaplcadapter.worker.impl.ConsumerWorkerImpl.pollLoop(ConsumerWorkerImpl.java:51)
	at java.base/java.lang.Thread.run(Thread.java:1583)
11:01:07.162 [Thread-1] ERROR com.charlessun.javaplcadapter.worker.impl.ConsumerWorkerImpl -- processingStrategy.process(record) 處理失敗: Processing failed
java.lang.RuntimeException: Processing failed
	at com.charlessun.javaplcadapter.worker.impl.ConsumerWorkerImpl.pollLoop(ConsumerWorkerImpl.java:51)
	at java.base/java.lang.Thread.run(Thread.java:1583)
11:01:07.162 [Thread-1] ERROR com.charlessun.javaplcadapter.worker.impl.ConsumerWorkerImpl -- processingStrategy.process(record) 處理失敗: Processing failed
java.lang.RuntimeException: Processing failed
	at com.charlessun.javaplcadapter.worker.impl.ConsumerWorkerImpl.pollLoop(ConsumerWorkerImpl.java:51)
	at java.base/java.lang.Thread.run(Thread.java:1583)
11:01:07.162 [Thread-1] ERROR com.charlessun.javaplcadapter.worker.impl.ConsumerWorkerImpl -- processingStrategy.process(record) 處理失敗: Processing failed
java.lang.RuntimeException: Processing failed
	at com.charlessun.javaplcadapter.worker.impl.ConsumerWorkerImpl.pollLoop(ConsumerWorkerImpl.java:51)
	at java.base/java.lang.Thread.run(Thread.java:1583)
11:01:07.162 [Thread-1] ERROR com.charlessun.javaplcadapter.worker.impl.ConsumerWorkerImpl -- processingStrategy.process(record) 處理失敗: Processing failed
java.lang.RuntimeException: Processing failed
	at com.charlessun.javaplcadapter.worker.impl.ConsumerWorkerImpl.pollLoop(ConsumerWorkerImpl.java:51)
	at java.base/java.lang.Thread.run(Thread.java:1583)
11:01:07.162 [Thread-1] ERROR com.charlessun.javaplcadapter.worker.impl.ConsumerWorkerImpl -- processingStrategy.process(record) 處理失敗: Processing failed
java.lang.RuntimeException: Processing failed
	at com.charlessun.javaplcadapter.worker.impl.ConsumerWorkerImpl.pollLoop(ConsumerWorkerImpl.java:51)
	at java.base/java.lang.Thread.run(Thread.java:1583)
11:01:07.162 [Thread-1] ERROR com.charlessun.javaplcadapter.worker.impl.ConsumerWorkerImpl -- processingStrategy.process(record) 處理失敗: Processing failed
java.lang.RuntimeException: Processing failed
	at com.charlessun.javaplcadapter.worker.impl.ConsumerWorkerImpl.pollLoop(ConsumerWorkerImpl.java:51)
	at java.base/java.lang.Thread.run(Thread.java:1583)
11:01:07.162 [Thread-1] ERROR com.charlessun.javaplcadapter.worker.impl.ConsumerWorkerImpl -- processingStrategy.process(record) 處理失敗: Processing failed
java.lang.RuntimeException: Processing failed
	at com.charlessun.javaplcadapter.worker.impl.ConsumerWorkerImpl.pollLoop(ConsumerWorkerImpl.java:51)
	at java.base/java.lang.Thread.run(Thread.java:1583)
11:01:07.162 [Thread-1] ERROR com.charlessun.javaplcadapter.worker.impl.ConsumerWorkerImpl -- processingStrategy.process(record) 處理失敗: Processing failed
java.lang.RuntimeException: Processing failed
	at com.charlessun.javaplcadapter.worker.impl.ConsumerWorkerImpl.pollLoop(ConsumerWorkerImpl.java:51)
	at java.base/java.lang.Thread.run(Thread.java:1583)
11:01:07.162 [Thread-1] ERROR com.charlessun.javaplcadapter.worker.impl.ConsumerWorkerImpl -- processingStrategy.process(record) 處理失敗: Processing failed
java.lang.RuntimeException: Processing failed
	at com.charlessun.javaplcadapter.worker.impl.ConsumerWorkerImpl.pollLoop(ConsumerWorkerImpl.java:51)
	at java.base/java.lang.Thread.run(Thread.java:1583)
11:01:07.163 [Thread-1] ERROR com.charlessun.javaplcadapter.worker.impl.ConsumerWorkerImpl -- processingStrategy.process(record) 處理失敗: Processing failed
java.lang.RuntimeException: Processing failed
	at com.charlessun.javaplcadapter.worker.impl.ConsumerWorkerImpl.pollLoop(ConsumerWorkerImpl.java:51)
	at java.base/java.lang.Thread.run(Thread.java:1583)
11:01:07.163 [Thread-1] ERROR com.charlessun.javaplcadapter.worker.impl.ConsumerWorkerImpl -- processingStrategy.process(record) 處理失敗: Processing failed
java.lang.RuntimeException: Processing failed
	at com.charlessun.javaplcadapter.worker.impl.ConsumerWorkerImpl.pollLoop(ConsumerWorkerImpl.java:51)
	at java.base/java.lang.Thread.run(Thread.java:1583)
11:01:07.163 [Thread-1] ERROR com.charlessun.javaplcadapter.worker.impl.ConsumerWorkerImpl -- processingStrategy.process(record) 處理失敗: Processing failed
java.lang.RuntimeException: Processing failed
	at com.charlessun.javaplcadapter.worker.impl.ConsumerWorkerImpl.pollLoop(ConsumerWorkerImpl.java:51)
	at java.base/java.lang.Thread.run(Thread.java:1583)
11:01:07.163 [Thread-1] ERROR com.charlessun.javaplcadapter.worker.impl.ConsumerWorkerImpl -- processingStrategy.process(record) 處理失敗: Processing failed
java.lang.RuntimeException: Processing failed
	at com.charlessun.javaplcadapter.worker.impl.ConsumerWorkerImpl.pollLoop(ConsumerWorkerImpl.java:51)
	at java.base/java.lang.Thread.run(Thread.java:1583)
11:01:07.163 [Thread-1] ERROR com.charlessun.javaplcadapter.worker.impl.ConsumerWorkerImpl -- processingStrategy.process(record) 處理失敗: Processing failed
java.lang.RuntimeException: Processing failed
	at com.charlessun.javaplcadapter.worker.impl.ConsumerWorkerImpl.pollLoop(ConsumerWorkerImpl.java:51)
	at java.base/java.lang.Thread.run(Thread.java:1583)
11:01:07.163 [Thread-1] ERROR com.charlessun.javaplcadapter.worker.impl.ConsumerWorkerImpl -- processingStrategy.process(record) 處理失敗: Processing failed
java.lang.RuntimeException: Processing failed
	at com.charlessun.javaplcadapter.worker.impl.ConsumerWorkerImpl.pollLoop(ConsumerWorkerImpl.java:51)
	at java.base/java.lang.Thread.run(Thread.java:1583)
11:01:07.163 [Thread-1] ERROR com.charlessun.javaplcadapter.worker.impl.ConsumerWorkerImpl -- processingStrategy.process(record) 處理失敗: Processing failed
java.lang.RuntimeException: Processing failed
	at com.charlessun.javaplcadapter.worker.impl.ConsumerWorkerImpl.pollLoop(ConsumerWorkerImpl.java:51)
	at java.base/java.lang.Thread.run(Thread.java:1583)
11:01:07.163 [Thread-1] ERROR com.charlessun.javaplcadapter.worker.impl.ConsumerWorkerImpl -- processingStrategy.process(record) 處理失敗: Processing failed
java.lang.RuntimeException: Processing failed
	at com.charlessun.javaplcadapter.worker.impl.ConsumerWorkerImpl.pollLoop(ConsumerWorkerImpl.java:51)
	at java.base/java.lang.Thread.run(Thread.java:1583)
11:01:07.163 [Thread-1] ERROR com.charlessun.javaplcadapter.worker.impl.ConsumerWorkerImpl -- processingStrategy.process(record) 處理失敗: Processing failed
java.lang.RuntimeException: Processing failed
	at com.charlessun.javaplcadapter.worker.impl.ConsumerWorkerImpl.pollLoop(ConsumerWorkerImpl.java:51)
	at java.base/java.lang.Thread.run(Thread.java:1583)
11:01:07.163 [Thread-1] ERROR com.charlessun.javaplcadapter.worker.impl.ConsumerWorkerImpl -- processingStrategy.process(record) 處理失敗: Processing failed
java.lang.RuntimeException: Processing failed
	at com.charlessun.javaplcadapter.worker.impl.ConsumerWorkerImpl.pollLoop(ConsumerWorkerImpl.java:51)
	at java.base/java.lang.Thread.run(Thread.java:1583)
11:01:07.163 [Thread-1] ERROR com.charlessun.javaplcadapter.worker.impl.ConsumerWorkerImpl -- processingStrategy.process(record) 處理失敗: Processing failed
java.lang.RuntimeException: Processing failed
	at com.charlessun.javaplcadapter.worker.impl.ConsumerWorkerImpl.pollLoop(ConsumerWorkerImpl.java:51)
	at java.base/java.lang.Thread.run(Thread.java:1583)
11:01:07.163 [Thread-1] ERROR com.charlessun.javaplcadapter.worker.impl.ConsumerWorkerImpl -- processingStrategy.process(record) 處理失敗: Processing failed
java.lang.RuntimeException: Processing failed
	at com.charlessun.javaplcadapter.worker.impl.ConsumerWorkerImpl.pollLoop(ConsumerWorkerImpl.java:51)
	at java.base/java.lang.Thread.run(Thread.java:1583)
11:01:07.164 [Thread-1] ERROR com.charlessun.javaplcadapter.worker.impl.ConsumerWorkerImpl -- processingStrategy.process(record) 處理失敗: Processing failed
java.lang.RuntimeException: Processing failed
	at com.charlessun.javaplcadapter.worker.impl.ConsumerWorkerImpl.pollLoop(ConsumerWorkerImpl.java:51)
	at java.base/java.lang.Thread.run(Thread.java:1583)
11:01:07.164 [Thread-1] ERROR com.charlessun.javaplcadapter.worker.impl.ConsumerWorkerImpl -- processingStrategy.process(record) 處理失敗: Processing failed
java.lang.RuntimeException: Processing failed
	at com.charlessun.javaplcadapter.worker.impl.ConsumerWorkerImpl.pollLoop(ConsumerWorkerImpl.java:51)
	at java.base/java.lang.Thread.run(Thread.java:1583)
11:01:07.164 [Thread-1] ERROR com.charlessun.javaplcadapter.worker.impl.ConsumerWorkerImpl -- processingStrategy.process(record) 處理失敗: Processing failed
java.lang.RuntimeException: Processing failed
	at com.charlessun.javaplcadapter.worker.impl.ConsumerWorkerImpl.pollLoop(ConsumerWorkerImpl.java:51)
	at java.base/java.lang.Thread.run(Thread.java:1583)
11:01:07.164 [Thread-1] ERROR com.charlessun.javaplcadapter.worker.impl.ConsumerWorkerImpl -- processingStrategy.process(record) 處理失敗: Processing failed
java.lang.RuntimeException: Processing failed
	at com.charlessun.javaplcadapter.worker.impl.ConsumerWorkerImpl.pollLoop(ConsumerWorkerImpl.java:51)
	at java.base/java.lang.Thread.run(Thread.java:1583)
11:01:07.164 [Thread-1] ERROR com.charlessun.javaplcadapter.worker.impl.ConsumerWorkerImpl -- processingStrategy.process(record) 處理失敗: Processing failed
java.lang.RuntimeException: Processing failed
	at com.charlessun.javaplcadapter.worker.impl.ConsumerWorkerImpl.pollLoop(ConsumerWorkerImpl.java:51)
	at java.base/java.lang.Thread.run(Thread.java:1583)
11:01:07.164 [Thread-1] ERROR com.charlessun.javaplcadapter.worker.impl.ConsumerWorkerImpl -- processingStrategy.process(record) 處理失敗: Processing failed
java.lang.RuntimeException: Processing failed
	at com.charlessun.javaplcadapter.worker.impl.ConsumerWorkerImpl.pollLoop(ConsumerWorkerImpl.java:51)
	at java.base/java.lang.Thread.run(Thread.java:1583)
11:01:07.164 [Thread-1] ERROR com.charlessun.javaplcadapter.worker.impl.ConsumerWorkerImpl -- processingStrategy.process(record) 處理失敗: Processing failed
java.lang.RuntimeException: Processing failed
	at com.charlessun.javaplcadapter.worker.impl.ConsumerWorkerImpl.pollLoop(ConsumerWorkerImpl.java:51)
	at java.base/java.lang.Thread.run(Thread.java:1583)
11:01:07.164 [Thread-1] ERROR com.charlessun.javaplcadapter.worker.impl.ConsumerWorkerImpl -- processingStrategy.process(record) 處理失敗: Processing failed
java.lang.RuntimeException: Processing failed
	at com.charlessun.javaplcadapter.worker.impl.ConsumerWorkerImpl.pollLoop(ConsumerWorkerImpl.java:51)
	at java.base/java.lang.Thread.run(Thread.java:1583)
11:01:07.164 [Thread-1] ERROR com.charlessun.javaplcadapter.worker.impl.ConsumerWorkerImpl -- processingStrategy.process(record) 處理失敗: Processing failed
java.lang.RuntimeException: Processing failed
	at com.charlessun.javaplcadapter.worker.impl.ConsumerWorkerImpl.pollLoop(ConsumerWorkerImpl.java:51)
	at java.base/java.lang.Thread.run(Thread.java:1583)
11:01:07.164 [Thread-1] ERROR com.charlessun.javaplcadapter.worker.impl.ConsumerWorkerImpl -- processingStrategy.process(record) 處理失敗: Processing failed
java.lang.RuntimeException: Processing failed
	at com.charlessun.javaplcadapter.worker.impl.ConsumerWorkerImpl.pollLoop(ConsumerWorkerImpl.java:51)
	at java.base/java.lang.Thread.run(Thread.java:1583)
11:01:07.165 [Thread-1] ERROR com.charlessun.javaplcadapter.worker.impl.ConsumerWorkerImpl -- processingStrategy.process(record) 處理失敗: Processing failed
java.lang.RuntimeException: Processing failed
	at com.charlessun.javaplcadapter.worker.impl.ConsumerWorkerImpl.pollLoop(ConsumerWorkerImpl.java:51)
	at java.base/java.lang.Thread.run(Thread.java:1583)
11:01:07.165 [Thread-1] ERROR com.charlessun.javaplcadapter.worker.impl.ConsumerWorkerImpl -- processingStrategy.process(record) 處理失敗: Processing failed
java.lang.RuntimeException: Processing failed
	at com.charlessun.javaplcadapter.worker.impl.ConsumerWorkerImpl.pollLoop(ConsumerWorkerImpl.java:51)
	at java.base/java.lang.Thread.run(Thread.java:1583)
11:01:07.165 [Thread-1] ERROR com.charlessun.javaplcadapter.worker.impl.ConsumerWorkerImpl -- processingStrategy.process(record) 處理失敗: Processing failed
java.lang.RuntimeException: Processing failed
	at com.charlessun.javaplcadapter.worker.impl.ConsumerWorkerImpl.pollLoop(ConsumerWorkerImpl.java:51)
	at java.base/java.lang.Thread.run(Thread.java:1583)
11:01:07.165 [Thread-1] ERROR com.charlessun.javaplcadapter.worker.impl.ConsumerWorkerImpl -- processingStrategy.process(record) 處理失敗: Processing failed
java.lang.RuntimeException: Processing failed
	at com.charlessun.javaplcadapter.worker.impl.ConsumerWorkerImpl.pollLoop(ConsumerWorkerImpl.java:51)
	at java.base/java.lang.Thread.run(Thread.java:1583)
11:01:07.165 [Thread-1] ERROR com.charlessun.javaplcadapter.worker.impl.ConsumerWorkerImpl -- processingStrategy.process(record) 處理失敗: Processing failed
java.lang.RuntimeException: Processing failed
	at com.charlessun.javaplcadapter.worker.impl.ConsumerWorkerImpl.pollLoop(ConsumerWorkerImpl.java:51)
	at java.base/java.lang.Thread.run(Thread.java:1583)
11:01:07.165 [Thread-1] ERROR com.charlessun.javaplcadapter.worker.impl.ConsumerWorkerImpl -- processingStrategy.process(record) 處理失敗: Processing failed
java.lang.RuntimeException: Processing failed
	at com.charlessun.javaplcadapter.worker.impl.ConsumerWorkerImpl.pollLoop(ConsumerWorkerImpl.java:51)
	at java.base/java.lang.Thread.run(Thread.java:1583)
11:01:07.165 [Thread-1] ERROR com.charlessun.javaplcadapter.worker.impl.ConsumerWorkerImpl -- processingStrategy.process(record) 處理失敗: Processing failed
java.lang.RuntimeException: Processing failed
	at com.charlessun.javaplcadapter.worker.impl.ConsumerWorkerImpl.pollLoop(ConsumerWorkerImpl.java:51)
	at java.base/java.lang.Thread.run(Thread.java:1583)
11:01:07.165 [Thread-1] ERROR com.charlessun.javaplcadapter.worker.impl.ConsumerWorkerImpl -- processingStrategy.process(record) 處理失敗: Processing failed
java.lang.RuntimeException: Processing failed
	at com.charlessun.javaplcadapter.worker.impl.ConsumerWorkerImpl.pollLoop(ConsumerWorkerImpl.java:51)
	at java.base/java.lang.Thread.run(Thread.java:1583)
11:01:07.165 [Thread-1] ERROR com.charlessun.javaplcadapter.worker.impl.ConsumerWorkerImpl -- processingStrategy.process(record) 處理失敗: Processing failed
java.lang.RuntimeException: Processing failed
	at com.charlessun.javaplcadapter.worker.impl.ConsumerWorkerImpl.pollLoop(ConsumerWorkerImpl.java:51)
	at java.base/java.lang.Thread.run(Thread.java:1583)
11:01:07.165 [Thread-1] ERROR com.charlessun.javaplcadapter.worker.impl.ConsumerWorkerImpl -- processingStrategy.process(record) 處理失敗: Processing failed
java.lang.RuntimeException: Processing failed
	at com.charlessun.javaplcadapter.worker.impl.ConsumerWorkerImpl.pollLoop(ConsumerWorkerImpl.java:51)
	at java.base/java.lang.Thread.run(Thread.java:1583)
11:01:07.165 [Thread-1] ERROR com.charlessun.javaplcadapter.worker.impl.ConsumerWorkerImpl -- processingStrategy.process(record) 處理失敗: Processing failed
java.lang.RuntimeException: Processing failed
	at com.charlessun.javaplcadapter.worker.impl.ConsumerWorkerImpl.pollLoop(ConsumerWorkerImpl.java:51)
	at java.base/java.lang.Thread.run(Thread.java:1583)
11:01:07.166 [Thread-1] ERROR com.charlessun.javaplcadapter.worker.impl.ConsumerWorkerImpl -- processingStrategy.process(record) 處理失敗: Processing failed
java.lang.RuntimeException: Processing failed
	at com.charlessun.javaplcadapter.worker.impl.ConsumerWorkerImpl.pollLoop(ConsumerWorkerImpl.java:51)
	at java.base/java.lang.Thread.run(Thread.java:1583)
11:01:07.166 [Thread-1] ERROR com.charlessun.javaplcadapter.worker.impl.ConsumerWorkerImpl -- processingStrategy.process(record) 處理失敗: Processing failed
java.lang.RuntimeException: Processing failed
	at com.charlessun.javaplcadapter.worker.impl.ConsumerWorkerImpl.pollLoop(ConsumerWorkerImpl.java:51)
	at java.base/java.lang.Thread.run(Thread.java:1583)
11:01:07.166 [Thread-1] ERROR com.charlessun.javaplcadapter.worker.impl.ConsumerWorkerImpl -- processingStrategy.process(record) 處理失敗: Processing failed
java.lang.RuntimeException: Processing failed
	at com.charlessun.javaplcadapter.worker.impl.ConsumerWorkerImpl.pollLoop(ConsumerWorkerImpl.java:51)
	at java.base/java.lang.Thread.run(Thread.java:1583)
11:01:07.166 [Thread-1] ERROR com.charlessun.javaplcadapter.worker.impl.ConsumerWorkerImpl -- processingStrategy.process(record) 處理失敗: Processing failed
java.lang.RuntimeException: Processing failed
	at com.charlessun.javaplcadapter.worker.impl.ConsumerWorkerImpl.pollLoop(ConsumerWorkerImpl.java:51)
	at java.base/java.lang.Thread.run(Thread.java:1583)
11:01:07.166 [Thread-1] ERROR com.charlessun.javaplcadapter.worker.impl.ConsumerWorkerImpl -- processingStrategy.process(record) 處理失敗: Processing failed
java.lang.RuntimeException: Processing failed
	at com.charlessun.javaplcadapter.worker.impl.ConsumerWorkerImpl.pollLoop(ConsumerWorkerImpl.java:51)
	at java.base/java.lang.Thread.run(Thread.java:1583)
11:01:07.166 [Thread-1] ERROR com.charlessun.javaplcadapter.worker.impl.ConsumerWorkerImpl -- processingStrategy.process(record) 處理失敗: Processing failed
java.lang.RuntimeException: Processing failed
	at com.charlessun.javaplcadapter.worker.impl.ConsumerWorkerImpl.pollLoop(ConsumerWorkerImpl.java:51)
	at java.base/java.lang.Thread.run(Thread.java:1583)
11:01:07.166 [Thread-1] ERROR com.charlessun.javaplcadapter.worker.impl.ConsumerWorkerImpl -- processingStrategy.process(record) 處理失敗: Processing failed
java.lang.RuntimeException: Processing failed
	at com.charlessun.javaplcadapter.worker.impl.ConsumerWorkerImpl.pollLoop(ConsumerWorkerImpl.java:51)
	at java.base/java.lang.Thread.run(Thread.java:1583)
11:01:07.167 [Thread-1] ERROR com.charlessun.javaplcadapter.worker.impl.ConsumerWorkerImpl -- processingStrategy.process(record) 處理失敗: Processing failed
java.lang.RuntimeException: Processing failed
	at com.charlessun.javaplcadapter.worker.impl.ConsumerWorkerImpl.pollLoop(ConsumerWorkerImpl.java:51)
	at java.base/java.lang.Thread.run(Thread.java:1583)
11:01:07.167 [Thread-1] ERROR com.charlessun.javaplcadapter.worker.impl.ConsumerWorkerImpl -- processingStrategy.process(record) 處理失敗: Processing failed
java.lang.RuntimeException: Processing failed
	at com.charlessun.javaplcadapter.worker.impl.ConsumerWorkerImpl.pollLoop(ConsumerWorkerImpl.java:51)
	at java.base/java.lang.Thread.run(Thread.java:1583)
11:01:07.167 [Thread-1] ERROR com.charlessun.javaplcadapter.worker.impl.ConsumerWorkerImpl -- processingStrategy.process(record) 處理失敗: Processing failed
java.lang.RuntimeException: Processing failed
	at com.charlessun.javaplcadapter.worker.impl.ConsumerWorkerImpl.pollLoop(ConsumerWorkerImpl.java:51)
	at java.base/java.lang.Thread.run(Thread.java:1583)
11:01:07.167 [Thread-1] ERROR com.charlessun.javaplcadapter.worker.impl.ConsumerWorkerImpl -- processingStrategy.process(record) 處理失敗: Processing failed
java.lang.RuntimeException: Processing failed
	at com.charlessun.javaplcadapter.worker.impl.ConsumerWorkerImpl.pollLoop(ConsumerWorkerImpl.java:51)
	at java.base/java.lang.Thread.run(Thread.java:1583)
11:01:07.167 [Thread-1] ERROR com.charlessun.javaplcadapter.worker.impl.ConsumerWorkerImpl -- processingStrategy.process(record) 處理失敗: Processing failed
java.lang.RuntimeException: Processing failed
	at com.charlessun.javaplcadapter.worker.impl.ConsumerWorkerImpl.pollLoop(ConsumerWorkerImpl.java:51)
	at java.base/java.lang.Thread.run(Thread.java:1583)
11:01:07.167 [Thread-1] ERROR com.charlessun.javaplcadapter.worker.impl.ConsumerWorkerImpl -- processingStrategy.process(record) 處理失敗: Processing failed
java.lang.RuntimeException: Processing failed
	at com.charlessun.javaplcadapter.worker.impl.ConsumerWorkerImpl.pollLoop(ConsumerWorkerImpl.java:51)
	at java.base/java.lang.Thread.run(Thread.java:1583)
11:01:07.167 [Thread-1] ERROR com.charlessun.javaplcadapter.worker.impl.ConsumerWorkerImpl -- processingStrategy.process(record) 處理失敗: Processing failed
java.lang.RuntimeException: Processing failed
	at com.charlessun.javaplcadapter.worker.impl.ConsumerWorkerImpl.pollLoop(ConsumerWorkerImpl.java:51)
	at java.base/java.lang.Thread.run(Thread.java:1583)
11:01:07.168 [Thread-1] ERROR com.charlessun.javaplcadapter.worker.impl.ConsumerWorkerImpl -- processingStrategy.process(record) 處理失敗: Processing failed
java.lang.RuntimeException: Processing failed
	at com.charlessun.javaplcadapter.worker.impl.ConsumerWorkerImpl.pollLoop(ConsumerWorkerImpl.java:51)
	at java.base/java.lang.Thread.run(Thread.java:1583)
11:01:07.168 [Thread-1] ERROR com.charlessun.javaplcadapter.worker.impl.ConsumerWorkerImpl -- processingStrategy.process(record) 處理失敗: Processing failed
java.lang.RuntimeException: Processing failed
	at com.charlessun.javaplcadapter.worker.impl.ConsumerWorkerImpl.pollLoop(ConsumerWorkerImpl.java:51)
	at java.base/java.lang.Thread.run(Thread.java:1583)
11:01:07.168 [Thread-1] ERROR com.charlessun.javaplcadapter.worker.impl.ConsumerWorkerImpl -- processingStrategy.process(record) 處理失敗: Processing failed
java.lang.RuntimeException: Processing failed
	at com.charlessun.javaplcadapter.worker.impl.ConsumerWorkerImpl.pollLoop(ConsumerWorkerImpl.java:51)
	at java.base/java.lang.Thread.run(Thread.java:1583)
11:01:07.168 [Thread-1] ERROR com.charlessun.javaplcadapter.worker.impl.ConsumerWorkerImpl -- processingStrategy.process(record) 處理失敗: Processing failed
java.lang.RuntimeException: Processing failed
	at com.charlessun.javaplcadapter.worker.impl.ConsumerWorkerImpl.pollLoop(ConsumerWorkerImpl.java:51)
	at java.base/java.lang.Thread.run(Thread.java:1583)
11:01:07.168 [Thread-1] ERROR com.charlessun.javaplcadapter.worker.impl.ConsumerWorkerImpl -- processingStrategy.process(record) 處理失敗: Processing failed
java.lang.RuntimeException: Processing failed
	at com.charlessun.javaplcadapter.worker.impl.ConsumerWorkerImpl.pollLoop(ConsumerWorkerImpl.java:51)
	at java.base/java.lang.Thread.run(Thread.java:1583)
11:01:07.168 [Thread-1] ERROR com.charlessun.javaplcadapter.worker.impl.ConsumerWorkerImpl -- processingStrategy.process(record) 處理失敗: Processing failed
java.lang.RuntimeException: Processing failed
	at com.charlessun.javaplcadapter.worker.impl.ConsumerWorkerImpl.pollLoop(ConsumerWorkerImpl.java:51)
	at java.base/java.lang.Thread.run(Thread.java:1583)
11:01:07.168 [Thread-1] ERROR com.charlessun.javaplcadapter.worker.impl.ConsumerWorkerImpl -- processingStrategy.process(record) 處理失敗: Processing failed
java.lang.RuntimeException: Processing failed
	at com.charlessun.javaplcadapter.worker.impl.ConsumerWorkerImpl.pollLoop(ConsumerWorkerImpl.java:51)
	at java.base/java.lang.Thread.run(Thread.java:1583)
11:01:07.168 [Thread-1] ERROR com.charlessun.javaplcadapter.worker.impl.ConsumerWorkerImpl -- processingStrategy.process(record) 處理失敗: Processing failed
java.lang.RuntimeException: Processing failed
	at com.charlessun.javaplcadapter.worker.impl.ConsumerWorkerImpl.pollLoop(ConsumerWorkerImpl.java:51)
	at java.base/java.lang.Thread.run(Thread.java:1583)
11:01:07.169 [Thread-1] ERROR com.charlessun.javaplcadapter.worker.impl.ConsumerWorkerImpl -- processingStrategy.process(record) 處理失敗: Processing failed
java.lang.RuntimeException: Processing failed
	at com.charlessun.javaplcadapter.worker.impl.ConsumerWorkerImpl.pollLoop(ConsumerWorkerImpl.java:51)
	at java.base/java.lang.Thread.run(Thread.java:1583)
11:01:07.169 [Thread-1] ERROR com.charlessun.javaplcadapter.worker.impl.ConsumerWorkerImpl -- processingStrategy.process(record) 處理失敗: Processing failed
java.lang.RuntimeException: Processing failed
	at com.charlessun.javaplcadapter.worker.impl.ConsumerWorkerImpl.pollLoop(ConsumerWorkerImpl.java:51)
	at java.base/java.lang.Thread.run(Thread.java:1583)
11:01:07.169 [Thread-1] ERROR com.charlessun.javaplcadapter.worker.impl.ConsumerWorkerImpl -- processingStrategy.process(record) 處理失敗: Processing failed
java.lang.RuntimeException: Processing failed
	at com.charlessun.javaplcadapter.worker.impl.ConsumerWorkerImpl.pollLoop(ConsumerWorkerImpl.java:51)
	at java.base/java.lang.Thread.run(Thread.java:1583)
11:01:07.169 [Thread-1] ERROR com.charlessun.javaplcadapter.worker.impl.ConsumerWorkerImpl -- processingStrategy.process(record) 處理失敗: Processing failed
java.lang.RuntimeException: Processing failed
	at com.charlessun.javaplcadapter.worker.impl.ConsumerWorkerImpl.pollLoop(ConsumerWorkerImpl.java:51)
	at java.base/java.lang.Thread.run(Thread.java:1583)
11:01:07.169 [Thread-1] ERROR com.charlessun.javaplcadapter.worker.impl.ConsumerWorkerImpl -- processingStrategy.process(record) 處理失敗: Processing failed
java.lang.RuntimeException: Processing failed
	at com.charlessun.javaplcadapter.worker.impl.ConsumerWorkerImpl.pollLoop(ConsumerWorkerImpl.java:51)
	at java.base/java.lang.Thread.run(Thread.java:1583)
11:01:07.169 [Thread-1] ERROR com.charlessun.javaplcadapter.worker.impl.ConsumerWorkerImpl -- processingStrategy.process(record) 處理失敗: Processing failed
java.lang.RuntimeException: Processing failed
	at com.charlessun.javaplcadapter.worker.impl.ConsumerWorkerImpl.pollLoop(ConsumerWorkerImpl.java:51)
	at java.base/java.lang.Thread.run(Thread.java:1583)
11:01:07.169 [Thread-1] ERROR com.charlessun.javaplcadapter.worker.impl.ConsumerWorkerImpl -- processingStrategy.process(record) 處理失敗: Processing failed
java.lang.RuntimeException: Processing failed
	at com.charlessun.javaplcadapter.worker.impl.ConsumerWorkerImpl.pollLoop(ConsumerWorkerImpl.java:51)
	at java.base/java.lang.Thread.run(Thread.java:1583)
11:01:07.169 [Thread-1] ERROR com.charlessun.javaplcadapter.worker.impl.ConsumerWorkerImpl -- processingStrategy.process(record) 處理失敗: Processing failed
java.lang.RuntimeException: Processing failed
	at com.charlessun.javaplcadapter.worker.impl.ConsumerWorkerImpl.pollLoop(ConsumerWorkerImpl.java:51)
	at java.base/java.lang.Thread.run(Thread.java:1583)
11:01:07.169 [Thread-1] ERROR com.charlessun.javaplcadapter.worker.impl.ConsumerWorkerImpl -- processingStrategy.process(record) 處理失敗: Processing failed
java.lang.RuntimeException: Processing failed
	at com.charlessun.javaplcadapter.worker.impl.ConsumerWorkerImpl.pollLoop(ConsumerWorkerImpl.java:51)
	at java.base/java.lang.Thread.run(Thread.java:1583)
11:01:07.169 [Thread-1] ERROR com.charlessun.javaplcadapter.worker.impl.ConsumerWorkerImpl -- processingStrategy.process(record) 處理失敗: Processing failed
java.lang.RuntimeException: Processing failed
	at com.charlessun.javaplcadapter.worker.impl.ConsumerWorkerImpl.pollLoop(ConsumerWorkerImpl.java:51)
	at java.base/java.lang.Thread.run(Thread.java:1583)
11:01:07.169 [Thread-1] ERROR com.charlessun.javaplcadapter.worker.impl.ConsumerWorkerImpl -- processingStrategy.process(record) 處理失敗: Processing failed
java.lang.RuntimeException: Processing failed
	at com.charlessun.javaplcadapter.worker.impl.ConsumerWorkerImpl.pollLoop(ConsumerWorkerImpl.java:51)
	at java.base/java.lang.Thread.run(Thread.java:1583)
11:01:07.170 [Thread-1] ERROR com.charlessun.javaplcadapter.worker.impl.ConsumerWorkerImpl -- processingStrategy.process(record) 處理失敗: Processing failed
java.lang.RuntimeException: Processing failed
	at com.charlessun.javaplcadapter.worker.impl.ConsumerWorkerImpl.pollLoop(ConsumerWorkerImpl.java:51)
	at java.base/java.lang.Thread.run(Thread.java:1583)
11:01:07.170 [Thread-1] ERROR com.charlessun.javaplcadapter.worker.impl.ConsumerWorkerImpl -- processingStrategy.process(record) 處理失敗: Processing failed
java.lang.RuntimeException: Processing failed
	at com.charlessun.javaplcadapter.worker.impl.ConsumerWorkerImpl.pollLoop(ConsumerWorkerImpl.java:51)
	at java.base/java.lang.Thread.run(Thread.java:1583)
11:01:07.170 [Thread-1] ERROR com.charlessun.javaplcadapter.worker.impl.ConsumerWorkerImpl -- processingStrategy.process(record) 處理失敗: Processing failed
java.lang.RuntimeException: Processing failed
	at com.charlessun.javaplcadapter.worker.impl.ConsumerWorkerImpl.pollLoop(ConsumerWorkerImpl.java:51)
	at java.base/java.lang.Thread.run(Thread.java:1583)
11:01:07.170 [Thread-1] ERROR com.charlessun.javaplcadapter.worker.impl.ConsumerWorkerImpl -- processingStrategy.process(record) 處理失敗: Processing failed
java.lang.RuntimeException: Processing failed
	at com.charlessun.javaplcadapter.worker.impl.ConsumerWorkerImpl.pollLoop(ConsumerWorkerImpl.java:51)
	at java.base/java.lang.Thread.run(Thread.java:1583)
11:01:07.170 [Thread-1] ERROR com.charlessun.javaplcadapter.worker.impl.ConsumerWorkerImpl -- processingStrategy.process(record) 處理失敗: Processing failed
java.lang.RuntimeException: Processing failed
	at com.charlessun.javaplcadapter.worker.impl.ConsumerWorkerImpl.pollLoop(ConsumerWorkerImpl.java:51)
	at java.base/java.lang.Thread.run(Thread.java:1583)
11:01:07.170 [Thread-1] ERROR com.charlessun.javaplcadapter.worker.impl.ConsumerWorkerImpl -- processingStrategy.process(record) 處理失敗: Processing failed
java.lang.RuntimeException: Processing failed
	at com.charlessun.javaplcadapter.worker.impl.ConsumerWorkerImpl.pollLoop(ConsumerWorkerImpl.java:51)
	at java.base/java.lang.Thread.run(Thread.java:1583)
11:01:07.170 [Thread-1] ERROR com.charlessun.javaplcadapter.worker.impl.ConsumerWorkerImpl -- processingStrategy.process(record) 處理失敗: Processing failed
java.lang.RuntimeException: Processing failed
	at com.charlessun.javaplcadapter.worker.impl.ConsumerWorkerImpl.pollLoop(ConsumerWorkerImpl.java:51)
	at java.base/java.lang.Thread.run(Thread.java:1583)
11:01:07.170 [Thread-1] ERROR com.charlessun.javaplcadapter.worker.impl.ConsumerWorkerImpl -- processingStrategy.process(record) 處理失敗: Processing failed
java.lang.RuntimeException: Processing failed
	at com.charlessun.javaplcadapter.worker.impl.ConsumerWorkerImpl.pollLoop(ConsumerWorkerImpl.java:51)
	at java.base/java.lang.Thread.run(Thread.java:1583)
11:01:07.170 [Thread-1] ERROR com.charlessun.javaplcadapter.worker.impl.ConsumerWorkerImpl -- processingStrategy.process(record) 處理失敗: Processing failed
java.lang.RuntimeException: Processing failed
	at com.charlessun.javaplcadapter.worker.impl.ConsumerWorkerImpl.pollLoop(ConsumerWorkerImpl.java:51)
	at java.base/java.lang.Thread.run(Thread.java:1583)
11:01:07.170 [Thread-1] ERROR com.charlessun.javaplcadapter.worker.impl.ConsumerWorkerImpl -- processingStrategy.process(record) 處理失敗: Processing failed
java.lang.RuntimeException: Processing failed
	at com.charlessun.javaplcadapter.worker.impl.ConsumerWorkerImpl.pollLoop(ConsumerWorkerImpl.java:51)
	at java.base/java.lang.Thread.run(Thread.java:1583)
11:01:07.170 [Thread-1] ERROR com.charlessun.javaplcadapter.worker.impl.ConsumerWorkerImpl -- processingStrategy.process(record) 處理失敗: Processing failed
java.lang.RuntimeException: Processing failed
	at com.charlessun.javaplcadapter.worker.impl.ConsumerWorkerImpl.pollLoop(ConsumerWorkerImpl.java:51)
	at java.base/java.lang.Thread.run(Thread.java:1583)
11:01:07.170 [Thread-1] ERROR com.charlessun.javaplcadapter.worker.impl.ConsumerWorkerImpl -- processingStrategy.process(record) 處理失敗: Processing failed
java.lang.RuntimeException: Processing failed
	at com.charlessun.javaplcadapter.worker.impl.ConsumerWorkerImpl.pollLoop(ConsumerWorkerImpl.java:51)
	at java.base/java.lang.Thread.run(Thread.java:1583)
11:01:07.170 [Thread-1] ERROR com.charlessun.javaplcadapter.worker.impl.ConsumerWorkerImpl -- processingStrategy.process(record) 處理失敗: Processing failed
java.lang.RuntimeException: Processing failed
	at com.charlessun.javaplcadapter.worker.impl.ConsumerWorkerImpl.pollLoop(ConsumerWorkerImpl.java:51)
	at java.base/java.lang.Thread.run(Thread.java:1583)
11:01:07.171 [Thread-1] ERROR com.charlessun.javaplcadapter.worker.impl.ConsumerWorkerImpl -- processingStrategy.process(record) 處理失敗: Processing failed
java.lang.RuntimeException: Processing failed
	at com.charlessun.javaplcadapter.worker.impl.ConsumerWorkerImpl.pollLoop(ConsumerWorkerImpl.java:51)
	at java.base/java.lang.Thread.run(Thread.java:1583)
11:01:07.171 [Thread-1] ERROR com.charlessun.javaplcadapter.worker.impl.ConsumerWorkerImpl -- processingStrategy.process(record) 處理失敗: Processing failed
java.lang.RuntimeException: Processing failed
	at com.charlessun.javaplcadapter.worker.impl.ConsumerWorkerImpl.pollLoop(ConsumerWorkerImpl.java:51)
	at java.base/java.lang.Thread.run(Thread.java:1583)
11:01:07.171 [Thread-1] ERROR com.charlessun.javaplcadapter.worker.impl.ConsumerWorkerImpl -- processingStrategy.process(record) 處理失敗: Processing failed
java.lang.RuntimeException: Processing failed
	at com.charlessun.javaplcadapter.worker.impl.ConsumerWorkerImpl.pollLoop(ConsumerWorkerImpl.java:51)
	at java.base/java.lang.Thread.run(Thread.java:1583)
11:01:07.171 [Thread-1] ERROR com.charlessun.javaplcadapter.worker.impl.ConsumerWorkerImpl -- processingStrategy.process(record) 處理失敗: Processing failed
java.lang.RuntimeException: Processing failed
	at com.charlessun.javaplcadapter.worker.impl.ConsumerWorkerImpl.pollLoop(ConsumerWorkerImpl.java:51)
	at java.base/java.lang.Thread.run(Thread.java:1583)
11:01:07.171 [Thread-1] ERROR com.charlessun.javaplcadapter.worker.impl.ConsumerWorkerImpl -- processingStrategy.process(record) 處理失敗: Processing failed
java.lang.RuntimeException: Processing failed
	at com.charlessun.javaplcadapter.worker.impl.ConsumerWorkerImpl.pollLoop(ConsumerWorkerImpl.java:51)
	at java.base/java.lang.Thread.run(Thread.java:1583)
11:01:07.171 [Thread-1] ERROR com.charlessun.javaplcadapter.worker.impl.ConsumerWorkerImpl -- processingStrategy.process(record) 處理失敗: Processing failed
java.lang.RuntimeException: Processing failed
	at com.charlessun.javaplcadapter.worker.impl.ConsumerWorkerImpl.pollLoop(ConsumerWorkerImpl.java:51)
	at java.base/java.lang.Thread.run(Thread.java:1583)
11:01:07.171 [Thread-1] ERROR com.charlessun.javaplcadapter.worker.impl.ConsumerWorkerImpl -- processingStrategy.process(record) 處理失敗: Processing failed
java.lang.RuntimeException: Processing failed
	at com.charlessun.javaplcadapter.worker.impl.ConsumerWorkerImpl.pollLoop(ConsumerWorkerImpl.java:51)
	at java.base/java.lang.Thread.run(Thread.java:1583)
11:01:07.171 [Thread-1] ERROR com.charlessun.javaplcadapter.worker.impl.ConsumerWorkerImpl -- processingStrategy.process(record) 處理失敗: Processing failed
java.lang.RuntimeException: Processing failed
	at com.charlessun.javaplcadapter.worker.impl.ConsumerWorkerImpl.pollLoop(ConsumerWorkerImpl.java:51)
	at java.base/java.lang.Thread.run(Thread.java:1583)
11:01:07.172 [Thread-1] ERROR com.charlessun.javaplcadapter.worker.impl.ConsumerWorkerImpl -- processingStrategy.process(record) 處理失敗: Processing failed
java.lang.RuntimeException: Processing failed
	at com.charlessun.javaplcadapter.worker.impl.ConsumerWorkerImpl.pollLoop(ConsumerWorkerImpl.java:51)
	at java.base/java.lang.Thread.run(Thread.java:1583)
11:01:07.172 [Thread-1] ERROR com.charlessun.javaplcadapter.worker.impl.ConsumerWorkerImpl -- processingStrategy.process(record) 處理失敗: Processing failed
java.lang.RuntimeException: Processing failed
	at com.charlessun.javaplcadapter.worker.impl.ConsumerWorkerImpl.pollLoop(ConsumerWorkerImpl.java:51)
	at java.base/java.lang.Thread.run(Thread.java:1583)
11:01:07.172 [Thread-1] ERROR com.charlessun.javaplcadapter.worker.impl.ConsumerWorkerImpl -- processingStrategy.process(record) 處理失敗: Processing failed
java.lang.RuntimeException: Processing failed
	at com.charlessun.javaplcadapter.worker.impl.ConsumerWorkerImpl.pollLoop(ConsumerWorkerImpl.java:51)
	at java.base/java.lang.Thread.run(Thread.java:1583)
11:01:07.172 [Thread-1] ERROR com.charlessun.javaplcadapter.worker.impl.ConsumerWorkerImpl -- processingStrategy.process(record) 處理失敗: Processing failed
java.lang.RuntimeException: Processing failed
	at com.charlessun.javaplcadapter.worker.impl.ConsumerWorkerImpl.pollLoop(ConsumerWorkerImpl.java:51)
	at java.base/java.lang.Thread.run(Thread.java:1583)
11:01:07.172 [Thread-1] ERROR com.charlessun.javaplcadapter.worker.impl.ConsumerWorkerImpl -- processingStrategy.process(record) 處理失敗: Processing failed
java.lang.RuntimeException: Processing failed
	at com.charlessun.javaplcadapter.worker.impl.ConsumerWorkerImpl.pollLoop(ConsumerWorkerImpl.java:51)
	at java.base/java.lang.Thread.run(Thread.java:1583)
11:01:07.172 [Thread-1] ERROR com.charlessun.javaplcadapter.worker.impl.ConsumerWorkerImpl -- processingStrategy.process(record) 處理失敗: Processing failed
java.lang.RuntimeException: Processing failed
	at com.charlessun.javaplcadapter.worker.impl.ConsumerWorkerImpl.pollLoop(ConsumerWorkerImpl.java:51)
	at java.base/java.lang.Thread.run(Thread.java:1583)
11:01:07.172 [Thread-1] ERROR com.charlessun.javaplcadapter.worker.impl.ConsumerWorkerImpl -- processingStrategy.process(record) 處理失敗: Processing failed
java.lang.RuntimeException: Processing failed
	at com.charlessun.javaplcadapter.worker.impl.ConsumerWorkerImpl.pollLoop(ConsumerWorkerImpl.java:51)
	at java.base/java.lang.Thread.run(Thread.java:1583)
11:01:07.172 [Thread-1] ERROR com.charlessun.javaplcadapter.worker.impl.ConsumerWorkerImpl -- processingStrategy.process(record) 處理失敗: Processing failed
java.lang.RuntimeException: Processing failed
	at com.charlessun.javaplcadapter.worker.impl.ConsumerWorkerImpl.pollLoop(ConsumerWorkerImpl.java:51)
	at java.base/java.lang.Thread.run(Thread.java:1583)
11:01:07.172 [Thread-1] ERROR com.charlessun.javaplcadapter.worker.impl.ConsumerWorkerImpl -- processingStrategy.process(record) 處理失敗: Processing failed
java.lang.RuntimeException: Processing failed
	at com.charlessun.javaplcadapter.worker.impl.ConsumerWorkerImpl.pollLoop(ConsumerWorkerImpl.java:51)
	at java.base/java.lang.Thread.run(Thread.java:1583)
11:01:07.172 [Thread-1] ERROR com.charlessun.javaplcadapter.worker.impl.ConsumerWorkerImpl -- processingStrategy.process(record) 處理失敗: Processing failed
java.lang.RuntimeException: Processing failed
	at com.charlessun.javaplcadapter.worker.impl.ConsumerWorkerImpl.pollLoop(ConsumerWorkerImpl.java:51)
	at java.base/java.lang.Thread.run(Thread.java:1583)
11:01:07.172 [Thread-1] ERROR com.charlessun.javaplcadapter.worker.impl.ConsumerWorkerImpl -- processingStrategy.process(record) 處理失敗: Processing failed
java.lang.RuntimeException: Processing failed
	at com.charlessun.javaplcadapter.worker.impl.ConsumerWorkerImpl.pollLoop(ConsumerWorkerImpl.java:51)
	at java.base/java.lang.Thread.run(Thread.java:1583)
11:01:07.172 [Thread-1] ERROR com.charlessun.javaplcadapter.worker.impl.ConsumerWorkerImpl -- processingStrategy.process(record) 處理失敗: Processing failed
java.lang.RuntimeException: Processing failed
	at com.charlessun.javaplcadapter.worker.impl.ConsumerWorkerImpl.pollLoop(ConsumerWorkerImpl.java:51)
	at java.base/java.lang.Thread.run(Thread.java:1583)
11:01:07.172 [Thread-1] ERROR com.charlessun.javaplcadapter.worker.impl.ConsumerWorkerImpl -- processingStrategy.process(record) 處理失敗: Processing failed
java.lang.RuntimeException: Processing failed
	at com.charlessun.javaplcadapter.worker.impl.ConsumerWorkerImpl.pollLoop(ConsumerWorkerImpl.java:51)
	at java.base/java.lang.Thread.run(Thread.java:1583)
11:01:07.172 [Thread-1] ERROR com.charlessun.javaplcadapter.worker.impl.ConsumerWorkerImpl -- processingStrategy.process(record) 處理失敗: Processing failed
java.lang.RuntimeException: Processing failed
	at com.charlessun.javaplcadapter.worker.impl.ConsumerWorkerImpl.pollLoop(ConsumerWorkerImpl.java:51)
	at java.base/java.lang.Thread.run(Thread.java:1583)
11:01:07.173 [Thread-1] ERROR com.charlessun.javaplcadapter.worker.impl.ConsumerWorkerImpl -- processingStrategy.process(record) 處理失敗: Processing failed
java.lang.RuntimeException: Processing failed
	at com.charlessun.javaplcadapter.worker.impl.ConsumerWorkerImpl.pollLoop(ConsumerWorkerImpl.java:51)
	at java.base/java.lang.Thread.run(Thread.java:1583)
11:01:07.173 [Thread-1] ERROR com.charlessun.javaplcadapter.worker.impl.ConsumerWorkerImpl -- processingStrategy.process(record) 處理失敗: Processing failed
java.lang.RuntimeException: Processing failed
	at com.charlessun.javaplcadapter.worker.impl.ConsumerWorkerImpl.pollLoop(ConsumerWorkerImpl.java:51)
	at java.base/java.lang.Thread.run(Thread.java:1583)
11:01:07.173 [Thread-1] ERROR com.charlessun.javaplcadapter.worker.impl.ConsumerWorkerImpl -- processingStrategy.process(record) 處理失敗: Processing failed
java.lang.RuntimeException: Processing failed
	at com.charlessun.javaplcadapter.worker.impl.ConsumerWorkerImpl.pollLoop(ConsumerWorkerImpl.java:51)
	at java.base/java.lang.Thread.run(Thread.java:1583)
11:01:07.173 [Thread-1] ERROR com.charlessun.javaplcadapter.worker.impl.ConsumerWorkerImpl -- processingStrategy.process(record) 處理失敗: Processing failed
java.lang.RuntimeException: Processing failed
	at com.charlessun.javaplcadapter.worker.impl.ConsumerWorkerImpl.pollLoop(ConsumerWorkerImpl.java:51)
	at java.base/java.lang.Thread.run(Thread.java:1583)
11:01:07.173 [Thread-1] ERROR com.charlessun.javaplcadapter.worker.impl.ConsumerWorkerImpl -- processingStrategy.process(record) 處理失敗: Processing failed
java.lang.RuntimeException: Processing failed
	at com.charlessun.javaplcadapter.worker.impl.ConsumerWorkerImpl.pollLoop(ConsumerWorkerImpl.java:51)
	at java.base/java.lang.Thread.run(Thread.java:1583)
11:01:07.173 [Thread-1] ERROR com.charlessun.javaplcadapter.worker.impl.ConsumerWorkerImpl -- processingStrategy.process(record) 處理失敗: Processing failed
java.lang.RuntimeException: Processing failed
	at com.charlessun.javaplcadapter.worker.impl.ConsumerWorkerImpl.pollLoop(ConsumerWorkerImpl.java:51)
	at java.base/java.lang.Thread.run(Thread.java:1583)
11:01:07.174 [Thread-1] ERROR com.charlessun.javaplcadapter.worker.impl.ConsumerWorkerImpl -- processingStrategy.process(record) 處理失敗: Processing failed
java.lang.RuntimeException: Processing failed
	at com.charlessun.javaplcadapter.worker.impl.ConsumerWorkerImpl.pollLoop(ConsumerWorkerImpl.java:51)
	at java.base/java.lang.Thread.run(Thread.java:1583)
11:01:07.174 [Thread-1] ERROR com.charlessun.javaplcadapter.worker.impl.ConsumerWorkerImpl -- processingStrategy.process(record) 處理失敗: Processing failed
java.lang.RuntimeException: Processing failed
	at com.charlessun.javaplcadapter.worker.impl.ConsumerWorkerImpl.pollLoop(ConsumerWorkerImpl.java:51)
	at java.base/java.lang.Thread.run(Thread.java:1583)
11:01:07.174 [Thread-1] ERROR com.charlessun.javaplcadapter.worker.impl.ConsumerWorkerImpl -- processingStrategy.process(record) 處理失敗: Processing failed
java.lang.RuntimeException: Processing failed
	at com.charlessun.javaplcadapter.worker.impl.ConsumerWorkerImpl.pollLoop(ConsumerWorkerImpl.java:51)
	at java.base/java.lang.Thread.run(Thread.java:1583)
11:01:07.174 [Thread-1] ERROR com.charlessun.javaplcadapter.worker.impl.ConsumerWorkerImpl -- processingStrategy.process(record) 處理失敗: Processing failed
java.lang.RuntimeException: Processing failed
	at com.charlessun.javaplcadapter.worker.impl.ConsumerWorkerImpl.pollLoop(ConsumerWorkerImpl.java:51)
	at java.base/java.lang.Thread.run(Thread.java:1583)
11:01:07.174 [Thread-1] ERROR com.charlessun.javaplcadapter.worker.impl.ConsumerWorkerImpl -- processingStrategy.process(record) 處理失敗: Processing failed
java.lang.RuntimeException: Processing failed
	at com.charlessun.javaplcadapter.worker.impl.ConsumerWorkerImpl.pollLoop(ConsumerWorkerImpl.java:51)
	at java.base/java.lang.Thread.run(Thread.java:1583)
11:01:07.174 [Thread-1] ERROR com.charlessun.javaplcadapter.worker.impl.ConsumerWorkerImpl -- processingStrategy.process(record) 處理失敗: Processing failed
java.lang.RuntimeException: Processing failed
	at com.charlessun.javaplcadapter.worker.impl.ConsumerWorkerImpl.pollLoop(ConsumerWorkerImpl.java:51)
	at java.base/java.lang.Thread.run(Thread.java:1583)
11:01:07.174 [Thread-1] ERROR com.charlessun.javaplcadapter.worker.impl.ConsumerWorkerImpl -- processingStrategy.process(record) 處理失敗: Processing failed
java.lang.RuntimeException: Processing failed
	at com.charlessun.javaplcadapter.worker.impl.ConsumerWorkerImpl.pollLoop(ConsumerWorkerImpl.java:51)
	at java.base/java.lang.Thread.run(Thread.java:1583)
11:01:07.174 [Thread-1] ERROR com.charlessun.javaplcadapter.worker.impl.ConsumerWorkerImpl -- processingStrategy.process(record) 處理失敗: Processing failed
java.lang.RuntimeException: Processing failed
	at com.charlessun.javaplcadapter.worker.impl.ConsumerWorkerImpl.pollLoop(ConsumerWorkerImpl.java:51)
	at java.base/java.lang.Thread.run(Thread.java:1583)
11:01:07.175 [Thread-1] ERROR com.charlessun.javaplcadapter.worker.impl.ConsumerWorkerImpl -- processingStrategy.process(record) 處理失敗: Processing failed
java.lang.RuntimeException: Processing failed
	at com.charlessun.javaplcadapter.worker.impl.ConsumerWorkerImpl.pollLoop(ConsumerWorkerImpl.java:51)
	at java.base/java.lang.Thread.run(Thread.java:1583)
11:01:07.175 [Thread-1] ERROR com.charlessun.javaplcadapter.worker.impl.ConsumerWorkerImpl -- processingStrategy.process(record) 處理失敗: Processing failed
java.lang.RuntimeException: Processing failed
	at com.charlessun.javaplcadapter.worker.impl.ConsumerWorkerImpl.pollLoop(ConsumerWorkerImpl.java:51)
	at java.base/java.lang.Thread.run(Thread.java:1583)
11:01:07.175 [Thread-1] ERROR com.charlessun.javaplcadapter.worker.impl.ConsumerWorkerImpl -- processingStrategy.process(record) 處理失敗: Processing failed
java.lang.RuntimeException: Processing failed
	at com.charlessun.javaplcadapter.worker.impl.ConsumerWorkerImpl.pollLoop(ConsumerWorkerImpl.java:51)
	at java.base/java.lang.Thread.run(Thread.java:1583)
11:01:07.175 [Thread-1] ERROR com.charlessun.javaplcadapter.worker.impl.ConsumerWorkerImpl -- processingStrategy.process(record) 處理失敗: Processing failed
java.lang.RuntimeException: Processing failed
	at com.charlessun.javaplcadapter.worker.impl.ConsumerWorkerImpl.pollLoop(ConsumerWorkerImpl.java:51)
	at java.base/java.lang.Thread.run(Thread.java:1583)
11:01:07.175 [Thread-1] ERROR com.charlessun.javaplcadapter.worker.impl.ConsumerWorkerImpl -- processingStrategy.process(record) 處理失敗: Processing failed
java.lang.RuntimeException: Processing failed
	at com.charlessun.javaplcadapter.worker.impl.ConsumerWorkerImpl.pollLoop(ConsumerWorkerImpl.java:51)
	at java.base/java.lang.Thread.run(Thread.java:1583)
11:01:07.175 [Thread-1] ERROR com.charlessun.javaplcadapter.worker.impl.ConsumerWorkerImpl -- processingStrategy.process(record) 處理失敗: Processing failed
java.lang.RuntimeException: Processing failed
	at com.charlessun.javaplcadapter.worker.impl.ConsumerWorkerImpl.pollLoop(ConsumerWorkerImpl.java:51)
	at java.base/java.lang.Thread.run(Thread.java:1583)
11:01:07.175 [Thread-1] ERROR com.charlessun.javaplcadapter.worker.impl.ConsumerWorkerImpl -- processingStrategy.process(record) 處理失敗: Processing failed
java.lang.RuntimeException: Processing failed
	at com.charlessun.javaplcadapter.worker.impl.ConsumerWorkerImpl.pollLoop(ConsumerWorkerImpl.java:51)
	at java.base/java.lang.Thread.run(Thread.java:1583)
11:01:07.176 [Thread-1] ERROR com.charlessun.javaplcadapter.worker.impl.ConsumerWorkerImpl -- processingStrategy.process(record) 處理失敗: Processing failed
java.lang.RuntimeException: Processing failed
	at com.charlessun.javaplcadapter.worker.impl.ConsumerWorkerImpl.pollLoop(ConsumerWorkerImpl.java:51)
	at java.base/java.lang.Thread.run(Thread.java:1583)
11:01:07.176 [Thread-1] ERROR com.charlessun.javaplcadapter.worker.impl.ConsumerWorkerImpl -- processingStrategy.process(record) 處理失敗: Processing failed
java.lang.RuntimeException: Processing failed
	at com.charlessun.javaplcadapter.worker.impl.ConsumerWorkerImpl.pollLoop(ConsumerWorkerImpl.java:51)
	at java.base/java.lang.Thread.run(Thread.java:1583)
11:01:07.176 [Thread-1] ERROR com.charlessun.javaplcadapter.worker.impl.ConsumerWorkerImpl -- processingStrategy.process(record) 處理失敗: Processing failed
java.lang.RuntimeException: Processing failed
	at com.charlessun.javaplcadapter.worker.impl.ConsumerWorkerImpl.pollLoop(ConsumerWorkerImpl.java:51)
	at java.base/java.lang.Thread.run(Thread.java:1583)
11:01:07.176 [Thread-1] ERROR com.charlessun.javaplcadapter.worker.impl.ConsumerWorkerImpl -- processingStrategy.process(record) 處理失敗: Processing failed
java.lang.RuntimeException: Processing failed
	at com.charlessun.javaplcadapter.worker.impl.ConsumerWorkerImpl.pollLoop(ConsumerWorkerImpl.java:51)
	at java.base/java.lang.Thread.run(Thread.java:1583)
11:01:07.176 [Thread-1] ERROR com.charlessun.javaplcadapter.worker.impl.ConsumerWorkerImpl -- processingStrategy.process(record) 處理失敗: Processing failed
java.lang.RuntimeException: Processing failed
	at com.charlessun.javaplcadapter.worker.impl.ConsumerWorkerImpl.pollLoop(ConsumerWorkerImpl.java:51)
	at java.base/java.lang.Thread.run(Thread.java:1583)
11:01:07.176 [Thread-1] ERROR com.charlessun.javaplcadapter.worker.impl.ConsumerWorkerImpl -- processingStrategy.process(record) 處理失敗: Processing failed
java.lang.RuntimeException: Processing failed
	at com.charlessun.javaplcadapter.worker.impl.ConsumerWorkerImpl.pollLoop(ConsumerWorkerImpl.java:51)
	at java.base/java.lang.Thread.run(Thread.java:1583)
11:01:07.176 [Thread-1] ERROR com.charlessun.javaplcadapter.worker.impl.ConsumerWorkerImpl -- processingStrategy.process(record) 處理失敗: Processing failed
java.lang.RuntimeException: Processing failed
	at com.charlessun.javaplcadapter.worker.impl.ConsumerWorkerImpl.pollLoop(ConsumerWorkerImpl.java:51)
	at java.base/java.lang.Thread.run(Thread.java:1583)
11:01:07.177 [Thread-1] ERROR com.charlessun.javaplcadapter.worker.impl.ConsumerWorkerImpl -- processingStrategy.process(record) 處理失敗: Processing failed
java.lang.RuntimeException: Processing failed
	at com.charlessun.javaplcadapter.worker.impl.ConsumerWorkerImpl.pollLoop(ConsumerWorkerImpl.java:51)
	at java.base/java.lang.Thread.run(Thread.java:1583)
11:01:07.177 [Thread-1] ERROR com.charlessun.javaplcadapter.worker.impl.ConsumerWorkerImpl -- processingStrategy.process(record) 處理失敗: Processing failed
java.lang.RuntimeException: Processing failed
	at com.charlessun.javaplcadapter.worker.impl.ConsumerWorkerImpl.pollLoop(ConsumerWorkerImpl.java:51)
	at java.base/java.lang.Thread.run(Thread.java:1583)
11:01:07.177 [Thread-1] ERROR com.charlessun.javaplcadapter.worker.impl.ConsumerWorkerImpl -- processingStrategy.process(record) 處理失敗: Processing failed
java.lang.RuntimeException: Processing failed
	at com.charlessun.javaplcadapter.worker.impl.ConsumerWorkerImpl.pollLoop(ConsumerWorkerImpl.java:51)
	at java.base/java.lang.Thread.run(Thread.java:1583)
11:01:07.177 [Thread-1] ERROR com.charlessun.javaplcadapter.worker.impl.ConsumerWorkerImpl -- processingStrategy.process(record) 處理失敗: Processing failed
java.lang.RuntimeException: Processing failed
	at com.charlessun.javaplcadapter.worker.impl.ConsumerWorkerImpl.pollLoop(ConsumerWorkerImpl.java:51)
	at java.base/java.lang.Thread.run(Thread.java:1583)
11:01:07.177 [Thread-1] ERROR com.charlessun.javaplcadapter.worker.impl.ConsumerWorkerImpl -- processingStrategy.process(record) 處理失敗: Processing failed
java.lang.RuntimeException: Processing failed
	at com.charlessun.javaplcadapter.worker.impl.ConsumerWorkerImpl.pollLoop(ConsumerWorkerImpl.java:51)
	at java.base/java.lang.Thread.run(Thread.java:1583)
11:01:07.177 [Thread-1] ERROR com.charlessun.javaplcadapter.worker.impl.ConsumerWorkerImpl -- processingStrategy.process(record) 處理失敗: Processing failed
java.lang.RuntimeException: Processing failed
	at com.charlessun.javaplcadapter.worker.impl.ConsumerWorkerImpl.pollLoop(ConsumerWorkerImpl.java:51)
	at java.base/java.lang.Thread.run(Thread.java:1583)
11:01:07.177 [Thread-1] ERROR com.charlessun.javaplcadapter.worker.impl.ConsumerWorkerImpl -- processingStrategy.process(record) 處理失敗: Processing failed
java.lang.RuntimeException: Processing failed
	at com.charlessun.javaplcadapter.worker.impl.ConsumerWorkerImpl.pollLoop(ConsumerWorkerImpl.java:51)
	at java.base/java.lang.Thread.run(Thread.java:1583)
11:01:07.177 [Thread-1] ERROR com.charlessun.javaplcadapter.worker.impl.ConsumerWorkerImpl -- processingStrategy.process(record) 處理失敗: Processing failed
java.lang.RuntimeException: Processing failed
	at com.charlessun.javaplcadapter.worker.impl.ConsumerWorkerImpl.pollLoop(ConsumerWorkerImpl.java:51)
	at java.base/java.lang.Thread.run(Thread.java:1583)
11:01:07.177 [Thread-1] ERROR com.charlessun.javaplcadapter.worker.impl.ConsumerWorkerImpl -- processingStrategy.process(record) 處理失敗: Processing failed
java.lang.RuntimeException: Processing failed
	at com.charlessun.javaplcadapter.worker.impl.ConsumerWorkerImpl.pollLoop(ConsumerWorkerImpl.java:51)
	at java.base/java.lang.Thread.run(Thread.java:1583)
11:01:07.178 [Thread-1] ERROR com.charlessun.javaplcadapter.worker.impl.ConsumerWorkerImpl -- processingStrategy.process(record) 處理失敗: Processing failed
java.lang.RuntimeException: Processing failed
	at com.charlessun.javaplcadapter.worker.impl.ConsumerWorkerImpl.pollLoop(ConsumerWorkerImpl.java:51)
	at java.base/java.lang.Thread.run(Thread.java:1583)
11:01:07.178 [Thread-1] ERROR com.charlessun.javaplcadapter.worker.impl.ConsumerWorkerImpl -- processingStrategy.process(record) 處理失敗: Processing failed
java.lang.RuntimeException: Processing failed
	at com.charlessun.javaplcadapter.worker.impl.ConsumerWorkerImpl.pollLoop(ConsumerWorkerImpl.java:51)
	at java.base/java.lang.Thread.run(Thread.java:1583)
11:01:07.178 [Thread-1] ERROR com.charlessun.javaplcadapter.worker.impl.ConsumerWorkerImpl -- processingStrategy.process(record) 處理失敗: Processing failed
java.lang.RuntimeException: Processing failed
	at com.charlessun.javaplcadapter.worker.impl.ConsumerWorkerImpl.pollLoop(ConsumerWorkerImpl.java:51)
	at java.base/java.lang.Thread.run(Thread.java:1583)
11:01:07.178 [Thread-1] ERROR com.charlessun.javaplcadapter.worker.impl.ConsumerWorkerImpl -- processingStrategy.process(record) 處理失敗: Processing failed
java.lang.RuntimeException: Processing failed
	at com.charlessun.javaplcadapter.worker.impl.ConsumerWorkerImpl.pollLoop(ConsumerWorkerImpl.java:51)
	at java.base/java.lang.Thread.run(Thread.java:1583)
11:01:07.178 [Thread-1] ERROR com.charlessun.javaplcadapter.worker.impl.ConsumerWorkerImpl -- processingStrategy.process(record) 處理失敗: Processing failed
java.lang.RuntimeException: Processing failed
	at com.charlessun.javaplcadapter.worker.impl.ConsumerWorkerImpl.pollLoop(ConsumerWorkerImpl.java:51)
	at java.base/java.lang.Thread.run(Thread.java:1583)
11:01:07.178 [Thread-1] ERROR com.charlessun.javaplcadapter.worker.impl.ConsumerWorkerImpl -- processingStrategy.process(record) 處理失敗: Processing failed
java.lang.RuntimeException: Processing failed
	at com.charlessun.javaplcadapter.worker.impl.ConsumerWorkerImpl.pollLoop(ConsumerWorkerImpl.java:51)
	at java.base/java.lang.Thread.run(Thread.java:1583)
11:01:07.178 [Thread-1] ERROR com.charlessun.javaplcadapter.worker.impl.ConsumerWorkerImpl -- processingStrategy.process(record) 處理失敗: Processing failed
java.lang.RuntimeException: Processing failed
	at com.charlessun.javaplcadapter.worker.impl.ConsumerWorkerImpl.pollLoop(ConsumerWorkerImpl.java:51)
	at java.base/java.lang.Thread.run(Thread.java:1583)
11:01:07.178 [Thread-1] ERROR com.charlessun.javaplcadapter.worker.impl.ConsumerWorkerImpl -- processingStrategy.process(record) 處理失敗: Processing failed
java.lang.RuntimeException: Processing failed
	at com.charlessun.javaplcadapter.worker.impl.ConsumerWorkerImpl.pollLoop(ConsumerWorkerImpl.java:51)
	at java.base/java.lang.Thread.run(Thread.java:1583)
11:01:07.178 [Thread-1] ERROR com.charlessun.javaplcadapter.worker.impl.ConsumerWorkerImpl -- processingStrategy.process(record) 處理失敗: Processing failed
java.lang.RuntimeException: Processing failed
	at com.charlessun.javaplcadapter.worker.impl.ConsumerWorkerImpl.pollLoop(ConsumerWorkerImpl.java:51)
	at java.base/java.lang.Thread.run(Thread.java:1583)
11:01:07.179 [Thread-1] ERROR com.charlessun.javaplcadapter.worker.impl.ConsumerWorkerImpl -- processingStrategy.process(record) 處理失敗: Processing failed
java.lang.RuntimeException: Processing failed
	at com.charlessun.javaplcadapter.worker.impl.ConsumerWorkerImpl.pollLoop(ConsumerWorkerImpl.java:51)
	at java.base/java.lang.Thread.run(Thread.java:1583)
11:01:07.179 [Thread-1] ERROR com.charlessun.javaplcadapter.worker.impl.ConsumerWorkerImpl -- processingStrategy.process(record) 處理失敗: Processing failed
java.lang.RuntimeException: Processing failed
	at com.charlessun.javaplcadapter.worker.impl.ConsumerWorkerImpl.pollLoop(ConsumerWorkerImpl.java:51)
	at java.base/java.lang.Thread.run(Thread.java:1583)
11:01:07.179 [Thread-1] ERROR com.charlessun.javaplcadapter.worker.impl.ConsumerWorkerImpl -- processingStrategy.process(record) 處理失敗: Processing failed
java.lang.RuntimeException: Processing failed
	at com.charlessun.javaplcadapter.worker.impl.ConsumerWorkerImpl.pollLoop(ConsumerWorkerImpl.java:51)
	at java.base/java.lang.Thread.run(Thread.java:1583)
11:01:07.179 [Thread-1] ERROR com.charlessun.javaplcadapter.worker.impl.ConsumerWorkerImpl -- processingStrategy.process(record) 處理失敗: Processing failed
java.lang.RuntimeException: Processing failed
	at com.charlessun.javaplcadapter.worker.impl.ConsumerWorkerImpl.pollLoop(ConsumerWorkerImpl.java:51)
	at java.base/java.lang.Thread.run(Thread.java:1583)
11:01:07.179 [Thread-1] ERROR com.charlessun.javaplcadapter.worker.impl.ConsumerWorkerImpl -- processingStrategy.process(record) 處理失敗: Processing failed
java.lang.RuntimeException: Processing failed
	at com.charlessun.javaplcadapter.worker.impl.ConsumerWorkerImpl.pollLoop(ConsumerWorkerImpl.java:51)
	at java.base/java.lang.Thread.run(Thread.java:1583)
11:01:07.179 [Thread-1] ERROR com.charlessun.javaplcadapter.worker.impl.ConsumerWorkerImpl -- processingStrategy.process(record) 處理失敗: Processing failed
java.lang.RuntimeException: Processing failed
	at com.charlessun.javaplcadapter.worker.impl.ConsumerWorkerImpl.pollLoop(ConsumerWorkerImpl.java:51)
	at java.base/java.lang.Thread.run(Thread.java:1583)
11:01:07.179 [Thread-1] ERROR com.charlessun.javaplcadapter.worker.impl.ConsumerWorkerImpl -- processingStrategy.process(record) 處理失敗: Processing failed
java.lang.RuntimeException: Processing failed
	at com.charlessun.javaplcadapter.worker.impl.ConsumerWorkerImpl.pollLoop(ConsumerWorkerImpl.java:51)
	at java.base/java.lang.Thread.run(Thread.java:1583)
11:01:07.179 [Thread-1] ERROR com.charlessun.javaplcadapter.worker.impl.ConsumerWorkerImpl -- processingStrategy.process(record) 處理失敗: Processing failed
java.lang.RuntimeException: Processing failed
	at com.charlessun.javaplcadapter.worker.impl.ConsumerWorkerImpl.pollLoop(ConsumerWorkerImpl.java:51)
	at java.base/java.lang.Thread.run(Thread.java:1583)
11:01:07.179 [Thread-1] ERROR com.charlessun.javaplcadapter.worker.impl.ConsumerWorkerImpl -- processingStrategy.process(record) 處理失敗: Processing failed
java.lang.RuntimeException: Processing failed
	at com.charlessun.javaplcadapter.worker.impl.ConsumerWorkerImpl.pollLoop(ConsumerWorkerImpl.java:51)
	at java.base/java.lang.Thread.run(Thread.java:1583)
11:01:07.180 [Thread-1] ERROR com.charlessun.javaplcadapter.worker.impl.ConsumerWorkerImpl -- processingStrategy.process(record) 處理失敗: Processing failed
java.lang.RuntimeException: Processing failed
	at com.charlessun.javaplcadapter.worker.impl.ConsumerWorkerImpl.pollLoop(ConsumerWorkerImpl.java:51)
	at java.base/java.lang.Thread.run(Thread.java:1583)
11:01:07.180 [Thread-1] ERROR com.charlessun.javaplcadapter.worker.impl.ConsumerWorkerImpl -- processingStrategy.process(record) 處理失敗: Processing failed
java.lang.RuntimeException: Processing failed
	at com.charlessun.javaplcadapter.worker.impl.ConsumerWorkerImpl.pollLoop(ConsumerWorkerImpl.java:51)
	at java.base/java.lang.Thread.run(Thread.java:1583)
11:01:07.180 [Thread-1] ERROR com.charlessun.javaplcadapter.worker.impl.ConsumerWorkerImpl -- processingStrategy.process(record) 處理失敗: Processing failed
java.lang.RuntimeException: Processing failed
	at com.charlessun.javaplcadapter.worker.impl.ConsumerWorkerImpl.pollLoop(ConsumerWorkerImpl.java:51)
	at java.base/java.lang.Thread.run(Thread.java:1583)
11:01:07.180 [Thread-1] ERROR com.charlessun.javaplcadapter.worker.impl.ConsumerWorkerImpl -- processingStrategy.process(record) 處理失敗: Processing failed
java.lang.RuntimeException: Processing failed
	at com.charlessun.javaplcadapter.worker.impl.ConsumerWorkerImpl.pollLoop(ConsumerWorkerImpl.java:51)
	at java.base/java.lang.Thread.run(Thread.java:1583)
11:01:07.180 [Thread-1] ERROR com.charlessun.javaplcadapter.worker.impl.ConsumerWorkerImpl -- processingStrategy.process(record) 處理失敗: Processing failed
java.lang.RuntimeException: Processing failed
	at com.charlessun.javaplcadapter.worker.impl.ConsumerWorkerImpl.pollLoop(ConsumerWorkerImpl.java:51)
	at java.base/java.lang.Thread.run(Thread.java:1583)
11:01:07.180 [Thread-1] ERROR com.charlessun.javaplcadapter.worker.impl.ConsumerWorkerImpl -- processingStrategy.process(record) 處理失敗: Processing failed
java.lang.RuntimeException: Processing failed
	at com.charlessun.javaplcadapter.worker.impl.ConsumerWorkerImpl.pollLoop(ConsumerWorkerImpl.java:51)
	at java.base/java.lang.Thread.run(Thread.java:1583)
11:01:07.180 [Thread-1] ERROR com.charlessun.javaplcadapter.worker.impl.ConsumerWorkerImpl -- processingStrategy.process(record) 處理失敗: Processing failed
java.lang.RuntimeException: Processing failed
	at com.charlessun.javaplcadapter.worker.impl.ConsumerWorkerImpl.pollLoop(ConsumerWorkerImpl.java:51)
	at java.base/java.lang.Thread.run(Thread.java:1583)
11:01:07.181 [Thread-1] ERROR com.charlessun.javaplcadapter.worker.impl.ConsumerWorkerImpl -- processingStrategy.process(record) 處理失敗: Processing failed
java.lang.RuntimeException: Processing failed
	at com.charlessun.javaplcadapter.worker.impl.ConsumerWorkerImpl.pollLoop(ConsumerWorkerImpl.java:51)
	at java.base/java.lang.Thread.run(Thread.java:1583)
11:01:07.181 [Thread-1] ERROR com.charlessun.javaplcadapter.worker.impl.ConsumerWorkerImpl -- processingStrategy.process(record) 處理失敗: Processing failed
java.lang.RuntimeException: Processing failed
	at com.charlessun.javaplcadapter.worker.impl.ConsumerWorkerImpl.pollLoop(ConsumerWorkerImpl.java:51)
	at java.base/java.lang.Thread.run(Thread.java:1583)
11:01:07.181 [Thread-1] ERROR com.charlessun.javaplcadapter.worker.impl.ConsumerWorkerImpl -- processingStrategy.process(record) 處理失敗: Processing failed
java.lang.RuntimeException: Processing failed
	at com.charlessun.javaplcadapter.worker.impl.ConsumerWorkerImpl.pollLoop(ConsumerWorkerImpl.java:51)
	at java.base/java.lang.Thread.run(Thread.java:1583)
11:01:07.181 [Thread-1] ERROR com.charlessun.javaplcadapter.worker.impl.ConsumerWorkerImpl -- processingStrategy.process(record) 處理失敗: Processing failed
java.lang.RuntimeException: Processing failed
	at com.charlessun.javaplcadapter.worker.impl.ConsumerWorkerImpl.pollLoop(ConsumerWorkerImpl.java:51)
	at java.base/java.lang.Thread.run(Thread.java:1583)
11:01:07.181 [Thread-1] ERROR com.charlessun.javaplcadapter.worker.impl.ConsumerWorkerImpl -- processingStrategy.process(record) 處理失敗: Processing failed
java.lang.RuntimeException: Processing failed
	at com.charlessun.javaplcadapter.worker.impl.ConsumerWorkerImpl.pollLoop(ConsumerWorkerImpl.java:51)
	at java.base/java.lang.Thread.run(Thread.java:1583)
11:01:07.181 [Thread-1] ERROR com.charlessun.javaplcadapter.worker.impl.ConsumerWorkerImpl -- processingStrategy.process(record) 處理失敗: Processing failed
java.lang.RuntimeException: Processing failed
	at com.charlessun.javaplcadapter.worker.impl.ConsumerWorkerImpl.pollLoop(ConsumerWorkerImpl.java:51)
	at java.base/java.lang.Thread.run(Thread.java:1583)
11:01:07.181 [Thread-1] ERROR com.charlessun.javaplcadapter.worker.impl.ConsumerWorkerImpl -- processingStrategy.process(record) 處理失敗: Processing failed
java.lang.RuntimeException: Processing failed
	at com.charlessun.javaplcadapter.worker.impl.ConsumerWorkerImpl.pollLoop(ConsumerWorkerImpl.java:51)
	at java.base/java.lang.Thread.run(Thread.java:1583)
11:01:07.182 [Thread-1] ERROR com.charlessun.javaplcadapter.worker.impl.ConsumerWorkerImpl -- processingStrategy.process(record) 處理失敗: Processing failed
java.lang.RuntimeException: Processing failed
	at com.charlessun.javaplcadapter.worker.impl.ConsumerWorkerImpl.pollLoop(ConsumerWorkerImpl.java:51)
	at java.base/java.lang.Thread.run(Thread.java:1583)
11:01:07.182 [Thread-1] ERROR com.charlessun.javaplcadapter.worker.impl.ConsumerWorkerImpl -- processingStrategy.process(record) 處理失敗: Processing failed
java.lang.RuntimeException: Processing failed
	at com.charlessun.javaplcadapter.worker.impl.ConsumerWorkerImpl.pollLoop(ConsumerWorkerImpl.java:51)
	at java.base/java.lang.Thread.run(Thread.java:1583)
11:01:07.182 [Thread-1] ERROR com.charlessun.javaplcadapter.worker.impl.ConsumerWorkerImpl -- processingStrategy.process(record) 處理失敗: Processing failed
java.lang.RuntimeException: Processing failed
	at com.charlessun.javaplcadapter.worker.impl.ConsumerWorkerImpl.pollLoop(ConsumerWorkerImpl.java:51)
	at java.base/java.lang.Thread.run(Thread.java:1583)
11:01:07.182 [Thread-1] ERROR com.charlessun.javaplcadapter.worker.impl.ConsumerWorkerImpl -- processingStrategy.process(record) 處理失敗: Processing failed
java.lang.RuntimeException: Processing failed
	at com.charlessun.javaplcadapter.worker.impl.ConsumerWorkerImpl.pollLoop(ConsumerWorkerImpl.java:51)
	at java.base/java.lang.Thread.run(Thread.java:1583)
11:01:07.182 [Thread-1] ERROR com.charlessun.javaplcadapter.worker.impl.ConsumerWorkerImpl -- processingStrategy.process(record) 處理失敗: Processing failed
java.lang.RuntimeException: Processing failed
	at com.charlessun.javaplcadapter.worker.impl.ConsumerWorkerImpl.pollLoop(ConsumerWorkerImpl.java:51)
	at java.base/java.lang.Thread.run(Thread.java:1583)
11:01:07.182 [Thread-1] ERROR com.charlessun.javaplcadapter.worker.impl.ConsumerWorkerImpl -- processingStrategy.process(record) 處理失敗: Processing failed
java.lang.RuntimeException: Processing failed
	at com.charlessun.javaplcadapter.worker.impl.ConsumerWorkerImpl.pollLoop(ConsumerWorkerImpl.java:51)
	at java.base/java.lang.Thread.run(Thread.java:1583)
11:01:07.182 [Thread-1] ERROR com.charlessun.javaplcadapter.worker.impl.ConsumerWorkerImpl -- processingStrategy.process(record) 處理失敗: Processing failed
java.lang.RuntimeException: Processing failed
	at com.charlessun.javaplcadapter.worker.impl.ConsumerWorkerImpl.pollLoop(ConsumerWorkerImpl.java:51)
	at java.base/java.lang.Thread.run(Thread.java:1583)
11:01:07.182 [Thread-1] ERROR com.charlessun.javaplcadapter.worker.impl.ConsumerWorkerImpl -- processingStrategy.process(record) 處理失敗: Processing failed
java.lang.RuntimeException: Processing failed
	at com.charlessun.javaplcadapter.worker.impl.ConsumerWorkerImpl.pollLoop(ConsumerWorkerImpl.java:51)
	at java.base/java.lang.Thread.run(Thread.java:1583)
11:01:07.183 [Thread-1] ERROR com.charlessun.javaplcadapter.worker.impl.ConsumerWorkerImpl -- processingStrategy.process(record) 處理失敗: Processing failed
java.lang.RuntimeException: Processing failed
	at com.charlessun.javaplcadapter.worker.impl.ConsumerWorkerImpl.pollLoop(ConsumerWorkerImpl.java:51)
	at java.base/java.lang.Thread.run(Thread.java:1583)
11:01:07.183 [Thread-1] ERROR com.charlessun.javaplcadapter.worker.impl.ConsumerWorkerImpl -- processingStrategy.process(record) 處理失敗: Processing failed
java.lang.RuntimeException: Processing failed
	at com.charlessun.javaplcadapter.worker.impl.ConsumerWorkerImpl.pollLoop(ConsumerWorkerImpl.java:51)
	at java.base/java.lang.Thread.run(Thread.java:1583)
11:01:07.183 [Thread-1] ERROR com.charlessun.javaplcadapter.worker.impl.ConsumerWorkerImpl -- processingStrategy.process(record) 處理失敗: Processing failed
java.lang.RuntimeException: Processing failed
	at com.charlessun.javaplcadapter.worker.impl.ConsumerWorkerImpl.pollLoop(ConsumerWorkerImpl.java:51)
	at java.base/java.lang.Thread.run(Thread.java:1583)
11:01:07.183 [Thread-1] ERROR com.charlessun.javaplcadapter.worker.impl.ConsumerWorkerImpl -- processingStrategy.process(record) 處理失敗: Processing failed
java.lang.RuntimeException: Processing failed
	at com.charlessun.javaplcadapter.worker.impl.ConsumerWorkerImpl.pollLoop(ConsumerWorkerImpl.java:51)
	at java.base/java.lang.Thread.run(Thread.java:1583)
11:01:07.183 [Thread-1] ERROR com.charlessun.javaplcadapter.worker.impl.ConsumerWorkerImpl -- processingStrategy.process(record) 處理失敗: Processing failed
java.lang.RuntimeException: Processing failed
	at com.charlessun.javaplcadapter.worker.impl.ConsumerWorkerImpl.pollLoop(ConsumerWorkerImpl.java:51)
	at java.base/java.lang.Thread.run(Thread.java:1583)
11:01:07.183 [Thread-1] ERROR com.charlessun.javaplcadapter.worker.impl.ConsumerWorkerImpl -- processingStrategy.process(record) 處理失敗: Processing failed
java.lang.RuntimeException: Processing failed
	at com.charlessun.javaplcadapter.worker.impl.ConsumerWorkerImpl.pollLoop(ConsumerWorkerImpl.java:51)
	at java.base/java.lang.Thread.run(Thread.java:1583)
11:01:07.183 [Thread-1] ERROR com.charlessun.javaplcadapter.worker.impl.ConsumerWorkerImpl -- processingStrategy.process(record) 處理失敗: Processing failed
java.lang.RuntimeException: Processing failed
	at com.charlessun.javaplcadapter.worker.impl.ConsumerWorkerImpl.pollLoop(ConsumerWorkerImpl.java:51)
	at java.base/java.lang.Thread.run(Thread.java:1583)
11:01:07.183 [Thread-1] ERROR com.charlessun.javaplcadapter.worker.impl.ConsumerWorkerImpl -- processingStrategy.process(record) 處理失敗: Processing failed
java.lang.RuntimeException: Processing failed
	at com.charlessun.javaplcadapter.worker.impl.ConsumerWorkerImpl.pollLoop(ConsumerWorkerImpl.java:51)
	at java.base/java.lang.Thread.run(Thread.java:1583)
11:01:07.184 [Thread-1] ERROR com.charlessun.javaplcadapter.worker.impl.ConsumerWorkerImpl -- processingStrategy.process(record) 處理失敗: Processing failed
java.lang.RuntimeException: Processing failed
	at com.charlessun.javaplcadapter.worker.impl.ConsumerWorkerImpl.pollLoop(ConsumerWorkerImpl.java:51)
	at java.base/java.lang.Thread.run(Thread.java:1583)
11:01:07.184 [Thread-1] ERROR com.charlessun.javaplcadapter.worker.impl.ConsumerWorkerImpl -- processingStrategy.process(record) 處理失敗: Processing failed
java.lang.RuntimeException: Processing failed
	at com.charlessun.javaplcadapter.worker.impl.ConsumerWorkerImpl.pollLoop(ConsumerWorkerImpl.java:51)
	at java.base/java.lang.Thread.run(Thread.java:1583)
11:01:07.184 [Thread-1] ERROR com.charlessun.javaplcadapter.worker.impl.ConsumerWorkerImpl -- processingStrategy.process(record) 處理失敗: Processing failed
java.lang.RuntimeException: Processing failed
	at com.charlessun.javaplcadapter.worker.impl.ConsumerWorkerImpl.pollLoop(ConsumerWorkerImpl.java:51)
	at java.base/java.lang.Thread.run(Thread.java:1583)
11:01:07.184 [Thread-1] ERROR com.charlessun.javaplcadapter.worker.impl.ConsumerWorkerImpl -- processingStrategy.process(record) 處理失敗: Processing failed
java.lang.RuntimeException: Processing failed
	at com.charlessun.javaplcadapter.worker.impl.ConsumerWorkerImpl.pollLoop(ConsumerWorkerImpl.java:51)
	at java.base/java.lang.Thread.run(Thread.java:1583)
11:01:07.184 [Thread-1] ERROR com.charlessun.javaplcadapter.worker.impl.ConsumerWorkerImpl -- processingStrategy.process(record) 處理失敗: Processing failed
java.lang.RuntimeException: Processing failed
	at com.charlessun.javaplcadapter.worker.impl.ConsumerWorkerImpl.pollLoop(ConsumerWorkerImpl.java:51)
	at java.base/java.lang.Thread.run(Thread.java:1583)
11:01:07.184 [Thread-1] ERROR com.charlessun.javaplcadapter.worker.impl.ConsumerWorkerImpl -- processingStrategy.process(record) 處理失敗: Processing failed
java.lang.RuntimeException: Processing failed
	at com.charlessun.javaplcadapter.worker.impl.ConsumerWorkerImpl.pollLoop(ConsumerWorkerImpl.java:51)
	at java.base/java.lang.Thread.run(Thread.java:1583)
11:01:07.184 [Thread-1] ERROR com.charlessun.javaplcadapter.worker.impl.ConsumerWorkerImpl -- processingStrategy.process(record) 處理失敗: Processing failed
java.lang.RuntimeException: Processing failed
	at com.charlessun.javaplcadapter.worker.impl.ConsumerWorkerImpl.pollLoop(ConsumerWorkerImpl.java:51)
	at java.base/java.lang.Thread.run(Thread.java:1583)
11:01:07.184 [Thread-1] ERROR com.charlessun.javaplcadapter.worker.impl.ConsumerWorkerImpl -- processingStrategy.process(record) 處理失敗: Processing failed
java.lang.RuntimeException: Processing failed
	at com.charlessun.javaplcadapter.worker.impl.ConsumerWorkerImpl.pollLoop(ConsumerWorkerImpl.java:51)
	at java.base/java.lang.Thread.run(Thread.java:1583)
11:01:07.185 [Thread-1] ERROR com.charlessun.javaplcadapter.worker.impl.ConsumerWorkerImpl -- processingStrategy.process(record) 處理失敗: Processing failed
java.lang.RuntimeException: Processing failed
	at com.charlessun.javaplcadapter.worker.impl.ConsumerWorkerImpl.pollLoop(ConsumerWorkerImpl.java:51)
	at java.base/java.lang.Thread.run(Thread.java:1583)
11:01:07.185 [Thread-1] ERROR com.charlessun.javaplcadapter.worker.impl.ConsumerWorkerImpl -- processingStrategy.process(record) 處理失敗: Processing failed
java.lang.RuntimeException: Processing failed
	at com.charlessun.javaplcadapter.worker.impl.ConsumerWorkerImpl.pollLoop(ConsumerWorkerImpl.java:51)
	at java.base/java.lang.Thread.run(Thread.java:1583)
11:01:07.185 [Thread-1] ERROR com.charlessun.javaplcadapter.worker.impl.ConsumerWorkerImpl -- processingStrategy.process(record) 處理失敗: Processing failed
java.lang.RuntimeException: Processing failed
	at com.charlessun.javaplcadapter.worker.impl.ConsumerWorkerImpl.pollLoop(ConsumerWorkerImpl.java:51)
	at java.base/java.lang.Thread.run(Thread.java:1583)
11:01:07.185 [Thread-1] ERROR com.charlessun.javaplcadapter.worker.impl.ConsumerWorkerImpl -- processingStrategy.process(record) 處理失敗: Processing failed
java.lang.RuntimeException: Processing failed
	at com.charlessun.javaplcadapter.worker.impl.ConsumerWorkerImpl.pollLoop(ConsumerWorkerImpl.java:51)
	at java.base/java.lang.Thread.run(Thread.java:1583)
11:01:07.185 [Thread-1] ERROR com.charlessun.javaplcadapter.worker.impl.ConsumerWorkerImpl -- processingStrategy.process(record) 處理失敗: Processing failed
java.lang.RuntimeException: Processing failed
	at com.charlessun.javaplcadapter.worker.impl.ConsumerWorkerImpl.pollLoop(ConsumerWorkerImpl.java:51)
	at java.base/java.lang.Thread.run(Thread.java:1583)
11:01:07.185 [Thread-1] ERROR com.charlessun.javaplcadapter.worker.impl.ConsumerWorkerImpl -- processingStrategy.process(record) 處理失敗: Processing failed
java.lang.RuntimeException: Processing failed
	at com.charlessun.javaplcadapter.worker.impl.ConsumerWorkerImpl.pollLoop(ConsumerWorkerImpl.java:51)
	at java.base/java.lang.Thread.run(Thread.java:1583)
11:01:07.185 [Thread-1] ERROR com.charlessun.javaplcadapter.worker.impl.ConsumerWorkerImpl -- processingStrategy.process(record) 處理失敗: Processing failed
java.lang.RuntimeException: Processing failed
	at com.charlessun.javaplcadapter.worker.impl.ConsumerWorkerImpl.pollLoop(ConsumerWorkerImpl.java:51)
	at java.base/java.lang.Thread.run(Thread.java:1583)
11:01:07.186 [Thread-1] ERROR com.charlessun.javaplcadapter.worker.impl.ConsumerWorkerImpl -- processingStrategy.process(record) 處理失敗: Processing failed
java.lang.RuntimeException: Processing failed
	at com.charlessun.javaplcadapter.worker.impl.ConsumerWorkerImpl.pollLoop(ConsumerWorkerImpl.java:51)
	at java.base/java.lang.Thread.run(Thread.java:1583)
11:01:07.186 [Thread-1] ERROR com.charlessun.javaplcadapter.worker.impl.ConsumerWorkerImpl -- processingStrategy.process(record) 處理失敗: Processing failed
java.lang.RuntimeException: Processing failed
	at com.charlessun.javaplcadapter.worker.impl.ConsumerWorkerImpl.pollLoop(ConsumerWorkerImpl.java:51)
	at java.base/java.lang.Thread.run(Thread.java:1583)
11:01:07.186 [Thread-1] ERROR com.charlessun.javaplcadapter.worker.impl.ConsumerWorkerImpl -- processingStrategy.process(record) 處理失敗: Processing failed
java.lang.RuntimeException: Processing failed
	at com.charlessun.javaplcadapter.worker.impl.ConsumerWorkerImpl.pollLoop(ConsumerWorkerImpl.java:51)
	at java.base/java.lang.Thread.run(Thread.java:1583)
11:01:07.186 [Thread-1] ERROR com.charlessun.javaplcadapter.worker.impl.ConsumerWorkerImpl -- processingStrategy.process(record) 處理失敗: Processing failed
java.lang.RuntimeException: Processing failed
	at com.charlessun.javaplcadapter.worker.impl.ConsumerWorkerImpl.pollLoop(ConsumerWorkerImpl.java:51)
	at java.base/java.lang.Thread.run(Thread.java:1583)
11:01:07.186 [Thread-1] ERROR com.charlessun.javaplcadapter.worker.impl.ConsumerWorkerImpl -- processingStrategy.process(record) 處理失敗: Processing failed
java.lang.RuntimeException: Processing failed
	at com.charlessun.javaplcadapter.worker.impl.ConsumerWorkerImpl.pollLoop(ConsumerWorkerImpl.java:51)
	at java.base/java.lang.Thread.run(Thread.java:1583)
11:01:07.186 [Thread-1] ERROR com.charlessun.javaplcadapter.worker.impl.ConsumerWorkerImpl -- processingStrategy.process(record) 處理失敗: Processing failed
java.lang.RuntimeException: Processing failed
	at com.charlessun.javaplcadapter.worker.impl.ConsumerWorkerImpl.pollLoop(ConsumerWorkerImpl.java:51)
	at java.base/java.lang.Thread.run(Thread.java:1583)
11:01:07.186 [Thread-1] ERROR com.charlessun.javaplcadapter.worker.impl.ConsumerWorkerImpl -- processingStrategy.process(record) 處理失敗: Processing failed
java.lang.RuntimeException: Processing failed
	at com.charlessun.javaplcadapter.worker.impl.ConsumerWorkerImpl.pollLoop(ConsumerWorkerImpl.java:51)
	at java.base/java.lang.Thread.run(Thread.java:1583)
11:01:07.186 [Thread-1] ERROR com.charlessun.javaplcadapter.worker.impl.ConsumerWorkerImpl -- processingStrategy.process(record) 處理失敗: Processing failed
java.lang.RuntimeException: Processing failed
	at com.charlessun.javaplcadapter.worker.impl.ConsumerWorkerImpl.pollLoop(ConsumerWorkerImpl.java:51)
	at java.base/java.lang.Thread.run(Thread.java:1583)
11:01:07.187 [Thread-1] ERROR com.charlessun.javaplcadapter.worker.impl.ConsumerWorkerImpl -- processingStrategy.process(record) 處理失敗: Processing failed
java.lang.RuntimeException: Processing failed
	at com.charlessun.javaplcadapter.worker.impl.ConsumerWorkerImpl.pollLoop(ConsumerWorkerImpl.java:51)
	at java.base/java.lang.Thread.run(Thread.java:1583)
11:01:07.188 [Thread-1] ERROR com.charlessun.javaplcadapter.worker.impl.ConsumerWorkerImpl -- processingStrategy.process(record) 處理失敗: Processing failed
java.lang.RuntimeException: Processing failed
	at com.charlessun.javaplcadapter.worker.impl.ConsumerWorkerImpl.pollLoop(ConsumerWorkerImpl.java:51)
	at java.base/java.lang.Thread.run(Thread.java:1583)
11:01:07.188 [Thread-1] ERROR com.charlessun.javaplcadapter.worker.impl.ConsumerWorkerImpl -- processingStrategy.process(record) 處理失敗: Processing failed
java.lang.RuntimeException: Processing failed
	at com.charlessun.javaplcadapter.worker.impl.ConsumerWorkerImpl.pollLoop(ConsumerWorkerImpl.java:51)
	at java.base/java.lang.Thread.run(Thread.java:1583)
11:01:07.188 [Thread-1] ERROR com.charlessun.javaplcadapter.worker.impl.ConsumerWorkerImpl -- processingStrategy.process(record) 處理失敗: Processing failed
java.lang.RuntimeException: Processing failed
	at com.charlessun.javaplcadapter.worker.impl.ConsumerWorkerImpl.pollLoop(ConsumerWorkerImpl.java:51)
	at java.base/java.lang.Thread.run(Thread.java:1583)
11:01:07.188 [Thread-1] ERROR com.charlessun.javaplcadapter.worker.impl.ConsumerWorkerImpl -- processingStrategy.process(record) 處理失敗: Processing failed
java.lang.RuntimeException: Processing failed
	at com.charlessun.javaplcadapter.worker.impl.ConsumerWorkerImpl.pollLoop(ConsumerWorkerImpl.java:51)
	at java.base/java.lang.Thread.run(Thread.java:1583)
11:01:07.188 [Thread-1] ERROR com.charlessun.javaplcadapter.worker.impl.ConsumerWorkerImpl -- processingStrategy.process(record) 處理失敗: Processing failed
java.lang.RuntimeException: Processing failed
	at com.charlessun.javaplcadapter.worker.impl.ConsumerWorkerImpl.pollLoop(ConsumerWorkerImpl.java:51)
	at java.base/java.lang.Thread.run(Thread.java:1583)
11:01:07.188 [Thread-1] ERROR com.charlessun.javaplcadapter.worker.impl.ConsumerWorkerImpl -- processingStrategy.process(record) 處理失敗: Processing failed
java.lang.RuntimeException: Processing failed
	at com.charlessun.javaplcadapter.worker.impl.ConsumerWorkerImpl.pollLoop(ConsumerWorkerImpl.java:51)
	at java.base/java.lang.Thread.run(Thread.java:1583)
11:01:07.188 [Thread-1] ERROR com.charlessun.javaplcadapter.worker.impl.ConsumerWorkerImpl -- processingStrategy.process(record) 處理失敗: Processing failed
java.lang.RuntimeException: Processing failed
	at com.charlessun.javaplcadapter.worker.impl.ConsumerWorkerImpl.pollLoop(ConsumerWorkerImpl.java:51)
	at java.base/java.lang.Thread.run(Thread.java:1583)
11:01:07.188 [Thread-1] ERROR com.charlessun.javaplcadapter.worker.impl.ConsumerWorkerImpl -- processingStrategy.process(record) 處理失敗: Processing failed
java.lang.RuntimeException: Processing failed
	at com.charlessun.javaplcadapter.worker.impl.ConsumerWorkerImpl.pollLoop(ConsumerWorkerImpl.java:51)
	at java.base/java.lang.Thread.run(Thread.java:1583)
11:01:07.188 [Thread-1] ERROR com.charlessun.javaplcadapter.worker.impl.ConsumerWorkerImpl -- processingStrategy.process(record) 處理失敗: Processing failed
java.lang.RuntimeException: Processing failed
	at com.charlessun.javaplcadapter.worker.impl.ConsumerWorkerImpl.pollLoop(ConsumerWorkerImpl.java:51)
	at java.base/java.lang.Thread.run(Thread.java:1583)
11:01:07.189 [Thread-1] ERROR com.charlessun.javaplcadapter.worker.impl.ConsumerWorkerImpl -- processingStrategy.process(record) 處理失敗: Processing failed
java.lang.RuntimeException: Processing failed
	at com.charlessun.javaplcadapter.worker.impl.ConsumerWorkerImpl.pollLoop(ConsumerWorkerImpl.java:51)
	at java.base/java.lang.Thread.run(Thread.java:1583)
11:01:07.189 [Thread-1] ERROR com.charlessun.javaplcadapter.worker.impl.ConsumerWorkerImpl -- processingStrategy.process(record) 處理失敗: Processing failed
java.lang.RuntimeException: Processing failed
	at com.charlessun.javaplcadapter.worker.impl.ConsumerWorkerImpl.pollLoop(ConsumerWorkerImpl.java:51)
	at java.base/java.lang.Thread.run(Thread.java:1583)
11:01:07.189 [Thread-1] ERROR com.charlessun.javaplcadapter.worker.impl.ConsumerWorkerImpl -- processingStrategy.process(record) 處理失敗: Processing failed
java.lang.RuntimeException: Processing failed
	at com.charlessun.javaplcadapter.worker.impl.ConsumerWorkerImpl.pollLoop(ConsumerWorkerImpl.java:51)
	at java.base/java.lang.Thread.run(Thread.java:1583)
11:01:07.189 [Thread-1] ERROR com.charlessun.javaplcadapter.worker.impl.ConsumerWorkerImpl -- processingStrategy.process(record) 處理失敗: Processing failed
java.lang.RuntimeException: Processing failed
	at com.charlessun.javaplcadapter.worker.impl.ConsumerWorkerImpl.pollLoop(ConsumerWorkerImpl.java:51)
	at java.base/java.lang.Thread.run(Thread.java:1583)
11:01:07.189 [Thread-1] ERROR com.charlessun.javaplcadapter.worker.impl.ConsumerWorkerImpl -- processingStrategy.process(record) 處理失敗: Processing failed
java.lang.RuntimeException: Processing failed
	at com.charlessun.javaplcadapter.worker.impl.ConsumerWorkerImpl.pollLoop(ConsumerWorkerImpl.java:51)
	at java.base/java.lang.Thread.run(Thread.java:1583)
11:01:07.189 [Thread-1] ERROR com.charlessun.javaplcadapter.worker.impl.ConsumerWorkerImpl -- processingStrategy.process(record) 處理失敗: Processing failed
java.lang.RuntimeException: Processing failed
	at com.charlessun.javaplcadapter.worker.impl.ConsumerWorkerImpl.pollLoop(ConsumerWorkerImpl.java:51)
	at java.base/java.lang.Thread.run(Thread.java:1583)
11:01:07.189 [Thread-1] ERROR com.charlessun.javaplcadapter.worker.impl.ConsumerWorkerImpl -- processingStrategy.process(record) 處理失敗: Processing failed
java.lang.RuntimeException: Processing failed
	at com.charlessun.javaplcadapter.worker.impl.ConsumerWorkerImpl.pollLoop(ConsumerWorkerImpl.java:51)
	at java.base/java.lang.Thread.run(Thread.java:1583)
11:01:07.189 [Thread-1] ERROR com.charlessun.javaplcadapter.worker.impl.ConsumerWorkerImpl -- processingStrategy.process(record) 處理失敗: Processing failed
java.lang.RuntimeException: Processing failed
	at com.charlessun.javaplcadapter.worker.impl.ConsumerWorkerImpl.pollLoop(ConsumerWorkerImpl.java:51)
	at java.base/java.lang.Thread.run(Thread.java:1583)
11:01:07.190 [Thread-1] ERROR com.charlessun.javaplcadapter.worker.impl.ConsumerWorkerImpl -- processingStrategy.process(record) 處理失敗: Processing failed
java.lang.RuntimeException: Processing failed
	at com.charlessun.javaplcadapter.worker.impl.ConsumerWorkerImpl.pollLoop(ConsumerWorkerImpl.java:51)
	at java.base/java.lang.Thread.run(Thread.java:1583)
11:01:07.190 [Thread-1] ERROR com.charlessun.javaplcadapter.worker.impl.ConsumerWorkerImpl -- processingStrategy.process(record) 處理失敗: Processing failed
java.lang.RuntimeException: Processing failed
	at com.charlessun.javaplcadapter.worker.impl.ConsumerWorkerImpl.pollLoop(ConsumerWorkerImpl.java:51)
	at java.base/java.lang.Thread.run(Thread.java:1583)
11:01:07.190 [Thread-1] ERROR com.charlessun.javaplcadapter.worker.impl.ConsumerWorkerImpl -- processingStrategy.process(record) 處理失敗: Processing failed
java.lang.RuntimeException: Processing failed
	at com.charlessun.javaplcadapter.worker.impl.ConsumerWorkerImpl.pollLoop(ConsumerWorkerImpl.java:51)
	at java.base/java.lang.Thread.run(Thread.java:1583)
11:01:07.190 [Thread-1] ERROR com.charlessun.javaplcadapter.worker.impl.ConsumerWorkerImpl -- processingStrategy.process(record) 處理失敗: Processing failed
java.lang.RuntimeException: Processing failed
	at com.charlessun.javaplcadapter.worker.impl.ConsumerWorkerImpl.pollLoop(ConsumerWorkerImpl.java:51)
	at java.base/java.lang.Thread.run(Thread.java:1583)
11:01:07.190 [Thread-1] ERROR com.charlessun.javaplcadapter.worker.impl.ConsumerWorkerImpl -- processingStrategy.process(record) 處理失敗: Processing failed
java.lang.RuntimeException: Processing failed
	at com.charlessun.javaplcadapter.worker.impl.ConsumerWorkerImpl.pollLoop(ConsumerWorkerImpl.java:51)
	at java.base/java.lang.Thread.run(Thread.java:1583)
11:01:07.190 [Thread-1] ERROR com.charlessun.javaplcadapter.worker.impl.ConsumerWorkerImpl -- processingStrategy.process(record) 處理失敗: Processing failed
java.lang.RuntimeException: Processing failed
	at com.charlessun.javaplcadapter.worker.impl.ConsumerWorkerImpl.pollLoop(ConsumerWorkerImpl.java:51)
	at java.base/java.lang.Thread.run(Thread.java:1583)
11:01:07.190 [Thread-1] ERROR com.charlessun.javaplcadapter.worker.impl.ConsumerWorkerImpl -- processingStrategy.process(record) 處理失敗: Processing failed
java.lang.RuntimeException: Processing failed
	at com.charlessun.javaplcadapter.worker.impl.ConsumerWorkerImpl.pollLoop(ConsumerWorkerImpl.java:51)
	at java.base/java.lang.Thread.run(Thread.java:1583)
11:01:07.190 [Thread-1] ERROR com.charlessun.javaplcadapter.worker.impl.ConsumerWorkerImpl -- processingStrategy.process(record) 處理失敗: Processing failed
java.lang.RuntimeException: Processing failed
	at com.charlessun.javaplcadapter.worker.impl.ConsumerWorkerImpl.pollLoop(ConsumerWorkerImpl.java:51)
	at java.base/java.lang.Thread.run(Thread.java:1583)
11:01:07.191 [Thread-1] ERROR com.charlessun.javaplcadapter.worker.impl.ConsumerWorkerImpl -- processingStrategy.process(record) 處理失敗: Processing failed
java.lang.RuntimeException: Processing failed
	at com.charlessun.javaplcadapter.worker.impl.ConsumerWorkerImpl.pollLoop(ConsumerWorkerImpl.java:51)
	at java.base/java.lang.Thread.run(Thread.java:1583)
11:01:07.191 [Thread-1] ERROR com.charlessun.javaplcadapter.worker.impl.ConsumerWorkerImpl -- processingStrategy.process(record) 處理失敗: Processing failed
java.lang.RuntimeException: Processing failed
	at com.charlessun.javaplcadapter.worker.impl.ConsumerWorkerImpl.pollLoop(ConsumerWorkerImpl.java:51)
	at java.base/java.lang.Thread.run(Thread.java:1583)
11:01:07.191 [Thread-1] ERROR com.charlessun.javaplcadapter.worker.impl.ConsumerWorkerImpl -- processingStrategy.process(record) 處理失敗: Processing failed
java.lang.RuntimeException: Processing failed
	at com.charlessun.javaplcadapter.worker.impl.ConsumerWorkerImpl.pollLoop(ConsumerWorkerImpl.java:51)
	at java.base/java.lang.Thread.run(Thread.java:1583)
11:01:07.191 [Thread-1] ERROR com.charlessun.javaplcadapter.worker.impl.ConsumerWorkerImpl -- processingStrategy.process(record) 處理失敗: Processing failed
java.lang.RuntimeException: Processing failed
	at com.charlessun.javaplcadapter.worker.impl.ConsumerWorkerImpl.pollLoop(ConsumerWorkerImpl.java:51)
	at java.base/java.lang.Thread.run(Thread.java:1583)
11:01:07.191 [Thread-1] ERROR com.charlessun.javaplcadapter.worker.impl.ConsumerWorkerImpl -- processingStrategy.process(record) 處理失敗: Processing failed
java.lang.RuntimeException: Processing failed
	at com.charlessun.javaplcadapter.worker.impl.ConsumerWorkerImpl.pollLoop(ConsumerWorkerImpl.java:51)
	at java.base/java.lang.Thread.run(Thread.java:1583)
11:01:07.191 [Thread-1] ERROR com.charlessun.javaplcadapter.worker.impl.ConsumerWorkerImpl -- processingStrategy.process(record) 處理失敗: Processing failed
java.lang.RuntimeException: Processing failed
	at com.charlessun.javaplcadapter.worker.impl.ConsumerWorkerImpl.pollLoop(ConsumerWorkerImpl.java:51)
	at java.base/java.lang.Thread.run(Thread.java:1583)
11:01:07.191 [Thread-1] ERROR com.charlessun.javaplcadapter.worker.impl.ConsumerWorkerImpl -- processingStrategy.process(record) 處理失敗: Processing failed
java.lang.RuntimeException: Processing failed
	at com.charlessun.javaplcadapter.worker.impl.ConsumerWorkerImpl.pollLoop(ConsumerWorkerImpl.java:51)
	at java.base/java.lang.Thread.run(Thread.java:1583)
11:01:07.191 [Thread-1] ERROR com.charlessun.javaplcadapter.worker.impl.ConsumerWorkerImpl -- processingStrategy.process(record) 處理失敗: Processing failed
java.lang.RuntimeException: Processing failed
	at com.charlessun.javaplcadapter.worker.impl.ConsumerWorkerImpl.pollLoop(ConsumerWorkerImpl.java:51)
	at java.base/java.lang.Thread.run(Thread.java:1583)
11:01:07.191 [Thread-1] ERROR com.charlessun.javaplcadapter.worker.impl.ConsumerWorkerImpl -- processingStrategy.process(record) 處理失敗: Processing failed
java.lang.RuntimeException: Processing failed
	at com.charlessun.javaplcadapter.worker.impl.ConsumerWorkerImpl.pollLoop(ConsumerWorkerImpl.java:51)
	at java.base/java.lang.Thread.run(Thread.java:1583)
11:01:07.192 [Thread-1] ERROR com.charlessun.javaplcadapter.worker.impl.ConsumerWorkerImpl -- processingStrategy.process(record) 處理失敗: Processing failed
java.lang.RuntimeException: Processing failed
	at com.charlessun.javaplcadapter.worker.impl.ConsumerWorkerImpl.pollLoop(ConsumerWorkerImpl.java:51)
	at java.base/java.lang.Thread.run(Thread.java:1583)
11:01:07.192 [Thread-1] ERROR com.charlessun.javaplcadapter.worker.impl.ConsumerWorkerImpl -- processingStrategy.process(record) 處理失敗: Processing failed
java.lang.RuntimeException: Processing failed
	at com.charlessun.javaplcadapter.worker.impl.ConsumerWorkerImpl.pollLoop(ConsumerWorkerImpl.java:51)
	at java.base/java.lang.Thread.run(Thread.java:1583)
11:01:07.192 [Thread-1] ERROR com.charlessun.javaplcadapter.worker.impl.ConsumerWorkerImpl -- processingStrategy.process(record) 處理失敗: Processing failed
java.lang.RuntimeException: Processing failed
	at com.charlessun.javaplcadapter.worker.impl.ConsumerWorkerImpl.pollLoop(ConsumerWorkerImpl.java:51)
	at java.base/java.lang.Thread.run(Thread.java:1583)
11:01:07.192 [Thread-1] ERROR com.charlessun.javaplcadapter.worker.impl.ConsumerWorkerImpl -- processingStrategy.process(record) 處理失敗: Processing failed
java.lang.RuntimeException: Processing failed
	at com.charlessun.javaplcadapter.worker.impl.ConsumerWorkerImpl.pollLoop(ConsumerWorkerImpl.java:51)
	at java.base/java.lang.Thread.run(Thread.java:1583)
11:01:07.192 [Thread-1] ERROR com.charlessun.javaplcadapter.worker.impl.ConsumerWorkerImpl -- processingStrategy.process(record) 處理失敗: Processing failed
java.lang.RuntimeException: Processing failed
	at com.charlessun.javaplcadapter.worker.impl.ConsumerWorkerImpl.pollLoop(ConsumerWorkerImpl.java:51)
	at java.base/java.lang.Thread.run(Thread.java:1583)
11:01:07.192 [Thread-1] ERROR com.charlessun.javaplcadapter.worker.impl.ConsumerWorkerImpl -- processingStrategy.process(record) 處理失敗: Processing failed
java.lang.RuntimeException: Processing failed
	at com.charlessun.javaplcadapter.worker.impl.ConsumerWorkerImpl.pollLoop(ConsumerWorkerImpl.java:51)
	at java.base/java.lang.Thread.run(Thread.java:1583)
11:01:07.192 [Thread-1] ERROR com.charlessun.javaplcadapter.worker.impl.ConsumerWorkerImpl -- processingStrategy.process(record) 處理失敗: Processing failed
java.lang.RuntimeException: Processing failed
	at com.charlessun.javaplcadapter.worker.impl.ConsumerWorkerImpl.pollLoop(ConsumerWorkerImpl.java:51)
	at java.base/java.lang.Thread.run(Thread.java:1583)
11:01:07.192 [Thread-1] ERROR com.charlessun.javaplcadapter.worker.impl.ConsumerWorkerImpl -- processingStrategy.process(record) 處理失敗: Processing failed
java.lang.RuntimeException: Processing failed
	at com.charlessun.javaplcadapter.worker.impl.ConsumerWorkerImpl.pollLoop(ConsumerWorkerImpl.java:51)
	at java.base/java.lang.Thread.run(Thread.java:1583)
11:01:07.193 [Thread-1] ERROR com.charlessun.javaplcadapter.worker.impl.ConsumerWorkerImpl -- processingStrategy.process(record) 處理失敗: Processing failed
java.lang.RuntimeException: Processing failed
	at com.charlessun.javaplcadapter.worker.impl.ConsumerWorkerImpl.pollLoop(ConsumerWorkerImpl.java:51)
	at java.base/java.lang.Thread.run(Thread.java:1583)
11:01:07.193 [Thread-1] ERROR com.charlessun.javaplcadapter.worker.impl.ConsumerWorkerImpl -- processingStrategy.process(record) 處理失敗: Processing failed
java.lang.RuntimeException: Processing failed
	at com.charlessun.javaplcadapter.worker.impl.ConsumerWorkerImpl.pollLoop(ConsumerWorkerImpl.java:51)
	at java.base/java.lang.Thread.run(Thread.java:1583)
11:01:07.193 [Thread-1] ERROR com.charlessun.javaplcadapter.worker.impl.ConsumerWorkerImpl -- processingStrategy.process(record) 處理失敗: Processing failed
java.lang.RuntimeException: Processing failed
	at com.charlessun.javaplcadapter.worker.impl.ConsumerWorkerImpl.pollLoop(ConsumerWorkerImpl.java:51)
	at java.base/java.lang.Thread.run(Thread.java:1583)
11:01:07.193 [Thread-1] ERROR com.charlessun.javaplcadapter.worker.impl.ConsumerWorkerImpl -- processingStrategy.process(record) 處理失敗: Processing failed
java.lang.RuntimeException: Processing failed
	at com.charlessun.javaplcadapter.worker.impl.ConsumerWorkerImpl.pollLoop(ConsumerWorkerImpl.java:51)
	at java.base/java.lang.Thread.run(Thread.java:1583)
11:01:07.194 [Thread-1] ERROR com.charlessun.javaplcadapter.worker.impl.ConsumerWorkerImpl -- processingStrategy.process(record) 處理失敗: Processing failed
java.lang.RuntimeException: Processing failed
	at com.charlessun.javaplcadapter.worker.impl.ConsumerWorkerImpl.pollLoop(ConsumerWorkerImpl.java:51)
	at java.base/java.lang.Thread.run(Thread.java:1583)
11:01:07.194 [Thread-1] ERROR com.charlessun.javaplcadapter.worker.impl.ConsumerWorkerImpl -- processingStrategy.process(record) 處理失敗: Processing failed
java.lang.RuntimeException: Processing failed
	at com.charlessun.javaplcadapter.worker.impl.ConsumerWorkerImpl.pollLoop(ConsumerWorkerImpl.java:51)
	at java.base/java.lang.Thread.run(Thread.java:1583)
11:01:07.194 [Thread-1] ERROR com.charlessun.javaplcadapter.worker.impl.ConsumerWorkerImpl -- processingStrategy.process(record) 處理失敗: Processing failed
java.lang.RuntimeException: Processing failed
	at com.charlessun.javaplcadapter.worker.impl.ConsumerWorkerImpl.pollLoop(ConsumerWorkerImpl.java:51)
	at java.base/java.lang.Thread.run(Thread.java:1583)
11:01:07.194 [Thread-1] ERROR com.charlessun.javaplcadapter.worker.impl.ConsumerWorkerImpl -- processingStrategy.process(record) 處理失敗: Processing failed
java.lang.RuntimeException: Processing failed
	at com.charlessun.javaplcadapter.worker.impl.ConsumerWorkerImpl.pollLoop(ConsumerWorkerImpl.java:51)
	at java.base/java.lang.Thread.run(Thread.java:1583)
11:01:07.194 [Thread-1] ERROR com.charlessun.javaplcadapter.worker.impl.ConsumerWorkerImpl -- processingStrategy.process(record) 處理失敗: Processing failed
java.lang.RuntimeException: Processing failed
	at com.charlessun.javaplcadapter.worker.impl.ConsumerWorkerImpl.pollLoop(ConsumerWorkerImpl.java:51)
	at java.base/java.lang.Thread.run(Thread.java:1583)
11:01:07.195 [Thread-1] ERROR com.charlessun.javaplcadapter.worker.impl.ConsumerWorkerImpl -- processingStrategy.process(record) 處理失敗: Processing failed
java.lang.RuntimeException: Processing failed
	at com.charlessun.javaplcadapter.worker.impl.ConsumerWorkerImpl.pollLoop(ConsumerWorkerImpl.java:51)
	at java.base/java.lang.Thread.run(Thread.java:1583)
11:01:07.195 [Thread-1] ERROR com.charlessun.javaplcadapter.worker.impl.ConsumerWorkerImpl -- processingStrategy.process(record) 處理失敗: Processing failed
java.lang.RuntimeException: Processing failed
	at com.charlessun.javaplcadapter.worker.impl.ConsumerWorkerImpl.pollLoop(ConsumerWorkerImpl.java:51)
	at java.base/java.lang.Thread.run(Thread.java:1583)
11:01:07.195 [Thread-1] ERROR com.charlessun.javaplcadapter.worker.impl.ConsumerWorkerImpl -- processingStrategy.process(record) 處理失敗: Processing failed
java.lang.RuntimeException: Processing failed
	at com.charlessun.javaplcadapter.worker.impl.ConsumerWorkerImpl.pollLoop(ConsumerWorkerImpl.java:51)
	at java.base/java.lang.Thread.run(Thread.java:1583)
11:01:07.195 [Thread-1] ERROR com.charlessun.javaplcadapter.worker.impl.ConsumerWorkerImpl -- processingStrategy.process(record) 處理失敗: Processing failed
java.lang.RuntimeException: Processing failed
	at com.charlessun.javaplcadapter.worker.impl.ConsumerWorkerImpl.pollLoop(ConsumerWorkerImpl.java:51)
	at java.base/java.lang.Thread.run(Thread.java:1583)
11:01:07.195 [Thread-1] ERROR com.charlessun.javaplcadapter.worker.impl.ConsumerWorkerImpl -- processingStrategy.process(record) 處理失敗: Processing failed
java.lang.RuntimeException: Processing failed
	at com.charlessun.javaplcadapter.worker.impl.ConsumerWorkerImpl.pollLoop(ConsumerWorkerImpl.java:51)
	at java.base/java.lang.Thread.run(Thread.java:1583)
11:01:07.195 [Thread-1] ERROR com.charlessun.javaplcadapter.worker.impl.ConsumerWorkerImpl -- processingStrategy.process(record) 處理失敗: Processing failed
java.lang.RuntimeException: Processing failed
	at com.charlessun.javaplcadapter.worker.impl.ConsumerWorkerImpl.pollLoop(ConsumerWorkerImpl.java:51)
	at java.base/java.lang.Thread.run(Thread.java:1583)
11:01:07.195 [Thread-1] ERROR com.charlessun.javaplcadapter.worker.impl.ConsumerWorkerImpl -- processingStrategy.process(record) 處理失敗: Processing failed
java.lang.RuntimeException: Processing failed
	at com.charlessun.javaplcadapter.worker.impl.ConsumerWorkerImpl.pollLoop(ConsumerWorkerImpl.java:51)
	at java.base/java.lang.Thread.run(Thread.java:1583)
11:01:07.195 [Thread-1] ERROR com.charlessun.javaplcadapter.worker.impl.ConsumerWorkerImpl -- processingStrategy.process(record) 處理失敗: Processing failed
java.lang.RuntimeException: Processing failed
	at com.charlessun.javaplcadapter.worker.impl.ConsumerWorkerImpl.pollLoop(ConsumerWorkerImpl.java:51)
	at java.base/java.lang.Thread.run(Thread.java:1583)
11:01:07.195 [Thread-1] ERROR com.charlessun.javaplcadapter.worker.impl.ConsumerWorkerImpl -- processingStrategy.process(record) 處理失敗: Processing failed
java.lang.RuntimeException: Processing failed
	at com.charlessun.javaplcadapter.worker.impl.ConsumerWorkerImpl.pollLoop(ConsumerWorkerImpl.java:51)
	at java.base/java.lang.Thread.run(Thread.java:1583)
11:01:07.196 [Thread-1] ERROR com.charlessun.javaplcadapter.worker.impl.ConsumerWorkerImpl -- processingStrategy.process(record) 處理失敗: Processing failed
java.lang.RuntimeException: Processing failed
	at com.charlessun.javaplcadapter.worker.impl.ConsumerWorkerImpl.pollLoop(ConsumerWorkerImpl.java:51)
	at java.base/java.lang.Thread.run(Thread.java:1583)
11:01:07.196 [Thread-1] ERROR com.charlessun.javaplcadapter.worker.impl.ConsumerWorkerImpl -- processingStrategy.process(record) 處理失敗: Processing failed
java.lang.RuntimeException: Processing failed
	at com.charlessun.javaplcadapter.worker.impl.ConsumerWorkerImpl.pollLoop(ConsumerWorkerImpl.java:51)
	at java.base/java.lang.Thread.run(Thread.java:1583)
11:01:07.196 [Thread-1] ERROR com.charlessun.javaplcadapter.worker.impl.ConsumerWorkerImpl -- processingStrategy.process(record) 處理失敗: Processing failed
java.lang.RuntimeException: Processing failed
	at com.charlessun.javaplcadapter.worker.impl.ConsumerWorkerImpl.pollLoop(ConsumerWorkerImpl.java:51)
	at java.base/java.lang.Thread.run(Thread.java:1583)
11:01:07.196 [Thread-1] ERROR com.charlessun.javaplcadapter.worker.impl.ConsumerWorkerImpl -- processingStrategy.process(record) 處理失敗: Processing failed
java.lang.RuntimeException: Processing failed
	at com.charlessun.javaplcadapter.worker.impl.ConsumerWorkerImpl.pollLoop(ConsumerWorkerImpl.java:51)
	at java.base/java.lang.Thread.run(Thread.java:1583)
11:01:07.196 [Thread-1] ERROR com.charlessun.javaplcadapter.worker.impl.ConsumerWorkerImpl -- processingStrategy.process(record) 處理失敗: Processing failed
java.lang.RuntimeException: Processing failed
	at com.charlessun.javaplcadapter.worker.impl.ConsumerWorkerImpl.pollLoop(ConsumerWorkerImpl.java:51)
	at java.base/java.lang.Thread.run(Thread.java:1583)
11:01:07.196 [Thread-1] ERROR com.charlessun.javaplcadapter.worker.impl.ConsumerWorkerImpl -- processingStrategy.process(record) 處理失敗: Processing failed
java.lang.RuntimeException: Processing failed
	at com.charlessun.javaplcadapter.worker.impl.ConsumerWorkerImpl.pollLoop(ConsumerWorkerImpl.java:51)
	at java.base/java.lang.Thread.run(Thread.java:1583)
11:01:07.196 [Thread-1] ERROR com.charlessun.javaplcadapter.worker.impl.ConsumerWorkerImpl -- processingStrategy.process(record) 處理失敗: Processing failed
java.lang.RuntimeException: Processing failed
	at com.charlessun.javaplcadapter.worker.impl.ConsumerWorkerImpl.pollLoop(ConsumerWorkerImpl.java:51)
	at java.base/java.lang.Thread.run(Thread.java:1583)
11:01:07.196 [Thread-1] ERROR com.charlessun.javaplcadapter.worker.impl.ConsumerWorkerImpl -- processingStrategy.process(record) 處理失敗: Processing failed
java.lang.RuntimeException: Processing failed
	at com.charlessun.javaplcadapter.worker.impl.ConsumerWorkerImpl.pollLoop(ConsumerWorkerImpl.java:51)
	at java.base/java.lang.Thread.run(Thread.java:1583)
11:01:07.197 [Thread-1] ERROR com.charlessun.javaplcadapter.worker.impl.ConsumerWorkerImpl -- processingStrategy.process(record) 處理失敗: Processing failed
java.lang.RuntimeException: Processing failed
	at com.charlessun.javaplcadapter.worker.impl.ConsumerWorkerImpl.pollLoop(ConsumerWorkerImpl.java:51)
	at java.base/java.lang.Thread.run(Thread.java:1583)
11:01:07.197 [Thread-1] ERROR com.charlessun.javaplcadapter.worker.impl.ConsumerWorkerImpl -- processingStrategy.process(record) 處理失敗: Processing failed
java.lang.RuntimeException: Processing failed
	at com.charlessun.javaplcadapter.worker.impl.ConsumerWorkerImpl.pollLoop(ConsumerWorkerImpl.java:51)
	at java.base/java.lang.Thread.run(Thread.java:1583)
11:01:07.197 [Thread-1] ERROR com.charlessun.javaplcadapter.worker.impl.ConsumerWorkerImpl -- processingStrategy.process(record) 處理失敗: Processing failed
java.lang.RuntimeException: Processing failed
	at com.charlessun.javaplcadapter.worker.impl.ConsumerWorkerImpl.pollLoop(ConsumerWorkerImpl.java:51)
	at java.base/java.lang.Thread.run(Thread.java:1583)
11:01:07.197 [Thread-1] ERROR com.charlessun.javaplcadapter.worker.impl.ConsumerWorkerImpl -- processingStrategy.process(record) 處理失敗: Processing failed
java.lang.RuntimeException: Processing failed
	at com.charlessun.javaplcadapter.worker.impl.ConsumerWorkerImpl.pollLoop(ConsumerWorkerImpl.java:51)
	at java.base/java.lang.Thread.run(Thread.java:1583)
11:01:07.197 [Thread-1] ERROR com.charlessun.javaplcadapter.worker.impl.ConsumerWorkerImpl -- processingStrategy.process(record) 處理失敗: Processing failed
java.lang.RuntimeException: Processing failed
	at com.charlessun.javaplcadapter.worker.impl.ConsumerWorkerImpl.pollLoop(ConsumerWorkerImpl.java:51)
	at java.base/java.lang.Thread.run(Thread.java:1583)
11:01:07.197 [Thread-1] ERROR com.charlessun.javaplcadapter.worker.impl.ConsumerWorkerImpl -- processingStrategy.process(record) 處理失敗: Processing failed
java.lang.RuntimeException: Processing failed
	at com.charlessun.javaplcadapter.worker.impl.ConsumerWorkerImpl.pollLoop(ConsumerWorkerImpl.java:51)
	at java.base/java.lang.Thread.run(Thread.java:1583)
11:01:07.198 [Thread-1] ERROR com.charlessun.javaplcadapter.worker.impl.ConsumerWorkerImpl -- processingStrategy.process(record) 處理失敗: Processing failed
java.lang.RuntimeException: Processing failed
	at com.charlessun.javaplcadapter.worker.impl.ConsumerWorkerImpl.pollLoop(ConsumerWorkerImpl.java:51)
	at java.base/java.lang.Thread.run(Thread.java:1583)
11:01:07.198 [Thread-1] ERROR com.charlessun.javaplcadapter.worker.impl.ConsumerWorkerImpl -- processingStrategy.process(record) 處理失敗: Processing failed
java.lang.RuntimeException: Processing failed
	at com.charlessun.javaplcadapter.worker.impl.ConsumerWorkerImpl.pollLoop(ConsumerWorkerImpl.java:51)
	at java.base/java.lang.Thread.run(Thread.java:1583)
11:01:07.198 [Thread-1] ERROR com.charlessun.javaplcadapter.worker.impl.ConsumerWorkerImpl -- processingStrategy.process(record) 處理失敗: Processing failed
java.lang.RuntimeException: Processing failed
	at com.charlessun.javaplcadapter.worker.impl.ConsumerWorkerImpl.pollLoop(ConsumerWorkerImpl.java:51)
	at java.base/java.lang.Thread.run(Thread.java:1583)
11:01:07.198 [Thread-1] ERROR com.charlessun.javaplcadapter.worker.impl.ConsumerWorkerImpl -- processingStrategy.process(record) 處理失敗: Processing failed
java.lang.RuntimeException: Processing failed
	at com.charlessun.javaplcadapter.worker.impl.ConsumerWorkerImpl.pollLoop(ConsumerWorkerImpl.java:51)
	at java.base/java.lang.Thread.run(Thread.java:1583)
11:01:07.198 [Thread-1] ERROR com.charlessun.javaplcadapter.worker.impl.ConsumerWorkerImpl -- processingStrategy.process(record) 處理失敗: Processing failed
java.lang.RuntimeException: Processing failed
	at com.charlessun.javaplcadapter.worker.impl.ConsumerWorkerImpl.pollLoop(ConsumerWorkerImpl.java:51)
	at java.base/java.lang.Thread.run(Thread.java:1583)
11:01:07.199 [Thread-1] ERROR com.charlessun.javaplcadapter.worker.impl.ConsumerWorkerImpl -- processingStrategy.process(record) 處理失敗: Processing failed
java.lang.RuntimeException: Processing failed
	at com.charlessun.javaplcadapter.worker.impl.ConsumerWorkerImpl.pollLoop(ConsumerWorkerImpl.java:51)
	at java.base/java.lang.Thread.run(Thread.java:1583)
11:01:07.199 [Thread-1] ERROR com.charlessun.javaplcadapter.worker.impl.ConsumerWorkerImpl -- processingStrategy.process(record) 處理失敗: Processing failed
java.lang.RuntimeException: Processing failed
	at com.charlessun.javaplcadapter.worker.impl.ConsumerWorkerImpl.pollLoop(ConsumerWorkerImpl.java:51)
	at java.base/java.lang.Thread.run(Thread.java:1583)
11:01:07.199 [Thread-1] ERROR com.charlessun.javaplcadapter.worker.impl.ConsumerWorkerImpl -- processingStrategy.process(record) 處理失敗: Processing failed
java.lang.RuntimeException: Processing failed
	at com.charlessun.javaplcadapter.worker.impl.ConsumerWorkerImpl.pollLoop(ConsumerWorkerImpl.java:51)
	at java.base/java.lang.Thread.run(Thread.java:1583)
11:01:07.199 [Thread-1] ERROR com.charlessun.javaplcadapter.worker.impl.ConsumerWorkerImpl -- processingStrategy.process(record) 處理失敗: Processing failed
java.lang.RuntimeException: Processing failed
	at com.charlessun.javaplcadapter.worker.impl.ConsumerWorkerImpl.pollLoop(ConsumerWorkerImpl.java:51)
	at java.base/java.lang.Thread.run(Thread.java:1583)
11:01:07.199 [Thread-1] ERROR com.charlessun.javaplcadapter.worker.impl.ConsumerWorkerImpl -- processingStrategy.process(record) 處理失敗: Processing failed
java.lang.RuntimeException: Processing failed
	at com.charlessun.javaplcadapter.worker.impl.ConsumerWorkerImpl.pollLoop(ConsumerWorkerImpl.java:51)
	at java.base/java.lang.Thread.run(Thread.java:1583)
11:01:07.200 [Thread-1] ERROR com.charlessun.javaplcadapter.worker.impl.ConsumerWorkerImpl -- processingStrategy.process(record) 處理失敗: Processing failed
java.lang.RuntimeException: Processing failed
	at com.charlessun.javaplcadapter.worker.impl.ConsumerWorkerImpl.pollLoop(ConsumerWorkerImpl.java:51)
	at java.base/java.lang.Thread.run(Thread.java:1583)
11:01:07.200 [Thread-1] ERROR com.charlessun.javaplcadapter.worker.impl.ConsumerWorkerImpl -- processingStrategy.process(record) 處理失敗: Processing failed
java.lang.RuntimeException: Processing failed
	at com.charlessun.javaplcadapter.worker.impl.ConsumerWorkerImpl.pollLoop(ConsumerWorkerImpl.java:51)
	at java.base/java.lang.Thread.run(Thread.java:1583)
11:01:07.201 [Thread-1] ERROR com.charlessun.javaplcadapter.worker.impl.ConsumerWorkerImpl -- processingStrategy.process(record) 處理失敗: Processing failed
java.lang.RuntimeException: Processing failed
	at com.charlessun.javaplcadapter.worker.impl.ConsumerWorkerImpl.pollLoop(ConsumerWorkerImpl.java:51)
	at java.base/java.lang.Thread.run(Thread.java:1583)
11:01:07.201 [Thread-1] ERROR com.charlessun.javaplcadapter.worker.impl.ConsumerWorkerImpl -- processingStrategy.process(record) 處理失敗: Processing failed
java.lang.RuntimeException: Processing failed
	at com.charlessun.javaplcadapter.worker.impl.ConsumerWorkerImpl.pollLoop(ConsumerWorkerImpl.java:51)
	at java.base/java.lang.Thread.run(Thread.java:1583)
11:01:07.201 [Thread-1] ERROR com.charlessun.javaplcadapter.worker.impl.ConsumerWorkerImpl -- processingStrategy.process(record) 處理失敗: Processing failed
java.lang.RuntimeException: Processing failed
	at com.charlessun.javaplcadapter.worker.impl.ConsumerWorkerImpl.pollLoop(ConsumerWorkerImpl.java:51)
	at java.base/java.lang.Thread.run(Thread.java:1583)
11:01:07.201 [Thread-1] ERROR com.charlessun.javaplcadapter.worker.impl.ConsumerWorkerImpl -- processingStrategy.process(record) 處理失敗: Processing failed
java.lang.RuntimeException: Processing failed
	at com.charlessun.javaplcadapter.worker.impl.ConsumerWorkerImpl.pollLoop(ConsumerWorkerImpl.java:51)
	at java.base/java.lang.Thread.run(Thread.java:1583)
11:01:07.201 [Thread-1] ERROR com.charlessun.javaplcadapter.worker.impl.ConsumerWorkerImpl -- processingStrategy.process(record) 處理失敗: Processing failed
java.lang.RuntimeException: Processing failed
	at com.charlessun.javaplcadapter.worker.impl.ConsumerWorkerImpl.pollLoop(ConsumerWorkerImpl.java:51)
	at java.base/java.lang.Thread.run(Thread.java:1583)
11:01:07.203 [Thread-1] ERROR com.charlessun.javaplcadapter.worker.impl.ConsumerWorkerImpl -- processingStrategy.process(record) 處理失敗: Processing failed
java.lang.RuntimeException: Processing failed
	at com.charlessun.javaplcadapter.worker.impl.ConsumerWorkerImpl.pollLoop(ConsumerWorkerImpl.java:51)
	at java.base/java.lang.Thread.run(Thread.java:1583)
11:01:07.203 [Thread-1] ERROR com.charlessun.javaplcadapter.worker.impl.ConsumerWorkerImpl -- processingStrategy.process(record) 處理失敗: Processing failed
java.lang.RuntimeException: Processing failed
	at com.charlessun.javaplcadapter.worker.impl.ConsumerWorkerImpl.pollLoop(ConsumerWorkerImpl.java:51)
	at java.base/java.lang.Thread.run(Thread.java:1583)
11:01:07.204 [Thread-1] ERROR com.charlessun.javaplcadapter.worker.impl.ConsumerWorkerImpl -- processingStrategy.process(record) 處理失敗: Processing failed
java.lang.RuntimeException: Processing failed
	at com.charlessun.javaplcadapter.worker.impl.ConsumerWorkerImpl.pollLoop(ConsumerWorkerImpl.java:51)
	at java.base/java.lang.Thread.run(Thread.java:1583)
11:01:07.204 [Thread-1] ERROR com.charlessun.javaplcadapter.worker.impl.ConsumerWorkerImpl -- processingStrategy.process(record) 處理失敗: Processing failed
java.lang.RuntimeException: Processing failed
	at com.charlessun.javaplcadapter.worker.impl.ConsumerWorkerImpl.pollLoop(ConsumerWorkerImpl.java:51)
	at java.base/java.lang.Thread.run(Thread.java:1583)
11:01:07.204 [Thread-1] ERROR com.charlessun.javaplcadapter.worker.impl.ConsumerWorkerImpl -- processingStrategy.process(record) 處理失敗: Processing failed
java.lang.RuntimeException: Processing failed
	at com.charlessun.javaplcadapter.worker.impl.ConsumerWorkerImpl.pollLoop(ConsumerWorkerImpl.java:51)
	at java.base/java.lang.Thread.run(Thread.java:1583)
11:01:07.204 [Thread-1] ERROR com.charlessun.javaplcadapter.worker.impl.ConsumerWorkerImpl -- processingStrategy.process(record) 處理失敗: Processing failed
java.lang.RuntimeException: Processing failed
	at com.charlessun.javaplcadapter.worker.impl.ConsumerWorkerImpl.pollLoop(ConsumerWorkerImpl.java:51)
	at java.base/java.lang.Thread.run(Thread.java:1583)
11:01:07.204 [Thread-1] ERROR com.charlessun.javaplcadapter.worker.impl.ConsumerWorkerImpl -- processingStrategy.process(record) 處理失敗: Processing failed
java.lang.RuntimeException: Processing failed
	at com.charlessun.javaplcadapter.worker.impl.ConsumerWorkerImpl.pollLoop(ConsumerWorkerImpl.java:51)
	at java.base/java.lang.Thread.run(Thread.java:1583)
11:01:07.204 [Thread-1] ERROR com.charlessun.javaplcadapter.worker.impl.ConsumerWorkerImpl -- processingStrategy.process(record) 處理失敗: Processing failed
java.lang.RuntimeException: Processing failed
	at com.charlessun.javaplcadapter.worker.impl.ConsumerWorkerImpl.pollLoop(ConsumerWorkerImpl.java:51)
	at java.base/java.lang.Thread.run(Thread.java:1583)
11:01:07.205 [Thread-1] ERROR com.charlessun.javaplcadapter.worker.impl.ConsumerWorkerImpl -- processingStrategy.process(record) 處理失敗: Processing failed
java.lang.RuntimeException: Processing failed
	at com.charlessun.javaplcadapter.worker.impl.ConsumerWorkerImpl.pollLoop(ConsumerWorkerImpl.java:51)
	at java.base/java.lang.Thread.run(Thread.java:1583)
11:01:07.205 [Thread-1] ERROR com.charlessun.javaplcadapter.worker.impl.ConsumerWorkerImpl -- processingStrategy.process(record) 處理失敗: Processing failed
java.lang.RuntimeException: Processing failed
	at com.charlessun.javaplcadapter.worker.impl.ConsumerWorkerImpl.pollLoop(ConsumerWorkerImpl.java:51)
	at java.base/java.lang.Thread.run(Thread.java:1583)
11:01:07.206 [Thread-1] ERROR com.charlessun.javaplcadapter.worker.impl.ConsumerWorkerImpl -- processingStrategy.process(record) 處理失敗: Processing failed
java.lang.RuntimeException: Processing failed
	at com.charlessun.javaplcadapter.worker.impl.ConsumerWorkerImpl.pollLoop(ConsumerWorkerImpl.java:51)
	at java.base/java.lang.Thread.run(Thread.java:1583)
11:01:07.206 [Thread-1] ERROR com.charlessun.javaplcadapter.worker.impl.ConsumerWorkerImpl -- processingStrategy.process(record) 處理失敗: Processing failed
java.lang.RuntimeException: Processing failed
	at com.charlessun.javaplcadapter.worker.impl.ConsumerWorkerImpl.pollLoop(ConsumerWorkerImpl.java:51)
	at java.base/java.lang.Thread.run(Thread.java:1583)
11:01:07.206 [Thread-1] ERROR com.charlessun.javaplcadapter.worker.impl.ConsumerWorkerImpl -- processingStrategy.process(record) 處理失敗: Processing failed
java.lang.RuntimeException: Processing failed
	at com.charlessun.javaplcadapter.worker.impl.ConsumerWorkerImpl.pollLoop(ConsumerWorkerImpl.java:51)
	at java.base/java.lang.Thread.run(Thread.java:1583)
11:01:07.206 [Thread-1] ERROR com.charlessun.javaplcadapter.worker.impl.ConsumerWorkerImpl -- processingStrategy.process(record) 處理失敗: Processing failed
java.lang.RuntimeException: Processing failed
	at com.charlessun.javaplcadapter.worker.impl.ConsumerWorkerImpl.pollLoop(ConsumerWorkerImpl.java:51)
	at java.base/java.lang.Thread.run(Thread.java:1583)
11:01:07.206 [Thread-1] ERROR com.charlessun.javaplcadapter.worker.impl.ConsumerWorkerImpl -- processingStrategy.process(record) 處理失敗: Processing failed
java.lang.RuntimeException: Processing failed
	at com.charlessun.javaplcadapter.worker.impl.ConsumerWorkerImpl.pollLoop(ConsumerWorkerImpl.java:51)
	at java.base/java.lang.Thread.run(Thread.java:1583)
11:01:07.207 [Thread-1] ERROR com.charlessun.javaplcadapter.worker.impl.ConsumerWorkerImpl -- processingStrategy.process(record) 處理失敗: Processing failed
java.lang.RuntimeException: Processing failed
	at com.charlessun.javaplcadapter.worker.impl.ConsumerWorkerImpl.pollLoop(ConsumerWorkerImpl.java:51)
	at java.base/java.lang.Thread.run(Thread.java:1583)
11:01:07.207 [Thread-1] ERROR com.charlessun.javaplcadapter.worker.impl.ConsumerWorkerImpl -- processingStrategy.process(record) 處理失敗: Processing failed
java.lang.RuntimeException: Processing failed
	at com.charlessun.javaplcadapter.worker.impl.ConsumerWorkerImpl.pollLoop(ConsumerWorkerImpl.java:51)
	at java.base/java.lang.Thread.run(Thread.java:1583)
11:01:07.207 [Thread-1] ERROR com.charlessun.javaplcadapter.worker.impl.ConsumerWorkerImpl -- processingStrategy.process(record) 處理失敗: Processing failed
java.lang.RuntimeException: Processing failed
	at com.charlessun.javaplcadapter.worker.impl.ConsumerWorkerImpl.pollLoop(ConsumerWorkerImpl.java:51)
	at java.base/java.lang.Thread.run(Thread.java:1583)
11:01:07.207 [Thread-1] ERROR com.charlessun.javaplcadapter.worker.impl.ConsumerWorkerImpl -- processingStrategy.process(record) 處理失敗: Processing failed
java.lang.RuntimeException: Processing failed
	at com.charlessun.javaplcadapter.worker.impl.ConsumerWorkerImpl.pollLoop(ConsumerWorkerImpl.java:51)
	at java.base/java.lang.Thread.run(Thread.java:1583)
11:01:07.207 [Thread-1] ERROR com.charlessun.javaplcadapter.worker.impl.ConsumerWorkerImpl -- processingStrategy.process(record) 處理失敗: Processing failed
java.lang.RuntimeException: Processing failed
	at com.charlessun.javaplcadapter.worker.impl.ConsumerWorkerImpl.pollLoop(ConsumerWorkerImpl.java:51)
	at java.base/java.lang.Thread.run(Thread.java:1583)
11:01:07.207 [Thread-1] ERROR com.charlessun.javaplcadapter.worker.impl.ConsumerWorkerImpl -- processingStrategy.process(record) 處理失敗: Processing failed
java.lang.RuntimeException: Processing failed
	at com.charlessun.javaplcadapter.worker.impl.ConsumerWorkerImpl.pollLoop(ConsumerWorkerImpl.java:51)
	at java.base/java.lang.Thread.run(Thread.java:1583)
11:01:07.208 [Thread-1] ERROR com.charlessun.javaplcadapter.worker.impl.ConsumerWorkerImpl -- processingStrategy.process(record) 處理失敗: Processing failed
java.lang.RuntimeException: Processing failed
	at com.charlessun.javaplcadapter.worker.impl.ConsumerWorkerImpl.pollLoop(ConsumerWorkerImpl.java:51)
	at java.base/java.lang.Thread.run(Thread.java:1583)
11:01:07.208 [Thread-1] ERROR com.charlessun.javaplcadapter.worker.impl.ConsumerWorkerImpl -- processingStrategy.process(record) 處理失敗: Processing failed
java.lang.RuntimeException: Processing failed
	at com.charlessun.javaplcadapter.worker.impl.ConsumerWorkerImpl.pollLoop(ConsumerWorkerImpl.java:51)
	at java.base/java.lang.Thread.run(Thread.java:1583)
11:01:07.208 [Thread-1] ERROR com.charlessun.javaplcadapter.worker.impl.ConsumerWorkerImpl -- processingStrategy.process(record) 處理失敗: Processing failed
java.lang.RuntimeException: Processing failed
	at com.charlessun.javaplcadapter.worker.impl.ConsumerWorkerImpl.pollLoop(ConsumerWorkerImpl.java:51)
	at java.base/java.lang.Thread.run(Thread.java:1583)
11:01:07.208 [Thread-1] ERROR com.charlessun.javaplcadapter.worker.impl.ConsumerWorkerImpl -- processingStrategy.process(record) 處理失敗: Processing failed
java.lang.RuntimeException: Processing failed
	at com.charlessun.javaplcadapter.worker.impl.ConsumerWorkerImpl.pollLoop(ConsumerWorkerImpl.java:51)
	at java.base/java.lang.Thread.run(Thread.java:1583)
11:01:07.208 [Thread-1] ERROR com.charlessun.javaplcadapter.worker.impl.ConsumerWorkerImpl -- processingStrategy.process(record) 處理失敗: Processing failed
java.lang.RuntimeException: Processing failed
	at com.charlessun.javaplcadapter.worker.impl.ConsumerWorkerImpl.pollLoop(ConsumerWorkerImpl.java:51)
	at java.base/java.lang.Thread.run(Thread.java:1583)
11:01:07.208 [Thread-1] ERROR com.charlessun.javaplcadapter.worker.impl.ConsumerWorkerImpl -- processingStrategy.process(record) 處理失敗: Processing failed
java.lang.RuntimeException: Processing failed
	at com.charlessun.javaplcadapter.worker.impl.ConsumerWorkerImpl.pollLoop(ConsumerWorkerImpl.java:51)
	at java.base/java.lang.Thread.run(Thread.java:1583)
11:01:07.208 [Thread-1] ERROR com.charlessun.javaplcadapter.worker.impl.ConsumerWorkerImpl -- processingStrategy.process(record) 處理失敗: Processing failed
java.lang.RuntimeException: Processing failed
	at com.charlessun.javaplcadapter.worker.impl.ConsumerWorkerImpl.pollLoop(ConsumerWorkerImpl.java:51)
	at java.base/java.lang.Thread.run(Thread.java:1583)
11:01:07.208 [Thread-1] ERROR com.charlessun.javaplcadapter.worker.impl.ConsumerWorkerImpl -- processingStrategy.process(record) 處理失敗: Processing failed
java.lang.RuntimeException: Processing failed
	at com.charlessun.javaplcadapter.worker.impl.ConsumerWorkerImpl.pollLoop(ConsumerWorkerImpl.java:51)
	at java.base/java.lang.Thread.run(Thread.java:1583)
11:01:07.209 [Thread-1] ERROR com.charlessun.javaplcadapter.worker.impl.ConsumerWorkerImpl -- processingStrategy.process(record) 處理失敗: Processing failed
java.lang.RuntimeException: Processing failed
	at com.charlessun.javaplcadapter.worker.impl.ConsumerWorkerImpl.pollLoop(ConsumerWorkerImpl.java:51)
	at java.base/java.lang.Thread.run(Thread.java:1583)
11:01:07.209 [Thread-1] ERROR com.charlessun.javaplcadapter.worker.impl.ConsumerWorkerImpl -- processingStrategy.process(record) 處理失敗: Processing failed
java.lang.RuntimeException: Processing failed
	at com.charlessun.javaplcadapter.worker.impl.ConsumerWorkerImpl.pollLoop(ConsumerWorkerImpl.java:51)
	at java.base/java.lang.Thread.run(Thread.java:1583)
11:01:07.209 [Thread-1] ERROR com.charlessun.javaplcadapter.worker.impl.ConsumerWorkerImpl -- processingStrategy.process(record) 處理失敗: Processing failed
java.lang.RuntimeException: Processing failed
	at com.charlessun.javaplcadapter.worker.impl.ConsumerWorkerImpl.pollLoop(ConsumerWorkerImpl.java:51)
	at java.base/java.lang.Thread.run(Thread.java:1583)
11:01:07.209 [Thread-1] ERROR com.charlessun.javaplcadapter.worker.impl.ConsumerWorkerImpl -- processingStrategy.process(record) 處理失敗: Processing failed
java.lang.RuntimeException: Processing failed
	at com.charlessun.javaplcadapter.worker.impl.ConsumerWorkerImpl.pollLoop(ConsumerWorkerImpl.java:51)
	at java.base/java.lang.Thread.run(Thread.java:1583)
11:01:07.209 [Thread-1] ERROR com.charlessun.javaplcadapter.worker.impl.ConsumerWorkerImpl -- processingStrategy.process(record) 處理失敗: Processing failed
java.lang.RuntimeException: Processing failed
	at com.charlessun.javaplcadapter.worker.impl.ConsumerWorkerImpl.pollLoop(ConsumerWorkerImpl.java:51)
	at java.base/java.lang.Thread.run(Thread.java:1583)
11:01:07.209 [Thread-1] ERROR com.charlessun.javaplcadapter.worker.impl.ConsumerWorkerImpl -- processingStrategy.process(record) 處理失敗: Processing failed
java.lang.RuntimeException: Processing failed
	at com.charlessun.javaplcadapter.worker.impl.ConsumerWorkerImpl.pollLoop(ConsumerWorkerImpl.java:51)
	at java.base/java.lang.Thread.run(Thread.java:1583)
11:01:07.209 [Thread-1] ERROR com.charlessun.javaplcadapter.worker.impl.ConsumerWorkerImpl -- processingStrategy.process(record) 處理失敗: Processing failed
java.lang.RuntimeException: Processing failed
	at com.charlessun.javaplcadapter.worker.impl.ConsumerWorkerImpl.pollLoop(ConsumerWorkerImpl.java:51)
	at java.base/java.lang.Thread.run(Thread.java:1583)
11:01:07.209 [Thread-1] ERROR com.charlessun.javaplcadapter.worker.impl.ConsumerWorkerImpl -- processingStrategy.process(record) 處理失敗: Processing failed
java.lang.RuntimeException: Processing failed
	at com.charlessun.javaplcadapter.worker.impl.ConsumerWorkerImpl.pollLoop(ConsumerWorkerImpl.java:51)
	at java.base/java.lang.Thread.run(Thread.java:1583)
11:01:07.209 [Thread-1] ERROR com.charlessun.javaplcadapter.worker.impl.ConsumerWorkerImpl -- processingStrategy.process(record) 處理失敗: Processing failed
java.lang.RuntimeException: Processing failed
	at com.charlessun.javaplcadapter.worker.impl.ConsumerWorkerImpl.pollLoop(ConsumerWorkerImpl.java:51)
	at java.base/java.lang.Thread.run(Thread.java:1583)
11:01:07.210 [Thread-1] ERROR com.charlessun.javaplcadapter.worker.impl.ConsumerWorkerImpl -- processingStrategy.process(record) 處理失敗: Processing failed
java.lang.RuntimeException: Processing failed
	at com.charlessun.javaplcadapter.worker.impl.ConsumerWorkerImpl.pollLoop(ConsumerWorkerImpl.java:51)
	at java.base/java.lang.Thread.run(Thread.java:1583)
11:01:07.210 [Thread-1] ERROR com.charlessun.javaplcadapter.worker.impl.ConsumerWorkerImpl -- processingStrategy.process(record) 處理失敗: Processing failed
java.lang.RuntimeException: Processing failed
	at com.charlessun.javaplcadapter.worker.impl.ConsumerWorkerImpl.pollLoop(ConsumerWorkerImpl.java:51)
	at java.base/java.lang.Thread.run(Thread.java:1583)
11:01:07.210 [Thread-1] ERROR com.charlessun.javaplcadapter.worker.impl.ConsumerWorkerImpl -- processingStrategy.process(record) 處理失敗: Processing failed
java.lang.RuntimeException: Processing failed
	at com.charlessun.javaplcadapter.worker.impl.ConsumerWorkerImpl.pollLoop(ConsumerWorkerImpl.java:51)
	at java.base/java.lang.Thread.run(Thread.java:1583)
11:01:07.210 [Thread-1] ERROR com.charlessun.javaplcadapter.worker.impl.ConsumerWorkerImpl -- processingStrategy.process(record) 處理失敗: Processing failed
java.lang.RuntimeException: Processing failed
	at com.charlessun.javaplcadapter.worker.impl.ConsumerWorkerImpl.pollLoop(ConsumerWorkerImpl.java:51)
	at java.base/java.lang.Thread.run(Thread.java:1583)
11:01:07.210 [Thread-1] ERROR com.charlessun.javaplcadapter.worker.impl.ConsumerWorkerImpl -- processingStrategy.process(record) 處理失敗: Processing failed
java.lang.RuntimeException: Processing failed
	at com.charlessun.javaplcadapter.worker.impl.ConsumerWorkerImpl.pollLoop(ConsumerWorkerImpl.java:51)
	at java.base/java.lang.Thread.run(Thread.java:1583)
11:01:07.210 [Thread-1] ERROR com.charlessun.javaplcadapter.worker.impl.ConsumerWorkerImpl -- processingStrategy.process(record) 處理失敗: Processing failed
java.lang.RuntimeException: Processing failed
	at com.charlessun.javaplcadapter.worker.impl.ConsumerWorkerImpl.pollLoop(ConsumerWorkerImpl.java:51)
	at java.base/java.lang.Thread.run(Thread.java:1583)
11:01:07.210 [Thread-1] ERROR com.charlessun.javaplcadapter.worker.impl.ConsumerWorkerImpl -- processingStrategy.process(record) 處理失敗: Processing failed
java.lang.RuntimeException: Processing failed
	at com.charlessun.javaplcadapter.worker.impl.ConsumerWorkerImpl.pollLoop(ConsumerWorkerImpl.java:51)
	at java.base/java.lang.Thread.run(Thread.java:1583)
11:01:07.210 [Thread-1] ERROR com.charlessun.javaplcadapter.worker.impl.ConsumerWorkerImpl -- processingStrategy.process(record) 處理失敗: Processing failed
java.lang.RuntimeException: Processing failed
	at com.charlessun.javaplcadapter.worker.impl.ConsumerWorkerImpl.pollLoop(ConsumerWorkerImpl.java:51)
	at java.base/java.lang.Thread.run(Thread.java:1583)
11:01:07.211 [Thread-1] ERROR com.charlessun.javaplcadapter.worker.impl.ConsumerWorkerImpl -- processingStrategy.process(record) 處理失敗: Processing failed
java.lang.RuntimeException: Processing failed
	at com.charlessun.javaplcadapter.worker.impl.ConsumerWorkerImpl.pollLoop(ConsumerWorkerImpl.java:51)
	at java.base/java.lang.Thread.run(Thread.java:1583)
11:01:07.211 [Thread-1] ERROR com.charlessun.javaplcadapter.worker.impl.ConsumerWorkerImpl -- processingStrategy.process(record) 處理失敗: Processing failed
java.lang.RuntimeException: Processing failed
	at com.charlessun.javaplcadapter.worker.impl.ConsumerWorkerImpl.pollLoop(ConsumerWorkerImpl.java:51)
	at java.base/java.lang.Thread.run(Thread.java:1583)
11:01:07.211 [Thread-1] ERROR com.charlessun.javaplcadapter.worker.impl.ConsumerWorkerImpl -- processingStrategy.process(record) 處理失敗: Processing failed
java.lang.RuntimeException: Processing failed
	at com.charlessun.javaplcadapter.worker.impl.ConsumerWorkerImpl.pollLoop(ConsumerWorkerImpl.java:51)
	at java.base/java.lang.Thread.run(Thread.java:1583)
11:01:07.211 [Thread-1] ERROR com.charlessun.javaplcadapter.worker.impl.ConsumerWorkerImpl -- processingStrategy.process(record) 處理失敗: Processing failed
java.lang.RuntimeException: Processing failed
	at com.charlessun.javaplcadapter.worker.impl.ConsumerWorkerImpl.pollLoop(ConsumerWorkerImpl.java:51)
	at java.base/java.lang.Thread.run(Thread.java:1583)
11:01:07.211 [Thread-1] ERROR com.charlessun.javaplcadapter.worker.impl.ConsumerWorkerImpl -- processingStrategy.process(record) 處理失敗: Processing failed
java.lang.RuntimeException: Processing failed
	at com.charlessun.javaplcadapter.worker.impl.ConsumerWorkerImpl.pollLoop(ConsumerWorkerImpl.java:51)
	at java.base/java.lang.Thread.run(Thread.java:1583)
11:01:07.211 [Thread-1] ERROR com.charlessun.javaplcadapter.worker.impl.ConsumerWorkerImpl -- processingStrategy.process(record) 處理失敗: Processing failed
java.lang.RuntimeException: Processing failed
	at com.charlessun.javaplcadapter.worker.impl.ConsumerWorkerImpl.pollLoop(ConsumerWorkerImpl.java:51)
	at java.base/java.lang.Thread.run(Thread.java:1583)
11:01:07.211 [Thread-1] ERROR com.charlessun.javaplcadapter.worker.impl.ConsumerWorkerImpl -- processingStrategy.process(record) 處理失敗: Processing failed
java.lang.RuntimeException: Processing failed
	at com.charlessun.javaplcadapter.worker.impl.ConsumerWorkerImpl.pollLoop(ConsumerWorkerImpl.java:51)
	at java.base/java.lang.Thread.run(Thread.java:1583)
11:01:07.212 [Thread-1] ERROR com.charlessun.javaplcadapter.worker.impl.ConsumerWorkerImpl -- processingStrategy.process(record) 處理失敗: Processing failed
java.lang.RuntimeException: Processing failed
	at com.charlessun.javaplcadapter.worker.impl.ConsumerWorkerImpl.pollLoop(ConsumerWorkerImpl.java:51)
	at java.base/java.lang.Thread.run(Thread.java:1583)
11:01:07.212 [Thread-1] ERROR com.charlessun.javaplcadapter.worker.impl.ConsumerWorkerImpl -- processingStrategy.process(record) 處理失敗: Processing failed
java.lang.RuntimeException: Processing failed
	at com.charlessun.javaplcadapter.worker.impl.ConsumerWorkerImpl.pollLoop(ConsumerWorkerImpl.java:51)
	at java.base/java.lang.Thread.run(Thread.java:1583)
11:01:07.212 [Thread-1] ERROR com.charlessun.javaplcadapter.worker.impl.ConsumerWorkerImpl -- processingStrategy.process(record) 處理失敗: Processing failed
java.lang.RuntimeException: Processing failed
	at com.charlessun.javaplcadapter.worker.impl.ConsumerWorkerImpl.pollLoop(ConsumerWorkerImpl.java:51)
	at java.base/java.lang.Thread.run(Thread.java:1583)
11:01:07.212 [Thread-1] ERROR com.charlessun.javaplcadapter.worker.impl.ConsumerWorkerImpl -- processingStrategy.process(record) 處理失敗: Processing failed
java.lang.RuntimeException: Processing failed
	at com.charlessun.javaplcadapter.worker.impl.ConsumerWorkerImpl.pollLoop(ConsumerWorkerImpl.java:51)
	at java.base/java.lang.Thread.run(Thread.java:1583)
11:01:07.212 [Thread-1] ERROR com.charlessun.javaplcadapter.worker.impl.ConsumerWorkerImpl -- processingStrategy.process(record) 處理失敗: Processing failed
java.lang.RuntimeException: Processing failed
	at com.charlessun.javaplcadapter.worker.impl.ConsumerWorkerImpl.pollLoop(ConsumerWorkerImpl.java:51)
	at java.base/java.lang.Thread.run(Thread.java:1583)
11:01:07.212 [Thread-1] ERROR com.charlessun.javaplcadapter.worker.impl.ConsumerWorkerImpl -- processingStrategy.process(record) 處理失敗: Processing failed
java.lang.RuntimeException: Processing failed
	at com.charlessun.javaplcadapter.worker.impl.ConsumerWorkerImpl.pollLoop(ConsumerWorkerImpl.java:51)
	at java.base/java.lang.Thread.run(Thread.java:1583)
11:01:07.212 [Thread-1] ERROR com.charlessun.javaplcadapter.worker.impl.ConsumerWorkerImpl -- processingStrategy.process(record) 處理失敗: Processing failed
java.lang.RuntimeException: Processing failed
	at com.charlessun.javaplcadapter.worker.impl.ConsumerWorkerImpl.pollLoop(ConsumerWorkerImpl.java:51)
	at java.base/java.lang.Thread.run(Thread.java:1583)
11:01:07.213 [Thread-1] ERROR com.charlessun.javaplcadapter.worker.impl.ConsumerWorkerImpl -- processingStrategy.process(record) 處理失敗: Processing failed
java.lang.RuntimeException: Processing failed
	at com.charlessun.javaplcadapter.worker.impl.ConsumerWorkerImpl.pollLoop(ConsumerWorkerImpl.java:51)
	at java.base/java.lang.Thread.run(Thread.java:1583)
11:01:07.213 [Thread-1] ERROR com.charlessun.javaplcadapter.worker.impl.ConsumerWorkerImpl -- processingStrategy.process(record) 處理失敗: Processing failed
java.lang.RuntimeException: Processing failed
	at com.charlessun.javaplcadapter.worker.impl.ConsumerWorkerImpl.pollLoop(ConsumerWorkerImpl.java:51)
	at java.base/java.lang.Thread.run(Thread.java:1583)
11:01:07.213 [Thread-1] ERROR com.charlessun.javaplcadapter.worker.impl.ConsumerWorkerImpl -- processingStrategy.process(record) 處理失敗: Processing failed
java.lang.RuntimeException: Processing failed
	at com.charlessun.javaplcadapter.worker.impl.ConsumerWorkerImpl.pollLoop(ConsumerWorkerImpl.java:51)
	at java.base/java.lang.Thread.run(Thread.java:1583)
11:01:07.213 [Thread-1] ERROR com.charlessun.javaplcadapter.worker.impl.ConsumerWorkerImpl -- processingStrategy.process(record) 處理失敗: Processing failed
java.lang.RuntimeException: Processing failed
	at com.charlessun.javaplcadapter.worker.impl.ConsumerWorkerImpl.pollLoop(ConsumerWorkerImpl.java:51)
	at java.base/java.lang.Thread.run(Thread.java:1583)
11:01:07.213 [Thread-1] ERROR com.charlessun.javaplcadapter.worker.impl.ConsumerWorkerImpl -- processingStrategy.process(record) 處理失敗: Processing failed
java.lang.RuntimeException: Processing failed
	at com.charlessun.javaplcadapter.worker.impl.ConsumerWorkerImpl.pollLoop(ConsumerWorkerImpl.java:51)
	at java.base/java.lang.Thread.run(Thread.java:1583)
11:01:07.213 [Thread-1] ERROR com.charlessun.javaplcadapter.worker.impl.ConsumerWorkerImpl -- processingStrategy.process(record) 處理失敗: Processing failed
java.lang.RuntimeException: Processing failed
	at com.charlessun.javaplcadapter.worker.impl.ConsumerWorkerImpl.pollLoop(ConsumerWorkerImpl.java:51)
	at java.base/java.lang.Thread.run(Thread.java:1583)
11:01:07.213 [Thread-1] ERROR com.charlessun.javaplcadapter.worker.impl.ConsumerWorkerImpl -- processingStrategy.process(record) 處理失敗: Processing failed
java.lang.RuntimeException: Processing failed
	at com.charlessun.javaplcadapter.worker.impl.ConsumerWorkerImpl.pollLoop(ConsumerWorkerImpl.java:51)
	at java.base/java.lang.Thread.run(Thread.java:1583)
11:01:07.213 [Thread-1] ERROR com.charlessun.javaplcadapter.worker.impl.ConsumerWorkerImpl -- processingStrategy.process(record) 處理失敗: Processing failed
java.lang.RuntimeException: Processing failed
	at com.charlessun.javaplcadapter.worker.impl.ConsumerWorkerImpl.pollLoop(ConsumerWorkerImpl.java:51)
	at java.base/java.lang.Thread.run(Thread.java:1583)
11:01:07.214 [Thread-1] ERROR com.charlessun.javaplcadapter.worker.impl.ConsumerWorkerImpl -- processingStrategy.process(record) 處理失敗: Processing failed
java.lang.RuntimeException: Processing failed
	at com.charlessun.javaplcadapter.worker.impl.ConsumerWorkerImpl.pollLoop(ConsumerWorkerImpl.java:51)
	at java.base/java.lang.Thread.run(Thread.java:1583)
11:01:07.214 [Thread-1] ERROR com.charlessun.javaplcadapter.worker.impl.ConsumerWorkerImpl -- processingStrategy.process(record) 處理失敗: Processing failed
java.lang.RuntimeException: Processing failed
	at com.charlessun.javaplcadapter.worker.impl.ConsumerWorkerImpl.pollLoop(ConsumerWorkerImpl.java:51)
	at java.base/java.lang.Thread.run(Thread.java:1583)
11:01:07.214 [Thread-1] ERROR com.charlessun.javaplcadapter.worker.impl.ConsumerWorkerImpl -- processingStrategy.process(record) 處理失敗: Processing failed
java.lang.RuntimeException: Processing failed
	at com.charlessun.javaplcadapter.worker.impl.ConsumerWorkerImpl.pollLoop(ConsumerWorkerImpl.java:51)
	at java.base/java.lang.Thread.run(Thread.java:1583)
11:01:07.214 [Thread-1] ERROR com.charlessun.javaplcadapter.worker.impl.ConsumerWorkerImpl -- processingStrategy.process(record) 處理失敗: Processing failed
java.lang.RuntimeException: Processing failed
	at com.charlessun.javaplcadapter.worker.impl.ConsumerWorkerImpl.pollLoop(ConsumerWorkerImpl.java:51)
	at java.base/java.lang.Thread.run(Thread.java:1583)
11:01:07.214 [Thread-1] ERROR com.charlessun.javaplcadapter.worker.impl.ConsumerWorkerImpl -- processingStrategy.process(record) 處理失敗: Processing failed
java.lang.RuntimeException: Processing failed
	at com.charlessun.javaplcadapter.worker.impl.ConsumerWorkerImpl.pollLoop(ConsumerWorkerImpl.java:51)
	at java.base/java.lang.Thread.run(Thread.java:1583)
11:01:07.214 [Thread-1] ERROR com.charlessun.javaplcadapter.worker.impl.ConsumerWorkerImpl -- processingStrategy.process(record) 處理失敗: Processing failed
java.lang.RuntimeException: Processing failed
	at com.charlessun.javaplcadapter.worker.impl.ConsumerWorkerImpl.pollLoop(ConsumerWorkerImpl.java:51)
	at java.base/java.lang.Thread.run(Thread.java:1583)
11:01:07.214 [Thread-1] ERROR com.charlessun.javaplcadapter.worker.impl.ConsumerWorkerImpl -- processingStrategy.process(record) 處理失敗: Processing failed
java.lang.RuntimeException: Processing failed
	at com.charlessun.javaplcadapter.worker.impl.ConsumerWorkerImpl.pollLoop(ConsumerWorkerImpl.java:51)
	at java.base/java.lang.Thread.run(Thread.java:1583)
11:01:07.214 [Thread-1] ERROR com.charlessun.javaplcadapter.worker.impl.ConsumerWorkerImpl -- processingStrategy.process(record) 處理失敗: Processing failed
java.lang.RuntimeException: Processing failed
	at com.charlessun.javaplcadapter.worker.impl.ConsumerWorkerImpl.pollLoop(ConsumerWorkerImpl.java:51)
	at java.base/java.lang.Thread.run(Thread.java:1583)
11:01:07.215 [Thread-1] ERROR com.charlessun.javaplcadapter.worker.impl.ConsumerWorkerImpl -- processingStrategy.process(record) 處理失敗: Processing failed
java.lang.RuntimeException: Processing failed
	at com.charlessun.javaplcadapter.worker.impl.ConsumerWorkerImpl.pollLoop(ConsumerWorkerImpl.java:51)
	at java.base/java.lang.Thread.run(Thread.java:1583)
11:01:07.215 [Thread-1] ERROR com.charlessun.javaplcadapter.worker.impl.ConsumerWorkerImpl -- processingStrategy.process(record) 處理失敗: Processing failed
java.lang.RuntimeException: Processing failed
	at com.charlessun.javaplcadapter.worker.impl.ConsumerWorkerImpl.pollLoop(ConsumerWorkerImpl.java:51)
	at java.base/java.lang.Thread.run(Thread.java:1583)
11:01:07.215 [Thread-1] ERROR com.charlessun.javaplcadapter.worker.impl.ConsumerWorkerImpl -- processingStrategy.process(record) 處理失敗: Processing failed
java.lang.RuntimeException: Processing failed
	at com.charlessun.javaplcadapter.worker.impl.ConsumerWorkerImpl.pollLoop(ConsumerWorkerImpl.java:51)
	at java.base/java.lang.Thread.run(Thread.java:1583)
11:01:07.215 [Thread-1] ERROR com.charlessun.javaplcadapter.worker.impl.ConsumerWorkerImpl -- processingStrategy.process(record) 處理失敗: Processing failed
java.lang.RuntimeException: Processing failed
	at com.charlessun.javaplcadapter.worker.impl.ConsumerWorkerImpl.pollLoop(ConsumerWorkerImpl.java:51)
	at java.base/java.lang.Thread.run(Thread.java:1583)
11:01:07.215 [Thread-1] ERROR com.charlessun.javaplcadapter.worker.impl.ConsumerWorkerImpl -- processingStrategy.process(record) 處理失敗: Processing failed
java.lang.RuntimeException: Processing failed
	at com.charlessun.javaplcadapter.worker.impl.ConsumerWorkerImpl.pollLoop(ConsumerWorkerImpl.java:51)
	at java.base/java.lang.Thread.run(Thread.java:1583)
11:01:07.215 [Thread-1] ERROR com.charlessun.javaplcadapter.worker.impl.ConsumerWorkerImpl -- processingStrategy.process(record) 處理失敗: Processing failed
java.lang.RuntimeException: Processing failed
	at com.charlessun.javaplcadapter.worker.impl.ConsumerWorkerImpl.pollLoop(ConsumerWorkerImpl.java:51)
	at java.base/java.lang.Thread.run(Thread.java:1583)
11:01:07.216 [Thread-1] ERROR com.charlessun.javaplcadapter.worker.impl.ConsumerWorkerImpl -- processingStrategy.process(record) 處理失敗: Processing failed
java.lang.RuntimeException: Processing failed
	at com.charlessun.javaplcadapter.worker.impl.ConsumerWorkerImpl.pollLoop(ConsumerWorkerImpl.java:51)
	at java.base/java.lang.Thread.run(Thread.java:1583)
11:01:07.216 [Thread-1] ERROR com.charlessun.javaplcadapter.worker.impl.ConsumerWorkerImpl -- processingStrategy.process(record) 處理失敗: Processing failed
java.lang.RuntimeException: Processing failed
	at com.charlessun.javaplcadapter.worker.impl.ConsumerWorkerImpl.pollLoop(ConsumerWorkerImpl.java:51)
	at java.base/java.lang.Thread.run(Thread.java:1583)
11:01:07.216 [Thread-1] ERROR com.charlessun.javaplcadapter.worker.impl.ConsumerWorkerImpl -- processingStrategy.process(record) 處理失敗: Processing failed
java.lang.RuntimeException: Processing failed
	at com.charlessun.javaplcadapter.worker.impl.ConsumerWorkerImpl.pollLoop(ConsumerWorkerImpl.java:51)
	at java.base/java.lang.Thread.run(Thread.java:1583)
11:01:07.216 [Thread-1] ERROR com.charlessun.javaplcadapter.worker.impl.ConsumerWorkerImpl -- processingStrategy.process(record) 處理失敗: Processing failed
java.lang.RuntimeException: Processing failed
	at com.charlessun.javaplcadapter.worker.impl.ConsumerWorkerImpl.pollLoop(ConsumerWorkerImpl.java:51)
	at java.base/java.lang.Thread.run(Thread.java:1583)
11:01:07.216 [Thread-1] ERROR com.charlessun.javaplcadapter.worker.impl.ConsumerWorkerImpl -- processingStrategy.process(record) 處理失敗: Processing failed
java.lang.RuntimeException: Processing failed
	at com.charlessun.javaplcadapter.worker.impl.ConsumerWorkerImpl.pollLoop(ConsumerWorkerImpl.java:51)
	at java.base/java.lang.Thread.run(Thread.java:1583)
11:01:07.217 [Thread-1] ERROR com.charlessun.javaplcadapter.worker.impl.ConsumerWorkerImpl -- processingStrategy.process(record) 處理失敗: Processing failed
java.lang.RuntimeException: Processing failed
	at com.charlessun.javaplcadapter.worker.impl.ConsumerWorkerImpl.pollLoop(ConsumerWorkerImpl.java:51)
	at java.base/java.lang.Thread.run(Thread.java:1583)
11:01:07.217 [Thread-1] ERROR com.charlessun.javaplcadapter.worker.impl.ConsumerWorkerImpl -- processingStrategy.process(record) 處理失敗: Processing failed
java.lang.RuntimeException: Processing failed
	at com.charlessun.javaplcadapter.worker.impl.ConsumerWorkerImpl.pollLoop(ConsumerWorkerImpl.java:51)
	at java.base/java.lang.Thread.run(Thread.java:1583)
11:01:07.217 [Thread-1] ERROR com.charlessun.javaplcadapter.worker.impl.ConsumerWorkerImpl -- processingStrategy.process(record) 處理失敗: Processing failed
java.lang.RuntimeException: Processing failed
	at com.charlessun.javaplcadapter.worker.impl.ConsumerWorkerImpl.pollLoop(ConsumerWorkerImpl.java:51)
	at java.base/java.lang.Thread.run(Thread.java:1583)
11:01:07.217 [Thread-1] ERROR com.charlessun.javaplcadapter.worker.impl.ConsumerWorkerImpl -- processingStrategy.process(record) 處理失敗: Processing failed
java.lang.RuntimeException: Processing failed
	at com.charlessun.javaplcadapter.worker.impl.ConsumerWorkerImpl.pollLoop(ConsumerWorkerImpl.java:51)
	at java.base/java.lang.Thread.run(Thread.java:1583)
11:01:07.217 [Thread-1] ERROR com.charlessun.javaplcadapter.worker.impl.ConsumerWorkerImpl -- processingStrategy.process(record) 處理失敗: Processing failed
java.lang.RuntimeException: Processing failed
	at com.charlessun.javaplcadapter.worker.impl.ConsumerWorkerImpl.pollLoop(ConsumerWorkerImpl.java:51)
	at java.base/java.lang.Thread.run(Thread.java:1583)
11:01:07.217 [Thread-1] ERROR com.charlessun.javaplcadapter.worker.impl.ConsumerWorkerImpl -- processingStrategy.process(record) 處理失敗: Processing failed
java.lang.RuntimeException: Processing failed
	at com.charlessun.javaplcadapter.worker.impl.ConsumerWorkerImpl.pollLoop(ConsumerWorkerImpl.java:51)
	at java.base/java.lang.Thread.run(Thread.java:1583)
11:01:07.219 [Thread-1] ERROR com.charlessun.javaplcadapter.worker.impl.ConsumerWorkerImpl -- processingStrategy.process(record) 處理失敗: Processing failed
java.lang.RuntimeException: Processing failed
	at com.charlessun.javaplcadapter.worker.impl.ConsumerWorkerImpl.pollLoop(ConsumerWorkerImpl.java:51)
	at java.base/java.lang.Thread.run(Thread.java:1583)
11:01:07.220 [Thread-1] ERROR com.charlessun.javaplcadapter.worker.impl.ConsumerWorkerImpl -- processingStrategy.process(record) 處理失敗: Processing failed
java.lang.RuntimeException: Processing failed
	at com.charlessun.javaplcadapter.worker.impl.ConsumerWorkerImpl.pollLoop(ConsumerWorkerImpl.java:51)
	at java.base/java.lang.Thread.run(Thread.java:1583)
11:01:07.220 [Thread-1] ERROR com.charlessun.javaplcadapter.worker.impl.ConsumerWorkerImpl -- processingStrategy.process(record) 處理失敗: Processing failed
java.lang.RuntimeException: Processing failed
	at com.charlessun.javaplcadapter.worker.impl.ConsumerWorkerImpl.pollLoop(ConsumerWorkerImpl.java:51)
	at java.base/java.lang.Thread.run(Thread.java:1583)
11:01:07.220 [Thread-1] ERROR com.charlessun.javaplcadapter.worker.impl.ConsumerWorkerImpl -- processingStrategy.process(record) 處理失敗: Processing failed
java.lang.RuntimeException: Processing failed
	at com.charlessun.javaplcadapter.worker.impl.ConsumerWorkerImpl.pollLoop(ConsumerWorkerImpl.java:51)
	at java.base/java.lang.Thread.run(Thread.java:1583)
11:01:07.221 [Thread-1] ERROR com.charlessun.javaplcadapter.worker.impl.ConsumerWorkerImpl -- processingStrategy.process(record) 處理失敗: Processing failed
java.lang.RuntimeException: Processing failed
	at com.charlessun.javaplcadapter.worker.impl.ConsumerWorkerImpl.pollLoop(ConsumerWorkerImpl.java:51)
	at java.base/java.lang.Thread.run(Thread.java:1583)
11:01:07.221 [Thread-1] ERROR com.charlessun.javaplcadapter.worker.impl.ConsumerWorkerImpl -- processingStrategy.process(record) 處理失敗: Processing failed
java.lang.RuntimeException: Processing failed
	at com.charlessun.javaplcadapter.worker.impl.ConsumerWorkerImpl.pollLoop(ConsumerWorkerImpl.java:51)
	at java.base/java.lang.Thread.run(Thread.java:1583)
11:01:07.222 [Thread-1] ERROR com.charlessun.javaplcadapter.worker.impl.ConsumerWorkerImpl -- processingStrategy.process(record) 處理失敗: Processing failed
java.lang.RuntimeException: Processing failed
	at com.charlessun.javaplcadapter.worker.impl.ConsumerWorkerImpl.pollLoop(ConsumerWorkerImpl.java:51)
	at java.base/java.lang.Thread.run(Thread.java:1583)
11:01:07.223 [Thread-1] ERROR com.charlessun.javaplcadapter.worker.impl.ConsumerWorkerImpl -- processingStrategy.process(record) 處理失敗: Processing failed
java.lang.RuntimeException: Processing failed
	at com.charlessun.javaplcadapter.worker.impl.ConsumerWorkerImpl.pollLoop(ConsumerWorkerImpl.java:51)
	at java.base/java.lang.Thread.run(Thread.java:1583)
11:01:07.224 [Thread-1] ERROR com.charlessun.javaplcadapter.worker.impl.ConsumerWorkerImpl -- processingStrategy.process(record) 處理失敗: Processing failed
java.lang.RuntimeException: Processing failed
	at com.charlessun.javaplcadapter.worker.impl.ConsumerWorkerImpl.pollLoop(ConsumerWorkerImpl.java:51)
	at java.base/java.lang.Thread.run(Thread.java:1583)
11:01:07.225 [Thread-1] ERROR com.charlessun.javaplcadapter.worker.impl.ConsumerWorkerImpl -- processingStrategy.process(record) 處理失敗: Processing failed
java.lang.RuntimeException: Processing failed
	at com.charlessun.javaplcadapter.worker.impl.ConsumerWorkerImpl.pollLoop(ConsumerWorkerImpl.java:51)
	at java.base/java.lang.Thread.run(Thread.java:1583)
11:01:07.225 [Thread-1] ERROR com.charlessun.javaplcadapter.worker.impl.ConsumerWorkerImpl -- processingStrategy.process(record) 處理失敗: Processing failed
java.lang.RuntimeException: Processing failed
	at com.charlessun.javaplcadapter.worker.impl.ConsumerWorkerImpl.pollLoop(ConsumerWorkerImpl.java:51)
	at java.base/java.lang.Thread.run(Thread.java:1583)
11:01:07.225 [Thread-1] ERROR com.charlessun.javaplcadapter.worker.impl.ConsumerWorkerImpl -- processingStrategy.process(record) 處理失敗: Processing failed
java.lang.RuntimeException: Processing failed
	at com.charlessun.javaplcadapter.worker.impl.ConsumerWorkerImpl.pollLoop(ConsumerWorkerImpl.java:51)
	at java.base/java.lang.Thread.run(Thread.java:1583)
11:01:07.225 [Thread-1] ERROR com.charlessun.javaplcadapter.worker.impl.ConsumerWorkerImpl -- processingStrategy.process(record) 處理失敗: Processing failed
java.lang.RuntimeException: Processing failed
	at com.charlessun.javaplcadapter.worker.impl.ConsumerWorkerImpl.pollLoop(ConsumerWorkerImpl.java:51)
	at java.base/java.lang.Thread.run(Thread.java:1583)
11:01:07.225 [Thread-1] ERROR com.charlessun.javaplcadapter.worker.impl.ConsumerWorkerImpl -- processingStrategy.process(record) 處理失敗: Processing failed
java.lang.RuntimeException: Processing failed
	at com.charlessun.javaplcadapter.worker.impl.ConsumerWorkerImpl.pollLoop(ConsumerWorkerImpl.java:51)
	at java.base/java.lang.Thread.run(Thread.java:1583)
11:01:07.225 [Thread-1] ERROR com.charlessun.javaplcadapter.worker.impl.ConsumerWorkerImpl -- processingStrategy.process(record) 處理失敗: Processing failed
java.lang.RuntimeException: Processing failed
	at com.charlessun.javaplcadapter.worker.impl.ConsumerWorkerImpl.pollLoop(ConsumerWorkerImpl.java:51)
	at java.base/java.lang.Thread.run(Thread.java:1583)
11:01:07.226 [Thread-1] ERROR com.charlessun.javaplcadapter.worker.impl.ConsumerWorkerImpl -- processingStrategy.process(record) 處理失敗: Processing failed
java.lang.RuntimeException: Processing failed
	at com.charlessun.javaplcadapter.worker.impl.ConsumerWorkerImpl.pollLoop(ConsumerWorkerImpl.java:51)
	at java.base/java.lang.Thread.run(Thread.java:1583)
11:01:07.226 [Thread-1] ERROR com.charlessun.javaplcadapter.worker.impl.ConsumerWorkerImpl -- processingStrategy.process(record) 處理失敗: Processing failed
java.lang.RuntimeException: Processing failed
	at com.charlessun.javaplcadapter.worker.impl.ConsumerWorkerImpl.pollLoop(ConsumerWorkerImpl.java:51)
	at java.base/java.lang.Thread.run(Thread.java:1583)
11:01:07.226 [Thread-1] ERROR com.charlessun.javaplcadapter.worker.impl.ConsumerWorkerImpl -- processingStrategy.process(record) 處理失敗: Processing failed
java.lang.RuntimeException: Processing failed
	at com.charlessun.javaplcadapter.worker.impl.ConsumerWorkerImpl.pollLoop(ConsumerWorkerImpl.java:51)
	at java.base/java.lang.Thread.run(Thread.java:1583)
11:01:07.226 [Thread-1] ERROR com.charlessun.javaplcadapter.worker.impl.ConsumerWorkerImpl -- processingStrategy.process(record) 處理失敗: Processing failed
java.lang.RuntimeException: Processing failed
	at com.charlessun.javaplcadapter.worker.impl.ConsumerWorkerImpl.pollLoop(ConsumerWorkerImpl.java:51)
	at java.base/java.lang.Thread.run(Thread.java:1583)
11:01:07.227 [Thread-1] ERROR com.charlessun.javaplcadapter.worker.impl.ConsumerWorkerImpl -- processingStrategy.process(record) 處理失敗: Processing failed
java.lang.RuntimeException: Processing failed
	at com.charlessun.javaplcadapter.worker.impl.ConsumerWorkerImpl.pollLoop(ConsumerWorkerImpl.java:51)
	at java.base/java.lang.Thread.run(Thread.java:1583)
11:01:07.227 [Thread-1] ERROR com.charlessun.javaplcadapter.worker.impl.ConsumerWorkerImpl -- processingStrategy.process(record) 處理失敗: Processing failed
java.lang.RuntimeException: Processing failed
	at com.charlessun.javaplcadapter.worker.impl.ConsumerWorkerImpl.pollLoop(ConsumerWorkerImpl.java:51)
	at java.base/java.lang.Thread.run(Thread.java:1583)
11:01:07.227 [Thread-1] ERROR com.charlessun.javaplcadapter.worker.impl.ConsumerWorkerImpl -- processingStrategy.process(record) 處理失敗: Processing failed
java.lang.RuntimeException: Processing failed
	at com.charlessun.javaplcadapter.worker.impl.ConsumerWorkerImpl.pollLoop(ConsumerWorkerImpl.java:51)
	at java.base/java.lang.Thread.run(Thread.java:1583)
11:01:07.227 [Thread-1] ERROR com.charlessun.javaplcadapter.worker.impl.ConsumerWorkerImpl -- processingStrategy.process(record) 處理失敗: Processing failed
java.lang.RuntimeException: Processing failed
	at com.charlessun.javaplcadapter.worker.impl.ConsumerWorkerImpl.pollLoop(ConsumerWorkerImpl.java:51)
	at java.base/java.lang.Thread.run(Thread.java:1583)
11:01:07.227 [Thread-1] ERROR com.charlessun.javaplcadapter.worker.impl.ConsumerWorkerImpl -- processingStrategy.process(record) 處理失敗: Processing failed
java.lang.RuntimeException: Processing failed
	at com.charlessun.javaplcadapter.worker.impl.ConsumerWorkerImpl.pollLoop(ConsumerWorkerImpl.java:51)
	at java.base/java.lang.Thread.run(Thread.java:1583)
11:01:07.227 [Thread-1] ERROR com.charlessun.javaplcadapter.worker.impl.ConsumerWorkerImpl -- processingStrategy.process(record) 處理失敗: Processing failed
java.lang.RuntimeException: Processing failed
	at com.charlessun.javaplcadapter.worker.impl.ConsumerWorkerImpl.pollLoop(ConsumerWorkerImpl.java:51)
	at java.base/java.lang.Thread.run(Thread.java:1583)
11:01:07.228 [Thread-1] ERROR com.charlessun.javaplcadapter.worker.impl.ConsumerWorkerImpl -- processingStrategy.process(record) 處理失敗: Processing failed
java.lang.RuntimeException: Processing failed
	at com.charlessun.javaplcadapter.worker.impl.ConsumerWorkerImpl.pollLoop(ConsumerWorkerImpl.java:51)
	at java.base/java.lang.Thread.run(Thread.java:1583)
11:01:07.228 [Thread-1] ERROR com.charlessun.javaplcadapter.worker.impl.ConsumerWorkerImpl -- processingStrategy.process(record) 處理失敗: Processing failed
java.lang.RuntimeException: Processing failed
	at com.charlessun.javaplcadapter.worker.impl.ConsumerWorkerImpl.pollLoop(ConsumerWorkerImpl.java:51)
	at java.base/java.lang.Thread.run(Thread.java:1583)
11:01:07.228 [Thread-1] ERROR com.charlessun.javaplcadapter.worker.impl.ConsumerWorkerImpl -- processingStrategy.process(record) 處理失敗: Processing failed
java.lang.RuntimeException: Processing failed
	at com.charlessun.javaplcadapter.worker.impl.ConsumerWorkerImpl.pollLoop(ConsumerWorkerImpl.java:51)
	at java.base/java.lang.Thread.run(Thread.java:1583)
11:01:07.228 [Thread-1] ERROR com.charlessun.javaplcadapter.worker.impl.ConsumerWorkerImpl -- processingStrategy.process(record) 處理失敗: Processing failed
java.lang.RuntimeException: Processing failed
	at com.charlessun.javaplcadapter.worker.impl.ConsumerWorkerImpl.pollLoop(ConsumerWorkerImpl.java:51)
	at java.base/java.lang.Thread.run(Thread.java:1583)
11:01:07.228 [Thread-1] ERROR com.charlessun.javaplcadapter.worker.impl.ConsumerWorkerImpl -- processingStrategy.process(record) 處理失敗: Processing failed
java.lang.RuntimeException: Processing failed
	at com.charlessun.javaplcadapter.worker.impl.ConsumerWorkerImpl.pollLoop(ConsumerWorkerImpl.java:51)
	at java.base/java.lang.Thread.run(Thread.java:1583)
11:01:07.228 [Thread-1] ERROR com.charlessun.javaplcadapter.worker.impl.ConsumerWorkerImpl -- processingStrategy.process(record) 處理失敗: Processing failed
java.lang.RuntimeException: Processing failed
	at com.charlessun.javaplcadapter.worker.impl.ConsumerWorkerImpl.pollLoop(ConsumerWorkerImpl.java:51)
	at java.base/java.lang.Thread.run(Thread.java:1583)
11:01:07.228 [Thread-1] ERROR com.charlessun.javaplcadapter.worker.impl.ConsumerWorkerImpl -- processingStrategy.process(record) 處理失敗: Processing failed
java.lang.RuntimeException: Processing failed
	at com.charlessun.javaplcadapter.worker.impl.ConsumerWorkerImpl.pollLoop(ConsumerWorkerImpl.java:51)
	at java.base/java.lang.Thread.run(Thread.java:1583)
11:01:07.229 [Thread-1] ERROR com.charlessun.javaplcadapter.worker.impl.ConsumerWorkerImpl -- processingStrategy.process(record) 處理失敗: Processing failed
java.lang.RuntimeException: Processing failed
	at com.charlessun.javaplcadapter.worker.impl.ConsumerWorkerImpl.pollLoop(ConsumerWorkerImpl.java:51)
	at java.base/java.lang.Thread.run(Thread.java:1583)
11:01:07.229 [Thread-1] ERROR com.charlessun.javaplcadapter.worker.impl.ConsumerWorkerImpl -- processingStrategy.process(record) 處理失敗: Processing failed
java.lang.RuntimeException: Processing failed
	at com.charlessun.javaplcadapter.worker.impl.ConsumerWorkerImpl.pollLoop(ConsumerWorkerImpl.java:51)
	at java.base/java.lang.Thread.run(Thread.java:1583)
11:01:07.229 [Thread-1] ERROR com.charlessun.javaplcadapter.worker.impl.ConsumerWorkerImpl -- processingStrategy.process(record) 處理失敗: Processing failed
java.lang.RuntimeException: Processing failed
	at com.charlessun.javaplcadapter.worker.impl.ConsumerWorkerImpl.pollLoop(ConsumerWorkerImpl.java:51)
	at java.base/java.lang.Thread.run(Thread.java:1583)
11:01:07.229 [Thread-1] ERROR com.charlessun.javaplcadapter.worker.impl.ConsumerWorkerImpl -- processingStrategy.process(record) 處理失敗: Processing failed
java.lang.RuntimeException: Processing failed
	at com.charlessun.javaplcadapter.worker.impl.ConsumerWorkerImpl.pollLoop(ConsumerWorkerImpl.java:51)
	at java.base/java.lang.Thread.run(Thread.java:1583)
11:01:07.229 [Thread-1] ERROR com.charlessun.javaplcadapter.worker.impl.ConsumerWorkerImpl -- processingStrategy.process(record) 處理失敗: Processing failed
java.lang.RuntimeException: Processing failed
	at com.charlessun.javaplcadapter.worker.impl.ConsumerWorkerImpl.pollLoop(ConsumerWorkerImpl.java:51)
	at java.base/java.lang.Thread.run(Thread.java:1583)
11:01:07.230 [Thread-1] ERROR com.charlessun.javaplcadapter.worker.impl.ConsumerWorkerImpl -- processingStrategy.process(record) 處理失敗: Processing failed
java.lang.RuntimeException: Processing failed
	at com.charlessun.javaplcadapter.worker.impl.ConsumerWorkerImpl.pollLoop(ConsumerWorkerImpl.java:51)
	at java.base/java.lang.Thread.run(Thread.java:1583)
11:01:07.230 [Thread-1] ERROR com.charlessun.javaplcadapter.worker.impl.ConsumerWorkerImpl -- processingStrategy.process(record) 處理失敗: Processing failed
java.lang.RuntimeException: Processing failed
	at com.charlessun.javaplcadapter.worker.impl.ConsumerWorkerImpl.pollLoop(ConsumerWorkerImpl.java:51)
	at java.base/java.lang.Thread.run(Thread.java:1583)
11:01:07.230 [Thread-1] ERROR com.charlessun.javaplcadapter.worker.impl.ConsumerWorkerImpl -- processingStrategy.process(record) 處理失敗: Processing failed
java.lang.RuntimeException: Processing failed
	at com.charlessun.javaplcadapter.worker.impl.ConsumerWorkerImpl.pollLoop(ConsumerWorkerImpl.java:51)
	at java.base/java.lang.Thread.run(Thread.java:1583)
11:01:07.230 [Thread-1] ERROR com.charlessun.javaplcadapter.worker.impl.ConsumerWorkerImpl -- processingStrategy.process(record) 處理失敗: Processing failed
java.lang.RuntimeException: Processing failed
	at com.charlessun.javaplcadapter.worker.impl.ConsumerWorkerImpl.pollLoop(ConsumerWorkerImpl.java:51)
	at java.base/java.lang.Thread.run(Thread.java:1583)
11:01:07.230 [Thread-1] ERROR com.charlessun.javaplcadapter.worker.impl.ConsumerWorkerImpl -- processingStrategy.process(record) 處理失敗: Processing failed
java.lang.RuntimeException: Processing failed
	at com.charlessun.javaplcadapter.worker.impl.ConsumerWorkerImpl.pollLoop(ConsumerWorkerImpl.java:51)
	at java.base/java.lang.Thread.run(Thread.java:1583)
11:01:07.230 [Thread-1] ERROR com.charlessun.javaplcadapter.worker.impl.ConsumerWorkerImpl -- processingStrategy.process(record) 處理失敗: Processing failed
java.lang.RuntimeException: Processing failed
	at com.charlessun.javaplcadapter.worker.impl.ConsumerWorkerImpl.pollLoop(ConsumerWorkerImpl.java:51)
	at java.base/java.lang.Thread.run(Thread.java:1583)
11:01:07.230 [Thread-1] ERROR com.charlessun.javaplcadapter.worker.impl.ConsumerWorkerImpl -- processingStrategy.process(record) 處理失敗: Processing failed
java.lang.RuntimeException: Processing failed
	at com.charlessun.javaplcadapter.worker.impl.ConsumerWorkerImpl.pollLoop(ConsumerWorkerImpl.java:51)
	at java.base/java.lang.Thread.run(Thread.java:1583)
11:01:07.231 [Thread-1] ERROR com.charlessun.javaplcadapter.worker.impl.ConsumerWorkerImpl -- processingStrategy.process(record) 處理失敗: Processing failed
java.lang.RuntimeException: Processing failed
	at com.charlessun.javaplcadapter.worker.impl.ConsumerWorkerImpl.pollLoop(ConsumerWorkerImpl.java:51)
	at java.base/java.lang.Thread.run(Thread.java:1583)
11:01:07.231 [Thread-1] ERROR com.charlessun.javaplcadapter.worker.impl.ConsumerWorkerImpl -- processingStrategy.process(record) 處理失敗: Processing failed
java.lang.RuntimeException: Processing failed
	at com.charlessun.javaplcadapter.worker.impl.ConsumerWorkerImpl.pollLoop(ConsumerWorkerImpl.java:51)
	at java.base/java.lang.Thread.run(Thread.java:1583)
11:01:07.231 [Thread-1] ERROR com.charlessun.javaplcadapter.worker.impl.ConsumerWorkerImpl -- processingStrategy.process(record) 處理失敗: Processing failed
java.lang.RuntimeException: Processing failed
	at com.charlessun.javaplcadapter.worker.impl.ConsumerWorkerImpl.pollLoop(ConsumerWorkerImpl.java:51)
	at java.base/java.lang.Thread.run(Thread.java:1583)
11:01:07.231 [Thread-1] ERROR com.charlessun.javaplcadapter.worker.impl.ConsumerWorkerImpl -- processingStrategy.process(record) 處理失敗: Processing failed
java.lang.RuntimeException: Processing failed
	at com.charlessun.javaplcadapter.worker.impl.ConsumerWorkerImpl.pollLoop(ConsumerWorkerImpl.java:51)
	at java.base/java.lang.Thread.run(Thread.java:1583)
11:01:07.231 [Thread-1] ERROR com.charlessun.javaplcadapter.worker.impl.ConsumerWorkerImpl -- processingStrategy.process(record) 處理失敗: Processing failed
java.lang.RuntimeException: Processing failed
	at com.charlessun.javaplcadapter.worker.impl.ConsumerWorkerImpl.pollLoop(ConsumerWorkerImpl.java:51)
	at java.base/java.lang.Thread.run(Thread.java:1583)
11:01:07.231 [Thread-1] ERROR com.charlessun.javaplcadapter.worker.impl.ConsumerWorkerImpl -- processingStrategy.process(record) 處理失敗: Processing failed
java.lang.RuntimeException: Processing failed
	at com.charlessun.javaplcadapter.worker.impl.ConsumerWorkerImpl.pollLoop(ConsumerWorkerImpl.java:51)
	at java.base/java.lang.Thread.run(Thread.java:1583)
11:01:07.231 [Thread-1] ERROR com.charlessun.javaplcadapter.worker.impl.ConsumerWorkerImpl -- processingStrategy.process(record) 處理失敗: Processing failed
java.lang.RuntimeException: Processing failed
	at com.charlessun.javaplcadapter.worker.impl.ConsumerWorkerImpl.pollLoop(ConsumerWorkerImpl.java:51)
	at java.base/java.lang.Thread.run(Thread.java:1583)
11:01:07.231 [Thread-1] ERROR com.charlessun.javaplcadapter.worker.impl.ConsumerWorkerImpl -- processingStrategy.process(record) 處理失敗: Processing failed
java.lang.RuntimeException: Processing failed
	at com.charlessun.javaplcadapter.worker.impl.ConsumerWorkerImpl.pollLoop(ConsumerWorkerImpl.java:51)
	at java.base/java.lang.Thread.run(Thread.java:1583)
11:01:07.231 [Thread-1] ERROR com.charlessun.javaplcadapter.worker.impl.ConsumerWorkerImpl -- processingStrategy.process(record) 處理失敗: Processing failed
java.lang.RuntimeException: Processing failed
	at com.charlessun.javaplcadapter.worker.impl.ConsumerWorkerImpl.pollLoop(ConsumerWorkerImpl.java:51)
	at java.base/java.lang.Thread.run(Thread.java:1583)
11:01:07.232 [Thread-1] ERROR com.charlessun.javaplcadapter.worker.impl.ConsumerWorkerImpl -- processingStrategy.process(record) 處理失敗: Processing failed
java.lang.RuntimeException: Processing failed
	at com.charlessun.javaplcadapter.worker.impl.ConsumerWorkerImpl.pollLoop(ConsumerWorkerImpl.java:51)
	at java.base/java.lang.Thread.run(Thread.java:1583)
11:01:07.232 [Thread-1] ERROR com.charlessun.javaplcadapter.worker.impl.ConsumerWorkerImpl -- processingStrategy.process(record) 處理失敗: Processing failed
java.lang.RuntimeException: Processing failed
	at com.charlessun.javaplcadapter.worker.impl.ConsumerWorkerImpl.pollLoop(ConsumerWorkerImpl.java:51)
	at java.base/java.lang.Thread.run(Thread.java:1583)
11:01:07.232 [Thread-1] ERROR com.charlessun.javaplcadapter.worker.impl.ConsumerWorkerImpl -- processingStrategy.process(record) 處理失敗: Processing failed
java.lang.RuntimeException: Processing failed
	at com.charlessun.javaplcadapter.worker.impl.ConsumerWorkerImpl.pollLoop(ConsumerWorkerImpl.java:51)
	at java.base/java.lang.Thread.run(Thread.java:1583)
11:01:07.232 [Thread-1] ERROR com.charlessun.javaplcadapter.worker.impl.ConsumerWorkerImpl -- processingStrategy.process(record) 處理失敗: Processing failed
java.lang.RuntimeException: Processing failed
	at com.charlessun.javaplcadapter.worker.impl.ConsumerWorkerImpl.pollLoop(ConsumerWorkerImpl.java:51)
	at java.base/java.lang.Thread.run(Thread.java:1583)
11:01:07.232 [Thread-1] ERROR com.charlessun.javaplcadapter.worker.impl.ConsumerWorkerImpl -- processingStrategy.process(record) 處理失敗: Processing failed
java.lang.RuntimeException: Processing failed
	at com.charlessun.javaplcadapter.worker.impl.ConsumerWorkerImpl.pollLoop(ConsumerWorkerImpl.java:51)
	at java.base/java.lang.Thread.run(Thread.java:1583)
11:01:07.232 [Thread-1] ERROR com.charlessun.javaplcadapter.worker.impl.ConsumerWorkerImpl -- processingStrategy.process(record) 處理失敗: Processing failed
java.lang.RuntimeException: Processing failed
	at com.charlessun.javaplcadapter.worker.impl.ConsumerWorkerImpl.pollLoop(ConsumerWorkerImpl.java:51)
	at java.base/java.lang.Thread.run(Thread.java:1583)
11:01:07.232 [Thread-1] ERROR com.charlessun.javaplcadapter.worker.impl.ConsumerWorkerImpl -- processingStrategy.process(record) 處理失敗: Processing failed
java.lang.RuntimeException: Processing failed
	at com.charlessun.javaplcadapter.worker.impl.ConsumerWorkerImpl.pollLoop(ConsumerWorkerImpl.java:51)
	at java.base/java.lang.Thread.run(Thread.java:1583)
11:01:07.232 [Thread-1] ERROR com.charlessun.javaplcadapter.worker.impl.ConsumerWorkerImpl -- processingStrategy.process(record) 處理失敗: Processing failed
java.lang.RuntimeException: Processing failed
	at com.charlessun.javaplcadapter.worker.impl.ConsumerWorkerImpl.pollLoop(ConsumerWorkerImpl.java:51)
	at java.base/java.lang.Thread.run(Thread.java:1583)
11:01:07.233 [Thread-1] ERROR com.charlessun.javaplcadapter.worker.impl.ConsumerWorkerImpl -- processingStrategy.process(record) 處理失敗: Processing failed
java.lang.RuntimeException: Processing failed
	at com.charlessun.javaplcadapter.worker.impl.ConsumerWorkerImpl.pollLoop(ConsumerWorkerImpl.java:51)
	at java.base/java.lang.Thread.run(Thread.java:1583)
11:01:07.233 [Thread-1] ERROR com.charlessun.javaplcadapter.worker.impl.ConsumerWorkerImpl -- processingStrategy.process(record) 處理失敗: Processing failed
java.lang.RuntimeException: Processing failed
	at com.charlessun.javaplcadapter.worker.impl.ConsumerWorkerImpl.pollLoop(ConsumerWorkerImpl.java:51)
	at java.base/java.lang.Thread.run(Thread.java:1583)
11:01:07.233 [Thread-1] ERROR com.charlessun.javaplcadapter.worker.impl.ConsumerWorkerImpl -- processingStrategy.process(record) 處理失敗: Processing failed
java.lang.RuntimeException: Processing failed
	at com.charlessun.javaplcadapter.worker.impl.ConsumerWorkerImpl.pollLoop(ConsumerWorkerImpl.java:51)
	at java.base/java.lang.Thread.run(Thread.java:1583)
11:01:07.233 [Thread-1] ERROR com.charlessun.javaplcadapter.worker.impl.ConsumerWorkerImpl -- processingStrategy.process(record) 處理失敗: Processing failed
java.lang.RuntimeException: Processing failed
	at com.charlessun.javaplcadapter.worker.impl.ConsumerWorkerImpl.pollLoop(ConsumerWorkerImpl.java:51)
	at java.base/java.lang.Thread.run(Thread.java:1583)
11:01:07.233 [Thread-1] ERROR com.charlessun.javaplcadapter.worker.impl.ConsumerWorkerImpl -- processingStrategy.process(record) 處理失敗: Processing failed
java.lang.RuntimeException: Processing failed
	at com.charlessun.javaplcadapter.worker.impl.ConsumerWorkerImpl.pollLoop(ConsumerWorkerImpl.java:51)
	at java.base/java.lang.Thread.run(Thread.java:1583)
11:01:07.233 [Thread-1] ERROR com.charlessun.javaplcadapter.worker.impl.ConsumerWorkerImpl -- processingStrategy.process(record) 處理失敗: Processing failed
java.lang.RuntimeException: Processing failed
	at com.charlessun.javaplcadapter.worker.impl.ConsumerWorkerImpl.pollLoop(ConsumerWorkerImpl.java:51)
	at java.base/java.lang.Thread.run(Thread.java:1583)
11:01:07.233 [Thread-1] ERROR com.charlessun.javaplcadapter.worker.impl.ConsumerWorkerImpl -- processingStrategy.process(record) 處理失敗: Processing failed
java.lang.RuntimeException: Processing failed
	at com.charlessun.javaplcadapter.worker.impl.ConsumerWorkerImpl.pollLoop(ConsumerWorkerImpl.java:51)
	at java.base/java.lang.Thread.run(Thread.java:1583)
11:01:07.234 [Thread-1] ERROR com.charlessun.javaplcadapter.worker.impl.ConsumerWorkerImpl -- processingStrategy.process(record) 處理失敗: Processing failed
java.lang.RuntimeException: Processing failed
	at com.charlessun.javaplcadapter.worker.impl.ConsumerWorkerImpl.pollLoop(ConsumerWorkerImpl.java:51)
	at java.base/java.lang.Thread.run(Thread.java:1583)
11:01:07.234 [Thread-1] ERROR com.charlessun.javaplcadapter.worker.impl.ConsumerWorkerImpl -- processingStrategy.process(record) 處理失敗: Processing failed
java.lang.RuntimeException: Processing failed
	at com.charlessun.javaplcadapter.worker.impl.ConsumerWorkerImpl.pollLoop(ConsumerWorkerImpl.java:51)
	at java.base/java.lang.Thread.run(Thread.java:1583)
11:01:07.234 [Thread-1] ERROR com.charlessun.javaplcadapter.worker.impl.ConsumerWorkerImpl -- processingStrategy.process(record) 處理失敗: Processing failed
java.lang.RuntimeException: Processing failed
	at com.charlessun.javaplcadapter.worker.impl.ConsumerWorkerImpl.pollLoop(ConsumerWorkerImpl.java:51)
	at java.base/java.lang.Thread.run(Thread.java:1583)
11:01:07.234 [Thread-1] ERROR com.charlessun.javaplcadapter.worker.impl.ConsumerWorkerImpl -- processingStrategy.process(record) 處理失敗: Processing failed
java.lang.RuntimeException: Processing failed
	at com.charlessun.javaplcadapter.worker.impl.ConsumerWorkerImpl.pollLoop(ConsumerWorkerImpl.java:51)
	at java.base/java.lang.Thread.run(Thread.java:1583)
11:01:07.234 [Thread-1] ERROR com.charlessun.javaplcadapter.worker.impl.ConsumerWorkerImpl -- processingStrategy.process(record) 處理失敗: Processing failed
java.lang.RuntimeException: Processing failed
	at com.charlessun.javaplcadapter.worker.impl.ConsumerWorkerImpl.pollLoop(ConsumerWorkerImpl.java:51)
	at java.base/java.lang.Thread.run(Thread.java:1583)
11:01:07.235 [Thread-1] ERROR com.charlessun.javaplcadapter.worker.impl.ConsumerWorkerImpl -- processingStrategy.process(record) 處理失敗: Processing failed
java.lang.RuntimeException: Processing failed
	at com.charlessun.javaplcadapter.worker.impl.ConsumerWorkerImpl.pollLoop(ConsumerWorkerImpl.java:51)
	at java.base/java.lang.Thread.run(Thread.java:1583)
11:01:07.235 [Thread-1] ERROR com.charlessun.javaplcadapter.worker.impl.ConsumerWorkerImpl -- processingStrategy.process(record) 處理失敗: Processing failed
java.lang.RuntimeException: Processing failed
	at com.charlessun.javaplcadapter.worker.impl.ConsumerWorkerImpl.pollLoop(ConsumerWorkerImpl.java:51)
	at java.base/java.lang.Thread.run(Thread.java:1583)
11:01:07.235 [Thread-1] ERROR com.charlessun.javaplcadapter.worker.impl.ConsumerWorkerImpl -- processingStrategy.process(record) 處理失敗: Processing failed
java.lang.RuntimeException: Processing failed
	at com.charlessun.javaplcadapter.worker.impl.ConsumerWorkerImpl.pollLoop(ConsumerWorkerImpl.java:51)
	at java.base/java.lang.Thread.run(Thread.java:1583)
11:01:07.235 [Thread-1] ERROR com.charlessun.javaplcadapter.worker.impl.ConsumerWorkerImpl -- processingStrategy.process(record) 處理失敗: Processing failed
java.lang.RuntimeException: Processing failed
	at com.charlessun.javaplcadapter.worker.impl.ConsumerWorkerImpl.pollLoop(ConsumerWorkerImpl.java:51)
	at java.base/java.lang.Thread.run(Thread.java:1583)
11:01:07.235 [Thread-1] ERROR com.charlessun.javaplcadapter.worker.impl.ConsumerWorkerImpl -- processingStrategy.process(record) 處理失敗: Processing failed
java.lang.RuntimeException: Processing failed
	at com.charlessun.javaplcadapter.worker.impl.ConsumerWorkerImpl.pollLoop(ConsumerWorkerImpl.java:51)
	at java.base/java.lang.Thread.run(Thread.java:1583)
11:01:07.235 [Thread-1] ERROR com.charlessun.javaplcadapter.worker.impl.ConsumerWorkerImpl -- processingStrategy.process(record) 處理失敗: Processing failed
java.lang.RuntimeException: Processing failed
	at com.charlessun.javaplcadapter.worker.impl.ConsumerWorkerImpl.pollLoop(ConsumerWorkerImpl.java:51)
	at java.base/java.lang.Thread.run(Thread.java:1583)
11:01:07.235 [Thread-1] ERROR com.charlessun.javaplcadapter.worker.impl.ConsumerWorkerImpl -- processingStrategy.process(record) 處理失敗: Processing failed
java.lang.RuntimeException: Processing failed
	at com.charlessun.javaplcadapter.worker.impl.ConsumerWorkerImpl.pollLoop(ConsumerWorkerImpl.java:51)
	at java.base/java.lang.Thread.run(Thread.java:1583)
11:01:07.235 [Thread-1] ERROR com.charlessun.javaplcadapter.worker.impl.ConsumerWorkerImpl -- processingStrategy.process(record) 處理失敗: Processing failed
java.lang.RuntimeException: Processing failed
	at com.charlessun.javaplcadapter.worker.impl.ConsumerWorkerImpl.pollLoop(ConsumerWorkerImpl.java:51)
	at java.base/java.lang.Thread.run(Thread.java:1583)
11:01:07.235 [Thread-1] ERROR com.charlessun.javaplcadapter.worker.impl.ConsumerWorkerImpl -- processingStrategy.process(record) 處理失敗: Processing failed
java.lang.RuntimeException: Processing failed
	at com.charlessun.javaplcadapter.worker.impl.ConsumerWorkerImpl.pollLoop(ConsumerWorkerImpl.java:51)
	at java.base/java.lang.Thread.run(Thread.java:1583)
11:01:07.235 [Thread-1] ERROR com.charlessun.javaplcadapter.worker.impl.ConsumerWorkerImpl -- processingStrategy.process(record) 處理失敗: Processing failed
java.lang.RuntimeException: Processing failed
	at com.charlessun.javaplcadapter.worker.impl.ConsumerWorkerImpl.pollLoop(ConsumerWorkerImpl.java:51)
	at java.base/java.lang.Thread.run(Thread.java:1583)
11:01:07.235 [Thread-1] ERROR com.charlessun.javaplcadapter.worker.impl.ConsumerWorkerImpl -- processingStrategy.process(record) 處理失敗: Processing failed
java.lang.RuntimeException: Processing failed
	at com.charlessun.javaplcadapter.worker.impl.ConsumerWorkerImpl.pollLoop(ConsumerWorkerImpl.java:51)
	at java.base/java.lang.Thread.run(Thread.java:1583)
11:01:07.235 [Thread-1] ERROR com.charlessun.javaplcadapter.worker.impl.ConsumerWorkerImpl -- processingStrategy.process(record) 處理失敗: Processing failed
java.lang.RuntimeException: Processing failed
	at com.charlessun.javaplcadapter.worker.impl.ConsumerWorkerImpl.pollLoop(ConsumerWorkerImpl.java:51)
	at java.base/java.lang.Thread.run(Thread.java:1583)
11:01:07.235 [Thread-1] ERROR com.charlessun.javaplcadapter.worker.impl.ConsumerWorkerImpl -- processingStrategy.process(record) 處理失敗: Processing failed
java.lang.RuntimeException: Processing failed
	at com.charlessun.javaplcadapter.worker.impl.ConsumerWorkerImpl.pollLoop(ConsumerWorkerImpl.java:51)
	at java.base/java.lang.Thread.run(Thread.java:1583)
11:01:07.235 [Thread-1] ERROR com.charlessun.javaplcadapter.worker.impl.ConsumerWorkerImpl -- processingStrategy.process(record) 處理失敗: Processing failed
java.lang.RuntimeException: Processing failed
	at com.charlessun.javaplcadapter.worker.impl.ConsumerWorkerImpl.pollLoop(ConsumerWorkerImpl.java:51)
	at java.base/java.lang.Thread.run(Thread.java:1583)
11:01:07.236 [Thread-1] ERROR com.charlessun.javaplcadapter.worker.impl.ConsumerWorkerImpl -- processingStrategy.process(record) 處理失敗: Processing failed
java.lang.RuntimeException: Processing failed
	at com.charlessun.javaplcadapter.worker.impl.ConsumerWorkerImpl.pollLoop(ConsumerWorkerImpl.java:51)
	at java.base/java.lang.Thread.run(Thread.java:1583)
11:01:07.236 [Thread-1] ERROR com.charlessun.javaplcadapter.worker.impl.ConsumerWorkerImpl -- processingStrategy.process(record) 處理失敗: Processing failed
java.lang.RuntimeException: Processing failed
	at com.charlessun.javaplcadapter.worker.impl.ConsumerWorkerImpl.pollLoop(ConsumerWorkerImpl.java:51)
	at java.base/java.lang.Thread.run(Thread.java:1583)
11:01:07.236 [Thread-1] ERROR com.charlessun.javaplcadapter.worker.impl.ConsumerWorkerImpl -- processingStrategy.process(record) 處理失敗: Processing failed
java.lang.RuntimeException: Processing failed
	at com.charlessun.javaplcadapter.worker.impl.ConsumerWorkerImpl.pollLoop(ConsumerWorkerImpl.java:51)
	at java.base/java.lang.Thread.run(Thread.java:1583)
11:01:07.236 [Thread-1] ERROR com.charlessun.javaplcadapter.worker.impl.ConsumerWorkerImpl -- processingStrategy.process(record) 處理失敗: Processing failed
java.lang.RuntimeException: Processing failed
	at com.charlessun.javaplcadapter.worker.impl.ConsumerWorkerImpl.pollLoop(ConsumerWorkerImpl.java:51)
	at java.base/java.lang.Thread.run(Thread.java:1583)
11:01:07.236 [Thread-1] ERROR com.charlessun.javaplcadapter.worker.impl.ConsumerWorkerImpl -- processingStrategy.process(record) 處理失敗: Processing failed
java.lang.RuntimeException: Processing failed
	at com.charlessun.javaplcadapter.worker.impl.ConsumerWorkerImpl.pollLoop(ConsumerWorkerImpl.java:51)
	at java.base/java.lang.Thread.run(Thread.java:1583)
11:01:07.236 [Thread-1] ERROR com.charlessun.javaplcadapter.worker.impl.ConsumerWorkerImpl -- processingStrategy.process(record) 處理失敗: Processing failed
java.lang.RuntimeException: Processing failed
	at com.charlessun.javaplcadapter.worker.impl.ConsumerWorkerImpl.pollLoop(ConsumerWorkerImpl.java:51)
	at java.base/java.lang.Thread.run(Thread.java:1583)
11:01:07.236 [Thread-1] ERROR com.charlessun.javaplcadapter.worker.impl.ConsumerWorkerImpl -- processingStrategy.process(record) 處理失敗: Processing failed
java.lang.RuntimeException: Processing failed
	at com.charlessun.javaplcadapter.worker.impl.ConsumerWorkerImpl.pollLoop(ConsumerWorkerImpl.java:51)
	at java.base/java.lang.Thread.run(Thread.java:1583)
11:01:07.236 [Thread-1] ERROR com.charlessun.javaplcadapter.worker.impl.ConsumerWorkerImpl -- processingStrategy.process(record) 處理失敗: Processing failed
java.lang.RuntimeException: Processing failed
	at com.charlessun.javaplcadapter.worker.impl.ConsumerWorkerImpl.pollLoop(ConsumerWorkerImpl.java:51)
	at java.base/java.lang.Thread.run(Thread.java:1583)
11:01:07.236 [Thread-1] ERROR com.charlessun.javaplcadapter.worker.impl.ConsumerWorkerImpl -- processingStrategy.process(record) 處理失敗: Processing failed
java.lang.RuntimeException: Processing failed
	at com.charlessun.javaplcadapter.worker.impl.ConsumerWorkerImpl.pollLoop(ConsumerWorkerImpl.java:51)
	at java.base/java.lang.Thread.run(Thread.java:1583)
11:01:07.236 [Thread-1] ERROR com.charlessun.javaplcadapter.worker.impl.ConsumerWorkerImpl -- processingStrategy.process(record) 處理失敗: Processing failed
java.lang.RuntimeException: Processing failed
	at com.charlessun.javaplcadapter.worker.impl.ConsumerWorkerImpl.pollLoop(ConsumerWorkerImpl.java:51)
	at java.base/java.lang.Thread.run(Thread.java:1583)
11:01:07.237 [Thread-1] ERROR com.charlessun.javaplcadapter.worker.impl.ConsumerWorkerImpl -- processingStrategy.process(record) 處理失敗: Processing failed
java.lang.RuntimeException: Processing failed
	at com.charlessun.javaplcadapter.worker.impl.ConsumerWorkerImpl.pollLoop(ConsumerWorkerImpl.java:51)
	at java.base/java.lang.Thread.run(Thread.java:1583)
11:01:07.237 [Thread-1] ERROR com.charlessun.javaplcadapter.worker.impl.ConsumerWorkerImpl -- processingStrategy.process(record) 處理失敗: Processing failed
java.lang.RuntimeException: Processing failed
	at com.charlessun.javaplcadapter.worker.impl.ConsumerWorkerImpl.pollLoop(ConsumerWorkerImpl.java:51)
	at java.base/java.lang.Thread.run(Thread.java:1583)
11:01:07.237 [Thread-1] ERROR com.charlessun.javaplcadapter.worker.impl.ConsumerWorkerImpl -- processingStrategy.process(record) 處理失敗: Processing failed
java.lang.RuntimeException: Processing failed
	at com.charlessun.javaplcadapter.worker.impl.ConsumerWorkerImpl.pollLoop(ConsumerWorkerImpl.java:51)
	at java.base/java.lang.Thread.run(Thread.java:1583)
11:01:07.237 [Thread-1] ERROR com.charlessun.javaplcadapter.worker.impl.ConsumerWorkerImpl -- processingStrategy.process(record) 處理失敗: Processing failed
java.lang.RuntimeException: Processing failed
	at com.charlessun.javaplcadapter.worker.impl.ConsumerWorkerImpl.pollLoop(ConsumerWorkerImpl.java:51)
	at java.base/java.lang.Thread.run(Thread.java:1583)
11:01:07.237 [Thread-1] ERROR com.charlessun.javaplcadapter.worker.impl.ConsumerWorkerImpl -- processingStrategy.process(record) 處理失敗: Processing failed
java.lang.RuntimeException: Processing failed
	at com.charlessun.javaplcadapter.worker.impl.ConsumerWorkerImpl.pollLoop(ConsumerWorkerImpl.java:51)
	at java.base/java.lang.Thread.run(Thread.java:1583)
11:01:07.237 [Thread-1] ERROR com.charlessun.javaplcadapter.worker.impl.ConsumerWorkerImpl -- processingStrategy.process(record) 處理失敗: Processing failed
java.lang.RuntimeException: Processing failed
	at com.charlessun.javaplcadapter.worker.impl.ConsumerWorkerImpl.pollLoop(ConsumerWorkerImpl.java:51)
	at java.base/java.lang.Thread.run(Thread.java:1583)
11:01:07.237 [Thread-1] ERROR com.charlessun.javaplcadapter.worker.impl.ConsumerWorkerImpl -- processingStrategy.process(record) 處理失敗: Processing failed
java.lang.RuntimeException: Processing failed
	at com.charlessun.javaplcadapter.worker.impl.ConsumerWorkerImpl.pollLoop(ConsumerWorkerImpl.java:51)
	at java.base/java.lang.Thread.run(Thread.java:1583)
11:01:07.237 [Thread-1] ERROR com.charlessun.javaplcadapter.worker.impl.ConsumerWorkerImpl -- processingStrategy.process(record) 處理失敗: Processing failed
java.lang.RuntimeException: Processing failed
	at com.charlessun.javaplcadapter.worker.impl.ConsumerWorkerImpl.pollLoop(ConsumerWorkerImpl.java:51)
	at java.base/java.lang.Thread.run(Thread.java:1583)
11:01:07.238 [Thread-1] ERROR com.charlessun.javaplcadapter.worker.impl.ConsumerWorkerImpl -- processingStrategy.process(record) 處理失敗: Processing failed
java.lang.RuntimeException: Processing failed
	at com.charlessun.javaplcadapter.worker.impl.ConsumerWorkerImpl.pollLoop(ConsumerWorkerImpl.java:51)
	at java.base/java.lang.Thread.run(Thread.java:1583)
11:01:07.238 [Thread-1] ERROR com.charlessun.javaplcadapter.worker.impl.ConsumerWorkerImpl -- processingStrategy.process(record) 處理失敗: Processing failed
java.lang.RuntimeException: Processing failed
	at com.charlessun.javaplcadapter.worker.impl.ConsumerWorkerImpl.pollLoop(ConsumerWorkerImpl.java:51)
	at java.base/java.lang.Thread.run(Thread.java:1583)
11:01:07.238 [Thread-1] ERROR com.charlessun.javaplcadapter.worker.impl.ConsumerWorkerImpl -- processingStrategy.process(record) 處理失敗: Processing failed
java.lang.RuntimeException: Processing failed
	at com.charlessun.javaplcadapter.worker.impl.ConsumerWorkerImpl.pollLoop(ConsumerWorkerImpl.java:51)
	at java.base/java.lang.Thread.run(Thread.java:1583)
11:01:07.238 [Thread-1] ERROR com.charlessun.javaplcadapter.worker.impl.ConsumerWorkerImpl -- processingStrategy.process(record) 處理失敗: Processing failed
java.lang.RuntimeException: Processing failed
	at com.charlessun.javaplcadapter.worker.impl.ConsumerWorkerImpl.pollLoop(ConsumerWorkerImpl.java:51)
	at java.base/java.lang.Thread.run(Thread.java:1583)
11:01:07.238 [Thread-1] ERROR com.charlessun.javaplcadapter.worker.impl.ConsumerWorkerImpl -- processingStrategy.process(record) 處理失敗: Processing failed
java.lang.RuntimeException: Processing failed
	at com.charlessun.javaplcadapter.worker.impl.ConsumerWorkerImpl.pollLoop(ConsumerWorkerImpl.java:51)
	at java.base/java.lang.Thread.run(Thread.java:1583)
11:01:07.238 [Thread-1] ERROR com.charlessun.javaplcadapter.worker.impl.ConsumerWorkerImpl -- processingStrategy.process(record) 處理失敗: Processing failed
java.lang.RuntimeException: Processing failed
	at com.charlessun.javaplcadapter.worker.impl.ConsumerWorkerImpl.pollLoop(ConsumerWorkerImpl.java:51)
	at java.base/java.lang.Thread.run(Thread.java:1583)
11:01:07.238 [Thread-1] ERROR com.charlessun.javaplcadapter.worker.impl.ConsumerWorkerImpl -- processingStrategy.process(record) 處理失敗: Processing failed
java.lang.RuntimeException: Processing failed
	at com.charlessun.javaplcadapter.worker.impl.ConsumerWorkerImpl.pollLoop(ConsumerWorkerImpl.java:51)
	at java.base/java.lang.Thread.run(Thread.java:1583)
11:01:07.238 [Thread-1] ERROR com.charlessun.javaplcadapter.worker.impl.ConsumerWorkerImpl -- processingStrategy.process(record) 處理失敗: Processing failed
java.lang.RuntimeException: Processing failed
	at com.charlessun.javaplcadapter.worker.impl.ConsumerWorkerImpl.pollLoop(ConsumerWorkerImpl.java:51)
	at java.base/java.lang.Thread.run(Thread.java:1583)
11:01:07.238 [Thread-1] ERROR com.charlessun.javaplcadapter.worker.impl.ConsumerWorkerImpl -- processingStrategy.process(record) 處理失敗: Processing failed
java.lang.RuntimeException: Processing failed
	at com.charlessun.javaplcadapter.worker.impl.ConsumerWorkerImpl.pollLoop(ConsumerWorkerImpl.java:51)
	at java.base/java.lang.Thread.run(Thread.java:1583)
11:01:07.238 [Thread-1] ERROR com.charlessun.javaplcadapter.worker.impl.ConsumerWorkerImpl -- processingStrategy.process(record) 處理失敗: Processing failed
java.lang.RuntimeException: Processing failed
	at com.charlessun.javaplcadapter.worker.impl.ConsumerWorkerImpl.pollLoop(ConsumerWorkerImpl.java:51)
	at java.base/java.lang.Thread.run(Thread.java:1583)
11:01:07.239 [Thread-1] ERROR com.charlessun.javaplcadapter.worker.impl.ConsumerWorkerImpl -- processingStrategy.process(record) 處理失敗: Processing failed
java.lang.RuntimeException: Processing failed
	at com.charlessun.javaplcadapter.worker.impl.ConsumerWorkerImpl.pollLoop(ConsumerWorkerImpl.java:51)
	at java.base/java.lang.Thread.run(Thread.java:1583)
11:01:07.239 [Thread-1] ERROR com.charlessun.javaplcadapter.worker.impl.ConsumerWorkerImpl -- processingStrategy.process(record) 處理失敗: Processing failed
java.lang.RuntimeException: Processing failed
	at com.charlessun.javaplcadapter.worker.impl.ConsumerWorkerImpl.pollLoop(ConsumerWorkerImpl.java:51)
	at java.base/java.lang.Thread.run(Thread.java:1583)
11:01:07.239 [Thread-1] ERROR com.charlessun.javaplcadapter.worker.impl.ConsumerWorkerImpl -- processingStrategy.process(record) 處理失敗: Processing failed
java.lang.RuntimeException: Processing failed
	at com.charlessun.javaplcadapter.worker.impl.ConsumerWorkerImpl.pollLoop(ConsumerWorkerImpl.java:51)
	at java.base/java.lang.Thread.run(Thread.java:1583)
11:01:07.239 [Thread-1] ERROR com.charlessun.javaplcadapter.worker.impl.ConsumerWorkerImpl -- processingStrategy.process(record) 處理失敗: Processing failed
java.lang.RuntimeException: Processing failed
	at com.charlessun.javaplcadapter.worker.impl.ConsumerWorkerImpl.pollLoop(ConsumerWorkerImpl.java:51)
	at java.base/java.lang.Thread.run(Thread.java:1583)
11:01:07.239 [Thread-1] ERROR com.charlessun.javaplcadapter.worker.impl.ConsumerWorkerImpl -- processingStrategy.process(record) 處理失敗: Processing failed
java.lang.RuntimeException: Processing failed
	at com.charlessun.javaplcadapter.worker.impl.ConsumerWorkerImpl.pollLoop(ConsumerWorkerImpl.java:51)
	at java.base/java.lang.Thread.run(Thread.java:1583)
11:01:07.239 [Thread-1] ERROR com.charlessun.javaplcadapter.worker.impl.ConsumerWorkerImpl -- processingStrategy.process(record) 處理失敗: Processing failed
java.lang.RuntimeException: Processing failed
	at com.charlessun.javaplcadapter.worker.impl.ConsumerWorkerImpl.pollLoop(ConsumerWorkerImpl.java:51)
	at java.base/java.lang.Thread.run(Thread.java:1583)
11:01:07.239 [Thread-1] ERROR com.charlessun.javaplcadapter.worker.impl.ConsumerWorkerImpl -- processingStrategy.process(record) 處理失敗: Processing failed
java.lang.RuntimeException: Processing failed
	at com.charlessun.javaplcadapter.worker.impl.ConsumerWorkerImpl.pollLoop(ConsumerWorkerImpl.java:51)
	at java.base/java.lang.Thread.run(Thread.java:1583)
11:01:07.239 [Thread-1] ERROR com.charlessun.javaplcadapter.worker.impl.ConsumerWorkerImpl -- processingStrategy.process(record) 處理失敗: Processing failed
java.lang.RuntimeException: Processing failed
	at com.charlessun.javaplcadapter.worker.impl.ConsumerWorkerImpl.pollLoop(ConsumerWorkerImpl.java:51)
	at java.base/java.lang.Thread.run(Thread.java:1583)
11:01:07.239 [Thread-1] ERROR com.charlessun.javaplcadapter.worker.impl.ConsumerWorkerImpl -- processingStrategy.process(record) 處理失敗: Processing failed
java.lang.RuntimeException: Processing failed
	at com.charlessun.javaplcadapter.worker.impl.ConsumerWorkerImpl.pollLoop(ConsumerWorkerImpl.java:51)
	at java.base/java.lang.Thread.run(Thread.java:1583)
11:01:07.239 [Thread-1] ERROR com.charlessun.javaplcadapter.worker.impl.ConsumerWorkerImpl -- processingStrategy.process(record) 處理失敗: Processing failed
java.lang.RuntimeException: Processing failed
	at com.charlessun.javaplcadapter.worker.impl.ConsumerWorkerImpl.pollLoop(ConsumerWorkerImpl.java:51)
	at java.base/java.lang.Thread.run(Thread.java:1583)
11:01:07.239 [Thread-1] ERROR com.charlessun.javaplcadapter.worker.impl.ConsumerWorkerImpl -- processingStrategy.process(record) 處理失敗: Processing failed
java.lang.RuntimeException: Processing failed
	at com.charlessun.javaplcadapter.worker.impl.ConsumerWorkerImpl.pollLoop(ConsumerWorkerImpl.java:51)
	at java.base/java.lang.Thread.run(Thread.java:1583)
11:01:07.239 [Thread-1] ERROR com.charlessun.javaplcadapter.worker.impl.ConsumerWorkerImpl -- processingStrategy.process(record) 處理失敗: Processing failed
java.lang.RuntimeException: Processing failed
	at com.charlessun.javaplcadapter.worker.impl.ConsumerWorkerImpl.pollLoop(ConsumerWorkerImpl.java:51)
	at java.base/java.lang.Thread.run(Thread.java:1583)
11:01:07.240 [Thread-1] ERROR com.charlessun.javaplcadapter.worker.impl.ConsumerWorkerImpl -- processingStrategy.process(record) 處理失敗: Processing failed
java.lang.RuntimeException: Processing failed
	at com.charlessun.javaplcadapter.worker.impl.ConsumerWorkerImpl.pollLoop(ConsumerWorkerImpl.java:51)
	at java.base/java.lang.Thread.run(Thread.java:1583)
11:01:07.240 [Thread-1] ERROR com.charlessun.javaplcadapter.worker.impl.ConsumerWorkerImpl -- processingStrategy.process(record) 處理失敗: Processing failed
java.lang.RuntimeException: Processing failed
	at com.charlessun.javaplcadapter.worker.impl.ConsumerWorkerImpl.pollLoop(ConsumerWorkerImpl.java:51)
	at java.base/java.lang.Thread.run(Thread.java:1583)
11:01:07.240 [Thread-1] ERROR com.charlessun.javaplcadapter.worker.impl.ConsumerWorkerImpl -- processingStrategy.process(record) 處理失敗: Processing failed
java.lang.RuntimeException: Processing failed
	at com.charlessun.javaplcadapter.worker.impl.ConsumerWorkerImpl.pollLoop(ConsumerWorkerImpl.java:51)
	at java.base/java.lang.Thread.run(Thread.java:1583)
11:01:07.240 [Thread-1] ERROR com.charlessun.javaplcadapter.worker.impl.ConsumerWorkerImpl -- processingStrategy.process(record) 處理失敗: Processing failed
java.lang.RuntimeException: Processing failed
	at com.charlessun.javaplcadapter.worker.impl.ConsumerWorkerImpl.pollLoop(ConsumerWorkerImpl.java:51)
	at java.base/java.lang.Thread.run(Thread.java:1583)
11:01:07.240 [Thread-1] ERROR com.charlessun.javaplcadapter.worker.impl.ConsumerWorkerImpl -- processingStrategy.process(record) 處理失敗: Processing failed
java.lang.RuntimeException: Processing failed
	at com.charlessun.javaplcadapter.worker.impl.ConsumerWorkerImpl.pollLoop(ConsumerWorkerImpl.java:51)
	at java.base/java.lang.Thread.run(Thread.java:1583)
11:01:07.240 [Thread-1] ERROR com.charlessun.javaplcadapter.worker.impl.ConsumerWorkerImpl -- processingStrategy.process(record) 處理失敗: Processing failed
java.lang.RuntimeException: Processing failed
	at com.charlessun.javaplcadapter.worker.impl.ConsumerWorkerImpl.pollLoop(ConsumerWorkerImpl.java:51)
	at java.base/java.lang.Thread.run(Thread.java:1583)
11:01:07.240 [Thread-1] ERROR com.charlessun.javaplcadapter.worker.impl.ConsumerWorkerImpl -- processingStrategy.process(record) 處理失敗: Processing failed
java.lang.RuntimeException: Processing failed
	at com.charlessun.javaplcadapter.worker.impl.ConsumerWorkerImpl.pollLoop(ConsumerWorkerImpl.java:51)
	at java.base/java.lang.Thread.run(Thread.java:1583)
11:01:07.240 [Thread-1] ERROR com.charlessun.javaplcadapter.worker.impl.ConsumerWorkerImpl -- processingStrategy.process(record) 處理失敗: Processing failed
java.lang.RuntimeException: Processing failed
	at com.charlessun.javaplcadapter.worker.impl.ConsumerWorkerImpl.pollLoop(ConsumerWorkerImpl.java:51)
	at java.base/java.lang.Thread.run(Thread.java:1583)
11:01:07.240 [Thread-1] ERROR com.charlessun.javaplcadapter.worker.impl.ConsumerWorkerImpl -- processingStrategy.process(record) 處理失敗: Processing failed
java.lang.RuntimeException: Processing failed
	at com.charlessun.javaplcadapter.worker.impl.ConsumerWorkerImpl.pollLoop(ConsumerWorkerImpl.java:51)
	at java.base/java.lang.Thread.run(Thread.java:1583)
11:01:07.240 [Thread-1] ERROR com.charlessun.javaplcadapter.worker.impl.ConsumerWorkerImpl -- processingStrategy.process(record) 處理失敗: Processing failed
java.lang.RuntimeException: Processing failed
	at com.charlessun.javaplcadapter.worker.impl.ConsumerWorkerImpl.pollLoop(ConsumerWorkerImpl.java:51)
	at java.base/java.lang.Thread.run(Thread.java:1583)
11:01:07.241 [Thread-1] ERROR com.charlessun.javaplcadapter.worker.impl.ConsumerWorkerImpl -- processingStrategy.process(record) 處理失敗: Processing failed
java.lang.RuntimeException: Processing failed
	at com.charlessun.javaplcadapter.worker.impl.ConsumerWorkerImpl.pollLoop(ConsumerWorkerImpl.java:51)
	at java.base/java.lang.Thread.run(Thread.java:1583)
11:01:07.241 [Thread-1] ERROR com.charlessun.javaplcadapter.worker.impl.ConsumerWorkerImpl -- processingStrategy.process(record) 處理失敗: Processing failed
java.lang.RuntimeException: Processing failed
	at com.charlessun.javaplcadapter.worker.impl.ConsumerWorkerImpl.pollLoop(ConsumerWorkerImpl.java:51)
	at java.base/java.lang.Thread.run(Thread.java:1583)
11:01:07.241 [Thread-1] ERROR com.charlessun.javaplcadapter.worker.impl.ConsumerWorkerImpl -- processingStrategy.process(record) 處理失敗: Processing failed
java.lang.RuntimeException: Processing failed
	at com.charlessun.javaplcadapter.worker.impl.ConsumerWorkerImpl.pollLoop(ConsumerWorkerImpl.java:51)
	at java.base/java.lang.Thread.run(Thread.java:1583)
11:01:07.241 [Thread-1] ERROR com.charlessun.javaplcadapter.worker.impl.ConsumerWorkerImpl -- processingStrategy.process(record) 處理失敗: Processing failed
java.lang.RuntimeException: Processing failed
	at com.charlessun.javaplcadapter.worker.impl.ConsumerWorkerImpl.pollLoop(ConsumerWorkerImpl.java:51)
	at java.base/java.lang.Thread.run(Thread.java:1583)
11:01:07.241 [Thread-1] ERROR com.charlessun.javaplcadapter.worker.impl.ConsumerWorkerImpl -- processingStrategy.process(record) 處理失敗: Processing failed
java.lang.RuntimeException: Processing failed
	at com.charlessun.javaplcadapter.worker.impl.ConsumerWorkerImpl.pollLoop(ConsumerWorkerImpl.java:51)
	at java.base/java.lang.Thread.run(Thread.java:1583)
11:01:07.241 [Thread-1] ERROR com.charlessun.javaplcadapter.worker.impl.ConsumerWorkerImpl -- processingStrategy.process(record) 處理失敗: Processing failed
java.lang.RuntimeException: Processing failed
	at com.charlessun.javaplcadapter.worker.impl.ConsumerWorkerImpl.pollLoop(ConsumerWorkerImpl.java:51)
	at java.base/java.lang.Thread.run(Thread.java:1583)
11:01:07.241 [Thread-1] ERROR com.charlessun.javaplcadapter.worker.impl.ConsumerWorkerImpl -- processingStrategy.process(record) 處理失敗: Processing failed
java.lang.RuntimeException: Processing failed
	at com.charlessun.javaplcadapter.worker.impl.ConsumerWorkerImpl.pollLoop(ConsumerWorkerImpl.java:51)
	at java.base/java.lang.Thread.run(Thread.java:1583)
11:01:07.241 [Thread-1] ERROR com.charlessun.javaplcadapter.worker.impl.ConsumerWorkerImpl -- processingStrategy.process(record) 處理失敗: Processing failed
java.lang.RuntimeException: Processing failed
	at com.charlessun.javaplcadapter.worker.impl.ConsumerWorkerImpl.pollLoop(ConsumerWorkerImpl.java:51)
	at java.base/java.lang.Thread.run(Thread.java:1583)
11:01:07.241 [Thread-1] ERROR com.charlessun.javaplcadapter.worker.impl.ConsumerWorkerImpl -- processingStrategy.process(record) 處理失敗: Processing failed
java.lang.RuntimeException: Processing failed
	at com.charlessun.javaplcadapter.worker.impl.ConsumerWorkerImpl.pollLoop(ConsumerWorkerImpl.java:51)
	at java.base/java.lang.Thread.run(Thread.java:1583)
11:01:07.241 [Thread-1] ERROR com.charlessun.javaplcadapter.worker.impl.ConsumerWorkerImpl -- processingStrategy.process(record) 處理失敗: Processing failed
java.lang.RuntimeException: Processing failed
	at com.charlessun.javaplcadapter.worker.impl.ConsumerWorkerImpl.pollLoop(ConsumerWorkerImpl.java:51)
	at java.base/java.lang.Thread.run(Thread.java:1583)
11:01:07.241 [Thread-1] ERROR com.charlessun.javaplcadapter.worker.impl.ConsumerWorkerImpl -- processingStrategy.process(record) 處理失敗: Processing failed
java.lang.RuntimeException: Processing failed
	at com.charlessun.javaplcadapter.worker.impl.ConsumerWorkerImpl.pollLoop(ConsumerWorkerImpl.java:51)
	at java.base/java.lang.Thread.run(Thread.java:1583)
11:01:07.242 [Thread-1] ERROR com.charlessun.javaplcadapter.worker.impl.ConsumerWorkerImpl -- processingStrategy.process(record) 處理失敗: Processing failed
java.lang.RuntimeException: Processing failed
	at com.charlessun.javaplcadapter.worker.impl.ConsumerWorkerImpl.pollLoop(ConsumerWorkerImpl.java:51)
	at java.base/java.lang.Thread.run(Thread.java:1583)
11:01:07.242 [Thread-1] ERROR com.charlessun.javaplcadapter.worker.impl.ConsumerWorkerImpl -- processingStrategy.process(record) 處理失敗: Processing failed
java.lang.RuntimeException: Processing failed
	at com.charlessun.javaplcadapter.worker.impl.ConsumerWorkerImpl.pollLoop(ConsumerWorkerImpl.java:51)
	at java.base/java.lang.Thread.run(Thread.java:1583)
11:01:07.242 [Thread-1] ERROR com.charlessun.javaplcadapter.worker.impl.ConsumerWorkerImpl -- processingStrategy.process(record) 處理失敗: Processing failed
java.lang.RuntimeException: Processing failed
	at com.charlessun.javaplcadapter.worker.impl.ConsumerWorkerImpl.pollLoop(ConsumerWorkerImpl.java:51)
	at java.base/java.lang.Thread.run(Thread.java:1583)
11:01:07.242 [Thread-1] ERROR com.charlessun.javaplcadapter.worker.impl.ConsumerWorkerImpl -- processingStrategy.process(record) 處理失敗: Processing failed
java.lang.RuntimeException: Processing failed
	at com.charlessun.javaplcadapter.worker.impl.ConsumerWorkerImpl.pollLoop(ConsumerWorkerImpl.java:51)
	at java.base/java.lang.Thread.run(Thread.java:1583)
11:01:07.242 [Thread-1] ERROR com.charlessun.javaplcadapter.worker.impl.ConsumerWorkerImpl -- processingStrategy.process(record) 處理失敗: Processing failed
java.lang.RuntimeException: Processing failed
	at com.charlessun.javaplcadapter.worker.impl.ConsumerWorkerImpl.pollLoop(ConsumerWorkerImpl.java:51)
	at java.base/java.lang.Thread.run(Thread.java:1583)
11:01:07.242 [Thread-1] ERROR com.charlessun.javaplcadapter.worker.impl.ConsumerWorkerImpl -- processingStrategy.process(record) 處理失敗: Processing failed
java.lang.RuntimeException: Processing failed
	at com.charlessun.javaplcadapter.worker.impl.ConsumerWorkerImpl.pollLoop(ConsumerWorkerImpl.java:51)
	at java.base/java.lang.Thread.run(Thread.java:1583)
11:01:07.242 [Thread-1] ERROR com.charlessun.javaplcadapter.worker.impl.ConsumerWorkerImpl -- processingStrategy.process(record) 處理失敗: Processing failed
java.lang.RuntimeException: Processing failed
	at com.charlessun.javaplcadapter.worker.impl.ConsumerWorkerImpl.pollLoop(ConsumerWorkerImpl.java:51)
	at java.base/java.lang.Thread.run(Thread.java:1583)
11:01:07.242 [Thread-1] ERROR com.charlessun.javaplcadapter.worker.impl.ConsumerWorkerImpl -- processingStrategy.process(record) 處理失敗: Processing failed
java.lang.RuntimeException: Processing failed
	at com.charlessun.javaplcadapter.worker.impl.ConsumerWorkerImpl.pollLoop(ConsumerWorkerImpl.java:51)
	at java.base/java.lang.Thread.run(Thread.java:1583)
11:01:07.242 [Thread-1] ERROR com.charlessun.javaplcadapter.worker.impl.ConsumerWorkerImpl -- processingStrategy.process(record) 處理失敗: Processing failed
java.lang.RuntimeException: Processing failed
	at com.charlessun.javaplcadapter.worker.impl.ConsumerWorkerImpl.pollLoop(ConsumerWorkerImpl.java:51)
	at java.base/java.lang.Thread.run(Thread.java:1583)
11:01:07.242 [Thread-1] ERROR com.charlessun.javaplcadapter.worker.impl.ConsumerWorkerImpl -- processingStrategy.process(record) 處理失敗: Processing failed
java.lang.RuntimeException: Processing failed
	at com.charlessun.javaplcadapter.worker.impl.ConsumerWorkerImpl.pollLoop(ConsumerWorkerImpl.java:51)
	at java.base/java.lang.Thread.run(Thread.java:1583)
11:01:07.242 [Thread-1] ERROR com.charlessun.javaplcadapter.worker.impl.ConsumerWorkerImpl -- processingStrategy.process(record) 處理失敗: Processing failed
java.lang.RuntimeException: Processing failed
	at com.charlessun.javaplcadapter.worker.impl.ConsumerWorkerImpl.pollLoop(ConsumerWorkerImpl.java:51)
	at java.base/java.lang.Thread.run(Thread.java:1583)
11:01:07.242 [Thread-1] ERROR com.charlessun.javaplcadapter.worker.impl.ConsumerWorkerImpl -- processingStrategy.process(record) 處理失敗: Processing failed
java.lang.RuntimeException: Processing failed
	at com.charlessun.javaplcadapter.worker.impl.ConsumerWorkerImpl.pollLoop(ConsumerWorkerImpl.java:51)
	at java.base/java.lang.Thread.run(Thread.java:1583)
11:01:07.242 [Thread-1] ERROR com.charlessun.javaplcadapter.worker.impl.ConsumerWorkerImpl -- processingStrategy.process(record) 處理失敗: Processing failed
java.lang.RuntimeException: Processing failed
	at com.charlessun.javaplcadapter.worker.impl.ConsumerWorkerImpl.pollLoop(ConsumerWorkerImpl.java:51)
	at java.base/java.lang.Thread.run(Thread.java:1583)
11:01:07.243 [Thread-1] ERROR com.charlessun.javaplcadapter.worker.impl.ConsumerWorkerImpl -- processingStrategy.process(record) 處理失敗: Processing failed
java.lang.RuntimeException: Processing failed
	at com.charlessun.javaplcadapter.worker.impl.ConsumerWorkerImpl.pollLoop(ConsumerWorkerImpl.java:51)
	at java.base/java.lang.Thread.run(Thread.java:1583)
11:01:07.243 [Thread-1] ERROR com.charlessun.javaplcadapter.worker.impl.ConsumerWorkerImpl -- processingStrategy.process(record) 處理失敗: Processing failed
java.lang.RuntimeException: Processing failed
	at com.charlessun.javaplcadapter.worker.impl.ConsumerWorkerImpl.pollLoop(ConsumerWorkerImpl.java:51)
	at java.base/java.lang.Thread.run(Thread.java:1583)
11:01:07.243 [Thread-1] ERROR com.charlessun.javaplcadapter.worker.impl.ConsumerWorkerImpl -- processingStrategy.process(record) 處理失敗: Processing failed
java.lang.RuntimeException: Processing failed
	at com.charlessun.javaplcadapter.worker.impl.ConsumerWorkerImpl.pollLoop(ConsumerWorkerImpl.java:51)
	at java.base/java.lang.Thread.run(Thread.java:1583)
11:01:07.243 [Thread-1] ERROR com.charlessun.javaplcadapter.worker.impl.ConsumerWorkerImpl -- processingStrategy.process(record) 處理失敗: Processing failed
java.lang.RuntimeException: Processing failed
	at com.charlessun.javaplcadapter.worker.impl.ConsumerWorkerImpl.pollLoop(ConsumerWorkerImpl.java:51)
	at java.base/java.lang.Thread.run(Thread.java:1583)
11:01:07.243 [Thread-1] ERROR com.charlessun.javaplcadapter.worker.impl.ConsumerWorkerImpl -- processingStrategy.process(record) 處理失敗: Processing failed
java.lang.RuntimeException: Processing failed
	at com.charlessun.javaplcadapter.worker.impl.ConsumerWorkerImpl.pollLoop(ConsumerWorkerImpl.java:51)
	at java.base/java.lang.Thread.run(Thread.java:1583)
11:01:07.243 [Thread-1] ERROR com.charlessun.javaplcadapter.worker.impl.ConsumerWorkerImpl -- processingStrategy.process(record) 處理失敗: Processing failed
java.lang.RuntimeException: Processing failed
	at com.charlessun.javaplcadapter.worker.impl.ConsumerWorkerImpl.pollLoop(ConsumerWorkerImpl.java:51)
	at java.base/java.lang.Thread.run(Thread.java:1583)
11:01:07.243 [Thread-1] ERROR com.charlessun.javaplcadapter.worker.impl.ConsumerWorkerImpl -- processingStrategy.process(record) 處理失敗: Processing failed
java.lang.RuntimeException: Processing failed
	at com.charlessun.javaplcadapter.worker.impl.ConsumerWorkerImpl.pollLoop(ConsumerWorkerImpl.java:51)
	at java.base/java.lang.Thread.run(Thread.java:1583)
11:01:07.243 [Thread-1] ERROR com.charlessun.javaplcadapter.worker.impl.ConsumerWorkerImpl -- processingStrategy.process(record) 處理失敗: Processing failed
java.lang.RuntimeException: Processing failed
	at com.charlessun.javaplcadapter.worker.impl.ConsumerWorkerImpl.pollLoop(ConsumerWorkerImpl.java:51)
	at java.base/java.lang.Thread.run(Thread.java:1583)
11:01:07.243 [Thread-1] ERROR com.charlessun.javaplcadapter.worker.impl.ConsumerWorkerImpl -- processingStrategy.process(record) 處理失敗: Processing failed
java.lang.RuntimeException: Processing failed
	at com.charlessun.javaplcadapter.worker.impl.ConsumerWorkerImpl.pollLoop(ConsumerWorkerImpl.java:51)
	at java.base/java.lang.Thread.run(Thread.java:1583)
11:01:07.243 [Thread-1] ERROR com.charlessun.javaplcadapter.worker.impl.ConsumerWorkerImpl -- processingStrategy.process(record) 處理失敗: Processing failed
java.lang.RuntimeException: Processing failed
	at com.charlessun.javaplcadapter.worker.impl.ConsumerWorkerImpl.pollLoop(ConsumerWorkerImpl.java:51)
	at java.base/java.lang.Thread.run(Thread.java:1583)
11:01:07.243 [Thread-1] ERROR com.charlessun.javaplcadapter.worker.impl.ConsumerWorkerImpl -- processingStrategy.process(record) 處理失敗: Processing failed
java.lang.RuntimeException: Processing failed
	at com.charlessun.javaplcadapter.worker.impl.ConsumerWorkerImpl.pollLoop(ConsumerWorkerImpl.java:51)
	at java.base/java.lang.Thread.run(Thread.java:1583)
11:01:07.243 [Thread-1] ERROR com.charlessun.javaplcadapter.worker.impl.ConsumerWorkerImpl -- processingStrategy.process(record) 處理失敗: Processing failed
java.lang.RuntimeException: Processing failed
	at com.charlessun.javaplcadapter.worker.impl.ConsumerWorkerImpl.pollLoop(ConsumerWorkerImpl.java:51)
	at java.base/java.lang.Thread.run(Thread.java:1583)
11:01:07.243 [Thread-1] ERROR com.charlessun.javaplcadapter.worker.impl.ConsumerWorkerImpl -- processingStrategy.process(record) 處理失敗: Processing failed
java.lang.RuntimeException: Processing failed
	at com.charlessun.javaplcadapter.worker.impl.ConsumerWorkerImpl.pollLoop(ConsumerWorkerImpl.java:51)
	at java.base/java.lang.Thread.run(Thread.java:1583)
11:01:07.243 [Thread-1] ERROR com.charlessun.javaplcadapter.worker.impl.ConsumerWorkerImpl -- processingStrategy.process(record) 處理失敗: Processing failed
java.lang.RuntimeException: Processing failed
	at com.charlessun.javaplcadapter.worker.impl.ConsumerWorkerImpl.pollLoop(ConsumerWorkerImpl.java:51)
	at java.base/java.lang.Thread.run(Thread.java:1583)
11:01:07.243 [Thread-1] ERROR com.charlessun.javaplcadapter.worker.impl.ConsumerWorkerImpl -- processingStrategy.process(record) 處理失敗: Processing failed
java.lang.RuntimeException: Processing failed
	at com.charlessun.javaplcadapter.worker.impl.ConsumerWorkerImpl.pollLoop(ConsumerWorkerImpl.java:51)
	at java.base/java.lang.Thread.run(Thread.java:1583)
11:01:07.244 [Thread-1] ERROR com.charlessun.javaplcadapter.worker.impl.ConsumerWorkerImpl -- processingStrategy.process(record) 處理失敗: Processing failed
java.lang.RuntimeException: Processing failed
	at com.charlessun.javaplcadapter.worker.impl.ConsumerWorkerImpl.pollLoop(ConsumerWorkerImpl.java:51)
	at java.base/java.lang.Thread.run(Thread.java:1583)
11:01:07.244 [Thread-1] ERROR com.charlessun.javaplcadapter.worker.impl.ConsumerWorkerImpl -- processingStrategy.process(record) 處理失敗: Processing failed
java.lang.RuntimeException: Processing failed
	at com.charlessun.javaplcadapter.worker.impl.ConsumerWorkerImpl.pollLoop(ConsumerWorkerImpl.java:51)
	at java.base/java.lang.Thread.run(Thread.java:1583)
11:01:07.244 [Thread-1] ERROR com.charlessun.javaplcadapter.worker.impl.ConsumerWorkerImpl -- processingStrategy.process(record) 處理失敗: Processing failed
java.lang.RuntimeException: Processing failed
	at com.charlessun.javaplcadapter.worker.impl.ConsumerWorkerImpl.pollLoop(ConsumerWorkerImpl.java:51)
	at java.base/java.lang.Thread.run(Thread.java:1583)
11:01:07.244 [Thread-1] ERROR com.charlessun.javaplcadapter.worker.impl.ConsumerWorkerImpl -- processingStrategy.process(record) 處理失敗: Processing failed
java.lang.RuntimeException: Processing failed
	at com.charlessun.javaplcadapter.worker.impl.ConsumerWorkerImpl.pollLoop(ConsumerWorkerImpl.java:51)
	at java.base/java.lang.Thread.run(Thread.java:1583)
11:01:07.244 [Thread-1] ERROR com.charlessun.javaplcadapter.worker.impl.ConsumerWorkerImpl -- processingStrategy.process(record) 處理失敗: Processing failed
java.lang.RuntimeException: Processing failed
	at com.charlessun.javaplcadapter.worker.impl.ConsumerWorkerImpl.pollLoop(ConsumerWorkerImpl.java:51)
	at java.base/java.lang.Thread.run(Thread.java:1583)
11:01:07.244 [Thread-1] ERROR com.charlessun.javaplcadapter.worker.impl.ConsumerWorkerImpl -- processingStrategy.process(record) 處理失敗: Processing failed
java.lang.RuntimeException: Processing failed
	at com.charlessun.javaplcadapter.worker.impl.ConsumerWorkerImpl.pollLoop(ConsumerWorkerImpl.java:51)
	at java.base/java.lang.Thread.run(Thread.java:1583)
11:01:07.244 [Thread-1] ERROR com.charlessun.javaplcadapter.worker.impl.ConsumerWorkerImpl -- processingStrategy.process(record) 處理失敗: Processing failed
java.lang.RuntimeException: Processing failed
	at com.charlessun.javaplcadapter.worker.impl.ConsumerWorkerImpl.pollLoop(ConsumerWorkerImpl.java:51)
	at java.base/java.lang.Thread.run(Thread.java:1583)
11:01:07.244 [Thread-1] ERROR com.charlessun.javaplcadapter.worker.impl.ConsumerWorkerImpl -- processingStrategy.process(record) 處理失敗: Processing failed
java.lang.RuntimeException: Processing failed
	at com.charlessun.javaplcadapter.worker.impl.ConsumerWorkerImpl.pollLoop(ConsumerWorkerImpl.java:51)
	at java.base/java.lang.Thread.run(Thread.java:1583)
11:01:07.244 [Thread-1] ERROR com.charlessun.javaplcadapter.worker.impl.ConsumerWorkerImpl -- processingStrategy.process(record) 處理失敗: Processing failed
java.lang.RuntimeException: Processing failed
	at com.charlessun.javaplcadapter.worker.impl.ConsumerWorkerImpl.pollLoop(ConsumerWorkerImpl.java:51)
	at java.base/java.lang.Thread.run(Thread.java:1583)
11:01:07.244 [Thread-1] ERROR com.charlessun.javaplcadapter.worker.impl.ConsumerWorkerImpl -- processingStrategy.process(record) 處理失敗: Processing failed
java.lang.RuntimeException: Processing failed
	at com.charlessun.javaplcadapter.worker.impl.ConsumerWorkerImpl.pollLoop(ConsumerWorkerImpl.java:51)
	at java.base/java.lang.Thread.run(Thread.java:1583)
11:01:07.244 [Thread-1] ERROR com.charlessun.javaplcadapter.worker.impl.ConsumerWorkerImpl -- processingStrategy.process(record) 處理失敗: Processing failed
java.lang.RuntimeException: Processing failed
	at com.charlessun.javaplcadapter.worker.impl.ConsumerWorkerImpl.pollLoop(ConsumerWorkerImpl.java:51)
	at java.base/java.lang.Thread.run(Thread.java:1583)
11:01:07.244 [Thread-1] ERROR com.charlessun.javaplcadapter.worker.impl.ConsumerWorkerImpl -- processingStrategy.process(record) 處理失敗: Processing failed
java.lang.RuntimeException: Processing failed
	at com.charlessun.javaplcadapter.worker.impl.ConsumerWorkerImpl.pollLoop(ConsumerWorkerImpl.java:51)
	at java.base/java.lang.Thread.run(Thread.java:1583)
11:01:07.244 [Thread-1] ERROR com.charlessun.javaplcadapter.worker.impl.ConsumerWorkerImpl -- processingStrategy.process(record) 處理失敗: Processing failed
java.lang.RuntimeException: Processing failed
	at com.charlessun.javaplcadapter.worker.impl.ConsumerWorkerImpl.pollLoop(ConsumerWorkerImpl.java:51)
	at java.base/java.lang.Thread.run(Thread.java:1583)
11:01:07.244 [Thread-1] ERROR com.charlessun.javaplcadapter.worker.impl.ConsumerWorkerImpl -- processingStrategy.process(record) 處理失敗: Processing failed
java.lang.RuntimeException: Processing failed
	at com.charlessun.javaplcadapter.worker.impl.ConsumerWorkerImpl.pollLoop(ConsumerWorkerImpl.java:51)
	at java.base/java.lang.Thread.run(Thread.java:1583)
11:01:07.244 [Thread-1] ERROR com.charlessun.javaplcadapter.worker.impl.ConsumerWorkerImpl -- processingStrategy.process(record) 處理失敗: Processing failed
java.lang.RuntimeException: Processing failed
	at com.charlessun.javaplcadapter.worker.impl.ConsumerWorkerImpl.pollLoop(ConsumerWorkerImpl.java:51)
	at java.base/java.lang.Thread.run(Thread.java:1583)
11:01:07.245 [Thread-1] ERROR com.charlessun.javaplcadapter.worker.impl.ConsumerWorkerImpl -- processingStrategy.process(record) 處理失敗: Processing failed
java.lang.RuntimeException: Processing failed
	at com.charlessun.javaplcadapter.worker.impl.ConsumerWorkerImpl.pollLoop(ConsumerWorkerImpl.java:51)
	at java.base/java.lang.Thread.run(Thread.java:1583)
11:01:07.245 [Thread-1] ERROR com.charlessun.javaplcadapter.worker.impl.ConsumerWorkerImpl -- processingStrategy.process(record) 處理失敗: Processing failed
java.lang.RuntimeException: Processing failed
	at com.charlessun.javaplcadapter.worker.impl.ConsumerWorkerImpl.pollLoop(ConsumerWorkerImpl.java:51)
	at java.base/java.lang.Thread.run(Thread.java:1583)
11:01:07.245 [Thread-1] ERROR com.charlessun.javaplcadapter.worker.impl.ConsumerWorkerImpl -- processingStrategy.process(record) 處理失敗: Processing failed
java.lang.RuntimeException: Processing failed
	at com.charlessun.javaplcadapter.worker.impl.ConsumerWorkerImpl.pollLoop(ConsumerWorkerImpl.java:51)
	at java.base/java.lang.Thread.run(Thread.java:1583)
11:01:07.245 [Thread-1] ERROR com.charlessun.javaplcadapter.worker.impl.ConsumerWorkerImpl -- processingStrategy.process(record) 處理失敗: Processing failed
java.lang.RuntimeException: Processing failed
	at com.charlessun.javaplcadapter.worker.impl.ConsumerWorkerImpl.pollLoop(ConsumerWorkerImpl.java:51)
	at java.base/java.lang.Thread.run(Thread.java:1583)
11:01:07.245 [Thread-1] ERROR com.charlessun.javaplcadapter.worker.impl.ConsumerWorkerImpl -- processingStrategy.process(record) 處理失敗: Processing failed
java.lang.RuntimeException: Processing failed
	at com.charlessun.javaplcadapter.worker.impl.ConsumerWorkerImpl.pollLoop(ConsumerWorkerImpl.java:51)
	at java.base/java.lang.Thread.run(Thread.java:1583)
11:01:07.245 [Thread-1] ERROR com.charlessun.javaplcadapter.worker.impl.ConsumerWorkerImpl -- processingStrategy.process(record) 處理失敗: Processing failed
java.lang.RuntimeException: Processing failed
	at com.charlessun.javaplcadapter.worker.impl.ConsumerWorkerImpl.pollLoop(ConsumerWorkerImpl.java:51)
	at java.base/java.lang.Thread.run(Thread.java:1583)
11:01:07.245 [Thread-1] ERROR com.charlessun.javaplcadapter.worker.impl.ConsumerWorkerImpl -- processingStrategy.process(record) 處理失敗: Processing failed
java.lang.RuntimeException: Processing failed
	at com.charlessun.javaplcadapter.worker.impl.ConsumerWorkerImpl.pollLoop(ConsumerWorkerImpl.java:51)
	at java.base/java.lang.Thread.run(Thread.java:1583)
11:01:07.245 [Thread-1] ERROR com.charlessun.javaplcadapter.worker.impl.ConsumerWorkerImpl -- processingStrategy.process(record) 處理失敗: Processing failed
java.lang.RuntimeException: Processing failed
	at com.charlessun.javaplcadapter.worker.impl.ConsumerWorkerImpl.pollLoop(ConsumerWorkerImpl.java:51)
	at java.base/java.lang.Thread.run(Thread.java:1583)
11:01:07.245 [Thread-1] ERROR com.charlessun.javaplcadapter.worker.impl.ConsumerWorkerImpl -- processingStrategy.process(record) 處理失敗: Processing failed
java.lang.RuntimeException: Processing failed
	at com.charlessun.javaplcadapter.worker.impl.ConsumerWorkerImpl.pollLoop(ConsumerWorkerImpl.java:51)
	at java.base/java.lang.Thread.run(Thread.java:1583)
11:01:07.245 [Thread-1] ERROR com.charlessun.javaplcadapter.worker.impl.ConsumerWorkerImpl -- processingStrategy.process(record) 處理失敗: Processing failed
java.lang.RuntimeException: Processing failed
	at com.charlessun.javaplcadapter.worker.impl.ConsumerWorkerImpl.pollLoop(ConsumerWorkerImpl.java:51)
	at java.base/java.lang.Thread.run(Thread.java:1583)
11:01:07.246 [Thread-1] ERROR com.charlessun.javaplcadapter.worker.impl.ConsumerWorkerImpl -- processingStrategy.process(record) 處理失敗: Processing failed
java.lang.RuntimeException: Processing failed
	at com.charlessun.javaplcadapter.worker.impl.ConsumerWorkerImpl.pollLoop(ConsumerWorkerImpl.java:51)
	at java.base/java.lang.Thread.run(Thread.java:1583)
11:01:07.246 [Thread-1] ERROR com.charlessun.javaplcadapter.worker.impl.ConsumerWorkerImpl -- processingStrategy.process(record) 處理失敗: Processing failed
java.lang.RuntimeException: Processing failed
	at com.charlessun.javaplcadapter.worker.impl.ConsumerWorkerImpl.pollLoop(ConsumerWorkerImpl.java:51)
	at java.base/java.lang.Thread.run(Thread.java:1583)
11:01:07.246 [Thread-1] ERROR com.charlessun.javaplcadapter.worker.impl.ConsumerWorkerImpl -- processingStrategy.process(record) 處理失敗: Processing failed
java.lang.RuntimeException: Processing failed
	at com.charlessun.javaplcadapter.worker.impl.ConsumerWorkerImpl.pollLoop(ConsumerWorkerImpl.java:51)
	at java.base/java.lang.Thread.run(Thread.java:1583)
11:01:07.246 [Thread-1] ERROR com.charlessun.javaplcadapter.worker.impl.ConsumerWorkerImpl -- processingStrategy.process(record) 處理失敗: Processing failed
java.lang.RuntimeException: Processing failed
	at com.charlessun.javaplcadapter.worker.impl.ConsumerWorkerImpl.pollLoop(ConsumerWorkerImpl.java:51)
	at java.base/java.lang.Thread.run(Thread.java:1583)
11:01:07.246 [Thread-1] ERROR com.charlessun.javaplcadapter.worker.impl.ConsumerWorkerImpl -- processingStrategy.process(record) 處理失敗: Processing failed
java.lang.RuntimeException: Processing failed
	at com.charlessun.javaplcadapter.worker.impl.ConsumerWorkerImpl.pollLoop(ConsumerWorkerImpl.java:51)
	at java.base/java.lang.Thread.run(Thread.java:1583)
11:01:07.246 [Thread-1] ERROR com.charlessun.javaplcadapter.worker.impl.ConsumerWorkerImpl -- processingStrategy.process(record) 處理失敗: Processing failed
java.lang.RuntimeException: Processing failed
	at com.charlessun.javaplcadapter.worker.impl.ConsumerWorkerImpl.pollLoop(ConsumerWorkerImpl.java:51)
	at java.base/java.lang.Thread.run(Thread.java:1583)
11:01:07.246 [Thread-1] ERROR com.charlessun.javaplcadapter.worker.impl.ConsumerWorkerImpl -- processingStrategy.process(record) 處理失敗: Processing failed
java.lang.RuntimeException: Processing failed
	at com.charlessun.javaplcadapter.worker.impl.ConsumerWorkerImpl.pollLoop(ConsumerWorkerImpl.java:51)
	at java.base/java.lang.Thread.run(Thread.java:1583)
11:01:07.246 [Thread-1] ERROR com.charlessun.javaplcadapter.worker.impl.ConsumerWorkerImpl -- processingStrategy.process(record) 處理失敗: Processing failed
java.lang.RuntimeException: Processing failed
	at com.charlessun.javaplcadapter.worker.impl.ConsumerWorkerImpl.pollLoop(ConsumerWorkerImpl.java:51)
	at java.base/java.lang.Thread.run(Thread.java:1583)
11:01:07.246 [Thread-1] ERROR com.charlessun.javaplcadapter.worker.impl.ConsumerWorkerImpl -- processingStrategy.process(record) 處理失敗: Processing failed
java.lang.RuntimeException: Processing failed
	at com.charlessun.javaplcadapter.worker.impl.ConsumerWorkerImpl.pollLoop(ConsumerWorkerImpl.java:51)
	at java.base/java.lang.Thread.run(Thread.java:1583)
11:01:07.246 [Thread-1] ERROR com.charlessun.javaplcadapter.worker.impl.ConsumerWorkerImpl -- processingStrategy.process(record) 處理失敗: Processing failed
java.lang.RuntimeException: Processing failed
	at com.charlessun.javaplcadapter.worker.impl.ConsumerWorkerImpl.pollLoop(ConsumerWorkerImpl.java:51)
	at java.base/java.lang.Thread.run(Thread.java:1583)
11:01:07.246 [Thread-1] ERROR com.charlessun.javaplcadapter.worker.impl.ConsumerWorkerImpl -- processingStrategy.process(record) 處理失敗: Processing failed
java.lang.RuntimeException: Processing failed
	at com.charlessun.javaplcadapter.worker.impl.ConsumerWorkerImpl.pollLoop(ConsumerWorkerImpl.java:51)
	at java.base/java.lang.Thread.run(Thread.java:1583)
11:01:07.246 [Thread-1] ERROR com.charlessun.javaplcadapter.worker.impl.ConsumerWorkerImpl -- processingStrategy.process(record) 處理失敗: Processing failed
java.lang.RuntimeException: Processing failed
	at com.charlessun.javaplcadapter.worker.impl.ConsumerWorkerImpl.pollLoop(ConsumerWorkerImpl.java:51)
	at java.base/java.lang.Thread.run(Thread.java:1583)
11:01:07.246 [Thread-1] ERROR com.charlessun.javaplcadapter.worker.impl.ConsumerWorkerImpl -- processingStrategy.process(record) 處理失敗: Processing failed
java.lang.RuntimeException: Processing failed
	at com.charlessun.javaplcadapter.worker.impl.ConsumerWorkerImpl.pollLoop(ConsumerWorkerImpl.java:51)
	at java.base/java.lang.Thread.run(Thread.java:1583)
11:01:07.246 [Thread-1] ERROR com.charlessun.javaplcadapter.worker.impl.ConsumerWorkerImpl -- processingStrategy.process(record) 處理失敗: Processing failed
java.lang.RuntimeException: Processing failed
	at com.charlessun.javaplcadapter.worker.impl.ConsumerWorkerImpl.pollLoop(ConsumerWorkerImpl.java:51)
	at java.base/java.lang.Thread.run(Thread.java:1583)
11:01:07.247 [Thread-1] ERROR com.charlessun.javaplcadapter.worker.impl.ConsumerWorkerImpl -- processingStrategy.process(record) 處理失敗: Processing failed
java.lang.RuntimeException: Processing failed
	at com.charlessun.javaplcadapter.worker.impl.ConsumerWorkerImpl.pollLoop(ConsumerWorkerImpl.java:51)
	at java.base/java.lang.Thread.run(Thread.java:1583)
11:01:07.247 [Thread-1] ERROR com.charlessun.javaplcadapter.worker.impl.ConsumerWorkerImpl -- processingStrategy.process(record) 處理失敗: Processing failed
java.lang.RuntimeException: Processing failed
	at com.charlessun.javaplcadapter.worker.impl.ConsumerWorkerImpl.pollLoop(ConsumerWorkerImpl.java:51)
	at java.base/java.lang.Thread.run(Thread.java:1583)
11:01:07.247 [Thread-1] ERROR com.charlessun.javaplcadapter.worker.impl.ConsumerWorkerImpl -- processingStrategy.process(record) 處理失敗: Processing failed
java.lang.RuntimeException: Processing failed
	at com.charlessun.javaplcadapter.worker.impl.ConsumerWorkerImpl.pollLoop(ConsumerWorkerImpl.java:51)
	at java.base/java.lang.Thread.run(Thread.java:1583)
11:01:07.247 [Thread-1] ERROR com.charlessun.javaplcadapter.worker.impl.ConsumerWorkerImpl -- processingStrategy.process(record) 處理失敗: Processing failed
java.lang.RuntimeException: Processing failed
	at com.charlessun.javaplcadapter.worker.impl.ConsumerWorkerImpl.pollLoop(ConsumerWorkerImpl.java:51)
	at java.base/java.lang.Thread.run(Thread.java:1583)
11:01:07.247 [Thread-1] ERROR com.charlessun.javaplcadapter.worker.impl.ConsumerWorkerImpl -- processingStrategy.process(record) 處理失敗: Processing failed
java.lang.RuntimeException: Processing failed
	at com.charlessun.javaplcadapter.worker.impl.ConsumerWorkerImpl.pollLoop(ConsumerWorkerImpl.java:51)
	at java.base/java.lang.Thread.run(Thread.java:1583)
11:01:07.247 [Thread-1] ERROR com.charlessun.javaplcadapter.worker.impl.ConsumerWorkerImpl -- processingStrategy.process(record) 處理失敗: Processing failed
java.lang.RuntimeException: Processing failed
	at com.charlessun.javaplcadapter.worker.impl.ConsumerWorkerImpl.pollLoop(ConsumerWorkerImpl.java:51)
	at java.base/java.lang.Thread.run(Thread.java:1583)
11:01:07.247 [Thread-1] ERROR com.charlessun.javaplcadapter.worker.impl.ConsumerWorkerImpl -- processingStrategy.process(record) 處理失敗: Processing failed
java.lang.RuntimeException: Processing failed
	at com.charlessun.javaplcadapter.worker.impl.ConsumerWorkerImpl.pollLoop(ConsumerWorkerImpl.java:51)
	at java.base/java.lang.Thread.run(Thread.java:1583)
11:01:07.247 [Thread-1] ERROR com.charlessun.javaplcadapter.worker.impl.ConsumerWorkerImpl -- processingStrategy.process(record) 處理失敗: Processing failed
java.lang.RuntimeException: Processing failed
	at com.charlessun.javaplcadapter.worker.impl.ConsumerWorkerImpl.pollLoop(ConsumerWorkerImpl.java:51)
	at java.base/java.lang.Thread.run(Thread.java:1583)
11:01:07.247 [Thread-1] ERROR com.charlessun.javaplcadapter.worker.impl.ConsumerWorkerImpl -- processingStrategy.process(record) 處理失敗: Processing failed
java.lang.RuntimeException: Processing failed
	at com.charlessun.javaplcadapter.worker.impl.ConsumerWorkerImpl.pollLoop(ConsumerWorkerImpl.java:51)
	at java.base/java.lang.Thread.run(Thread.java:1583)
11:01:07.247 [Thread-1] ERROR com.charlessun.javaplcadapter.worker.impl.ConsumerWorkerImpl -- processingStrategy.process(record) 處理失敗: Processing failed
java.lang.RuntimeException: Processing failed
	at com.charlessun.javaplcadapter.worker.impl.ConsumerWorkerImpl.pollLoop(ConsumerWorkerImpl.java:51)
	at java.base/java.lang.Thread.run(Thread.java:1583)
11:01:07.247 [Thread-1] ERROR com.charlessun.javaplcadapter.worker.impl.ConsumerWorkerImpl -- processingStrategy.process(record) 處理失敗: Processing failed
java.lang.RuntimeException: Processing failed
	at com.charlessun.javaplcadapter.worker.impl.ConsumerWorkerImpl.pollLoop(ConsumerWorkerImpl.java:51)
	at java.base/java.lang.Thread.run(Thread.java:1583)
11:01:07.247 [Thread-1] ERROR com.charlessun.javaplcadapter.worker.impl.ConsumerWorkerImpl -- processingStrategy.process(record) 處理失敗: Processing failed
java.lang.RuntimeException: Processing failed
	at com.charlessun.javaplcadapter.worker.impl.ConsumerWorkerImpl.pollLoop(ConsumerWorkerImpl.java:51)
	at java.base/java.lang.Thread.run(Thread.java:1583)
11:01:07.248 [Thread-1] ERROR com.charlessun.javaplcadapter.worker.impl.ConsumerWorkerImpl -- processingStrategy.process(record) 處理失敗: Processing failed
java.lang.RuntimeException: Processing failed
	at com.charlessun.javaplcadapter.worker.impl.ConsumerWorkerImpl.pollLoop(ConsumerWorkerImpl.java:51)
	at java.base/java.lang.Thread.run(Thread.java:1583)
11:01:07.248 [Thread-1] ERROR com.charlessun.javaplcadapter.worker.impl.ConsumerWorkerImpl -- processingStrategy.process(record) 處理失敗: Processing failed
java.lang.RuntimeException: Processing failed
	at com.charlessun.javaplcadapter.worker.impl.ConsumerWorkerImpl.pollLoop(ConsumerWorkerImpl.java:51)
	at java.base/java.lang.Thread.run(Thread.java:1583)
11:01:07.248 [Thread-1] ERROR com.charlessun.javaplcadapter.worker.impl.ConsumerWorkerImpl -- processingStrategy.process(record) 處理失敗: Processing failed
java.lang.RuntimeException: Processing failed
	at com.charlessun.javaplcadapter.worker.impl.ConsumerWorkerImpl.pollLoop(ConsumerWorkerImpl.java:51)
	at java.base/java.lang.Thread.run(Thread.java:1583)
11:01:07.248 [Thread-1] ERROR com.charlessun.javaplcadapter.worker.impl.ConsumerWorkerImpl -- processingStrategy.process(record) 處理失敗: Processing failed
java.lang.RuntimeException: Processing failed
	at com.charlessun.javaplcadapter.worker.impl.ConsumerWorkerImpl.pollLoop(ConsumerWorkerImpl.java:51)
	at java.base/java.lang.Thread.run(Thread.java:1583)
11:01:07.248 [Thread-1] ERROR com.charlessun.javaplcadapter.worker.impl.ConsumerWorkerImpl -- processingStrategy.process(record) 處理失敗: Processing failed
java.lang.RuntimeException: Processing failed
	at com.charlessun.javaplcadapter.worker.impl.ConsumerWorkerImpl.pollLoop(ConsumerWorkerImpl.java:51)
	at java.base/java.lang.Thread.run(Thread.java:1583)
11:01:07.248 [Thread-1] ERROR com.charlessun.javaplcadapter.worker.impl.ConsumerWorkerImpl -- processingStrategy.process(record) 處理失敗: Processing failed
java.lang.RuntimeException: Processing failed
	at com.charlessun.javaplcadapter.worker.impl.ConsumerWorkerImpl.pollLoop(ConsumerWorkerImpl.java:51)
	at java.base/java.lang.Thread.run(Thread.java:1583)
11:01:07.248 [Thread-1] ERROR com.charlessun.javaplcadapter.worker.impl.ConsumerWorkerImpl -- processingStrategy.process(record) 處理失敗: Processing failed
java.lang.RuntimeException: Processing failed
	at com.charlessun.javaplcadapter.worker.impl.ConsumerWorkerImpl.pollLoop(ConsumerWorkerImpl.java:51)
	at java.base/java.lang.Thread.run(Thread.java:1583)
11:01:07.248 [Thread-1] ERROR com.charlessun.javaplcadapter.worker.impl.ConsumerWorkerImpl -- processingStrategy.process(record) 處理失敗: Processing failed
java.lang.RuntimeException: Processing failed
	at com.charlessun.javaplcadapter.worker.impl.ConsumerWorkerImpl.pollLoop(ConsumerWorkerImpl.java:51)
	at java.base/java.lang.Thread.run(Thread.java:1583)
11:01:07.248 [Thread-1] ERROR com.charlessun.javaplcadapter.worker.impl.ConsumerWorkerImpl -- processingStrategy.process(record) 處理失敗: Processing failed
java.lang.RuntimeException: Processing failed
	at com.charlessun.javaplcadapter.worker.impl.ConsumerWorkerImpl.pollLoop(ConsumerWorkerImpl.java:51)
	at java.base/java.lang.Thread.run(Thread.java:1583)
11:01:07.248 [Thread-1] ERROR com.charlessun.javaplcadapter.worker.impl.ConsumerWorkerImpl -- processingStrategy.process(record) 處理失敗: Processing failed
java.lang.RuntimeException: Processing failed
	at com.charlessun.javaplcadapter.worker.impl.ConsumerWorkerImpl.pollLoop(ConsumerWorkerImpl.java:51)
	at java.base/java.lang.Thread.run(Thread.java:1583)
11:01:07.248 [Thread-1] ERROR com.charlessun.javaplcadapter.worker.impl.ConsumerWorkerImpl -- processingStrategy.process(record) 處理失敗: Processing failed
java.lang.RuntimeException: Processing failed
	at com.charlessun.javaplcadapter.worker.impl.ConsumerWorkerImpl.pollLoop(ConsumerWorkerImpl.java:51)
	at java.base/java.lang.Thread.run(Thread.java:1583)
11:01:07.248 [Thread-1] ERROR com.charlessun.javaplcadapter.worker.impl.ConsumerWorkerImpl -- processingStrategy.process(record) 處理失敗: Processing failed
java.lang.RuntimeException: Processing failed
	at com.charlessun.javaplcadapter.worker.impl.ConsumerWorkerImpl.pollLoop(ConsumerWorkerImpl.java:51)
	at java.base/java.lang.Thread.run(Thread.java:1583)
11:01:07.248 [Thread-1] ERROR com.charlessun.javaplcadapter.worker.impl.ConsumerWorkerImpl -- processingStrategy.process(record) 處理失敗: Processing failed
java.lang.RuntimeException: Processing failed
	at com.charlessun.javaplcadapter.worker.impl.ConsumerWorkerImpl.pollLoop(ConsumerWorkerImpl.java:51)
	at java.base/java.lang.Thread.run(Thread.java:1583)
11:01:07.248 [Thread-1] ERROR com.charlessun.javaplcadapter.worker.impl.ConsumerWorkerImpl -- processingStrategy.process(record) 處理失敗: Processing failed
java.lang.RuntimeException: Processing failed
	at com.charlessun.javaplcadapter.worker.impl.ConsumerWorkerImpl.pollLoop(ConsumerWorkerImpl.java:51)
	at java.base/java.lang.Thread.run(Thread.java:1583)
11:01:07.249 [Thread-1] ERROR com.charlessun.javaplcadapter.worker.impl.ConsumerWorkerImpl -- processingStrategy.process(record) 處理失敗: Processing failed
java.lang.RuntimeException: Processing failed
	at com.charlessun.javaplcadapter.worker.impl.ConsumerWorkerImpl.pollLoop(ConsumerWorkerImpl.java:51)
	at java.base/java.lang.Thread.run(Thread.java:1583)
11:01:07.249 [Thread-1] ERROR com.charlessun.javaplcadapter.worker.impl.ConsumerWorkerImpl -- processingStrategy.process(record) 處理失敗: Processing failed
java.lang.RuntimeException: Processing failed
	at com.charlessun.javaplcadapter.worker.impl.ConsumerWorkerImpl.pollLoop(ConsumerWorkerImpl.java:51)
	at java.base/java.lang.Thread.run(Thread.java:1583)
11:01:07.249 [Thread-1] ERROR com.charlessun.javaplcadapter.worker.impl.ConsumerWorkerImpl -- processingStrategy.process(record) 處理失敗: Processing failed
java.lang.RuntimeException: Processing failed
	at com.charlessun.javaplcadapter.worker.impl.ConsumerWorkerImpl.pollLoop(ConsumerWorkerImpl.java:51)
	at java.base/java.lang.Thread.run(Thread.java:1583)
11:01:07.249 [Thread-1] ERROR com.charlessun.javaplcadapter.worker.impl.ConsumerWorkerImpl -- processingStrategy.process(record) 處理失敗: Processing failed
java.lang.RuntimeException: Processing failed
	at com.charlessun.javaplcadapter.worker.impl.ConsumerWorkerImpl.pollLoop(ConsumerWorkerImpl.java:51)
	at java.base/java.lang.Thread.run(Thread.java:1583)
11:01:07.249 [Thread-1] ERROR com.charlessun.javaplcadapter.worker.impl.ConsumerWorkerImpl -- processingStrategy.process(record) 處理失敗: Processing failed
java.lang.RuntimeException: Processing failed
	at com.charlessun.javaplcadapter.worker.impl.ConsumerWorkerImpl.pollLoop(ConsumerWorkerImpl.java:51)
	at java.base/java.lang.Thread.run(Thread.java:1583)
11:01:07.249 [Thread-1] ERROR com.charlessun.javaplcadapter.worker.impl.ConsumerWorkerImpl -- processingStrategy.process(record) 處理失敗: Processing failed
java.lang.RuntimeException: Processing failed
	at com.charlessun.javaplcadapter.worker.impl.ConsumerWorkerImpl.pollLoop(ConsumerWorkerImpl.java:51)
	at java.base/java.lang.Thread.run(Thread.java:1583)
11:01:07.249 [Thread-1] ERROR com.charlessun.javaplcadapter.worker.impl.ConsumerWorkerImpl -- processingStrategy.process(record) 處理失敗: Processing failed
java.lang.RuntimeException: Processing failed
	at com.charlessun.javaplcadapter.worker.impl.ConsumerWorkerImpl.pollLoop(ConsumerWorkerImpl.java:51)
	at java.base/java.lang.Thread.run(Thread.java:1583)
11:01:07.249 [Thread-1] ERROR com.charlessun.javaplcadapter.worker.impl.ConsumerWorkerImpl -- processingStrategy.process(record) 處理失敗: Processing failed
java.lang.RuntimeException: Processing failed
	at com.charlessun.javaplcadapter.worker.impl.ConsumerWorkerImpl.pollLoop(ConsumerWorkerImpl.java:51)
	at java.base/java.lang.Thread.run(Thread.java:1583)
11:01:07.249 [Thread-1] ERROR com.charlessun.javaplcadapter.worker.impl.ConsumerWorkerImpl -- processingStrategy.process(record) 處理失敗: Processing failed
java.lang.RuntimeException: Processing failed
	at com.charlessun.javaplcadapter.worker.impl.ConsumerWorkerImpl.pollLoop(ConsumerWorkerImpl.java:51)
	at java.base/java.lang.Thread.run(Thread.java:1583)
11:01:07.249 [Thread-1] ERROR com.charlessun.javaplcadapter.worker.impl.ConsumerWorkerImpl -- processingStrategy.process(record) 處理失敗: Processing failed
java.lang.RuntimeException: Processing failed
	at com.charlessun.javaplcadapter.worker.impl.ConsumerWorkerImpl.pollLoop(ConsumerWorkerImpl.java:51)
	at java.base/java.lang.Thread.run(Thread.java:1583)
11:01:07.249 [Thread-1] ERROR com.charlessun.javaplcadapter.worker.impl.ConsumerWorkerImpl -- processingStrategy.process(record) 處理失敗: Processing failed
java.lang.RuntimeException: Processing failed
	at com.charlessun.javaplcadapter.worker.impl.ConsumerWorkerImpl.pollLoop(ConsumerWorkerImpl.java:51)
	at java.base/java.lang.Thread.run(Thread.java:1583)
11:01:07.250 [Thread-1] ERROR com.charlessun.javaplcadapter.worker.impl.ConsumerWorkerImpl -- processingStrategy.process(record) 處理失敗: Processing failed
java.lang.RuntimeException: Processing failed
	at com.charlessun.javaplcadapter.worker.impl.ConsumerWorkerImpl.pollLoop(ConsumerWorkerImpl.java:51)
	at java.base/java.lang.Thread.run(Thread.java:1583)
11:01:07.250 [Thread-1] ERROR com.charlessun.javaplcadapter.worker.impl.ConsumerWorkerImpl -- processingStrategy.process(record) 處理失敗: Processing failed
java.lang.RuntimeException: Processing failed
	at com.charlessun.javaplcadapter.worker.impl.ConsumerWorkerImpl.pollLoop(ConsumerWorkerImpl.java:51)
	at java.base/java.lang.Thread.run(Thread.java:1583)
11:01:07.250 [Thread-1] ERROR com.charlessun.javaplcadapter.worker.impl.ConsumerWorkerImpl -- processingStrategy.process(record) 處理失敗: Processing failed
java.lang.RuntimeException: Processing failed
	at com.charlessun.javaplcadapter.worker.impl.ConsumerWorkerImpl.pollLoop(ConsumerWorkerImpl.java:51)
	at java.base/java.lang.Thread.run(Thread.java:1583)
11:01:07.250 [Thread-1] ERROR com.charlessun.javaplcadapter.worker.impl.ConsumerWorkerImpl -- processingStrategy.process(record) 處理失敗: Processing failed
java.lang.RuntimeException: Processing failed
	at com.charlessun.javaplcadapter.worker.impl.ConsumerWorkerImpl.pollLoop(ConsumerWorkerImpl.java:51)
	at java.base/java.lang.Thread.run(Thread.java:1583)
11:01:07.250 [Thread-1] ERROR com.charlessun.javaplcadapter.worker.impl.ConsumerWorkerImpl -- processingStrategy.process(record) 處理失敗: Processing failed
java.lang.RuntimeException: Processing failed
	at com.charlessun.javaplcadapter.worker.impl.ConsumerWorkerImpl.pollLoop(ConsumerWorkerImpl.java:51)
	at java.base/java.lang.Thread.run(Thread.java:1583)
11:01:07.250 [Thread-1] ERROR com.charlessun.javaplcadapter.worker.impl.ConsumerWorkerImpl -- processingStrategy.process(record) 處理失敗: Processing failed
java.lang.RuntimeException: Processing failed
	at com.charlessun.javaplcadapter.worker.impl.ConsumerWorkerImpl.pollLoop(ConsumerWorkerImpl.java:51)
	at java.base/java.lang.Thread.run(Thread.java:1583)
11:01:07.250 [Thread-1] ERROR com.charlessun.javaplcadapter.worker.impl.ConsumerWorkerImpl -- processingStrategy.process(record) 處理失敗: Processing failed
java.lang.RuntimeException: Processing failed
	at com.charlessun.javaplcadapter.worker.impl.ConsumerWorkerImpl.pollLoop(ConsumerWorkerImpl.java:51)
	at java.base/java.lang.Thread.run(Thread.java:1583)
11:01:07.250 [Thread-1] ERROR com.charlessun.javaplcadapter.worker.impl.ConsumerWorkerImpl -- processingStrategy.process(record) 處理失敗: Processing failed
java.lang.RuntimeException: Processing failed
	at com.charlessun.javaplcadapter.worker.impl.ConsumerWorkerImpl.pollLoop(ConsumerWorkerImpl.java:51)
	at java.base/java.lang.Thread.run(Thread.java:1583)
11:01:07.250 [Thread-1] ERROR com.charlessun.javaplcadapter.worker.impl.ConsumerWorkerImpl -- processingStrategy.process(record) 處理失敗: Processing failed
java.lang.RuntimeException: Processing failed
	at com.charlessun.javaplcadapter.worker.impl.ConsumerWorkerImpl.pollLoop(ConsumerWorkerImpl.java:51)
	at java.base/java.lang.Thread.run(Thread.java:1583)
11:01:07.250 [Thread-1] ERROR com.charlessun.javaplcadapter.worker.impl.ConsumerWorkerImpl -- processingStrategy.process(record) 處理失敗: Processing failed
java.lang.RuntimeException: Processing failed
	at com.charlessun.javaplcadapter.worker.impl.ConsumerWorkerImpl.pollLoop(ConsumerWorkerImpl.java:51)
	at java.base/java.lang.Thread.run(Thread.java:1583)
11:01:07.250 [Thread-1] ERROR com.charlessun.javaplcadapter.worker.impl.ConsumerWorkerImpl -- processingStrategy.process(record) 處理失敗: Processing failed
java.lang.RuntimeException: Processing failed
	at com.charlessun.javaplcadapter.worker.impl.ConsumerWorkerImpl.pollLoop(ConsumerWorkerImpl.java:51)
	at java.base/java.lang.Thread.run(Thread.java:1583)
11:01:07.251 [Thread-1] ERROR com.charlessun.javaplcadapter.worker.impl.ConsumerWorkerImpl -- processingStrategy.process(record) 處理失敗: Processing failed
java.lang.RuntimeException: Processing failed
	at com.charlessun.javaplcadapter.worker.impl.ConsumerWorkerImpl.pollLoop(ConsumerWorkerImpl.java:51)
	at java.base/java.lang.Thread.run(Thread.java:1583)
11:01:07.251 [Thread-1] ERROR com.charlessun.javaplcadapter.worker.impl.ConsumerWorkerImpl -- processingStrategy.process(record) 處理失敗: Processing failed
java.lang.RuntimeException: Processing failed
	at com.charlessun.javaplcadapter.worker.impl.ConsumerWorkerImpl.pollLoop(ConsumerWorkerImpl.java:51)
	at java.base/java.lang.Thread.run(Thread.java:1583)
11:01:07.251 [Thread-1] ERROR com.charlessun.javaplcadapter.worker.impl.ConsumerWorkerImpl -- processingStrategy.process(record) 處理失敗: Processing failed
java.lang.RuntimeException: Processing failed
	at com.charlessun.javaplcadapter.worker.impl.ConsumerWorkerImpl.pollLoop(ConsumerWorkerImpl.java:51)
	at java.base/java.lang.Thread.run(Thread.java:1583)
11:01:07.251 [Thread-1] ERROR com.charlessun.javaplcadapter.worker.impl.ConsumerWorkerImpl -- processingStrategy.process(record) 處理失敗: Processing failed
java.lang.RuntimeException: Processing failed
	at com.charlessun.javaplcadapter.worker.impl.ConsumerWorkerImpl.pollLoop(ConsumerWorkerImpl.java:51)
	at java.base/java.lang.Thread.run(Thread.java:1583)
11:01:07.251 [Thread-1] ERROR com.charlessun.javaplcadapter.worker.impl.ConsumerWorkerImpl -- processingStrategy.process(record) 處理失敗: Processing failed
java.lang.RuntimeException: Processing failed
	at com.charlessun.javaplcadapter.worker.impl.ConsumerWorkerImpl.pollLoop(ConsumerWorkerImpl.java:51)
	at java.base/java.lang.Thread.run(Thread.java:1583)
11:01:07.251 [Thread-1] ERROR com.charlessun.javaplcadapter.worker.impl.ConsumerWorkerImpl -- processingStrategy.process(record) 處理失敗: Processing failed
java.lang.RuntimeException: Processing failed
	at com.charlessun.javaplcadapter.worker.impl.ConsumerWorkerImpl.pollLoop(ConsumerWorkerImpl.java:51)
	at java.base/java.lang.Thread.run(Thread.java:1583)
11:01:07.251 [Thread-1] ERROR com.charlessun.javaplcadapter.worker.impl.ConsumerWorkerImpl -- processingStrategy.process(record) 處理失敗: Processing failed
java.lang.RuntimeException: Processing failed
	at com.charlessun.javaplcadapter.worker.impl.ConsumerWorkerImpl.pollLoop(ConsumerWorkerImpl.java:51)
	at java.base/java.lang.Thread.run(Thread.java:1583)
11:01:07.251 [Thread-1] ERROR com.charlessun.javaplcadapter.worker.impl.ConsumerWorkerImpl -- processingStrategy.process(record) 處理失敗: Processing failed
java.lang.RuntimeException: Processing failed
	at com.charlessun.javaplcadapter.worker.impl.ConsumerWorkerImpl.pollLoop(ConsumerWorkerImpl.java:51)
	at java.base/java.lang.Thread.run(Thread.java:1583)
11:01:07.251 [Thread-1] ERROR com.charlessun.javaplcadapter.worker.impl.ConsumerWorkerImpl -- processingStrategy.process(record) 處理失敗: Processing failed
java.lang.RuntimeException: Processing failed
	at com.charlessun.javaplcadapter.worker.impl.ConsumerWorkerImpl.pollLoop(ConsumerWorkerImpl.java:51)
	at java.base/java.lang.Thread.run(Thread.java:1583)
11:01:07.252 [Thread-1] ERROR com.charlessun.javaplcadapter.worker.impl.ConsumerWorkerImpl -- processingStrategy.process(record) 處理失敗: Processing failed
java.lang.RuntimeException: Processing failed
	at com.charlessun.javaplcadapter.worker.impl.ConsumerWorkerImpl.pollLoop(ConsumerWorkerImpl.java:51)
	at java.base/java.lang.Thread.run(Thread.java:1583)
11:01:07.252 [Thread-1] ERROR com.charlessun.javaplcadapter.worker.impl.ConsumerWorkerImpl -- processingStrategy.process(record) 處理失敗: Processing failed
java.lang.RuntimeException: Processing failed
	at com.charlessun.javaplcadapter.worker.impl.ConsumerWorkerImpl.pollLoop(ConsumerWorkerImpl.java:51)
	at java.base/java.lang.Thread.run(Thread.java:1583)
11:01:07.252 [Thread-1] ERROR com.charlessun.javaplcadapter.worker.impl.ConsumerWorkerImpl -- processingStrategy.process(record) 處理失敗: Processing failed
java.lang.RuntimeException: Processing failed
	at com.charlessun.javaplcadapter.worker.impl.ConsumerWorkerImpl.pollLoop(ConsumerWorkerImpl.java:51)
	at java.base/java.lang.Thread.run(Thread.java:1583)
11:01:07.252 [Thread-1] ERROR com.charlessun.javaplcadapter.worker.impl.ConsumerWorkerImpl -- processingStrategy.process(record) 處理失敗: Processing failed
java.lang.RuntimeException: Processing failed
	at com.charlessun.javaplcadapter.worker.impl.ConsumerWorkerImpl.pollLoop(ConsumerWorkerImpl.java:51)
	at java.base/java.lang.Thread.run(Thread.java:1583)
11:01:07.252 [Thread-1] ERROR com.charlessun.javaplcadapter.worker.impl.ConsumerWorkerImpl -- processingStrategy.process(record) 處理失敗: Processing failed
java.lang.RuntimeException: Processing failed
	at com.charlessun.javaplcadapter.worker.impl.ConsumerWorkerImpl.pollLoop(ConsumerWorkerImpl.java:51)
	at java.base/java.lang.Thread.run(Thread.java:1583)
11:01:07.252 [Thread-1] ERROR com.charlessun.javaplcadapter.worker.impl.ConsumerWorkerImpl -- processingStrategy.process(record) 處理失敗: Processing failed
java.lang.RuntimeException: Processing failed
	at com.charlessun.javaplcadapter.worker.impl.ConsumerWorkerImpl.pollLoop(ConsumerWorkerImpl.java:51)
	at java.base/java.lang.Thread.run(Thread.java:1583)
11:01:07.252 [Thread-1] ERROR com.charlessun.javaplcadapter.worker.impl.ConsumerWorkerImpl -- processingStrategy.process(record) 處理失敗: Processing failed
java.lang.RuntimeException: Processing failed
	at com.charlessun.javaplcadapter.worker.impl.ConsumerWorkerImpl.pollLoop(ConsumerWorkerImpl.java:51)
	at java.base/java.lang.Thread.run(Thread.java:1583)
11:01:07.252 [Thread-1] ERROR com.charlessun.javaplcadapter.worker.impl.ConsumerWorkerImpl -- processingStrategy.process(record) 處理失敗: Processing failed
java.lang.RuntimeException: Processing failed
	at com.charlessun.javaplcadapter.worker.impl.ConsumerWorkerImpl.pollLoop(ConsumerWorkerImpl.java:51)
	at java.base/java.lang.Thread.run(Thread.java:1583)
11:01:07.252 [Thread-1] ERROR com.charlessun.javaplcadapter.worker.impl.ConsumerWorkerImpl -- processingStrategy.process(record) 處理失敗: Processing failed
java.lang.RuntimeException: Processing failed
	at com.charlessun.javaplcadapter.worker.impl.ConsumerWorkerImpl.pollLoop(ConsumerWorkerImpl.java:51)
	at java.base/java.lang.Thread.run(Thread.java:1583)
11:01:07.253 [Thread-1] ERROR com.charlessun.javaplcadapter.worker.impl.ConsumerWorkerImpl -- processingStrategy.process(record) 處理失敗: Processing failed
java.lang.RuntimeException: Processing failed
	at com.charlessun.javaplcadapter.worker.impl.ConsumerWorkerImpl.pollLoop(ConsumerWorkerImpl.java:51)
	at java.base/java.lang.Thread.run(Thread.java:1583)
11:01:07.253 [Thread-1] ERROR com.charlessun.javaplcadapter.worker.impl.ConsumerWorkerImpl -- processingStrategy.process(record) 處理失敗: Processing failed
java.lang.RuntimeException: Processing failed
	at com.charlessun.javaplcadapter.worker.impl.ConsumerWorkerImpl.pollLoop(ConsumerWorkerImpl.java:51)
	at java.base/java.lang.Thread.run(Thread.java:1583)
11:01:07.253 [Thread-1] ERROR com.charlessun.javaplcadapter.worker.impl.ConsumerWorkerImpl -- processingStrategy.process(record) 處理失敗: Processing failed
java.lang.RuntimeException: Processing failed
	at com.charlessun.javaplcadapter.worker.impl.ConsumerWorkerImpl.pollLoop(ConsumerWorkerImpl.java:51)
	at java.base/java.lang.Thread.run(Thread.java:1583)
11:01:07.253 [Thread-1] ERROR com.charlessun.javaplcadapter.worker.impl.ConsumerWorkerImpl -- processingStrategy.process(record) 處理失敗: Processing failed
java.lang.RuntimeException: Processing failed
	at com.charlessun.javaplcadapter.worker.impl.ConsumerWorkerImpl.pollLoop(ConsumerWorkerImpl.java:51)
	at java.base/java.lang.Thread.run(Thread.java:1583)
11:01:07.253 [Thread-1] ERROR com.charlessun.javaplcadapter.worker.impl.ConsumerWorkerImpl -- processingStrategy.process(record) 處理失敗: Processing failed
java.lang.RuntimeException: Processing failed
	at com.charlessun.javaplcadapter.worker.impl.ConsumerWorkerImpl.pollLoop(ConsumerWorkerImpl.java:51)
	at java.base/java.lang.Thread.run(Thread.java:1583)
11:01:07.253 [Thread-1] ERROR com.charlessun.javaplcadapter.worker.impl.ConsumerWorkerImpl -- processingStrategy.process(record) 處理失敗: Processing failed
java.lang.RuntimeException: Processing failed
	at com.charlessun.javaplcadapter.worker.impl.ConsumerWorkerImpl.pollLoop(ConsumerWorkerImpl.java:51)
	at java.base/java.lang.Thread.run(Thread.java:1583)
11:01:07.253 [Thread-1] ERROR com.charlessun.javaplcadapter.worker.impl.ConsumerWorkerImpl -- processingStrategy.process(record) 處理失敗: Processing failed
java.lang.RuntimeException: Processing failed
	at com.charlessun.javaplcadapter.worker.impl.ConsumerWorkerImpl.pollLoop(ConsumerWorkerImpl.java:51)
	at java.base/java.lang.Thread.run(Thread.java:1583)
11:01:07.253 [Thread-1] ERROR com.charlessun.javaplcadapter.worker.impl.ConsumerWorkerImpl -- processingStrategy.process(record) 處理失敗: Processing failed
java.lang.RuntimeException: Processing failed
	at com.charlessun.javaplcadapter.worker.impl.ConsumerWorkerImpl.pollLoop(ConsumerWorkerImpl.java:51)
	at java.base/java.lang.Thread.run(Thread.java:1583)
11:01:07.253 [Thread-1] ERROR com.charlessun.javaplcadapter.worker.impl.ConsumerWorkerImpl -- processingStrategy.process(record) 處理失敗: Processing failed
java.lang.RuntimeException: Processing failed
	at com.charlessun.javaplcadapter.worker.impl.ConsumerWorkerImpl.pollLoop(ConsumerWorkerImpl.java:51)
	at java.base/java.lang.Thread.run(Thread.java:1583)
11:01:07.253 [Thread-1] ERROR com.charlessun.javaplcadapter.worker.impl.ConsumerWorkerImpl -- processingStrategy.process(record) 處理失敗: Processing failed
java.lang.RuntimeException: Processing failed
	at com.charlessun.javaplcadapter.worker.impl.ConsumerWorkerImpl.pollLoop(ConsumerWorkerImpl.java:51)
	at java.base/java.lang.Thread.run(Thread.java:1583)
11:01:07.253 [Thread-1] ERROR com.charlessun.javaplcadapter.worker.impl.ConsumerWorkerImpl -- processingStrategy.process(record) 處理失敗: Processing failed
java.lang.RuntimeException: Processing failed
	at com.charlessun.javaplcadapter.worker.impl.ConsumerWorkerImpl.pollLoop(ConsumerWorkerImpl.java:51)
	at java.base/java.lang.Thread.run(Thread.java:1583)
11:01:07.254 [Thread-1] ERROR com.charlessun.javaplcadapter.worker.impl.ConsumerWorkerImpl -- processingStrategy.process(record) 處理失敗: Processing failed
java.lang.RuntimeException: Processing failed
	at com.charlessun.javaplcadapter.worker.impl.ConsumerWorkerImpl.pollLoop(ConsumerWorkerImpl.java:51)
	at java.base/java.lang.Thread.run(Thread.java:1583)
11:01:07.254 [Thread-1] ERROR com.charlessun.javaplcadapter.worker.impl.ConsumerWorkerImpl -- processingStrategy.process(record) 處理失敗: Processing failed
java.lang.RuntimeException: Processing failed
	at com.charlessun.javaplcadapter.worker.impl.ConsumerWorkerImpl.pollLoop(ConsumerWorkerImpl.java:51)
	at java.base/java.lang.Thread.run(Thread.java:1583)
11:01:07.254 [Thread-1] ERROR com.charlessun.javaplcadapter.worker.impl.ConsumerWorkerImpl -- processingStrategy.process(record) 處理失敗: Processing failed
java.lang.RuntimeException: Processing failed
	at com.charlessun.javaplcadapter.worker.impl.ConsumerWorkerImpl.pollLoop(ConsumerWorkerImpl.java:51)
	at java.base/java.lang.Thread.run(Thread.java:1583)
11:01:07.254 [Thread-1] ERROR com.charlessun.javaplcadapter.worker.impl.ConsumerWorkerImpl -- processingStrategy.process(record) 處理失敗: Processing failed
java.lang.RuntimeException: Processing failed
	at com.charlessun.javaplcadapter.worker.impl.ConsumerWorkerImpl.pollLoop(ConsumerWorkerImpl.java:51)
	at java.base/java.lang.Thread.run(Thread.java:1583)
11:01:07.254 [Thread-1] ERROR com.charlessun.javaplcadapter.worker.impl.ConsumerWorkerImpl -- processingStrategy.process(record) 處理失敗: Processing failed
java.lang.RuntimeException: Processing failed
	at com.charlessun.javaplcadapter.worker.impl.ConsumerWorkerImpl.pollLoop(ConsumerWorkerImpl.java:51)
	at java.base/java.lang.Thread.run(Thread.java:1583)
11:01:07.254 [Thread-1] ERROR com.charlessun.javaplcadapter.worker.impl.ConsumerWorkerImpl -- processingStrategy.process(record) 處理失敗: Processing failed
java.lang.RuntimeException: Processing failed
	at com.charlessun.javaplcadapter.worker.impl.ConsumerWorkerImpl.pollLoop(ConsumerWorkerImpl.java:51)
	at java.base/java.lang.Thread.run(Thread.java:1583)
11:01:07.254 [Thread-1] ERROR com.charlessun.javaplcadapter.worker.impl.ConsumerWorkerImpl -- processingStrategy.process(record) 處理失敗: Processing failed
java.lang.RuntimeException: Processing failed
	at com.charlessun.javaplcadapter.worker.impl.ConsumerWorkerImpl.pollLoop(ConsumerWorkerImpl.java:51)
	at java.base/java.lang.Thread.run(Thread.java:1583)
11:01:07.254 [Thread-1] ERROR com.charlessun.javaplcadapter.worker.impl.ConsumerWorkerImpl -- processingStrategy.process(record) 處理失敗: Processing failed
java.lang.RuntimeException: Processing failed
	at com.charlessun.javaplcadapter.worker.impl.ConsumerWorkerImpl.pollLoop(ConsumerWorkerImpl.java:51)
	at java.base/java.lang.Thread.run(Thread.java:1583)
11:01:07.255 [Thread-1] ERROR com.charlessun.javaplcadapter.worker.impl.ConsumerWorkerImpl -- processingStrategy.process(record) 處理失敗: Processing failed
java.lang.RuntimeException: Processing failed
	at com.charlessun.javaplcadapter.worker.impl.ConsumerWorkerImpl.pollLoop(ConsumerWorkerImpl.java:51)
	at java.base/java.lang.Thread.run(Thread.java:1583)
11:01:07.255 [Thread-1] ERROR com.charlessun.javaplcadapter.worker.impl.ConsumerWorkerImpl -- processingStrategy.process(record) 處理失敗: Processing failed
java.lang.RuntimeException: Processing failed
	at com.charlessun.javaplcadapter.worker.impl.ConsumerWorkerImpl.pollLoop(ConsumerWorkerImpl.java:51)
	at java.base/java.lang.Thread.run(Thread.java:1583)
11:01:07.255 [Thread-1] ERROR com.charlessun.javaplcadapter.worker.impl.ConsumerWorkerImpl -- processingStrategy.process(record) 處理失敗: Processing failed
java.lang.RuntimeException: Processing failed
	at com.charlessun.javaplcadapter.worker.impl.ConsumerWorkerImpl.pollLoop(ConsumerWorkerImpl.java:51)
	at java.base/java.lang.Thread.run(Thread.java:1583)
11:01:07.255 [Thread-1] ERROR com.charlessun.javaplcadapter.worker.impl.ConsumerWorkerImpl -- processingStrategy.process(record) 處理失敗: Processing failed
java.lang.RuntimeException: Processing failed
	at com.charlessun.javaplcadapter.worker.impl.ConsumerWorkerImpl.pollLoop(ConsumerWorkerImpl.java:51)
	at java.base/java.lang.Thread.run(Thread.java:1583)
11:01:07.255 [Thread-1] ERROR com.charlessun.javaplcadapter.worker.impl.ConsumerWorkerImpl -- processingStrategy.process(record) 處理失敗: Processing failed
java.lang.RuntimeException: Processing failed
	at com.charlessun.javaplcadapter.worker.impl.ConsumerWorkerImpl.pollLoop(ConsumerWorkerImpl.java:51)
	at java.base/java.lang.Thread.run(Thread.java:1583)
11:01:07.255 [Thread-1] ERROR com.charlessun.javaplcadapter.worker.impl.ConsumerWorkerImpl -- processingStrategy.process(record) 處理失敗: Processing failed
java.lang.RuntimeException: Processing failed
	at com.charlessun.javaplcadapter.worker.impl.ConsumerWorkerImpl.pollLoop(ConsumerWorkerImpl.java:51)
	at java.base/java.lang.Thread.run(Thread.java:1583)
11:01:07.255 [Thread-1] ERROR com.charlessun.javaplcadapter.worker.impl.ConsumerWorkerImpl -- processingStrategy.process(record) 處理失敗: Processing failed
java.lang.RuntimeException: Processing failed
	at com.charlessun.javaplcadapter.worker.impl.ConsumerWorkerImpl.pollLoop(ConsumerWorkerImpl.java:51)
	at java.base/java.lang.Thread.run(Thread.java:1583)
11:01:07.255 [Thread-1] ERROR com.charlessun.javaplcadapter.worker.impl.ConsumerWorkerImpl -- processingStrategy.process(record) 處理失敗: Processing failed
java.lang.RuntimeException: Processing failed
	at com.charlessun.javaplcadapter.worker.impl.ConsumerWorkerImpl.pollLoop(ConsumerWorkerImpl.java:51)
	at java.base/java.lang.Thread.run(Thread.java:1583)
11:01:07.256 [Thread-1] ERROR com.charlessun.javaplcadapter.worker.impl.ConsumerWorkerImpl -- processingStrategy.process(record) 處理失敗: Processing failed
java.lang.RuntimeException: Processing failed
	at com.charlessun.javaplcadapter.worker.impl.ConsumerWorkerImpl.pollLoop(ConsumerWorkerImpl.java:51)
	at java.base/java.lang.Thread.run(Thread.java:1583)
11:01:07.256 [Thread-1] ERROR com.charlessun.javaplcadapter.worker.impl.ConsumerWorkerImpl -- processingStrategy.process(record) 處理失敗: Processing failed
java.lang.RuntimeException: Processing failed
	at com.charlessun.javaplcadapter.worker.impl.ConsumerWorkerImpl.pollLoop(ConsumerWorkerImpl.java:51)
	at java.base/java.lang.Thread.run(Thread.java:1583)
11:01:07.256 [Thread-1] ERROR com.charlessun.javaplcadapter.worker.impl.ConsumerWorkerImpl -- processingStrategy.process(record) 處理失敗: Processing failed
java.lang.RuntimeException: Processing failed
	at com.charlessun.javaplcadapter.worker.impl.ConsumerWorkerImpl.pollLoop(ConsumerWorkerImpl.java:51)
	at java.base/java.lang.Thread.run(Thread.java:1583)
11:01:07.256 [Thread-1] ERROR com.charlessun.javaplcadapter.worker.impl.ConsumerWorkerImpl -- processingStrategy.process(record) 處理失敗: Processing failed
java.lang.RuntimeException: Processing failed
	at com.charlessun.javaplcadapter.worker.impl.ConsumerWorkerImpl.pollLoop(ConsumerWorkerImpl.java:51)
	at java.base/java.lang.Thread.run(Thread.java:1583)
11:01:07.256 [Thread-1] ERROR com.charlessun.javaplcadapter.worker.impl.ConsumerWorkerImpl -- processingStrategy.process(record) 處理失敗: Processing failed
java.lang.RuntimeException: Processing failed
	at com.charlessun.javaplcadapter.worker.impl.ConsumerWorkerImpl.pollLoop(ConsumerWorkerImpl.java:51)
	at java.base/java.lang.Thread.run(Thread.java:1583)
11:01:07.257 [Thread-1] ERROR com.charlessun.javaplcadapter.worker.impl.ConsumerWorkerImpl -- processingStrategy.process(record) 處理失敗: Processing failed
java.lang.RuntimeException: Processing failed
	at com.charlessun.javaplcadapter.worker.impl.ConsumerWorkerImpl.pollLoop(ConsumerWorkerImpl.java:51)
	at java.base/java.lang.Thread.run(Thread.java:1583)
11:01:07.257 [Thread-1] ERROR com.charlessun.javaplcadapter.worker.impl.ConsumerWorkerImpl -- processingStrategy.process(record) 處理失敗: Processing failed
java.lang.RuntimeException: Processing failed
	at com.charlessun.javaplcadapter.worker.impl.ConsumerWorkerImpl.pollLoop(ConsumerWorkerImpl.java:51)
	at java.base/java.lang.Thread.run(Thread.java:1583)
11:01:07.257 [Thread-1] ERROR com.charlessun.javaplcadapter.worker.impl.ConsumerWorkerImpl -- processingStrategy.process(record) 處理失敗: Processing failed
java.lang.RuntimeException: Processing failed
	at com.charlessun.javaplcadapter.worker.impl.ConsumerWorkerImpl.pollLoop(ConsumerWorkerImpl.java:51)
	at java.base/java.lang.Thread.run(Thread.java:1583)
11:01:07.257 [Thread-1] ERROR com.charlessun.javaplcadapter.worker.impl.ConsumerWorkerImpl -- processingStrategy.process(record) 處理失敗: Processing failed
java.lang.RuntimeException: Processing failed
	at com.charlessun.javaplcadapter.worker.impl.ConsumerWorkerImpl.pollLoop(ConsumerWorkerImpl.java:51)
	at java.base/java.lang.Thread.run(Thread.java:1583)
11:01:07.257 [Thread-1] ERROR com.charlessun.javaplcadapter.worker.impl.ConsumerWorkerImpl -- processingStrategy.process(record) 處理失敗: Processing failed
java.lang.RuntimeException: Processing failed
	at com.charlessun.javaplcadapter.worker.impl.ConsumerWorkerImpl.pollLoop(ConsumerWorkerImpl.java:51)
	at java.base/java.lang.Thread.run(Thread.java:1583)
11:01:07.257 [Thread-1] ERROR com.charlessun.javaplcadapter.worker.impl.ConsumerWorkerImpl -- processingStrategy.process(record) 處理失敗: Processing failed
java.lang.RuntimeException: Processing failed
	at com.charlessun.javaplcadapter.worker.impl.ConsumerWorkerImpl.pollLoop(ConsumerWorkerImpl.java:51)
	at java.base/java.lang.Thread.run(Thread.java:1583)
11:01:07.257 [Thread-1] ERROR com.charlessun.javaplcadapter.worker.impl.ConsumerWorkerImpl -- processingStrategy.process(record) 處理失敗: Processing failed
java.lang.RuntimeException: Processing failed
	at com.charlessun.javaplcadapter.worker.impl.ConsumerWorkerImpl.pollLoop(ConsumerWorkerImpl.java:51)
	at java.base/java.lang.Thread.run(Thread.java:1583)
11:01:07.257 [Thread-1] ERROR com.charlessun.javaplcadapter.worker.impl.ConsumerWorkerImpl -- processingStrategy.process(record) 處理失敗: Processing failed
java.lang.RuntimeException: Processing failed
	at com.charlessun.javaplcadapter.worker.impl.ConsumerWorkerImpl.pollLoop(ConsumerWorkerImpl.java:51)
	at java.base/java.lang.Thread.run(Thread.java:1583)
11:01:07.257 [Thread-1] ERROR com.charlessun.javaplcadapter.worker.impl.ConsumerWorkerImpl -- processingStrategy.process(record) 處理失敗: Processing failed
java.lang.RuntimeException: Processing failed
	at com.charlessun.javaplcadapter.worker.impl.ConsumerWorkerImpl.pollLoop(ConsumerWorkerImpl.java:51)
	at java.base/java.lang.Thread.run(Thread.java:1583)
11:01:07.257 [Thread-1] ERROR com.charlessun.javaplcadapter.worker.impl.ConsumerWorkerImpl -- processingStrategy.process(record) 處理失敗: Processing failed
java.lang.RuntimeException: Processing failed
	at com.charlessun.javaplcadapter.worker.impl.ConsumerWorkerImpl.pollLoop(ConsumerWorkerImpl.java:51)
	at java.base/java.lang.Thread.run(Thread.java:1583)
11:01:07.257 [Thread-1] ERROR com.charlessun.javaplcadapter.worker.impl.ConsumerWorkerImpl -- processingStrategy.process(record) 處理失敗: Processing failed
java.lang.RuntimeException: Processing failed
	at com.charlessun.javaplcadapter.worker.impl.ConsumerWorkerImpl.pollLoop(ConsumerWorkerImpl.java:51)
	at java.base/java.lang.Thread.run(Thread.java:1583)
11:01:07.258 [Thread-1] ERROR com.charlessun.javaplcadapter.worker.impl.ConsumerWorkerImpl -- processingStrategy.process(record) 處理失敗: Processing failed
java.lang.RuntimeException: Processing failed
	at com.charlessun.javaplcadapter.worker.impl.ConsumerWorkerImpl.pollLoop(ConsumerWorkerImpl.java:51)
	at java.base/java.lang.Thread.run(Thread.java:1583)
11:01:07.258 [Thread-1] ERROR com.charlessun.javaplcadapter.worker.impl.ConsumerWorkerImpl -- processingStrategy.process(record) 處理失敗: Processing failed
java.lang.RuntimeException: Processing failed
	at com.charlessun.javaplcadapter.worker.impl.ConsumerWorkerImpl.pollLoop(ConsumerWorkerImpl.java:51)
	at java.base/java.lang.Thread.run(Thread.java:1583)
11:01:07.258 [Thread-1] ERROR com.charlessun.javaplcadapter.worker.impl.ConsumerWorkerImpl -- processingStrategy.process(record) 處理失敗: Processing failed
java.lang.RuntimeException: Processing failed
	at com.charlessun.javaplcadapter.worker.impl.ConsumerWorkerImpl.pollLoop(ConsumerWorkerImpl.java:51)
	at java.base/java.lang.Thread.run(Thread.java:1583)
11:01:07.258 [Thread-1] ERROR com.charlessun.javaplcadapter.worker.impl.ConsumerWorkerImpl -- processingStrategy.process(record) 處理失敗: Processing failed
java.lang.RuntimeException: Processing failed
	at com.charlessun.javaplcadapter.worker.impl.ConsumerWorkerImpl.pollLoop(ConsumerWorkerImpl.java:51)
	at java.base/java.lang.Thread.run(Thread.java:1583)
11:01:07.258 [Thread-1] ERROR com.charlessun.javaplcadapter.worker.impl.ConsumerWorkerImpl -- processingStrategy.process(record) 處理失敗: Processing failed
java.lang.RuntimeException: Processing failed
	at com.charlessun.javaplcadapter.worker.impl.ConsumerWorkerImpl.pollLoop(ConsumerWorkerImpl.java:51)
	at java.base/java.lang.Thread.run(Thread.java:1583)
11:01:07.258 [Thread-1] ERROR com.charlessun.javaplcadapter.worker.impl.ConsumerWorkerImpl -- processingStrategy.process(record) 處理失敗: Processing failed
java.lang.RuntimeException: Processing failed
	at com.charlessun.javaplcadapter.worker.impl.ConsumerWorkerImpl.pollLoop(ConsumerWorkerImpl.java:51)
	at java.base/java.lang.Thread.run(Thread.java:1583)
11:01:07.258 [Thread-1] ERROR com.charlessun.javaplcadapter.worker.impl.ConsumerWorkerImpl -- processingStrategy.process(record) 處理失敗: Processing failed
java.lang.RuntimeException: Processing failed
	at com.charlessun.javaplcadapter.worker.impl.ConsumerWorkerImpl.pollLoop(ConsumerWorkerImpl.java:51)
	at java.base/java.lang.Thread.run(Thread.java:1583)
11:01:07.258 [Thread-1] ERROR com.charlessun.javaplcadapter.worker.impl.ConsumerWorkerImpl -- processingStrategy.process(record) 處理失敗: Processing failed
java.lang.RuntimeException: Processing failed
	at com.charlessun.javaplcadapter.worker.impl.ConsumerWorkerImpl.pollLoop(ConsumerWorkerImpl.java:51)
	at java.base/java.lang.Thread.run(Thread.java:1583)
11:01:07.258 [Thread-1] ERROR com.charlessun.javaplcadapter.worker.impl.ConsumerWorkerImpl -- processingStrategy.process(record) 處理失敗: Processing failed
java.lang.RuntimeException: Processing failed
	at com.charlessun.javaplcadapter.worker.impl.ConsumerWorkerImpl.pollLoop(ConsumerWorkerImpl.java:51)
	at java.base/java.lang.Thread.run(Thread.java:1583)
11:01:07.258 [Thread-1] ERROR com.charlessun.javaplcadapter.worker.impl.ConsumerWorkerImpl -- processingStrategy.process(record) 處理失敗: Processing failed
java.lang.RuntimeException: Processing failed
	at com.charlessun.javaplcadapter.worker.impl.ConsumerWorkerImpl.pollLoop(ConsumerWorkerImpl.java:51)
	at java.base/java.lang.Thread.run(Thread.java:1583)
11:01:07.258 [Thread-1] ERROR com.charlessun.javaplcadapter.worker.impl.ConsumerWorkerImpl -- processingStrategy.process(record) 處理失敗: Processing failed
java.lang.RuntimeException: Processing failed
	at com.charlessun.javaplcadapter.worker.impl.ConsumerWorkerImpl.pollLoop(ConsumerWorkerImpl.java:51)
	at java.base/java.lang.Thread.run(Thread.java:1583)
11:01:07.259 [Thread-1] ERROR com.charlessun.javaplcadapter.worker.impl.ConsumerWorkerImpl -- processingStrategy.process(record) 處理失敗: Processing failed
java.lang.RuntimeException: Processing failed
	at com.charlessun.javaplcadapter.worker.impl.ConsumerWorkerImpl.pollLoop(ConsumerWorkerImpl.java:51)
	at java.base/java.lang.Thread.run(Thread.java:1583)
11:01:07.259 [Thread-1] ERROR com.charlessun.javaplcadapter.worker.impl.ConsumerWorkerImpl -- processingStrategy.process(record) 處理失敗: Processing failed
java.lang.RuntimeException: Processing failed
	at com.charlessun.javaplcadapter.worker.impl.ConsumerWorkerImpl.pollLoop(ConsumerWorkerImpl.java:51)
	at java.base/java.lang.Thread.run(Thread.java:1583)
11:01:07.259 [Thread-1] ERROR com.charlessun.javaplcadapter.worker.impl.ConsumerWorkerImpl -- processingStrategy.process(record) 處理失敗: Processing failed
java.lang.RuntimeException: Processing failed
	at com.charlessun.javaplcadapter.worker.impl.ConsumerWorkerImpl.pollLoop(ConsumerWorkerImpl.java:51)
	at java.base/java.lang.Thread.run(Thread.java:1583)
11:01:07.259 [Thread-1] ERROR com.charlessun.javaplcadapter.worker.impl.ConsumerWorkerImpl -- processingStrategy.process(record) 處理失敗: Processing failed
java.lang.RuntimeException: Processing failed
	at com.charlessun.javaplcadapter.worker.impl.ConsumerWorkerImpl.pollLoop(ConsumerWorkerImpl.java:51)
	at java.base/java.lang.Thread.run(Thread.java:1583)
11:01:07.259 [Thread-1] ERROR com.charlessun.javaplcadapter.worker.impl.ConsumerWorkerImpl -- processingStrategy.process(record) 處理失敗: Processing failed
java.lang.RuntimeException: Processing failed
	at com.charlessun.javaplcadapter.worker.impl.ConsumerWorkerImpl.pollLoop(ConsumerWorkerImpl.java:51)
	at java.base/java.lang.Thread.run(Thread.java:1583)
11:01:07.259 [Thread-1] ERROR com.charlessun.javaplcadapter.worker.impl.ConsumerWorkerImpl -- processingStrategy.process(record) 處理失敗: Processing failed
java.lang.RuntimeException: Processing failed
	at com.charlessun.javaplcadapter.worker.impl.ConsumerWorkerImpl.pollLoop(ConsumerWorkerImpl.java:51)
	at java.base/java.lang.Thread.run(Thread.java:1583)
11:01:07.259 [Thread-1] ERROR com.charlessun.javaplcadapter.worker.impl.ConsumerWorkerImpl -- processingStrategy.process(record) 處理失敗: Processing failed
java.lang.RuntimeException: Processing failed
	at com.charlessun.javaplcadapter.worker.impl.ConsumerWorkerImpl.pollLoop(ConsumerWorkerImpl.java:51)
	at java.base/java.lang.Thread.run(Thread.java:1583)
11:01:07.259 [Thread-1] ERROR com.charlessun.javaplcadapter.worker.impl.ConsumerWorkerImpl -- processingStrategy.process(record) 處理失敗: Processing failed
java.lang.RuntimeException: Processing failed
	at com.charlessun.javaplcadapter.worker.impl.ConsumerWorkerImpl.pollLoop(ConsumerWorkerImpl.java:51)
	at java.base/java.lang.Thread.run(Thread.java:1583)
11:01:07.259 [Thread-1] ERROR com.charlessun.javaplcadapter.worker.impl.ConsumerWorkerImpl -- processingStrategy.process(record) 處理失敗: Processing failed
java.lang.RuntimeException: Processing failed
	at com.charlessun.javaplcadapter.worker.impl.ConsumerWorkerImpl.pollLoop(ConsumerWorkerImpl.java:51)
	at java.base/java.lang.Thread.run(Thread.java:1583)
11:01:07.260 [Thread-1] ERROR com.charlessun.javaplcadapter.worker.impl.ConsumerWorkerImpl -- processingStrategy.process(record) 處理失敗: Processing failed
java.lang.RuntimeException: Processing failed
	at com.charlessun.javaplcadapter.worker.impl.ConsumerWorkerImpl.pollLoop(ConsumerWorkerImpl.java:51)
	at java.base/java.lang.Thread.run(Thread.java:1583)
11:01:07.260 [Thread-1] ERROR com.charlessun.javaplcadapter.worker.impl.ConsumerWorkerImpl -- processingStrategy.process(record) 處理失敗: Processing failed
java.lang.RuntimeException: Processing failed
	at com.charlessun.javaplcadapter.worker.impl.ConsumerWorkerImpl.pollLoop(ConsumerWorkerImpl.java:51)
	at java.base/java.lang.Thread.run(Thread.java:1583)
11:01:07.260 [Thread-1] ERROR com.charlessun.javaplcadapter.worker.impl.ConsumerWorkerImpl -- processingStrategy.process(record) 處理失敗: Processing failed
java.lang.RuntimeException: Processing failed
	at com.charlessun.javaplcadapter.worker.impl.ConsumerWorkerImpl.pollLoop(ConsumerWorkerImpl.java:51)
	at java.base/java.lang.Thread.run(Thread.java:1583)
11:01:07.260 [Thread-1] ERROR com.charlessun.javaplcadapter.worker.impl.ConsumerWorkerImpl -- processingStrategy.process(record) 處理失敗: Processing failed
java.lang.RuntimeException: Processing failed
	at com.charlessun.javaplcadapter.worker.impl.ConsumerWorkerImpl.pollLoop(ConsumerWorkerImpl.java:51)
	at java.base/java.lang.Thread.run(Thread.java:1583)
11:01:07.260 [Thread-1] ERROR com.charlessun.javaplcadapter.worker.impl.ConsumerWorkerImpl -- processingStrategy.process(record) 處理失敗: Processing failed
java.lang.RuntimeException: Processing failed
	at com.charlessun.javaplcadapter.worker.impl.ConsumerWorkerImpl.pollLoop(ConsumerWorkerImpl.java:51)
	at java.base/java.lang.Thread.run(Thread.java:1583)
11:01:07.260 [Thread-1] ERROR com.charlessun.javaplcadapter.worker.impl.ConsumerWorkerImpl -- processingStrategy.process(record) 處理失敗: Processing failed
java.lang.RuntimeException: Processing failed
	at com.charlessun.javaplcadapter.worker.impl.ConsumerWorkerImpl.pollLoop(ConsumerWorkerImpl.java:51)
	at java.base/java.lang.Thread.run(Thread.java:1583)
11:01:07.260 [Thread-1] ERROR com.charlessun.javaplcadapter.worker.impl.ConsumerWorkerImpl -- processingStrategy.process(record) 處理失敗: Processing failed
java.lang.RuntimeException: Processing failed
	at com.charlessun.javaplcadapter.worker.impl.ConsumerWorkerImpl.pollLoop(ConsumerWorkerImpl.java:51)
	at java.base/java.lang.Thread.run(Thread.java:1583)
11:01:07.260 [Thread-1] ERROR com.charlessun.javaplcadapter.worker.impl.ConsumerWorkerImpl -- processingStrategy.process(record) 處理失敗: Processing failed
java.lang.RuntimeException: Processing failed
	at com.charlessun.javaplcadapter.worker.impl.ConsumerWorkerImpl.pollLoop(ConsumerWorkerImpl.java:51)
	at java.base/java.lang.Thread.run(Thread.java:1583)
11:01:07.260 [Thread-1] ERROR com.charlessun.javaplcadapter.worker.impl.ConsumerWorkerImpl -- processingStrategy.process(record) 處理失敗: Processing failed
java.lang.RuntimeException: Processing failed
	at com.charlessun.javaplcadapter.worker.impl.ConsumerWorkerImpl.pollLoop(ConsumerWorkerImpl.java:51)
	at java.base/java.lang.Thread.run(Thread.java:1583)
11:01:07.261 [Thread-1] ERROR com.charlessun.javaplcadapter.worker.impl.ConsumerWorkerImpl -- processingStrategy.process(record) 處理失敗: Processing failed
java.lang.RuntimeException: Processing failed
	at com.charlessun.javaplcadapter.worker.impl.ConsumerWorkerImpl.pollLoop(ConsumerWorkerImpl.java:51)
	at java.base/java.lang.Thread.run(Thread.java:1583)
11:01:07.261 [Thread-1] ERROR com.charlessun.javaplcadapter.worker.impl.ConsumerWorkerImpl -- processingStrategy.process(record) 處理失敗: Processing failed
java.lang.RuntimeException: Processing failed
	at com.charlessun.javaplcadapter.worker.impl.ConsumerWorkerImpl.pollLoop(ConsumerWorkerImpl.java:51)
	at java.base/java.lang.Thread.run(Thread.java:1583)
11:01:07.261 [Thread-1] ERROR com.charlessun.javaplcadapter.worker.impl.ConsumerWorkerImpl -- processingStrategy.process(record) 處理失敗: Processing failed
java.lang.RuntimeException: Processing failed
	at com.charlessun.javaplcadapter.worker.impl.ConsumerWorkerImpl.pollLoop(ConsumerWorkerImpl.java:51)
	at java.base/java.lang.Thread.run(Thread.java:1583)
11:01:07.261 [Thread-1] ERROR com.charlessun.javaplcadapter.worker.impl.ConsumerWorkerImpl -- processingStrategy.process(record) 處理失敗: Processing failed
java.lang.RuntimeException: Processing failed
	at com.charlessun.javaplcadapter.worker.impl.ConsumerWorkerImpl.pollLoop(ConsumerWorkerImpl.java:51)
	at java.base/java.lang.Thread.run(Thread.java:1583)
11:01:07.261 [Thread-1] ERROR com.charlessun.javaplcadapter.worker.impl.ConsumerWorkerImpl -- processingStrategy.process(record) 處理失敗: Processing failed
java.lang.RuntimeException: Processing failed
	at com.charlessun.javaplcadapter.worker.impl.ConsumerWorkerImpl.pollLoop(ConsumerWorkerImpl.java:51)
	at java.base/java.lang.Thread.run(Thread.java:1583)
11:01:07.261 [Thread-1] ERROR com.charlessun.javaplcadapter.worker.impl.ConsumerWorkerImpl -- processingStrategy.process(record) 處理失敗: Processing failed
java.lang.RuntimeException: Processing failed
	at com.charlessun.javaplcadapter.worker.impl.ConsumerWorkerImpl.pollLoop(ConsumerWorkerImpl.java:51)
	at java.base/java.lang.Thread.run(Thread.java:1583)
11:01:07.262 [Thread-1] ERROR com.charlessun.javaplcadapter.worker.impl.ConsumerWorkerImpl -- processingStrategy.process(record) 處理失敗: Processing failed
java.lang.RuntimeException: Processing failed
	at com.charlessun.javaplcadapter.worker.impl.ConsumerWorkerImpl.pollLoop(ConsumerWorkerImpl.java:51)
	at java.base/java.lang.Thread.run(Thread.java:1583)
11:01:07.262 [Thread-1] ERROR com.charlessun.javaplcadapter.worker.impl.ConsumerWorkerImpl -- processingStrategy.process(record) 處理失敗: Processing failed
java.lang.RuntimeException: Processing failed
	at com.charlessun.javaplcadapter.worker.impl.ConsumerWorkerImpl.pollLoop(ConsumerWorkerImpl.java:51)
	at java.base/java.lang.Thread.run(Thread.java:1583)
11:01:07.262 [Thread-1] ERROR com.charlessun.javaplcadapter.worker.impl.ConsumerWorkerImpl -- processingStrategy.process(record) 處理失敗: Processing failed
java.lang.RuntimeException: Processing failed
	at com.charlessun.javaplcadapter.worker.impl.ConsumerWorkerImpl.pollLoop(ConsumerWorkerImpl.java:51)
	at java.base/java.lang.Thread.run(Thread.java:1583)
11:01:07.262 [Thread-1] ERROR com.charlessun.javaplcadapter.worker.impl.ConsumerWorkerImpl -- processingStrategy.process(record) 處理失敗: Processing failed
java.lang.RuntimeException: Processing failed
	at com.charlessun.javaplcadapter.worker.impl.ConsumerWorkerImpl.pollLoop(ConsumerWorkerImpl.java:51)
	at java.base/java.lang.Thread.run(Thread.java:1583)
11:01:07.262 [Thread-1] ERROR com.charlessun.javaplcadapter.worker.impl.ConsumerWorkerImpl -- processingStrategy.process(record) 處理失敗: Processing failed
java.lang.RuntimeException: Processing failed
	at com.charlessun.javaplcadapter.worker.impl.ConsumerWorkerImpl.pollLoop(ConsumerWorkerImpl.java:51)
	at java.base/java.lang.Thread.run(Thread.java:1583)
11:01:07.262 [Thread-1] ERROR com.charlessun.javaplcadapter.worker.impl.ConsumerWorkerImpl -- processingStrategy.process(record) 處理失敗: Processing failed
java.lang.RuntimeException: Processing failed
	at com.charlessun.javaplcadapter.worker.impl.ConsumerWorkerImpl.pollLoop(ConsumerWorkerImpl.java:51)
	at java.base/java.lang.Thread.run(Thread.java:1583)
11:01:07.262 [Thread-1] ERROR com.charlessun.javaplcadapter.worker.impl.ConsumerWorkerImpl -- processingStrategy.process(record) 處理失敗: Processing failed
java.lang.RuntimeException: Processing failed
	at com.charlessun.javaplcadapter.worker.impl.ConsumerWorkerImpl.pollLoop(ConsumerWorkerImpl.java:51)
	at java.base/java.lang.Thread.run(Thread.java:1583)
11:01:07.262 [Thread-1] ERROR com.charlessun.javaplcadapter.worker.impl.ConsumerWorkerImpl -- processingStrategy.process(record) 處理失敗: Processing failed
java.lang.RuntimeException: Processing failed
	at com.charlessun.javaplcadapter.worker.impl.ConsumerWorkerImpl.pollLoop(ConsumerWorkerImpl.java:51)
	at java.base/java.lang.Thread.run(Thread.java:1583)
11:01:07.262 [Thread-1] ERROR com.charlessun.javaplcadapter.worker.impl.ConsumerWorkerImpl -- processingStrategy.process(record) 處理失敗: Processing failed
java.lang.RuntimeException: Processing failed
	at com.charlessun.javaplcadapter.worker.impl.ConsumerWorkerImpl.pollLoop(ConsumerWorkerImpl.java:51)
	at java.base/java.lang.Thread.run(Thread.java:1583)
11:01:07.262 [Thread-1] ERROR com.charlessun.javaplcadapter.worker.impl.ConsumerWorkerImpl -- processingStrategy.process(record) 處理失敗: Processing failed
java.lang.RuntimeException: Processing failed
	at com.charlessun.javaplcadapter.worker.impl.ConsumerWorkerImpl.pollLoop(ConsumerWorkerImpl.java:51)
	at java.base/java.lang.Thread.run(Thread.java:1583)
11:01:07.262 [Thread-1] ERROR com.charlessun.javaplcadapter.worker.impl.ConsumerWorkerImpl -- processingStrategy.process(record) 處理失敗: Processing failed
java.lang.RuntimeException: Processing failed
	at com.charlessun.javaplcadapter.worker.impl.ConsumerWorkerImpl.pollLoop(ConsumerWorkerImpl.java:51)
	at java.base/java.lang.Thread.run(Thread.java:1583)
11:01:07.262 [Thread-1] ERROR com.charlessun.javaplcadapter.worker.impl.ConsumerWorkerImpl -- processingStrategy.process(record) 處理失敗: Processing failed
java.lang.RuntimeException: Processing failed
	at com.charlessun.javaplcadapter.worker.impl.ConsumerWorkerImpl.pollLoop(ConsumerWorkerImpl.java:51)
	at java.base/java.lang.Thread.run(Thread.java:1583)
11:01:07.263 [Thread-1] ERROR com.charlessun.javaplcadapter.worker.impl.ConsumerWorkerImpl -- processingStrategy.process(record) 處理失敗: Processing failed
java.lang.RuntimeException: Processing failed
	at com.charlessun.javaplcadapter.worker.impl.ConsumerWorkerImpl.pollLoop(ConsumerWorkerImpl.java:51)
	at java.base/java.lang.Thread.run(Thread.java:1583)
11:01:07.263 [Thread-1] ERROR com.charlessun.javaplcadapter.worker.impl.ConsumerWorkerImpl -- processingStrategy.process(record) 處理失敗: Processing failed
java.lang.RuntimeException: Processing failed
	at com.charlessun.javaplcadapter.worker.impl.ConsumerWorkerImpl.pollLoop(ConsumerWorkerImpl.java:51)
	at java.base/java.lang.Thread.run(Thread.java:1583)
11:01:07.263 [Thread-1] ERROR com.charlessun.javaplcadapter.worker.impl.ConsumerWorkerImpl -- processingStrategy.process(record) 處理失敗: Processing failed
java.lang.RuntimeException: Processing failed
	at com.charlessun.javaplcadapter.worker.impl.ConsumerWorkerImpl.pollLoop(ConsumerWorkerImpl.java:51)
	at java.base/java.lang.Thread.run(Thread.java:1583)
11:01:07.263 [Thread-1] ERROR com.charlessun.javaplcadapter.worker.impl.ConsumerWorkerImpl -- processingStrategy.process(record) 處理失敗: Processing failed
java.lang.RuntimeException: Processing failed
	at com.charlessun.javaplcadapter.worker.impl.ConsumerWorkerImpl.pollLoop(ConsumerWorkerImpl.java:51)
	at java.base/java.lang.Thread.run(Thread.java:1583)
11:01:07.263 [Thread-1] ERROR com.charlessun.javaplcadapter.worker.impl.ConsumerWorkerImpl -- processingStrategy.process(record) 處理失敗: Processing failed
java.lang.RuntimeException: Processing failed
	at com.charlessun.javaplcadapter.worker.impl.ConsumerWorkerImpl.pollLoop(ConsumerWorkerImpl.java:51)
	at java.base/java.lang.Thread.run(Thread.java:1583)
11:01:07.263 [Thread-1] ERROR com.charlessun.javaplcadapter.worker.impl.ConsumerWorkerImpl -- processingStrategy.process(record) 處理失敗: Processing failed
java.lang.RuntimeException: Processing failed
	at com.charlessun.javaplcadapter.worker.impl.ConsumerWorkerImpl.pollLoop(ConsumerWorkerImpl.java:51)
	at java.base/java.lang.Thread.run(Thread.java:1583)
11:01:07.263 [Thread-1] ERROR com.charlessun.javaplcadapter.worker.impl.ConsumerWorkerImpl -- processingStrategy.process(record) 處理失敗: Processing failed
java.lang.RuntimeException: Processing failed
	at com.charlessun.javaplcadapter.worker.impl.ConsumerWorkerImpl.pollLoop(ConsumerWorkerImpl.java:51)
	at java.base/java.lang.Thread.run(Thread.java:1583)
11:01:07.263 [Thread-1] ERROR com.charlessun.javaplcadapter.worker.impl.ConsumerWorkerImpl -- processingStrategy.process(record) 處理失敗: Processing failed
java.lang.RuntimeException: Processing failed
	at com.charlessun.javaplcadapter.worker.impl.ConsumerWorkerImpl.pollLoop(ConsumerWorkerImpl.java:51)
	at java.base/java.lang.Thread.run(Thread.java:1583)
11:01:07.263 [Thread-1] ERROR com.charlessun.javaplcadapter.worker.impl.ConsumerWorkerImpl -- processingStrategy.process(record) 處理失敗: Processing failed
java.lang.RuntimeException: Processing failed
	at com.charlessun.javaplcadapter.worker.impl.ConsumerWorkerImpl.pollLoop(ConsumerWorkerImpl.java:51)
	at java.base/java.lang.Thread.run(Thread.java:1583)
11:01:07.263 [Thread-1] ERROR com.charlessun.javaplcadapter.worker.impl.ConsumerWorkerImpl -- processingStrategy.process(record) 處理失敗: Processing failed
java.lang.RuntimeException: Processing failed
	at com.charlessun.javaplcadapter.worker.impl.ConsumerWorkerImpl.pollLoop(ConsumerWorkerImpl.java:51)
	at java.base/java.lang.Thread.run(Thread.java:1583)
11:01:07.263 [Thread-1] ERROR com.charlessun.javaplcadapter.worker.impl.ConsumerWorkerImpl -- processingStrategy.process(record) 處理失敗: Processing failed
java.lang.RuntimeException: Processing failed
	at com.charlessun.javaplcadapter.worker.impl.ConsumerWorkerImpl.pollLoop(ConsumerWorkerImpl.java:51)
	at java.base/java.lang.Thread.run(Thread.java:1583)
11:01:07.263 [Thread-1] ERROR com.charlessun.javaplcadapter.worker.impl.ConsumerWorkerImpl -- processingStrategy.process(record) 處理失敗: Processing failed
java.lang.RuntimeException: Processing failed
	at com.charlessun.javaplcadapter.worker.impl.ConsumerWorkerImpl.pollLoop(ConsumerWorkerImpl.java:51)
	at java.base/java.lang.Thread.run(Thread.java:1583)
11:01:07.264 [Thread-1] ERROR com.charlessun.javaplcadapter.worker.impl.ConsumerWorkerImpl -- processingStrategy.process(record) 處理失敗: Processing failed
java.lang.RuntimeException: Processing failed
	at com.charlessun.javaplcadapter.worker.impl.ConsumerWorkerImpl.pollLoop(ConsumerWorkerImpl.java:51)
	at java.base/java.lang.Thread.run(Thread.java:1583)
11:01:07.264 [Thread-1] ERROR com.charlessun.javaplcadapter.worker.impl.ConsumerWorkerImpl -- processingStrategy.process(record) 處理失敗: Processing failed
java.lang.RuntimeException: Processing failed
	at com.charlessun.javaplcadapter.worker.impl.ConsumerWorkerImpl.pollLoop(ConsumerWorkerImpl.java:51)
	at java.base/java.lang.Thread.run(Thread.java:1583)
11:01:07.264 [Thread-1] ERROR com.charlessun.javaplcadapter.worker.impl.ConsumerWorkerImpl -- processingStrategy.process(record) 處理失敗: Processing failed
java.lang.RuntimeException: Processing failed
	at com.charlessun.javaplcadapter.worker.impl.ConsumerWorkerImpl.pollLoop(ConsumerWorkerImpl.java:51)
	at java.base/java.lang.Thread.run(Thread.java:1583)
11:01:07.264 [Thread-1] ERROR com.charlessun.javaplcadapter.worker.impl.ConsumerWorkerImpl -- processingStrategy.process(record) 處理失敗: Processing failed
java.lang.RuntimeException: Processing failed
	at com.charlessun.javaplcadapter.worker.impl.ConsumerWorkerImpl.pollLoop(ConsumerWorkerImpl.java:51)
	at java.base/java.lang.Thread.run(Thread.java:1583)
11:01:07.264 [Thread-1] ERROR com.charlessun.javaplcadapter.worker.impl.ConsumerWorkerImpl -- processingStrategy.process(record) 處理失敗: Processing failed
java.lang.RuntimeException: Processing failed
	at com.charlessun.javaplcadapter.worker.impl.ConsumerWorkerImpl.pollLoop(ConsumerWorkerImpl.java:51)
	at java.base/java.lang.Thread.run(Thread.java:1583)
11:01:07.264 [Thread-1] ERROR com.charlessun.javaplcadapter.worker.impl.ConsumerWorkerImpl -- processingStrategy.process(record) 處理失敗: Processing failed
java.lang.RuntimeException: Processing failed
	at com.charlessun.javaplcadapter.worker.impl.ConsumerWorkerImpl.pollLoop(ConsumerWorkerImpl.java:51)
	at java.base/java.lang.Thread.run(Thread.java:1583)
11:01:07.264 [Thread-1] ERROR com.charlessun.javaplcadapter.worker.impl.ConsumerWorkerImpl -- processingStrategy.process(record) 處理失敗: Processing failed
java.lang.RuntimeException: Processing failed
	at com.charlessun.javaplcadapter.worker.impl.ConsumerWorkerImpl.pollLoop(ConsumerWorkerImpl.java:51)
	at java.base/java.lang.Thread.run(Thread.java:1583)
11:01:07.264 [Thread-1] ERROR com.charlessun.javaplcadapter.worker.impl.ConsumerWorkerImpl -- processingStrategy.process(record) 處理失敗: Processing failed
java.lang.RuntimeException: Processing failed
	at com.charlessun.javaplcadapter.worker.impl.ConsumerWorkerImpl.pollLoop(ConsumerWorkerImpl.java:51)
	at java.base/java.lang.Thread.run(Thread.java:1583)
11:01:07.264 [Thread-1] ERROR com.charlessun.javaplcadapter.worker.impl.ConsumerWorkerImpl -- processingStrategy.process(record) 處理失敗: Processing failed
java.lang.RuntimeException: Processing failed
	at com.charlessun.javaplcadapter.worker.impl.ConsumerWorkerImpl.pollLoop(ConsumerWorkerImpl.java:51)
	at java.base/java.lang.Thread.run(Thread.java:1583)
11:01:07.264 [Thread-1] ERROR com.charlessun.javaplcadapter.worker.impl.ConsumerWorkerImpl -- processingStrategy.process(record) 處理失敗: Processing failed
java.lang.RuntimeException: Processing failed
	at com.charlessun.javaplcadapter.worker.impl.ConsumerWorkerImpl.pollLoop(ConsumerWorkerImpl.java:51)
	at java.base/java.lang.Thread.run(Thread.java:1583)
11:01:07.265 [Thread-1] ERROR com.charlessun.javaplcadapter.worker.impl.ConsumerWorkerImpl -- processingStrategy.process(record) 處理失敗: Processing failed
java.lang.RuntimeException: Processing failed
	at com.charlessun.javaplcadapter.worker.impl.ConsumerWorkerImpl.pollLoop(ConsumerWorkerImpl.java:51)
	at java.base/java.lang.Thread.run(Thread.java:1583)
11:01:07.265 [Thread-1] ERROR com.charlessun.javaplcadapter.worker.impl.ConsumerWorkerImpl -- processingStrategy.process(record) 處理失敗: Processing failed
java.lang.RuntimeException: Processing failed
	at com.charlessun.javaplcadapter.worker.impl.ConsumerWorkerImpl.pollLoop(ConsumerWorkerImpl.java:51)
	at java.base/java.lang.Thread.run(Thread.java:1583)
11:01:07.265 [Thread-1] ERROR com.charlessun.javaplcadapter.worker.impl.ConsumerWorkerImpl -- processingStrategy.process(record) 處理失敗: Processing failed
java.lang.RuntimeException: Processing failed
	at com.charlessun.javaplcadapter.worker.impl.ConsumerWorkerImpl.pollLoop(ConsumerWorkerImpl.java:51)
	at java.base/java.lang.Thread.run(Thread.java:1583)
11:01:07.265 [Thread-1] ERROR com.charlessun.javaplcadapter.worker.impl.ConsumerWorkerImpl -- processingStrategy.process(record) 處理失敗: Processing failed
java.lang.RuntimeException: Processing failed
	at com.charlessun.javaplcadapter.worker.impl.ConsumerWorkerImpl.pollLoop(ConsumerWorkerImpl.java:51)
	at java.base/java.lang.Thread.run(Thread.java:1583)
11:01:07.265 [Thread-1] ERROR com.charlessun.javaplcadapter.worker.impl.ConsumerWorkerImpl -- processingStrategy.process(record) 處理失敗: Processing failed
java.lang.RuntimeException: Processing failed
	at com.charlessun.javaplcadapter.worker.impl.ConsumerWorkerImpl.pollLoop(ConsumerWorkerImpl.java:51)
	at java.base/java.lang.Thread.run(Thread.java:1583)
11:01:07.265 [Thread-1] ERROR com.charlessun.javaplcadapter.worker.impl.ConsumerWorkerImpl -- processingStrategy.process(record) 處理失敗: Processing failed
java.lang.RuntimeException: Processing failed
	at com.charlessun.javaplcadapter.worker.impl.ConsumerWorkerImpl.pollLoop(ConsumerWorkerImpl.java:51)
	at java.base/java.lang.Thread.run(Thread.java:1583)
11:01:07.265 [Thread-1] ERROR com.charlessun.javaplcadapter.worker.impl.ConsumerWorkerImpl -- processingStrategy.process(record) 處理失敗: Processing failed
java.lang.RuntimeException: Processing failed
	at com.charlessun.javaplcadapter.worker.impl.ConsumerWorkerImpl.pollLoop(ConsumerWorkerImpl.java:51)
	at java.base/java.lang.Thread.run(Thread.java:1583)
11:01:07.265 [Thread-1] ERROR com.charlessun.javaplcadapter.worker.impl.ConsumerWorkerImpl -- processingStrategy.process(record) 處理失敗: Processing failed
java.lang.RuntimeException: Processing failed
	at com.charlessun.javaplcadapter.worker.impl.ConsumerWorkerImpl.pollLoop(ConsumerWorkerImpl.java:51)
	at java.base/java.lang.Thread.run(Thread.java:1583)
11:01:07.265 [Thread-1] ERROR com.charlessun.javaplcadapter.worker.impl.ConsumerWorkerImpl -- processingStrategy.process(record) 處理失敗: Processing failed
java.lang.RuntimeException: Processing failed
	at com.charlessun.javaplcadapter.worker.impl.ConsumerWorkerImpl.pollLoop(ConsumerWorkerImpl.java:51)
	at java.base/java.lang.Thread.run(Thread.java:1583)
11:01:07.265 [Thread-1] ERROR com.charlessun.javaplcadapter.worker.impl.ConsumerWorkerImpl -- processingStrategy.process(record) 處理失敗: Processing failed
java.lang.RuntimeException: Processing failed
	at com.charlessun.javaplcadapter.worker.impl.ConsumerWorkerImpl.pollLoop(ConsumerWorkerImpl.java:51)
	at java.base/java.lang.Thread.run(Thread.java:1583)
11:01:07.265 [Thread-1] ERROR com.charlessun.javaplcadapter.worker.impl.ConsumerWorkerImpl -- processingStrategy.process(record) 處理失敗: Processing failed
java.lang.RuntimeException: Processing failed
	at com.charlessun.javaplcadapter.worker.impl.ConsumerWorkerImpl.pollLoop(ConsumerWorkerImpl.java:51)
	at java.base/java.lang.Thread.run(Thread.java:1583)
11:01:07.265 [Thread-1] ERROR com.charlessun.javaplcadapter.worker.impl.ConsumerWorkerImpl -- processingStrategy.process(record) 處理失敗: Processing failed
java.lang.RuntimeException: Processing failed
	at com.charlessun.javaplcadapter.worker.impl.ConsumerWorkerImpl.pollLoop(ConsumerWorkerImpl.java:51)
	at java.base/java.lang.Thread.run(Thread.java:1583)
11:01:07.265 [Thread-1] ERROR com.charlessun.javaplcadapter.worker.impl.ConsumerWorkerImpl -- processingStrategy.process(record) 處理失敗: Processing failed
java.lang.RuntimeException: Processing failed
	at com.charlessun.javaplcadapter.worker.impl.ConsumerWorkerImpl.pollLoop(ConsumerWorkerImpl.java:51)
	at java.base/java.lang.Thread.run(Thread.java:1583)
11:01:07.266 [Thread-1] ERROR com.charlessun.javaplcadapter.worker.impl.ConsumerWorkerImpl -- processingStrategy.process(record) 處理失敗: Processing failed
java.lang.RuntimeException: Processing failed
	at com.charlessun.javaplcadapter.worker.impl.ConsumerWorkerImpl.pollLoop(ConsumerWorkerImpl.java:51)
	at java.base/java.lang.Thread.run(Thread.java:1583)
11:01:07.266 [Thread-1] ERROR com.charlessun.javaplcadapter.worker.impl.ConsumerWorkerImpl -- processingStrategy.process(record) 處理失敗: Processing failed
java.lang.RuntimeException: Processing failed
	at com.charlessun.javaplcadapter.worker.impl.ConsumerWorkerImpl.pollLoop(ConsumerWorkerImpl.java:51)
	at java.base/java.lang.Thread.run(Thread.java:1583)
11:01:07.266 [Thread-1] ERROR com.charlessun.javaplcadapter.worker.impl.ConsumerWorkerImpl -- processingStrategy.process(record) 處理失敗: Processing failed
java.lang.RuntimeException: Processing failed
	at com.charlessun.javaplcadapter.worker.impl.ConsumerWorkerImpl.pollLoop(ConsumerWorkerImpl.java:51)
	at java.base/java.lang.Thread.run(Thread.java:1583)
11:01:07.266 [Thread-1] ERROR com.charlessun.javaplcadapter.worker.impl.ConsumerWorkerImpl -- processingStrategy.process(record) 處理失敗: Processing failed
java.lang.RuntimeException: Processing failed
	at com.charlessun.javaplcadapter.worker.impl.ConsumerWorkerImpl.pollLoop(ConsumerWorkerImpl.java:51)
	at java.base/java.lang.Thread.run(Thread.java:1583)
11:01:07.266 [Thread-1] ERROR com.charlessun.javaplcadapter.worker.impl.ConsumerWorkerImpl -- processingStrategy.process(record) 處理失敗: Processing failed
java.lang.RuntimeException: Processing failed
	at com.charlessun.javaplcadapter.worker.impl.ConsumerWorkerImpl.pollLoop(ConsumerWorkerImpl.java:51)
	at java.base/java.lang.Thread.run(Thread.java:1583)
11:01:07.266 [Thread-1] ERROR com.charlessun.javaplcadapter.worker.impl.ConsumerWorkerImpl -- processingStrategy.process(record) 處理失敗: Processing failed
java.lang.RuntimeException: Processing failed
	at com.charlessun.javaplcadapter.worker.impl.ConsumerWorkerImpl.pollLoop(ConsumerWorkerImpl.java:51)
	at java.base/java.lang.Thread.run(Thread.java:1583)
11:01:07.266 [Thread-1] ERROR com.charlessun.javaplcadapter.worker.impl.ConsumerWorkerImpl -- processingStrategy.process(record) 處理失敗: Processing failed
java.lang.RuntimeException: Processing failed
	at com.charlessun.javaplcadapter.worker.impl.ConsumerWorkerImpl.pollLoop(ConsumerWorkerImpl.java:51)
	at java.base/java.lang.Thread.run(Thread.java:1583)
11:01:07.266 [Thread-1] ERROR com.charlessun.javaplcadapter.worker.impl.ConsumerWorkerImpl -- processingStrategy.process(record) 處理失敗: Processing failed
java.lang.RuntimeException: Processing failed
	at com.charlessun.javaplcadapter.worker.impl.ConsumerWorkerImpl.pollLoop(ConsumerWorkerImpl.java:51)
	at java.base/java.lang.Thread.run(Thread.java:1583)
11:01:07.266 [Thread-1] ERROR com.charlessun.javaplcadapter.worker.impl.ConsumerWorkerImpl -- processingStrategy.process(record) 處理失敗: Processing failed
java.lang.RuntimeException: Processing failed
	at com.charlessun.javaplcadapter.worker.impl.ConsumerWorkerImpl.pollLoop(ConsumerWorkerImpl.java:51)
	at java.base/java.lang.Thread.run(Thread.java:1583)
11:01:07.267 [Thread-1] ERROR com.charlessun.javaplcadapter.worker.impl.ConsumerWorkerImpl -- processingStrategy.process(record) 處理失敗: Processing failed
java.lang.RuntimeException: Processing failed
	at com.charlessun.javaplcadapter.worker.impl.ConsumerWorkerImpl.pollLoop(ConsumerWorkerImpl.java:51)
	at java.base/java.lang.Thread.run(Thread.java:1583)
11:01:07.267 [Thread-1] ERROR com.charlessun.javaplcadapter.worker.impl.ConsumerWorkerImpl -- processingStrategy.process(record) 處理失敗: Processing failed
java.lang.RuntimeException: Processing failed
	at com.charlessun.javaplcadapter.worker.impl.ConsumerWorkerImpl.pollLoop(ConsumerWorkerImpl.java:51)
	at java.base/java.lang.Thread.run(Thread.java:1583)
11:01:07.267 [Thread-1] ERROR com.charlessun.javaplcadapter.worker.impl.ConsumerWorkerImpl -- processingStrategy.process(record) 處理失敗: Processing failed
java.lang.RuntimeException: Processing failed
	at com.charlessun.javaplcadapter.worker.impl.ConsumerWorkerImpl.pollLoop(ConsumerWorkerImpl.java:51)
	at java.base/java.lang.Thread.run(Thread.java:1583)
11:01:07.267 [Thread-1] ERROR com.charlessun.javaplcadapter.worker.impl.ConsumerWorkerImpl -- processingStrategy.process(record) 處理失敗: Processing failed
java.lang.RuntimeException: Processing failed
	at com.charlessun.javaplcadapter.worker.impl.ConsumerWorkerImpl.pollLoop(ConsumerWorkerImpl.java:51)
	at java.base/java.lang.Thread.run(Thread.java:1583)
11:01:07.267 [Thread-1] ERROR com.charlessun.javaplcadapter.worker.impl.ConsumerWorkerImpl -- processingStrategy.process(record) 處理失敗: Processing failed
java.lang.RuntimeException: Processing failed
	at com.charlessun.javaplcadapter.worker.impl.ConsumerWorkerImpl.pollLoop(ConsumerWorkerImpl.java:51)
	at java.base/java.lang.Thread.run(Thread.java:1583)
11:01:07.267 [Thread-1] ERROR com.charlessun.javaplcadapter.worker.impl.ConsumerWorkerImpl -- processingStrategy.process(record) 處理失敗: Processing failed
java.lang.RuntimeException: Processing failed
	at com.charlessun.javaplcadapter.worker.impl.ConsumerWorkerImpl.pollLoop(ConsumerWorkerImpl.java:51)
	at java.base/java.lang.Thread.run(Thread.java:1583)
11:01:07.267 [Thread-1] ERROR com.charlessun.javaplcadapter.worker.impl.ConsumerWorkerImpl -- processingStrategy.process(record) 處理失敗: Processing failed
java.lang.RuntimeException: Processing failed
	at com.charlessun.javaplcadapter.worker.impl.ConsumerWorkerImpl.pollLoop(ConsumerWorkerImpl.java:51)
	at java.base/java.lang.Thread.run(Thread.java:1583)
11:01:07.267 [Thread-1] ERROR com.charlessun.javaplcadapter.worker.impl.ConsumerWorkerImpl -- processingStrategy.process(record) 處理失敗: Processing failed
java.lang.RuntimeException: Processing failed
	at com.charlessun.javaplcadapter.worker.impl.ConsumerWorkerImpl.pollLoop(ConsumerWorkerImpl.java:51)
	at java.base/java.lang.Thread.run(Thread.java:1583)
11:01:07.267 [Thread-1] ERROR com.charlessun.javaplcadapter.worker.impl.ConsumerWorkerImpl -- processingStrategy.process(record) 處理失敗: Processing failed
java.lang.RuntimeException: Processing failed
	at com.charlessun.javaplcadapter.worker.impl.ConsumerWorkerImpl.pollLoop(ConsumerWorkerImpl.java:51)
	at java.base/java.lang.Thread.run(Thread.java:1583)
11:01:07.268 [Thread-1] ERROR com.charlessun.javaplcadapter.worker.impl.ConsumerWorkerImpl -- processingStrategy.process(record) 處理失敗: Processing failed
java.lang.RuntimeException: Processing failed
	at com.charlessun.javaplcadapter.worker.impl.ConsumerWorkerImpl.pollLoop(ConsumerWorkerImpl.java:51)
	at java.base/java.lang.Thread.run(Thread.java:1583)
11:01:07.268 [Thread-1] ERROR com.charlessun.javaplcadapter.worker.impl.ConsumerWorkerImpl -- processingStrategy.process(record) 處理失敗: Processing failed
java.lang.RuntimeException: Processing failed
	at com.charlessun.javaplcadapter.worker.impl.ConsumerWorkerImpl.pollLoop(ConsumerWorkerImpl.java:51)
	at java.base/java.lang.Thread.run(Thread.java:1583)
11:01:07.268 [Thread-1] ERROR com.charlessun.javaplcadapter.worker.impl.ConsumerWorkerImpl -- processingStrategy.process(record) 處理失敗: Processing failed
java.lang.RuntimeException: Processing failed
	at com.charlessun.javaplcadapter.worker.impl.ConsumerWorkerImpl.pollLoop(ConsumerWorkerImpl.java:51)
	at java.base/java.lang.Thread.run(Thread.java:1583)
11:01:07.268 [Thread-1] ERROR com.charlessun.javaplcadapter.worker.impl.ConsumerWorkerImpl -- processingStrategy.process(record) 處理失敗: Processing failed
java.lang.RuntimeException: Processing failed
	at com.charlessun.javaplcadapter.worker.impl.ConsumerWorkerImpl.pollLoop(ConsumerWorkerImpl.java:51)
	at java.base/java.lang.Thread.run(Thread.java:1583)
11:01:07.268 [Thread-1] ERROR com.charlessun.javaplcadapter.worker.impl.ConsumerWorkerImpl -- processingStrategy.process(record) 處理失敗: Processing failed
java.lang.RuntimeException: Processing failed
	at com.charlessun.javaplcadapter.worker.impl.ConsumerWorkerImpl.pollLoop(ConsumerWorkerImpl.java:51)
	at java.base/java.lang.Thread.run(Thread.java:1583)
11:01:07.268 [Thread-1] ERROR com.charlessun.javaplcadapter.worker.impl.ConsumerWorkerImpl -- processingStrategy.process(record) 處理失敗: Processing failed
java.lang.RuntimeException: Processing failed
	at com.charlessun.javaplcadapter.worker.impl.ConsumerWorkerImpl.pollLoop(ConsumerWorkerImpl.java:51)
	at java.base/java.lang.Thread.run(Thread.java:1583)
11:01:07.268 [Thread-1] ERROR com.charlessun.javaplcadapter.worker.impl.ConsumerWorkerImpl -- processingStrategy.process(record) 處理失敗: Processing failed
java.lang.RuntimeException: Processing failed
	at com.charlessun.javaplcadapter.worker.impl.ConsumerWorkerImpl.pollLoop(ConsumerWorkerImpl.java:51)
	at java.base/java.lang.Thread.run(Thread.java:1583)
11:01:07.268 [Thread-1] ERROR com.charlessun.javaplcadapter.worker.impl.ConsumerWorkerImpl -- processingStrategy.process(record) 處理失敗: Processing failed
java.lang.RuntimeException: Processing failed
	at com.charlessun.javaplcadapter.worker.impl.ConsumerWorkerImpl.pollLoop(ConsumerWorkerImpl.java:51)
	at java.base/java.lang.Thread.run(Thread.java:1583)
11:01:07.269 [Thread-1] ERROR com.charlessun.javaplcadapter.worker.impl.ConsumerWorkerImpl -- processingStrategy.process(record) 處理失敗: Processing failed
java.lang.RuntimeException: Processing failed
	at com.charlessun.javaplcadapter.worker.impl.ConsumerWorkerImpl.pollLoop(ConsumerWorkerImpl.java:51)
	at java.base/java.lang.Thread.run(Thread.java:1583)
11:01:07.269 [Thread-1] ERROR com.charlessun.javaplcadapter.worker.impl.ConsumerWorkerImpl -- processingStrategy.process(record) 處理失敗: Processing failed
java.lang.RuntimeException: Processing failed
	at com.charlessun.javaplcadapter.worker.impl.ConsumerWorkerImpl.pollLoop(ConsumerWorkerImpl.java:51)
	at java.base/java.lang.Thread.run(Thread.java:1583)
11:01:07.269 [Thread-1] ERROR com.charlessun.javaplcadapter.worker.impl.ConsumerWorkerImpl -- processingStrategy.process(record) 處理失敗: Processing failed
java.lang.RuntimeException: Processing failed
	at com.charlessun.javaplcadapter.worker.impl.ConsumerWorkerImpl.pollLoop(ConsumerWorkerImpl.java:51)
	at java.base/java.lang.Thread.run(Thread.java:1583)
11:01:07.269 [Thread-1] ERROR com.charlessun.javaplcadapter.worker.impl.ConsumerWorkerImpl -- processingStrategy.process(record) 處理失敗: Processing failed
java.lang.RuntimeException: Processing failed
	at com.charlessun.javaplcadapter.worker.impl.ConsumerWorkerImpl.pollLoop(ConsumerWorkerImpl.java:51)
	at java.base/java.lang.Thread.run(Thread.java:1583)
11:01:07.269 [Thread-1] ERROR com.charlessun.javaplcadapter.worker.impl.ConsumerWorkerImpl -- processingStrategy.process(record) 處理失敗: Processing failed
java.lang.RuntimeException: Processing failed
	at com.charlessun.javaplcadapter.worker.impl.ConsumerWorkerImpl.pollLoop(ConsumerWorkerImpl.java:51)
	at java.base/java.lang.Thread.run(Thread.java:1583)
11:01:07.269 [Thread-1] ERROR com.charlessun.javaplcadapter.worker.impl.ConsumerWorkerImpl -- processingStrategy.process(record) 處理失敗: Processing failed
java.lang.RuntimeException: Processing failed
	at com.charlessun.javaplcadapter.worker.impl.ConsumerWorkerImpl.pollLoop(ConsumerWorkerImpl.java:51)
	at java.base/java.lang.Thread.run(Thread.java:1583)
11:01:07.269 [Thread-1] ERROR com.charlessun.javaplcadapter.worker.impl.ConsumerWorkerImpl -- processingStrategy.process(record) 處理失敗: Processing failed
java.lang.RuntimeException: Processing failed
	at com.charlessun.javaplcadapter.worker.impl.ConsumerWorkerImpl.pollLoop(ConsumerWorkerImpl.java:51)
	at java.base/java.lang.Thread.run(Thread.java:1583)
11:01:07.269 [Thread-1] ERROR com.charlessun.javaplcadapter.worker.impl.ConsumerWorkerImpl -- processingStrategy.process(record) 處理失敗: Processing failed
java.lang.RuntimeException: Processing failed
	at com.charlessun.javaplcadapter.worker.impl.ConsumerWorkerImpl.pollLoop(ConsumerWorkerImpl.java:51)
	at java.base/java.lang.Thread.run(Thread.java:1583)
11:01:07.269 [Thread-1] ERROR com.charlessun.javaplcadapter.worker.impl.ConsumerWorkerImpl -- processingStrategy.process(record) 處理失敗: Processing failed
java.lang.RuntimeException: Processing failed
	at com.charlessun.javaplcadapter.worker.impl.ConsumerWorkerImpl.pollLoop(ConsumerWorkerImpl.java:51)
	at java.base/java.lang.Thread.run(Thread.java:1583)
11:01:07.270 [Thread-1] ERROR com.charlessun.javaplcadapter.worker.impl.ConsumerWorkerImpl -- processingStrategy.process(record) 處理失敗: Processing failed
java.lang.RuntimeException: Processing failed
	at com.charlessun.javaplcadapter.worker.impl.ConsumerWorkerImpl.pollLoop(ConsumerWorkerImpl.java:51)
	at java.base/java.lang.Thread.run(Thread.java:1583)
11:01:07.270 [Thread-1] ERROR com.charlessun.javaplcadapter.worker.impl.ConsumerWorkerImpl -- processingStrategy.process(record) 處理失敗: Processing failed
java.lang.RuntimeException: Processing failed
	at com.charlessun.javaplcadapter.worker.impl.ConsumerWorkerImpl.pollLoop(ConsumerWorkerImpl.java:51)
	at java.base/java.lang.Thread.run(Thread.java:1583)
11:01:07.270 [Thread-1] ERROR com.charlessun.javaplcadapter.worker.impl.ConsumerWorkerImpl -- processingStrategy.process(record) 處理失敗: Processing failed
java.lang.RuntimeException: Processing failed
	at com.charlessun.javaplcadapter.worker.impl.ConsumerWorkerImpl.pollLoop(ConsumerWorkerImpl.java:51)
	at java.base/java.lang.Thread.run(Thread.java:1583)
11:01:07.270 [Thread-1] ERROR com.charlessun.javaplcadapter.worker.impl.ConsumerWorkerImpl -- processingStrategy.process(record) 處理失敗: Processing failed
java.lang.RuntimeException: Processing failed
	at com.charlessun.javaplcadapter.worker.impl.ConsumerWorkerImpl.pollLoop(ConsumerWorkerImpl.java:51)
	at java.base/java.lang.Thread.run(Thread.java:1583)
11:01:07.270 [Thread-1] ERROR com.charlessun.javaplcadapter.worker.impl.ConsumerWorkerImpl -- processingStrategy.process(record) 處理失敗: Processing failed
java.lang.RuntimeException: Processing failed
	at com.charlessun.javaplcadapter.worker.impl.ConsumerWorkerImpl.pollLoop(ConsumerWorkerImpl.java:51)
	at java.base/java.lang.Thread.run(Thread.java:1583)
11:01:07.270 [Thread-1] ERROR com.charlessun.javaplcadapter.worker.impl.ConsumerWorkerImpl -- processingStrategy.process(record) 處理失敗: Processing failed
java.lang.RuntimeException: Processing failed
	at com.charlessun.javaplcadapter.worker.impl.ConsumerWorkerImpl.pollLoop(ConsumerWorkerImpl.java:51)
	at java.base/java.lang.Thread.run(Thread.java:1583)
11:01:07.270 [Thread-1] ERROR com.charlessun.javaplcadapter.worker.impl.ConsumerWorkerImpl -- processingStrategy.process(record) 處理失敗: Processing failed
java.lang.RuntimeException: Processing failed
	at com.charlessun.javaplcadapter.worker.impl.ConsumerWorkerImpl.pollLoop(ConsumerWorkerImpl.java:51)
	at java.base/java.lang.Thread.run(Thread.java:1583)
11:01:07.270 [Thread-1] ERROR com.charlessun.javaplcadapter.worker.impl.ConsumerWorkerImpl -- processingStrategy.process(record) 處理失敗: Processing failed
java.lang.RuntimeException: Processing failed
	at com.charlessun.javaplcadapter.worker.impl.ConsumerWorkerImpl.pollLoop(ConsumerWorkerImpl.java:51)
	at java.base/java.lang.Thread.run(Thread.java:1583)
11:01:07.271 [Thread-1] ERROR com.charlessun.javaplcadapter.worker.impl.ConsumerWorkerImpl -- processingStrategy.process(record) 處理失敗: Processing failed
java.lang.RuntimeException: Processing failed
	at com.charlessun.javaplcadapter.worker.impl.ConsumerWorkerImpl.pollLoop(ConsumerWorkerImpl.java:51)
	at java.base/java.lang.Thread.run(Thread.java:1583)
11:01:07.271 [Thread-1] ERROR com.charlessun.javaplcadapter.worker.impl.ConsumerWorkerImpl -- processingStrategy.process(record) 處理失敗: Processing failed
java.lang.RuntimeException: Processing failed
	at com.charlessun.javaplcadapter.worker.impl.ConsumerWorkerImpl.pollLoop(ConsumerWorkerImpl.java:51)
	at java.base/java.lang.Thread.run(Thread.java:1583)
11:01:07.271 [Thread-1] ERROR com.charlessun.javaplcadapter.worker.impl.ConsumerWorkerImpl -- processingStrategy.process(record) 處理失敗: Processing failed
java.lang.RuntimeException: Processing failed
	at com.charlessun.javaplcadapter.worker.impl.ConsumerWorkerImpl.pollLoop(ConsumerWorkerImpl.java:51)
	at java.base/java.lang.Thread.run(Thread.java:1583)
11:01:07.271 [Thread-1] ERROR com.charlessun.javaplcadapter.worker.impl.ConsumerWorkerImpl -- processingStrategy.process(record) 處理失敗: Processing failed
java.lang.RuntimeException: Processing failed
	at com.charlessun.javaplcadapter.worker.impl.ConsumerWorkerImpl.pollLoop(ConsumerWorkerImpl.java:51)
	at java.base/java.lang.Thread.run(Thread.java:1583)
11:01:07.271 [Thread-1] ERROR com.charlessun.javaplcadapter.worker.impl.ConsumerWorkerImpl -- processingStrategy.process(record) 處理失敗: Processing failed
java.lang.RuntimeException: Processing failed
	at com.charlessun.javaplcadapter.worker.impl.ConsumerWorkerImpl.pollLoop(ConsumerWorkerImpl.java:51)
	at java.base/java.lang.Thread.run(Thread.java:1583)
11:01:07.272 [Thread-1] ERROR com.charlessun.javaplcadapter.worker.impl.ConsumerWorkerImpl -- processingStrategy.process(record) 處理失敗: Processing failed
java.lang.RuntimeException: Processing failed
	at com.charlessun.javaplcadapter.worker.impl.ConsumerWorkerImpl.pollLoop(ConsumerWorkerImpl.java:51)
	at java.base/java.lang.Thread.run(Thread.java:1583)
11:01:07.272 [Thread-1] ERROR com.charlessun.javaplcadapter.worker.impl.ConsumerWorkerImpl -- processingStrategy.process(record) 處理失敗: Processing failed
java.lang.RuntimeException: Processing failed
	at com.charlessun.javaplcadapter.worker.impl.ConsumerWorkerImpl.pollLoop(ConsumerWorkerImpl.java:51)
	at java.base/java.lang.Thread.run(Thread.java:1583)
11:01:07.272 [Thread-1] ERROR com.charlessun.javaplcadapter.worker.impl.ConsumerWorkerImpl -- processingStrategy.process(record) 處理失敗: Processing failed
java.lang.RuntimeException: Processing failed
	at com.charlessun.javaplcadapter.worker.impl.ConsumerWorkerImpl.pollLoop(ConsumerWorkerImpl.java:51)
	at java.base/java.lang.Thread.run(Thread.java:1583)
11:01:07.272 [Thread-1] ERROR com.charlessun.javaplcadapter.worker.impl.ConsumerWorkerImpl -- processingStrategy.process(record) 處理失敗: Processing failed
java.lang.RuntimeException: Processing failed
	at com.charlessun.javaplcadapter.worker.impl.ConsumerWorkerImpl.pollLoop(ConsumerWorkerImpl.java:51)
	at java.base/java.lang.Thread.run(Thread.java:1583)
11:01:07.272 [Thread-1] ERROR com.charlessun.javaplcadapter.worker.impl.ConsumerWorkerImpl -- processingStrategy.process(record) 處理失敗: Processing failed
java.lang.RuntimeException: Processing failed
	at com.charlessun.javaplcadapter.worker.impl.ConsumerWorkerImpl.pollLoop(ConsumerWorkerImpl.java:51)
	at java.base/java.lang.Thread.run(Thread.java:1583)
11:01:07.272 [Thread-1] ERROR com.charlessun.javaplcadapter.worker.impl.ConsumerWorkerImpl -- processingStrategy.process(record) 處理失敗: Processing failed
java.lang.RuntimeException: Processing failed
	at com.charlessun.javaplcadapter.worker.impl.ConsumerWorkerImpl.pollLoop(ConsumerWorkerImpl.java:51)
	at java.base/java.lang.Thread.run(Thread.java:1583)
11:01:07.272 [Thread-1] ERROR com.charlessun.javaplcadapter.worker.impl.ConsumerWorkerImpl -- processingStrategy.process(record) 處理失敗: Processing failed
java.lang.RuntimeException: Processing failed
	at com.charlessun.javaplcadapter.worker.impl.ConsumerWorkerImpl.pollLoop(ConsumerWorkerImpl.java:51)
	at java.base/java.lang.Thread.run(Thread.java:1583)
11:01:07.272 [Thread-1] ERROR com.charlessun.javaplcadapter.worker.impl.ConsumerWorkerImpl -- processingStrategy.process(record) 處理失敗: Processing failed
java.lang.RuntimeException: Processing failed
	at com.charlessun.javaplcadapter.worker.impl.ConsumerWorkerImpl.pollLoop(ConsumerWorkerImpl.java:51)
	at java.base/java.lang.Thread.run(Thread.java:1583)
11:01:07.273 [Thread-1] ERROR com.charlessun.javaplcadapter.worker.impl.ConsumerWorkerImpl -- processingStrategy.process(record) 處理失敗: Processing failed
java.lang.RuntimeException: Processing failed
	at com.charlessun.javaplcadapter.worker.impl.ConsumerWorkerImpl.pollLoop(ConsumerWorkerImpl.java:51)
	at java.base/java.lang.Thread.run(Thread.java:1583)
11:01:07.273 [Thread-1] ERROR com.charlessun.javaplcadapter.worker.impl.ConsumerWorkerImpl -- processingStrategy.process(record) 處理失敗: Processing failed
java.lang.RuntimeException: Processing failed
	at com.charlessun.javaplcadapter.worker.impl.ConsumerWorkerImpl.pollLoop(ConsumerWorkerImpl.java:51)
	at java.base/java.lang.Thread.run(Thread.java:1583)
11:01:07.273 [Thread-1] ERROR com.charlessun.javaplcadapter.worker.impl.ConsumerWorkerImpl -- processingStrategy.process(record) 處理失敗: Processing failed
java.lang.RuntimeException: Processing failed
	at com.charlessun.javaplcadapter.worker.impl.ConsumerWorkerImpl.pollLoop(ConsumerWorkerImpl.java:51)
	at java.base/java.lang.Thread.run(Thread.java:1583)
11:01:07.273 [Thread-1] ERROR com.charlessun.javaplcadapter.worker.impl.ConsumerWorkerImpl -- processingStrategy.process(record) 處理失敗: Processing failed
java.lang.RuntimeException: Processing failed
	at com.charlessun.javaplcadapter.worker.impl.ConsumerWorkerImpl.pollLoop(ConsumerWorkerImpl.java:51)
	at java.base/java.lang.Thread.run(Thread.java:1583)
11:01:07.273 [Thread-1] ERROR com.charlessun.javaplcadapter.worker.impl.ConsumerWorkerImpl -- processingStrategy.process(record) 處理失敗: Processing failed
java.lang.RuntimeException: Processing failed
	at com.charlessun.javaplcadapter.worker.impl.ConsumerWorkerImpl.pollLoop(ConsumerWorkerImpl.java:51)
	at java.base/java.lang.Thread.run(Thread.java:1583)
11:01:07.273 [Thread-1] ERROR com.charlessun.javaplcadapter.worker.impl.ConsumerWorkerImpl -- processingStrategy.process(record) 處理失敗: Processing failed
java.lang.RuntimeException: Processing failed
	at com.charlessun.javaplcadapter.worker.impl.ConsumerWorkerImpl.pollLoop(ConsumerWorkerImpl.java:51)
	at java.base/java.lang.Thread.run(Thread.java:1583)
11:01:07.273 [Thread-1] ERROR com.charlessun.javaplcadapter.worker.impl.ConsumerWorkerImpl -- processingStrategy.process(record) 處理失敗: Processing failed
java.lang.RuntimeException: Processing failed
	at com.charlessun.javaplcadapter.worker.impl.ConsumerWorkerImpl.pollLoop(ConsumerWorkerImpl.java:51)
	at java.base/java.lang.Thread.run(Thread.java:1583)
11:01:07.273 [Thread-1] ERROR com.charlessun.javaplcadapter.worker.impl.ConsumerWorkerImpl -- processingStrategy.process(record) 處理失敗: Processing failed
java.lang.RuntimeException: Processing failed
	at com.charlessun.javaplcadapter.worker.impl.ConsumerWorkerImpl.pollLoop(ConsumerWorkerImpl.java:51)
	at java.base/java.lang.Thread.run(Thread.java:1583)
11:01:07.273 [Thread-1] ERROR com.charlessun.javaplcadapter.worker.impl.ConsumerWorkerImpl -- processingStrategy.process(record) 處理失敗: Processing failed
java.lang.RuntimeException: Processing failed
	at com.charlessun.javaplcadapter.worker.impl.ConsumerWorkerImpl.pollLoop(ConsumerWorkerImpl.java:51)
	at java.base/java.lang.Thread.run(Thread.java:1583)
11:01:07.273 [Thread-1] ERROR com.charlessun.javaplcadapter.worker.impl.ConsumerWorkerImpl -- processingStrategy.process(record) 處理失敗: Processing failed
java.lang.RuntimeException: Processing failed
	at com.charlessun.javaplcadapter.worker.impl.ConsumerWorkerImpl.pollLoop(ConsumerWorkerImpl.java:51)
	at java.base/java.lang.Thread.run(Thread.java:1583)
11:01:07.274 [Thread-1] ERROR com.charlessun.javaplcadapter.worker.impl.ConsumerWorkerImpl -- processingStrategy.process(record) 處理失敗: Processing failed
java.lang.RuntimeException: Processing failed
	at com.charlessun.javaplcadapter.worker.impl.ConsumerWorkerImpl.pollLoop(ConsumerWorkerImpl.java:51)
	at java.base/java.lang.Thread.run(Thread.java:1583)
11:01:07.274 [Thread-1] ERROR com.charlessun.javaplcadapter.worker.impl.ConsumerWorkerImpl -- processingStrategy.process(record) 處理失敗: Processing failed
java.lang.RuntimeException: Processing failed
	at com.charlessun.javaplcadapter.worker.impl.ConsumerWorkerImpl.pollLoop(ConsumerWorkerImpl.java:51)
	at java.base/java.lang.Thread.run(Thread.java:1583)
11:01:07.274 [Thread-1] ERROR com.charlessun.javaplcadapter.worker.impl.ConsumerWorkerImpl -- processingStrategy.process(record) 處理失敗: Processing failed
java.lang.RuntimeException: Processing failed
	at com.charlessun.javaplcadapter.worker.impl.ConsumerWorkerImpl.pollLoop(ConsumerWorkerImpl.java:51)
	at java.base/java.lang.Thread.run(Thread.java:1583)
11:01:07.274 [Thread-1] ERROR com.charlessun.javaplcadapter.worker.impl.ConsumerWorkerImpl -- processingStrategy.process(record) 處理失敗: Processing failed
java.lang.RuntimeException: Processing failed
	at com.charlessun.javaplcadapter.worker.impl.ConsumerWorkerImpl.pollLoop(ConsumerWorkerImpl.java:51)
	at java.base/java.lang.Thread.run(Thread.java:1583)
11:01:07.274 [Thread-1] ERROR com.charlessun.javaplcadapter.worker.impl.ConsumerWorkerImpl -- processingStrategy.process(record) 處理失敗: Processing failed
java.lang.RuntimeException: Processing failed
	at com.charlessun.javaplcadapter.worker.impl.ConsumerWorkerImpl.pollLoop(ConsumerWorkerImpl.java:51)
	at java.base/java.lang.Thread.run(Thread.java:1583)
11:01:07.274 [Thread-1] ERROR com.charlessun.javaplcadapter.worker.impl.ConsumerWorkerImpl -- processingStrategy.process(record) 處理失敗: Processing failed
java.lang.RuntimeException: Processing failed
	at com.charlessun.javaplcadapter.worker.impl.ConsumerWorkerImpl.pollLoop(ConsumerWorkerImpl.java:51)
	at java.base/java.lang.Thread.run(Thread.java:1583)
11:01:07.274 [Thread-1] ERROR com.charlessun.javaplcadapter.worker.impl.ConsumerWorkerImpl -- processingStrategy.process(record) 處理失敗: Processing failed
java.lang.RuntimeException: Processing failed
	at com.charlessun.javaplcadapter.worker.impl.ConsumerWorkerImpl.pollLoop(ConsumerWorkerImpl.java:51)
	at java.base/java.lang.Thread.run(Thread.java:1583)
11:01:07.274 [Thread-1] ERROR com.charlessun.javaplcadapter.worker.impl.ConsumerWorkerImpl -- processingStrategy.process(record) 處理失敗: Processing failed
java.lang.RuntimeException: Processing failed
	at com.charlessun.javaplcadapter.worker.impl.ConsumerWorkerImpl.pollLoop(ConsumerWorkerImpl.java:51)
	at java.base/java.lang.Thread.run(Thread.java:1583)
11:01:07.274 [Thread-1] ERROR com.charlessun.javaplcadapter.worker.impl.ConsumerWorkerImpl -- processingStrategy.process(record) 處理失敗: Processing failed
java.lang.RuntimeException: Processing failed
	at com.charlessun.javaplcadapter.worker.impl.ConsumerWorkerImpl.pollLoop(ConsumerWorkerImpl.java:51)
	at java.base/java.lang.Thread.run(Thread.java:1583)
11:01:07.274 [Thread-1] ERROR com.charlessun.javaplcadapter.worker.impl.ConsumerWorkerImpl -- processingStrategy.process(record) 處理失敗: Processing failed
java.lang.RuntimeException: Processing failed
	at com.charlessun.javaplcadapter.worker.impl.ConsumerWorkerImpl.pollLoop(ConsumerWorkerImpl.java:51)
	at java.base/java.lang.Thread.run(Thread.java:1583)
11:01:07.275 [Thread-1] ERROR com.charlessun.javaplcadapter.worker.impl.ConsumerWorkerImpl -- processingStrategy.process(record) 處理失敗: Processing failed
java.lang.RuntimeException: Processing failed
	at com.charlessun.javaplcadapter.worker.impl.ConsumerWorkerImpl.pollLoop(ConsumerWorkerImpl.java:51)
	at java.base/java.lang.Thread.run(Thread.java:1583)
11:01:07.275 [Thread-1] ERROR com.charlessun.javaplcadapter.worker.impl.ConsumerWorkerImpl -- processingStrategy.process(record) 處理失敗: Processing failed
java.lang.RuntimeException: Processing failed
	at com.charlessun.javaplcadapter.worker.impl.ConsumerWorkerImpl.pollLoop(ConsumerWorkerImpl.java:51)
	at java.base/java.lang.Thread.run(Thread.java:1583)
11:01:07.275 [Thread-1] ERROR com.charlessun.javaplcadapter.worker.impl.ConsumerWorkerImpl -- processingStrategy.process(record) 處理失敗: Processing failed
java.lang.RuntimeException: Processing failed
	at com.charlessun.javaplcadapter.worker.impl.ConsumerWorkerImpl.pollLoop(ConsumerWorkerImpl.java:51)
	at java.base/java.lang.Thread.run(Thread.java:1583)
11:01:07.275 [Thread-1] ERROR com.charlessun.javaplcadapter.worker.impl.ConsumerWorkerImpl -- processingStrategy.process(record) 處理失敗: Processing failed
java.lang.RuntimeException: Processing failed
	at com.charlessun.javaplcadapter.worker.impl.ConsumerWorkerImpl.pollLoop(ConsumerWorkerImpl.java:51)
	at java.base/java.lang.Thread.run(Thread.java:1583)
11:01:07.275 [Thread-1] ERROR com.charlessun.javaplcadapter.worker.impl.ConsumerWorkerImpl -- processingStrategy.process(record) 處理失敗: Processing failed
java.lang.RuntimeException: Processing failed
	at com.charlessun.javaplcadapter.worker.impl.ConsumerWorkerImpl.pollLoop(ConsumerWorkerImpl.java:51)
	at java.base/java.lang.Thread.run(Thread.java:1583)
11:01:07.275 [Thread-1] ERROR com.charlessun.javaplcadapter.worker.impl.ConsumerWorkerImpl -- processingStrategy.process(record) 處理失敗: Processing failed
java.lang.RuntimeException: Processing failed
	at com.charlessun.javaplcadapter.worker.impl.ConsumerWorkerImpl.pollLoop(ConsumerWorkerImpl.java:51)
	at java.base/java.lang.Thread.run(Thread.java:1583)
11:01:07.275 [Thread-1] ERROR com.charlessun.javaplcadapter.worker.impl.ConsumerWorkerImpl -- processingStrategy.process(record) 處理失敗: Processing failed
java.lang.RuntimeException: Processing failed
	at com.charlessun.javaplcadapter.worker.impl.ConsumerWorkerImpl.pollLoop(ConsumerWorkerImpl.java:51)
	at java.base/java.lang.Thread.run(Thread.java:1583)
11:01:07.275 [Thread-1] ERROR com.charlessun.javaplcadapter.worker.impl.ConsumerWorkerImpl -- processingStrategy.process(record) 處理失敗: Processing failed
java.lang.RuntimeException: Processing failed
	at com.charlessun.javaplcadapter.worker.impl.ConsumerWorkerImpl.pollLoop(ConsumerWorkerImpl.java:51)
	at java.base/java.lang.Thread.run(Thread.java:1583)
11:01:07.275 [Thread-1] ERROR com.charlessun.javaplcadapter.worker.impl.ConsumerWorkerImpl -- processingStrategy.process(record) 處理失敗: Processing failed
java.lang.RuntimeException: Processing failed
	at com.charlessun.javaplcadapter.worker.impl.ConsumerWorkerImpl.pollLoop(ConsumerWorkerImpl.java:51)
	at java.base/java.lang.Thread.run(Thread.java:1583)
11:01:07.275 [Thread-1] ERROR com.charlessun.javaplcadapter.worker.impl.ConsumerWorkerImpl -- processingStrategy.process(record) 處理失敗: Processing failed
java.lang.RuntimeException: Processing failed
	at com.charlessun.javaplcadapter.worker.impl.ConsumerWorkerImpl.pollLoop(ConsumerWorkerImpl.java:51)
	at java.base/java.lang.Thread.run(Thread.java:1583)
11:01:07.275 [Thread-1] ERROR com.charlessun.javaplcadapter.worker.impl.ConsumerWorkerImpl -- processingStrategy.process(record) 處理失敗: Processing failed
java.lang.RuntimeException: Processing failed
	at com.charlessun.javaplcadapter.worker.impl.ConsumerWorkerImpl.pollLoop(ConsumerWorkerImpl.java:51)
	at java.base/java.lang.Thread.run(Thread.java:1583)
11:01:07.275 [Thread-1] ERROR com.charlessun.javaplcadapter.worker.impl.ConsumerWorkerImpl -- processingStrategy.process(record) 處理失敗: Processing failed
java.lang.RuntimeException: Processing failed
	at com.charlessun.javaplcadapter.worker.impl.ConsumerWorkerImpl.pollLoop(ConsumerWorkerImpl.java:51)
	at java.base/java.lang.Thread.run(Thread.java:1583)
11:01:07.276 [Thread-1] ERROR com.charlessun.javaplcadapter.worker.impl.ConsumerWorkerImpl -- processingStrategy.process(record) 處理失敗: Processing failed
java.lang.RuntimeException: Processing failed
	at com.charlessun.javaplcadapter.worker.impl.ConsumerWorkerImpl.pollLoop(ConsumerWorkerImpl.java:51)
	at java.base/java.lang.Thread.run(Thread.java:1583)
11:01:07.276 [Thread-1] ERROR com.charlessun.javaplcadapter.worker.impl.ConsumerWorkerImpl -- processingStrategy.process(record) 處理失敗: Processing failed
java.lang.RuntimeException: Processing failed
	at com.charlessun.javaplcadapter.worker.impl.ConsumerWorkerImpl.pollLoop(ConsumerWorkerImpl.java:51)
	at java.base/java.lang.Thread.run(Thread.java:1583)
11:01:07.276 [Thread-1] ERROR com.charlessun.javaplcadapter.worker.impl.ConsumerWorkerImpl -- processingStrategy.process(record) 處理失敗: Processing failed
java.lang.RuntimeException: Processing failed
	at com.charlessun.javaplcadapter.worker.impl.ConsumerWorkerImpl.pollLoop(ConsumerWorkerImpl.java:51)
	at java.base/java.lang.Thread.run(Thread.java:1583)
11:01:07.276 [Thread-1] ERROR com.charlessun.javaplcadapter.worker.impl.ConsumerWorkerImpl -- processingStrategy.process(record) 處理失敗: Processing failed
java.lang.RuntimeException: Processing failed
	at com.charlessun.javaplcadapter.worker.impl.ConsumerWorkerImpl.pollLoop(ConsumerWorkerImpl.java:51)
	at java.base/java.lang.Thread.run(Thread.java:1583)
11:01:07.276 [Thread-1] ERROR com.charlessun.javaplcadapter.worker.impl.ConsumerWorkerImpl -- processingStrategy.process(record) 處理失敗: Processing failed
java.lang.RuntimeException: Processing failed
	at com.charlessun.javaplcadapter.worker.impl.ConsumerWorkerImpl.pollLoop(ConsumerWorkerImpl.java:51)
	at java.base/java.lang.Thread.run(Thread.java:1583)
11:01:07.276 [Thread-1] ERROR com.charlessun.javaplcadapter.worker.impl.ConsumerWorkerImpl -- processingStrategy.process(record) 處理失敗: Processing failed
java.lang.RuntimeException: Processing failed
	at com.charlessun.javaplcadapter.worker.impl.ConsumerWorkerImpl.pollLoop(ConsumerWorkerImpl.java:51)
	at java.base/java.lang.Thread.run(Thread.java:1583)
11:01:07.276 [Thread-1] ERROR com.charlessun.javaplcadapter.worker.impl.ConsumerWorkerImpl -- processingStrategy.process(record) 處理失敗: Processing failed
java.lang.RuntimeException: Processing failed
	at com.charlessun.javaplcadapter.worker.impl.ConsumerWorkerImpl.pollLoop(ConsumerWorkerImpl.java:51)
	at java.base/java.lang.Thread.run(Thread.java:1583)
11:01:07.276 [Thread-1] ERROR com.charlessun.javaplcadapter.worker.impl.ConsumerWorkerImpl -- processingStrategy.process(record) 處理失敗: Processing failed
java.lang.RuntimeException: Processing failed
	at com.charlessun.javaplcadapter.worker.impl.ConsumerWorkerImpl.pollLoop(ConsumerWorkerImpl.java:51)
	at java.base/java.lang.Thread.run(Thread.java:1583)
11:01:07.276 [Thread-1] ERROR com.charlessun.javaplcadapter.worker.impl.ConsumerWorkerImpl -- processingStrategy.process(record) 處理失敗: Processing failed
java.lang.RuntimeException: Processing failed
	at com.charlessun.javaplcadapter.worker.impl.ConsumerWorkerImpl.pollLoop(ConsumerWorkerImpl.java:51)
	at java.base/java.lang.Thread.run(Thread.java:1583)
11:01:07.277 [Thread-1] ERROR com.charlessun.javaplcadapter.worker.impl.ConsumerWorkerImpl -- processingStrategy.process(record) 處理失敗: Processing failed
java.lang.RuntimeException: Processing failed
	at com.charlessun.javaplcadapter.worker.impl.ConsumerWorkerImpl.pollLoop(ConsumerWorkerImpl.java:51)
	at java.base/java.lang.Thread.run(Thread.java:1583)
11:01:07.277 [Thread-1] ERROR com.charlessun.javaplcadapter.worker.impl.ConsumerWorkerImpl -- processingStrategy.process(record) 處理失敗: Processing failed
java.lang.RuntimeException: Processing failed
	at com.charlessun.javaplcadapter.worker.impl.ConsumerWorkerImpl.pollLoop(ConsumerWorkerImpl.java:51)
	at java.base/java.lang.Thread.run(Thread.java:1583)
11:01:07.277 [Thread-1] ERROR com.charlessun.javaplcadapter.worker.impl.ConsumerWorkerImpl -- processingStrategy.process(record) 處理失敗: Processing failed
java.lang.RuntimeException: Processing failed
	at com.charlessun.javaplcadapter.worker.impl.ConsumerWorkerImpl.pollLoop(ConsumerWorkerImpl.java:51)
	at java.base/java.lang.Thread.run(Thread.java:1583)
11:01:07.277 [Thread-1] ERROR com.charlessun.javaplcadapter.worker.impl.ConsumerWorkerImpl -- processingStrategy.process(record) 處理失敗: Processing failed
java.lang.RuntimeException: Processing failed
	at com.charlessun.javaplcadapter.worker.impl.ConsumerWorkerImpl.pollLoop(ConsumerWorkerImpl.java:51)
	at java.base/java.lang.Thread.run(Thread.java:1583)
11:01:07.277 [Thread-1] ERROR com.charlessun.javaplcadapter.worker.impl.ConsumerWorkerImpl -- processingStrategy.process(record) 處理失敗: Processing failed
java.lang.RuntimeException: Processing failed
	at com.charlessun.javaplcadapter.worker.impl.ConsumerWorkerImpl.pollLoop(ConsumerWorkerImpl.java:51)
	at java.base/java.lang.Thread.run(Thread.java:1583)
11:01:07.277 [Thread-1] ERROR com.charlessun.javaplcadapter.worker.impl.ConsumerWorkerImpl -- processingStrategy.process(record) 處理失敗: Processing failed
java.lang.RuntimeException: Processing failed
	at com.charlessun.javaplcadapter.worker.impl.ConsumerWorkerImpl.pollLoop(ConsumerWorkerImpl.java:51)
	at java.base/java.lang.Thread.run(Thread.java:1583)
11:01:07.277 [Thread-1] ERROR com.charlessun.javaplcadapter.worker.impl.ConsumerWorkerImpl -- processingStrategy.process(record) 處理失敗: Processing failed
java.lang.RuntimeException: Processing failed
	at com.charlessun.javaplcadapter.worker.impl.ConsumerWorkerImpl.pollLoop(ConsumerWorkerImpl.java:51)
	at java.base/java.lang.Thread.run(Thread.java:1583)
11:01:07.277 [Thread-1] ERROR com.charlessun.javaplcadapter.worker.impl.ConsumerWorkerImpl -- processingStrategy.process(record) 處理失敗: Processing failed
java.lang.RuntimeException: Processing failed
	at com.charlessun.javaplcadapter.worker.impl.ConsumerWorkerImpl.pollLoop(ConsumerWorkerImpl.java:51)
	at java.base/java.lang.Thread.run(Thread.java:1583)
11:01:07.277 [Thread-1] ERROR com.charlessun.javaplcadapter.worker.impl.ConsumerWorkerImpl -- processingStrategy.process(record) 處理失敗: Processing failed
java.lang.RuntimeException: Processing failed
	at com.charlessun.javaplcadapter.worker.impl.ConsumerWorkerImpl.pollLoop(ConsumerWorkerImpl.java:51)
	at java.base/java.lang.Thread.run(Thread.java:1583)
11:01:07.277 [Thread-1] ERROR com.charlessun.javaplcadapter.worker.impl.ConsumerWorkerImpl -- processingStrategy.process(record) 處理失敗: Processing failed
java.lang.RuntimeException: Processing failed
	at com.charlessun.javaplcadapter.worker.impl.ConsumerWorkerImpl.pollLoop(ConsumerWorkerImpl.java:51)
	at java.base/java.lang.Thread.run(Thread.java:1583)
11:01:07.278 [Thread-1] ERROR com.charlessun.javaplcadapter.worker.impl.ConsumerWorkerImpl -- processingStrategy.process(record) 處理失敗: Processing failed
java.lang.RuntimeException: Processing failed
	at com.charlessun.javaplcadapter.worker.impl.ConsumerWorkerImpl.pollLoop(ConsumerWorkerImpl.java:51)
	at java.base/java.lang.Thread.run(Thread.java:1583)
11:01:07.278 [Thread-1] ERROR com.charlessun.javaplcadapter.worker.impl.ConsumerWorkerImpl -- processingStrategy.process(record) 處理失敗: Processing failed
java.lang.RuntimeException: Processing failed
	at com.charlessun.javaplcadapter.worker.impl.ConsumerWorkerImpl.pollLoop(ConsumerWorkerImpl.java:51)
	at java.base/java.lang.Thread.run(Thread.java:1583)
11:01:07.278 [Thread-1] ERROR com.charlessun.javaplcadapter.worker.impl.ConsumerWorkerImpl -- processingStrategy.process(record) 處理失敗: Processing failed
java.lang.RuntimeException: Processing failed
	at com.charlessun.javaplcadapter.worker.impl.ConsumerWorkerImpl.pollLoop(ConsumerWorkerImpl.java:51)
	at java.base/java.lang.Thread.run(Thread.java:1583)
11:01:07.278 [Thread-1] ERROR com.charlessun.javaplcadapter.worker.impl.ConsumerWorkerImpl -- processingStrategy.process(record) 處理失敗: Processing failed
java.lang.RuntimeException: Processing failed
	at com.charlessun.javaplcadapter.worker.impl.ConsumerWorkerImpl.pollLoop(ConsumerWorkerImpl.java:51)
	at java.base/java.lang.Thread.run(Thread.java:1583)
11:01:07.278 [Thread-1] ERROR com.charlessun.javaplcadapter.worker.impl.ConsumerWorkerImpl -- processingStrategy.process(record) 處理失敗: Processing failed
java.lang.RuntimeException: Processing failed
	at com.charlessun.javaplcadapter.worker.impl.ConsumerWorkerImpl.pollLoop(ConsumerWorkerImpl.java:51)
	at java.base/java.lang.Thread.run(Thread.java:1583)
11:01:07.278 [Thread-1] ERROR com.charlessun.javaplcadapter.worker.impl.ConsumerWorkerImpl -- processingStrategy.process(record) 處理失敗: Processing failed
java.lang.RuntimeException: Processing failed
	at com.charlessun.javaplcadapter.worker.impl.ConsumerWorkerImpl.pollLoop(ConsumerWorkerImpl.java:51)
	at java.base/java.lang.Thread.run(Thread.java:1583)
11:01:07.278 [Thread-1] ERROR com.charlessun.javaplcadapter.worker.impl.ConsumerWorkerImpl -- processingStrategy.process(record) 處理失敗: Processing failed
java.lang.RuntimeException: Processing failed
	at com.charlessun.javaplcadapter.worker.impl.ConsumerWorkerImpl.pollLoop(ConsumerWorkerImpl.java:51)
	at java.base/java.lang.Thread.run(Thread.java:1583)
11:01:07.278 [Thread-1] ERROR com.charlessun.javaplcadapter.worker.impl.ConsumerWorkerImpl -- processingStrategy.process(record) 處理失敗: Processing failed
java.lang.RuntimeException: Processing failed
	at com.charlessun.javaplcadapter.worker.impl.ConsumerWorkerImpl.pollLoop(ConsumerWorkerImpl.java:51)
	at java.base/java.lang.Thread.run(Thread.java:1583)
11:01:07.278 [Thread-1] ERROR com.charlessun.javaplcadapter.worker.impl.ConsumerWorkerImpl -- processingStrategy.process(record) 處理失敗: Processing failed
java.lang.RuntimeException: Processing failed
	at com.charlessun.javaplcadapter.worker.impl.ConsumerWorkerImpl.pollLoop(ConsumerWorkerImpl.java:51)
	at java.base/java.lang.Thread.run(Thread.java:1583)
11:01:07.278 [Thread-1] ERROR com.charlessun.javaplcadapter.worker.impl.ConsumerWorkerImpl -- processingStrategy.process(record) 處理失敗: Processing failed
java.lang.RuntimeException: Processing failed
	at com.charlessun.javaplcadapter.worker.impl.ConsumerWorkerImpl.pollLoop(ConsumerWorkerImpl.java:51)
	at java.base/java.lang.Thread.run(Thread.java:1583)
11:01:07.279 [Thread-1] ERROR com.charlessun.javaplcadapter.worker.impl.ConsumerWorkerImpl -- processingStrategy.process(record) 處理失敗: Processing failed
java.lang.RuntimeException: Processing failed
	at com.charlessun.javaplcadapter.worker.impl.ConsumerWorkerImpl.pollLoop(ConsumerWorkerImpl.java:51)
	at java.base/java.lang.Thread.run(Thread.java:1583)
11:01:07.279 [Thread-1] ERROR com.charlessun.javaplcadapter.worker.impl.ConsumerWorkerImpl -- processingStrategy.process(record) 處理失敗: Processing failed
java.lang.RuntimeException: Processing failed
	at com.charlessun.javaplcadapter.worker.impl.ConsumerWorkerImpl.pollLoop(ConsumerWorkerImpl.java:51)
	at java.base/java.lang.Thread.run(Thread.java:1583)
11:01:07.279 [Thread-1] ERROR com.charlessun.javaplcadapter.worker.impl.ConsumerWorkerImpl -- processingStrategy.process(record) 處理失敗: Processing failed
java.lang.RuntimeException: Processing failed
	at com.charlessun.javaplcadapter.worker.impl.ConsumerWorkerImpl.pollLoop(ConsumerWorkerImpl.java:51)
	at java.base/java.lang.Thread.run(Thread.java:1583)
11:01:07.279 [Thread-1] ERROR com.charlessun.javaplcadapter.worker.impl.ConsumerWorkerImpl -- processingStrategy.process(record) 處理失敗: Processing failed
java.lang.RuntimeException: Processing failed
	at com.charlessun.javaplcadapter.worker.impl.ConsumerWorkerImpl.pollLoop(ConsumerWorkerImpl.java:51)
	at java.base/java.lang.Thread.run(Thread.java:1583)
11:01:07.279 [Thread-1] ERROR com.charlessun.javaplcadapter.worker.impl.ConsumerWorkerImpl -- processingStrategy.process(record) 處理失敗: Processing failed
java.lang.RuntimeException: Processing failed
	at com.charlessun.javaplcadapter.worker.impl.ConsumerWorkerImpl.pollLoop(ConsumerWorkerImpl.java:51)
	at java.base/java.lang.Thread.run(Thread.java:1583)
11:01:07.279 [Thread-1] ERROR com.charlessun.javaplcadapter.worker.impl.ConsumerWorkerImpl -- processingStrategy.process(record) 處理失敗: Processing failed
java.lang.RuntimeException: Processing failed
	at com.charlessun.javaplcadapter.worker.impl.ConsumerWorkerImpl.pollLoop(ConsumerWorkerImpl.java:51)
	at java.base/java.lang.Thread.run(Thread.java:1583)
11:01:07.279 [Thread-1] ERROR com.charlessun.javaplcadapter.worker.impl.ConsumerWorkerImpl -- processingStrategy.process(record) 處理失敗: Processing failed
java.lang.RuntimeException: Processing failed
	at com.charlessun.javaplcadapter.worker.impl.ConsumerWorkerImpl.pollLoop(ConsumerWorkerImpl.java:51)
	at java.base/java.lang.Thread.run(Thread.java:1583)
11:01:07.279 [Thread-1] ERROR com.charlessun.javaplcadapter.worker.impl.ConsumerWorkerImpl -- processingStrategy.process(record) 處理失敗: Processing failed
java.lang.RuntimeException: Processing failed
	at com.charlessun.javaplcadapter.worker.impl.ConsumerWorkerImpl.pollLoop(ConsumerWorkerImpl.java:51)
	at java.base/java.lang.Thread.run(Thread.java:1583)
11:01:07.279 [Thread-1] ERROR com.charlessun.javaplcadapter.worker.impl.ConsumerWorkerImpl -- processingStrategy.process(record) 處理失敗: Processing failed
java.lang.RuntimeException: Processing failed
	at com.charlessun.javaplcadapter.worker.impl.ConsumerWorkerImpl.pollLoop(ConsumerWorkerImpl.java:51)
	at java.base/java.lang.Thread.run(Thread.java:1583)
11:01:07.279 [Thread-1] ERROR com.charlessun.javaplcadapter.worker.impl.ConsumerWorkerImpl -- processingStrategy.process(record) 處理失敗: Processing failed
java.lang.RuntimeException: Processing failed
	at com.charlessun.javaplcadapter.worker.impl.ConsumerWorkerImpl.pollLoop(ConsumerWorkerImpl.java:51)
	at java.base/java.lang.Thread.run(Thread.java:1583)
11:01:07.280 [Thread-1] ERROR com.charlessun.javaplcadapter.worker.impl.ConsumerWorkerImpl -- processingStrategy.process(record) 處理失敗: Processing failed
java.lang.RuntimeException: Processing failed
	at com.charlessun.javaplcadapter.worker.impl.ConsumerWorkerImpl.pollLoop(ConsumerWorkerImpl.java:51)
	at java.base/java.lang.Thread.run(Thread.java:1583)
11:01:07.280 [Thread-1] ERROR com.charlessun.javaplcadapter.worker.impl.ConsumerWorkerImpl -- processingStrategy.process(record) 處理失敗: Processing failed
java.lang.RuntimeException: Processing failed
	at com.charlessun.javaplcadapter.worker.impl.ConsumerWorkerImpl.pollLoop(ConsumerWorkerImpl.java:51)
	at java.base/java.lang.Thread.run(Thread.java:1583)
11:01:07.280 [Thread-1] ERROR com.charlessun.javaplcadapter.worker.impl.ConsumerWorkerImpl -- processingStrategy.process(record) 處理失敗: Processing failed
java.lang.RuntimeException: Processing failed
	at com.charlessun.javaplcadapter.worker.impl.ConsumerWorkerImpl.pollLoop(ConsumerWorkerImpl.java:51)
	at java.base/java.lang.Thread.run(Thread.java:1583)
11:01:07.280 [Thread-1] ERROR com.charlessun.javaplcadapter.worker.impl.ConsumerWorkerImpl -- processingStrategy.process(record) 處理失敗: Processing failed
java.lang.RuntimeException: Processing failed
	at com.charlessun.javaplcadapter.worker.impl.ConsumerWorkerImpl.pollLoop(ConsumerWorkerImpl.java:51)
	at java.base/java.lang.Thread.run(Thread.java:1583)
11:01:07.280 [Thread-1] ERROR com.charlessun.javaplcadapter.worker.impl.ConsumerWorkerImpl -- processingStrategy.process(record) 處理失敗: Processing failed
java.lang.RuntimeException: Processing failed
	at com.charlessun.javaplcadapter.worker.impl.ConsumerWorkerImpl.pollLoop(ConsumerWorkerImpl.java:51)
	at java.base/java.lang.Thread.run(Thread.java:1583)
11:01:07.280 [Thread-1] ERROR com.charlessun.javaplcadapter.worker.impl.ConsumerWorkerImpl -- processingStrategy.process(record) 處理失敗: Processing failed
java.lang.RuntimeException: Processing failed
	at com.charlessun.javaplcadapter.worker.impl.ConsumerWorkerImpl.pollLoop(ConsumerWorkerImpl.java:51)
	at java.base/java.lang.Thread.run(Thread.java:1583)
11:01:07.281 [Thread-1] ERROR com.charlessun.javaplcadapter.worker.impl.ConsumerWorkerImpl -- processingStrategy.process(record) 處理失敗: Processing failed
java.lang.RuntimeException: Processing failed
	at com.charlessun.javaplcadapter.worker.impl.ConsumerWorkerImpl.pollLoop(ConsumerWorkerImpl.java:51)
	at java.base/java.lang.Thread.run(Thread.java:1583)
11:01:07.281 [Thread-1] ERROR com.charlessun.javaplcadapter.worker.impl.ConsumerWorkerImpl -- processingStrategy.process(record) 處理失敗: Processing failed
java.lang.RuntimeException: Processing failed
	at com.charlessun.javaplcadapter.worker.impl.ConsumerWorkerImpl.pollLoop(ConsumerWorkerImpl.java:51)
	at java.base/java.lang.Thread.run(Thread.java:1583)
11:01:07.281 [Thread-1] ERROR com.charlessun.javaplcadapter.worker.impl.ConsumerWorkerImpl -- processingStrategy.process(record) 處理失敗: Processing failed
java.lang.RuntimeException: Processing failed
	at com.charlessun.javaplcadapter.worker.impl.ConsumerWorkerImpl.pollLoop(ConsumerWorkerImpl.java:51)
	at java.base/java.lang.Thread.run(Thread.java:1583)
11:01:07.281 [Thread-1] ERROR com.charlessun.javaplcadapter.worker.impl.ConsumerWorkerImpl -- processingStrategy.process(record) 處理失敗: Processing failed
java.lang.RuntimeException: Processing failed
	at com.charlessun.javaplcadapter.worker.impl.ConsumerWorkerImpl.pollLoop(ConsumerWorkerImpl.java:51)
	at java.base/java.lang.Thread.run(Thread.java:1583)
11:01:07.281 [Thread-1] ERROR com.charlessun.javaplcadapter.worker.impl.ConsumerWorkerImpl -- processingStrategy.process(record) 處理失敗: Processing failed
java.lang.RuntimeException: Processing failed
	at com.charlessun.javaplcadapter.worker.impl.ConsumerWorkerImpl.pollLoop(ConsumerWorkerImpl.java:51)
	at java.base/java.lang.Thread.run(Thread.java:1583)
11:01:07.281 [Thread-1] ERROR com.charlessun.javaplcadapter.worker.impl.ConsumerWorkerImpl -- processingStrategy.process(record) 處理失敗: Processing failed
java.lang.RuntimeException: Processing failed
	at com.charlessun.javaplcadapter.worker.impl.ConsumerWorkerImpl.pollLoop(ConsumerWorkerImpl.java:51)
	at java.base/java.lang.Thread.run(Thread.java:1583)
11:01:07.281 [Thread-1] ERROR com.charlessun.javaplcadapter.worker.impl.ConsumerWorkerImpl -- processingStrategy.process(record) 處理失敗: Processing failed
java.lang.RuntimeException: Processing failed
	at com.charlessun.javaplcadapter.worker.impl.ConsumerWorkerImpl.pollLoop(ConsumerWorkerImpl.java:51)
	at java.base/java.lang.Thread.run(Thread.java:1583)
11:01:07.281 [Thread-1] ERROR com.charlessun.javaplcadapter.worker.impl.ConsumerWorkerImpl -- processingStrategy.process(record) 處理失敗: Processing failed
java.lang.RuntimeException: Processing failed
	at com.charlessun.javaplcadapter.worker.impl.ConsumerWorkerImpl.pollLoop(ConsumerWorkerImpl.java:51)
	at java.base/java.lang.Thread.run(Thread.java:1583)
11:01:07.281 [Thread-1] ERROR com.charlessun.javaplcadapter.worker.impl.ConsumerWorkerImpl -- processingStrategy.process(record) 處理失敗: Processing failed
java.lang.RuntimeException: Processing failed
	at com.charlessun.javaplcadapter.worker.impl.ConsumerWorkerImpl.pollLoop(ConsumerWorkerImpl.java:51)
	at java.base/java.lang.Thread.run(Thread.java:1583)
11:01:07.282 [Thread-1] ERROR com.charlessun.javaplcadapter.worker.impl.ConsumerWorkerImpl -- processingStrategy.process(record) 處理失敗: Processing failed
java.lang.RuntimeException: Processing failed
	at com.charlessun.javaplcadapter.worker.impl.ConsumerWorkerImpl.pollLoop(ConsumerWorkerImpl.java:51)
	at java.base/java.lang.Thread.run(Thread.java:1583)
11:01:07.282 [Thread-1] ERROR com.charlessun.javaplcadapter.worker.impl.ConsumerWorkerImpl -- processingStrategy.process(record) 處理失敗: Processing failed
java.lang.RuntimeException: Processing failed
	at com.charlessun.javaplcadapter.worker.impl.ConsumerWorkerImpl.pollLoop(ConsumerWorkerImpl.java:51)
	at java.base/java.lang.Thread.run(Thread.java:1583)
11:01:07.282 [Thread-1] ERROR com.charlessun.javaplcadapter.worker.impl.ConsumerWorkerImpl -- processingStrategy.process(record) 處理失敗: Processing failed
java.lang.RuntimeException: Processing failed
	at com.charlessun.javaplcadapter.worker.impl.ConsumerWorkerImpl.pollLoop(ConsumerWorkerImpl.java:51)
	at java.base/java.lang.Thread.run(Thread.java:1583)
11:01:07.282 [Thread-1] ERROR com.charlessun.javaplcadapter.worker.impl.ConsumerWorkerImpl -- processingStrategy.process(record) 處理失敗: Processing failed
java.lang.RuntimeException: Processing failed
	at com.charlessun.javaplcadapter.worker.impl.ConsumerWorkerImpl.pollLoop(ConsumerWorkerImpl.java:51)
	at java.base/java.lang.Thread.run(Thread.java:1583)
11:01:07.282 [Thread-1] ERROR com.charlessun.javaplcadapter.worker.impl.ConsumerWorkerImpl -- processingStrategy.process(record) 處理失敗: Processing failed
java.lang.RuntimeException: Processing failed
	at com.charlessun.javaplcadapter.worker.impl.ConsumerWorkerImpl.pollLoop(ConsumerWorkerImpl.java:51)
	at java.base/java.lang.Thread.run(Thread.java:1583)
11:01:07.282 [Thread-1] ERROR com.charlessun.javaplcadapter.worker.impl.ConsumerWorkerImpl -- processingStrategy.process(record) 處理失敗: Processing failed
java.lang.RuntimeException: Processing failed
	at com.charlessun.javaplcadapter.worker.impl.ConsumerWorkerImpl.pollLoop(ConsumerWorkerImpl.java:51)
	at java.base/java.lang.Thread.run(Thread.java:1583)
11:01:07.282 [Thread-1] ERROR com.charlessun.javaplcadapter.worker.impl.ConsumerWorkerImpl -- processingStrategy.process(record) 處理失敗: Processing failed
java.lang.RuntimeException: Processing failed
	at com.charlessun.javaplcadapter.worker.impl.ConsumerWorkerImpl.pollLoop(ConsumerWorkerImpl.java:51)
	at java.base/java.lang.Thread.run(Thread.java:1583)
11:01:07.282 [Thread-1] ERROR com.charlessun.javaplcadapter.worker.impl.ConsumerWorkerImpl -- processingStrategy.process(record) 處理失敗: Processing failed
java.lang.RuntimeException: Processing failed
	at com.charlessun.javaplcadapter.worker.impl.ConsumerWorkerImpl.pollLoop(ConsumerWorkerImpl.java:51)
	at java.base/java.lang.Thread.run(Thread.java:1583)
11:01:07.282 [Thread-1] ERROR com.charlessun.javaplcadapter.worker.impl.ConsumerWorkerImpl -- processingStrategy.process(record) 處理失敗: Processing failed
java.lang.RuntimeException: Processing failed
	at com.charlessun.javaplcadapter.worker.impl.ConsumerWorkerImpl.pollLoop(ConsumerWorkerImpl.java:51)
	at java.base/java.lang.Thread.run(Thread.java:1583)
11:01:07.282 [Thread-1] ERROR com.charlessun.javaplcadapter.worker.impl.ConsumerWorkerImpl -- processingStrategy.process(record) 處理失敗: Processing failed
java.lang.RuntimeException: Processing failed
	at com.charlessun.javaplcadapter.worker.impl.ConsumerWorkerImpl.pollLoop(ConsumerWorkerImpl.java:51)
	at java.base/java.lang.Thread.run(Thread.java:1583)
11:01:07.282 [Thread-1] ERROR com.charlessun.javaplcadapter.worker.impl.ConsumerWorkerImpl -- processingStrategy.process(record) 處理失敗: Processing failed
java.lang.RuntimeException: Processing failed
	at com.charlessun.javaplcadapter.worker.impl.ConsumerWorkerImpl.pollLoop(ConsumerWorkerImpl.java:51)
	at java.base/java.lang.Thread.run(Thread.java:1583)
11:01:07.283 [Thread-1] ERROR com.charlessun.javaplcadapter.worker.impl.ConsumerWorkerImpl -- processingStrategy.process(record) 處理失敗: Processing failed
java.lang.RuntimeException: Processing failed
	at com.charlessun.javaplcadapter.worker.impl.ConsumerWorkerImpl.pollLoop(ConsumerWorkerImpl.java:51)
	at java.base/java.lang.Thread.run(Thread.java:1583)
11:01:07.283 [Thread-1] ERROR com.charlessun.javaplcadapter.worker.impl.ConsumerWorkerImpl -- processingStrategy.process(record) 處理失敗: Processing failed
java.lang.RuntimeException: Processing failed
	at com.charlessun.javaplcadapter.worker.impl.ConsumerWorkerImpl.pollLoop(ConsumerWorkerImpl.java:51)
	at java.base/java.lang.Thread.run(Thread.java:1583)
11:01:07.283 [Thread-1] ERROR com.charlessun.javaplcadapter.worker.impl.ConsumerWorkerImpl -- processingStrategy.process(record) 處理失敗: Processing failed
java.lang.RuntimeException: Processing failed
	at com.charlessun.javaplcadapter.worker.impl.ConsumerWorkerImpl.pollLoop(ConsumerWorkerImpl.java:51)
	at java.base/java.lang.Thread.run(Thread.java:1583)
11:01:07.283 [Thread-1] ERROR com.charlessun.javaplcadapter.worker.impl.ConsumerWorkerImpl -- processingStrategy.process(record) 處理失敗: Processing failed
java.lang.RuntimeException: Processing failed
	at com.charlessun.javaplcadapter.worker.impl.ConsumerWorkerImpl.pollLoop(ConsumerWorkerImpl.java:51)
	at java.base/java.lang.Thread.run(Thread.java:1583)
11:01:07.283 [Thread-1] ERROR com.charlessun.javaplcadapter.worker.impl.ConsumerWorkerImpl -- processingStrategy.process(record) 處理失敗: Processing failed
java.lang.RuntimeException: Processing failed
	at com.charlessun.javaplcadapter.worker.impl.ConsumerWorkerImpl.pollLoop(ConsumerWorkerImpl.java:51)
	at java.base/java.lang.Thread.run(Thread.java:1583)
11:01:07.283 [Thread-1] ERROR com.charlessun.javaplcadapter.worker.impl.ConsumerWorkerImpl -- processingStrategy.process(record) 處理失敗: Processing failed
java.lang.RuntimeException: Processing failed
	at com.charlessun.javaplcadapter.worker.impl.ConsumerWorkerImpl.pollLoop(ConsumerWorkerImpl.java:51)
	at java.base/java.lang.Thread.run(Thread.java:1583)
11:01:07.283 [Thread-1] ERROR com.charlessun.javaplcadapter.worker.impl.ConsumerWorkerImpl -- processingStrategy.process(record) 處理失敗: Processing failed
java.lang.RuntimeException: Processing failed
	at com.charlessun.javaplcadapter.worker.impl.ConsumerWorkerImpl.pollLoop(ConsumerWorkerImpl.java:51)
	at java.base/java.lang.Thread.run(Thread.java:1583)
11:01:07.283 [Thread-1] ERROR com.charlessun.javaplcadapter.worker.impl.ConsumerWorkerImpl -- processingStrategy.process(record) 處理失敗: Processing failed
java.lang.RuntimeException: Processing failed
	at com.charlessun.javaplcadapter.worker.impl.ConsumerWorkerImpl.pollLoop(ConsumerWorkerImpl.java:51)
	at java.base/java.lang.Thread.run(Thread.java:1583)
11:01:07.283 [Thread-1] ERROR com.charlessun.javaplcadapter.worker.impl.ConsumerWorkerImpl -- processingStrategy.process(record) 處理失敗: Processing failed
java.lang.RuntimeException: Processing failed
	at com.charlessun.javaplcadapter.worker.impl.ConsumerWorkerImpl.pollLoop(ConsumerWorkerImpl.java:51)
	at java.base/java.lang.Thread.run(Thread.java:1583)
11:01:07.284 [Thread-1] ERROR com.charlessun.javaplcadapter.worker.impl.ConsumerWorkerImpl -- processingStrategy.process(record) 處理失敗: Processing failed
java.lang.RuntimeException: Processing failed
	at com.charlessun.javaplcadapter.worker.impl.ConsumerWorkerImpl.pollLoop(ConsumerWorkerImpl.java:51)
	at java.base/java.lang.Thread.run(Thread.java:1583)
11:01:07.284 [Thread-1] ERROR com.charlessun.javaplcadapter.worker.impl.ConsumerWorkerImpl -- processingStrategy.process(record) 處理失敗: Processing failed
java.lang.RuntimeException: Processing failed
	at com.charlessun.javaplcadapter.worker.impl.ConsumerWorkerImpl.pollLoop(ConsumerWorkerImpl.java:51)
	at java.base/java.lang.Thread.run(Thread.java:1583)
11:01:07.284 [Thread-1] ERROR com.charlessun.javaplcadapter.worker.impl.ConsumerWorkerImpl -- processingStrategy.process(record) 處理失敗: Processing failed
java.lang.RuntimeException: Processing failed
	at com.charlessun.javaplcadapter.worker.impl.ConsumerWorkerImpl.pollLoop(ConsumerWorkerImpl.java:51)
	at java.base/java.lang.Thread.run(Thread.java:1583)
11:01:07.284 [Thread-1] ERROR com.charlessun.javaplcadapter.worker.impl.ConsumerWorkerImpl -- processingStrategy.process(record) 處理失敗: Processing failed
java.lang.RuntimeException: Processing failed
	at com.charlessun.javaplcadapter.worker.impl.ConsumerWorkerImpl.pollLoop(ConsumerWorkerImpl.java:51)
	at java.base/java.lang.Thread.run(Thread.java:1583)
11:01:07.284 [Thread-1] ERROR com.charlessun.javaplcadapter.worker.impl.ConsumerWorkerImpl -- processingStrategy.process(record) 處理失敗: Processing failed
java.lang.RuntimeException: Processing failed
	at com.charlessun.javaplcadapter.worker.impl.ConsumerWorkerImpl.pollLoop(ConsumerWorkerImpl.java:51)
	at java.base/java.lang.Thread.run(Thread.java:1583)
11:01:07.284 [Thread-1] ERROR com.charlessun.javaplcadapter.worker.impl.ConsumerWorkerImpl -- processingStrategy.process(record) 處理失敗: Processing failed
java.lang.RuntimeException: Processing failed
	at com.charlessun.javaplcadapter.worker.impl.ConsumerWorkerImpl.pollLoop(ConsumerWorkerImpl.java:51)
	at java.base/java.lang.Thread.run(Thread.java:1583)
11:01:07.284 [Thread-1] ERROR com.charlessun.javaplcadapter.worker.impl.ConsumerWorkerImpl -- processingStrategy.process(record) 處理失敗: Processing failed
java.lang.RuntimeException: Processing failed
	at com.charlessun.javaplcadapter.worker.impl.ConsumerWorkerImpl.pollLoop(ConsumerWorkerImpl.java:51)
	at java.base/java.lang.Thread.run(Thread.java:1583)
11:01:07.285 [Thread-1] ERROR com.charlessun.javaplcadapter.worker.impl.ConsumerWorkerImpl -- processingStrategy.process(record) 處理失敗: Processing failed
java.lang.RuntimeException: Processing failed
	at com.charlessun.javaplcadapter.worker.impl.ConsumerWorkerImpl.pollLoop(ConsumerWorkerImpl.java:51)
	at java.base/java.lang.Thread.run(Thread.java:1583)
11:01:07.285 [Thread-1] ERROR com.charlessun.javaplcadapter.worker.impl.ConsumerWorkerImpl -- processingStrategy.process(record) 處理失敗: Processing failed
java.lang.RuntimeException: Processing failed
	at com.charlessun.javaplcadapter.worker.impl.ConsumerWorkerImpl.pollLoop(ConsumerWorkerImpl.java:51)
	at java.base/java.lang.Thread.run(Thread.java:1583)
11:01:07.285 [Thread-1] ERROR com.charlessun.javaplcadapter.worker.impl.ConsumerWorkerImpl -- processingStrategy.process(record) 處理失敗: Processing failed
java.lang.RuntimeException: Processing failed
	at com.charlessun.javaplcadapter.worker.impl.ConsumerWorkerImpl.pollLoop(ConsumerWorkerImpl.java:51)
	at java.base/java.lang.Thread.run(Thread.java:1583)
11:01:07.285 [Thread-1] ERROR com.charlessun.javaplcadapter.worker.impl.ConsumerWorkerImpl -- processingStrategy.process(record) 處理失敗: Processing failed
java.lang.RuntimeException: Processing failed
	at com.charlessun.javaplcadapter.worker.impl.ConsumerWorkerImpl.pollLoop(ConsumerWorkerImpl.java:51)
	at java.base/java.lang.Thread.run(Thread.java:1583)
11:01:07.285 [Thread-1] ERROR com.charlessun.javaplcadapter.worker.impl.ConsumerWorkerImpl -- processingStrategy.process(record) 處理失敗: Processing failed
java.lang.RuntimeException: Processing failed
	at com.charlessun.javaplcadapter.worker.impl.ConsumerWorkerImpl.pollLoop(ConsumerWorkerImpl.java:51)
	at java.base/java.lang.Thread.run(Thread.java:1583)
11:01:07.285 [Thread-1] ERROR com.charlessun.javaplcadapter.worker.impl.ConsumerWorkerImpl -- processingStrategy.process(record) 處理失敗: Processing failed
java.lang.RuntimeException: Processing failed
	at com.charlessun.javaplcadapter.worker.impl.ConsumerWorkerImpl.pollLoop(ConsumerWorkerImpl.java:51)
	at java.base/java.lang.Thread.run(Thread.java:1583)
11:01:07.286 [Thread-1] ERROR com.charlessun.javaplcadapter.worker.impl.ConsumerWorkerImpl -- processingStrategy.process(record) 處理失敗: Processing failed
java.lang.RuntimeException: Processing failed
	at com.charlessun.javaplcadapter.worker.impl.ConsumerWorkerImpl.pollLoop(ConsumerWorkerImpl.java:51)
	at java.base/java.lang.Thread.run(Thread.java:1583)
11:01:07.286 [Thread-1] ERROR com.charlessun.javaplcadapter.worker.impl.ConsumerWorkerImpl -- processingStrategy.process(record) 處理失敗: Processing failed
java.lang.RuntimeException: Processing failed
	at com.charlessun.javaplcadapter.worker.impl.ConsumerWorkerImpl.pollLoop(ConsumerWorkerImpl.java:51)
	at java.base/java.lang.Thread.run(Thread.java:1583)
11:01:07.286 [Thread-1] ERROR com.charlessun.javaplcadapter.worker.impl.ConsumerWorkerImpl -- processingStrategy.process(record) 處理失敗: Processing failed
java.lang.RuntimeException: Processing failed
	at com.charlessun.javaplcadapter.worker.impl.ConsumerWorkerImpl.pollLoop(ConsumerWorkerImpl.java:51)
	at java.base/java.lang.Thread.run(Thread.java:1583)
11:01:07.286 [Thread-1] ERROR com.charlessun.javaplcadapter.worker.impl.ConsumerWorkerImpl -- processingStrategy.process(record) 處理失敗: Processing failed
java.lang.RuntimeException: Processing failed
	at com.charlessun.javaplcadapter.worker.impl.ConsumerWorkerImpl.pollLoop(ConsumerWorkerImpl.java:51)
	at java.base/java.lang.Thread.run(Thread.java:1583)
11:01:07.286 [Thread-1] ERROR com.charlessun.javaplcadapter.worker.impl.ConsumerWorkerImpl -- processingStrategy.process(record) 處理失敗: Processing failed
java.lang.RuntimeException: Processing failed
	at com.charlessun.javaplcadapter.worker.impl.ConsumerWorkerImpl.pollLoop(ConsumerWorkerImpl.java:51)
	at java.base/java.lang.Thread.run(Thread.java:1583)
11:01:07.286 [Thread-1] ERROR com.charlessun.javaplcadapter.worker.impl.ConsumerWorkerImpl -- processingStrategy.process(record) 處理失敗: Processing failed
java.lang.RuntimeException: Processing failed
	at com.charlessun.javaplcadapter.worker.impl.ConsumerWorkerImpl.pollLoop(ConsumerWorkerImpl.java:51)
	at java.base/java.lang.Thread.run(Thread.java:1583)
11:01:07.286 [Thread-1] ERROR com.charlessun.javaplcadapter.worker.impl.ConsumerWorkerImpl -- processingStrategy.process(record) 處理失敗: Processing failed
java.lang.RuntimeException: Processing failed
	at com.charlessun.javaplcadapter.worker.impl.ConsumerWorkerImpl.pollLoop(ConsumerWorkerImpl.java:51)
	at java.base/java.lang.Thread.run(Thread.java:1583)
11:01:07.286 [Thread-1] ERROR com.charlessun.javaplcadapter.worker.impl.ConsumerWorkerImpl -- processingStrategy.process(record) 處理失敗: Processing failed
java.lang.RuntimeException: Processing failed
	at com.charlessun.javaplcadapter.worker.impl.ConsumerWorkerImpl.pollLoop(ConsumerWorkerImpl.java:51)
	at java.base/java.lang.Thread.run(Thread.java:1583)
11:01:07.286 [Thread-1] ERROR com.charlessun.javaplcadapter.worker.impl.ConsumerWorkerImpl -- processingStrategy.process(record) 處理失敗: Processing failed
java.lang.RuntimeException: Processing failed
	at com.charlessun.javaplcadapter.worker.impl.ConsumerWorkerImpl.pollLoop(ConsumerWorkerImpl.java:51)
	at java.base/java.lang.Thread.run(Thread.java:1583)
11:01:07.287 [Thread-1] ERROR com.charlessun.javaplcadapter.worker.impl.ConsumerWorkerImpl -- processingStrategy.process(record) 處理失敗: Processing failed
java.lang.RuntimeException: Processing failed
	at com.charlessun.javaplcadapter.worker.impl.ConsumerWorkerImpl.pollLoop(ConsumerWorkerImpl.java:51)
	at java.base/java.lang.Thread.run(Thread.java:1583)
11:01:07.287 [Thread-1] ERROR com.charlessun.javaplcadapter.worker.impl.ConsumerWorkerImpl -- processingStrategy.process(record) 處理失敗: Processing failed
java.lang.RuntimeException: Processing failed
	at com.charlessun.javaplcadapter.worker.impl.ConsumerWorkerImpl.pollLoop(ConsumerWorkerImpl.java:51)
	at java.base/java.lang.Thread.run(Thread.java:1583)
11:01:07.287 [Thread-1] ERROR com.charlessun.javaplcadapter.worker.impl.ConsumerWorkerImpl -- processingStrategy.process(record) 處理失敗: Processing failed
java.lang.RuntimeException: Processing failed
	at com.charlessun.javaplcadapter.worker.impl.ConsumerWorkerImpl.pollLoop(ConsumerWorkerImpl.java:51)
	at java.base/java.lang.Thread.run(Thread.java:1583)
11:01:07.287 [Thread-1] ERROR com.charlessun.javaplcadapter.worker.impl.ConsumerWorkerImpl -- processingStrategy.process(record) 處理失敗: Processing failed
java.lang.RuntimeException: Processing failed
	at com.charlessun.javaplcadapter.worker.impl.ConsumerWorkerImpl.pollLoop(ConsumerWorkerImpl.java:51)
	at java.base/java.lang.Thread.run(Thread.java:1583)
11:01:07.287 [Thread-1] ERROR com.charlessun.javaplcadapter.worker.impl.ConsumerWorkerImpl -- processingStrategy.process(record) 處理失敗: Processing failed
java.lang.RuntimeException: Processing failed
	at com.charlessun.javaplcadapter.worker.impl.ConsumerWorkerImpl.pollLoop(ConsumerWorkerImpl.java:51)
	at java.base/java.lang.Thread.run(Thread.java:1583)
11:01:07.287 [Thread-1] ERROR com.charlessun.javaplcadapter.worker.impl.ConsumerWorkerImpl -- processingStrategy.process(record) 處理失敗: Processing failed
java.lang.RuntimeException: Processing failed
	at com.charlessun.javaplcadapter.worker.impl.ConsumerWorkerImpl.pollLoop(ConsumerWorkerImpl.java:51)
	at java.base/java.lang.Thread.run(Thread.java:1583)
11:01:07.287 [Thread-1] ERROR com.charlessun.javaplcadapter.worker.impl.ConsumerWorkerImpl -- processingStrategy.process(record) 處理失敗: Processing failed
java.lang.RuntimeException: Processing failed
	at com.charlessun.javaplcadapter.worker.impl.ConsumerWorkerImpl.pollLoop(ConsumerWorkerImpl.java:51)
	at java.base/java.lang.Thread.run(Thread.java:1583)
11:01:07.287 [Thread-1] ERROR com.charlessun.javaplcadapter.worker.impl.ConsumerWorkerImpl -- processingStrategy.process(record) 處理失敗: Processing failed
java.lang.RuntimeException: Processing failed
	at com.charlessun.javaplcadapter.worker.impl.ConsumerWorkerImpl.pollLoop(ConsumerWorkerImpl.java:51)
	at java.base/java.lang.Thread.run(Thread.java:1583)
11:01:07.287 [Thread-1] ERROR com.charlessun.javaplcadapter.worker.impl.ConsumerWorkerImpl -- processingStrategy.process(record) 處理失敗: Processing failed
java.lang.RuntimeException: Processing failed
	at com.charlessun.javaplcadapter.worker.impl.ConsumerWorkerImpl.pollLoop(ConsumerWorkerImpl.java:51)
	at java.base/java.lang.Thread.run(Thread.java:1583)
11:01:07.287 [Thread-1] ERROR com.charlessun.javaplcadapter.worker.impl.ConsumerWorkerImpl -- processingStrategy.process(record) 處理失敗: Processing failed
java.lang.RuntimeException: Processing failed
	at com.charlessun.javaplcadapter.worker.impl.ConsumerWorkerImpl.pollLoop(ConsumerWorkerImpl.java:51)
	at java.base/java.lang.Thread.run(Thread.java:1583)
11:01:07.288 [Thread-1] ERROR com.charlessun.javaplcadapter.worker.impl.ConsumerWorkerImpl -- processingStrategy.process(record) 處理失敗: Processing failed
java.lang.RuntimeException: Processing failed
	at com.charlessun.javaplcadapter.worker.impl.ConsumerWorkerImpl.pollLoop(ConsumerWorkerImpl.java:51)
	at java.base/java.lang.Thread.run(Thread.java:1583)
11:01:07.288 [Thread-1] ERROR com.charlessun.javaplcadapter.worker.impl.ConsumerWorkerImpl -- processingStrategy.process(record) 處理失敗: Processing failed
java.lang.RuntimeException: Processing failed
	at com.charlessun.javaplcadapter.worker.impl.ConsumerWorkerImpl.pollLoop(ConsumerWorkerImpl.java:51)
	at java.base/java.lang.Thread.run(Thread.java:1583)
11:01:07.288 [Thread-1] ERROR com.charlessun.javaplcadapter.worker.impl.ConsumerWorkerImpl -- processingStrategy.process(record) 處理失敗: Processing failed
java.lang.RuntimeException: Processing failed
	at com.charlessun.javaplcadapter.worker.impl.ConsumerWorkerImpl.pollLoop(ConsumerWorkerImpl.java:51)
	at java.base/java.lang.Thread.run(Thread.java:1583)
11:01:07.288 [Thread-1] ERROR com.charlessun.javaplcadapter.worker.impl.ConsumerWorkerImpl -- processingStrategy.process(record) 處理失敗: Processing failed
java.lang.RuntimeException: Processing failed
	at com.charlessun.javaplcadapter.worker.impl.ConsumerWorkerImpl.pollLoop(ConsumerWorkerImpl.java:51)
	at java.base/java.lang.Thread.run(Thread.java:1583)
11:01:07.288 [Thread-1] ERROR com.charlessun.javaplcadapter.worker.impl.ConsumerWorkerImpl -- processingStrategy.process(record) 處理失敗: Processing failed
java.lang.RuntimeException: Processing failed
	at com.charlessun.javaplcadapter.worker.impl.ConsumerWorkerImpl.pollLoop(ConsumerWorkerImpl.java:51)
	at java.base/java.lang.Thread.run(Thread.java:1583)
11:01:07.288 [Thread-1] ERROR com.charlessun.javaplcadapter.worker.impl.ConsumerWorkerImpl -- processingStrategy.process(record) 處理失敗: Processing failed
java.lang.RuntimeException: Processing failed
	at com.charlessun.javaplcadapter.worker.impl.ConsumerWorkerImpl.pollLoop(ConsumerWorkerImpl.java:51)
	at java.base/java.lang.Thread.run(Thread.java:1583)
11:01:07.288 [Thread-1] ERROR com.charlessun.javaplcadapter.worker.impl.ConsumerWorkerImpl -- processingStrategy.process(record) 處理失敗: Processing failed
java.lang.RuntimeException: Processing failed
	at com.charlessun.javaplcadapter.worker.impl.ConsumerWorkerImpl.pollLoop(ConsumerWorkerImpl.java:51)
	at java.base/java.lang.Thread.run(Thread.java:1583)
11:01:07.288 [Thread-1] ERROR com.charlessun.javaplcadapter.worker.impl.ConsumerWorkerImpl -- processingStrategy.process(record) 處理失敗: Processing failed
java.lang.RuntimeException: Processing failed
	at com.charlessun.javaplcadapter.worker.impl.ConsumerWorkerImpl.pollLoop(ConsumerWorkerImpl.java:51)
	at java.base/java.lang.Thread.run(Thread.java:1583)
11:01:07.288 [Thread-1] ERROR com.charlessun.javaplcadapter.worker.impl.ConsumerWorkerImpl -- processingStrategy.process(record) 處理失敗: Processing failed
java.lang.RuntimeException: Processing failed
	at com.charlessun.javaplcadapter.worker.impl.ConsumerWorkerImpl.pollLoop(ConsumerWorkerImpl.java:51)
	at java.base/java.lang.Thread.run(Thread.java:1583)
11:01:07.289 [Thread-1] ERROR com.charlessun.javaplcadapter.worker.impl.ConsumerWorkerImpl -- processingStrategy.process(record) 處理失敗: Processing failed
java.lang.RuntimeException: Processing failed
	at com.charlessun.javaplcadapter.worker.impl.ConsumerWorkerImpl.pollLoop(ConsumerWorkerImpl.java:51)
	at java.base/java.lang.Thread.run(Thread.java:1583)
11:01:07.289 [Thread-1] ERROR com.charlessun.javaplcadapter.worker.impl.ConsumerWorkerImpl -- processingStrategy.process(record) 處理失敗: Processing failed
java.lang.RuntimeException: Processing failed
	at com.charlessun.javaplcadapter.worker.impl.ConsumerWorkerImpl.pollLoop(ConsumerWorkerImpl.java:51)
	at java.base/java.lang.Thread.run(Thread.java:1583)
11:01:07.289 [Thread-1] ERROR com.charlessun.javaplcadapter.worker.impl.ConsumerWorkerImpl -- processingStrategy.process(record) 處理失敗: Processing failed
java.lang.RuntimeException: Processing failed
	at com.charlessun.javaplcadapter.worker.impl.ConsumerWorkerImpl.pollLoop(ConsumerWorkerImpl.java:51)
	at java.base/java.lang.Thread.run(Thread.java:1583)
11:01:07.289 [Thread-1] ERROR com.charlessun.javaplcadapter.worker.impl.ConsumerWorkerImpl -- processingStrategy.process(record) 處理失敗: Processing failed
java.lang.RuntimeException: Processing failed
	at com.charlessun.javaplcadapter.worker.impl.ConsumerWorkerImpl.pollLoop(ConsumerWorkerImpl.java:51)
	at java.base/java.lang.Thread.run(Thread.java:1583)
11:01:07.289 [Thread-1] ERROR com.charlessun.javaplcadapter.worker.impl.ConsumerWorkerImpl -- processingStrategy.process(record) 處理失敗: Processing failed
java.lang.RuntimeException: Processing failed
	at com.charlessun.javaplcadapter.worker.impl.ConsumerWorkerImpl.pollLoop(ConsumerWorkerImpl.java:51)
	at java.base/java.lang.Thread.run(Thread.java:1583)
11:01:07.289 [Thread-1] ERROR com.charlessun.javaplcadapter.worker.impl.ConsumerWorkerImpl -- processingStrategy.process(record) 處理失敗: Processing failed
java.lang.RuntimeException: Processing failed
	at com.charlessun.javaplcadapter.worker.impl.ConsumerWorkerImpl.pollLoop(ConsumerWorkerImpl.java:51)
	at java.base/java.lang.Thread.run(Thread.java:1583)
11:01:07.289 [Thread-1] ERROR com.charlessun.javaplcadapter.worker.impl.ConsumerWorkerImpl -- processingStrategy.process(record) 處理失敗: Processing failed
java.lang.RuntimeException: Processing failed
	at com.charlessun.javaplcadapter.worker.impl.ConsumerWorkerImpl.pollLoop(ConsumerWorkerImpl.java:51)
	at java.base/java.lang.Thread.run(Thread.java:1583)
11:01:07.290 [Thread-1] ERROR com.charlessun.javaplcadapter.worker.impl.ConsumerWorkerImpl -- processingStrategy.process(record) 處理失敗: Processing failed
java.lang.RuntimeException: Processing failed
	at com.charlessun.javaplcadapter.worker.impl.ConsumerWorkerImpl.pollLoop(ConsumerWorkerImpl.java:51)
	at java.base/java.lang.Thread.run(Thread.java:1583)
11:01:07.290 [Thread-1] ERROR com.charlessun.javaplcadapter.worker.impl.ConsumerWorkerImpl -- processingStrategy.process(record) 處理失敗: Processing failed
java.lang.RuntimeException: Processing failed
	at com.charlessun.javaplcadapter.worker.impl.ConsumerWorkerImpl.pollLoop(ConsumerWorkerImpl.java:51)
	at java.base/java.lang.Thread.run(Thread.java:1583)
11:01:07.290 [Thread-1] ERROR com.charlessun.javaplcadapter.worker.impl.ConsumerWorkerImpl -- processingStrategy.process(record) 處理失敗: Processing failed
java.lang.RuntimeException: Processing failed
	at com.charlessun.javaplcadapter.worker.impl.ConsumerWorkerImpl.pollLoop(ConsumerWorkerImpl.java:51)
	at java.base/java.lang.Thread.run(Thread.java:1583)
11:01:07.290 [Thread-1] ERROR com.charlessun.javaplcadapter.worker.impl.ConsumerWorkerImpl -- processingStrategy.process(record) 處理失敗: Processing failed
java.lang.RuntimeException: Processing failed
	at com.charlessun.javaplcadapter.worker.impl.ConsumerWorkerImpl.pollLoop(ConsumerWorkerImpl.java:51)
	at java.base/java.lang.Thread.run(Thread.java:1583)
11:01:07.290 [Thread-1] ERROR com.charlessun.javaplcadapter.worker.impl.ConsumerWorkerImpl -- processingStrategy.process(record) 處理失敗: Processing failed
java.lang.RuntimeException: Processing failed
	at com.charlessun.javaplcadapter.worker.impl.ConsumerWorkerImpl.pollLoop(ConsumerWorkerImpl.java:51)
	at java.base/java.lang.Thread.run(Thread.java:1583)
11:01:07.290 [Thread-1] ERROR com.charlessun.javaplcadapter.worker.impl.ConsumerWorkerImpl -- processingStrategy.process(record) 處理失敗: Processing failed
java.lang.RuntimeException: Processing failed
	at com.charlessun.javaplcadapter.worker.impl.ConsumerWorkerImpl.pollLoop(ConsumerWorkerImpl.java:51)
	at java.base/java.lang.Thread.run(Thread.java:1583)
11:01:07.290 [Thread-1] ERROR com.charlessun.javaplcadapter.worker.impl.ConsumerWorkerImpl -- processingStrategy.process(record) 處理失敗: Processing failed
java.lang.RuntimeException: Processing failed
	at com.charlessun.javaplcadapter.worker.impl.ConsumerWorkerImpl.pollLoop(ConsumerWorkerImpl.java:51)
	at java.base/java.lang.Thread.run(Thread.java:1583)
11:01:07.291 [Thread-1] ERROR com.charlessun.javaplcadapter.worker.impl.ConsumerWorkerImpl -- processingStrategy.process(record) 處理失敗: Processing failed
java.lang.RuntimeException: Processing failed
	at com.charlessun.javaplcadapter.worker.impl.ConsumerWorkerImpl.pollLoop(ConsumerWorkerImpl.java:51)
	at java.base/java.lang.Thread.run(Thread.java:1583)
11:01:07.291 [Thread-1] ERROR com.charlessun.javaplcadapter.worker.impl.ConsumerWorkerImpl -- processingStrategy.process(record) 處理失敗: Processing failed
java.lang.RuntimeException: Processing failed
	at com.charlessun.javaplcadapter.worker.impl.ConsumerWorkerImpl.pollLoop(ConsumerWorkerImpl.java:51)
	at java.base/java.lang.Thread.run(Thread.java:1583)
11:01:07.291 [Thread-1] ERROR com.charlessun.javaplcadapter.worker.impl.ConsumerWorkerImpl -- processingStrategy.process(record) 處理失敗: Processing failed
java.lang.RuntimeException: Processing failed
	at com.charlessun.javaplcadapter.worker.impl.ConsumerWorkerImpl.pollLoop(ConsumerWorkerImpl.java:51)
	at java.base/java.lang.Thread.run(Thread.java:1583)
11:01:07.291 [Thread-1] ERROR com.charlessun.javaplcadapter.worker.impl.ConsumerWorkerImpl -- processingStrategy.process(record) 處理失敗: Processing failed
java.lang.RuntimeException: Processing failed
	at com.charlessun.javaplcadapter.worker.impl.ConsumerWorkerImpl.pollLoop(ConsumerWorkerImpl.java:51)
	at java.base/java.lang.Thread.run(Thread.java:1583)
11:01:07.291 [Thread-1] ERROR com.charlessun.javaplcadapter.worker.impl.ConsumerWorkerImpl -- processingStrategy.process(record) 處理失敗: Processing failed
java.lang.RuntimeException: Processing failed
	at com.charlessun.javaplcadapter.worker.impl.ConsumerWorkerImpl.pollLoop(ConsumerWorkerImpl.java:51)
	at java.base/java.lang.Thread.run(Thread.java:1583)
11:01:07.291 [Thread-1] ERROR com.charlessun.javaplcadapter.worker.impl.ConsumerWorkerImpl -- processingStrategy.process(record) 處理失敗: Processing failed
java.lang.RuntimeException: Processing failed
	at com.charlessun.javaplcadapter.worker.impl.ConsumerWorkerImpl.pollLoop(ConsumerWorkerImpl.java:51)
	at java.base/java.lang.Thread.run(Thread.java:1583)
11:01:07.292 [Thread-1] ERROR com.charlessun.javaplcadapter.worker.impl.ConsumerWorkerImpl -- processingStrategy.process(record) 處理失敗: Processing failed
java.lang.RuntimeException: Processing failed
	at com.charlessun.javaplcadapter.worker.impl.ConsumerWorkerImpl.pollLoop(ConsumerWorkerImpl.java:51)
	at java.base/java.lang.Thread.run(Thread.java:1583)
11:01:07.292 [Thread-1] ERROR com.charlessun.javaplcadapter.worker.impl.ConsumerWorkerImpl -- processingStrategy.process(record) 處理失敗: Processing failed
java.lang.RuntimeException: Processing failed
	at com.charlessun.javaplcadapter.worker.impl.ConsumerWorkerImpl.pollLoop(ConsumerWorkerImpl.java:51)
	at java.base/java.lang.Thread.run(Thread.java:1583)
11:01:07.292 [Thread-1] ERROR com.charlessun.javaplcadapter.worker.impl.ConsumerWorkerImpl -- processingStrategy.process(record) 處理失敗: Processing failed
java.lang.RuntimeException: Processing failed
	at com.charlessun.javaplcadapter.worker.impl.ConsumerWorkerImpl.pollLoop(ConsumerWorkerImpl.java:51)
	at java.base/java.lang.Thread.run(Thread.java:1583)
11:01:07.292 [Thread-1] ERROR com.charlessun.javaplcadapter.worker.impl.ConsumerWorkerImpl -- processingStrategy.process(record) 處理失敗: Processing failed
java.lang.RuntimeException: Processing failed
	at com.charlessun.javaplcadapter.worker.impl.ConsumerWorkerImpl.pollLoop(ConsumerWorkerImpl.java:51)
	at java.base/java.lang.Thread.run(Thread.java:1583)
11:01:07.292 [Thread-1] ERROR com.charlessun.javaplcadapter.worker.impl.ConsumerWorkerImpl -- processingStrategy.process(record) 處理失敗: Processing failed
java.lang.RuntimeException: Processing failed
	at com.charlessun.javaplcadapter.worker.impl.ConsumerWorkerImpl.pollLoop(ConsumerWorkerImpl.java:51)
	at java.base/java.lang.Thread.run(Thread.java:1583)
11:01:07.292 [Thread-1] ERROR com.charlessun.javaplcadapter.worker.impl.ConsumerWorkerImpl -- processingStrategy.process(record) 處理失敗: Processing failed
java.lang.RuntimeException: Processing failed
	at com.charlessun.javaplcadapter.worker.impl.ConsumerWorkerImpl.pollLoop(ConsumerWorkerImpl.java:51)
	at java.base/java.lang.Thread.run(Thread.java:1583)
11:01:07.292 [Thread-1] ERROR com.charlessun.javaplcadapter.worker.impl.ConsumerWorkerImpl -- processingStrategy.process(record) 處理失敗: Processing failed
java.lang.RuntimeException: Processing failed
	at com.charlessun.javaplcadapter.worker.impl.ConsumerWorkerImpl.pollLoop(ConsumerWorkerImpl.java:51)
	at java.base/java.lang.Thread.run(Thread.java:1583)
11:01:07.293 [Thread-1] ERROR com.charlessun.javaplcadapter.worker.impl.ConsumerWorkerImpl -- processingStrategy.process(record) 處理失敗: Processing failed
java.lang.RuntimeException: Processing failed
	at com.charlessun.javaplcadapter.worker.impl.ConsumerWorkerImpl.pollLoop(ConsumerWorkerImpl.java:51)
	at java.base/java.lang.Thread.run(Thread.java:1583)
11:01:07.293 [Thread-1] ERROR com.charlessun.javaplcadapter.worker.impl.ConsumerWorkerImpl -- processingStrategy.process(record) 處理失敗: Processing failed
java.lang.RuntimeException: Processing failed
	at com.charlessun.javaplcadapter.worker.impl.ConsumerWorkerImpl.pollLoop(ConsumerWorkerImpl.java:51)
	at java.base/java.lang.Thread.run(Thread.java:1583)
11:01:07.293 [Thread-1] ERROR com.charlessun.javaplcadapter.worker.impl.ConsumerWorkerImpl -- processingStrategy.process(record) 處理失敗: Processing failed
java.lang.RuntimeException: Processing failed
	at com.charlessun.javaplcadapter.worker.impl.ConsumerWorkerImpl.pollLoop(ConsumerWorkerImpl.java:51)
	at java.base/java.lang.Thread.run(Thread.java:1583)
11:01:07.294 [Thread-1] ERROR com.charlessun.javaplcadapter.worker.impl.ConsumerWorkerImpl -- processingStrategy.process(record) 處理失敗: Processing failed
java.lang.RuntimeException: Processing failed
	at com.charlessun.javaplcadapter.worker.impl.ConsumerWorkerImpl.pollLoop(ConsumerWorkerImpl.java:51)
	at java.base/java.lang.Thread.run(Thread.java:1583)
11:01:07.294 [Thread-1] ERROR com.charlessun.javaplcadapter.worker.impl.ConsumerWorkerImpl -- processingStrategy.process(record) 處理失敗: Processing failed
java.lang.RuntimeException: Processing failed
	at com.charlessun.javaplcadapter.worker.impl.ConsumerWorkerImpl.pollLoop(ConsumerWorkerImpl.java:51)
	at java.base/java.lang.Thread.run(Thread.java:1583)
11:01:07.294 [Thread-1] ERROR com.charlessun.javaplcadapter.worker.impl.ConsumerWorkerImpl -- processingStrategy.process(record) 處理失敗: Processing failed
java.lang.RuntimeException: Processing failed
	at com.charlessun.javaplcadapter.worker.impl.ConsumerWorkerImpl.pollLoop(ConsumerWorkerImpl.java:51)
	at java.base/java.lang.Thread.run(Thread.java:1583)
11:01:07.294 [Thread-1] ERROR com.charlessun.javaplcadapter.worker.impl.ConsumerWorkerImpl -- processingStrategy.process(record) 處理失敗: Processing failed
java.lang.RuntimeException: Processing failed
	at com.charlessun.javaplcadapter.worker.impl.ConsumerWorkerImpl.pollLoop(ConsumerWorkerImpl.java:51)
	at java.base/java.lang.Thread.run(Thread.java:1583)
11:01:07.294 [Thread-1] ERROR com.charlessun.javaplcadapter.worker.impl.ConsumerWorkerImpl -- processingStrategy.process(record) 處理失敗: Processing failed
java.lang.RuntimeException: Processing failed
	at com.charlessun.javaplcadapter.worker.impl.ConsumerWorkerImpl.pollLoop(ConsumerWorkerImpl.java:51)
	at java.base/java.lang.Thread.run(Thread.java:1583)
11:01:07.294 [Thread-1] ERROR com.charlessun.javaplcadapter.worker.impl.ConsumerWorkerImpl -- processingStrategy.process(record) 處理失敗: Processing failed
java.lang.RuntimeException: Processing failed
	at com.charlessun.javaplcadapter.worker.impl.ConsumerWorkerImpl.pollLoop(ConsumerWorkerImpl.java:51)
	at java.base/java.lang.Thread.run(Thread.java:1583)
11:01:07.295 [Thread-1] ERROR com.charlessun.javaplcadapter.worker.impl.ConsumerWorkerImpl -- processingStrategy.process(record) 處理失敗: Processing failed
java.lang.RuntimeException: Processing failed
	at com.charlessun.javaplcadapter.worker.impl.ConsumerWorkerImpl.pollLoop(ConsumerWorkerImpl.java:51)
	at java.base/java.lang.Thread.run(Thread.java:1583)
11:01:07.295 [Thread-1] ERROR com.charlessun.javaplcadapter.worker.impl.ConsumerWorkerImpl -- processingStrategy.process(record) 處理失敗: Processing failed
java.lang.RuntimeException: Processing failed
	at com.charlessun.javaplcadapter.worker.impl.ConsumerWorkerImpl.pollLoop(ConsumerWorkerImpl.java:51)
	at java.base/java.lang.Thread.run(Thread.java:1583)
11:01:07.295 [Thread-1] ERROR com.charlessun.javaplcadapter.worker.impl.ConsumerWorkerImpl -- processingStrategy.process(record) 處理失敗: Processing failed
java.lang.RuntimeException: Processing failed
	at com.charlessun.javaplcadapter.worker.impl.ConsumerWorkerImpl.pollLoop(ConsumerWorkerImpl.java:51)
	at java.base/java.lang.Thread.run(Thread.java:1583)
11:01:07.295 [Thread-1] ERROR com.charlessun.javaplcadapter.worker.impl.ConsumerWorkerImpl -- processingStrategy.process(record) 處理失敗: Processing failed
java.lang.RuntimeException: Processing failed
	at com.charlessun.javaplcadapter.worker.impl.ConsumerWorkerImpl.pollLoop(ConsumerWorkerImpl.java:51)
	at java.base/java.lang.Thread.run(Thread.java:1583)
11:01:07.295 [Thread-1] ERROR com.charlessun.javaplcadapter.worker.impl.ConsumerWorkerImpl -- processingStrategy.process(record) 處理失敗: Processing failed
java.lang.RuntimeException: Processing failed
	at com.charlessun.javaplcadapter.worker.impl.ConsumerWorkerImpl.pollLoop(ConsumerWorkerImpl.java:51)
	at java.base/java.lang.Thread.run(Thread.java:1583)
11:01:07.296 [Thread-1] ERROR com.charlessun.javaplcadapter.worker.impl.ConsumerWorkerImpl -- processingStrategy.process(record) 處理失敗: Processing failed
java.lang.RuntimeException: Processing failed
	at com.charlessun.javaplcadapter.worker.impl.ConsumerWorkerImpl.pollLoop(ConsumerWorkerImpl.java:51)
	at java.base/java.lang.Thread.run(Thread.java:1583)
11:01:07.296 [Thread-1] ERROR com.charlessun.javaplcadapter.worker.impl.ConsumerWorkerImpl -- processingStrategy.process(record) 處理失敗: Processing failed
java.lang.RuntimeException: Processing failed
	at com.charlessun.javaplcadapter.worker.impl.ConsumerWorkerImpl.pollLoop(ConsumerWorkerImpl.java:51)
	at java.base/java.lang.Thread.run(Thread.java:1583)
11:01:07.297 [Thread-1] ERROR com.charlessun.javaplcadapter.worker.impl.ConsumerWorkerImpl -- processingStrategy.process(record) 處理失敗: Processing failed
java.lang.RuntimeException: Processing failed
	at com.charlessun.javaplcadapter.worker.impl.ConsumerWorkerImpl.pollLoop(ConsumerWorkerImpl.java:51)
	at java.base/java.lang.Thread.run(Thread.java:1583)
11:01:07.298 [Thread-1] ERROR com.charlessun.javaplcadapter.worker.impl.ConsumerWorkerImpl -- processingStrategy.process(record) 處理失敗: Processing failed
java.lang.RuntimeException: Processing failed
	at com.charlessun.javaplcadapter.worker.impl.ConsumerWorkerImpl.pollLoop(ConsumerWorkerImpl.java:51)
	at java.base/java.lang.Thread.run(Thread.java:1583)
11:01:07.298 [Thread-1] ERROR com.charlessun.javaplcadapter.worker.impl.ConsumerWorkerImpl -- processingStrategy.process(record) 處理失敗: Processing failed
java.lang.RuntimeException: Processing failed
	at com.charlessun.javaplcadapter.worker.impl.ConsumerWorkerImpl.pollLoop(ConsumerWorkerImpl.java:51)
	at java.base/java.lang.Thread.run(Thread.java:1583)
11:01:07.298 [Thread-1] ERROR com.charlessun.javaplcadapter.worker.impl.ConsumerWorkerImpl -- processingStrategy.process(record) 處理失敗: Processing failed
java.lang.RuntimeException: Processing failed
	at com.charlessun.javaplcadapter.worker.impl.ConsumerWorkerImpl.pollLoop(ConsumerWorkerImpl.java:51)
	at java.base/java.lang.Thread.run(Thread.java:1583)
11:01:07.298 [Thread-1] ERROR com.charlessun.javaplcadapter.worker.impl.ConsumerWorkerImpl -- processingStrategy.process(record) 處理失敗: Processing failed
java.lang.RuntimeException: Processing failed
	at com.charlessun.javaplcadapter.worker.impl.ConsumerWorkerImpl.pollLoop(ConsumerWorkerImpl.java:51)
	at java.base/java.lang.Thread.run(Thread.java:1583)
11:01:07.298 [Thread-1] ERROR com.charlessun.javaplcadapter.worker.impl.ConsumerWorkerImpl -- processingStrategy.process(record) 處理失敗: Processing failed
java.lang.RuntimeException: Processing failed
	at com.charlessun.javaplcadapter.worker.impl.ConsumerWorkerImpl.pollLoop(ConsumerWorkerImpl.java:51)
	at java.base/java.lang.Thread.run(Thread.java:1583)
11:01:07.299 [Thread-1] ERROR com.charlessun.javaplcadapter.worker.impl.ConsumerWorkerImpl -- processingStrategy.process(record) 處理失敗: Processing failed
java.lang.RuntimeException: Processing failed
	at com.charlessun.javaplcadapter.worker.impl.ConsumerWorkerImpl.pollLoop(ConsumerWorkerImpl.java:51)
	at java.base/java.lang.Thread.run(Thread.java:1583)
11:01:07.299 [Thread-1] ERROR com.charlessun.javaplcadapter.worker.impl.ConsumerWorkerImpl -- processingStrategy.process(record) 處理失敗: Processing failed
java.lang.RuntimeException: Processing failed
	at com.charlessun.javaplcadapter.worker.impl.ConsumerWorkerImpl.pollLoop(ConsumerWorkerImpl.java:51)
	at java.base/java.lang.Thread.run(Thread.java:1583)
11:01:07.299 [Thread-1] ERROR com.charlessun.javaplcadapter.worker.impl.ConsumerWorkerImpl -- processingStrategy.process(record) 處理失敗: Processing failed
java.lang.RuntimeException: Processing failed
	at com.charlessun.javaplcadapter.worker.impl.ConsumerWorkerImpl.pollLoop(ConsumerWorkerImpl.java:51)
	at java.base/java.lang.Thread.run(Thread.java:1583)
11:01:07.299 [Thread-1] ERROR com.charlessun.javaplcadapter.worker.impl.ConsumerWorkerImpl -- processingStrategy.process(record) 處理失敗: Processing failed
java.lang.RuntimeException: Processing failed
	at com.charlessun.javaplcadapter.worker.impl.ConsumerWorkerImpl.pollLoop(ConsumerWorkerImpl.java:51)
	at java.base/java.lang.Thread.run(Thread.java:1583)
11:01:07.300 [Thread-1] ERROR com.charlessun.javaplcadapter.worker.impl.ConsumerWorkerImpl -- processingStrategy.process(record) 處理失敗: Processing failed
java.lang.RuntimeException: Processing failed
	at com.charlessun.javaplcadapter.worker.impl.ConsumerWorkerImpl.pollLoop(ConsumerWorkerImpl.java:51)
	at java.base/java.lang.Thread.run(Thread.java:1583)
11:01:07.300 [Thread-1] ERROR com.charlessun.javaplcadapter.worker.impl.ConsumerWorkerImpl -- processingStrategy.process(record) 處理失敗: Processing failed
java.lang.RuntimeException: Processing failed
	at com.charlessun.javaplcadapter.worker.impl.ConsumerWorkerImpl.pollLoop(ConsumerWorkerImpl.java:51)
	at java.base/java.lang.Thread.run(Thread.java:1583)
11:01:07.300 [Thread-1] ERROR com.charlessun.javaplcadapter.worker.impl.ConsumerWorkerImpl -- processingStrategy.process(record) 處理失敗: Processing failed
java.lang.RuntimeException: Processing failed
	at com.charlessun.javaplcadapter.worker.impl.ConsumerWorkerImpl.pollLoop(ConsumerWorkerImpl.java:51)
	at java.base/java.lang.Thread.run(Thread.java:1583)
11:01:07.300 [Thread-1] ERROR com.charlessun.javaplcadapter.worker.impl.ConsumerWorkerImpl -- processingStrategy.process(record) 處理失敗: Processing failed
java.lang.RuntimeException: Processing failed
	at com.charlessun.javaplcadapter.worker.impl.ConsumerWorkerImpl.pollLoop(ConsumerWorkerImpl.java:51)
	at java.base/java.lang.Thread.run(Thread.java:1583)
11:01:07.300 [Thread-1] ERROR com.charlessun.javaplcadapter.worker.impl.ConsumerWorkerImpl -- processingStrategy.process(record) 處理失敗: Processing failed
java.lang.RuntimeException: Processing failed
	at com.charlessun.javaplcadapter.worker.impl.ConsumerWorkerImpl.pollLoop(ConsumerWorkerImpl.java:51)
	at java.base/java.lang.Thread.run(Thread.java:1583)
11:01:07.300 [Thread-1] ERROR com.charlessun.javaplcadapter.worker.impl.ConsumerWorkerImpl -- processingStrategy.process(record) 處理失敗: Processing failed
java.lang.RuntimeException: Processing failed
	at com.charlessun.javaplcadapter.worker.impl.ConsumerWorkerImpl.pollLoop(ConsumerWorkerImpl.java:51)
	at java.base/java.lang.Thread.run(Thread.java:1583)
11:01:07.301 [Thread-1] ERROR com.charlessun.javaplcadapter.worker.impl.ConsumerWorkerImpl -- processingStrategy.process(record) 處理失敗: Processing failed
java.lang.RuntimeException: Processing failed
	at com.charlessun.javaplcadapter.worker.impl.ConsumerWorkerImpl.pollLoop(ConsumerWorkerImpl.java:51)
	at java.base/java.lang.Thread.run(Thread.java:1583)
11:01:07.301 [Thread-1] ERROR com.charlessun.javaplcadapter.worker.impl.ConsumerWorkerImpl -- processingStrategy.process(record) 處理失敗: Processing failed
java.lang.RuntimeException: Processing failed
	at com.charlessun.javaplcadapter.worker.impl.ConsumerWorkerImpl.pollLoop(ConsumerWorkerImpl.java:51)
	at java.base/java.lang.Thread.run(Thread.java:1583)
11:01:07.301 [Thread-1] ERROR com.charlessun.javaplcadapter.worker.impl.ConsumerWorkerImpl -- processingStrategy.process(record) 處理失敗: Processing failed
java.lang.RuntimeException: Processing failed
	at com.charlessun.javaplcadapter.worker.impl.ConsumerWorkerImpl.pollLoop(ConsumerWorkerImpl.java:51)
	at java.base/java.lang.Thread.run(Thread.java:1583)
11:01:07.301 [Thread-1] ERROR com.charlessun.javaplcadapter.worker.impl.ConsumerWorkerImpl -- processingStrategy.process(record) 處理失敗: Processing failed
java.lang.RuntimeException: Processing failed
	at com.charlessun.javaplcadapter.worker.impl.ConsumerWorkerImpl.pollLoop(ConsumerWorkerImpl.java:51)
	at java.base/java.lang.Thread.run(Thread.java:1583)
11:01:07.301 [Thread-1] ERROR com.charlessun.javaplcadapter.worker.impl.ConsumerWorkerImpl -- processingStrategy.process(record) 處理失敗: Processing failed
java.lang.RuntimeException: Processing failed
	at com.charlessun.javaplcadapter.worker.impl.ConsumerWorkerImpl.pollLoop(ConsumerWorkerImpl.java:51)
	at java.base/java.lang.Thread.run(Thread.java:1583)
11:01:07.301 [Thread-1] ERROR com.charlessun.javaplcadapter.worker.impl.ConsumerWorkerImpl -- processingStrategy.process(record) 處理失敗: Processing failed
java.lang.RuntimeException: Processing failed
	at com.charlessun.javaplcadapter.worker.impl.ConsumerWorkerImpl.pollLoop(ConsumerWorkerImpl.java:51)
	at java.base/java.lang.Thread.run(Thread.java:1583)
11:01:07.301 [Thread-1] ERROR com.charlessun.javaplcadapter.worker.impl.ConsumerWorkerImpl -- processingStrategy.process(record) 處理失敗: Processing failed
java.lang.RuntimeException: Processing failed
	at com.charlessun.javaplcadapter.worker.impl.ConsumerWorkerImpl.pollLoop(ConsumerWorkerImpl.java:51)
	at java.base/java.lang.Thread.run(Thread.java:1583)
11:01:07.301 [Thread-1] ERROR com.charlessun.javaplcadapter.worker.impl.ConsumerWorkerImpl -- processingStrategy.process(record) 處理失敗: Processing failed
java.lang.RuntimeException: Processing failed
	at com.charlessun.javaplcadapter.worker.impl.ConsumerWorkerImpl.pollLoop(ConsumerWorkerImpl.java:51)
	at java.base/java.lang.Thread.run(Thread.java:1583)
11:01:07.302 [Thread-1] ERROR com.charlessun.javaplcadapter.worker.impl.ConsumerWorkerImpl -- processingStrategy.process(record) 處理失敗: Processing failed
java.lang.RuntimeException: Processing failed
	at com.charlessun.javaplcadapter.worker.impl.ConsumerWorkerImpl.pollLoop(ConsumerWorkerImpl.java:51)
	at java.base/java.lang.Thread.run(Thread.java:1583)
11:01:07.302 [Thread-1] ERROR com.charlessun.javaplcadapter.worker.impl.ConsumerWorkerImpl -- processingStrategy.process(record) 處理失敗: Processing failed
java.lang.RuntimeException: Processing failed
	at com.charlessun.javaplcadapter.worker.impl.ConsumerWorkerImpl.pollLoop(ConsumerWorkerImpl.java:51)
	at java.base/java.lang.Thread.run(Thread.java:1583)
11:01:07.302 [Thread-1] ERROR com.charlessun.javaplcadapter.worker.impl.ConsumerWorkerImpl -- processingStrategy.process(record) 處理失敗: Processing failed
java.lang.RuntimeException: Processing failed
	at com.charlessun.javaplcadapter.worker.impl.ConsumerWorkerImpl.pollLoop(ConsumerWorkerImpl.java:51)
	at java.base/java.lang.Thread.run(Thread.java:1583)
11:01:07.302 [Thread-1] ERROR com.charlessun.javaplcadapter.worker.impl.ConsumerWorkerImpl -- processingStrategy.process(record) 處理失敗: Processing failed
java.lang.RuntimeException: Processing failed
	at com.charlessun.javaplcadapter.worker.impl.ConsumerWorkerImpl.pollLoop(ConsumerWorkerImpl.java:51)
	at java.base/java.lang.Thread.run(Thread.java:1583)
11:01:07.303 [Thread-1] ERROR com.charlessun.javaplcadapter.worker.impl.ConsumerWorkerImpl -- processingStrategy.process(record) 處理失敗: Processing failed
java.lang.RuntimeException: Processing failed
	at com.charlessun.javaplcadapter.worker.impl.ConsumerWorkerImpl.pollLoop(ConsumerWorkerImpl.java:51)
	at java.base/java.lang.Thread.run(Thread.java:1583)
11:01:07.303 [Thread-1] ERROR com.charlessun.javaplcadapter.worker.impl.ConsumerWorkerImpl -- processingStrategy.process(record) 處理失敗: Processing failed
java.lang.RuntimeException: Processing failed
	at com.charlessun.javaplcadapter.worker.impl.ConsumerWorkerImpl.pollLoop(ConsumerWorkerImpl.java:51)
	at java.base/java.lang.Thread.run(Thread.java:1583)
11:01:07.303 [Thread-1] ERROR com.charlessun.javaplcadapter.worker.impl.ConsumerWorkerImpl -- processingStrategy.process(record) 處理失敗: Processing failed
java.lang.RuntimeException: Processing failed
	at com.charlessun.javaplcadapter.worker.impl.ConsumerWorkerImpl.pollLoop(ConsumerWorkerImpl.java:51)
	at java.base/java.lang.Thread.run(Thread.java:1583)
11:01:07.303 [Thread-1] ERROR com.charlessun.javaplcadapter.worker.impl.ConsumerWorkerImpl -- processingStrategy.process(record) 處理失敗: Processing failed
java.lang.RuntimeException: Processing failed
	at com.charlessun.javaplcadapter.worker.impl.ConsumerWorkerImpl.pollLoop(ConsumerWorkerImpl.java:51)
	at java.base/java.lang.Thread.run(Thread.java:1583)
11:01:07.303 [Thread-1] ERROR com.charlessun.javaplcadapter.worker.impl.ConsumerWorkerImpl -- processingStrategy.process(record) 處理失敗: Processing failed
java.lang.RuntimeException: Processing failed
	at com.charlessun.javaplcadapter.worker.impl.ConsumerWorkerImpl.pollLoop(ConsumerWorkerImpl.java:51)
	at java.base/java.lang.Thread.run(Thread.java:1583)
11:01:07.303 [Thread-1] ERROR com.charlessun.javaplcadapter.worker.impl.ConsumerWorkerImpl -- processingStrategy.process(record) 處理失敗: Processing failed
java.lang.RuntimeException: Processing failed
	at com.charlessun.javaplcadapter.worker.impl.ConsumerWorkerImpl.pollLoop(ConsumerWorkerImpl.java:51)
	at java.base/java.lang.Thread.run(Thread.java:1583)
11:01:07.303 [Thread-1] ERROR com.charlessun.javaplcadapter.worker.impl.ConsumerWorkerImpl -- processingStrategy.process(record) 處理失敗: Processing failed
java.lang.RuntimeException: Processing failed
	at com.charlessun.javaplcadapter.worker.impl.ConsumerWorkerImpl.pollLoop(ConsumerWorkerImpl.java:51)
	at java.base/java.lang.Thread.run(Thread.java:1583)
11:01:07.304 [Thread-1] ERROR com.charlessun.javaplcadapter.worker.impl.ConsumerWorkerImpl -- processingStrategy.process(record) 處理失敗: Processing failed
java.lang.RuntimeException: Processing failed
	at com.charlessun.javaplcadapter.worker.impl.ConsumerWorkerImpl.pollLoop(ConsumerWorkerImpl.java:51)
	at java.base/java.lang.Thread.run(Thread.java:1583)
11:01:07.304 [Thread-1] ERROR com.charlessun.javaplcadapter.worker.impl.ConsumerWorkerImpl -- processingStrategy.process(record) 處理失敗: Processing failed
java.lang.RuntimeException: Processing failed
	at com.charlessun.javaplcadapter.worker.impl.ConsumerWorkerImpl.pollLoop(ConsumerWorkerImpl.java:51)
	at java.base/java.lang.Thread.run(Thread.java:1583)
11:01:07.304 [Thread-1] ERROR com.charlessun.javaplcadapter.worker.impl.ConsumerWorkerImpl -- processingStrategy.process(record) 處理失敗: Processing failed
java.lang.RuntimeException: Processing failed
	at com.charlessun.javaplcadapter.worker.impl.ConsumerWorkerImpl.pollLoop(ConsumerWorkerImpl.java:51)
	at java.base/java.lang.Thread.run(Thread.java:1583)
11:01:07.304 [Thread-1] ERROR com.charlessun.javaplcadapter.worker.impl.ConsumerWorkerImpl -- processingStrategy.process(record) 處理失敗: Processing failed
java.lang.RuntimeException: Processing failed
	at com.charlessun.javaplcadapter.worker.impl.ConsumerWorkerImpl.pollLoop(ConsumerWorkerImpl.java:51)
	at java.base/java.lang.Thread.run(Thread.java:1583)
11:01:07.305 [Thread-1] ERROR com.charlessun.javaplcadapter.worker.impl.ConsumerWorkerImpl -- processingStrategy.process(record) 處理失敗: Processing failed
java.lang.RuntimeException: Processing failed
	at com.charlessun.javaplcadapter.worker.impl.ConsumerWorkerImpl.pollLoop(ConsumerWorkerImpl.java:51)
	at java.base/java.lang.Thread.run(Thread.java:1583)
11:01:07.305 [Thread-1] ERROR com.charlessun.javaplcadapter.worker.impl.ConsumerWorkerImpl -- processingStrategy.process(record) 處理失敗: Processing failed
java.lang.RuntimeException: Processing failed
	at com.charlessun.javaplcadapter.worker.impl.ConsumerWorkerImpl.pollLoop(ConsumerWorkerImpl.java:51)
	at java.base/java.lang.Thread.run(Thread.java:1583)
11:01:07.305 [Thread-1] ERROR com.charlessun.javaplcadapter.worker.impl.ConsumerWorkerImpl -- processingStrategy.process(record) 處理失敗: Processing failed
java.lang.RuntimeException: Processing failed
	at com.charlessun.javaplcadapter.worker.impl.ConsumerWorkerImpl.pollLoop(ConsumerWorkerImpl.java:51)
	at java.base/java.lang.Thread.run(Thread.java:1583)
11:01:07.305 [Thread-1] ERROR com.charlessun.javaplcadapter.worker.impl.ConsumerWorkerImpl -- processingStrategy.process(record) 處理失敗: Processing failed
java.lang.RuntimeException: Processing failed
	at com.charlessun.javaplcadapter.worker.impl.ConsumerWorkerImpl.pollLoop(ConsumerWorkerImpl.java:51)
	at java.base/java.lang.Thread.run(Thread.java:1583)
11:01:07.305 [Thread-1] ERROR com.charlessun.javaplcadapter.worker.impl.ConsumerWorkerImpl -- processingStrategy.process(record) 處理失敗: Processing failed
java.lang.RuntimeException: Processing failed
	at com.charlessun.javaplcadapter.worker.impl.ConsumerWorkerImpl.pollLoop(ConsumerWorkerImpl.java:51)
	at java.base/java.lang.Thread.run(Thread.java:1583)
11:01:07.305 [Thread-1] ERROR com.charlessun.javaplcadapter.worker.impl.ConsumerWorkerImpl -- processingStrategy.process(record) 處理失敗: Processing failed
java.lang.RuntimeException: Processing failed
	at com.charlessun.javaplcadapter.worker.impl.ConsumerWorkerImpl.pollLoop(ConsumerWorkerImpl.java:51)
	at java.base/java.lang.Thread.run(Thread.java:1583)
11:01:07.306 [Thread-1] ERROR com.charlessun.javaplcadapter.worker.impl.ConsumerWorkerImpl -- processingStrategy.process(record) 處理失敗: Processing failed
java.lang.RuntimeException: Processing failed
	at com.charlessun.javaplcadapter.worker.impl.ConsumerWorkerImpl.pollLoop(ConsumerWorkerImpl.java:51)
	at java.base/java.lang.Thread.run(Thread.java:1583)
11:01:07.306 [Thread-1] ERROR com.charlessun.javaplcadapter.worker.impl.ConsumerWorkerImpl -- processingStrategy.process(record) 處理失敗: Processing failed
java.lang.RuntimeException: Processing failed
	at com.charlessun.javaplcadapter.worker.impl.ConsumerWorkerImpl.pollLoop(ConsumerWorkerImpl.java:51)
	at java.base/java.lang.Thread.run(Thread.java:1583)
11:01:07.306 [Thread-1] ERROR com.charlessun.javaplcadapter.worker.impl.ConsumerWorkerImpl -- processingStrategy.process(record) 處理失敗: Processing failed
java.lang.RuntimeException: Processing failed
	at com.charlessun.javaplcadapter.worker.impl.ConsumerWorkerImpl.pollLoop(ConsumerWorkerImpl.java:51)
	at java.base/java.lang.Thread.run(Thread.java:1583)
11:01:07.306 [Thread-1] ERROR com.charlessun.javaplcadapter.worker.impl.ConsumerWorkerImpl -- processingStrategy.process(record) 處理失敗: Processing failed
java.lang.RuntimeException: Processing failed
	at com.charlessun.javaplcadapter.worker.impl.ConsumerWorkerImpl.pollLoop(ConsumerWorkerImpl.java:51)
	at java.base/java.lang.Thread.run(Thread.java:1583)
11:01:07.306 [Thread-1] ERROR com.charlessun.javaplcadapter.worker.impl.ConsumerWorkerImpl -- processingStrategy.process(record) 處理失敗: Processing failed
java.lang.RuntimeException: Processing failed
	at com.charlessun.javaplcadapter.worker.impl.ConsumerWorkerImpl.pollLoop(ConsumerWorkerImpl.java:51)
	at java.base/java.lang.Thread.run(Thread.java:1583)
11:01:07.306 [Thread-1] ERROR com.charlessun.javaplcadapter.worker.impl.ConsumerWorkerImpl -- processingStrategy.process(record) 處理失敗: Processing failed
java.lang.RuntimeException: Processing failed
	at com.charlessun.javaplcadapter.worker.impl.ConsumerWorkerImpl.pollLoop(ConsumerWorkerImpl.java:51)
	at java.base/java.lang.Thread.run(Thread.java:1583)
11:01:07.307 [Thread-1] ERROR com.charlessun.javaplcadapter.worker.impl.ConsumerWorkerImpl -- processingStrategy.process(record) 處理失敗: Processing failed
java.lang.RuntimeException: Processing failed
	at com.charlessun.javaplcadapter.worker.impl.ConsumerWorkerImpl.pollLoop(ConsumerWorkerImpl.java:51)
	at java.base/java.lang.Thread.run(Thread.java:1583)
11:01:07.307 [Thread-1] ERROR com.charlessun.javaplcadapter.worker.impl.ConsumerWorkerImpl -- processingStrategy.process(record) 處理失敗: Processing failed
java.lang.RuntimeException: Processing failed
	at com.charlessun.javaplcadapter.worker.impl.ConsumerWorkerImpl.pollLoop(ConsumerWorkerImpl.java:51)
	at java.base/java.lang.Thread.run(Thread.java:1583)
11:01:07.307 [Thread-1] ERROR com.charlessun.javaplcadapter.worker.impl.ConsumerWorkerImpl -- processingStrategy.process(record) 處理失敗: Processing failed
java.lang.RuntimeException: Processing failed
	at com.charlessun.javaplcadapter.worker.impl.ConsumerWorkerImpl.pollLoop(ConsumerWorkerImpl.java:51)
	at java.base/java.lang.Thread.run(Thread.java:1583)
11:01:07.307 [Thread-1] ERROR com.charlessun.javaplcadapter.worker.impl.ConsumerWorkerImpl -- processingStrategy.process(record) 處理失敗: Processing failed
java.lang.RuntimeException: Processing failed
	at com.charlessun.javaplcadapter.worker.impl.ConsumerWorkerImpl.pollLoop(ConsumerWorkerImpl.java:51)
	at java.base/java.lang.Thread.run(Thread.java:1583)
11:01:07.307 [Thread-1] ERROR com.charlessun.javaplcadapter.worker.impl.ConsumerWorkerImpl -- processingStrategy.process(record) 處理失敗: Processing failed
java.lang.RuntimeException: Processing failed
	at com.charlessun.javaplcadapter.worker.impl.ConsumerWorkerImpl.pollLoop(ConsumerWorkerImpl.java:51)
	at java.base/java.lang.Thread.run(Thread.java:1583)
11:01:07.307 [Thread-1] ERROR com.charlessun.javaplcadapter.worker.impl.ConsumerWorkerImpl -- processingStrategy.process(record) 處理失敗: Processing failed
java.lang.RuntimeException: Processing failed
	at com.charlessun.javaplcadapter.worker.impl.ConsumerWorkerImpl.pollLoop(ConsumerWorkerImpl.java:51)
	at java.base/java.lang.Thread.run(Thread.java:1583)
11:01:07.307 [Thread-1] ERROR com.charlessun.javaplcadapter.worker.impl.ConsumerWorkerImpl -- processingStrategy.process(record) 處理失敗: Processing failed
java.lang.RuntimeException: Processing failed
	at com.charlessun.javaplcadapter.worker.impl.ConsumerWorkerImpl.pollLoop(ConsumerWorkerImpl.java:51)
	at java.base/java.lang.Thread.run(Thread.java:1583)
11:01:07.307 [Thread-1] ERROR com.charlessun.javaplcadapter.worker.impl.ConsumerWorkerImpl -- processingStrategy.process(record) 處理失敗: Processing failed
java.lang.RuntimeException: Processing failed
	at com.charlessun.javaplcadapter.worker.impl.ConsumerWorkerImpl.pollLoop(ConsumerWorkerImpl.java:51)
	at java.base/java.lang.Thread.run(Thread.java:1583)
11:01:07.307 [Thread-1] ERROR com.charlessun.javaplcadapter.worker.impl.ConsumerWorkerImpl -- processingStrategy.process(record) 處理失敗: Processing failed
java.lang.RuntimeException: Processing failed
	at com.charlessun.javaplcadapter.worker.impl.ConsumerWorkerImpl.pollLoop(ConsumerWorkerImpl.java:51)
	at java.base/java.lang.Thread.run(Thread.java:1583)
11:01:07.308 [Thread-1] ERROR com.charlessun.javaplcadapter.worker.impl.ConsumerWorkerImpl -- processingStrategy.process(record) 處理失敗: Processing failed
java.lang.RuntimeException: Processing failed
	at com.charlessun.javaplcadapter.worker.impl.ConsumerWorkerImpl.pollLoop(ConsumerWorkerImpl.java:51)
	at java.base/java.lang.Thread.run(Thread.java:1583)
11:01:07.308 [Thread-1] ERROR com.charlessun.javaplcadapter.worker.impl.ConsumerWorkerImpl -- processingStrategy.process(record) 處理失敗: Processing failed
java.lang.RuntimeException: Processing failed
	at com.charlessun.javaplcadapter.worker.impl.ConsumerWorkerImpl.pollLoop(ConsumerWorkerImpl.java:51)
	at java.base/java.lang.Thread.run(Thread.java:1583)
11:01:07.308 [Thread-1] ERROR com.charlessun.javaplcadapter.worker.impl.ConsumerWorkerImpl -- processingStrategy.process(record) 處理失敗: Processing failed
java.lang.RuntimeException: Processing failed
	at com.charlessun.javaplcadapter.worker.impl.ConsumerWorkerImpl.pollLoop(ConsumerWorkerImpl.java:51)
	at java.base/java.lang.Thread.run(Thread.java:1583)
11:01:07.308 [Thread-1] ERROR com.charlessun.javaplcadapter.worker.impl.ConsumerWorkerImpl -- processingStrategy.process(record) 處理失敗: Processing failed
java.lang.RuntimeException: Processing failed
	at com.charlessun.javaplcadapter.worker.impl.ConsumerWorkerImpl.pollLoop(ConsumerWorkerImpl.java:51)
	at java.base/java.lang.Thread.run(Thread.java:1583)
11:01:07.308 [Thread-1] ERROR com.charlessun.javaplcadapter.worker.impl.ConsumerWorkerImpl -- processingStrategy.process(record) 處理失敗: Processing failed
java.lang.RuntimeException: Processing failed
	at com.charlessun.javaplcadapter.worker.impl.ConsumerWorkerImpl.pollLoop(ConsumerWorkerImpl.java:51)
	at java.base/java.lang.Thread.run(Thread.java:1583)
11:01:07.308 [Thread-1] ERROR com.charlessun.javaplcadapter.worker.impl.ConsumerWorkerImpl -- processingStrategy.process(record) 處理失敗: Processing failed
java.lang.RuntimeException: Processing failed
	at com.charlessun.javaplcadapter.worker.impl.ConsumerWorkerImpl.pollLoop(ConsumerWorkerImpl.java:51)
	at java.base/java.lang.Thread.run(Thread.java:1583)
11:01:07.308 [Thread-1] ERROR com.charlessun.javaplcadapter.worker.impl.ConsumerWorkerImpl -- processingStrategy.process(record) 處理失敗: Processing failed
java.lang.RuntimeException: Processing failed
	at com.charlessun.javaplcadapter.worker.impl.ConsumerWorkerImpl.pollLoop(ConsumerWorkerImpl.java:51)
	at java.base/java.lang.Thread.run(Thread.java:1583)
11:01:07.308 [Thread-1] ERROR com.charlessun.javaplcadapter.worker.impl.ConsumerWorkerImpl -- processingStrategy.process(record) 處理失敗: Processing failed
java.lang.RuntimeException: Processing failed
	at com.charlessun.javaplcadapter.worker.impl.ConsumerWorkerImpl.pollLoop(ConsumerWorkerImpl.java:51)
	at java.base/java.lang.Thread.run(Thread.java:1583)
11:01:07.308 [Thread-1] ERROR com.charlessun.javaplcadapter.worker.impl.ConsumerWorkerImpl -- processingStrategy.process(record) 處理失敗: Processing failed
java.lang.RuntimeException: Processing failed
	at com.charlessun.javaplcadapter.worker.impl.ConsumerWorkerImpl.pollLoop(ConsumerWorkerImpl.java:51)
	at java.base/java.lang.Thread.run(Thread.java:1583)
11:01:07.309 [Thread-1] ERROR com.charlessun.javaplcadapter.worker.impl.ConsumerWorkerImpl -- processingStrategy.process(record) 處理失敗: Processing failed
java.lang.RuntimeException: Processing failed
	at com.charlessun.javaplcadapter.worker.impl.ConsumerWorkerImpl.pollLoop(ConsumerWorkerImpl.java:51)
	at java.base/java.lang.Thread.run(Thread.java:1583)
11:01:07.309 [Thread-1] ERROR com.charlessun.javaplcadapter.worker.impl.ConsumerWorkerImpl -- processingStrategy.process(record) 處理失敗: Processing failed
java.lang.RuntimeException: Processing failed
	at com.charlessun.javaplcadapter.worker.impl.ConsumerWorkerImpl.pollLoop(ConsumerWorkerImpl.java:51)
	at java.base/java.lang.Thread.run(Thread.java:1583)
11:01:07.309 [Thread-1] ERROR com.charlessun.javaplcadapter.worker.impl.ConsumerWorkerImpl -- processingStrategy.process(record) 處理失敗: Processing failed
java.lang.RuntimeException: Processing failed
	at com.charlessun.javaplcadapter.worker.impl.ConsumerWorkerImpl.pollLoop(ConsumerWorkerImpl.java:51)
	at java.base/java.lang.Thread.run(Thread.java:1583)
11:01:07.309 [Thread-1] ERROR com.charlessun.javaplcadapter.worker.impl.ConsumerWorkerImpl -- processingStrategy.process(record) 處理失敗: Processing failed
java.lang.RuntimeException: Processing failed
	at com.charlessun.javaplcadapter.worker.impl.ConsumerWorkerImpl.pollLoop(ConsumerWorkerImpl.java:51)
	at java.base/java.lang.Thread.run(Thread.java:1583)
11:01:07.309 [Thread-1] ERROR com.charlessun.javaplcadapter.worker.impl.ConsumerWorkerImpl -- processingStrategy.process(record) 處理失敗: Processing failed
java.lang.RuntimeException: Processing failed
	at com.charlessun.javaplcadapter.worker.impl.ConsumerWorkerImpl.pollLoop(ConsumerWorkerImpl.java:51)
	at java.base/java.lang.Thread.run(Thread.java:1583)
11:01:07.309 [Thread-1] ERROR com.charlessun.javaplcadapter.worker.impl.ConsumerWorkerImpl -- processingStrategy.process(record) 處理失敗: Processing failed
java.lang.RuntimeException: Processing failed
	at com.charlessun.javaplcadapter.worker.impl.ConsumerWorkerImpl.pollLoop(ConsumerWorkerImpl.java:51)
	at java.base/java.lang.Thread.run(Thread.java:1583)
11:01:07.309 [Thread-1] ERROR com.charlessun.javaplcadapter.worker.impl.ConsumerWorkerImpl -- processingStrategy.process(record) 處理失敗: Processing failed
java.lang.RuntimeException: Processing failed
	at com.charlessun.javaplcadapter.worker.impl.ConsumerWorkerImpl.pollLoop(ConsumerWorkerImpl.java:51)
	at java.base/java.lang.Thread.run(Thread.java:1583)
11:01:07.309 [Thread-1] ERROR com.charlessun.javaplcadapter.worker.impl.ConsumerWorkerImpl -- processingStrategy.process(record) 處理失敗: Processing failed
java.lang.RuntimeException: Processing failed
	at com.charlessun.javaplcadapter.worker.impl.ConsumerWorkerImpl.pollLoop(ConsumerWorkerImpl.java:51)
	at java.base/java.lang.Thread.run(Thread.java:1583)
11:01:07.309 [Thread-1] ERROR com.charlessun.javaplcadapter.worker.impl.ConsumerWorkerImpl -- processingStrategy.process(record) 處理失敗: Processing failed
java.lang.RuntimeException: Processing failed
	at com.charlessun.javaplcadapter.worker.impl.ConsumerWorkerImpl.pollLoop(ConsumerWorkerImpl.java:51)
	at java.base/java.lang.Thread.run(Thread.java:1583)
11:01:07.310 [Thread-1] ERROR com.charlessun.javaplcadapter.worker.impl.ConsumerWorkerImpl -- processingStrategy.process(record) 處理失敗: Processing failed
java.lang.RuntimeException: Processing failed
	at com.charlessun.javaplcadapter.worker.impl.ConsumerWorkerImpl.pollLoop(ConsumerWorkerImpl.java:51)
	at java.base/java.lang.Thread.run(Thread.java:1583)
11:01:07.310 [Thread-1] ERROR com.charlessun.javaplcadapter.worker.impl.ConsumerWorkerImpl -- processingStrategy.process(record) 處理失敗: Processing failed
java.lang.RuntimeException: Processing failed
	at com.charlessun.javaplcadapter.worker.impl.ConsumerWorkerImpl.pollLoop(ConsumerWorkerImpl.java:51)
	at java.base/java.lang.Thread.run(Thread.java:1583)
11:01:07.310 [Thread-1] ERROR com.charlessun.javaplcadapter.worker.impl.ConsumerWorkerImpl -- processingStrategy.process(record) 處理失敗: Processing failed
java.lang.RuntimeException: Processing failed
	at com.charlessun.javaplcadapter.worker.impl.ConsumerWorkerImpl.pollLoop(ConsumerWorkerImpl.java:51)
	at java.base/java.lang.Thread.run(Thread.java:1583)
11:01:07.310 [Thread-1] ERROR com.charlessun.javaplcadapter.worker.impl.ConsumerWorkerImpl -- processingStrategy.process(record) 處理失敗: Processing failed
java.lang.RuntimeException: Processing failed
	at com.charlessun.javaplcadapter.worker.impl.ConsumerWorkerImpl.pollLoop(ConsumerWorkerImpl.java:51)
	at java.base/java.lang.Thread.run(Thread.java:1583)
11:01:07.310 [Thread-1] ERROR com.charlessun.javaplcadapter.worker.impl.ConsumerWorkerImpl -- processingStrategy.process(record) 處理失敗: Processing failed
java.lang.RuntimeException: Processing failed
	at com.charlessun.javaplcadapter.worker.impl.ConsumerWorkerImpl.pollLoop(ConsumerWorkerImpl.java:51)
	at java.base/java.lang.Thread.run(Thread.java:1583)
11:01:07.310 [Thread-1] ERROR com.charlessun.javaplcadapter.worker.impl.ConsumerWorkerImpl -- processingStrategy.process(record) 處理失敗: Processing failed
java.lang.RuntimeException: Processing failed
	at com.charlessun.javaplcadapter.worker.impl.ConsumerWorkerImpl.pollLoop(ConsumerWorkerImpl.java:51)
	at java.base/java.lang.Thread.run(Thread.java:1583)
11:01:07.310 [Thread-1] ERROR com.charlessun.javaplcadapter.worker.impl.ConsumerWorkerImpl -- processingStrategy.process(record) 處理失敗: Processing failed
java.lang.RuntimeException: Processing failed
	at com.charlessun.javaplcadapter.worker.impl.ConsumerWorkerImpl.pollLoop(ConsumerWorkerImpl.java:51)
	at java.base/java.lang.Thread.run(Thread.java:1583)
11:01:07.311 [Thread-1] ERROR com.charlessun.javaplcadapter.worker.impl.ConsumerWorkerImpl -- processingStrategy.process(record) 處理失敗: Processing failed
java.lang.RuntimeException: Processing failed
	at com.charlessun.javaplcadapter.worker.impl.ConsumerWorkerImpl.pollLoop(ConsumerWorkerImpl.java:51)
	at java.base/java.lang.Thread.run(Thread.java:1583)
]]></system-out>
  </testcase>
  <testcase name="testWorkerPollsAndProcessesRecords" classname="com.charlessun.javaplcadapter.worker.ConsumerWorkerTest" time="0.562"/>
</testsuite>